<?xml version="1.0" encoding="utf-8"?>
<TestRun id="bb33934b-c754-42c4-a73b-15475e9e97c2" name="@runnervmf4ws1 2025-09-09 22:27:26" xmlns="http://microsoft.com/schemas/VisualStudio/TeamTest/2010">
  <Times creation="2025-09-09T22:27:26.2910748+00:00" queuing="2025-09-09T22:27:26.2910749+00:00" start="2025-09-09T22:27:23.6614761+00:00" finish="2025-09-09T22:27:27.2919185+00:00" />
  <TestSettings name="default" id="77dfe8d9-caf0-476d-9040-0f05ba3599a8">
    <Deployment runDeploymentRoot="_runnervmf4ws1_2025-09-09_22_27_26" />
  </TestSettings>
  <Results>
    <UnitTestResult executionId="1d6d66a2-2458-4980-bfa2-b550e243864f" testId="75d791fa-8719-80d0-9a8b-76d17eff6ec0" testName="SGuard.DataAnnotations.Tests.Attributes.SGuardCreditCardAttributeTests.ReturnsError_WhenValueContainsLetters" computerName="runnervmf4ws1" duration="00:00:00.0001313" startTime="2025-09-09T22:27:26.5947116+00:00" endTime="2025-09-09T22:27:26.5948401+00:00" testType="13cdc9d9-ddb5-4fa4-a97d-d965ccfc6d4b" outcome="Passed" testListId="8c84fa94-04c1-424b-9868-57a2d4851a1d" relativeResultsDirectory="1d6d66a2-2458-4980-bfa2-b550e243864f" />
    <UnitTestResult executionId="9cf6bba0-f453-475e-8e82-3132410942e8" testId="742ef234-b8c9-6062-4fcb-53fe85c46061" testName="SGuard.DataAnnotations.Tests.Attributes.SGuardCreditCardAttributeTests.ReturnsSuccess_WhenValueIsValidTestCreditCard(cardNumber: &quot;5555555555554444&quot;)" computerName="runnervmf4ws1" duration="00:00:00.0001694" startTime="2025-09-09T22:27:26.4922059+00:00" endTime="2025-09-09T22:27:26.4923385+00:00" testType="13cdc9d9-ddb5-4fa4-a97d-d965ccfc6d4b" outcome="Passed" testListId="8c84fa94-04c1-424b-9868-57a2d4851a1d" relativeResultsDirectory="9cf6bba0-f453-475e-8e82-3132410942e8" />
    <UnitTestResult executionId="49dafe2d-48ef-44e6-ba52-d34bdbcaa08a" testId="fc0a9000-97df-f708-4c59-7870abf02ad0" testName="SGuard.DataAnnotations.Tests.Attributes.SGuardCreditCardAttributeTests.ReturnsSuccess_WhenValueIsValidTestCreditCard(cardNumber: &quot;4000000000000002&quot;)" computerName="runnervmf4ws1" duration="00:00:00.0000053" startTime="2025-09-09T22:27:26.5014580+00:00" endTime="2025-09-09T22:27:26.5015944+00:00" testType="13cdc9d9-ddb5-4fa4-a97d-d965ccfc6d4b" outcome="Passed" testListId="8c84fa94-04c1-424b-9868-57a2d4851a1d" relativeResultsDirectory="49dafe2d-48ef-44e6-ba52-d34bdbcaa08a" />
    <UnitTestResult executionId="00a3b135-67c0-4aec-ad35-7dd726cf9908" testId="1f2dc6ca-9df8-7064-1fb5-32db23338a29" testName="SGuard.DataAnnotations.Tests.Attributes.SGuardBetweenAttributeTests.ReturnsError_WhenValueIsNull" computerName="runnervmf4ws1" duration="00:00:00.0002073" startTime="2025-09-09T22:27:26.6584327+00:00" endTime="2025-09-09T22:27:26.6585872+00:00" testType="13cdc9d9-ddb5-4fa4-a97d-d965ccfc6d4b" outcome="Passed" testListId="8c84fa94-04c1-424b-9868-57a2d4851a1d" relativeResultsDirectory="00a3b135-67c0-4aec-ad35-7dd726cf9908" />
    <UnitTestResult executionId="48f7ddad-75cb-4d22-8037-a453afca6057" testId="772b2092-330c-2343-8fce-944ea8746573" testName="SGuard.DataAnnotations.Tests.Attributes.SGuardEmailAddressAttributeTests.ReturnsError_WhenValueIsInvalidEmailFormat(email: &quot;plainaddress&quot;)" computerName="runnervmf4ws1" duration="00:00:00.0000063" startTime="2025-09-09T22:27:26.3851924+00:00" endTime="2025-09-09T22:27:26.3852451+00:00" testType="13cdc9d9-ddb5-4fa4-a97d-d965ccfc6d4b" outcome="Passed" testListId="8c84fa94-04c1-424b-9868-57a2d4851a1d" relativeResultsDirectory="48f7ddad-75cb-4d22-8037-a453afca6057" />
    <UnitTestResult executionId="89b5a2ea-2ba4-486b-b4f4-3ef4de9e3781" testId="a35af25c-d766-53c1-c164-013f8f5be8cd" testName="SGuard.DataAnnotations.Tests.Attributes.SGuardEmailAddressAttributeTests.ReturnsError_WhenValueIsInvalidEmailFormat(email: &quot;two@@domain.com&quot;)" computerName="runnervmf4ws1" duration="00:00:00.0002693" startTime="2025-09-09T22:27:26.3815262+00:00" endTime="2025-09-09T22:27:26.3816272+00:00" testType="13cdc9d9-ddb5-4fa4-a97d-d965ccfc6d4b" outcome="Passed" testListId="8c84fa94-04c1-424b-9868-57a2d4851a1d" relativeResultsDirectory="89b5a2ea-2ba4-486b-b4f4-3ef4de9e3781" />
    <UnitTestResult executionId="103992d7-f8ea-4dc3-abc6-b129fa11ba14" testId="85624a0f-d223-bb77-7954-ebd125cbf213" testName="SGuard.DataAnnotations.Tests.Attributes.SGuardMinLengthAttributeTests.ThrowsArgumentNullException_WhenResourceTypeIsNull" computerName="runnervmf4ws1" duration="00:00:00.0002637" startTime="2025-09-09T22:27:26.3944572+00:00" endTime="2025-09-09T22:27:26.3945595+00:00" testType="13cdc9d9-ddb5-4fa4-a97d-d965ccfc6d4b" outcome="Passed" testListId="8c84fa94-04c1-424b-9868-57a2d4851a1d" relativeResultsDirectory="103992d7-f8ea-4dc3-abc6-b129fa11ba14" />
    <UnitTestResult executionId="a74b7322-ae5f-4e35-889f-9878fae424b2" testId="a08e760c-58a4-705b-7818-14cc52b1e625" testName="SGuard.DataAnnotations.Tests.Attributes.SGuardUrlAttributeTests.ThrowsArgumentNullException_WhenResourceNameIsNull" computerName="runnervmf4ws1" duration="00:00:00.0001901" startTime="2025-09-09T22:27:26.4474210+00:00" endTime="2025-09-09T22:27:26.4475430+00:00" testType="13cdc9d9-ddb5-4fa4-a97d-d965ccfc6d4b" outcome="Passed" testListId="8c84fa94-04c1-424b-9868-57a2d4851a1d" relativeResultsDirectory="a74b7322-ae5f-4e35-889f-9878fae424b2" />
    <UnitTestResult executionId="2025e54b-87b0-4f16-8fc6-b1880ac0b61a" testId="18611a79-282d-65c0-3de9-f03975e1e6ec" testName="SGuard.DataAnnotations.Tests.Attributes.SGuardCreditCardAttributeTests.ReturnsSuccess_WhenValueIsValidTestCreditCard(cardNumber: &quot;378282246310005&quot;)" computerName="runnervmf4ws1" duration="00:00:00.0000038" startTime="2025-09-09T22:27:26.5061017+00:00" endTime="2025-09-09T22:27:26.5062236+00:00" testType="13cdc9d9-ddb5-4fa4-a97d-d965ccfc6d4b" outcome="Passed" testListId="8c84fa94-04c1-424b-9868-57a2d4851a1d" relativeResultsDirectory="2025e54b-87b0-4f16-8fc6-b1880ac0b61a" />
    <UnitTestResult executionId="a449ec91-dce5-4cca-b652-98beaa49c35c" testId="cdc70ef9-d940-c6b1-6aac-232e4151b4c8" testName="SGuard.DataAnnotations.Tests.DataAnnotation.IsTests.DataAnnotationsValid_CallbackReceivesSuccessOnTrue" computerName="runnervmf4ws1" duration="00:00:00.0003744" startTime="2025-09-09T22:27:26.7539896+00:00" endTime="2025-09-09T22:27:26.7541276+00:00" testType="13cdc9d9-ddb5-4fa4-a97d-d965ccfc6d4b" outcome="Passed" testListId="8c84fa94-04c1-424b-9868-57a2d4851a1d" relativeResultsDirectory="a449ec91-dce5-4cca-b652-98beaa49c35c" />
    <UnitTestResult executionId="42de794b-f772-4dcd-be93-be8bea078a99" testId="2a8fbf31-0ca2-e190-916c-cbcadfb34c4d" testName="SGuard.DataAnnotations.Tests.Attributes.SGuardEmailAddressAttributeTests.ReturnsSuccess_WhenValueIsCommonEmailProvider(email: &quot;user@yandex.com&quot;)" computerName="runnervmf4ws1" duration="00:00:00.0000041" startTime="2025-09-09T22:27:26.3198502+00:00" endTime="2025-09-09T22:27:26.3199976+00:00" testType="13cdc9d9-ddb5-4fa4-a97d-d965ccfc6d4b" outcome="Passed" testListId="8c84fa94-04c1-424b-9868-57a2d4851a1d" relativeResultsDirectory="42de794b-f772-4dcd-be93-be8bea078a99" />
    <UnitTestResult executionId="37809c14-c7cd-4767-b545-29a41b82a418" testId="7d8a176a-fa54-8051-a7f3-f108d795f3f4" testName="SGuard.DataAnnotations.Tests.Attributes.SGuardCreditCardAttributeTests.HandlesUnicodeDigits" computerName="runnervmf4ws1" duration="00:00:00.0001341" startTime="2025-09-09T22:27:26.5889119+00:00" endTime="2025-09-09T22:27:26.5890443+00:00" testType="13cdc9d9-ddb5-4fa4-a97d-d965ccfc6d4b" outcome="Passed" testListId="8c84fa94-04c1-424b-9868-57a2d4851a1d" relativeResultsDirectory="37809c14-c7cd-4767-b545-29a41b82a418" />
    <UnitTestResult executionId="76e8c4d5-ed34-4eba-81b7-4e1033c7738b" testId="1a721b5c-3d09-5ac7-2dc9-85146d3f176d" testName="SGuard.DataAnnotations.Tests.Attributes.SGuardUrlAttributeTests.ReturnsError_WhenValueIsWhitespaceString" computerName="runnervmf4ws1" duration="00:00:00.0004020" startTime="2025-09-09T22:27:26.4359570+00:00" endTime="2025-09-09T22:27:26.4360991+00:00" testType="13cdc9d9-ddb5-4fa4-a97d-d965ccfc6d4b" outcome="Passed" testListId="8c84fa94-04c1-424b-9868-57a2d4851a1d" relativeResultsDirectory="76e8c4d5-ed34-4eba-81b7-4e1033c7738b" />
    <UnitTestResult executionId="603a364a-1b04-486c-9c3e-2609dde824e3" testId="ff516869-b695-969e-43b6-a1a4d0514602" testName="SGuard.DataAnnotations.Tests.Attributes.SGuardRangeAttributeTests.ReturnsError_WhenIntValueIsBelowRange" computerName="runnervmf4ws1" duration="00:00:00.0007542" startTime="2025-09-09T22:27:26.7212170+00:00" endTime="2025-09-09T22:27:26.7213416+00:00" testType="13cdc9d9-ddb5-4fa4-a97d-d965ccfc6d4b" outcome="Passed" testListId="8c84fa94-04c1-424b-9868-57a2d4851a1d" relativeResultsDirectory="603a364a-1b04-486c-9c3e-2609dde824e3" />
    <UnitTestResult executionId="f7aa57ba-ad11-4042-80ec-f2b54fd3e6dd" testId="d5e44dbb-4518-24d0-e50b-48d357d042f7" testName="SGuard.DataAnnotations.Tests.Attributes.SGuardBetweenAttributeTests.HandlesEqualMinMaxValues_Exclusive" computerName="runnervmf4ws1" duration="00:00:00.0140987" startTime="2025-09-09T22:27:26.5554342+00:00" endTime="2025-09-09T22:27:26.6427387+00:00" testType="13cdc9d9-ddb5-4fa4-a97d-d965ccfc6d4b" outcome="Passed" testListId="8c84fa94-04c1-424b-9868-57a2d4851a1d" relativeResultsDirectory="f7aa57ba-ad11-4042-80ec-f2b54fd3e6dd" />
    <UnitTestResult executionId="7d25a812-09b0-453a-a069-4efafbc2ebc0" testId="41d1dc10-037d-3140-006f-371abcd3b22f" testName="SGuard.DataAnnotations.Tests.Attributes.SGuardEmailAddressAttributeTests.Constructor_ThrowsArgumentNullException_WhenResourceTypeIsNull" computerName="runnervmf4ws1" duration="00:00:00.0004013" startTime="2025-09-09T22:27:26.4018416+00:00" endTime="2025-09-09T22:27:26.4019549+00:00" testType="13cdc9d9-ddb5-4fa4-a97d-d965ccfc6d4b" outcome="Passed" testListId="8c84fa94-04c1-424b-9868-57a2d4851a1d" relativeResultsDirectory="7d25a812-09b0-453a-a069-4efafbc2ebc0" />
    <UnitTestResult executionId="bdf6a011-bf66-465f-833f-2b6de6fc87a0" testId="39e550b5-d651-1e73-281d-7944e70634fb" testName="SGuard.DataAnnotations.Tests.Attributes.SGuardCompareAttributeTests.ReturnsLocalizedErrorMessage_WhenCultureIsSet(culture: &quot;fr&quot;)" computerName="runnervmf4ws1" duration="00:00:00.0003414" startTime="2025-09-09T22:27:26.3001865+00:00" endTime="2025-09-09T22:27:26.3002979+00:00" testType="13cdc9d9-ddb5-4fa4-a97d-d965ccfc6d4b" outcome="Passed" testListId="8c84fa94-04c1-424b-9868-57a2d4851a1d" relativeResultsDirectory="bdf6a011-bf66-465f-833f-2b6de6fc87a0" />
    <UnitTestResult executionId="33c094fc-74b0-47ad-a848-e8ee320655a8" testId="df6321b2-10b9-6d13-6238-d319917341ab" testName="SGuard.DataAnnotations.Tests.Attributes.SGuardCompareAttributeTests.WorksWithNullableValues_BothAreNull" computerName="runnervmf4ws1" duration="00:00:00.0002557" startTime="2025-09-09T22:27:26.3094848+00:00" endTime="2025-09-09T22:27:26.3115425+00:00" testType="13cdc9d9-ddb5-4fa4-a97d-d965ccfc6d4b" outcome="Passed" testListId="8c84fa94-04c1-424b-9868-57a2d4851a1d" relativeResultsDirectory="33c094fc-74b0-47ad-a848-e8ee320655a8" />
    <UnitTestResult executionId="f03a55d3-e5ed-48d4-b2c9-59a8a4ac17d5" testId="d19b4370-dfc6-ad20-cdc0-734574e441c8" testName="SGuard.DataAnnotations.Tests.Attributes.SGuardCompareAttributeTests.ReturnsLocalizedErrorMessage_WhenCultureIsSet(culture: &quot;ja&quot;)" computerName="runnervmf4ws1" duration="00:00:00.0003312" startTime="2025-09-09T22:27:26.3041319+00:00" endTime="2025-09-09T22:27:26.3042303+00:00" testType="13cdc9d9-ddb5-4fa4-a97d-d965ccfc6d4b" outcome="Passed" testListId="8c84fa94-04c1-424b-9868-57a2d4851a1d" relativeResultsDirectory="f03a55d3-e5ed-48d4-b2c9-59a8a4ac17d5" />
    <UnitTestResult executionId="46223e09-6e48-4e8f-aa8b-487b433f856c" testId="f37e4da3-55e9-bcbc-5daa-20e2f9ea9c73" testName="SGuard.DataAnnotations.Tests.Attributes.SGuardCompareAttributeTests.WorksWithDecimalValues" computerName="runnervmf4ws1" duration="00:00:00.0003869" startTime="2025-09-09T22:27:26.3621606+00:00" endTime="2025-09-09T22:27:26.3622126+00:00" testType="13cdc9d9-ddb5-4fa4-a97d-d965ccfc6d4b" outcome="Passed" testListId="8c84fa94-04c1-424b-9868-57a2d4851a1d" relativeResultsDirectory="46223e09-6e48-4e8f-aa8b-487b433f856c" />
    <UnitTestResult executionId="218b21d6-b5c9-42eb-a8c6-c43a47b8b982" testId="080775d4-6b69-5bc3-992d-f0e3c7374a4e" testName="SGuard.DataAnnotations.Tests.Attributes.SGuardMaxLengthAttributeTests.ReturnsSuccess_WhenStringIsShorterThanMaxLength" computerName="runnervmf4ws1" duration="00:00:00.0001248" startTime="2025-09-09T22:27:26.4702381+00:00" endTime="2025-09-09T22:27:26.4703026+00:00" testType="13cdc9d9-ddb5-4fa4-a97d-d965ccfc6d4b" outcome="Passed" testListId="8c84fa94-04c1-424b-9868-57a2d4851a1d" relativeResultsDirectory="218b21d6-b5c9-42eb-a8c6-c43a47b8b982" />
    <UnitTestResult executionId="31b69068-c6bc-48aa-8f77-727b64216f8e" testId="62c9ec44-80ed-02a9-9ec1-e3f94f21f664" testName="SGuard.DataAnnotations.Tests.Attributes.SGuardRangeAttributeTests.ReturnsSuccess_WhenValueIsNull" computerName="runnervmf4ws1" duration="00:00:00.0001231" startTime="2025-09-09T22:27:26.7343317+00:00" endTime="2025-09-09T22:27:26.7344624+00:00" testType="13cdc9d9-ddb5-4fa4-a97d-d965ccfc6d4b" outcome="Passed" testListId="8c84fa94-04c1-424b-9868-57a2d4851a1d" relativeResultsDirectory="31b69068-c6bc-48aa-8f77-727b64216f8e" />
    <UnitTestResult executionId="32752e7e-2afb-4e1a-85f2-6109d3614632" testId="f3b4a254-455d-3192-9248-5344bd916d75" testName="SGuard.DataAnnotations.Tests.Attributes.SGuardEmailAddressAttributeTests.ReturnsSuccess_WhenEmailHasLeadingSpaces" computerName="runnervmf4ws1" duration="00:00:00.0001256" startTime="2025-09-09T22:27:26.4035759+00:00" endTime="2025-09-09T22:27:26.4036569+00:00" testType="13cdc9d9-ddb5-4fa4-a97d-d965ccfc6d4b" outcome="Passed" testListId="8c84fa94-04c1-424b-9868-57a2d4851a1d" relativeResultsDirectory="32752e7e-2afb-4e1a-85f2-6109d3614632" />
    <UnitTestResult executionId="45f1ea23-e954-401c-a804-69983bd0defe" testId="35e180e0-97c7-14cc-9717-39e2851aa539" testName="SGuard.DataAnnotations.Tests.Attributes.SGuardBetweenAttributeTests.HandlesEqualMinMaxValues_Inclusive" computerName="runnervmf4ws1" duration="00:00:00.0001487" startTime="2025-09-09T22:27:26.8309194+00:00" endTime="2025-09-09T22:27:26.8312038+00:00" testType="13cdc9d9-ddb5-4fa4-a97d-d965ccfc6d4b" outcome="Passed" testListId="8c84fa94-04c1-424b-9868-57a2d4851a1d" relativeResultsDirectory="45f1ea23-e954-401c-a804-69983bd0defe" />
    <UnitTestResult executionId="c327d562-8d32-4f39-abda-ceb08a576d12" testId="61359edb-5c48-88c2-762f-54ff8f83ac8f" testName="SGuard.DataAnnotations.Tests.Attributes.SGuardCreditCardAttributeTests.ReturnsError_WhenValueIsInvalidTestCreditCard(cardNumber: &quot;4000000000000001&quot;)" computerName="runnervmf4ws1" duration="00:00:00.0000106" startTime="2025-09-09T22:27:26.5246661+00:00" endTime="2025-09-09T22:27:26.5247777+00:00" testType="13cdc9d9-ddb5-4fa4-a97d-d965ccfc6d4b" outcome="Passed" testListId="8c84fa94-04c1-424b-9868-57a2d4851a1d" relativeResultsDirectory="c327d562-8d32-4f39-abda-ceb08a576d12" />
    <UnitTestResult executionId="4f751148-09ac-4aec-a58b-0c05792743f8" testId="5a51352c-3de9-808e-63ee-89577a10f209" testName="SGuard.DataAnnotations.Tests.Attributes.SGuardRangeAttributeTests.ReturnsError_WhenIntValueIsAboveRange" computerName="runnervmf4ws1" duration="00:00:00.0001404" startTime="2025-09-09T22:27:26.7490268+00:00" endTime="2025-09-09T22:27:26.7491660+00:00" testType="13cdc9d9-ddb5-4fa4-a97d-d965ccfc6d4b" outcome="Passed" testListId="8c84fa94-04c1-424b-9868-57a2d4851a1d" relativeResultsDirectory="4f751148-09ac-4aec-a58b-0c05792743f8" />
    <UnitTestResult executionId="2dba1e43-3e1d-41a1-9549-b42464b2a576" testId="a4f33591-7a3c-578a-9bbc-4bab9c2eb6fa" testName="SGuard.DataAnnotations.Tests.Attributes.SGuardCompareAttributeTests.PasswordConfirmation_Success" computerName="runnervmf4ws1" duration="00:00:00.0001622" startTime="2025-09-09T22:27:26.3404754+00:00" endTime="2025-09-09T22:27:26.3408497+00:00" testType="13cdc9d9-ddb5-4fa4-a97d-d965ccfc6d4b" outcome="Passed" testListId="8c84fa94-04c1-424b-9868-57a2d4851a1d" relativeResultsDirectory="2dba1e43-3e1d-41a1-9549-b42464b2a576" />
    <UnitTestResult executionId="678cafed-ab99-4db6-9b26-7fb2bb0b0496" testId="51c51bea-f89b-c996-c1ac-8ab3ff59328a" testName="SGuard.DataAnnotations.Tests.Attributes.SGuardMaxCountAttributeTests.ReturnsError_WhenDictionaryCountExceedsMax" computerName="runnervmf4ws1" duration="00:00:00.0001745" startTime="2025-09-09T22:27:26.4654573+00:00" endTime="2025-09-09T22:27:26.4655906+00:00" testType="13cdc9d9-ddb5-4fa4-a97d-d965ccfc6d4b" outcome="Passed" testListId="8c84fa94-04c1-424b-9868-57a2d4851a1d" relativeResultsDirectory="678cafed-ab99-4db6-9b26-7fb2bb0b0496" />
    <UnitTestResult executionId="8b77fe98-4c6a-4345-ad3a-b58c6af63669" testId="120bac6d-5e17-34c3-3c30-c83be9c5ac60" testName="SGuard.DataAnnotations.Tests.Attributes.SGuardEmailAddressAttributeTests.ReturnsSuccess_WhenValueIsBusinessEmailFormat(email: &quot;support@service.net&quot;)" computerName="runnervmf4ws1" duration="00:00:00.0000037" startTime="2025-09-09T22:27:26.3377445+00:00" endTime="2025-09-09T22:27:26.3377946+00:00" testType="13cdc9d9-ddb5-4fa4-a97d-d965ccfc6d4b" outcome="Passed" testListId="8c84fa94-04c1-424b-9868-57a2d4851a1d" relativeResultsDirectory="8b77fe98-4c6a-4345-ad3a-b58c6af63669" />
    <UnitTestResult executionId="4b18466d-54c1-485e-982f-93797ada10c7" testId="d1018631-d89f-4c5e-539a-e617e86cc282" testName="SGuard.DataAnnotations.Tests.Attributes.SGuardRangeAttributeTests.ReturnsSuccess_WhenDoubleValueIsWithinRange" computerName="runnervmf4ws1" duration="00:00:00.0001892" startTime="2025-09-09T22:27:26.7244258+00:00" endTime="2025-09-09T22:27:26.7245717+00:00" testType="13cdc9d9-ddb5-4fa4-a97d-d965ccfc6d4b" outcome="Passed" testListId="8c84fa94-04c1-424b-9868-57a2d4851a1d" relativeResultsDirectory="4b18466d-54c1-485e-982f-93797ada10c7" />
    <UnitTestResult executionId="87c7fc10-0bbd-4465-8b4d-afd36a7d44c7" testId="6b29304a-704e-4700-c826-15ad3f573c5c" testName="SGuard.DataAnnotations.Tests.Attributes.SGuardCreditCardAttributeTests.ReturnsError_WhenOnlyWhitespace" computerName="runnervmf4ws1" duration="00:00:00.0001396" startTime="2025-09-09T22:27:26.5777232+00:00" endTime="2025-09-09T22:27:26.5778579+00:00" testType="13cdc9d9-ddb5-4fa4-a97d-d965ccfc6d4b" outcome="Passed" testListId="8c84fa94-04c1-424b-9868-57a2d4851a1d" relativeResultsDirectory="87c7fc10-0bbd-4465-8b4d-afd36a7d44c7" />
    <UnitTestResult executionId="5fb4dff6-1e37-4f28-8ba9-a61027577930" testId="653de172-362a-be3a-768f-6a69e8db83d2" testName="SGuard.DataAnnotations.Tests.Attributes.SGuardRequiredIfAttributeTests.ReturnsError_WhenInvertIsTrue_AndConditionIsNotMet_AndValueIsNull" computerName="runnervmf4ws1" duration="00:00:00.0003669" startTime="2025-09-09T22:27:26.4720421+00:00" endTime="2025-09-09T22:27:26.4721064+00:00" testType="13cdc9d9-ddb5-4fa4-a97d-d965ccfc6d4b" outcome="Passed" testListId="8c84fa94-04c1-424b-9868-57a2d4851a1d" relativeResultsDirectory="5fb4dff6-1e37-4f28-8ba9-a61027577930" />
    <UnitTestResult executionId="88f815b7-2937-47ea-ae0a-0bf31f549604" testId="6445b153-8bd3-09d0-a13f-62fd6c102d0c" testName="SGuard.DataAnnotations.Tests.Attributes.SGuardLessThanAttributeTests.ReturnsSuccess_WhenDateValueIsLessThanOther" computerName="runnervmf4ws1" duration="00:00:00.0002663" startTime="2025-09-09T22:27:26.7864683+00:00" endTime="2025-09-09T22:27:26.8321148+00:00" testType="13cdc9d9-ddb5-4fa4-a97d-d965ccfc6d4b" outcome="Passed" testListId="8c84fa94-04c1-424b-9868-57a2d4851a1d" relativeResultsDirectory="88f815b7-2937-47ea-ae0a-0bf31f549604" />
    <UnitTestResult executionId="6652b708-08f5-4aa6-b858-93055e0efa1e" testId="d156e5b9-654d-a683-4a2d-9157a01701ce" testName="SGuard.DataAnnotations.Tests.Attributes.SGuardLessThanAttributeTests.ReturnsError_WhenDateValueIsNotLessThanOther" computerName="runnervmf4ws1" duration="00:00:00.0031423" startTime="2025-09-09T22:27:26.8347242+00:00" endTime="2025-09-09T22:27:26.8349295+00:00" testType="13cdc9d9-ddb5-4fa4-a97d-d965ccfc6d4b" outcome="Passed" testListId="8c84fa94-04c1-424b-9868-57a2d4851a1d" relativeResultsDirectory="6652b708-08f5-4aa6-b858-93055e0efa1e" />
    <UnitTestResult executionId="bfa7ea1c-d645-471f-86ac-bf9e3d32a6d1" testId="dd6b6eea-ecef-43a0-48ab-e039b579c244" testName="SGuard.DataAnnotations.Tests.Attributes.SGuardBetweenAttributeTests.WorksWithDoubleValues_Exclusive" computerName="runnervmf4ws1" duration="00:00:00.0004621" startTime="2025-09-09T22:27:26.8201348+00:00" endTime="2025-09-09T22:27:26.8202765+00:00" testType="13cdc9d9-ddb5-4fa4-a97d-d965ccfc6d4b" outcome="Passed" testListId="8c84fa94-04c1-424b-9868-57a2d4851a1d" relativeResultsDirectory="bfa7ea1c-d645-471f-86ac-bf9e3d32a6d1" />
    <UnitTestResult executionId="dc30f661-5181-4067-a1a9-d643172a7314" testId="66a7b72e-e613-1578-a384-99df38db76ce" testName="SGuard.DataAnnotations.Tests.Attributes.SGuardBetweenAttributeTests.Constructor_ThrowsArgumentNullException_WhenMinPropertyIsNull" computerName="runnervmf4ws1" duration="00:00:00.0003134" startTime="2025-09-09T22:27:26.8168303+00:00" endTime="2025-09-09T22:27:26.8170350+00:00" testType="13cdc9d9-ddb5-4fa4-a97d-d965ccfc6d4b" outcome="Passed" testListId="8c84fa94-04c1-424b-9868-57a2d4851a1d" relativeResultsDirectory="dc30f661-5181-4067-a1a9-d643172a7314" />
    <UnitTestResult executionId="575b304c-9364-4a03-aa99-098403cc02cf" testId="8d452b53-bcbd-4ef9-87eb-bb2d9bd289be" testName="SGuard.DataAnnotations.Tests.Attributes.SGuardEmailAddressAttributeTests.ReturnsError_WhenValueIsObject" computerName="runnervmf4ws1" duration="00:00:00.0001775" startTime="2025-09-09T22:27:26.3864000+00:00" endTime="2025-09-09T22:27:26.3867383+00:00" testType="13cdc9d9-ddb5-4fa4-a97d-d965ccfc6d4b" outcome="Passed" testListId="8c84fa94-04c1-424b-9868-57a2d4851a1d" relativeResultsDirectory="575b304c-9364-4a03-aa99-098403cc02cf" />
    <UnitTestResult executionId="26e1613d-f725-4262-9a94-108f294090f0" testId="fa752d66-28d7-68b0-4a54-7085fb7dac2f" testName="SGuard.DataAnnotations.Tests.Attributes.SGuardUrlAttributeTests.ReturnsSuccess_WhenValueIsValidUrl" computerName="runnervmf4ws1" duration="00:00:00.0001175" startTime="2025-09-09T22:27:26.4439254+00:00" endTime="2025-09-09T22:27:26.4440130+00:00" testType="13cdc9d9-ddb5-4fa4-a97d-d965ccfc6d4b" outcome="Passed" testListId="8c84fa94-04c1-424b-9868-57a2d4851a1d" relativeResultsDirectory="26e1613d-f725-4262-9a94-108f294090f0" />
    <UnitTestResult executionId="251fe46e-f6c3-48a6-aec3-e7f4545ae9d3" testId="79fd0968-acd4-fda0-1a03-2af9466b13a4" testName="SGuard.DataAnnotations.Tests.Attributes.SGuardEmailAddressAttributeTests.ReturnsSuccess_WhenValueIsCommonEmailProvider(email: &quot;user@yahoo.com&quot;)" computerName="runnervmf4ws1" duration="00:00:00.0001561" startTime="2025-09-09T22:27:26.3175959+00:00" endTime="2025-09-09T22:27:26.3176482+00:00" testType="13cdc9d9-ddb5-4fa4-a97d-d965ccfc6d4b" outcome="Passed" testListId="8c84fa94-04c1-424b-9868-57a2d4851a1d" relativeResultsDirectory="251fe46e-f6c3-48a6-aec3-e7f4545ae9d3" />
    <UnitTestResult executionId="b5748b31-4884-4f3e-87fc-b5be61063b90" testId="d45fd41a-f325-8d0c-8cb4-5ef3eec767f3" testName="SGuard.DataAnnotations.Tests.Attributes.SGuardCreditCardAttributeTests.UsesInvariantCulture_WhenResourceNotFound" computerName="runnervmf4ws1" duration="00:00:00.0002168" startTime="2025-09-09T22:27:26.5304239+00:00" endTime="2025-09-09T22:27:26.5305424+00:00" testType="13cdc9d9-ddb5-4fa4-a97d-d965ccfc6d4b" outcome="Passed" testListId="8c84fa94-04c1-424b-9868-57a2d4851a1d" relativeResultsDirectory="b5748b31-4884-4f3e-87fc-b5be61063b90" />
    <UnitTestResult executionId="b406d3ad-f087-47b6-9560-caf0f971f19c" testId="a9e3ef2d-963b-68b9-593a-b3e2a08e6467" testName="SGuard.DataAnnotations.Tests.Attributes.SGuardCompareAttributeTests.HandlesMinMaxIntValues" computerName="runnervmf4ws1" duration="00:00:00.0002848" startTime="2025-09-09T22:27:26.3160849+00:00" endTime="2025-09-09T22:27:26.3164326+00:00" testType="13cdc9d9-ddb5-4fa4-a97d-d965ccfc6d4b" outcome="Passed" testListId="8c84fa94-04c1-424b-9868-57a2d4851a1d" relativeResultsDirectory="b406d3ad-f087-47b6-9560-caf0f971f19c" />
    <UnitTestResult executionId="6d7e2d85-08cf-470b-8086-5b499e278f59" testId="688c869f-43c2-c56d-139b-753ad9c4e2b8" testName="SGuard.DataAnnotations.Tests.Extensions.DataAnnotationsExceptionExtensionsTest.TryGetValidationErrors_ReturnsTrueAndPopulatesErrors_WhenValidationErrorsExist" computerName="runnervmf4ws1" duration="00:00:00.0108746" startTime="2025-09-09T22:27:26.1605774+00:00" endTime="2025-09-09T22:27:26.1698686+00:00" testType="13cdc9d9-ddb5-4fa4-a97d-d965ccfc6d4b" outcome="Passed" testListId="8c84fa94-04c1-424b-9868-57a2d4851a1d" relativeResultsDirectory="6d7e2d85-08cf-470b-8086-5b499e278f59" />
    <UnitTestResult executionId="9ce8ed6a-1b0c-441a-b134-5504d7cafead" testId="3c3bfa14-9fb7-b6cc-5a7a-5faef4a5c2c7" testName="SGuard.DataAnnotations.Tests.Attributes.SGuardMinCountAttributeTests.ReturnsError_WhenArrayCountIsLessThanMin" computerName="runnervmf4ws1" duration="00:00:00.0002117" startTime="2025-09-09T22:27:26.2645988+00:00" endTime="2025-09-09T22:27:26.2647045+00:00" testType="13cdc9d9-ddb5-4fa4-a97d-d965ccfc6d4b" outcome="Passed" testListId="8c84fa94-04c1-424b-9868-57a2d4851a1d" relativeResultsDirectory="9ce8ed6a-1b0c-441a-b134-5504d7cafead" />
    <UnitTestResult executionId="89ec1efb-1142-4dd5-99fa-1382e4bb12d9" testId="052730fe-db9b-61be-f772-e92a351113ec" testName="SGuard.DataAnnotations.Tests.Attributes.SGuardCreditCardAttributeTests.ReturnsError_WhenValueIsObject" computerName="runnervmf4ws1" duration="00:00:00.0001874" startTime="2025-09-09T22:27:26.5932689+00:00" endTime="2025-09-09T22:27:26.5933887+00:00" testType="13cdc9d9-ddb5-4fa4-a97d-d965ccfc6d4b" outcome="Passed" testListId="8c84fa94-04c1-424b-9868-57a2d4851a1d" relativeResultsDirectory="89ec1efb-1142-4dd5-99fa-1382e4bb12d9" />
    <UnitTestResult executionId="ed109ef3-9287-45fc-8e94-bac7d2cb0783" testId="fdc1127e-4505-c69f-14f4-782af60782bd" testName="SGuard.DataAnnotations.Tests.Attributes.SGuardCreditCardAttributeTests.ReturnsSuccess_WhenValueIsValidTestCreditCard(cardNumber: &quot;6011000990139424&quot;)" computerName="runnervmf4ws1" duration="00:00:00.0000049" startTime="2025-09-09T22:27:26.5047334+00:00" endTime="2025-09-09T22:27:26.5048455+00:00" testType="13cdc9d9-ddb5-4fa4-a97d-d965ccfc6d4b" outcome="Passed" testListId="8c84fa94-04c1-424b-9868-57a2d4851a1d" relativeResultsDirectory="ed109ef3-9287-45fc-8e94-bac7d2cb0783" />
    <UnitTestResult executionId="1bfce76d-3720-4e36-8b45-6b3926f7504c" testId="0f69ed9a-e24a-7444-c03b-c26af010edca" testName="SGuard.DataAnnotations.Tests.Attributes.SGuardEmailAddressAttributeTests.ReturnsSuccess_WhenValueIsValidEmailFormat(email: &quot;email@123.123.123.123&quot;)" computerName="runnervmf4ws1" duration="00:00:00.0000055" startTime="2025-09-09T22:27:26.3768675+00:00" endTime="2025-09-09T22:27:26.3769549+00:00" testType="13cdc9d9-ddb5-4fa4-a97d-d965ccfc6d4b" outcome="Passed" testListId="8c84fa94-04c1-424b-9868-57a2d4851a1d" relativeResultsDirectory="1bfce76d-3720-4e36-8b45-6b3926f7504c" />
    <UnitTestResult executionId="e1cdcf52-1a02-4e3c-8e8f-c08395c13b07" testId="8e691b6b-f7e7-4d53-52eb-73fbaa8af003" testName="SGuard.DataAnnotations.Tests.Attributes.SGuardGreaterThanAttributeTests.ReturnsError_WhenValueIsEqualToOther" computerName="runnervmf4ws1" duration="00:00:00.0001470" startTime="2025-09-09T22:27:26.3114451+00:00" endTime="2025-09-09T22:27:26.3125710+00:00" testType="13cdc9d9-ddb5-4fa4-a97d-d965ccfc6d4b" outcome="Passed" testListId="8c84fa94-04c1-424b-9868-57a2d4851a1d" relativeResultsDirectory="e1cdcf52-1a02-4e3c-8e8f-c08395c13b07" />
    <UnitTestResult executionId="db65d72b-4954-43f5-9568-2cd021ea048e" testId="bc581a35-5a81-5892-32b0-58a7491e0aba" testName="SGuard.DataAnnotations.Tests.Attributes.SGuardValidationAttributeBaseFallbackTests.Returns_MainResource_WhenResourceExists" computerName="runnervmf4ws1" duration="00:00:00.0002868" startTime="2025-09-09T22:27:26.7591348+00:00" endTime="2025-09-09T22:27:26.7592822+00:00" testType="13cdc9d9-ddb5-4fa4-a97d-d965ccfc6d4b" outcome="Passed" testListId="8c84fa94-04c1-424b-9868-57a2d4851a1d" relativeResultsDirectory="db65d72b-4954-43f5-9568-2cd021ea048e" />
    <UnitTestResult executionId="f952c796-8fb1-4c4d-bab2-8ad28a5f749c" testId="975bc213-2c75-b935-523b-90e6664204c5" testName="SGuard.DataAnnotations.Tests.Attributes.SGuardEmailAddressAttributeTests.ReturnsSuccess_WhenValueIsCommonEmailProvider(email: &quot;user@outlook.com&quot;)" computerName="runnervmf4ws1" duration="00:00:00.0000046" startTime="2025-09-09T22:27:26.3226177+00:00" endTime="2025-09-09T22:27:26.3227028+00:00" testType="13cdc9d9-ddb5-4fa4-a97d-d965ccfc6d4b" outcome="Passed" testListId="8c84fa94-04c1-424b-9868-57a2d4851a1d" relativeResultsDirectory="f952c796-8fb1-4c4d-bab2-8ad28a5f749c" />
    <UnitTestResult executionId="25b85d85-201f-42a1-bf2a-39b85d3b3c96" testId="c288fc59-5974-71dd-f0f6-35705401b65d" testName="SGuard.DataAnnotations.Tests.Attributes.SGuardRequiredCollectionAttributeTests.ReturnsSuccess_WhenArrayIsNotEmpty" computerName="runnervmf4ws1" duration="00:00:00.0001139" startTime="2025-09-09T22:27:26.2408369+00:00" endTime="2025-09-09T22:27:26.2409657+00:00" testType="13cdc9d9-ddb5-4fa4-a97d-d965ccfc6d4b" outcome="Passed" testListId="8c84fa94-04c1-424b-9868-57a2d4851a1d" relativeResultsDirectory="25b85d85-201f-42a1-bf2a-39b85d3b3c96" />
    <UnitTestResult executionId="3e24abc9-fefd-4ede-a37e-e13afaa3b811" testId="7f6f5e63-b542-6a07-280f-d21a0c6517aa" testName="SGuard.DataAnnotations.Tests.Attributes.SGuardStringLengthAttributeTests.ReturnsSuccess_WhenStringLengthIsWithinMaximum" computerName="runnervmf4ws1" duration="00:00:00.0001243" startTime="2025-09-09T22:27:26.5527388+00:00" endTime="2025-09-09T22:27:26.5528268+00:00" testType="13cdc9d9-ddb5-4fa4-a97d-d965ccfc6d4b" outcome="Passed" testListId="8c84fa94-04c1-424b-9868-57a2d4851a1d" relativeResultsDirectory="3e24abc9-fefd-4ede-a37e-e13afaa3b811" />
    <UnitTestResult executionId="5b734497-92a4-4f86-9160-a85a555535e7" testId="56861c5d-39e6-3ef1-24f6-45f32a97656f" testName="SGuard.DataAnnotations.Tests.Attributes.SGuardCompareAttributeTests.ReturnsLocalizedErrorMessage_WhenCultureIsSet(culture: &quot;de&quot;)" computerName="runnervmf4ws1" duration="00:00:00.0033806" startTime="2025-09-09T22:27:26.3021529+00:00" endTime="2025-09-09T22:27:26.3031573+00:00" testType="13cdc9d9-ddb5-4fa4-a97d-d965ccfc6d4b" outcome="Passed" testListId="8c84fa94-04c1-424b-9868-57a2d4851a1d" relativeResultsDirectory="5b734497-92a4-4f86-9160-a85a555535e7" />
    <UnitTestResult executionId="6e1b1e36-bab0-44bf-a7d8-8b4bc5a8d696" testId="0cba0a5b-0d7e-e849-7306-581f7bb8f2e1" testName="SGuard.DataAnnotations.Tests.Attributes.SGuardMaxCountAttributeTests.ReturnsError_WhenArrayCountExceedsMax" computerName="runnervmf4ws1" duration="00:00:00.0004622" startTime="2025-09-09T22:27:26.4498188+00:00" endTime="2025-09-09T22:27:26.4499934+00:00" testType="13cdc9d9-ddb5-4fa4-a97d-d965ccfc6d4b" outcome="Passed" testListId="8c84fa94-04c1-424b-9868-57a2d4851a1d" relativeResultsDirectory="6e1b1e36-bab0-44bf-a7d8-8b4bc5a8d696" />
    <UnitTestResult executionId="9850d6b7-25b2-4a6b-923d-7a3c88f87f10" testId="529ece68-fcef-1cfb-1ddb-fa943b59f215" testName="SGuard.DataAnnotations.Tests.Attributes.SGuardMaxLengthAttributeTests.ReturnsSuccess_WhenStringIsEqualToMaxLength" computerName="runnervmf4ws1" duration="00:00:00.0005723" startTime="2025-09-09T22:27:26.3648603+00:00" endTime="2025-09-09T22:27:26.3684075+00:00" testType="13cdc9d9-ddb5-4fa4-a97d-d965ccfc6d4b" outcome="Passed" testListId="8c84fa94-04c1-424b-9868-57a2d4851a1d" relativeResultsDirectory="9850d6b7-25b2-4a6b-923d-7a3c88f87f10" />
    <UnitTestResult executionId="ac0d8cc2-8812-4c1c-8874-e681662f144a" testId="053a42fc-4c9c-7fd1-fcb7-f392f88a1bd1" testName="SGuard.DataAnnotations.Tests.Attributes.SGuardRangeAttributeTests.ReturnsSuccess_WhenValueIsEqualToMinimum" computerName="runnervmf4ws1" duration="00:00:00.0001580" startTime="2025-09-09T22:27:26.7311295+00:00" endTime="2025-09-09T22:27:26.7312801+00:00" testType="13cdc9d9-ddb5-4fa4-a97d-d965ccfc6d4b" outcome="Passed" testListId="8c84fa94-04c1-424b-9868-57a2d4851a1d" relativeResultsDirectory="ac0d8cc2-8812-4c1c-8874-e681662f144a" />
    <UnitTestResult executionId="ca54fa70-1753-44a9-88b6-e1bc685c7786" testId="6bd89629-720d-4b18-a416-282071dbac55" testName="SGuard.DataAnnotations.Tests.Attributes.SGuardCompareAttributeTests.IsCaseSensitive_WithStrings" computerName="runnervmf4ws1" duration="00:00:00.0001553" startTime="2025-09-09T22:27:26.3492242+00:00" endTime="2025-09-09T22:27:26.3513055+00:00" testType="13cdc9d9-ddb5-4fa4-a97d-d965ccfc6d4b" outcome="Passed" testListId="8c84fa94-04c1-424b-9868-57a2d4851a1d" relativeResultsDirectory="ca54fa70-1753-44a9-88b6-e1bc685c7786" />
    <UnitTestResult executionId="dac2bbd5-12a8-4742-b178-f02c030d6e51" testId="e7be3592-afc7-ffe3-a95b-c00da1b739a3" testName="SGuard.DataAnnotations.Tests.Attributes.SGuardCreditCardAttributeTests.ReturnsError_WhenValueIsInvalidTestCreditCard(cardNumber: &quot;9999999999999999&quot;)" computerName="runnervmf4ws1" duration="00:00:00.0000145" startTime="2025-09-09T22:27:26.5219471+00:00" endTime="2025-09-09T22:27:26.5220585+00:00" testType="13cdc9d9-ddb5-4fa4-a97d-d965ccfc6d4b" outcome="Passed" testListId="8c84fa94-04c1-424b-9868-57a2d4851a1d" relativeResultsDirectory="dac2bbd5-12a8-4742-b178-f02c030d6e51" />
    <UnitTestResult executionId="725462bb-4406-4e4c-9edb-f14a3b8a635e" testId="b24b8f0e-941c-4a81-71f3-3f4ba79c95eb" testName="SGuard.DataAnnotations.Tests.DataAnnotation.ThrowIfTests.DataAnnotationsInValid_InvalidObject_ThrowsCustomException" computerName="runnervmf4ws1" duration="00:00:00.0182457" startTime="2025-09-09T22:27:26.5368039+00:00" endTime="2025-09-09T22:27:26.6311511+00:00" testType="13cdc9d9-ddb5-4fa4-a97d-d965ccfc6d4b" outcome="Passed" testListId="8c84fa94-04c1-424b-9868-57a2d4851a1d" relativeResultsDirectory="725462bb-4406-4e4c-9edb-f14a3b8a635e" />
    <UnitTestResult executionId="def77474-c556-4c74-b714-420fb6aa7382" testId="8da2c0e9-e99c-45b8-35cd-c98d5c3013f5" testName="SGuard.DataAnnotations.Tests.Attributes.SGuardPhoneAttributeTests.ReturnsLocalizedErrorMessage_WhenCultureIsSetToTurkish" computerName="runnervmf4ws1" duration="00:00:00.0003967" startTime="2025-09-09T22:27:26.4830883+00:00" endTime="2025-09-09T22:27:26.4831531+00:00" testType="13cdc9d9-ddb5-4fa4-a97d-d965ccfc6d4b" outcome="Passed" testListId="8c84fa94-04c1-424b-9868-57a2d4851a1d" relativeResultsDirectory="def77474-c556-4c74-b714-420fb6aa7382" />
    <UnitTestResult executionId="644d7bf5-81ad-4407-a161-654d3f2d62c5" testId="d44438ac-5ac5-1994-012e-9960a5cd4e40" testName="SGuard.DataAnnotations.Tests.Attributes.SGuardEmailAddressAttributeTests.ReturnsSuccess_WhenValueIsValidEmailFormat(email: &quot;user@subdomain.example.com&quot;)" computerName="runnervmf4ws1" duration="00:00:00.0000050" startTime="2025-09-09T22:27:26.3763106+00:00" endTime="2025-09-09T22:27:26.3763659+00:00" testType="13cdc9d9-ddb5-4fa4-a97d-d965ccfc6d4b" outcome="Passed" testListId="8c84fa94-04c1-424b-9868-57a2d4851a1d" relativeResultsDirectory="644d7bf5-81ad-4407-a161-654d3f2d62c5" />
    <UnitTestResult executionId="9065190d-4edc-4bc8-8467-a42b638d1adf" testId="c0a539f8-814b-e830-149d-5e924d770f89" testName="SGuard.DataAnnotations.Tests.Attributes.SGuardEmailAddressAttributeTests.Constructor_SetsPropertiesCorrectly" computerName="runnervmf4ws1" duration="00:00:00.0001169" startTime="2025-09-09T22:27:26.3857629+00:00" endTime="2025-09-09T22:27:26.3858153+00:00" testType="13cdc9d9-ddb5-4fa4-a97d-d965ccfc6d4b" outcome="Passed" testListId="8c84fa94-04c1-424b-9868-57a2d4851a1d" relativeResultsDirectory="9065190d-4edc-4bc8-8467-a42b638d1adf" />
    <UnitTestResult executionId="7125182d-a2e1-4b43-9bb0-99945d8475d2" testId="cf6116bb-a21e-c884-c721-7d25040afbf0" testName="SGuard.DataAnnotations.Tests.Extensions.DataAnnotationsExceptionExtensionsTest.TryGetValidationErrors_ReturnsFalse_WhenNoValidationErrorsExist" computerName="runnervmf4ws1" duration="00:00:00.0124482" startTime="2025-09-09T22:27:26.0879240+00:00" endTime="2025-09-09T22:27:26.0923547+00:00" testType="13cdc9d9-ddb5-4fa4-a97d-d965ccfc6d4b" outcome="Passed" testListId="8c84fa94-04c1-424b-9868-57a2d4851a1d" relativeResultsDirectory="7125182d-a2e1-4b43-9bb0-99945d8475d2" />
    <UnitTestResult executionId="61aa7464-8ae2-4c1d-aed1-e18ae478c3c8" testId="79e8e98c-62af-b136-4f32-eed7ea2d725d" testName="SGuard.DataAnnotations.Tests.DataAnnotation.IsTests.DataAnnotationsValid_NullCallback_DoesNotThrow" computerName="runnervmf4ws1" duration="00:00:00.0004481" startTime="2025-09-09T22:27:26.7556106+00:00" endTime="2025-09-09T22:27:26.7557515+00:00" testType="13cdc9d9-ddb5-4fa4-a97d-d965ccfc6d4b" outcome="Passed" testListId="8c84fa94-04c1-424b-9868-57a2d4851a1d" relativeResultsDirectory="61aa7464-8ae2-4c1d-aed1-e18ae478c3c8" />
    <UnitTestResult executionId="da472228-8a3f-440d-ad5f-be03cd7f9110" testId="f6ac9da3-f4bb-8f2c-f90a-0ad85587c002" testName="SGuard.DataAnnotations.Tests.Attributes.SGuardEmailAddressAttributeTests.ReturnsSuccess_WhenValueIsValidEmailFormat(email: &quot;123@456.com&quot;)" computerName="runnervmf4ws1" duration="00:00:00.0000077" startTime="2025-09-09T22:27:26.3792829+00:00" endTime="2025-09-09T22:27:26.3793819+00:00" testType="13cdc9d9-ddb5-4fa4-a97d-d965ccfc6d4b" outcome="Passed" testListId="8c84fa94-04c1-424b-9868-57a2d4851a1d" relativeResultsDirectory="da472228-8a3f-440d-ad5f-be03cd7f9110" />
    <UnitTestResult executionId="e3690173-ef4c-40c1-9d14-81fa277a5435" testId="bb86542c-3e76-c608-0153-01d9417953db" testName="SGuard.DataAnnotations.Tests.Attributes.SGuardCollectionItemsMatchAttributeTests.ReturnsError_OnFirstInvalidItem_WhenAggregateAllErrorsFalse" computerName="runnervmf4ws1" duration="00:00:00.0002780" startTime="2025-09-09T22:27:26.6953992+00:00" endTime="2025-09-09T22:27:26.6955376+00:00" testType="13cdc9d9-ddb5-4fa4-a97d-d965ccfc6d4b" outcome="Passed" testListId="8c84fa94-04c1-424b-9868-57a2d4851a1d" relativeResultsDirectory="e3690173-ef4c-40c1-9d14-81fa277a5435" />
    <UnitTestResult executionId="daa8419d-1c5e-4fce-9609-1e6ee9db7d4f" testId="a7359f7c-fb2e-bb3c-4d8b-0f3167da0c88" testName="SGuard.DataAnnotations.Tests.Attributes.SGuardCompareAttributeTests.SupportsMultipleAttributes_OnSameProperty" computerName="runnervmf4ws1" duration="00:00:00.0001711" startTime="2025-09-09T22:27:26.3446464+00:00" endTime="2025-09-09T22:27:26.3481821+00:00" testType="13cdc9d9-ddb5-4fa4-a97d-d965ccfc6d4b" outcome="Passed" testListId="8c84fa94-04c1-424b-9868-57a2d4851a1d" relativeResultsDirectory="daa8419d-1c5e-4fce-9609-1e6ee9db7d4f" />
    <UnitTestResult executionId="03e2fd96-6949-4c82-a7bc-8bddbaaf006b" testId="1784d12b-da19-58ea-1ce0-28b4c319e25a" testName="SGuard.DataAnnotations.Tests.Attributes.SGuardCreditCardAttributeTests.ReturnsSuccess_WhenValueIsValidAmex" computerName="runnervmf4ws1" duration="00:00:00.0001296" startTime="2025-09-09T22:27:26.5917952+00:00" endTime="2025-09-09T22:27:26.5919409+00:00" testType="13cdc9d9-ddb5-4fa4-a97d-d965ccfc6d4b" outcome="Passed" testListId="8c84fa94-04c1-424b-9868-57a2d4851a1d" relativeResultsDirectory="03e2fd96-6949-4c82-a7bc-8bddbaaf006b" />
    <UnitTestResult executionId="0662e3d4-90dd-49a8-a8d7-d73b41a77a60" testId="3a163180-57a1-4f78-3b75-4f1dc7d6c21e" testName="SGuard.DataAnnotations.Tests.Attributes.SGuardEmailAddressAttributeTests.HandlesNumbersInDomainAndLocalPart" computerName="runnervmf4ws1" duration="00:00:00.0001428" startTime="2025-09-09T22:27:26.4200230+00:00" endTime="2025-09-09T22:27:26.4201156+00:00" testType="13cdc9d9-ddb5-4fa4-a97d-d965ccfc6d4b" outcome="Passed" testListId="8c84fa94-04c1-424b-9868-57a2d4851a1d" relativeResultsDirectory="0662e3d4-90dd-49a8-a8d7-d73b41a77a60" />
    <UnitTestResult executionId="1acd0084-2766-4459-9b67-4899b3dc85bf" testId="b8d143d7-356a-1975-988e-a663564ec905" testName="SGuard.DataAnnotations.Tests.Attributes.SGuardCompareAttributeTests.Constructor_SetsPropertiesCorrectly" computerName="runnervmf4ws1" duration="00:00:00.0002222" startTime="2025-09-09T22:27:26.2898170+00:00" endTime="2025-09-09T22:27:26.2899430+00:00" testType="13cdc9d9-ddb5-4fa4-a97d-d965ccfc6d4b" outcome="Passed" testListId="8c84fa94-04c1-424b-9868-57a2d4851a1d" relativeResultsDirectory="1acd0084-2766-4459-9b67-4899b3dc85bf" />
    <UnitTestResult executionId="56457a79-653f-481b-83c8-ddffdfd724d8" testId="d700c2ca-0d30-9df2-b5c4-ec10e7deec6d" testName="SGuard.DataAnnotations.Tests.Attributes.SGuardMinCountAttributeTests.ReturnsLocalizedErrorMessage_WhenCultureIsSetToTurkish" computerName="runnervmf4ws1" duration="00:00:00.0012585" startTime="2025-09-09T22:27:26.2533760+00:00" endTime="2025-09-09T22:27:26.2596879+00:00" testType="13cdc9d9-ddb5-4fa4-a97d-d965ccfc6d4b" outcome="Passed" testListId="8c84fa94-04c1-424b-9868-57a2d4851a1d" relativeResultsDirectory="56457a79-653f-481b-83c8-ddffdfd724d8" />
    <UnitTestResult executionId="22bd149b-2edd-4b22-80e0-14300022b814" testId="c3d2bc6c-b99d-0b63-9c60-e4b9e91013f0" testName="SGuard.DataAnnotations.Tests.Attributes.SGuardEmailAddressAttributeTests.HandlesVeryLongLocalPart" computerName="runnervmf4ws1" duration="00:00:00.0001666" startTime="2025-09-09T22:27:26.3993410+00:00" endTime="2025-09-09T22:27:26.3994285+00:00" testType="13cdc9d9-ddb5-4fa4-a97d-d965ccfc6d4b" outcome="Passed" testListId="8c84fa94-04c1-424b-9868-57a2d4851a1d" relativeResultsDirectory="22bd149b-2edd-4b22-80e0-14300022b814" />
    <UnitTestResult executionId="d1ed69b2-ea66-48fc-a770-964695e80d66" testId="1cecb8f8-3ff9-1ef0-493d-f648271a52e2" testName="SGuard.DataAnnotations.Tests.Attributes.SGuardEmailAddressAttributeTests.UserRegistration_ValidEmail_Success" computerName="runnervmf4ws1" duration="00:00:00.0001265" startTime="2025-09-09T22:27:26.3532253+00:00" endTime="2025-09-09T22:27:26.3533697+00:00" testType="13cdc9d9-ddb5-4fa4-a97d-d965ccfc6d4b" outcome="Passed" testListId="8c84fa94-04c1-424b-9868-57a2d4851a1d" relativeResultsDirectory="d1ed69b2-ea66-48fc-a770-964695e80d66" />
    <UnitTestResult executionId="54a9dd2e-a2e4-4d11-ac8d-2a7b30a83517" testId="4178e4ec-1c12-2298-83a8-fa1694d1598a" testName="SGuard.DataAnnotations.Tests.Attributes.SGuardRequiredCollectionAttributeTests.ReturnsError_WhenIEnumerableIsEmpty" computerName="runnervmf4ws1" duration="00:00:00.0001635" startTime="2025-09-09T22:27:26.2418490+00:00" endTime="2025-09-09T22:27:26.2450140+00:00" testType="13cdc9d9-ddb5-4fa4-a97d-d965ccfc6d4b" outcome="Passed" testListId="8c84fa94-04c1-424b-9868-57a2d4851a1d" relativeResultsDirectory="54a9dd2e-a2e4-4d11-ac8d-2a7b30a83517" />
    <UnitTestResult executionId="80c60344-65dd-4859-9205-c0d427b255ca" testId="94156788-790a-9db5-a858-213fb7ad4f61" testName="SGuard.DataAnnotations.Tests.Attributes.SGuardMinLengthAttributeTests.ReturnsSuccess_WhenValueIsNull" computerName="runnervmf4ws1" duration="00:00:00.0001518" startTime="2025-09-09T22:27:26.3881834+00:00" endTime="2025-09-09T22:27:26.3893696+00:00" testType="13cdc9d9-ddb5-4fa4-a97d-d965ccfc6d4b" outcome="Passed" testListId="8c84fa94-04c1-424b-9868-57a2d4851a1d" relativeResultsDirectory="80c60344-65dd-4859-9205-c0d427b255ca" />
    <UnitTestResult executionId="d9a2d6c5-f235-46d5-bb2c-d8ad65c89346" testId="e1ec4db0-5c0c-b229-761c-768bae20f6b1" testName="SGuard.DataAnnotations.Tests.Attributes.SGuardMinCountAttributeTests.ReturnsSuccess_WhenArrayCountIsGreaterThanOrEqualToMin" computerName="runnervmf4ws1" duration="00:00:00.0001653" startTime="2025-09-09T22:27:26.2763843+00:00" endTime="2025-09-09T22:27:26.2764950+00:00" testType="13cdc9d9-ddb5-4fa4-a97d-d965ccfc6d4b" outcome="Passed" testListId="8c84fa94-04c1-424b-9868-57a2d4851a1d" relativeResultsDirectory="d9a2d6c5-f235-46d5-bb2c-d8ad65c89346" />
    <UnitTestResult executionId="45a1302d-e8e9-478b-b91b-891375669b3a" testId="d5007b2b-ab54-ae79-231b-56cdbf0fbe4d" testName="SGuard.DataAnnotations.Tests.Attributes.SGuardEmailAddressAttributeTests.UsesInvariantCulture_WhenResourceNotFound" computerName="runnervmf4ws1" duration="00:00:00.0002114" startTime="2025-09-09T22:27:26.4067887+00:00" endTime="2025-09-09T22:27:26.4068982+00:00" testType="13cdc9d9-ddb5-4fa4-a97d-d965ccfc6d4b" outcome="Passed" testListId="8c84fa94-04c1-424b-9868-57a2d4851a1d" relativeResultsDirectory="45a1302d-e8e9-478b-b91b-891375669b3a" />
    <UnitTestResult executionId="afa45348-01e6-4ff9-af14-0edbb06dd9bc" testId="05ab67e4-8ef9-bbb5-d5d0-cc77092beeaa" testName="SGuard.DataAnnotations.Tests.Attributes.SGuardBetweenAttributeTests.ReturnsError_WhenValueIsOnBounds_Exclusive" computerName="runnervmf4ws1" duration="00:00:00.0084785" startTime="2025-09-09T22:27:26.6822411+00:00" endTime="2025-09-09T22:27:26.6971445+00:00" testType="13cdc9d9-ddb5-4fa4-a97d-d965ccfc6d4b" outcome="Passed" testListId="8c84fa94-04c1-424b-9868-57a2d4851a1d" relativeResultsDirectory="afa45348-01e6-4ff9-af14-0edbb06dd9bc" />
    <UnitTestResult executionId="76096518-9506-4967-8b5b-3b5e3fa52896" testId="8028fcff-b93c-8107-74d3-7689a546ca5d" testName="SGuard.DataAnnotations.Tests.Attributes.SGuardEmailAddressAttributeTests.ReturnsNull_WhenValueIsUnsupportedInternationalEmail(email: &quot;user@münchen.de&quot;)" computerName="runnervmf4ws1" duration="00:00:00.0000056" startTime="2025-09-09T22:27:26.3701638+00:00" endTime="2025-09-09T22:27:26.3703447+00:00" testType="13cdc9d9-ddb5-4fa4-a97d-d965ccfc6d4b" outcome="Passed" testListId="8c84fa94-04c1-424b-9868-57a2d4851a1d" relativeResultsDirectory="76096518-9506-4967-8b5b-3b5e3fa52896" />
    <UnitTestResult executionId="33f33709-5e82-4c89-b98d-1f67448b87ac" testId="a0b3e48f-64c8-93f7-f166-55b897c5df65" testName="SGuard.DataAnnotations.Tests.Attributes.SGuardGreaterThanAttributeTests.ReturnsSuccess_WhenDecimalValueIsGreaterThanOther" computerName="runnervmf4ws1" duration="00:00:00.0004072" startTime="2025-09-09T22:27:26.3061473+00:00" endTime="2025-09-09T22:27:26.3072545+00:00" testType="13cdc9d9-ddb5-4fa4-a97d-d965ccfc6d4b" outcome="Passed" testListId="8c84fa94-04c1-424b-9868-57a2d4851a1d" relativeResultsDirectory="33f33709-5e82-4c89-b98d-1f67448b87ac" />
    <UnitTestResult executionId="1e5a2d4a-d7be-4f1b-95a8-b06d5efdea71" testId="ad35ebfe-e77e-2204-0cd2-b24af72af8e4" testName="SGuard.DataAnnotations.Tests.Attributes.SGuardStringLengthAttributeTests.ReturnsSuccess_WhenStringIsNull" computerName="runnervmf4ws1" duration="00:00:00.0001169" startTime="2025-09-09T22:27:26.5538578+00:00" endTime="2025-09-09T22:27:26.5539868+00:00" testType="13cdc9d9-ddb5-4fa4-a97d-d965ccfc6d4b" outcome="Passed" testListId="8c84fa94-04c1-424b-9868-57a2d4851a1d" relativeResultsDirectory="1e5a2d4a-d7be-4f1b-95a8-b06d5efdea71" />
    <UnitTestResult executionId="5e001b77-7c51-4496-8789-f4ec64bfac5c" testId="5a21f228-0b6a-afc8-022e-c647ad676449" testName="SGuard.DataAnnotations.Tests.Attributes.SGuardPhoneAttributeTests.ThrowsArgumentNullException_WhenResourceTypeIsNull" computerName="runnervmf4ws1" duration="00:00:00.0002165" startTime="2025-09-09T22:27:26.4871556+00:00" endTime="2025-09-09T22:27:26.4872884+00:00" testType="13cdc9d9-ddb5-4fa4-a97d-d965ccfc6d4b" outcome="Passed" testListId="8c84fa94-04c1-424b-9868-57a2d4851a1d" relativeResultsDirectory="5e001b77-7c51-4496-8789-f4ec64bfac5c" />
    <UnitTestResult executionId="eab69e47-85c2-4e37-9e5e-0616b1c3dc52" testId="c5ed57ff-87cb-dec0-b133-e0b71b61e798" testName="SGuard.DataAnnotations.Tests.Attributes.SGuardMaxLengthAttributeTests.ThrowsArgumentNullException_WhenResourceTypeIsNull" computerName="runnervmf4ws1" duration="00:00:00.0001973" startTime="2025-09-09T22:27:26.4685229+00:00" endTime="2025-09-09T22:27:26.4685891+00:00" testType="13cdc9d9-ddb5-4fa4-a97d-d965ccfc6d4b" outcome="Passed" testListId="8c84fa94-04c1-424b-9868-57a2d4851a1d" relativeResultsDirectory="eab69e47-85c2-4e37-9e5e-0616b1c3dc52" />
    <UnitTestResult executionId="9955ddb2-dc2b-4c9d-ac18-4630a2556a7a" testId="7dcb49be-abd7-70bd-acfd-ae6260302e4a" testName="SGuard.DataAnnotations.Tests.Attributes.SGuardBetweenAttributeTests.ReturnsError_WhenValueIsAboveMax_Inclusive" computerName="runnervmf4ws1" duration="00:00:00.0001551" startTime="2025-09-09T22:27:26.6767465+00:00" endTime="2025-09-09T22:27:26.6769197+00:00" testType="13cdc9d9-ddb5-4fa4-a97d-d965ccfc6d4b" outcome="Passed" testListId="8c84fa94-04c1-424b-9868-57a2d4851a1d" relativeResultsDirectory="9955ddb2-dc2b-4c9d-ac18-4630a2556a7a" />
    <UnitTestResult executionId="9caba5d6-f888-4956-afe6-b008a14068bb" testId="25b83878-87c8-b0a8-45e8-91d7ac1a9a5f" testName="SGuard.DataAnnotations.Tests.Attributes.SGuardEmailAddressAttributeTests.ReturnsLocalizedErrorMessage_WhenCultureIsSet(culture: &quot;hi&quot;)" computerName="runnervmf4ws1" duration="00:00:00.0001577" startTime="2025-09-09T22:27:26.3404222+00:00" endTime="2025-09-09T22:27:26.3407614+00:00" testType="13cdc9d9-ddb5-4fa4-a97d-d965ccfc6d4b" outcome="Passed" testListId="8c84fa94-04c1-424b-9868-57a2d4851a1d" relativeResultsDirectory="9caba5d6-f888-4956-afe6-b008a14068bb" />
    <UnitTestResult executionId="d421822c-9032-4d28-9f0c-21cc4ec25e80" testId="578d7777-a8cc-12a7-7a7d-d4d4b899625a" testName="SGuard.DataAnnotations.Tests.Attributes.SGuardLessThanAttributeTests.ReturnsSuccess_WhenDecimalValueIsLessThanOther" computerName="runnervmf4ws1" duration="00:00:00.0002964" startTime="2025-09-09T22:27:26.7797003+00:00" endTime="2025-09-09T22:27:26.7798237+00:00" testType="13cdc9d9-ddb5-4fa4-a97d-d965ccfc6d4b" outcome="Passed" testListId="8c84fa94-04c1-424b-9868-57a2d4851a1d" relativeResultsDirectory="d421822c-9032-4d28-9f0c-21cc4ec25e80" />
    <UnitTestResult executionId="8541dbfb-725e-4781-b167-7eac96fc2b69" testId="ba3baf4e-5572-7eb4-1d1d-9af5f600a7e3" testName="SGuard.DataAnnotations.Tests.Attributes.SGuardRequiredCollectionAttributeTests.ReturnsSuccess_WhenValueIsNotACollection" computerName="runnervmf4ws1" duration="00:00:00.0001169" startTime="2025-09-09T22:27:26.2354796+00:00" endTime="2025-09-09T22:27:26.2355749+00:00" testType="13cdc9d9-ddb5-4fa4-a97d-d965ccfc6d4b" outcome="Passed" testListId="8c84fa94-04c1-424b-9868-57a2d4851a1d" relativeResultsDirectory="8541dbfb-725e-4781-b167-7eac96fc2b69" />
    <UnitTestResult executionId="a9f5687a-2705-4075-8960-cffbf3d5b56e" testId="4c1e9bff-f35f-1caa-f44a-f5d06b2960b8" testName="SGuard.DataAnnotations.Tests.Attributes.SGuardCreditCardAttributeTests.ReturnsSuccess_WhenValueIsValidTestCreditCard(cardNumber: &quot;371449635398431&quot;)" computerName="runnervmf4ws1" duration="00:00:00.0000041" startTime="2025-09-09T22:27:26.5074935+00:00" endTime="2025-09-09T22:27:26.5076120+00:00" testType="13cdc9d9-ddb5-4fa4-a97d-d965ccfc6d4b" outcome="Passed" testListId="8c84fa94-04c1-424b-9868-57a2d4851a1d" relativeResultsDirectory="a9f5687a-2705-4075-8960-cffbf3d5b56e" />
    <UnitTestResult executionId="dc0247ba-997a-41dd-8662-0539a1a46562" testId="afa1a1c3-1be6-2bed-8ff7-68131025b419" testName="SGuard.DataAnnotations.Tests.Attributes.SGuardCompareAttributeTests.HandlesWhitespace_Differences" computerName="runnervmf4ws1" duration="00:00:00.0181621" startTime="2025-09-09T22:27:26.1697750+00:00" endTime="2025-09-09T22:27:26.2534844+00:00" testType="13cdc9d9-ddb5-4fa4-a97d-d965ccfc6d4b" outcome="Passed" testListId="8c84fa94-04c1-424b-9868-57a2d4851a1d" relativeResultsDirectory="dc0247ba-997a-41dd-8662-0539a1a46562" />
    <UnitTestResult executionId="df9c6d70-9c2a-4fb9-83f4-8556ff310305" testId="b97a18c9-b8e3-b070-3a44-45fbb4abfb42" testName="SGuard.DataAnnotations.Tests.Attributes.SGuardEmailAddressAttributeTests.ReturnsSuccess_WhenValueIsBusinessEmailFormat(email: &quot;info@business.co.uk&quot;)" computerName="runnervmf4ws1" duration="00:00:00.0000041" startTime="2025-09-09T22:27:26.3360563+00:00" endTime="2025-09-09T22:27:26.3361137+00:00" testType="13cdc9d9-ddb5-4fa4-a97d-d965ccfc6d4b" outcome="Passed" testListId="8c84fa94-04c1-424b-9868-57a2d4851a1d" relativeResultsDirectory="df9c6d70-9c2a-4fb9-83f4-8556ff310305" />
    <UnitTestResult executionId="facc419e-4007-474f-92f3-4c802175a50d" testId="79fbb9cd-cbc8-b948-10ce-5d9bcbab381c" testName="SGuard.DataAnnotations.Tests.Attributes.SGuardCreditCardAttributeTests.ReturnsSuccess_WhenNumberIsAllZeros" computerName="runnervmf4ws1" duration="00:00:00.0001193" startTime="2025-09-09T22:27:26.6248126+00:00" endTime="2025-09-09T22:27:26.6249713+00:00" testType="13cdc9d9-ddb5-4fa4-a97d-d965ccfc6d4b" outcome="Passed" testListId="8c84fa94-04c1-424b-9868-57a2d4851a1d" relativeResultsDirectory="facc419e-4007-474f-92f3-4c802175a50d" />
    <UnitTestResult executionId="c0ada193-cb93-4a2d-a255-9fae8f18a9f8" testId="87ff368c-2f6c-e2c1-52f5-5a144623f490" testName="SGuard.DataAnnotations.Tests.Attributes.SGuardCompareAttributeTests.HandlesSpecialCharacters" computerName="runnervmf4ws1" duration="00:00:00.0001309" startTime="2025-09-09T22:27:26.3124601+00:00" endTime="2025-09-09T22:27:26.3136475+00:00" testType="13cdc9d9-ddb5-4fa4-a97d-d965ccfc6d4b" outcome="Passed" testListId="8c84fa94-04c1-424b-9868-57a2d4851a1d" relativeResultsDirectory="c0ada193-cb93-4a2d-a255-9fae8f18a9f8" />
    <UnitTestResult executionId="79c4e7ff-8599-4597-a405-55d4ad720f4b" testId="ba1a9dfc-528d-6e50-f61f-11a1db790f96" testName="SGuard.DataAnnotations.Tests.Attributes.SGuardBetweenAttributeTests.ReturnsLocalizedErrorMessage_WhenCultureIsSet(culture: &quot;fr&quot;)" computerName="runnervmf4ws1" duration="00:00:00.0000215" startTime="2025-09-09T22:27:26.6484674+00:00" endTime="2025-09-09T22:27:26.6486269+00:00" testType="13cdc9d9-ddb5-4fa4-a97d-d965ccfc6d4b" outcome="Passed" testListId="8c84fa94-04c1-424b-9868-57a2d4851a1d" relativeResultsDirectory="79c4e7ff-8599-4597-a405-55d4ad720f4b" />
    <UnitTestResult executionId="58fb161a-4f9c-43fe-95a4-0a761d149ec6" testId="4e6858ca-dc4e-05a9-4d20-cc5f2d1edff2" testName="SGuard.DataAnnotations.Tests.Exceptions.DataAnnotationsExceptionTests.ValidationError_CreatesRecordWithCorrectValues" computerName="runnervmf4ws1" duration="00:00:00.0070118" startTime="2025-09-09T22:27:26.3983567+00:00" endTime="2025-09-09T22:27:26.4102483+00:00" testType="13cdc9d9-ddb5-4fa4-a97d-d965ccfc6d4b" outcome="Passed" testListId="8c84fa94-04c1-424b-9868-57a2d4851a1d" relativeResultsDirectory="58fb161a-4f9c-43fe-95a4-0a761d149ec6" />
    <UnitTestResult executionId="683884f3-6b59-4615-b6f5-2d790ce849af" testId="4dc72e31-0b94-fa03-d555-333ccea89411" testName="SGuard.DataAnnotations.Tests.Attributes.SGuardCompareAttributeTests.HandlesVeryLongStrings" computerName="runnervmf4ws1" duration="00:00:00.0001685" startTime="2025-09-09T22:27:26.2867138+00:00" endTime="2025-09-09T22:27:26.2868002+00:00" testType="13cdc9d9-ddb5-4fa4-a97d-d965ccfc6d4b" outcome="Passed" testListId="8c84fa94-04c1-424b-9868-57a2d4851a1d" relativeResultsDirectory="683884f3-6b59-4615-b6f5-2d790ce849af" />
    <UnitTestResult executionId="c2b542f0-a662-4f1b-819c-156bf407520e" testId="5096c926-13b1-b25c-0b95-818693baaf41" testName="SGuard.DataAnnotations.Tests.Attributes.SGuardLessThanAttributeTests.ReturnsError_WhenValueIsGreaterThanOther" computerName="runnervmf4ws1" duration="00:00:00.0001512" startTime="2025-09-09T22:27:26.7781686+00:00" endTime="2025-09-09T22:27:26.7783028+00:00" testType="13cdc9d9-ddb5-4fa4-a97d-d965ccfc6d4b" outcome="Passed" testListId="8c84fa94-04c1-424b-9868-57a2d4851a1d" relativeResultsDirectory="c2b542f0-a662-4f1b-819c-156bf407520e" />
    <UnitTestResult executionId="0fe7d1e1-f961-4658-9688-ae0a2afb4bf2" testId="ecad3456-8296-c58d-d8eb-144a0cc42e21" testName="SGuard.DataAnnotations.Tests.Attributes.SGuardEmailAddressAttributeTests.ReturnsSuccess_WhenValueIsBusinessEmailFormat(email: &quot;admin@nonprofit.org&quot;)" computerName="runnervmf4ws1" duration="00:00:00.0000086" startTime="2025-09-09T22:27:26.3283704+00:00" endTime="2025-09-09T22:27:26.3284784+00:00" testType="13cdc9d9-ddb5-4fa4-a97d-d965ccfc6d4b" outcome="Passed" testListId="8c84fa94-04c1-424b-9868-57a2d4851a1d" relativeResultsDirectory="0fe7d1e1-f961-4658-9688-ae0a2afb4bf2" />
    <UnitTestResult executionId="6167a21a-19f8-45f6-a279-f041d8533f1a" testId="281c9429-94f0-d2a5-41e9-6547ef1e8299" testName="SGuard.DataAnnotations.Tests.Attributes.SGuardEmailAddressAttributeTests.ReturnsSuccess_WhenValueIsBusinessEmailFormat(email: &quot;j.smith@tech-startup.io&quot;)" computerName="runnervmf4ws1" duration="00:00:00.0001250" startTime="2025-09-09T22:27:26.3273621+00:00" endTime="2025-09-09T22:27:26.3274713+00:00" testType="13cdc9d9-ddb5-4fa4-a97d-d965ccfc6d4b" outcome="Passed" testListId="8c84fa94-04c1-424b-9868-57a2d4851a1d" relativeResultsDirectory="6167a21a-19f8-45f6-a279-f041d8533f1a" />
    <UnitTestResult executionId="8f956aed-7c4a-431b-b962-e906aa0e61ff" testId="7eb94941-9267-40cb-594c-0bac2724caba" testName="SGuard.DataAnnotations.Tests.Attributes.SGuardBetweenAttributeTests.WorksWithDateTimeValues_OnBounds" computerName="runnervmf4ws1" duration="00:00:00.0004025" startTime="2025-09-09T22:27:26.6806400+00:00" endTime="2025-09-09T22:27:26.6807748+00:00" testType="13cdc9d9-ddb5-4fa4-a97d-d965ccfc6d4b" outcome="Passed" testListId="8c84fa94-04c1-424b-9868-57a2d4851a1d" relativeResultsDirectory="8f956aed-7c4a-431b-b962-e906aa0e61ff" />
    <UnitTestResult executionId="b7e9615a-27f5-4267-be70-e560809d2d92" testId="748a7229-c38b-23ee-5fdd-862ea90d566d" testName="SGuard.DataAnnotations.Tests.Attributes.SGuardMaxLengthAttributeTests.ReturnsSuccess_WhenValueIsNull" computerName="runnervmf4ws1" duration="00:00:00.0001397" startTime="2025-09-09T22:27:26.4693774+00:00" endTime="2025-09-09T22:27:26.4694407+00:00" testType="13cdc9d9-ddb5-4fa4-a97d-d965ccfc6d4b" outcome="Passed" testListId="8c84fa94-04c1-424b-9868-57a2d4851a1d" relativeResultsDirectory="b7e9615a-27f5-4267-be70-e560809d2d92" />
    <UnitTestResult executionId="ed1baa79-e6ce-4f27-8b6c-b2d952b5ba70" testId="a063e64e-d50e-1771-6f88-589c60e56cda" testName="SGuard.DataAnnotations.Tests.Attributes.SGuardRangeAttributeTests.ReturnsError_WhenDoubleValueIsAboveRange" computerName="runnervmf4ws1" duration="00:00:00.0004771" startTime="2025-09-09T22:27:26.7227706+00:00" endTime="2025-09-09T22:27:26.7229396+00:00" testType="13cdc9d9-ddb5-4fa4-a97d-d965ccfc6d4b" outcome="Passed" testListId="8c84fa94-04c1-424b-9868-57a2d4851a1d" relativeResultsDirectory="ed1baa79-e6ce-4f27-8b6c-b2d952b5ba70" />
    <UnitTestResult executionId="3191f5e8-1548-4fe3-9673-0c9f3c8444df" testId="470fb097-9a54-a344-e7af-6f2c0d1e77b6" testName="SGuard.DataAnnotations.Tests.Attributes.SGuardRangeAttributeTests.ThrowsArgumentNullException_WhenResourceTypeIsNull" computerName="runnervmf4ws1" duration="00:00:00.0002021" startTime="2025-09-09T22:27:26.7327358+00:00" endTime="2025-09-09T22:27:26.7328636+00:00" testType="13cdc9d9-ddb5-4fa4-a97d-d965ccfc6d4b" outcome="Passed" testListId="8c84fa94-04c1-424b-9868-57a2d4851a1d" relativeResultsDirectory="3191f5e8-1548-4fe3-9673-0c9f3c8444df" />
    <UnitTestResult executionId="5a3a666d-6f75-4890-9039-509452ba65a1" testId="6dbe238a-784e-6e0e-2206-9ec117063a6b" testName="SGuard.DataAnnotations.Tests.DataAnnotation.IsTests.DataAnnotationsValid_CallbackReceivesFailureOnFalse" computerName="runnervmf4ws1" duration="00:00:00.0003643" startTime="2025-09-09T22:27:26.7523573+00:00" endTime="2025-09-09T22:27:26.7525016+00:00" testType="13cdc9d9-ddb5-4fa4-a97d-d965ccfc6d4b" outcome="Passed" testListId="8c84fa94-04c1-424b-9868-57a2d4851a1d" relativeResultsDirectory="5a3a666d-6f75-4890-9039-509452ba65a1" />
    <UnitTestResult executionId="c850bc2b-2ae6-48bb-87c7-6e5795fd2782" testId="99445827-2f44-646b-8068-3cffaf9372f0" testName="SGuard.DataAnnotations.Tests.Attributes.SGuardMinCountAttributeTests.ReturnsSuccess_WhenEnumerableCountIsGreaterThanOrEqualToMin" computerName="runnervmf4ws1" duration="00:00:00.0002839" startTime="2025-09-09T22:27:26.2635870+00:00" endTime="2025-09-09T22:27:26.2636844+00:00" testType="13cdc9d9-ddb5-4fa4-a97d-d965ccfc6d4b" outcome="Passed" testListId="8c84fa94-04c1-424b-9868-57a2d4851a1d" relativeResultsDirectory="c850bc2b-2ae6-48bb-87c7-6e5795fd2782" />
    <UnitTestResult executionId="ac8fff8a-e4f0-44fb-8641-f08e81d70e71" testId="098ba28d-ad73-0c69-8587-f0f62e9ace89" testName="SGuard.DataAnnotations.Tests.Attributes.SGuardRequiredCollectionAttributeTests.ReturnsError_WhenListIsEmpty" computerName="runnervmf4ws1" duration="00:00:00.0001313" startTime="2025-09-09T22:27:26.2343557+00:00" endTime="2025-09-09T22:27:26.2344681+00:00" testType="13cdc9d9-ddb5-4fa4-a97d-d965ccfc6d4b" outcome="Passed" testListId="8c84fa94-04c1-424b-9868-57a2d4851a1d" relativeResultsDirectory="ac8fff8a-e4f0-44fb-8641-f08e81d70e71" />
    <UnitTestResult executionId="9cdc6585-5910-4fe8-9e9a-188944fe64f2" testId="29679612-cd2c-cf4f-fb30-d0162e2a2e99" testName="SGuard.DataAnnotations.Tests.Attributes.SGuardEmailAddressAttributeTests.ReturnsLocalizedErrorMessage_WhenCultureIsSet(culture: &quot;de&quot;)" computerName="runnervmf4ws1" duration="00:00:00.0000274" startTime="2025-09-09T22:27:26.3446855+00:00" endTime="2025-09-09T22:27:26.3448048+00:00" testType="13cdc9d9-ddb5-4fa4-a97d-d965ccfc6d4b" outcome="Passed" testListId="8c84fa94-04c1-424b-9868-57a2d4851a1d" relativeResultsDirectory="9cdc6585-5910-4fe8-9e9a-188944fe64f2" />
    <UnitTestResult executionId="a5cc58ef-07ba-44bb-89a2-b8a9fe3fbb5b" testId="1bec7ca9-f747-370f-4b0f-e38d88280d42" testName="SGuard.DataAnnotations.Tests.Attributes.SGuardCreditCardAttributeTests.ReturnsLocalizedErrorMessage_WhenCultureIsSet(culture: &quot;hi&quot;)" computerName="runnervmf4ws1" duration="00:00:00.0000172" startTime="2025-09-09T22:27:26.5672145+00:00" endTime="2025-09-09T22:27:26.5673322+00:00" testType="13cdc9d9-ddb5-4fa4-a97d-d965ccfc6d4b" outcome="Passed" testListId="8c84fa94-04c1-424b-9868-57a2d4851a1d" relativeResultsDirectory="a5cc58ef-07ba-44bb-89a2-b8a9fe3fbb5b" />
    <UnitTestResult executionId="54ce21d1-0f4d-4835-9fc7-b4fb993fee89" testId="ad9b44db-f68d-9700-9b50-709646904671" testName="SGuard.DataAnnotations.Tests.Attributes.SGuardCreditCardAttributeTests.ReturnsError_WhenValueIsInvalidTestCreditCard(cardNumber: &quot;1234567890123456&quot;)" computerName="runnervmf4ws1" duration="00:00:00.0002901" startTime="2025-09-09T22:27:26.5135661+00:00" endTime="2025-09-09T22:27:26.5136805+00:00" testType="13cdc9d9-ddb5-4fa4-a97d-d965ccfc6d4b" outcome="Passed" testListId="8c84fa94-04c1-424b-9868-57a2d4851a1d" relativeResultsDirectory="54ce21d1-0f4d-4835-9fc7-b4fb993fee89" />
    <UnitTestResult executionId="a8b3b1c5-d10f-4535-9627-ed6736c7a508" testId="0fe6f63a-5577-4d32-ed2e-e8f9f731ea28" testName="SGuard.DataAnnotations.Tests.Attributes.SGuardRequiredIfAttributeTests.ReturnsSuccess_WhenConditionNotMet" computerName="runnervmf4ws1" duration="00:00:00.0061951" startTime="2025-09-09T22:27:26.4803562+00:00" endTime="2025-09-09T22:27:26.4804452+00:00" testType="13cdc9d9-ddb5-4fa4-a97d-d965ccfc6d4b" outcome="Passed" testListId="8c84fa94-04c1-424b-9868-57a2d4851a1d" relativeResultsDirectory="a8b3b1c5-d10f-4535-9627-ed6736c7a508" />
    <UnitTestResult executionId="eccd740f-e7c0-4b4d-8a8a-abd53025720b" testId="cbc682c1-72ef-07ff-b3bd-6812b487795a" testName="SGuard.DataAnnotations.Tests.Attributes.SGuardValidationAttributeBaseFallbackTests.Returns_FallbackResource_IfMainResourceMissing_AndFallbackResourceExists" computerName="runnervmf4ws1" duration="00:00:00.0002682" startTime="2025-09-09T22:27:26.8231699+00:00" endTime="2025-09-09T22:27:26.8251528+00:00" testType="13cdc9d9-ddb5-4fa4-a97d-d965ccfc6d4b" outcome="Passed" testListId="8c84fa94-04c1-424b-9868-57a2d4851a1d" relativeResultsDirectory="eccd740f-e7c0-4b4d-8a8a-abd53025720b" />
    <UnitTestResult executionId="a290ec3c-18ae-48ec-8f11-2e62a5f77e7a" testId="947b8e8c-07a1-6110-57f3-f69789a0ce3b" testName="SGuard.DataAnnotations.Tests.Attributes.SGuardCreditCardAttributeTests.ReturnsError_WhenValueIsInvalidCreditCard" computerName="runnervmf4ws1" duration="00:00:00.0001466" startTime="2025-09-09T22:27:26.6294464+00:00" endTime="2025-09-09T22:27:26.6295866+00:00" testType="13cdc9d9-ddb5-4fa4-a97d-d965ccfc6d4b" outcome="Passed" testListId="8c84fa94-04c1-424b-9868-57a2d4851a1d" relativeResultsDirectory="a290ec3c-18ae-48ec-8f11-2e62a5f77e7a" />
    <UnitTestResult executionId="668ce5fb-17d8-4db6-b55b-28655b4139ab" testId="0367e79a-4921-fb2e-f4bc-6e70d3dbd5a0" testName="SGuard.DataAnnotations.Tests.DataAnnotation.IsTests.DataAnnotationsValid_ValidObject_ReturnsTrue" computerName="runnervmf4ws1" duration="00:00:00.0000972" startTime="2025-09-09T22:27:26.7572136+00:00" endTime="2025-09-09T22:27:26.7573517+00:00" testType="13cdc9d9-ddb5-4fa4-a97d-d965ccfc6d4b" outcome="Passed" testListId="8c84fa94-04c1-424b-9868-57a2d4851a1d" relativeResultsDirectory="668ce5fb-17d8-4db6-b55b-28655b4139ab" />
    <UnitTestResult executionId="d34dd0ed-a064-47e3-bec3-a3ab96c6000f" testId="8fa6afed-24b8-e0d5-4613-aa654c64059a" testName="SGuard.DataAnnotations.Tests.Attributes.SGuardMinLengthAttributeTests.ReturnsError_WhenStringIsShorterThanMinLength" computerName="runnervmf4ws1" duration="00:00:00.0002091" startTime="2025-09-09T22:27:26.3904699+00:00" endTime="2025-09-09T22:27:26.3915979+00:00" testType="13cdc9d9-ddb5-4fa4-a97d-d965ccfc6d4b" outcome="Passed" testListId="8c84fa94-04c1-424b-9868-57a2d4851a1d" relativeResultsDirectory="d34dd0ed-a064-47e3-bec3-a3ab96c6000f" />
    <UnitTestResult executionId="adf220ae-7a83-4227-83b1-8113bee57160" testId="2187ad65-87f0-bfcf-d975-396aa8f70701" testName="SGuard.DataAnnotations.Tests.Attributes.SGuardCreditCardAttributeTests.ReturnsSuccess_WhenValueIsValidTestCreditCard(cardNumber: &quot;30569309025904&quot;)" computerName="runnervmf4ws1" duration="00:00:00.0000064" startTime="2025-09-09T22:27:26.4963491+00:00" endTime="2025-09-09T22:27:26.4964757+00:00" testType="13cdc9d9-ddb5-4fa4-a97d-d965ccfc6d4b" outcome="Passed" testListId="8c84fa94-04c1-424b-9868-57a2d4851a1d" relativeResultsDirectory="adf220ae-7a83-4227-83b1-8113bee57160" />
    <UnitTestResult executionId="38bacbe6-d4ea-444e-aa14-ee6c2f5795eb" testId="0102dee6-8235-3327-5cfb-2d8748949388" testName="SGuard.DataAnnotations.Tests.Attributes.SGuardMaxCountAttributeTests.ReturnsSuccess_WhenEnumerableCountIsLessThanOrEqualToMax" computerName="runnervmf4ws1" duration="00:00:00.0010071" startTime="2025-09-09T22:27:26.4210567+00:00" endTime="2025-09-09T22:27:26.4227434+00:00" testType="13cdc9d9-ddb5-4fa4-a97d-d965ccfc6d4b" outcome="Passed" testListId="8c84fa94-04c1-424b-9868-57a2d4851a1d" relativeResultsDirectory="38bacbe6-d4ea-444e-aa14-ee6c2f5795eb" />
    <UnitTestResult executionId="7832d651-f8dc-4af1-a00a-712eebcfc68d" testId="f990b3b4-c789-9b95-242d-e1c954f9cc12" testName="SGuard.DataAnnotations.Tests.Attributes.SGuardCompareAttributeTests.WorksWithIntegerValues" computerName="runnervmf4ws1" duration="00:00:00.0003862" startTime="2025-09-09T22:27:26.2814370+00:00" endTime="2025-09-09T22:27:26.2815378+00:00" testType="13cdc9d9-ddb5-4fa4-a97d-d965ccfc6d4b" outcome="Passed" testListId="8c84fa94-04c1-424b-9868-57a2d4851a1d" relativeResultsDirectory="7832d651-f8dc-4af1-a00a-712eebcfc68d" />
    <UnitTestResult executionId="fad9b266-08d6-4ada-a7f2-3da75192d078" testId="415ed7a6-e4fc-36b9-c8af-402d2a0972cd" testName="SGuard.DataAnnotations.Tests.Attributes.SGuardEmailAddressAttributeTests.ReturnsSuccess_WhenValueIsValidEmailFormat(email: &quot;a@b.co&quot;)" computerName="runnervmf4ws1" duration="00:00:00.0000090" startTime="2025-09-09T22:27:26.3743220+00:00" endTime="2025-09-09T22:27:26.3744302+00:00" testType="13cdc9d9-ddb5-4fa4-a97d-d965ccfc6d4b" outcome="Passed" testListId="8c84fa94-04c1-424b-9868-57a2d4851a1d" relativeResultsDirectory="fad9b266-08d6-4ada-a7f2-3da75192d078" />
    <UnitTestResult executionId="7fca8fc1-cee1-4ec2-a3f1-be82cda7dcb6" testId="5ef97b10-c488-3da5-ecf7-3c6ea686e808" testName="SGuard.DataAnnotations.Tests.Attributes.SGuardCreditCardAttributeTests.ReturnsSuccess_WhenValueIsValidTestCreditCard(cardNumber: &quot;4000000000000028&quot;)" computerName="runnervmf4ws1" duration="00:00:00.0000076" startTime="2025-09-09T22:27:26.5028108+00:00" endTime="2025-09-09T22:27:26.5029636+00:00" testType="13cdc9d9-ddb5-4fa4-a97d-d965ccfc6d4b" outcome="Passed" testListId="8c84fa94-04c1-424b-9868-57a2d4851a1d" relativeResultsDirectory="7fca8fc1-cee1-4ec2-a3f1-be82cda7dcb6" />
    <UnitTestResult executionId="9d055dde-8650-4e4e-8340-a7a2dc4f0c00" testId="57a39652-a5d5-4278-0df9-a00ced5dc2dd" testName="SGuard.DataAnnotations.Tests.Attributes.SGuardBetweenAttributeTests.ReturnsError_WhenValueIsAboveMax_Exclusive" computerName="runnervmf4ws1" duration="00:00:00.0001735" startTime="2025-09-09T22:27:26.7123015+00:00" endTime="2025-09-09T22:27:26.7124418+00:00" testType="13cdc9d9-ddb5-4fa4-a97d-d965ccfc6d4b" outcome="Passed" testListId="8c84fa94-04c1-424b-9868-57a2d4851a1d" relativeResultsDirectory="9d055dde-8650-4e4e-8340-a7a2dc4f0c00" />
    <UnitTestResult executionId="91e10a82-8275-448f-ae95-d465c984a7d9" testId="a011312a-4f9e-2d4f-469f-23423f0b646f" testName="SGuard.DataAnnotations.Tests.Attributes.SGuardLessThanAttributeTests.ReturnsError_WhenOtherIsNull" computerName="runnervmf4ws1" duration="00:00:00.0002732" startTime="2025-09-09T22:27:26.7690245+00:00" endTime="2025-09-09T22:27:26.7691677+00:00" testType="13cdc9d9-ddb5-4fa4-a97d-d965ccfc6d4b" outcome="Passed" testListId="8c84fa94-04c1-424b-9868-57a2d4851a1d" relativeResultsDirectory="91e10a82-8275-448f-ae95-d465c984a7d9" />
    <UnitTestResult executionId="2a71308e-796b-49ee-9661-75bdbd473b39" testId="459571cd-a7a6-19f8-467f-defe386a04a8" testName="SGuard.DataAnnotations.Tests.Attributes.SGuardLessThanAttributeTests.ReturnsError_WhenValueIsNull" computerName="runnervmf4ws1" duration="00:00:00.0075538" startTime="2025-09-09T22:27:26.7406465+00:00" endTime="2025-09-09T22:27:26.7659882+00:00" testType="13cdc9d9-ddb5-4fa4-a97d-d965ccfc6d4b" outcome="Passed" testListId="8c84fa94-04c1-424b-9868-57a2d4851a1d" relativeResultsDirectory="2a71308e-796b-49ee-9661-75bdbd473b39" />
    <UnitTestResult executionId="700f9009-6e13-48fc-8c73-341e646c7818" testId="055f0230-574f-4d2a-47dc-7bd7d3f628d0" testName="SGuard.DataAnnotations.Tests.Attributes.SGuardBetweenAttributeTests.HandlesZeroValues_Inclusive" computerName="runnervmf4ws1" duration="00:00:00.0001406" startTime="2025-09-09T22:27:26.7171927+00:00" endTime="2025-09-09T22:27:26.7173409+00:00" testType="13cdc9d9-ddb5-4fa4-a97d-d965ccfc6d4b" outcome="Passed" testListId="8c84fa94-04c1-424b-9868-57a2d4851a1d" relativeResultsDirectory="700f9009-6e13-48fc-8c73-341e646c7818" />
    <UnitTestResult executionId="c1dfc3ba-28e1-4bc7-bf05-d844ff227e4d" testId="d2abbd7a-ef0c-371c-ddca-a09c27d6f3a8" testName="SGuard.DataAnnotations.Tests.DataAnnotation.ThrowIfTests.DataAnnotationsInValid_ValidObject_DoesNotThrow" computerName="runnervmf4ws1" duration="00:00:00.0003478" startTime="2025-09-09T22:27:26.6338428+00:00" endTime="2025-09-09T22:27:26.6355686+00:00" testType="13cdc9d9-ddb5-4fa4-a97d-d965ccfc6d4b" outcome="Passed" testListId="8c84fa94-04c1-424b-9868-57a2d4851a1d" relativeResultsDirectory="c1dfc3ba-28e1-4bc7-bf05-d844ff227e4d" />
    <UnitTestResult executionId="09ef6947-537b-4a68-8606-6e553bb33276" testId="1b3d778a-44d9-4efe-03a7-1b9c70fd51b6" testName="SGuard.DataAnnotations.Tests.Attributes.SGuardCollectionItemsMatchAttributeTests.ReturnsSuccess_WhenCollectionIsNull" computerName="runnervmf4ws1" duration="00:00:00.0002150" startTime="2025-09-09T22:27:26.7390551+00:00" endTime="2025-09-09T22:27:26.7391824+00:00" testType="13cdc9d9-ddb5-4fa4-a97d-d965ccfc6d4b" outcome="Passed" testListId="8c84fa94-04c1-424b-9868-57a2d4851a1d" relativeResultsDirectory="09ef6947-537b-4a68-8606-6e553bb33276" />
    <UnitTestResult executionId="6552634d-0546-48c5-bc65-3b5c56f03ea7" testId="fc64d6a4-4d66-20a9-e79f-39d54b13b967" testName="SGuard.DataAnnotations.Tests.Attributes.SGuardCompareAttributeTests.ReturnsSuccess_WhenEmptyStringsAreEqual" computerName="runnervmf4ws1" duration="00:00:00.0206750" startTime="2025-09-09T22:27:26.0826683+00:00" endTime="2025-09-09T22:27:26.1035806+00:00" testType="13cdc9d9-ddb5-4fa4-a97d-d965ccfc6d4b" outcome="Passed" testListId="8c84fa94-04c1-424b-9868-57a2d4851a1d" relativeResultsDirectory="6552634d-0546-48c5-bc65-3b5c56f03ea7" />
    <UnitTestResult executionId="5621d4fc-6ff2-47a7-aabb-df8009bdeaf6" testId="e43fb556-9358-00bd-a086-0825e3eb5ea1" testName="SGuard.DataAnnotations.Tests.DataAnnotation.ThrowIfTests.DataAnnotationsInValid_InvalidObject_ThrowsDataAnnotationsException" computerName="runnervmf4ws1" duration="00:00:00.0064020" startTime="2025-09-09T22:27:26.6393769+00:00" endTime="2025-09-09T22:27:26.6823762+00:00" testType="13cdc9d9-ddb5-4fa4-a97d-d965ccfc6d4b" outcome="Passed" testListId="8c84fa94-04c1-424b-9868-57a2d4851a1d" relativeResultsDirectory="5621d4fc-6ff2-47a7-aabb-df8009bdeaf6" />
    <UnitTestResult executionId="ce92b715-6d9f-48de-8824-fc3718cd0a54" testId="181598e2-c6b1-2784-b176-289e525b0b8a" testName="SGuard.DataAnnotations.Tests.Attributes.SGuardMaxLengthAttributeTests.ReturnsError_WhenStringIsLongerThanMaxLength" computerName="runnervmf4ws1" duration="00:00:00.0003534" startTime="2025-09-09T22:27:26.3702076+00:00" endTime="2025-09-09T22:27:26.3720973+00:00" testType="13cdc9d9-ddb5-4fa4-a97d-d965ccfc6d4b" outcome="Passed" testListId="8c84fa94-04c1-424b-9868-57a2d4851a1d" relativeResultsDirectory="ce92b715-6d9f-48de-8824-fc3718cd0a54" />
    <UnitTestResult executionId="13f570f3-a050-4206-ab90-c1068f4b3e0f" testId="f791abfc-b2b5-9902-1a21-5b3a0eb9fef0" testName="SGuard.DataAnnotations.Tests.Attributes.SGuardPhoneAttributeTests.ReturnsError_WhenPhoneIsInvalid" computerName="runnervmf4ws1" duration="00:00:00.0002467" startTime="2025-09-09T22:27:26.4856530+00:00" endTime="2025-09-09T22:27:26.4857834+00:00" testType="13cdc9d9-ddb5-4fa4-a97d-d965ccfc6d4b" outcome="Passed" testListId="8c84fa94-04c1-424b-9868-57a2d4851a1d" relativeResultsDirectory="13f570f3-a050-4206-ab90-c1068f4b3e0f" />
    <UnitTestResult executionId="44a2d8ca-ad51-4310-95b5-e46d84d20c1b" testId="1c56d25b-3fa2-0b50-9bef-dde7f6b97d13" testName="SGuard.DataAnnotations.Tests.Attributes.SGuardCreditCardAttributeTests.ReturnsSuccess_WhenValueIsNull" computerName="runnervmf4ws1" duration="00:00:00.0001299" startTime="2025-09-09T22:27:26.5962499+00:00" endTime="2025-09-09T22:27:26.5963886+00:00" testType="13cdc9d9-ddb5-4fa4-a97d-d965ccfc6d4b" outcome="Passed" testListId="8c84fa94-04c1-424b-9868-57a2d4851a1d" relativeResultsDirectory="44a2d8ca-ad51-4310-95b5-e46d84d20c1b" />
    <UnitTestResult executionId="8de0b0f6-fffb-49b1-9812-3da279dd03ec" testId="e81f3f09-af79-811e-3ec1-cb518f4d546b" testName="SGuard.DataAnnotations.Tests.Attributes.SGuardCompareAttributeTests.Constructor_ThrowsArgumentNullException_WhenResourceTypeIsNull" computerName="runnervmf4ws1" duration="00:00:00.0002319" startTime="2025-09-09T22:27:26.3637301+00:00" endTime="2025-09-09T22:27:26.3638333+00:00" testType="13cdc9d9-ddb5-4fa4-a97d-d965ccfc6d4b" outcome="Passed" testListId="8c84fa94-04c1-424b-9868-57a2d4851a1d" relativeResultsDirectory="8de0b0f6-fffb-49b1-9812-3da279dd03ec" />
    <UnitTestResult executionId="bb0c368f-71a9-4bc9-bbef-a0764cdba3b2" testId="7a45e5b4-b37c-dd0d-42d4-b89ff4a76390" testName="SGuard.DataAnnotations.Tests.Attributes.SGuardEmailAddressAttributeTests.SupportsMultipleAttributes_OnSameProperty" computerName="runnervmf4ws1" duration="00:00:00.0031853" startTime="2025-09-09T22:27:26.3557055+00:00" endTime="2025-09-09T22:27:26.3649920+00:00" testType="13cdc9d9-ddb5-4fa4-a97d-d965ccfc6d4b" outcome="Passed" testListId="8c84fa94-04c1-424b-9868-57a2d4851a1d" relativeResultsDirectory="bb0c368f-71a9-4bc9-bbef-a0764cdba3b2" />
    <UnitTestResult executionId="539df0c8-369e-4eab-a5bd-6e86e5999bcd" testId="6c394c87-d02e-52ab-96bf-3b401d578b07" testName="SGuard.DataAnnotations.Tests.Attributes.SGuardEmailAddressAttributeTests.UserRegistration_InvalidEmail_Failure" computerName="runnervmf4ws1" duration="00:00:00.0002361" startTime="2025-09-09T22:27:26.3250710+00:00" endTime="2025-09-09T22:27:26.3251243+00:00" testType="13cdc9d9-ddb5-4fa4-a97d-d965ccfc6d4b" outcome="Passed" testListId="8c84fa94-04c1-424b-9868-57a2d4851a1d" relativeResultsDirectory="539df0c8-369e-4eab-a5bd-6e86e5999bcd" />
    <UnitTestResult executionId="18c0ac96-212a-4ced-82ec-6ab64757ba17" testId="0bce7d4a-3968-3e49-ebb4-a685b9d62474" testName="SGuard.DataAnnotations.Tests.Attributes.SGuardPhoneAttributeTests.ReturnsSuccess_WhenPhoneIsValid" computerName="runnervmf4ws1" duration="00:00:00.0006251" startTime="2025-09-09T22:27:26.4822164+00:00" endTime="2025-09-09T22:27:26.4822829+00:00" testType="13cdc9d9-ddb5-4fa4-a97d-d965ccfc6d4b" outcome="Passed" testListId="8c84fa94-04c1-424b-9868-57a2d4851a1d" relativeResultsDirectory="18c0ac96-212a-4ced-82ec-6ab64757ba17" />
    <UnitTestResult executionId="49a4e548-5665-42f7-add5-74cc07296e70" testId="ec59795f-94f2-656f-f495-1bb2fb83958a" testName="SGuard.DataAnnotations.Tests.Attributes.SGuardGreaterThanAttributeTests.ReturnsError_WhenDecimalValueIsNotGreaterThanOther" computerName="runnervmf4ws1" duration="00:00:00.0005788" startTime="2025-09-09T22:27:26.2950073+00:00" endTime="2025-09-09T22:27:26.2952383+00:00" testType="13cdc9d9-ddb5-4fa4-a97d-d965ccfc6d4b" outcome="Passed" testListId="8c84fa94-04c1-424b-9868-57a2d4851a1d" relativeResultsDirectory="49a4e548-5665-42f7-add5-74cc07296e70" />
    <UnitTestResult executionId="ab32478f-8fc0-4ce7-b91e-6b88f1463e9c" testId="8d246871-36db-3a8c-1edc-aa2a9aaa0923" testName="SGuard.DataAnnotations.Tests.Attributes.SGuardCreditCardAttributeTests.HandlesMixedValidInvalidCharacters" computerName="runnervmf4ws1" duration="00:00:00.0001343" startTime="2025-09-09T22:27:26.6202125+00:00" endTime="2025-09-09T22:27:26.6203496+00:00" testType="13cdc9d9-ddb5-4fa4-a97d-d965ccfc6d4b" outcome="Passed" testListId="8c84fa94-04c1-424b-9868-57a2d4851a1d" relativeResultsDirectory="ab32478f-8fc0-4ce7-b91e-6b88f1463e9c" />
    <UnitTestResult executionId="e5cc96af-730e-4a07-9135-7281c10d4272" testId="5e3af1c4-3528-aed8-76db-88c3ab3aa210" testName="SGuard.DataAnnotations.Tests.Attributes.SGuardEmailAddressAttributeTests.ReturnsSuccess_WhenValueIsCommonEmailProvider(email: &quot;user@msn.com&quot;)" computerName="runnervmf4ws1" duration="00:00:00.0000040" startTime="2025-09-09T22:27:26.3233139+00:00" endTime="2025-09-09T22:27:26.3233717+00:00" testType="13cdc9d9-ddb5-4fa4-a97d-d965ccfc6d4b" outcome="Passed" testListId="8c84fa94-04c1-424b-9868-57a2d4851a1d" relativeResultsDirectory="e5cc96af-730e-4a07-9135-7281c10d4272" />
    <UnitTestResult executionId="04d55f72-764a-4519-8124-5e6321b94a82" testId="e652b505-a128-5c9b-29b5-90454fd80729" testName="SGuard.DataAnnotations.Tests.Attributes.SGuardMaxCountAttributeTests.ReturnsError_WhenValueIsNotACollection" computerName="runnervmf4ws1" duration="00:00:00.0002198" startTime="2025-09-09T22:27:26.4567790+00:00" endTime="2025-09-09T22:27:26.4568425+00:00" testType="13cdc9d9-ddb5-4fa4-a97d-d965ccfc6d4b" outcome="Passed" testListId="8c84fa94-04c1-424b-9868-57a2d4851a1d" relativeResultsDirectory="04d55f72-764a-4519-8124-5e6321b94a82" />
    <UnitTestResult executionId="03dba1a7-b6f9-4900-9ce1-36eb6bb7f54c" testId="dab30612-e288-76a9-0e8e-556c3a8ddede" testName="SGuard.DataAnnotations.Tests.Attributes.SGuardCreditCardAttributeTests.ReturnsError_WhenValueIsInvalidTestCreditCard(cardNumber: &quot;378282246310004&quot;)" computerName="runnervmf4ws1" duration="00:00:00.0000137" startTime="2025-09-09T22:27:26.5233075+00:00" endTime="2025-09-09T22:27:26.5234503+00:00" testType="13cdc9d9-ddb5-4fa4-a97d-d965ccfc6d4b" outcome="Passed" testListId="8c84fa94-04c1-424b-9868-57a2d4851a1d" relativeResultsDirectory="03dba1a7-b6f9-4900-9ce1-36eb6bb7f54c" />
    <UnitTestResult executionId="1faf42c4-a1dd-4508-82cb-107238758058" testId="54bb735d-1d46-052b-7463-a588ad7ff2a2" testName="SGuard.DataAnnotations.Tests.Attributes.SGuardBetweenAttributeTests.Constructor_ThrowsArgumentNullException_WhenMaxPropertyIsNull" computerName="runnervmf4ws1" duration="00:00:00.0001764" startTime="2025-09-09T22:27:26.8230897+00:00" endTime="2025-09-09T22:27:26.8234452+00:00" testType="13cdc9d9-ddb5-4fa4-a97d-d965ccfc6d4b" outcome="Passed" testListId="8c84fa94-04c1-424b-9868-57a2d4851a1d" relativeResultsDirectory="1faf42c4-a1dd-4508-82cb-107238758058" />
    <UnitTestResult executionId="9aa466fa-6e13-49a7-b5a4-251f35569fae" testId="817c584a-c6c1-8c21-05d7-289f6ecdeaa5" testName="SGuard.DataAnnotations.Tests.Attributes.SGuardEmailAddressAttributeTests.ReturnsSuccess_WhenValueIsValidEmailFormat(email: &quot;user+label@example.com&quot;)" computerName="runnervmf4ws1" duration="00:00:00.0001665" startTime="2025-09-09T22:27:26.3720457+00:00" endTime="2025-09-09T22:27:26.3733007+00:00" testType="13cdc9d9-ddb5-4fa4-a97d-d965ccfc6d4b" outcome="Passed" testListId="8c84fa94-04c1-424b-9868-57a2d4851a1d" relativeResultsDirectory="9aa466fa-6e13-49a7-b5a4-251f35569fae" />
    <UnitTestResult executionId="90ec0935-9e48-4874-9685-bc10d2851b12" testId="ffb894f2-8b4e-535d-2181-50be0cbf54c4" testName="SGuard.DataAnnotations.Tests.Attributes.SGuardEmailAddressAttributeTests.ReturnsError_WhenValueIsNotString" computerName="runnervmf4ws1" duration="00:00:00.0032992" startTime="2025-09-09T22:27:26.3934835+00:00" endTime="2025-09-09T22:27:26.3984593+00:00" testType="13cdc9d9-ddb5-4fa4-a97d-d965ccfc6d4b" outcome="Passed" testListId="8c84fa94-04c1-424b-9868-57a2d4851a1d" relativeResultsDirectory="90ec0935-9e48-4874-9685-bc10d2851b12" />
    <UnitTestResult executionId="e890eb46-a133-4810-a67d-2567ffde0692" testId="17a56aef-557c-a84b-5008-a1b60c5b5a7c" testName="SGuard.DataAnnotations.Tests.Attributes.SGuardValidationAttributeBaseFallbackTests.Returns_FallbackMessage_IfBothResourcesMissing_AndFallbackMessageSet" computerName="runnervmf4ws1" duration="00:00:00.0004639" startTime="2025-09-09T22:27:26.7620431+00:00" endTime="2025-09-09T22:27:26.7621813+00:00" testType="13cdc9d9-ddb5-4fa4-a97d-d965ccfc6d4b" outcome="Passed" testListId="8c84fa94-04c1-424b-9868-57a2d4851a1d" relativeResultsDirectory="e890eb46-a133-4810-a67d-2567ffde0692" />
    <UnitTestResult executionId="8841b8a3-2128-469e-b193-7e011d5ee136" testId="51882b2c-89a4-3795-f36d-6ba49a967dda" testName="SGuard.DataAnnotations.Tests.Attributes.SGuardCompareAttributeTests.ReturnsError_WhenOtherPropertyDoesNotExist" computerName="runnervmf4ws1" duration="00:00:00.0001934" startTime="2025-09-09T22:27:26.3595293+00:00" endTime="2025-09-09T22:27:26.3596391+00:00" testType="13cdc9d9-ddb5-4fa4-a97d-d965ccfc6d4b" outcome="Passed" testListId="8c84fa94-04c1-424b-9868-57a2d4851a1d" relativeResultsDirectory="8841b8a3-2128-469e-b193-7e011d5ee136" />
    <UnitTestResult executionId="e2c03de8-5e58-4342-a36c-61a2b4b13cef" testId="5e6ca35e-d616-fb2c-e08c-8c3ca9f4e3ed" testName="SGuard.DataAnnotations.Tests.Attributes.SGuardBetweenAttributeTests.ReturnsError_WhenMinPropertyIsMissing" computerName="runnervmf4ws1" duration="00:00:00.0003055" startTime="2025-09-09T22:27:26.8185384+00:00" endTime="2025-09-09T22:27:26.8187131+00:00" testType="13cdc9d9-ddb5-4fa4-a97d-d965ccfc6d4b" outcome="Passed" testListId="8c84fa94-04c1-424b-9868-57a2d4851a1d" relativeResultsDirectory="e2c03de8-5e58-4342-a36c-61a2b4b13cef" />
    <UnitTestResult executionId="00161782-180b-429e-bcd7-f3df87ec8fb2" testId="0a2061b9-9d3d-341f-4524-2ebf8f36de0f" testName="SGuard.DataAnnotations.Tests.DataAnnotation.ThrowIfTests.DataAnnotationsInValid_CallbackReceivesFailureOnThrow" computerName="runnervmf4ws1" duration="00:00:00.0004258" startTime="2025-09-09T22:27:26.6900746+00:00" endTime="2025-09-09T22:27:26.6902101+00:00" testType="13cdc9d9-ddb5-4fa4-a97d-d965ccfc6d4b" outcome="Passed" testListId="8c84fa94-04c1-424b-9868-57a2d4851a1d" relativeResultsDirectory="00161782-180b-429e-bcd7-f3df87ec8fb2" />
    <UnitTestResult executionId="0a6edb65-c8e5-428e-a3c3-1c2e5836ffdc" testId="08dec1a1-67c0-62c5-1c24-4c823c013f45" testName="SGuard.DataAnnotations.Tests.Attributes.SGuardStringLengthAttributeTests.ThrowsArgumentNullException_WhenResourceTypeIsNull" computerName="runnervmf4ws1" duration="00:00:00.0003119" startTime="2025-09-09T22:27:26.5505121+00:00" endTime="2025-09-09T22:27:26.5506048+00:00" testType="13cdc9d9-ddb5-4fa4-a97d-d965ccfc6d4b" outcome="Passed" testListId="8c84fa94-04c1-424b-9868-57a2d4851a1d" relativeResultsDirectory="0a6edb65-c8e5-428e-a3c3-1c2e5836ffdc" />
    <UnitTestResult executionId="613ac784-f552-4a50-af4c-4a05cec09d0f" testId="9aac4807-4daa-bbfa-7299-7e6fd8331b3a" testName="SGuard.DataAnnotations.Tests.Attributes.SGuardLessThanAttributeTests.ReturnsSuccess_WhenValueIsLessThanOther" computerName="runnervmf4ws1" duration="00:00:00.0003356" startTime="2025-09-09T22:27:26.7674281+00:00" endTime="2025-09-09T22:27:26.7675707+00:00" testType="13cdc9d9-ddb5-4fa4-a97d-d965ccfc6d4b" outcome="Passed" testListId="8c84fa94-04c1-424b-9868-57a2d4851a1d" relativeResultsDirectory="613ac784-f552-4a50-af4c-4a05cec09d0f" />
    <UnitTestResult executionId="ed21e144-f4c1-4a6a-b313-f97a60a5d6e2" testId="e7c11337-a134-9089-96b8-bef2fdba4ef5" testName="SGuard.DataAnnotations.Tests.Attributes.SGuardGreaterThanAttributeTests.ReturnsSuccess_WhenValueIsGreaterThanOther" computerName="runnervmf4ws1" duration="00:00:00.0098286" startTime="2025-09-09T22:27:26.2524100+00:00" endTime="2025-09-09T22:27:26.2823817+00:00" testType="13cdc9d9-ddb5-4fa4-a97d-d965ccfc6d4b" outcome="Passed" testListId="8c84fa94-04c1-424b-9868-57a2d4851a1d" relativeResultsDirectory="ed21e144-f4c1-4a6a-b313-f97a60a5d6e2" />
    <UnitTestResult executionId="9961d7c2-1fd4-4973-89c6-38e9f86f6de9" testId="95ec617d-b08d-0649-afda-d3d7776231dc" testName="SGuard.DataAnnotations.Tests.Attributes.SGuardCreditCardAttributeTests.ReturnsError_WhenValueIsTooShort" computerName="runnervmf4ws1" duration="00:00:00.0001482" startTime="2025-09-09T22:27:26.5792961+00:00" endTime="2025-09-09T22:27:26.5794232+00:00" testType="13cdc9d9-ddb5-4fa4-a97d-d965ccfc6d4b" outcome="Passed" testListId="8c84fa94-04c1-424b-9868-57a2d4851a1d" relativeResultsDirectory="9961d7c2-1fd4-4973-89c6-38e9f86f6de9" />
    <UnitTestResult executionId="7b468c07-0976-4029-b4b7-77511bb89fde" testId="9a3ba042-81f0-07de-a3a1-069d148d7251" testName="SGuard.DataAnnotations.Tests.Attributes.SGuardMaxCountAttributeTests.ReturnsError_WhenListCountExceedsMax" computerName="runnervmf4ws1" duration="00:00:00.0022927" startTime="2025-09-09T22:27:26.4516865+00:00" endTime="2025-09-09T22:27:26.4524835+00:00" testType="13cdc9d9-ddb5-4fa4-a97d-d965ccfc6d4b" outcome="Passed" testListId="8c84fa94-04c1-424b-9868-57a2d4851a1d" relativeResultsDirectory="7b468c07-0976-4029-b4b7-77511bb89fde" />
    <UnitTestResult executionId="2a998467-2e77-477e-a224-6ff8073a891f" testId="0bc4453e-2c79-f8e9-bf2d-cc45da7340c2" testName="SGuard.DataAnnotations.Tests.Attributes.SGuardCreditCardAttributeTests.ReturnsSuccess_WhenValueHasDashes" computerName="runnervmf4ws1" duration="00:00:00.0001473" startTime="2025-09-09T22:27:26.6409087+00:00" endTime="2025-09-09T22:27:26.6410384+00:00" testType="13cdc9d9-ddb5-4fa4-a97d-d965ccfc6d4b" outcome="Passed" testListId="8c84fa94-04c1-424b-9868-57a2d4851a1d" relativeResultsDirectory="2a998467-2e77-477e-a224-6ff8073a891f" />
    <UnitTestResult executionId="4cff7fa8-c439-44a4-9ce7-9327ffda49c1" testId="d600a704-e64f-345e-8d84-0859a85bb767" testName="SGuard.DataAnnotations.Tests.Attributes.SGuardGreaterThanAttributeTests.ReturnsError_WhenValueIsNull" computerName="runnervmf4ws1" duration="00:00:00.0018097" startTime="2025-09-09T22:27:26.2834651+00:00" endTime="2025-09-09T22:27:26.2928510+00:00" testType="13cdc9d9-ddb5-4fa4-a97d-d965ccfc6d4b" outcome="Passed" testListId="8c84fa94-04c1-424b-9868-57a2d4851a1d" relativeResultsDirectory="4cff7fa8-c439-44a4-9ce7-9327ffda49c1" />
    <UnitTestResult executionId="5deee3cf-0744-47e5-a1a6-031c869a467e" testId="ae7b78f4-3e3e-6c1c-73b9-00f3b0a66446" testName="SGuard.DataAnnotations.Tests.Attributes.SGuardUrlAttributeTests.ReturnsSuccess_WhenValueIsNull" computerName="runnervmf4ws1" duration="00:00:00.0001102" startTime="2025-09-09T22:27:26.4460742+00:00" endTime="2025-09-09T22:27:26.4462110+00:00" testType="13cdc9d9-ddb5-4fa4-a97d-d965ccfc6d4b" outcome="Passed" testListId="8c84fa94-04c1-424b-9868-57a2d4851a1d" relativeResultsDirectory="5deee3cf-0744-47e5-a1a6-031c869a467e" />
    <UnitTestResult executionId="e5aa949f-8833-4f0a-ab7a-b839087b4b37" testId="74763ec8-6686-be4e-cacc-79e58aa84404" testName="SGuard.DataAnnotations.Tests.Attributes.SGuardMinCountAttributeTests.ReturnsError_WhenDictionaryCountIsLessThanMin" computerName="runnervmf4ws1" duration="00:00:00.0005298" startTime="2025-09-09T22:27:26.2680322+00:00" endTime="2025-09-09T22:27:26.2681694+00:00" testType="13cdc9d9-ddb5-4fa4-a97d-d965ccfc6d4b" outcome="Passed" testListId="8c84fa94-04c1-424b-9868-57a2d4851a1d" relativeResultsDirectory="e5aa949f-8833-4f0a-ab7a-b839087b4b37" />
    <UnitTestResult executionId="7f00a23b-d89d-4218-a746-29a2f600d405" testId="bbb948a4-a310-7b5a-5c14-9d12bfbfa6f7" testName="SGuard.DataAnnotations.Tests.Attributes.SGuardBetweenAttributeTests.WorksWithDoubleValues_Inclusive" computerName="runnervmf4ws1" duration="00:00:00.0004745" startTime="2025-09-09T22:27:26.7040837+00:00" endTime="2025-09-09T22:27:26.7042215+00:00" testType="13cdc9d9-ddb5-4fa4-a97d-d965ccfc6d4b" outcome="Passed" testListId="8c84fa94-04c1-424b-9868-57a2d4851a1d" relativeResultsDirectory="7f00a23b-d89d-4218-a746-29a2f600d405" />
    <UnitTestResult executionId="57dc9c6f-3930-405f-8170-fc5c3432ee30" testId="fc1149e3-8328-66ee-a9f5-e2d92724028b" testName="SGuard.DataAnnotations.Tests.Attributes.SGuardCreditCardAttributeTests.ReturnsError_WhenValueIsNotString" computerName="runnervmf4ws1" duration="00:00:00.0002821" startTime="2025-09-09T22:27:26.6310088+00:00" endTime="2025-09-09T22:27:26.6340102+00:00" testType="13cdc9d9-ddb5-4fa4-a97d-d965ccfc6d4b" outcome="Passed" testListId="8c84fa94-04c1-424b-9868-57a2d4851a1d" relativeResultsDirectory="57dc9c6f-3930-405f-8170-fc5c3432ee30" />
    <UnitTestResult executionId="ccdcaf76-5b9d-40f7-80b4-c137cfda6ad0" testId="d50c14e6-f54d-0a45-9d54-a0aef0431250" testName="SGuard.DataAnnotations.Tests.Attributes.SGuardEmailAddressAttributeTests.ReturnsError_WhenValueIsMissingAtSymbol" computerName="runnervmf4ws1" duration="00:00:00.0001410" startTime="2025-09-09T22:27:26.4122448+00:00" endTime="2025-09-09T22:27:26.4123514+00:00" testType="13cdc9d9-ddb5-4fa4-a97d-d965ccfc6d4b" outcome="Passed" testListId="8c84fa94-04c1-424b-9868-57a2d4851a1d" relativeResultsDirectory="ccdcaf76-5b9d-40f7-80b4-c137cfda6ad0" />
    <UnitTestResult executionId="a3c13262-d493-466b-8925-ed0ce0a3d7f2" testId="fcef55f3-7be6-9081-fb1f-2cb1e0dc1954" testName="SGuard.DataAnnotations.Tests.Attributes.SGuardRangeAttributeTests.ThrowsArgumentNullException_WhenResourceNameIsNull" computerName="runnervmf4ws1" duration="00:00:00.0003159" startTime="2025-09-09T22:27:26.7273674+00:00" endTime="2025-09-09T22:27:26.7275150+00:00" testType="13cdc9d9-ddb5-4fa4-a97d-d965ccfc6d4b" outcome="Passed" testListId="8c84fa94-04c1-424b-9868-57a2d4851a1d" relativeResultsDirectory="a3c13262-d493-466b-8925-ed0ce0a3d7f2" />
    <UnitTestResult executionId="6e68556c-f4f7-41a5-84c6-4246594d538f" testId="d4093e7e-0ae8-6f2f-0f07-aa26770f8bc0" testName="SGuard.DataAnnotations.Tests.Attributes.SGuardPhoneAttributeTests.ReturnsError_WhenPhoneIsEmptyString" computerName="runnervmf4ws1" duration="00:00:00.0001428" startTime="2025-09-09T22:27:26.4885787+00:00" endTime="2025-09-09T22:27:26.4887113+00:00" testType="13cdc9d9-ddb5-4fa4-a97d-d965ccfc6d4b" outcome="Passed" testListId="8c84fa94-04c1-424b-9868-57a2d4851a1d" relativeResultsDirectory="6e68556c-f4f7-41a5-84c6-4246594d538f" />
    <UnitTestResult executionId="f3f2f1b1-e254-47c1-b9a9-7a4e5a3efafe" testId="d5c52403-0e4c-b9f4-b5c9-e1e2e3d8e62d" testName="SGuard.DataAnnotations.Tests.Exceptions.DataAnnotationsExceptionTests.DataAnnotationsException_HandlesEmptyValidationResults" computerName="runnervmf4ws1" duration="00:00:00.0020652" startTime="2025-09-09T22:27:26.4112454+00:00" endTime="2025-09-09T22:27:26.4211469+00:00" testType="13cdc9d9-ddb5-4fa4-a97d-d965ccfc6d4b" outcome="Passed" testListId="8c84fa94-04c1-424b-9868-57a2d4851a1d" relativeResultsDirectory="f3f2f1b1-e254-47c1-b9a9-7a4e5a3efafe" />
    <UnitTestResult executionId="6aa12dd5-3680-4f19-9883-f6c7a25b8b3e" testId="3ed4f947-b1f0-26b6-00d3-ec8f0acffb81" testName="SGuard.DataAnnotations.Tests.Attributes.SGuardBetweenAttributeTests.ReturnsSuccess_WhenValueIsOnBounds_Inclusive" computerName="runnervmf4ws1" duration="00:00:00.0214811" startTime="2025-09-09T22:27:26.7203675+00:00" endTime="2025-09-09T22:27:26.7865353+00:00" testType="13cdc9d9-ddb5-4fa4-a97d-d965ccfc6d4b" outcome="Passed" testListId="8c84fa94-04c1-424b-9868-57a2d4851a1d" relativeResultsDirectory="6aa12dd5-3680-4f19-9883-f6c7a25b8b3e" />
    <UnitTestResult executionId="54d10364-32ad-493d-94cb-5aa87050751c" testId="62c15762-4136-aa73-30e0-83968e3e2c19" testName="SGuard.DataAnnotations.Tests.Attributes.SGuardMinLengthAttributeTests.ReturnsSuccess_WhenStringIsLongerThanMinLength" computerName="runnervmf4ws1" duration="00:00:00.0001265" startTime="2025-09-09T22:27:26.3972786+00:00" endTime="2025-09-09T22:27:26.3973704+00:00" testType="13cdc9d9-ddb5-4fa4-a97d-d965ccfc6d4b" outcome="Passed" testListId="8c84fa94-04c1-424b-9868-57a2d4851a1d" relativeResultsDirectory="54d10364-32ad-493d-94cb-5aa87050751c" />
    <UnitTestResult executionId="e419f6d7-34cc-4351-b934-3e540055b71e" testId="c15a0347-46b9-df19-da83-878a082eb368" testName="SGuard.DataAnnotations.Tests.Attributes.SGuardEmailAddressAttributeTests.ReturnsSuccess_WhenEmailHasTrailingSpaces" computerName="runnervmf4ws1" duration="00:00:00.0001232" startTime="2025-09-09T22:27:26.3512011+00:00" endTime="2025-09-09T22:27:26.3518369+00:00" testType="13cdc9d9-ddb5-4fa4-a97d-d965ccfc6d4b" outcome="Passed" testListId="8c84fa94-04c1-424b-9868-57a2d4851a1d" relativeResultsDirectory="e419f6d7-34cc-4351-b934-3e540055b71e" />
    <UnitTestResult executionId="8dc25c13-8e07-48d6-9daf-484e76a79bab" testId="726ad79d-7dd6-0f82-8173-b2f753aae5b2" testName="SGuard.DataAnnotations.Tests.Attributes.SGuardCreditCardAttributeTests.HandlesLeadingTrailingWhitespace" computerName="runnervmf4ws1" duration="00:00:00.0001235" startTime="2025-09-09T22:27:26.6151882+00:00" endTime="2025-09-09T22:27:26.6153209+00:00" testType="13cdc9d9-ddb5-4fa4-a97d-d965ccfc6d4b" outcome="Passed" testListId="8c84fa94-04c1-424b-9868-57a2d4851a1d" relativeResultsDirectory="8dc25c13-8e07-48d6-9daf-484e76a79bab" />
    <UnitTestResult executionId="7107cbab-3d63-4ec4-9a24-f1e15ef52f6b" testId="96f0a1d4-531c-3478-a078-bab16abfa397" testName="SGuard.DataAnnotations.Tests.Attributes.SGuardEmailAddressAttributeTests.ReturnsNull_WhenValueIsUnsupportedInternationalEmail(email: &quot;user@россия.рф&quot;)" computerName="runnervmf4ws1" duration="00:00:00.0001871" startTime="2025-09-09T22:27:26.3673714+00:00" endTime="2025-09-09T22:27:26.3674607+00:00" testType="13cdc9d9-ddb5-4fa4-a97d-d965ccfc6d4b" outcome="Passed" testListId="8c84fa94-04c1-424b-9868-57a2d4851a1d" relativeResultsDirectory="7107cbab-3d63-4ec4-9a24-f1e15ef52f6b" />
    <UnitTestResult executionId="6448f5a6-ad49-4966-9320-b86f02b04a0c" testId="21519bf4-c01d-c275-8cd9-6e0df3fad4f2" testName="SGuard.DataAnnotations.Tests.Attributes.SGuardEmailAddressAttributeTests.HandlesVeryLongDomainPart" computerName="runnervmf4ws1" duration="00:00:00.0001290" startTime="2025-09-09T22:27:26.3543646+00:00" endTime="2025-09-09T22:27:26.3544754+00:00" testType="13cdc9d9-ddb5-4fa4-a97d-d965ccfc6d4b" outcome="Passed" testListId="8c84fa94-04c1-424b-9868-57a2d4851a1d" relativeResultsDirectory="6448f5a6-ad49-4966-9320-b86f02b04a0c" />
    <UnitTestResult executionId="38673c46-7c64-4915-99d4-c68428023075" testId="85d99a8d-e19e-612f-f0c5-453b8800a3c4" testName="SGuard.DataAnnotations.Tests.Attributes.SGuardBetweenAttributeTests.ReturnsLocalizedErrorMessage_WhenCultureIsSet(culture: &quot;de&quot;)" computerName="runnervmf4ws1" duration="00:00:00.0021718" startTime="2025-09-09T22:27:26.6442151+00:00" endTime="2025-09-09T22:27:26.6443601+00:00" testType="13cdc9d9-ddb5-4fa4-a97d-d965ccfc6d4b" outcome="Passed" testListId="8c84fa94-04c1-424b-9868-57a2d4851a1d" relativeResultsDirectory="38673c46-7c64-4915-99d4-c68428023075" />
    <UnitTestResult executionId="34e0be39-7b68-402a-8ddf-e94b2e657316" testId="19ecf8d1-7110-f15c-ef67-988f88f7bb41" testName="SGuard.DataAnnotations.Tests.Attributes.SGuardEmailAddressAttributeTests.ReturnsLocalizedErrorMessage_WhenCultureIsSet(culture: &quot;ru&quot;)" computerName="runnervmf4ws1" duration="00:00:00.0000160" startTime="2025-09-09T22:27:26.3463360+00:00" endTime="2025-09-09T22:27:26.3464183+00:00" testType="13cdc9d9-ddb5-4fa4-a97d-d965ccfc6d4b" outcome="Passed" testListId="8c84fa94-04c1-424b-9868-57a2d4851a1d" relativeResultsDirectory="34e0be39-7b68-402a-8ddf-e94b2e657316" />
    <UnitTestResult executionId="9a417458-1dcb-41e2-8648-62de4f8ab386" testId="aa78dfd1-b18d-e06c-5b21-d652c8e05e3c" testName="SGuard.DataAnnotations.Tests.Attributes.SGuardMinCountAttributeTests.ThrowsArgumentOutOfRangeException_WhenMinCountIsNegative" computerName="runnervmf4ws1" duration="00:00:00.0007532" startTime="2025-09-09T22:27:26.2670731+00:00" endTime="2025-09-09T22:27:26.2671649+00:00" testType="13cdc9d9-ddb5-4fa4-a97d-d965ccfc6d4b" outcome="Passed" testListId="8c84fa94-04c1-424b-9868-57a2d4851a1d" relativeResultsDirectory="9a417458-1dcb-41e2-8648-62de4f8ab386" />
    <UnitTestResult executionId="8dfa30ed-c37b-47f5-afc6-2af167da554d" testId="857359ab-93f4-c81a-1caf-710aa5c3e845" testName="SGuard.DataAnnotations.Tests.Attributes.SGuardCompareAttributeTests.UsesInvariantCulture_WhenResourceNotFound" computerName="runnervmf4ws1" duration="00:00:00.0005335" startTime="2025-09-09T22:27:26.3565835+00:00" endTime="2025-09-09T22:27:26.3566349+00:00" testType="13cdc9d9-ddb5-4fa4-a97d-d965ccfc6d4b" outcome="Passed" testListId="8c84fa94-04c1-424b-9868-57a2d4851a1d" relativeResultsDirectory="8dfa30ed-c37b-47f5-afc6-2af167da554d" />
    <UnitTestResult executionId="9e6c6d4a-3c32-4541-8aa2-bc5f4f056eb3" testId="eb281b4d-6a2a-646b-c915-1657012d455e" testName="SGuard.DataAnnotations.Tests.DataAnnotation.ThrowIfTests.DataAnnotationsInValid_NullCallback_DoesNotThrow" computerName="runnervmf4ws1" duration="00:00:00.0002022" startTime="2025-09-09T22:27:26.6885096+00:00" endTime="2025-09-09T22:27:26.6886402+00:00" testType="13cdc9d9-ddb5-4fa4-a97d-d965ccfc6d4b" outcome="Passed" testListId="8c84fa94-04c1-424b-9868-57a2d4851a1d" relativeResultsDirectory="9e6c6d4a-3c32-4541-8aa2-bc5f4f056eb3" />
    <UnitTestResult executionId="8901d1b2-ab8b-473e-92e2-95b6057514d5" testId="f3ac6f73-8ee9-7ee9-1035-8a2abdbf5eaa" testName="SGuard.DataAnnotations.Tests.Attributes.SGuardRequiredCollectionAttributeTests.ReturnsSuccess_WhenDictionaryIsNotEmpty" computerName="runnervmf4ws1" duration="00:00:00.0007841" startTime="2025-09-09T22:27:26.2458484+00:00" endTime="2025-09-09T22:27:26.2459816+00:00" testType="13cdc9d9-ddb5-4fa4-a97d-d965ccfc6d4b" outcome="Passed" testListId="8c84fa94-04c1-424b-9868-57a2d4851a1d" relativeResultsDirectory="8901d1b2-ab8b-473e-92e2-95b6057514d5" />
    <UnitTestResult executionId="92c8a7cd-69a8-42c7-b47c-b5c5b8d31158" testId="463584a4-e8ba-f39e-0c4f-2b29bd1729ef" testName="SGuard.DataAnnotations.Tests.Attributes.SGuardEmailAddressAttributeTests.ContactForm_BusinessEmail_Success" computerName="runnervmf4ws1" duration="00:00:00.0001544" startTime="2025-09-09T22:27:26.4059980+00:00" endTime="2025-09-09T22:27:26.4060793+00:00" testType="13cdc9d9-ddb5-4fa4-a97d-d965ccfc6d4b" outcome="Passed" testListId="8c84fa94-04c1-424b-9868-57a2d4851a1d" relativeResultsDirectory="92c8a7cd-69a8-42c7-b47c-b5c5b8d31158" />
    <UnitTestResult executionId="a3c3b20f-9913-4518-a9b4-c3d3358af9b4" testId="06fc1c43-f2dd-b88e-c2dd-1a195de41cd7" testName="SGuard.DataAnnotations.Tests.Attributes.SGuardMaxCountAttributeTests.ReturnsLocalizedErrorMessage_WhenCultureIsSetToTurkish" computerName="runnervmf4ws1" duration="00:00:00.0002318" startTime="2025-09-09T22:27:26.4640151+00:00" endTime="2025-09-09T22:27:26.4641442+00:00" testType="13cdc9d9-ddb5-4fa4-a97d-d965ccfc6d4b" outcome="Passed" testListId="8c84fa94-04c1-424b-9868-57a2d4851a1d" relativeResultsDirectory="a3c3b20f-9913-4518-a9b4-c3d3358af9b4" />
    <UnitTestResult executionId="bf53bf01-c03f-45eb-8923-52cdd835278a" testId="66151859-70d2-8743-c129-cddce21a9c0c" testName="SGuard.DataAnnotations.Tests.Exceptions.DataAnnotationsExceptionTests.DataAnnotationsException_UsesCustomMessage" computerName="runnervmf4ws1" duration="00:00:00.0006308" startTime="2025-09-09T22:27:26.4226442+00:00" endTime="2025-09-09T22:27:26.4237623+00:00" testType="13cdc9d9-ddb5-4fa4-a97d-d965ccfc6d4b" outcome="Passed" testListId="8c84fa94-04c1-424b-9868-57a2d4851a1d" relativeResultsDirectory="bf53bf01-c03f-45eb-8923-52cdd835278a" />
    <UnitTestResult executionId="73b10a14-e47d-4f11-952d-1460f86000d4" testId="9302277b-8281-96ce-7164-eed276a176b3" testName="SGuard.DataAnnotations.Tests.Attributes.SGuardLessThanAttributeTests.ReturnsError_WhenDecimalValueIsNotLessThanOther" computerName="runnervmf4ws1" duration="00:00:00.0005701" startTime="2025-09-09T22:27:26.7705508+00:00" endTime="2025-09-09T22:27:26.7706881+00:00" testType="13cdc9d9-ddb5-4fa4-a97d-d965ccfc6d4b" outcome="Passed" testListId="8c84fa94-04c1-424b-9868-57a2d4851a1d" relativeResultsDirectory="73b10a14-e47d-4f11-952d-1460f86000d4" />
    <UnitTestResult executionId="5721f90b-2d9e-45ab-9710-4ec415f1f82f" testId="1dbac545-66f2-0bb8-0678-b41a21a7f990" testName="SGuard.DataAnnotations.Tests.Attributes.SGuardCreditCardAttributeTests.ReturnsSuccess_WhenValueIsValidVisa" computerName="runnervmf4ws1" duration="00:00:00.0023979" startTime="2025-09-09T22:27:26.6279035+00:00" endTime="2025-09-09T22:27:26.6280399+00:00" testType="13cdc9d9-ddb5-4fa4-a97d-d965ccfc6d4b" outcome="Passed" testListId="8c84fa94-04c1-424b-9868-57a2d4851a1d" relativeResultsDirectory="5721f90b-2d9e-45ab-9710-4ec415f1f82f" />
    <UnitTestResult executionId="0da97a73-c309-4533-9a52-59e4fdca227e" testId="704f035e-345a-debb-839b-c97ef7751c63" testName="SGuard.DataAnnotations.Tests.Attributes.SGuardLessThanAttributeTests.ReturnsError_WhenOtherPropertyDoesNotExist" computerName="runnervmf4ws1" duration="00:00:00.0001721" startTime="2025-09-09T22:27:26.7737147+00:00" endTime="2025-09-09T22:27:26.7738428+00:00" testType="13cdc9d9-ddb5-4fa4-a97d-d965ccfc6d4b" outcome="Passed" testListId="8c84fa94-04c1-424b-9868-57a2d4851a1d" relativeResultsDirectory="0da97a73-c309-4533-9a52-59e4fdca227e" />
    <UnitTestResult executionId="5252bf22-57d2-455d-aedf-46818e9d0e41" testId="06c65910-8332-c5fd-1e18-cc91e6b26b03" testName="SGuard.DataAnnotations.Tests.Attributes.SGuardMaxCountAttributeTests.ReturnsSuccess_WhenValueIsNull" computerName="runnervmf4ws1" duration="00:00:00.0001423" startTime="2025-09-09T22:27:26.4617027+00:00" endTime="2025-09-09T22:27:26.4618273+00:00" testType="13cdc9d9-ddb5-4fa4-a97d-d965ccfc6d4b" outcome="Passed" testListId="8c84fa94-04c1-424b-9868-57a2d4851a1d" relativeResultsDirectory="5252bf22-57d2-455d-aedf-46818e9d0e41" />
    <UnitTestResult executionId="82dfe19f-2059-4591-b36c-54305bf882d7" testId="c00f8b42-d81e-9906-f39b-144ceb96f7a9" testName="SGuard.DataAnnotations.Tests.Attributes.SGuardEmailAddressAttributeTests.ReturnsSuccess_WhenValueIsCommonEmailProvider(email: &quot;user@live.com&quot;)" computerName="runnervmf4ws1" duration="00:00:00.0000046" startTime="2025-09-09T22:27:26.3208954+00:00" endTime="2025-09-09T22:27:26.3210088+00:00" testType="13cdc9d9-ddb5-4fa4-a97d-d965ccfc6d4b" outcome="Passed" testListId="8c84fa94-04c1-424b-9868-57a2d4851a1d" relativeResultsDirectory="82dfe19f-2059-4591-b36c-54305bf882d7" />
    <UnitTestResult executionId="ea4e86e8-0284-45a7-8593-de5c37775b30" testId="34d33db2-19a9-6856-2c67-8b6ff63ae856" testName="SGuard.DataAnnotations.Tests.Attributes.SGuardEmailAddressAttributeTests.HandlesHyphenInDomainName" computerName="runnervmf4ws1" duration="00:00:00.0001151" startTime="2025-09-09T22:27:26.4151641+00:00" endTime="2025-09-09T22:27:26.4152751+00:00" testType="13cdc9d9-ddb5-4fa4-a97d-d965ccfc6d4b" outcome="Passed" testListId="8c84fa94-04c1-424b-9868-57a2d4851a1d" relativeResultsDirectory="ea4e86e8-0284-45a7-8593-de5c37775b30" />
    <UnitTestResult executionId="59795736-17c0-4104-b58b-30df477b5bbd" testId="3713b015-69bc-bbff-ec12-2a3a05404871" testName="SGuard.DataAnnotations.Tests.Attributes.SGuardMinCountAttributeTests.ReturnsSuccess_WhenCollectionCountIsZeroAndMinIsZero" computerName="runnervmf4ws1" duration="00:00:00.0001503" startTime="2025-09-09T22:27:26.2774083+00:00" endTime="2025-09-09T22:27:26.2775174+00:00" testType="13cdc9d9-ddb5-4fa4-a97d-d965ccfc6d4b" outcome="Passed" testListId="8c84fa94-04c1-424b-9868-57a2d4851a1d" relativeResultsDirectory="59795736-17c0-4104-b58b-30df477b5bbd" />
    <UnitTestResult executionId="30371a47-5e0a-43cd-9cef-978a603a98e7" testId="9aea3422-ef2f-af26-c04c-ddc619d25e3f" testName="SGuard.DataAnnotations.Tests.Attributes.SGuardEmailAddressAttributeTests.ReturnsSuccess_WhenValueIsCommonEmailProvider(email: &quot;user@gmail.com&quot;)" computerName="runnervmf4ws1" duration="00:00:00.0000040" startTime="2025-09-09T22:27:26.3244293+00:00" endTime="2025-09-09T22:27:26.3244793+00:00" testType="13cdc9d9-ddb5-4fa4-a97d-d965ccfc6d4b" outcome="Passed" testListId="8c84fa94-04c1-424b-9868-57a2d4851a1d" relativeResultsDirectory="30371a47-5e0a-43cd-9cef-978a603a98e7" />
    <UnitTestResult executionId="ad5bdbf1-5bdd-4bf3-88e7-76528181debf" testId="3e83b502-61b1-b054-a794-f59f4c4c2693" testName="SGuard.DataAnnotations.Tests.Attributes.SGuardCompareAttributeTests.PasswordConfirmation_Failure" computerName="runnervmf4ws1" duration="00:00:00.0001460" startTime="2025-09-09T22:27:26.3615460+00:00" endTime="2025-09-09T22:27:26.3616012+00:00" testType="13cdc9d9-ddb5-4fa4-a97d-d965ccfc6d4b" outcome="Passed" testListId="8c84fa94-04c1-424b-9868-57a2d4851a1d" relativeResultsDirectory="ad5bdbf1-5bdd-4bf3-88e7-76528181debf" />
    <UnitTestResult executionId="79b67b4c-4a82-451f-828c-371970995645" testId="95b87b36-3c5e-9cd8-cee1-b516d3ba0d69" testName="SGuard.DataAnnotations.Tests.Attributes.SGuardEmailAddressAttributeTests.ReturnsNull_WhenValueIsUnsupportedInternationalEmail(email: &quot;用户@example.com&quot;)" computerName="runnervmf4ws1" duration="00:00:00.0001942" startTime="2025-09-09T22:27:26.3663817+00:00" endTime="2025-09-09T22:27:26.3664867+00:00" testType="13cdc9d9-ddb5-4fa4-a97d-d965ccfc6d4b" outcome="Passed" testListId="8c84fa94-04c1-424b-9868-57a2d4851a1d" relativeResultsDirectory="79b67b4c-4a82-451f-828c-371970995645" />
    <UnitTestResult executionId="3d5ef78d-19a6-442b-88b4-8226db687fc6" testId="ea7531ec-d355-1dfa-c721-6040cdbfd3ab" testName="SGuard.DataAnnotations.Tests.Attributes.SGuardCreditCardAttributeTests.ReturnsSuccess_WhenValueIsValidMasterCard" computerName="runnervmf4ws1" duration="00:00:00.0001840" startTime="2025-09-09T22:27:26.5807593+00:00" endTime="2025-09-09T22:27:26.5809147+00:00" testType="13cdc9d9-ddb5-4fa4-a97d-d965ccfc6d4b" outcome="Passed" testListId="8c84fa94-04c1-424b-9868-57a2d4851a1d" relativeResultsDirectory="3d5ef78d-19a6-442b-88b4-8226db687fc6" />
    <UnitTestResult executionId="d5ccc24d-4403-48a5-bc81-8dec80031a3c" testId="f9da4098-2126-5914-73e0-8e7dcc348997" testName="SGuard.DataAnnotations.Tests.Attributes.SGuardCreditCardAttributeTests.PaymentForm_ValidCreditCard_Success" computerName="runnervmf4ws1" duration="00:00:00.0001394" startTime="2025-09-09T22:27:26.5275436+00:00" endTime="2025-09-09T22:27:26.5276767+00:00" testType="13cdc9d9-ddb5-4fa4-a97d-d965ccfc6d4b" outcome="Passed" testListId="8c84fa94-04c1-424b-9868-57a2d4851a1d" relativeResultsDirectory="d5ccc24d-4403-48a5-bc81-8dec80031a3c" />
    <UnitTestResult executionId="dde36501-003b-490e-b8f1-b6c04d8fdb82" testId="7a5db8a3-e11e-bc10-b975-f9ae0bd96417" testName="SGuard.DataAnnotations.Tests.Attributes.SGuardCompareAttributeTests.Constructor_ThrowsArgumentNullException_WhenResourceNameIsNull" computerName="runnervmf4ws1" duration="00:00:00.0003384" startTime="2025-09-09T22:27:26.3531387+00:00" endTime="2025-09-09T22:27:26.3553773+00:00" testType="13cdc9d9-ddb5-4fa4-a97d-d965ccfc6d4b" outcome="Passed" testListId="8c84fa94-04c1-424b-9868-57a2d4851a1d" relativeResultsDirectory="dde36501-003b-490e-b8f1-b6c04d8fdb82" />
    <UnitTestResult executionId="039eb635-ee86-4d44-86eb-9c24c9e91be9" testId="c6674468-57bf-3713-9fad-0608e1c0c823" testName="SGuard.DataAnnotations.Tests.Attributes.SGuardCreditCardAttributeTests.ReturnsLocalizedErrorMessage_WhenCultureIsSet(culture: &quot;en&quot;)" computerName="runnervmf4ws1" duration="00:00:00.0000145" startTime="2025-09-09T22:27:26.5686400+00:00" endTime="2025-09-09T22:27:26.5687616+00:00" testType="13cdc9d9-ddb5-4fa4-a97d-d965ccfc6d4b" outcome="Passed" testListId="8c84fa94-04c1-424b-9868-57a2d4851a1d" relativeResultsDirectory="039eb635-ee86-4d44-86eb-9c24c9e91be9" />
    <UnitTestResult executionId="650ba3d6-a156-48ec-81d3-02520716ee19" testId="052fbaf2-ac23-e86c-59a1-da3094f996ac" testName="SGuard.DataAnnotations.Tests.Attributes.SGuardMinLengthAttributeTests.ReturnsLocalizedErrorMessage_WhenCultureIsSetToTurkish" computerName="runnervmf4ws1" duration="00:00:00.0283922" startTime="2025-09-09T22:27:26.2785701+00:00" endTime="2025-09-09T22:27:26.3864536+00:00" testType="13cdc9d9-ddb5-4fa4-a97d-d965ccfc6d4b" outcome="Passed" testListId="8c84fa94-04c1-424b-9868-57a2d4851a1d" relativeResultsDirectory="650ba3d6-a156-48ec-81d3-02520716ee19" />
    <UnitTestResult executionId="edb5aa71-5a41-41b7-92d3-ad798367439a" testId="6f5d4c82-e97a-8919-fcd3-1e6e9b124483" testName="SGuard.DataAnnotations.Tests.Attributes.SGuardMaxCountAttributeTests.ThrowsArgumentOutOfRangeException_WhenMaxCountIsNegative" computerName="runnervmf4ws1" duration="00:00:00.0067849" startTime="2025-09-09T22:27:26.4236560+00:00" endTime="2025-09-09T22:27:26.4483272+00:00" testType="13cdc9d9-ddb5-4fa4-a97d-d965ccfc6d4b" outcome="Passed" testListId="8c84fa94-04c1-424b-9868-57a2d4851a1d" relativeResultsDirectory="edb5aa71-5a41-41b7-92d3-ad798367439a" />
    <UnitTestResult executionId="6fa56c96-5ae4-4028-ac6a-6e36a19c4055" testId="9bd00603-596a-036f-3eff-e8840deb4fcd" testName="SGuard.DataAnnotations.Tests.Attributes.SGuardPhoneAttributeTests.ThrowsArgumentNullException_WhenResourceNameIsNull" computerName="runnervmf4ws1" duration="00:00:00.0003810" startTime="2025-09-09T22:27:26.4813379+00:00" endTime="2025-09-09T22:27:26.4814019+00:00" testType="13cdc9d9-ddb5-4fa4-a97d-d965ccfc6d4b" outcome="Passed" testListId="8c84fa94-04c1-424b-9868-57a2d4851a1d" relativeResultsDirectory="6fa56c96-5ae4-4028-ac6a-6e36a19c4055" />
    <UnitTestResult executionId="687f20c3-331b-427a-93b6-575b64b79645" testId="c8060d6c-aa6d-6e47-880e-f4a8c7da66ac" testName="SGuard.DataAnnotations.Tests.Attributes.SGuardEmailAddressAttributeTests.ReturnsSuccess_WhenValueIsNull" computerName="runnervmf4ws1" duration="00:00:00.0001063" startTime="2025-09-09T22:27:26.3915005+00:00" endTime="2025-09-09T22:27:26.3921317+00:00" testType="13cdc9d9-ddb5-4fa4-a97d-d965ccfc6d4b" outcome="Passed" testListId="8c84fa94-04c1-424b-9868-57a2d4851a1d" relativeResultsDirectory="687f20c3-331b-427a-93b6-575b64b79645" />
    <UnitTestResult executionId="a13b4e6c-0c2d-4012-b59c-ce78be5a21d6" testId="11b5dfff-ee73-acd7-699f-44eb8edcc906" testName="SGuard.DataAnnotations.Tests.Attributes.SGuardMinCountAttributeTests.ReturnsSuccess_WhenListCountIsEqualToMin" computerName="runnervmf4ws1" duration="00:00:00.0002650" startTime="2025-09-09T22:27:26.2690753+00:00" endTime="2025-09-09T22:27:26.2691838+00:00" testType="13cdc9d9-ddb5-4fa4-a97d-d965ccfc6d4b" outcome="Passed" testListId="8c84fa94-04c1-424b-9868-57a2d4851a1d" relativeResultsDirectory="a13b4e6c-0c2d-4012-b59c-ce78be5a21d6" />
    <UnitTestResult executionId="d06de896-bab1-41c7-99cc-0f05ca814252" testId="97cc8c61-e7e0-43ce-a7ae-b4abe6d55000" testName="SGuard.DataAnnotations.Tests.Attributes.SGuardCompareAttributeTests.ReturnsLocalizedErrorMessage_WhenCultureIsSet(culture: &quot;hi&quot;)" computerName="runnervmf4ws1" duration="00:00:00.0003483" startTime="2025-09-09T22:27:26.3051177+00:00" endTime="2025-09-09T22:27:26.3062613+00:00" testType="13cdc9d9-ddb5-4fa4-a97d-d965ccfc6d4b" outcome="Passed" testListId="8c84fa94-04c1-424b-9868-57a2d4851a1d" relativeResultsDirectory="d06de896-bab1-41c7-99cc-0f05ca814252" />
    <UnitTestResult executionId="a4a4cf4b-e52d-43cd-bdd9-d0e49cbead07" testId="38e9c795-2c39-ddc9-8e2f-42c2f16c253a" testName="SGuard.DataAnnotations.Tests.Attributes.SGuardMinLengthAttributeTests.ThrowsArgumentNullException_WhenResourceNameIsNull" computerName="runnervmf4ws1" duration="00:00:00.0001878" startTime="2025-09-09T22:27:26.3954318+00:00" endTime="2025-09-09T22:27:26.3955256+00:00" testType="13cdc9d9-ddb5-4fa4-a97d-d965ccfc6d4b" outcome="Passed" testListId="8c84fa94-04c1-424b-9868-57a2d4851a1d" relativeResultsDirectory="a4a4cf4b-e52d-43cd-bdd9-d0e49cbead07" />
    <UnitTestResult executionId="9d10e49a-a5d0-4b97-8038-7626ef1a5a45" testId="0bd1c5ff-7470-d31e-7726-af166eb059fb" testName="SGuard.DataAnnotations.Tests.Attributes.SGuardCreditCardAttributeTests.ReturnsError_WhenValueHasSpecialCharacters" computerName="runnervmf4ws1" duration="00:00:00.0001464" startTime="2025-09-09T22:27:26.6354251+00:00" endTime="2025-09-09T22:27:26.6392951+00:00" testType="13cdc9d9-ddb5-4fa4-a97d-d965ccfc6d4b" outcome="Passed" testListId="8c84fa94-04c1-424b-9868-57a2d4851a1d" relativeResultsDirectory="9d10e49a-a5d0-4b97-8038-7626ef1a5a45" />
    <UnitTestResult executionId="eb856357-d25f-4e79-bb0f-7dea9cf16a6b" testId="105b068b-5f70-b61a-c12a-2f0480355a18" testName="SGuard.DataAnnotations.Tests.Attributes.SGuardCreditCardAttributeTests.ReturnsSuccess_WhenValueIsWhitespace" computerName="runnervmf4ws1" duration="00:00:00.0001243" startTime="2025-09-09T22:27:26.6005377+00:00" endTime="2025-09-09T22:27:26.6006745+00:00" testType="13cdc9d9-ddb5-4fa4-a97d-d965ccfc6d4b" outcome="Passed" testListId="8c84fa94-04c1-424b-9868-57a2d4851a1d" relativeResultsDirectory="eb856357-d25f-4e79-bb0f-7dea9cf16a6b" />
    <UnitTestResult executionId="432d764e-1edc-45a3-a860-1f8612556378" testId="926ef732-1aa1-5a08-5893-23ee6117a9ac" testName="SGuard.DataAnnotations.Tests.DataAnnotation.ThrowIfTests.DataAnnotationsInValid_NullExceptionInstance_ThrowsArgumentNullExceptionAndDoesNotInvokeCallback" computerName="runnervmf4ws1" duration="00:00:00.0002821" startTime="2025-09-09T22:27:26.6838155+00:00" endTime="2025-09-09T22:27:26.6839868+00:00" testType="13cdc9d9-ddb5-4fa4-a97d-d965ccfc6d4b" outcome="Passed" testListId="8c84fa94-04c1-424b-9868-57a2d4851a1d" relativeResultsDirectory="432d764e-1edc-45a3-a860-1f8612556378" />
    <UnitTestResult executionId="78716b78-51b6-4a05-a457-cffe6dec453f" testId="be8251c6-c94a-bbb7-cb6e-0f98d6eeb89f" testName="SGuard.DataAnnotations.Tests.Attributes.SGuardGreaterThanAttributeTests.ReturnsLocalizedErrorMessage_WhenCultureIsSetToTurkish" computerName="runnervmf4ws1" duration="00:00:00.0002043" startTime="2025-09-09T22:27:26.3135390+00:00" endTime="2025-09-09T22:27:26.3147149+00:00" testType="13cdc9d9-ddb5-4fa4-a97d-d965ccfc6d4b" outcome="Passed" testListId="8c84fa94-04c1-424b-9868-57a2d4851a1d" relativeResultsDirectory="78716b78-51b6-4a05-a457-cffe6dec453f" />
    <UnitTestResult executionId="421ced5a-7c10-4abd-b5ba-78d5de44dfc5" testId="68b2f833-f4f3-d363-fc70-ea2d94c57e1a" testName="SGuard.DataAnnotations.Tests.Attributes.SGuardCollectionItemsMatchAttributeTests.ReturnsError_WhenItemNull_AndRequiredAttribute" computerName="runnervmf4ws1" duration="00:00:00.0113719" startTime="2025-09-09T22:27:26.6425993+00:00" endTime="2025-09-09T22:27:26.6910603+00:00" testType="13cdc9d9-ddb5-4fa4-a97d-d965ccfc6d4b" outcome="Passed" testListId="8c84fa94-04c1-424b-9868-57a2d4851a1d" relativeResultsDirectory="421ced5a-7c10-4abd-b5ba-78d5de44dfc5" />
    <UnitTestResult executionId="7ad0860c-2ebf-43cf-9bce-e0b27ff39271" testId="691fb055-fa9f-4080-12ab-1eedac02ecc5" testName="SGuard.DataAnnotations.Tests.Attributes.SGuardGreaterThanAttributeTests.ReturnsError_WhenOtherIsNull" computerName="runnervmf4ws1" duration="00:00:00.0005290" startTime="2025-09-09T22:27:26.3040210+00:00" endTime="2025-09-09T22:27:26.3052250+00:00" testType="13cdc9d9-ddb5-4fa4-a97d-d965ccfc6d4b" outcome="Passed" testListId="8c84fa94-04c1-424b-9868-57a2d4851a1d" relativeResultsDirectory="7ad0860c-2ebf-43cf-9bce-e0b27ff39271" />
    <UnitTestResult executionId="877bb90a-0773-4c51-8eaf-844c7c5bb800" testId="9f63bd5d-0f31-1ffd-576e-c665a4cc7de0" testName="SGuard.DataAnnotations.Tests.Attributes.SGuardRequiredCollectionAttributeTests.ReturnsError_WhenArrayIsEmpty" computerName="runnervmf4ws1" duration="00:00:00.0001154" startTime="2025-09-09T22:27:26.2397996+00:00" endTime="2025-09-09T22:27:26.2399281+00:00" testType="13cdc9d9-ddb5-4fa4-a97d-d965ccfc6d4b" outcome="Passed" testListId="8c84fa94-04c1-424b-9868-57a2d4851a1d" relativeResultsDirectory="877bb90a-0773-4c51-8eaf-844c7c5bb800" />
    <UnitTestResult executionId="c44ac155-1679-4cb2-b36a-60ccf174e787" testId="21378016-cc6f-36ae-5a9f-490773b0da38" testName="SGuard.DataAnnotations.Tests.Attributes.SGuardCreditCardAttributeTests.SupportsMultipleAttributes_OnSameProperty" computerName="runnervmf4ws1" duration="00:00:00.0001586" startTime="2025-09-09T22:27:26.5289793+00:00" endTime="2025-09-09T22:27:26.5291021+00:00" testType="13cdc9d9-ddb5-4fa4-a97d-d965ccfc6d4b" outcome="Passed" testListId="8c84fa94-04c1-424b-9868-57a2d4851a1d" relativeResultsDirectory="c44ac155-1679-4cb2-b36a-60ccf174e787" />
    <UnitTestResult executionId="d2589a1b-660f-4554-98c5-22aa5c1b1a8e" testId="072e86b7-7eb2-688d-998d-1e5870775db4" testName="SGuard.DataAnnotations.Tests.Attributes.SGuardEmailAddressAttributeTests.ReturnsLocalizedErrorMessage_WhenCultureIsSet(culture: &quot;tr&quot;)" computerName="runnervmf4ws1" duration="00:00:00.0000189" startTime="2025-09-09T22:27:26.3454926+00:00" endTime="2025-09-09T22:27:26.3455687+00:00" testType="13cdc9d9-ddb5-4fa4-a97d-d965ccfc6d4b" outcome="Passed" testListId="8c84fa94-04c1-424b-9868-57a2d4851a1d" relativeResultsDirectory="d2589a1b-660f-4554-98c5-22aa5c1b1a8e" />
    <UnitTestResult executionId="efd2ffd9-f3fb-4099-9776-59ec0f03ac8f" testId="1c58e614-ef61-f2a2-cfd8-182a4e35570b" testName="SGuard.DataAnnotations.Tests.Attributes.SGuardCompareAttributeTests.EmailConfirmation_Failure" computerName="runnervmf4ws1" duration="00:00:00.0003906" startTime="2025-09-09T22:27:26.2927462+00:00" endTime="2025-09-09T22:27:26.2934452+00:00" testType="13cdc9d9-ddb5-4fa4-a97d-d965ccfc6d4b" outcome="Passed" testListId="8c84fa94-04c1-424b-9868-57a2d4851a1d" relativeResultsDirectory="efd2ffd9-f3fb-4099-9776-59ec0f03ac8f" />
    <UnitTestResult executionId="98823c5a-d9c9-436d-a3c4-0cf2b96ec39e" testId="809e9d94-66f6-dae8-2b5d-501b7d7b5945" testName="SGuard.DataAnnotations.Tests.Attributes.SGuardCreditCardAttributeTests.ReturnsError_WhenValueIsInvalidTestCreditCard(cardNumber: &quot;5555555555554443&quot;)" computerName="runnervmf4ws1" duration="00:00:00.0001428" startTime="2025-09-09T22:27:26.5184721+00:00" endTime="2025-09-09T22:27:26.5185959+00:00" testType="13cdc9d9-ddb5-4fa4-a97d-d965ccfc6d4b" outcome="Passed" testListId="8c84fa94-04c1-424b-9868-57a2d4851a1d" relativeResultsDirectory="98823c5a-d9c9-436d-a3c4-0cf2b96ec39e" />
    <UnitTestResult executionId="9be0a07f-e7e1-4921-b32d-d6f0296323ab" testId="57a52874-48c6-1cb3-2d74-f42730ff4142" testName="SGuard.DataAnnotations.Tests.Attributes.SGuardEmailAddressAttributeTests.ReturnsError_WhenValueIsMissingLocalPart" computerName="runnervmf4ws1" duration="00:00:00.0001167" startTime="2025-09-09T22:27:26.3894329+00:00" endTime="2025-09-09T22:27:26.3905802+00:00" testType="13cdc9d9-ddb5-4fa4-a97d-d965ccfc6d4b" outcome="Passed" testListId="8c84fa94-04c1-424b-9868-57a2d4851a1d" relativeResultsDirectory="9be0a07f-e7e1-4921-b32d-d6f0296323ab" />
    <UnitTestResult executionId="85a8d5c6-b45f-49eb-bd21-032ef3a5f51a" testId="1e1dce66-ffc3-e974-fca9-ab0825641ba8" testName="SGuard.DataAnnotations.Tests.Attributes.SGuardBetweenAttributeTests.WorksWithDateTimeValues_Inclusive" computerName="runnervmf4ws1" duration="00:00:00.0005055" startTime="2025-09-09T22:27:26.8087586+00:00" endTime="2025-09-09T22:27:26.8089287+00:00" testType="13cdc9d9-ddb5-4fa4-a97d-d965ccfc6d4b" outcome="Passed" testListId="8c84fa94-04c1-424b-9868-57a2d4851a1d" relativeResultsDirectory="85a8d5c6-b45f-49eb-bd21-032ef3a5f51a" />
    <UnitTestResult executionId="761cd63c-504b-4faa-b203-e8d272db93b7" testId="e155cf08-d288-7aa5-799b-063b0b43ec53" testName="SGuard.DataAnnotations.Tests.Attributes.SGuardBetweenAttributeTests.HandlesLargeNumbers_Inclusive" computerName="runnervmf4ws1" duration="00:00:00.0001472" startTime="2025-09-09T22:27:26.7024485+00:00" endTime="2025-09-09T22:27:26.7025910+00:00" testType="13cdc9d9-ddb5-4fa4-a97d-d965ccfc6d4b" outcome="Passed" testListId="8c84fa94-04c1-424b-9868-57a2d4851a1d" relativeResultsDirectory="761cd63c-504b-4faa-b203-e8d272db93b7" />
    <UnitTestResult executionId="d2b237bd-7911-4291-a9d1-e138f15b809f" testId="d3c42e9a-5225-3efb-100a-a789c8adde2f" testName="SGuard.DataAnnotations.Tests.Attributes.SGuardEmailAddressAttributeTests.Constructor_ThrowsArgumentNullException_WhenResourceNameIsNull" computerName="runnervmf4ws1" duration="00:00:00.0025238" startTime="2025-09-09T22:27:26.4101266+00:00" endTime="2025-09-09T22:27:26.4113577+00:00" testType="13cdc9d9-ddb5-4fa4-a97d-d965ccfc6d4b" outcome="Passed" testListId="8c84fa94-04c1-424b-9868-57a2d4851a1d" relativeResultsDirectory="d2b237bd-7911-4291-a9d1-e138f15b809f" />
    <UnitTestResult executionId="e1d5e017-b822-4569-ad24-e7ae7e8b9160" testId="caf2e415-42c1-802e-5d26-994c0a176ae7" testName="SGuard.DataAnnotations.Tests.Attributes.SGuardMinCountAttributeTests.ReturnsError_WhenValueIsNullAndMinIsGreaterThanZero" computerName="runnervmf4ws1" duration="00:00:00.0001662" startTime="2025-09-09T22:27:26.2701392+00:00" endTime="2025-09-09T22:27:26.2702476+00:00" testType="13cdc9d9-ddb5-4fa4-a97d-d965ccfc6d4b" outcome="Passed" testListId="8c84fa94-04c1-424b-9868-57a2d4851a1d" relativeResultsDirectory="e1d5e017-b822-4569-ad24-e7ae7e8b9160" />
    <UnitTestResult executionId="d8105db0-6098-4e23-9640-f4b191d6ade4" testId="854cdc07-b7a1-9b9b-497b-dfad4353eb25" testName="SGuard.DataAnnotations.Tests.Attributes.SGuardBetweenAttributeTests.WorksWithPrivateProperties" computerName="runnervmf4ws1" duration="00:00:00.0003463" startTime="2025-09-09T22:27:26.7072348+00:00" endTime="2025-09-09T22:27:26.7073679+00:00" testType="13cdc9d9-ddb5-4fa4-a97d-d965ccfc6d4b" outcome="Passed" testListId="8c84fa94-04c1-424b-9868-57a2d4851a1d" relativeResultsDirectory="d8105db0-6098-4e23-9640-f4b191d6ade4" />
    <UnitTestResult executionId="fc6c1ef9-7ede-4942-8948-f191493190fc" testId="ab0ad024-438f-f472-30c1-e0859cd770e6" testName="SGuard.DataAnnotations.Tests.Attributes.SGuardMinCountAttributeTests.ReturnsError_WhenEnumerableCountIsLessThanMin" computerName="runnervmf4ws1" duration="00:00:00.0001553" startTime="2025-09-09T22:27:26.2753562+00:00" endTime="2025-09-09T22:27:26.2754716+00:00" testType="13cdc9d9-ddb5-4fa4-a97d-d965ccfc6d4b" outcome="Passed" testListId="8c84fa94-04c1-424b-9868-57a2d4851a1d" relativeResultsDirectory="fc6c1ef9-7ede-4942-8948-f191493190fc" />
    <UnitTestResult executionId="cf4b7421-874d-4058-92f4-792829f86d51" testId="79b6102e-e5c4-bce8-6bb3-bb0b4547cc45" testName="SGuard.DataAnnotations.Tests.Attributes.SGuardRequiredIfAttributeTests.ReturnsSuccess_WhenConditionMet_AndValueIsNonEmptyString" computerName="runnervmf4ws1" duration="00:00:00.0008567" startTime="2025-09-09T22:27:26.4711725+00:00" endTime="2025-09-09T22:27:26.4712379+00:00" testType="13cdc9d9-ddb5-4fa4-a97d-d965ccfc6d4b" outcome="Passed" testListId="8c84fa94-04c1-424b-9868-57a2d4851a1d" relativeResultsDirectory="cf4b7421-874d-4058-92f4-792829f86d51" />
    <UnitTestResult executionId="453df04d-9a22-4ca3-88cc-1b6acf18d425" testId="798e2a36-c3fb-899f-cb61-fb0c1e959e70" testName="SGuard.DataAnnotations.Tests.Attributes.SGuardRequiredCollectionAttributeTests.ReturnsError_WhenValueIsNull" computerName="runnervmf4ws1" duration="00:00:00.0084137" startTime="2025-09-09T22:27:26.1681782+00:00" endTime="2025-09-09T22:27:26.1794704+00:00" testType="13cdc9d9-ddb5-4fa4-a97d-d965ccfc6d4b" outcome="Passed" testListId="8c84fa94-04c1-424b-9868-57a2d4851a1d" relativeResultsDirectory="453df04d-9a22-4ca3-88cc-1b6acf18d425" />
    <UnitTestResult executionId="0ddd370e-042c-42d9-9f74-22ae28c772b4" testId="d3b31ccb-c638-f5ba-992a-be112a07b90f" testName="SGuard.DataAnnotations.Tests.Attributes.SGuardBetweenAttributeTests.ReturnsError_WhenMinValueIsNull" computerName="runnervmf4ws1" duration="00:00:00.0002932" startTime="2025-09-09T22:27:26.7008409+00:00" endTime="2025-09-09T22:27:26.7010099+00:00" testType="13cdc9d9-ddb5-4fa4-a97d-d965ccfc6d4b" outcome="Passed" testListId="8c84fa94-04c1-424b-9868-57a2d4851a1d" relativeResultsDirectory="0ddd370e-042c-42d9-9f74-22ae28c772b4" />
    <UnitTestResult executionId="5de55039-daaa-413b-8dcc-7b0ac5cb5f2f" testId="8bb1d1c9-ea34-8993-40af-1149612b163c" testName="SGuard.DataAnnotations.Tests.Attributes.SGuardEmailAddressAttributeTests.ReturnsSuccess_WhenValueIsBusinessEmailFormat(email: &quot;marketing@brand.ca&quot;)" computerName="runnervmf4ws1" duration="00:00:00.0000038" startTime="2025-09-09T22:27:26.3372037+00:00" endTime="2025-09-09T22:27:26.3372560+00:00" testType="13cdc9d9-ddb5-4fa4-a97d-d965ccfc6d4b" outcome="Passed" testListId="8c84fa94-04c1-424b-9868-57a2d4851a1d" relativeResultsDirectory="5de55039-daaa-413b-8dcc-7b0ac5cb5f2f" />
    <UnitTestResult executionId="549b9be3-620f-4c70-8192-a3a4135abe3a" testId="14c349be-8853-129f-6fbb-0ec95eaeef3e" testName="SGuard.DataAnnotations.Tests.Attributes.SGuardEmailAddressAttributeTests.ReturnsNull_WhenValueIsUnsupportedInternationalEmail(email: &quot;müller@example.com&quot;)" computerName="runnervmf4ws1" duration="00:00:00.0000067" startTime="2025-09-09T22:27:26.3708516+00:00" endTime="2025-09-09T22:27:26.3709378+00:00" testType="13cdc9d9-ddb5-4fa4-a97d-d965ccfc6d4b" outcome="Passed" testListId="8c84fa94-04c1-424b-9868-57a2d4851a1d" relativeResultsDirectory="549b9be3-620f-4c70-8192-a3a4135abe3a" />
    <UnitTestResult executionId="d8ce0f63-4955-4250-bf0f-812543abca7e" testId="300f7fbc-52a0-5545-ddb0-fc7ad262dc85" testName="SGuard.DataAnnotations.Tests.Attributes.SGuardMaxCountAttributeTests.ReturnsError_WhenCollectionCountIsGreaterThanZero" computerName="runnervmf4ws1" duration="00:00:00.0005432" startTime="2025-09-09T22:27:26.4576106+00:00" endTime="2025-09-09T22:27:26.4576764+00:00" testType="13cdc9d9-ddb5-4fa4-a97d-d965ccfc6d4b" outcome="Passed" testListId="8c84fa94-04c1-424b-9868-57a2d4851a1d" relativeResultsDirectory="d8ce0f63-4955-4250-bf0f-812543abca7e" />
    <UnitTestResult executionId="ac2ac1ba-5ea6-47e0-aca0-d76fedb9dbdd" testId="88b28e5a-c571-d1c3-3fe0-6f8671929713" testName="SGuard.DataAnnotations.Tests.Attributes.SGuardCreditCardAttributeTests.ReturnsSuccess_WhenValueIsValidTestCreditCard(cardNumber: &quot;3530111333300000&quot;)" computerName="runnervmf4ws1" duration="00:00:00.0000049" startTime="2025-09-09T22:27:26.5120710+00:00" endTime="2025-09-09T22:27:26.5122049+00:00" testType="13cdc9d9-ddb5-4fa4-a97d-d965ccfc6d4b" outcome="Passed" testListId="8c84fa94-04c1-424b-9868-57a2d4851a1d" relativeResultsDirectory="ac2ac1ba-5ea6-47e0-aca0-d76fedb9dbdd" />
    <UnitTestResult executionId="0ba25695-b876-45f6-8e54-5b9c4be42f97" testId="bd88b21d-6448-e40c-0742-fc2176115994" testName="SGuard.DataAnnotations.Tests.Attributes.SGuardBetweenAttributeTests.UsesInvariantCulture_WhenResourceNotFound" computerName="runnervmf4ws1" duration="00:00:00.0002539" startTime="2025-09-09T22:27:26.6697955+00:00" endTime="2025-09-09T22:27:26.6699740+00:00" testType="13cdc9d9-ddb5-4fa4-a97d-d965ccfc6d4b" outcome="Passed" testListId="8c84fa94-04c1-424b-9868-57a2d4851a1d" relativeResultsDirectory="0ba25695-b876-45f6-8e54-5b9c4be42f97" />
    <UnitTestResult executionId="10c28466-d427-4d0b-b35f-bb045bb3f0a9" testId="4ccde377-9d20-8bac-fb75-afb02ae558b3" testName="SGuard.DataAnnotations.Tests.Attributes.SGuardStringLengthAttributeTests.ReturnsError_WhenStringLengthExceedsMaximum" computerName="runnervmf4ws1" duration="00:00:00.0096643" startTime="2025-09-09T22:27:26.4901464+00:00" endTime="2025-09-09T22:27:26.5369774+00:00" testType="13cdc9d9-ddb5-4fa4-a97d-d965ccfc6d4b" outcome="Passed" testListId="8c84fa94-04c1-424b-9868-57a2d4851a1d" relativeResultsDirectory="10c28466-d427-4d0b-b35f-bb045bb3f0a9" />
    <UnitTestResult executionId="4dc71f48-85ba-4273-92c8-147139e0de65" testId="a4e6ddd9-7583-3067-73cf-2e7840fff423" testName="SGuard.DataAnnotations.Tests.Attributes.SGuardValidationAttributeBaseFallbackTests.Returns_ResourceNameInBrackets_IfNoFallbacksExist" computerName="runnervmf4ws1" duration="00:00:00.0072224" startTime="2025-09-09T22:27:26.7658221+00:00" endTime="2025-09-09T22:27:26.8210831+00:00" testType="13cdc9d9-ddb5-4fa4-a97d-d965ccfc6d4b" outcome="Passed" testListId="8c84fa94-04c1-424b-9868-57a2d4851a1d" relativeResultsDirectory="4dc71f48-85ba-4273-92c8-147139e0de65" />
    <UnitTestResult executionId="55678b92-1f3e-4568-900d-4c099eb56827" testId="842e542c-40fa-3c20-0411-bbfe8c1ae453" testName="SGuard.DataAnnotations.Tests.Attributes.SGuardRequiredIfAttributeTests.ReturnsError_WhenDependentPropertyDoesNotExist" computerName="runnervmf4ws1" duration="00:00:00.0001669" startTime="2025-09-09T22:27:26.4776559+00:00" endTime="2025-09-09T22:27:26.4777225+00:00" testType="13cdc9d9-ddb5-4fa4-a97d-d965ccfc6d4b" outcome="Passed" testListId="8c84fa94-04c1-424b-9868-57a2d4851a1d" relativeResultsDirectory="55678b92-1f3e-4568-900d-4c099eb56827" />
    <UnitTestResult executionId="46ffd604-c852-47a8-8a9b-6713ecc863e7" testId="c7ec37c9-24c3-32c1-fc65-b1136af2dde0" testName="SGuard.DataAnnotations.Tests.Attributes.SGuardRequiredIfAttributeTests.ReturnsError_WhenConditionMet_AndValueIsNull" computerName="runnervmf4ws1" duration="00:00:00.0001292" startTime="2025-09-09T22:27:26.4794129+00:00" endTime="2025-09-09T22:27:26.4794803+00:00" testType="13cdc9d9-ddb5-4fa4-a97d-d965ccfc6d4b" outcome="Passed" testListId="8c84fa94-04c1-424b-9868-57a2d4851a1d" relativeResultsDirectory="46ffd604-c852-47a8-8a9b-6713ecc863e7" />
    <UnitTestResult executionId="469cb7ff-a8b0-41f1-af4e-04e6a3cf1d61" testId="41b05ee3-12ce-b627-2955-98b195d56a3d" testName="SGuard.DataAnnotations.Tests.Attributes.SGuardStringLengthAttributeTests.ThrowsArgumentNullException_WhenResourceNameIsNull" computerName="runnervmf4ws1" duration="00:00:00.0002039" startTime="2025-09-09T22:27:26.5516529+00:00" endTime="2025-09-09T22:27:26.5517428+00:00" testType="13cdc9d9-ddb5-4fa4-a97d-d965ccfc6d4b" outcome="Passed" testListId="8c84fa94-04c1-424b-9868-57a2d4851a1d" relativeResultsDirectory="469cb7ff-a8b0-41f1-af4e-04e6a3cf1d61" />
    <UnitTestResult executionId="32afdf3b-1fbb-449a-b6e7-42ba9810cc9e" testId="d1b029e0-b871-55db-0bbc-4a36bc450b81" testName="SGuard.DataAnnotations.Tests.Attributes.SGuardGreaterThanAttributeTests.ReturnsError_WhenDateValueIsNotGreaterThanOther" computerName="runnervmf4ws1" duration="00:00:00.0003956" startTime="2025-09-09T22:27:26.2971402+00:00" endTime="2025-09-09T22:27:26.2972474+00:00" testType="13cdc9d9-ddb5-4fa4-a97d-d965ccfc6d4b" outcome="Passed" testListId="8c84fa94-04c1-424b-9868-57a2d4851a1d" relativeResultsDirectory="32afdf3b-1fbb-449a-b6e7-42ba9810cc9e" />
    <UnitTestResult executionId="847aa896-f328-4efc-92e9-57ca03e6aeef" testId="d22fb08b-8562-9efb-f076-1e553fb1dcde" testName="SGuard.DataAnnotations.Tests.Attributes.SGuardCreditCardAttributeTests.Constructor_SetsPropertiesCorrectly" computerName="runnervmf4ws1" duration="00:00:00.0001060" startTime="2025-09-09T22:27:26.5858079+00:00" endTime="2025-09-09T22:27:26.5859805+00:00" testType="13cdc9d9-ddb5-4fa4-a97d-d965ccfc6d4b" outcome="Passed" testListId="8c84fa94-04c1-424b-9868-57a2d4851a1d" relativeResultsDirectory="847aa896-f328-4efc-92e9-57ca03e6aeef" />
    <UnitTestResult executionId="1c8f9445-7424-4037-bdae-ed1468155d8f" testId="915cc370-a4c5-cec5-8e75-cea5cb32f409" testName="SGuard.DataAnnotations.Tests.Attributes.SGuardBetweenAttributeTests.ReturnsSuccess_WhenValueIsWithinInclusiveRange" computerName="runnervmf4ws1" duration="00:00:00.0001412" startTime="2025-09-09T22:27:26.7056490+00:00" endTime="2025-09-09T22:27:26.7057888+00:00" testType="13cdc9d9-ddb5-4fa4-a97d-d965ccfc6d4b" outcome="Passed" testListId="8c84fa94-04c1-424b-9868-57a2d4851a1d" relativeResultsDirectory="1c8f9445-7424-4037-bdae-ed1468155d8f" />
    <UnitTestResult executionId="f7be0827-90aa-4aba-b7f6-7657013bcb3a" testId="191f749e-fb36-423d-3ffc-8c8d13d8da31" testName="SGuard.DataAnnotations.Tests.Attributes.SGuardBetweenAttributeTests.ReturnsError_WhenMaxValueIsNull" computerName="runnervmf4ws1" duration="00:00:00.0002168" startTime="2025-09-09T22:27:26.7139097+00:00" endTime="2025-09-09T22:27:26.7140620+00:00" testType="13cdc9d9-ddb5-4fa4-a97d-d965ccfc6d4b" outcome="Passed" testListId="8c84fa94-04c1-424b-9868-57a2d4851a1d" relativeResultsDirectory="f7be0827-90aa-4aba-b7f6-7657013bcb3a" />
    <UnitTestResult executionId="0a869468-198c-4b48-b004-b13a3a948b8f" testId="41a84c1e-5a9a-50f8-afd2-e1d1876eb648" testName="SGuard.DataAnnotations.Tests.Attributes.SGuardBetweenAttributeTests.ReturnsLocalizedErrorMessage_WhenCultureIsSet(culture: &quot;ru&quot;)" computerName="runnervmf4ws1" duration="00:00:00.0001447" startTime="2025-09-09T22:27:26.6456892+00:00" endTime="2025-09-09T22:27:26.6458295+00:00" testType="13cdc9d9-ddb5-4fa4-a97d-d965ccfc6d4b" outcome="Passed" testListId="8c84fa94-04c1-424b-9868-57a2d4851a1d" relativeResultsDirectory="0a869468-198c-4b48-b004-b13a3a948b8f" />
    <UnitTestResult executionId="7681a8e9-cffc-4600-845c-bceec5334843" testId="8757c1db-8a30-5429-c0a6-7eb71a1574b4" testName="SGuard.DataAnnotations.Tests.Attributes.SGuardEmailAddressAttributeTests.ReturnsNull_WhenValueIsUnsupportedInternationalEmail(email: &quot;test@日本.jp&quot;)" computerName="runnervmf4ws1" duration="00:00:00.0000102" startTime="2025-09-09T22:27:26.3682987+00:00" endTime="2025-09-09T22:27:26.3689456+00:00" testType="13cdc9d9-ddb5-4fa4-a97d-d965ccfc6d4b" outcome="Passed" testListId="8c84fa94-04c1-424b-9868-57a2d4851a1d" relativeResultsDirectory="7681a8e9-cffc-4600-845c-bceec5334843" />
    <UnitTestResult executionId="f5a94177-4238-4135-a6a6-e546beb99074" testId="5f026a22-c8d0-28d9-a261-3c20625721a0" testName="SGuard.DataAnnotations.Tests.Attributes.SGuardBetweenAttributeTests.ReturnsSuccess_WhenValueIsWithinExclusiveRange" computerName="runnervmf4ws1" duration="00:00:00.0001441" startTime="2025-09-09T22:27:26.7155062+00:00" endTime="2025-09-09T22:27:26.7156551+00:00" testType="13cdc9d9-ddb5-4fa4-a97d-d965ccfc6d4b" outcome="Passed" testListId="8c84fa94-04c1-424b-9868-57a2d4851a1d" relativeResultsDirectory="f5a94177-4238-4135-a6a6-e546beb99074" />
    <UnitTestResult executionId="4ff18840-ff97-4b03-bf2a-078f7414e4eb" testId="f4355151-5143-6537-86b3-bbe7fff78f20" testName="SGuard.DataAnnotations.Tests.Attributes.SGuardMinCountAttributeTests.ReturnsSuccess_WhenDictionaryCountIsGreaterThanMin" computerName="runnervmf4ws1" duration="00:00:00.0002207" startTime="2025-09-09T22:27:26.2743156+00:00" endTime="2025-09-09T22:27:26.2744241+00:00" testType="13cdc9d9-ddb5-4fa4-a97d-d965ccfc6d4b" outcome="Passed" testListId="8c84fa94-04c1-424b-9868-57a2d4851a1d" relativeResultsDirectory="4ff18840-ff97-4b03-bf2a-078f7414e4eb" />
    <UnitTestResult executionId="ed40745c-b90d-4fcf-82e4-48bb616be94b" testId="7e4292f7-6425-1e35-7f1d-4be9ff6ec305" testName="SGuard.DataAnnotations.Tests.Attributes.SGuardBetweenAttributeTests.WorksWithDecimalValues_Inclusive" computerName="runnervmf4ws1" duration="00:00:00.0004140" startTime="2025-09-09T22:27:26.8042164+00:00" endTime="2025-09-09T22:27:26.8043952+00:00" testType="13cdc9d9-ddb5-4fa4-a97d-d965ccfc6d4b" outcome="Passed" testListId="8c84fa94-04c1-424b-9868-57a2d4851a1d" relativeResultsDirectory="ed40745c-b90d-4fcf-82e4-48bb616be94b" />
    <UnitTestResult executionId="ae236836-135e-4cdf-9cd0-15b3412321fb" testId="d4bc526c-662a-9d26-36b5-1e54e7922be1" testName="SGuard.DataAnnotations.Tests.Attributes.SGuardCreditCardAttributeTests.EcommerceCheckout_FormattedCard_Success" computerName="runnervmf4ws1" duration="00:00:00.0001613" startTime="2025-09-09T22:27:26.6020623+00:00" endTime="2025-09-09T22:27:26.6022020+00:00" testType="13cdc9d9-ddb5-4fa4-a97d-d965ccfc6d4b" outcome="Passed" testListId="8c84fa94-04c1-424b-9868-57a2d4851a1d" relativeResultsDirectory="ae236836-135e-4cdf-9cd0-15b3412321fb" />
    <UnitTestResult executionId="fbc60a99-2f0c-402e-9191-55bb412d4cb2" testId="f2ac8eb8-7f9a-a4b7-d9b1-f5b950d32be0" testName="SGuard.DataAnnotations.Tests.Attributes.SGuardMaxCountAttributeTests.ReturnsSuccess_WhenListCountIsEqualToMax" computerName="runnervmf4ws1" duration="00:00:00.0001850" startTime="2025-09-09T22:27:26.4559888+00:00" endTime="2025-09-09T22:27:26.4560554+00:00" testType="13cdc9d9-ddb5-4fa4-a97d-d965ccfc6d4b" outcome="Passed" testListId="8c84fa94-04c1-424b-9868-57a2d4851a1d" relativeResultsDirectory="fbc60a99-2f0c-402e-9191-55bb412d4cb2" />
    <UnitTestResult executionId="835d9368-9a53-498f-a4f4-8f7b9c8795be" testId="aa58fa94-3b77-4284-5e30-10cd402a35b1" testName="SGuard.DataAnnotations.Tests.DataAnnotation.ThrowIfTests.DataAnnotationsInValid_CallbackIsInvoked" computerName="runnervmf4ws1" duration="00:00:00.0003708" startTime="2025-09-09T22:27:26.6869731+00:00" endTime="2025-09-09T22:27:26.6871019+00:00" testType="13cdc9d9-ddb5-4fa4-a97d-d965ccfc6d4b" outcome="Passed" testListId="8c84fa94-04c1-424b-9868-57a2d4851a1d" relativeResultsDirectory="835d9368-9a53-498f-a4f4-8f7b9c8795be" />
    <UnitTestResult executionId="47d80575-37d3-4d4a-8ada-a39c977126c5" testId="791ba3c9-e2ec-2647-6231-6e889590b831" testName="SGuard.DataAnnotations.Tests.Attributes.SGuardCreditCardAttributeTests.ReturnsSuccess_WhenValueIsValidDinersClub" computerName="runnervmf4ws1" duration="00:00:00.0001531" startTime="2025-09-09T22:27:26.5977729+00:00" endTime="2025-09-09T22:27:26.5979341+00:00" testType="13cdc9d9-ddb5-4fa4-a97d-d965ccfc6d4b" outcome="Passed" testListId="8c84fa94-04c1-424b-9868-57a2d4851a1d" relativeResultsDirectory="47d80575-37d3-4d4a-8ada-a39c977126c5" />
    <UnitTestResult executionId="05fb79c1-a7c8-494d-ac9d-79685e66e569" testId="aa49b1a7-b42b-1198-9a54-7252e411bd8c" testName="SGuard.DataAnnotations.Tests.Attributes.SGuardRequiredIfAttributeTests.ReturnsSuccess_WhenInvertIsTrue_AndConditionIsMet_AndValueIsNull" computerName="runnervmf4ws1" duration="00:00:00.0001276" startTime="2025-09-09T22:27:26.4764673+00:00" endTime="2025-09-09T22:27:26.4766028+00:00" testType="13cdc9d9-ddb5-4fa4-a97d-d965ccfc6d4b" outcome="Passed" testListId="8c84fa94-04c1-424b-9868-57a2d4851a1d" relativeResultsDirectory="05fb79c1-a7c8-494d-ac9d-79685e66e569" />
    <UnitTestResult executionId="5e6e6707-d1d7-44e1-b833-153ec37d8677" testId="eeba8c98-cf03-8526-2da6-dee16fbaef49" testName="SGuard.DataAnnotations.Tests.Attributes.SGuardCreditCardAttributeTests.ReturnsError_WhenLuhnChecksumFails" computerName="runnervmf4ws1" duration="00:00:00.0001581" startTime="2025-09-09T22:27:26.6088605+00:00" endTime="2025-09-09T22:27:26.6090026+00:00" testType="13cdc9d9-ddb5-4fa4-a97d-d965ccfc6d4b" outcome="Passed" testListId="8c84fa94-04c1-424b-9868-57a2d4851a1d" relativeResultsDirectory="5e6e6707-d1d7-44e1-b833-153ec37d8677" />
    <UnitTestResult executionId="f4adb012-6425-4791-bd81-7461816e534f" testId="3d035846-09a7-d4eb-b706-8b783fcd4620" testName="SGuard.DataAnnotations.Tests.Attributes.SGuardCreditCardAttributeTests.ReturnsSuccess_WhenValueIsValidTestCreditCard(cardNumber: &quot;4000000000000010&quot;)" computerName="runnervmf4ws1" duration="00:00:00.0000064" startTime="2025-09-09T22:27:26.4949725+00:00" endTime="2025-09-09T22:27:26.4951008+00:00" testType="13cdc9d9-ddb5-4fa4-a97d-d965ccfc6d4b" outcome="Passed" testListId="8c84fa94-04c1-424b-9868-57a2d4851a1d" relativeResultsDirectory="f4adb012-6425-4791-bd81-7461816e534f" />
    <UnitTestResult executionId="92b70975-20a8-4b75-967a-5c08688c6cd0" testId="f9f8c945-4c81-643a-d9d2-4a8d836c22cd" testName="SGuard.DataAnnotations.Tests.Attributes.SGuardCreditCardAttributeTests.ReturnsError_WhenTabsAndNewlines" computerName="runnervmf4ws1" duration="00:00:00.0001392" startTime="2025-09-09T22:27:26.6121274+00:00" endTime="2025-09-09T22:27:26.6122576+00:00" testType="13cdc9d9-ddb5-4fa4-a97d-d965ccfc6d4b" outcome="Passed" testListId="8c84fa94-04c1-424b-9868-57a2d4851a1d" relativeResultsDirectory="92b70975-20a8-4b75-967a-5c08688c6cd0" />
    <UnitTestResult executionId="f76b73ef-7a9a-4fbd-b0be-5b9a5d8307c5" testId="f411bd58-ac3a-44a3-7650-4adf178fb426" testName="SGuard.DataAnnotations.Tests.Attributes.SGuardMaxCountAttributeTests.ReturnsError_WhenEnumerableCountExceedsMax" computerName="runnervmf4ws1" duration="00:00:00.0001628" startTime="2025-09-09T22:27:26.4551458+00:00" endTime="2025-09-09T22:27:26.4552155+00:00" testType="13cdc9d9-ddb5-4fa4-a97d-d965ccfc6d4b" outcome="Passed" testListId="8c84fa94-04c1-424b-9868-57a2d4851a1d" relativeResultsDirectory="f76b73ef-7a9a-4fbd-b0be-5b9a5d8307c5" />
    <UnitTestResult executionId="e069abcc-ec2f-44cc-ad14-7cbb8f99b282" testId="2986eca1-77a1-4319-3b1b-6fa3d5a3f516" testName="SGuard.DataAnnotations.Tests.Attributes.SGuardBetweenAttributeTests.Constructor_DefaultsToInclusive" computerName="runnervmf4ws1" duration="00:00:00.0000827" startTime="2025-09-09T22:27:26.7187955+00:00" endTime="2025-09-09T22:27:26.7189631+00:00" testType="13cdc9d9-ddb5-4fa4-a97d-d965ccfc6d4b" outcome="Passed" testListId="8c84fa94-04c1-424b-9868-57a2d4851a1d" relativeResultsDirectory="e069abcc-ec2f-44cc-ad14-7cbb8f99b282" />
    <UnitTestResult executionId="cb6e61d8-48d8-479f-9a19-785bf8cc4324" testId="266cbee7-f68f-4b26-f221-d20b6f814953" testName="SGuard.DataAnnotations.Tests.Attributes.SGuardMaxCountAttributeTests.ReturnsSuccess_WhenCollectionCountIsZero" computerName="runnervmf4ws1" duration="00:00:00.0002289" startTime="2025-09-09T22:27:26.4537807+00:00" endTime="2025-09-09T22:27:26.4539392+00:00" testType="13cdc9d9-ddb5-4fa4-a97d-d965ccfc6d4b" outcome="Passed" testListId="8c84fa94-04c1-424b-9868-57a2d4851a1d" relativeResultsDirectory="cb6e61d8-48d8-479f-9a19-785bf8cc4324" />
    <UnitTestResult executionId="d2b73eaf-9a7b-44b6-add9-6f3de035c142" testId="b6ca7894-434a-5884-55a8-7095b45f842e" testName="SGuard.DataAnnotations.Tests.Attributes.SGuardCreditCardAttributeTests.ReturnsError_WhenValueIsTooLong" computerName="runnervmf4ws1" duration="00:00:00.0001381" startTime="2025-09-09T22:27:26.6136378+00:00" endTime="2025-09-09T22:27:26.6137851+00:00" testType="13cdc9d9-ddb5-4fa4-a97d-d965ccfc6d4b" outcome="Passed" testListId="8c84fa94-04c1-424b-9868-57a2d4851a1d" relativeResultsDirectory="d2b73eaf-9a7b-44b6-add9-6f3de035c142" />
    <UnitTestResult executionId="9ed24624-65ec-4ffa-bdcb-3ec4e5bebe22" testId="ae95f8f1-e062-9428-8825-545025260de6" testName="SGuard.DataAnnotations.Tests.Attributes.SGuardBetweenAttributeTests.ReturnsError_WhenValueIsBelowMin_Inclusive" computerName="runnervmf4ws1" duration="00:00:00.0001570" startTime="2025-09-09T22:27:26.8073061+00:00" endTime="2025-09-09T22:27:26.8074434+00:00" testType="13cdc9d9-ddb5-4fa4-a97d-d965ccfc6d4b" outcome="Passed" testListId="8c84fa94-04c1-424b-9868-57a2d4851a1d" relativeResultsDirectory="9ed24624-65ec-4ffa-bdcb-3ec4e5bebe22" />
    <UnitTestResult executionId="510f9871-194e-4525-a80e-98bfe9db00a3" testId="75d2aff9-bd09-f5dd-0d61-8a79007e5e63" testName="SGuard.DataAnnotations.Tests.Attributes.SGuardCreditCardAttributeTests.ReturnsLocalizedErrorMessage_WhenCultureIsSet(culture: &quot;tr&quot;)" computerName="runnervmf4ws1" duration="00:00:00.0000160" startTime="2025-09-09T22:27:26.5640519+00:00" endTime="2025-09-09T22:27:26.5641570+00:00" testType="13cdc9d9-ddb5-4fa4-a97d-d965ccfc6d4b" outcome="Passed" testListId="8c84fa94-04c1-424b-9868-57a2d4851a1d" relativeResultsDirectory="510f9871-194e-4525-a80e-98bfe9db00a3" />
    <UnitTestResult executionId="6ed5391e-9224-4642-bb2d-52daa150e745" testId="624a2de5-bfea-7fa5-ee1a-26526dad9b4c" testName="SGuard.DataAnnotations.Tests.Attributes.SGuardEmailAddressAttributeTests.ReturnsSuccess_WhenValueIsCommonEmailProvider(email: &quot;user@hotmail.com&quot;)" computerName="runnervmf4ws1" duration="00:00:00.0037245" startTime="2025-09-09T22:27:26.3163940+00:00" endTime="2025-09-09T22:27:26.3171008+00:00" testType="13cdc9d9-ddb5-4fa4-a97d-d965ccfc6d4b" outcome="Passed" testListId="8c84fa94-04c1-424b-9868-57a2d4851a1d" relativeResultsDirectory="6ed5391e-9224-4642-bb2d-52daa150e745" />
    <UnitTestResult executionId="aa5e9f7c-aa0a-4762-bee8-30aba4e9b4f5" testId="a484b60c-6e92-f3f0-aa33-178dfb90559c" testName="SGuard.DataAnnotations.Tests.Attributes.SGuardCreditCardAttributeTests.Constructor_ThrowsArgumentNullException_WhenResourceTypeIsNull" computerName="runnervmf4ws1" duration="00:00:00.0002046" startTime="2025-09-09T22:27:26.6217444+00:00" endTime="2025-09-09T22:27:26.6218987+00:00" testType="13cdc9d9-ddb5-4fa4-a97d-d965ccfc6d4b" outcome="Passed" testListId="8c84fa94-04c1-424b-9868-57a2d4851a1d" relativeResultsDirectory="aa5e9f7c-aa0a-4762-bee8-30aba4e9b4f5" />
    <UnitTestResult executionId="911abe07-10cf-45fc-bd99-d91e6c17690b" testId="05a3b24a-9973-d8c2-2a27-3d4a83d88f8d" testName="SGuard.DataAnnotations.Tests.Attributes.SGuardMaxCountAttributeTests.ReturnsSuccess_WhenDictionaryCountIsLessThanMax" computerName="runnervmf4ws1" duration="00:00:00.0002319" startTime="2025-09-09T22:27:26.4602473+00:00" endTime="2025-09-09T22:27:26.4604254+00:00" testType="13cdc9d9-ddb5-4fa4-a97d-d965ccfc6d4b" outcome="Passed" testListId="8c84fa94-04c1-424b-9868-57a2d4851a1d" relativeResultsDirectory="911abe07-10cf-45fc-bd99-d91e6c17690b" />
    <UnitTestResult executionId="cc622232-18e8-4d97-b135-544fcf9bf52a" testId="83224292-1ad2-5a31-0125-83f3c1a60c2f" testName="SGuard.DataAnnotations.Tests.Attributes.SGuardCompareAttributeTests.ReturnsLocalizedErrorMessage_WhenCultureIsSet(culture: &quot;ru&quot;)" computerName="runnervmf4ws1" duration="00:00:00.0003281" startTime="2025-09-09T22:27:26.3071485+00:00" endTime="2025-09-09T22:27:26.3085830+00:00" testType="13cdc9d9-ddb5-4fa4-a97d-d965ccfc6d4b" outcome="Passed" testListId="8c84fa94-04c1-424b-9868-57a2d4851a1d" relativeResultsDirectory="cc622232-18e8-4d97-b135-544fcf9bf52a" />
    <UnitTestResult executionId="a0a3cbec-6923-4f4b-90b2-b5a543d5003d" testId="8bba85ac-7331-5b3e-7c3e-24a62ec19478" testName="SGuard.DataAnnotations.Tests.Attributes.SGuardMaxLengthAttributeTests.ThrowsArgumentNullException_WhenResourceNameIsNull" computerName="runnervmf4ws1" duration="00:00:00.0059250" startTime="2025-09-09T22:27:26.4499285+00:00" endTime="2025-09-09T22:27:26.4677079+00:00" testType="13cdc9d9-ddb5-4fa4-a97d-d965ccfc6d4b" outcome="Passed" testListId="8c84fa94-04c1-424b-9868-57a2d4851a1d" relativeResultsDirectory="a0a3cbec-6923-4f4b-90b2-b5a543d5003d" />
    <UnitTestResult executionId="99c6af3c-1ad5-48d9-abd5-dc9f13ab2977" testId="7bc348cd-ba18-eb29-c5c6-cbdbd749bb83" testName="SGuard.DataAnnotations.Tests.Attributes.SGuardCompareAttributeTests.ReturnsError_WhenOtherPropertyIsNull" computerName="runnervmf4ws1" duration="00:00:00.0001811" startTime="2025-09-09T22:27:26.2908161+00:00" endTime="2025-09-09T22:27:26.2909464+00:00" testType="13cdc9d9-ddb5-4fa4-a97d-d965ccfc6d4b" outcome="Passed" testListId="8c84fa94-04c1-424b-9868-57a2d4851a1d" relativeResultsDirectory="99c6af3c-1ad5-48d9-abd5-dc9f13ab2977" />
    <UnitTestResult executionId="a426e2f4-a72c-49b3-94a4-f50a484650c5" testId="7878f711-caab-1cca-2af9-08abc8bcb3d3" testName="SGuard.DataAnnotations.Tests.Attributes.SGuardCompareAttributeTests.ReturnsError_WhenPropertiesAreDifferent" computerName="runnervmf4ws1" duration="00:00:00.0001449" startTime="2025-09-09T22:27:26.3571911+00:00" endTime="2025-09-09T22:27:26.3572440+00:00" testType="13cdc9d9-ddb5-4fa4-a97d-d965ccfc6d4b" outcome="Passed" testListId="8c84fa94-04c1-424b-9868-57a2d4851a1d" relativeResultsDirectory="a426e2f4-a72c-49b3-94a4-f50a484650c5" />
    <UnitTestResult executionId="6107d12e-cd9c-453f-9e8b-b386414ad782" testId="67af8a8d-4a22-a9e2-abf0-def7c53b0fd8" testName="SGuard.DataAnnotations.Tests.Attributes.SGuardEmailAddressAttributeTests.ReturnsError_WhenValueIsInvalidEmailFormat(email: &quot;@domain.com&quot;)" computerName="runnervmf4ws1" duration="00:00:00.0000122" startTime="2025-09-09T22:27:26.3835330+00:00" endTime="2025-09-09T22:27:26.3836434+00:00" testType="13cdc9d9-ddb5-4fa4-a97d-d965ccfc6d4b" outcome="Passed" testListId="8c84fa94-04c1-424b-9868-57a2d4851a1d" relativeResultsDirectory="6107d12e-cd9c-453f-9e8b-b386414ad782" />
    <UnitTestResult executionId="e6c5fe5f-be8c-48bc-af06-f6442c7abbc6" testId="b0de6877-7369-beb8-bfcb-699e4af08d17" testName="SGuard.DataAnnotations.Tests.Attributes.SGuardBetweenAttributeTests.ReturnsError_WhenValueIsNotComparable" computerName="runnervmf4ws1" duration="00:00:00.0002841" startTime="2025-09-09T22:27:26.7947067+00:00" endTime="2025-09-09T22:27:26.7948696+00:00" testType="13cdc9d9-ddb5-4fa4-a97d-d965ccfc6d4b" outcome="Passed" testListId="8c84fa94-04c1-424b-9868-57a2d4851a1d" relativeResultsDirectory="e6c5fe5f-be8c-48bc-af06-f6442c7abbc6" />
    <UnitTestResult executionId="53df45f6-9771-44c2-90ff-b24ef33b0642" testId="e637339b-b38a-22b1-d566-282380c17576" testName="SGuard.DataAnnotations.Tests.Attributes.SGuardEmailAddressAttributeTests.ReturnsSuccess_WhenValueIsBusinessEmailFormat(email: &quot;sales@enterprise.eu&quot;)" computerName="runnervmf4ws1" duration="00:00:00.0001572" startTime="2025-09-09T22:27:26.3263597+00:00" endTime="2025-09-09T22:27:26.3264587+00:00" testType="13cdc9d9-ddb5-4fa4-a97d-d965ccfc6d4b" outcome="Passed" testListId="8c84fa94-04c1-424b-9868-57a2d4851a1d" relativeResultsDirectory="53df45f6-9771-44c2-90ff-b24ef33b0642" />
    <UnitTestResult executionId="c5a9e1c3-fea4-4f12-9ad3-2e9b8a8a20b0" testId="0b94c834-d90e-9605-45d2-d9d132ae666f" testName="SGuard.DataAnnotations.Tests.Attributes.SGuardCreditCardAttributeTests.ReturnsSuccess_WhenValueIsValidTestCreditCard(cardNumber: &quot;5105105105105100&quot;)" computerName="runnervmf4ws1" duration="00:00:00.0005001" startTime="2025-09-09T22:27:26.4908025+00:00" endTime="2025-09-09T22:27:26.4909410+00:00" testType="13cdc9d9-ddb5-4fa4-a97d-d965ccfc6d4b" outcome="Passed" testListId="8c84fa94-04c1-424b-9868-57a2d4851a1d" relativeResultsDirectory="c5a9e1c3-fea4-4f12-9ad3-2e9b8a8a20b0" />
    <UnitTestResult executionId="6a7247f7-1503-47c7-99e3-303fc6a0b790" testId="06fd7059-3d6f-6c93-7a5a-42eb775a541b" testName="SGuard.DataAnnotations.Tests.Attributes.SGuardCreditCardAttributeTests.ReturnsSuccess_WhenValueIsValidTestCreditCard(cardNumber: &quot;3566002020360505&quot;)" computerName="runnervmf4ws1" duration="00:00:00.0000038" startTime="2025-09-09T22:27:26.5107573+00:00" endTime="2025-09-09T22:27:26.5108629+00:00" testType="13cdc9d9-ddb5-4fa4-a97d-d965ccfc6d4b" outcome="Passed" testListId="8c84fa94-04c1-424b-9868-57a2d4851a1d" relativeResultsDirectory="6a7247f7-1503-47c7-99e3-303fc6a0b790" />
    <UnitTestResult executionId="97e7d73e-aec4-4edf-9686-b749510195ba" testId="701f587a-5d18-199f-026c-ebd21e1df910" testName="SGuard.DataAnnotations.Tests.Attributes.SGuardRangeAttributeTests.ReturnsLocalizedErrorMessage_WhenCultureIsSetToTurkish" computerName="runnervmf4ws1" duration="00:00:00.0042817" startTime="2025-09-09T22:27:26.7359085+00:00" endTime="2025-09-09T22:27:26.7360389+00:00" testType="13cdc9d9-ddb5-4fa4-a97d-d965ccfc6d4b" outcome="Passed" testListId="8c84fa94-04c1-424b-9868-57a2d4851a1d" relativeResultsDirectory="97e7d73e-aec4-4edf-9686-b749510195ba" />
    <UnitTestResult executionId="7c8df84b-5643-4ba9-a16e-ab0198b04548" testId="ed1d94bc-fd0b-21ab-f84b-7c81cc08363b" testName="SGuard.DataAnnotations.Tests.Attributes.SGuardEmailAddressAttributeTests.ReturnsSuccess_WhenValueIsCommonEmailProvider(email: &quot;user@icloud.com&quot;)" computerName="runnervmf4ws1" duration="00:00:00.0000080" startTime="2025-09-09T22:27:26.3188465+00:00" endTime="2025-09-09T22:27:26.3189728+00:00" testType="13cdc9d9-ddb5-4fa4-a97d-d965ccfc6d4b" outcome="Passed" testListId="8c84fa94-04c1-424b-9868-57a2d4851a1d" relativeResultsDirectory="7c8df84b-5643-4ba9-a16e-ab0198b04548" />
    <UnitTestResult executionId="98afb82b-0178-4a6d-92f8-101a220e64ae" testId="90364ebf-e194-1b77-acdc-71873e1b7143" testName="SGuard.DataAnnotations.Tests.Attributes.SGuardCompareAttributeTests.WorksWithNullableValues_BothHaveValues" computerName="runnervmf4ws1" duration="00:00:00.0067587" startTime="2025-09-09T22:27:26.2595886+00:00" endTime="2025-09-09T22:27:26.2786838+00:00" testType="13cdc9d9-ddb5-4fa4-a97d-d965ccfc6d4b" outcome="Passed" testListId="8c84fa94-04c1-424b-9868-57a2d4851a1d" relativeResultsDirectory="98afb82b-0178-4a6d-92f8-101a220e64ae" />
    <UnitTestResult executionId="7b78d462-db47-45f4-a14b-b9d3242e3e97" testId="07fcde81-a5d2-9bc2-a2d7-57e55070e45d" testName="SGuard.DataAnnotations.Tests.Attributes.SGuardCreditCardAttributeTests.ReturnsSuccess_WhenValueIsEmpty" computerName="runnervmf4ws1" duration="00:00:00.0001280" startTime="2025-09-09T22:27:26.6105873+00:00" endTime="2025-09-09T22:27:26.6107237+00:00" testType="13cdc9d9-ddb5-4fa4-a97d-d965ccfc6d4b" outcome="Passed" testListId="8c84fa94-04c1-424b-9868-57a2d4851a1d" relativeResultsDirectory="7b78d462-db47-45f4-a14b-b9d3242e3e97" />
    <UnitTestResult executionId="579c7abc-7ef6-4dea-a313-02352ec9b82f" testId="71aa4210-ac3e-e7c3-0653-b089cbb506b7" testName="SGuard.DataAnnotations.Tests.Attributes.SGuardCreditCardAttributeTests.PaymentForm_InvalidCreditCard_Failure" computerName="runnervmf4ws1" duration="00:00:00.0001361" startTime="2025-09-09T22:27:26.6233013+00:00" endTime="2025-09-09T22:27:26.6234518+00:00" testType="13cdc9d9-ddb5-4fa4-a97d-d965ccfc6d4b" outcome="Passed" testListId="8c84fa94-04c1-424b-9868-57a2d4851a1d" relativeResultsDirectory="579c7abc-7ef6-4dea-a313-02352ec9b82f" />
    <UnitTestResult executionId="169f2517-d947-4c76-8466-47a77677e381" testId="34bb9170-eeee-de83-f14e-fab906187457" testName="SGuard.DataAnnotations.Tests.Attributes.SGuardEmailAddressAttributeTests.ReturnsLocalizedErrorMessage_WhenCultureIsSet(culture: &quot;ja&quot;)" computerName="runnervmf4ws1" duration="00:00:00.0000191" startTime="2025-09-09T22:27:26.3487500+00:00" endTime="2025-09-09T22:27:26.3493271+00:00" testType="13cdc9d9-ddb5-4fa4-a97d-d965ccfc6d4b" outcome="Passed" testListId="8c84fa94-04c1-424b-9868-57a2d4851a1d" relativeResultsDirectory="169f2517-d947-4c76-8466-47a77677e381" />
    <UnitTestResult executionId="b84fad77-c18e-4e95-bb07-4cfa27765c4f" testId="efcc2e9e-2f85-0ef0-5d17-1938b92c7600" testName="SGuard.DataAnnotations.Tests.Attributes.SGuardEmailAddressAttributeTests.ReturnsError_WhenValueIsInvalidEmailFormat(email: &quot;@missinglocalpart.com&quot;)" computerName="runnervmf4ws1" duration="00:00:00.0000064" startTime="2025-09-09T22:27:26.3845217+00:00" endTime="2025-09-09T22:27:26.3846301+00:00" testType="13cdc9d9-ddb5-4fa4-a97d-d965ccfc6d4b" outcome="Passed" testListId="8c84fa94-04c1-424b-9868-57a2d4851a1d" relativeResultsDirectory="b84fad77-c18e-4e95-bb07-4cfa27765c4f" />
    <UnitTestResult executionId="fbf86fc1-0662-4798-a845-5ce48ece3f5d" testId="cad8a71e-9ec3-0cfe-ecda-314fd7839d3f" testName="SGuard.DataAnnotations.Tests.DataAnnotation.IsTests.DataAnnotationsValid_InvalidObject_ReturnsFalse" computerName="runnervmf4ws1" duration="00:00:00.0004750" startTime="2025-09-09T22:27:26.7507614+00:00" endTime="2025-09-09T22:27:26.7509232+00:00" testType="13cdc9d9-ddb5-4fa4-a97d-d965ccfc6d4b" outcome="Passed" testListId="8c84fa94-04c1-424b-9868-57a2d4851a1d" relativeResultsDirectory="fbf86fc1-0662-4798-a845-5ce48ece3f5d" />
    <UnitTestResult executionId="be41a6c3-e228-4622-822d-77a02ceeff67" testId="69c491e7-162a-f54d-99dd-afee817e1235" testName="SGuard.DataAnnotations.Tests.Attributes.SGuardCreditCardAttributeTests.Constructor_ThrowsArgumentNullException_WhenResourceNameIsNull" computerName="runnervmf4ws1" duration="00:00:00.0003163" startTime="2025-09-09T22:27:26.5904185+00:00" endTime="2025-09-09T22:27:26.5905366+00:00" testType="13cdc9d9-ddb5-4fa4-a97d-d965ccfc6d4b" outcome="Passed" testListId="8c84fa94-04c1-424b-9868-57a2d4851a1d" relativeResultsDirectory="be41a6c3-e228-4622-822d-77a02ceeff67" />
    <UnitTestResult executionId="0851c190-9549-490c-924e-38f28a2b8475" testId="dbb7f411-b5f6-5940-9199-3e373138ea62" testName="SGuard.DataAnnotations.Tests.Attributes.SGuardBetweenAttributeTests.ReturnsError_WhenMaxPropertyIsMissing" computerName="runnervmf4ws1" duration="00:00:00.0002588" startTime="2025-09-09T22:27:26.7930762+00:00" endTime="2025-09-09T22:27:26.7932180+00:00" testType="13cdc9d9-ddb5-4fa4-a97d-d965ccfc6d4b" outcome="Passed" testListId="8c84fa94-04c1-424b-9868-57a2d4851a1d" relativeResultsDirectory="0851c190-9549-490c-924e-38f28a2b8475" />
    <UnitTestResult executionId="65aba10a-f488-4827-9ec8-d10ce3c21a6e" testId="f949f09e-ebc0-f09b-1a13-db797c40c4c3" testName="SGuard.DataAnnotations.Tests.Attributes.SGuardCreditCardAttributeTests.ReturnsLocalizedErrorMessage_WhenCultureIsSet(culture: &quot;fr&quot;)" computerName="runnervmf4ws1" duration="00:00:00.0000189" startTime="2025-09-09T22:27:26.5588214+00:00" endTime="2025-09-09T22:27:26.5627100+00:00" testType="13cdc9d9-ddb5-4fa4-a97d-d965ccfc6d4b" outcome="Passed" testListId="8c84fa94-04c1-424b-9868-57a2d4851a1d" relativeResultsDirectory="65aba10a-f488-4827-9ec8-d10ce3c21a6e" />
    <UnitTestResult executionId="c747f8ab-cf53-4bdd-b5a1-3e5e39f9c127" testId="7ecabcdb-f2bf-5e92-6c91-f6117e8a09af" testName="SGuard.DataAnnotations.Tests.Attributes.SGuardEmailAddressAttributeTests.ReturnsSuccess_WhenValueIsValidEmailFormat(email: &quot;user_name@domain-name.com&quot;)" computerName="runnervmf4ws1" duration="00:00:00.0000052" startTime="2025-09-09T22:27:26.3753259+00:00" endTime="2025-09-09T22:27:26.3754377+00:00" testType="13cdc9d9-ddb5-4fa4-a97d-d965ccfc6d4b" outcome="Passed" testListId="8c84fa94-04c1-424b-9868-57a2d4851a1d" relativeResultsDirectory="c747f8ab-cf53-4bdd-b5a1-3e5e39f9c127" />
    <UnitTestResult executionId="256cddd3-0866-4fa8-be4c-2c0b9afa09eb" testId="c217cd52-6433-05a1-a077-a582de5aaa62" testName="SGuard.DataAnnotations.Tests.Attributes.SGuardLessThanAttributeTests.ReturnsError_WhenValueIsEqualToOther" computerName="runnervmf4ws1" duration="00:00:00.0002550" startTime="2025-09-09T22:27:26.7721414+00:00" endTime="2025-09-09T22:27:26.7722582+00:00" testType="13cdc9d9-ddb5-4fa4-a97d-d965ccfc6d4b" outcome="Passed" testListId="8c84fa94-04c1-424b-9868-57a2d4851a1d" relativeResultsDirectory="256cddd3-0866-4fa8-be4c-2c0b9afa09eb" />
    <UnitTestResult executionId="5518268a-f755-4beb-af86-69dfc3bc90e7" testId="5ea183d9-8439-dd6c-d705-0b7bf5efa48b" testName="SGuard.DataAnnotations.Tests.Attributes.SGuardCompareAttributeTests.ReturnsLocalizedErrorMessage_WhenCultureIsSet(culture: &quot;tr&quot;)" computerName="runnervmf4ws1" duration="00:00:00.0003005" startTime="2025-09-09T22:27:26.2992169+00:00" endTime="2025-09-09T22:27:26.2993272+00:00" testType="13cdc9d9-ddb5-4fa4-a97d-d965ccfc6d4b" outcome="Passed" testListId="8c84fa94-04c1-424b-9868-57a2d4851a1d" relativeResultsDirectory="5518268a-f755-4beb-af86-69dfc3bc90e7" />
    <UnitTestResult executionId="7b7a19a8-6675-4870-a0f6-f556a2345de5" testId="58eebdef-28a3-7d06-c213-4aa00f14b8b1" testName="SGuard.DataAnnotations.Tests.Attributes.SGuardEmailAddressAttributeTests.ReturnsError_WhenValueIsWhitespace" computerName="runnervmf4ws1" duration="00:00:00.0001530" startTime="2025-09-09T22:27:26.4051842+00:00" endTime="2025-09-09T22:27:26.4052672+00:00" testType="13cdc9d9-ddb5-4fa4-a97d-d965ccfc6d4b" outcome="Passed" testListId="8c84fa94-04c1-424b-9868-57a2d4851a1d" relativeResultsDirectory="7b7a19a8-6675-4870-a0f6-f556a2345de5" />
    <UnitTestResult executionId="36774653-5478-4d22-b1fc-18d4f3769879" testId="2a3930db-30f0-5441-9b21-5ddb855435ef" testName="SGuard.DataAnnotations.Tests.Attributes.SGuardEmailAddressAttributeTests.ReturnsError_WhenValueIsInvalidEmail" computerName="runnervmf4ws1" duration="00:00:00.0001306" startTime="2025-09-09T22:27:26.4076690+00:00" endTime="2025-09-09T22:27:26.4077606+00:00" testType="13cdc9d9-ddb5-4fa4-a97d-d965ccfc6d4b" outcome="Passed" testListId="8c84fa94-04c1-424b-9868-57a2d4851a1d" relativeResultsDirectory="36774653-5478-4d22-b1fc-18d4f3769879" />
    <UnitTestResult executionId="1529474a-874a-4ac0-9eca-ffeb5eb52b87" testId="25bfd5dc-d6fd-7060-1543-b6eff93eaa1d" testName="SGuard.DataAnnotations.Tests.Attributes.SGuardUrlAttributeTests.ThrowsArgumentNullException_WhenResourceTypeIsNull" computerName="runnervmf4ws1" duration="00:00:00.0002932" startTime="2025-09-09T22:27:26.4447618+00:00" endTime="2025-09-09T22:27:26.4449126+00:00" testType="13cdc9d9-ddb5-4fa4-a97d-d965ccfc6d4b" outcome="Passed" testListId="8c84fa94-04c1-424b-9868-57a2d4851a1d" relativeResultsDirectory="1529474a-874a-4ac0-9eca-ffeb5eb52b87" />
    <UnitTestResult executionId="1c8c1984-0cfb-42cd-a71e-a2ad9658ff6f" testId="6ad43e97-1e3e-ec83-e035-af1c369888de" testName="SGuard.DataAnnotations.Tests.Attributes.SGuardRangeAttributeTests.ReturnsError_WhenDoubleValueIsBelowRange" computerName="runnervmf4ws1" duration="00:00:00.0001694" startTime="2025-09-09T22:27:26.7435554+00:00" endTime="2025-09-09T22:27:26.7436973+00:00" testType="13cdc9d9-ddb5-4fa4-a97d-d965ccfc6d4b" outcome="Passed" testListId="8c84fa94-04c1-424b-9868-57a2d4851a1d" relativeResultsDirectory="1c8c1984-0cfb-42cd-a71e-a2ad9658ff6f" />
    <UnitTestResult executionId="a13ba7be-1a3b-4baa-8492-89479468cee1" testId="bd7bddfa-4b13-cac6-2538-99d0e6e9aaf2" testName="SGuard.DataAnnotations.Tests.Attributes.SGuardCreditCardAttributeTests.ReturnsError_WhenNumberIsAllSameDigit" computerName="runnervmf4ws1" duration="00:00:00.0001376" startTime="2025-09-09T22:27:26.5873867+00:00" endTime="2025-09-09T22:27:26.5875196+00:00" testType="13cdc9d9-ddb5-4fa4-a97d-d965ccfc6d4b" outcome="Passed" testListId="8c84fa94-04c1-424b-9868-57a2d4851a1d" relativeResultsDirectory="a13ba7be-1a3b-4baa-8492-89479468cee1" />
    <UnitTestResult executionId="e042e692-6953-4b8f-ac33-eaf0bb1db66a" testId="a35a1793-5ee3-f926-ff94-e5d154b60c65" testName="SGuard.DataAnnotations.Tests.Attributes.SGuardBetweenAttributeTests.HandlesNegativeValues_Inclusive" computerName="runnervmf4ws1" duration="00:00:00.0001340" startTime="2025-09-09T22:27:26.7962082+00:00" endTime="2025-09-09T22:27:26.7963339+00:00" testType="13cdc9d9-ddb5-4fa4-a97d-d965ccfc6d4b" outcome="Passed" testListId="8c84fa94-04c1-424b-9868-57a2d4851a1d" relativeResultsDirectory="e042e692-6953-4b8f-ac33-eaf0bb1db66a" />
    <UnitTestResult executionId="53f09e81-e6fd-4546-9f82-1954a74ed18c" testId="db6b1d5f-acf0-e056-417a-53af7ddfd69f" testName="SGuard.DataAnnotations.Tests.Attributes.SGuardLessThanAttributeTests.ReturnsLocalizedErrorMessage_WhenCultureIsSetToTurkish" computerName="runnervmf4ws1" duration="00:00:00.0001938" startTime="2025-09-09T22:27:26.7752897+00:00" endTime="2025-09-09T22:27:26.7754322+00:00" testType="13cdc9d9-ddb5-4fa4-a97d-d965ccfc6d4b" outcome="Passed" testListId="8c84fa94-04c1-424b-9868-57a2d4851a1d" relativeResultsDirectory="53f09e81-e6fd-4546-9f82-1954a74ed18c" />
    <UnitTestResult executionId="a151ab73-f7c4-486a-aa31-4f886930f964" testId="58d16fdf-e597-97fe-e122-05c7faace010" testName="SGuard.DataAnnotations.Tests.Attributes.SGuardMinCountAttributeTests.ReturnsSuccess_WhenValueIsNotACollection" computerName="runnervmf4ws1" duration="00:00:00.0002159" startTime="2025-09-09T22:27:26.2732493+00:00" endTime="2025-09-09T22:27:26.2733689+00:00" testType="13cdc9d9-ddb5-4fa4-a97d-d965ccfc6d4b" outcome="Passed" testListId="8c84fa94-04c1-424b-9868-57a2d4851a1d" relativeResultsDirectory="a151ab73-f7c4-486a-aa31-4f886930f964" />
    <UnitTestResult executionId="a9a1bd8d-ed30-409e-bc7e-2f18055ec0dc" testId="603feeed-2241-e035-6017-b1d30d094808" testName="SGuard.DataAnnotations.Tests.Attributes.SGuardEmailAddressAttributeTests.Newsletter_SubscriptionEmail_Success" computerName="runnervmf4ws1" duration="00:00:00.0001512" startTime="2025-09-09T22:27:26.4132858+00:00" endTime="2025-09-09T22:27:26.4133835+00:00" testType="13cdc9d9-ddb5-4fa4-a97d-d965ccfc6d4b" outcome="Passed" testListId="8c84fa94-04c1-424b-9868-57a2d4851a1d" relativeResultsDirectory="a9a1bd8d-ed30-409e-bc7e-2f18055ec0dc" />
    <UnitTestResult executionId="8c441b1e-fddb-4e98-8630-1212ac2bbe27" testId="c549c10a-c324-af07-fecf-e15608df2050" testName="SGuard.DataAnnotations.Tests.Attributes.SGuardBetweenAttributeTests.ReturnsLocalizedErrorMessage_WhenCultureIsSet(culture: &quot;tr&quot;)" computerName="runnervmf4ws1" duration="00:00:00.0000240" startTime="2025-09-09T22:27:26.6536401+00:00" endTime="2025-09-09T22:27:26.6537828+00:00" testType="13cdc9d9-ddb5-4fa4-a97d-d965ccfc6d4b" outcome="Passed" testListId="8c84fa94-04c1-424b-9868-57a2d4851a1d" relativeResultsDirectory="8c441b1e-fddb-4e98-8630-1212ac2bbe27" />
    <UnitTestResult executionId="a596916d-d55f-41bc-b6aa-a71ebf909dba" testId="8ce819e9-2ccf-3f8e-012f-049309266381" testName="SGuard.DataAnnotations.Tests.Attributes.SGuardBetweenAttributeTests.ReturnsError_WhenValueIsBelowMin_Exclusive" computerName="runnervmf4ws1" duration="00:00:00.0001878" startTime="2025-09-09T22:27:26.6737980+00:00" endTime="2025-09-09T22:27:26.6739703+00:00" testType="13cdc9d9-ddb5-4fa4-a97d-d965ccfc6d4b" outcome="Passed" testListId="8c84fa94-04c1-424b-9868-57a2d4851a1d" relativeResultsDirectory="a596916d-d55f-41bc-b6aa-a71ebf909dba" />
    <UnitTestResult executionId="775f6695-8972-4bb9-b8c1-3fdb71428a23" testId="16d394f6-e09f-d4d6-96d8-204c0f1c5d93" testName="SGuard.DataAnnotations.Tests.Attributes.SGuardRequiredCollectionAttributeTests.ReturnsSuccess_WhenListIsNotEmpty" computerName="runnervmf4ws1" duration="00:00:00.0001789" startTime="2025-09-09T22:27:26.1612343+00:00" endTime="2025-09-09T22:27:26.1613511+00:00" testType="13cdc9d9-ddb5-4fa4-a97d-d965ccfc6d4b" outcome="Passed" testListId="8c84fa94-04c1-424b-9868-57a2d4851a1d" relativeResultsDirectory="775f6695-8972-4bb9-b8c1-3fdb71428a23" />
    <UnitTestResult executionId="4d3af5ac-98bd-42f0-97c2-d1ead8dea76a" testId="1a45ac18-4cd8-b3a2-3eb6-7a2b6dbbd4c5" testName="SGuard.DataAnnotations.Tests.Attributes.SGuardBetweenAttributeTests.WorksWithStringValues_Inclusive" computerName="runnervmf4ws1" duration="00:00:00.0003162" startTime="2025-09-09T22:27:26.7976163+00:00" endTime="2025-09-09T22:27:26.7977490+00:00" testType="13cdc9d9-ddb5-4fa4-a97d-d965ccfc6d4b" outcome="Passed" testListId="8c84fa94-04c1-424b-9868-57a2d4851a1d" relativeResultsDirectory="4d3af5ac-98bd-42f0-97c2-d1ead8dea76a" />
    <UnitTestResult executionId="4a46a471-bc02-48ae-aafe-8e34b964d271" testId="6baebac7-a80a-bf62-b229-fb70ad830fff" testName="SGuard.DataAnnotations.Tests.Attributes.SGuardCreditCardAttributeTests.ReturnsSuccess_WhenValueIsValidDiscover" computerName="runnervmf4ws1" duration="00:00:00.0001342" startTime="2025-09-09T22:27:26.6035968+00:00" endTime="2025-09-09T22:27:26.6037302+00:00" testType="13cdc9d9-ddb5-4fa4-a97d-d965ccfc6d4b" outcome="Passed" testListId="8c84fa94-04c1-424b-9868-57a2d4851a1d" relativeResultsDirectory="4a46a471-bc02-48ae-aafe-8e34b964d271" />
    <UnitTestResult executionId="681f5774-ff30-447d-a26b-384aab0740d9" testId="c9e17951-e43f-8200-3417-432bd1307c56" testName="SGuard.DataAnnotations.Tests.Attributes.SGuardMaxCountAttributeTests.ReturnsSuccess_WhenArrayCountIsLessThanOrEqualToMax" computerName="runnervmf4ws1" duration="00:00:00.0001452" startTime="2025-09-09T22:27:26.4669141+00:00" endTime="2025-09-09T22:27:26.4670530+00:00" testType="13cdc9d9-ddb5-4fa4-a97d-d965ccfc6d4b" outcome="Passed" testListId="8c84fa94-04c1-424b-9868-57a2d4851a1d" relativeResultsDirectory="681f5774-ff30-447d-a26b-384aab0740d9" />
    <UnitTestResult executionId="00519070-5174-47de-9bb1-0d08d7e0d11d" testId="35cd39b6-9fc9-e727-c160-6599970b4a46" testName="SGuard.DataAnnotations.Tests.Attributes.SGuardCreditCardAttributeTests.ReturnsLocalizedErrorMessage_WhenCultureIsSet(culture: &quot;de&quot;)" computerName="runnervmf4ws1" duration="00:00:00.0000130" startTime="2025-09-09T22:27:26.5761638+00:00" endTime="2025-09-09T22:27:26.5762839+00:00" testType="13cdc9d9-ddb5-4fa4-a97d-d965ccfc6d4b" outcome="Passed" testListId="8c84fa94-04c1-424b-9868-57a2d4851a1d" relativeResultsDirectory="00519070-5174-47de-9bb1-0d08d7e0d11d" />
    <UnitTestResult executionId="0644ce9f-830c-453a-8461-bd8d050d4171" testId="c73d6aaa-e241-d2c3-1e63-c59fd12ac92a" testName="SGuard.DataAnnotations.Tests.Attributes.SGuardGreaterThanAttributeTests.ReturnsError_WhenValueIsLessThanOther" computerName="runnervmf4ws1" duration="00:00:00.0076033" startTime="2025-09-09T22:27:26.2981923+00:00" endTime="2025-09-09T22:27:26.3022633+00:00" testType="13cdc9d9-ddb5-4fa4-a97d-d965ccfc6d4b" outcome="Passed" testListId="8c84fa94-04c1-424b-9868-57a2d4851a1d" relativeResultsDirectory="0644ce9f-830c-453a-8461-bd8d050d4171" />
    <UnitTestResult executionId="441f773b-aa95-419f-8f35-502f9cf16e19" testId="68a16536-98d2-0511-7116-864607bab0e2" testName="SGuard.DataAnnotations.Tests.Attributes.SGuardCompareAttributeTests.Constructor_ThrowsArgumentNullException_WhenOtherPropertyIsNull" computerName="runnervmf4ws1" duration="00:00:00.0002626" startTime="2025-09-09T22:27:26.3605915+00:00" endTime="2025-09-09T22:27:26.3607009+00:00" testType="13cdc9d9-ddb5-4fa4-a97d-d965ccfc6d4b" outcome="Passed" testListId="8c84fa94-04c1-424b-9868-57a2d4851a1d" relativeResultsDirectory="441f773b-aa95-419f-8f35-502f9cf16e19" />
    <UnitTestResult executionId="f28b6353-fd35-474d-9ead-e0f43dcb7a7c" testId="734c5808-49eb-8ed1-25f3-61160bef48bd" testName="SGuard.DataAnnotations.Tests.Attributes.SGuardCreditCardAttributeTests.ReturnsError_WhenValueIsInvalidTestCreditCard(cardNumber: &quot;6011111111111116&quot;)" computerName="runnervmf4ws1" duration="00:00:00.0000169" startTime="2025-09-09T22:27:26.5198909+00:00" endTime="2025-09-09T22:27:26.5200299+00:00" testType="13cdc9d9-ddb5-4fa4-a97d-d965ccfc6d4b" outcome="Passed" testListId="8c84fa94-04c1-424b-9868-57a2d4851a1d" relativeResultsDirectory="f28b6353-fd35-474d-9ead-e0f43dcb7a7c" />
    <UnitTestResult executionId="e3062f36-f990-422f-9885-ca194a41f2fd" testId="da46ef01-15e9-67b6-3316-0d87c8eb81a2" testName="SGuard.DataAnnotations.Tests.Attributes.SGuardBetweenAttributeTests.ReturnsLocalizedErrorMessage_WhenCultureIsSet(culture: &quot;hi&quot;)" computerName="runnervmf4ws1" duration="00:00:00.0000238" startTime="2025-09-09T22:27:26.6551596+00:00" endTime="2025-09-09T22:27:26.6552862+00:00" testType="13cdc9d9-ddb5-4fa4-a97d-d965ccfc6d4b" outcome="Passed" testListId="8c84fa94-04c1-424b-9868-57a2d4851a1d" relativeResultsDirectory="e3062f36-f990-422f-9885-ca194a41f2fd" />
    <UnitTestResult executionId="82bf4ab3-9d43-423b-a9b5-5f8907c53b47" testId="7e7b9c1e-babc-ac42-36f5-c064ed6a9a1c" testName="SGuard.DataAnnotations.Tests.Attributes.SGuardCompareAttributeTests.FailsWithNullableValues_OnlyOneIsNull" computerName="runnervmf4ws1" duration="00:00:00.0001834" startTime="2025-09-09T22:27:26.3560122+00:00" endTime="2025-09-09T22:27:26.3560618+00:00" testType="13cdc9d9-ddb5-4fa4-a97d-d965ccfc6d4b" outcome="Passed" testListId="8c84fa94-04c1-424b-9868-57a2d4851a1d" relativeResultsDirectory="82bf4ab3-9d43-423b-a9b5-5f8907c53b47" />
    <UnitTestResult executionId="23538968-e62a-405d-a66f-982293d11a25" testId="76eeeb2b-1455-fe34-82ad-4f434e3d08da" testName="SGuard.DataAnnotations.Tests.Attributes.SGuardBetweenAttributeTests.ReturnsLocalizedErrorMessage_WhenCultureIsSet(culture: &quot;en&quot;)" computerName="runnervmf4ws1" duration="00:00:00.0000213" startTime="2025-09-09T22:27:26.6566341+00:00" endTime="2025-09-09T22:27:26.6567733+00:00" testType="13cdc9d9-ddb5-4fa4-a97d-d965ccfc6d4b" outcome="Passed" testListId="8c84fa94-04c1-424b-9868-57a2d4851a1d" relativeResultsDirectory="23538968-e62a-405d-a66f-982293d11a25" />
    <UnitTestResult executionId="3c2d9396-9053-43d6-a135-7223e5e6d439" testId="07f208e9-5d3e-7b2e-6a59-4da49d2f6cd9" testName="SGuard.DataAnnotations.Tests.Attributes.SGuardPhoneAttributeTests.ReturnsSuccess_WhenPhoneIsNull" computerName="runnervmf4ws1" duration="00:00:00.0001509" startTime="2025-09-09T22:27:26.4839634+00:00" endTime="2025-09-09T22:27:26.4840303+00:00" testType="13cdc9d9-ddb5-4fa4-a97d-d965ccfc6d4b" outcome="Passed" testListId="8c84fa94-04c1-424b-9868-57a2d4851a1d" relativeResultsDirectory="3c2d9396-9053-43d6-a135-7223e5e6d439" />
    <UnitTestResult executionId="23e54a4c-ad5e-40e1-b31f-7c0de47ace85" testId="7f1262c7-9267-6848-7a6a-63fee330a8ad" testName="SGuard.DataAnnotations.Tests.Attributes.SGuardCompareAttributeTests.ReturnsLocalizedErrorMessage_WhenCultureIsSet(culture: &quot;en&quot;)" computerName="runnervmf4ws1" duration="00:00:00.0047630" startTime="2025-09-09T22:27:26.2951271+00:00" endTime="2025-09-09T22:27:26.2983060+00:00" testType="13cdc9d9-ddb5-4fa4-a97d-d965ccfc6d4b" outcome="Passed" testListId="8c84fa94-04c1-424b-9868-57a2d4851a1d" relativeResultsDirectory="23e54a4c-ad5e-40e1-b31f-7c0de47ace85" />
    <UnitTestResult executionId="07c9ed8a-9d69-48a3-80c8-0a5deed0055b" testId="a53e0d07-c18c-8070-bdec-f7532c15812f" testName="SGuard.DataAnnotations.Tests.Attributes.SGuardCreditCardAttributeTests.ReturnsSuccess_WhenValueIsValidTestCreditCard(cardNumber: &quot;6011111111111117&quot;)" computerName="runnervmf4ws1" duration="00:00:00.0000039" startTime="2025-09-09T22:27:26.5093998+00:00" endTime="2025-09-09T22:27:26.5095286+00:00" testType="13cdc9d9-ddb5-4fa4-a97d-d965ccfc6d4b" outcome="Passed" testListId="8c84fa94-04c1-424b-9868-57a2d4851a1d" relativeResultsDirectory="07c9ed8a-9d69-48a3-80c8-0a5deed0055b" />
    <UnitTestResult executionId="825b05a9-219e-4ed4-9546-ceea81f48ba1" testId="49da038f-537c-1970-55c5-0f0dc151893c" testName="SGuard.DataAnnotations.Tests.Attributes.SGuardGreaterThanAttributeTests.ReturnsSuccess_WhenDateValueIsGreaterThanOther" computerName="runnervmf4ws1" duration="00:00:00.0002757" startTime="2025-09-09T22:27:26.3082080+00:00" endTime="2025-09-09T22:27:26.3095911+00:00" testType="13cdc9d9-ddb5-4fa4-a97d-d965ccfc6d4b" outcome="Passed" testListId="8c84fa94-04c1-424b-9868-57a2d4851a1d" relativeResultsDirectory="825b05a9-219e-4ed4-9546-ceea81f48ba1" />
    <UnitTestResult executionId="11871ade-addb-4b85-8aa3-16852f0977d9" testId="9bca95a5-a33d-a683-4344-4c17db026fa8" testName="SGuard.DataAnnotations.Tests.Attributes.SGuardMinCountAttributeTests.ReturnsError_WhenCollectionCountIsZeroAndMinIsGreaterThanZero" computerName="runnervmf4ws1" duration="00:00:00.0112002" startTime="2025-09-09T22:27:26.2518324+00:00" endTime="2025-09-09T22:27:26.2524804+00:00" testType="13cdc9d9-ddb5-4fa4-a97d-d965ccfc6d4b" outcome="Passed" testListId="8c84fa94-04c1-424b-9868-57a2d4851a1d" relativeResultsDirectory="11871ade-addb-4b85-8aa3-16852f0977d9" />
    <UnitTestResult executionId="0ed474fb-ab8b-4920-935f-6d2494e6f64e" testId="1c75a966-0b82-9661-4f03-80de50e87f33" testName="SGuard.DataAnnotations.Tests.Attributes.SGuardMinCountAttributeTests.ReturnsError_WhenListCountIsLessThanMin" computerName="runnervmf4ws1" duration="00:00:00.0001646" startTime="2025-09-09T22:27:26.2721860+00:00" endTime="2025-09-09T22:27:26.2722982+00:00" testType="13cdc9d9-ddb5-4fa4-a97d-d965ccfc6d4b" outcome="Passed" testListId="8c84fa94-04c1-424b-9868-57a2d4851a1d" relativeResultsDirectory="0ed474fb-ab8b-4920-935f-6d2494e6f64e" />
    <UnitTestResult executionId="ffc1a3ad-bea4-4d6f-848c-978c03138172" testId="9f46c073-ddef-8b94-cb56-edd20a0d1dcb" testName="SGuard.DataAnnotations.Tests.Attributes.SGuardCompareAttributeTests.ReturnsError_WhenEmptyStringComparedToNull" computerName="runnervmf4ws1" duration="00:00:00.0002215" startTime="2025-09-09T22:27:26.2887584+00:00" endTime="2025-09-09T22:27:26.2888658+00:00" testType="13cdc9d9-ddb5-4fa4-a97d-d965ccfc6d4b" outcome="Passed" testListId="8c84fa94-04c1-424b-9868-57a2d4851a1d" relativeResultsDirectory="ffc1a3ad-bea4-4d6f-848c-978c03138172" />
    <UnitTestResult executionId="fca2aabd-0292-426a-bfb9-9a8794a13ebd" testId="0f6c30f4-eb74-3240-7d3a-baf8973e6bb1" testName="SGuard.DataAnnotations.Tests.Attributes.SGuardCreditCardAttributeTests.ReturnsSuccess_WhenValueHasSpaces" computerName="runnervmf4ws1" duration="00:00:00.0001853" startTime="2025-09-09T22:27:26.5261221+00:00" endTime="2025-09-09T22:27:26.5262457+00:00" testType="13cdc9d9-ddb5-4fa4-a97d-d965ccfc6d4b" outcome="Passed" testListId="8c84fa94-04c1-424b-9868-57a2d4851a1d" relativeResultsDirectory="fca2aabd-0292-426a-bfb9-9a8794a13ebd" />
    <UnitTestResult executionId="93b051c0-934b-4471-a1e4-7512797fb03b" testId="09cd4131-9ddb-feab-ff4c-35327c79c0f2" testName="SGuard.DataAnnotations.Tests.Attributes.SGuardRequiredIfAttributeTests.ReturnsError_WhenConditionMet_AndValueIsEmptyString" computerName="runnervmf4ws1" duration="00:00:00.0001384" startTime="2025-09-09T22:27:26.4785469+00:00" endTime="2025-09-09T22:27:26.4786108+00:00" testType="13cdc9d9-ddb5-4fa4-a97d-d965ccfc6d4b" outcome="Passed" testListId="8c84fa94-04c1-424b-9868-57a2d4851a1d" relativeResultsDirectory="93b051c0-934b-4471-a1e4-7512797fb03b" />
    <UnitTestResult executionId="901e97a8-30a7-4619-a3db-1c4e71c0c0a4" testId="f2aeed70-0eba-88fa-cdc4-4e0eba39fa22" testName="SGuard.DataAnnotations.Tests.Attributes.SGuardEmailAddressAttributeTests.ReturnsSuccess_WhenValueIsValidEmail" computerName="runnervmf4ws1" duration="00:00:00.0001396" startTime="2025-09-09T22:27:26.4001731+00:00" endTime="2025-09-09T22:27:26.4002592+00:00" testType="13cdc9d9-ddb5-4fa4-a97d-d965ccfc6d4b" outcome="Passed" testListId="8c84fa94-04c1-424b-9868-57a2d4851a1d" relativeResultsDirectory="901e97a8-30a7-4619-a3db-1c4e71c0c0a4" />
    <UnitTestResult executionId="ca1c2f87-06ae-4004-ab28-b242b72473cd" testId="90ecebff-7662-d7b9-ab27-78972e03a435" testName="SGuard.DataAnnotations.Tests.Attributes.SGuardCompareAttributeTests.ReturnsError_WhenOnePropertyIsNull" computerName="runnervmf4ws1" duration="00:00:00.0001423" startTime="2025-09-09T22:27:26.3627420+00:00" endTime="2025-09-09T22:27:26.3628334+00:00" testType="13cdc9d9-ddb5-4fa4-a97d-d965ccfc6d4b" outcome="Passed" testListId="8c84fa94-04c1-424b-9868-57a2d4851a1d" relativeResultsDirectory="ca1c2f87-06ae-4004-ab28-b242b72473cd" />
    <UnitTestResult executionId="158d338b-eb3c-4b41-9e22-916fdcf33200" testId="9d9f8a4f-fb5f-d9c1-b8a2-a33f0fcb61c1" testName="SGuard.DataAnnotations.Tests.Attributes.SGuardEmailAddressAttributeTests.ReturnsSuccess_WhenValueIsValidEmailFormat(email: &quot;test.email@domain.org&quot;)" computerName="runnervmf4ws1" duration="00:00:00.0000046" startTime="2025-09-09T22:27:26.3774519+00:00" endTime="2025-09-09T22:27:26.3775033+00:00" testType="13cdc9d9-ddb5-4fa4-a97d-d965ccfc6d4b" outcome="Passed" testListId="8c84fa94-04c1-424b-9868-57a2d4851a1d" relativeResultsDirectory="158d338b-eb3c-4b41-9e22-916fdcf33200" />
    <UnitTestResult executionId="bf613566-cb1b-4609-a45e-487dfd734606" testId="901b1d80-eb8f-d99c-d714-80ce4513b9b5" testName="SGuard.DataAnnotations.Tests.Attributes.SGuardEmailAddressAttributeTests.ReturnsSuccess_WhenValueIsValidEmailFormat(email: &quot;user.name+tag@example.co.uk&quot;)" computerName="runnervmf4ws1" duration="00:00:00.0001110" startTime="2025-09-09T22:27:26.3714759+00:00" endTime="2025-09-09T22:27:26.3715280+00:00" testType="13cdc9d9-ddb5-4fa4-a97d-d965ccfc6d4b" outcome="Passed" testListId="8c84fa94-04c1-424b-9868-57a2d4851a1d" relativeResultsDirectory="bf613566-cb1b-4609-a45e-487dfd734606" />
    <UnitTestResult executionId="32fed174-f898-4196-a4a2-39cd7c184fe8" testId="0fccd154-e18e-f328-7847-cd4fb77e326e" testName="SGuard.DataAnnotations.Tests.Attributes.SGuardEmailAddressAttributeTests.HandlesSpecialCharactersInLocalPart" computerName="runnervmf4ws1" duration="00:00:00.0001418" startTime="2025-09-09T22:27:26.4027313+00:00" endTime="2025-09-09T22:27:26.4028148+00:00" testType="13cdc9d9-ddb5-4fa4-a97d-d965ccfc6d4b" outcome="Passed" testListId="8c84fa94-04c1-424b-9868-57a2d4851a1d" relativeResultsDirectory="32fed174-f898-4196-a4a2-39cd7c184fe8" />
    <UnitTestResult executionId="8f8f85f3-c716-4f6c-a55d-cc8884320fab" testId="b1dff3e0-131a-5859-39fa-f522da206203" testName="SGuard.DataAnnotations.Tests.Attributes.SGuardEmailAddressAttributeTests.ReturnsError_WhenValueIsInvalidEmailFormat(email: &quot;user@&quot;)" computerName="runnervmf4ws1" duration="00:00:00.0001558" startTime="2025-09-09T22:27:26.3825195+00:00" endTime="2025-09-09T22:27:26.3826297+00:00" testType="13cdc9d9-ddb5-4fa4-a97d-d965ccfc6d4b" outcome="Passed" testListId="8c84fa94-04c1-424b-9868-57a2d4851a1d" relativeResultsDirectory="8f8f85f3-c716-4f6c-a55d-cc8884320fab" />
    <UnitTestResult executionId="439c53f1-42ba-4d4c-b258-fec193cd75c7" testId="3ecd118f-8996-e62a-8936-670ee4ab429e" testName="SGuard.DataAnnotations.Tests.Attributes.SGuardCreditCardAttributeTests.ReturnsLocalizedErrorMessage_WhenCultureIsSet(culture: &quot;ja&quot;)" computerName="runnervmf4ws1" duration="00:00:00.0091904" startTime="2025-09-09T22:27:26.5354851+00:00" endTime="2025-09-09T22:27:26.5555529+00:00" testType="13cdc9d9-ddb5-4fa4-a97d-d965ccfc6d4b" outcome="Passed" testListId="8c84fa94-04c1-424b-9868-57a2d4851a1d" relativeResultsDirectory="439c53f1-42ba-4d4c-b258-fec193cd75c7" />
    <UnitTestResult executionId="b06a119f-510c-4ed7-85c1-5dddec87d97e" testId="e2003228-eccc-5e56-b410-7f365127fa8c" testName="SGuard.DataAnnotations.Tests.Attributes.SGuardMaxLengthAttributeTests.ReturnsLocalizedErrorMessage_WhenCultureIsSetToTurkish" computerName="runnervmf4ws1" duration="00:00:00.0190378" startTime="2025-09-09T22:27:26.3738013+00:00" endTime="2025-09-09T22:27:26.4490941+00:00" testType="13cdc9d9-ddb5-4fa4-a97d-d965ccfc6d4b" outcome="Passed" testListId="8c84fa94-04c1-424b-9868-57a2d4851a1d" relativeResultsDirectory="b06a119f-510c-4ed7-85c1-5dddec87d97e" />
    <UnitTestResult executionId="41f38bc7-ed9c-4a32-82fe-34ae08c194de" testId="5df4ccfd-b38d-3660-7817-2444fb2dfa70" testName="SGuard.DataAnnotations.Tests.Attributes.SGuardEmailAddressAttributeTests.ReturnsSuccess_WhenValueIsValidEmailFormat(email: &quot;first.last@sub.domain.com&quot;)" computerName="runnervmf4ws1" duration="00:00:00.0000047" startTime="2025-09-09T22:27:26.3783152+00:00" endTime="2025-09-09T22:27:26.3784233+00:00" testType="13cdc9d9-ddb5-4fa4-a97d-d965ccfc6d4b" outcome="Passed" testListId="8c84fa94-04c1-424b-9868-57a2d4851a1d" relativeResultsDirectory="41f38bc7-ed9c-4a32-82fe-34ae08c194de" />
    <UnitTestResult executionId="bc69373c-76aa-4e46-90bf-e8bbf47ca8d7" testId="c230f671-ad47-b61c-8358-5fab696d26df" testName="SGuard.DataAnnotations.Tests.Attributes.SGuardBetweenAttributeTests.ReturnsLocalizedErrorMessage_WhenCultureIsSet(culture: &quot;ja&quot;)" computerName="runnervmf4ws1" duration="00:00:00.0000204" startTime="2025-09-09T22:27:26.6521280+00:00" endTime="2025-09-09T22:27:26.6522771+00:00" testType="13cdc9d9-ddb5-4fa4-a97d-d965ccfc6d4b" outcome="Passed" testListId="8c84fa94-04c1-424b-9868-57a2d4851a1d" relativeResultsDirectory="bc69373c-76aa-4e46-90bf-e8bbf47ca8d7" />
    <UnitTestResult executionId="6f20ed51-27e8-4eb7-8c27-0c2acfa75ea8" testId="1785d446-9166-80a3-a691-86d4e815eb37" testName="SGuard.DataAnnotations.Tests.Attributes.SGuardRequiredCollectionAttributeTests.ReturnsSuccess_WhenIEnumerableIsNotEmpty" computerName="runnervmf4ws1" duration="00:00:00.0200676" startTime="2025-09-09T22:27:26.0878056+00:00" endTime="2025-09-09T22:27:26.1037297+00:00" testType="13cdc9d9-ddb5-4fa4-a97d-d965ccfc6d4b" outcome="Passed" testListId="8c84fa94-04c1-424b-9868-57a2d4851a1d" relativeResultsDirectory="6f20ed51-27e8-4eb7-8c27-0c2acfa75ea8" />
    <UnitTestResult executionId="9613eb1b-20ee-47d2-8bf8-9606944336a7" testId="6bd4d2ae-eeeb-a392-cb38-c186fe339396" testName="SGuard.DataAnnotations.Tests.Attributes.SGuardEmailAddressAttributeTests.ReturnsLocalizedErrorMessage_WhenCultureIsSet(culture: &quot;en&quot;)" computerName="runnervmf4ws1" duration="00:00:00.0003880" startTime="2025-09-09T22:27:26.3383349+00:00" endTime="2025-09-09T22:27:26.3383858+00:00" testType="13cdc9d9-ddb5-4fa4-a97d-d965ccfc6d4b" outcome="Passed" testListId="8c84fa94-04c1-424b-9868-57a2d4851a1d" relativeResultsDirectory="9613eb1b-20ee-47d2-8bf8-9606944336a7" />
    <UnitTestResult executionId="02a217f2-b561-4b3c-a53f-77323dbea8f2" testId="cce1e892-556c-9cd2-ed64-426f363a29c2" testName="SGuard.DataAnnotations.Tests.Attributes.SGuardEmailAddressAttributeTests.ReturnsError_WhenValueIsEmpty" computerName="runnervmf4ws1" duration="00:00:00.0001165" startTime="2025-09-09T22:27:26.3882616+00:00" endTime="2025-09-09T22:27:26.3883979+00:00" testType="13cdc9d9-ddb5-4fa4-a97d-d965ccfc6d4b" outcome="Passed" testListId="8c84fa94-04c1-424b-9868-57a2d4851a1d" relativeResultsDirectory="02a217f2-b561-4b3c-a53f-77323dbea8f2" />
    <UnitTestResult executionId="e4df4903-aa21-437e-acee-1107ad268944" testId="35b76dca-0f99-b77f-db41-bd1c7f9c0f7f" testName="SGuard.DataAnnotations.Tests.Attributes.SGuardEmailAddressAttributeTests.ReturnsError_WhenValueHasMultipleAtSymbols" computerName="runnervmf4ws1" duration="00:00:00.0001756" startTime="2025-09-09T22:27:26.4190001+00:00" endTime="2025-09-09T22:27:26.4191080+00:00" testType="13cdc9d9-ddb5-4fa4-a97d-d965ccfc6d4b" outcome="Passed" testListId="8c84fa94-04c1-424b-9868-57a2d4851a1d" relativeResultsDirectory="e4df4903-aa21-437e-acee-1107ad268944" />
    <UnitTestResult executionId="498fcf0f-e67f-41c2-a42c-044eedb27cd5" testId="ee234abd-0496-b817-262c-6365071813bb" testName="SGuard.DataAnnotations.Tests.Attributes.SGuardCreditCardAttributeTests.ReturnsSuccess_WhenValueIsValidJCB" computerName="runnervmf4ws1" duration="00:00:00.0001293" startTime="2025-09-09T22:27:26.6074083+00:00" endTime="2025-09-09T22:27:26.6075290+00:00" testType="13cdc9d9-ddb5-4fa4-a97d-d965ccfc6d4b" outcome="Passed" testListId="8c84fa94-04c1-424b-9868-57a2d4851a1d" relativeResultsDirectory="498fcf0f-e67f-41c2-a42c-044eedb27cd5" />
    <UnitTestResult executionId="b39c978e-7ec7-4986-a1ad-e95bec4125a7" testId="dcf0db55-732a-fafb-7f82-1b8350768679" testName="SGuard.DataAnnotations.Tests.Attributes.SGuardRequiredCollectionAttributeTests.ReturnsError_WhenDictionaryIsEmpty" computerName="runnervmf4ws1" duration="00:00:00.0003626" startTime="2025-09-09T22:27:26.1804134+00:00" endTime="2025-09-09T22:27:26.1805290+00:00" testType="13cdc9d9-ddb5-4fa4-a97d-d965ccfc6d4b" outcome="Passed" testListId="8c84fa94-04c1-424b-9868-57a2d4851a1d" relativeResultsDirectory="b39c978e-7ec7-4986-a1ad-e95bec4125a7" />
    <UnitTestResult executionId="f1e13e02-df97-427e-818a-666c49638042" testId="4bc503a7-11a2-2f4f-32a1-66720fdf3855" testName="SGuard.DataAnnotations.Tests.Attributes.SGuardUrlAttributeTests.ReturnsError_WhenValueIsInvalidUrl" computerName="runnervmf4ws1" duration="00:00:00.0001310" startTime="2025-09-09T22:27:26.4404501+00:00" endTime="2025-09-09T22:27:26.4405674+00:00" testType="13cdc9d9-ddb5-4fa4-a97d-d965ccfc6d4b" outcome="Passed" testListId="8c84fa94-04c1-424b-9868-57a2d4851a1d" relativeResultsDirectory="f1e13e02-df97-427e-818a-666c49638042" />
    <UnitTestResult executionId="607f1928-2521-4330-9df0-947ed57ee237" testId="c97c75c4-b307-7ca6-75ff-9ef0025bb6a0" testName="SGuard.DataAnnotations.Tests.Attributes.SGuardCompareAttributeTests.ReturnsError_WhenPrivatePropertyCannotBeAccessed" computerName="runnervmf4ws1" duration="00:00:00.0076363" startTime="2025-09-09T22:27:26.1687467+00:00" endTime="2025-09-09T22:27:26.1688521+00:00" testType="13cdc9d9-ddb5-4fa4-a97d-d965ccfc6d4b" outcome="Passed" testListId="8c84fa94-04c1-424b-9868-57a2d4851a1d" relativeResultsDirectory="607f1928-2521-4330-9df0-947ed57ee237" />
    <UnitTestResult executionId="4419df36-1114-4e0d-884b-d96532b5078f" testId="54490ebb-e886-c42d-4637-268057915b16" testName="SGuard.DataAnnotations.Tests.Attributes.SGuardBetweenAttributeTests.Constructor_SetsPropertiesCorrectly" computerName="runnervmf4ws1" duration="00:00:00.0000894" startTime="2025-09-09T22:27:26.8249895+00:00" endTime="2025-09-09T22:27:26.8259707+00:00" testType="13cdc9d9-ddb5-4fa4-a97d-d965ccfc6d4b" outcome="Passed" testListId="8c84fa94-04c1-424b-9868-57a2d4851a1d" relativeResultsDirectory="4419df36-1114-4e0d-884b-d96532b5078f" />
    <UnitTestResult executionId="42bdffb7-6bc2-446c-bd1e-ffd9d168e85b" testId="eabbcd14-fd00-2fcc-d0e2-9b4db26c5b35" testName="SGuard.DataAnnotations.Tests.Exceptions.DataAnnotationsExceptionTests.DataAnnotationsException_StoresValidationErrorsInDataDictionary" computerName="runnervmf4ws1" duration="00:00:00.0004443" startTime="2025-09-09T22:27:26.4246948+00:00" endTime="2025-09-09T22:27:26.4247974+00:00" testType="13cdc9d9-ddb5-4fa4-a97d-d965ccfc6d4b" outcome="Passed" testListId="8c84fa94-04c1-424b-9868-57a2d4851a1d" relativeResultsDirectory="42bdffb7-6bc2-446c-bd1e-ffd9d168e85b" />
    <UnitTestResult executionId="50af073b-cb1a-4ee1-8a30-c54a886bf7a3" testId="f19b555b-116b-2f3a-0c2d-ec4548792f2e" testName="SGuard.DataAnnotations.Tests.Attributes.SGuardEmailAddressAttributeTests.ReturnsLocalizedErrorMessage_WhenCultureIsSet(culture: &quot;fr&quot;)" computerName="runnervmf4ws1" duration="00:00:00.0000155" startTime="2025-09-09T22:27:26.3472497+00:00" endTime="2025-09-09T22:27:26.3473559+00:00" testType="13cdc9d9-ddb5-4fa4-a97d-d965ccfc6d4b" outcome="Passed" testListId="8c84fa94-04c1-424b-9868-57a2d4851a1d" relativeResultsDirectory="50af073b-cb1a-4ee1-8a30-c54a886bf7a3" />
    <UnitTestResult executionId="d83b6a85-91e0-46ca-b549-db5455baa9d0" testId="ea759aae-ebb3-561f-baa8-d1599fc10d86" testName="SGuard.DataAnnotations.Tests.Attributes.SGuardStringLengthAttributeTests.ReturnsSuccess_WhenStringIsEmpty" computerName="runnervmf4ws1" duration="00:00:00.0001201" startTime="2025-09-09T22:27:26.5453376+00:00" endTime="2025-09-09T22:27:26.5454526+00:00" testType="13cdc9d9-ddb5-4fa4-a97d-d965ccfc6d4b" outcome="Passed" testListId="8c84fa94-04c1-424b-9868-57a2d4851a1d" relativeResultsDirectory="d83b6a85-91e0-46ca-b549-db5455baa9d0" />
    <UnitTestResult executionId="fa77178f-9adb-40bd-ac8f-1193194a019c" testId="64a8ba0e-13fa-43a2-4028-da53eca3fc4b" testName="SGuard.DataAnnotations.Tests.Attributes.SGuardCollectionItemsMatchAttributeTests.ReturnsAllErrors_WhenAggregateAllErrorsTrue" computerName="runnervmf4ws1" duration="00:00:00.0149045" startTime="2025-09-09T22:27:26.6969995+00:00" endTime="2025-09-09T22:27:26.7376142+00:00" testType="13cdc9d9-ddb5-4fa4-a97d-d965ccfc6d4b" outcome="Passed" testListId="8c84fa94-04c1-424b-9868-57a2d4851a1d" relativeResultsDirectory="fa77178f-9adb-40bd-ac8f-1193194a019c" />
    <UnitTestResult executionId="e58e9a27-75d0-4fb2-8df0-f276c4a95b6a" testId="20732fe4-3f82-c4d4-02eb-ec9f33b96963" testName="SGuard.DataAnnotations.Tests.DataAnnotation.ThrowIfTests.DataAnnotationsInValid_InvalidObject_ThrowsCustomExceptionWithArgs" computerName="runnervmf4ws1" duration="00:00:00.0009263" startTime="2025-09-09T22:27:26.6854042+00:00" endTime="2025-09-09T22:27:26.6855412+00:00" testType="13cdc9d9-ddb5-4fa4-a97d-d965ccfc6d4b" outcome="Passed" testListId="8c84fa94-04c1-424b-9868-57a2d4851a1d" relativeResultsDirectory="e58e9a27-75d0-4fb2-8df0-f276c4a95b6a" />
    <UnitTestResult executionId="b0dbf86c-f304-4c12-be96-eec11e303ee5" testId="a3825ee6-ad0d-4819-be97-b9185bfa2c06" testName="SGuard.DataAnnotations.Tests.Attributes.SGuardGreaterThanAttributeTests.ReturnsError_WhenOtherPropertyDoesNotExist" computerName="runnervmf4ws1" duration="00:00:00.0001716" startTime="2025-09-09T22:27:26.2961144+00:00" endTime="2025-09-09T22:27:26.2962179+00:00" testType="13cdc9d9-ddb5-4fa4-a97d-d965ccfc6d4b" outcome="Passed" testListId="8c84fa94-04c1-424b-9868-57a2d4851a1d" relativeResultsDirectory="b0dbf86c-f304-4c12-be96-eec11e303ee5" />
    <UnitTestResult executionId="3f049044-2c71-42ac-adc0-4fb8248f875d" testId="26b95717-eff7-b896-62e8-84d5342f995e" testName="SGuard.DataAnnotations.Tests.Attributes.SGuardEmailAddressAttributeTests.ReturnsSuccess_WhenValueIsCommonEmailProvider(email: &quot;user@protonmail.com&quot;)" computerName="runnervmf4ws1" duration="00:00:00.0000044" startTime="2025-09-09T22:27:26.3218457+00:00" endTime="2025-09-09T22:27:26.3219742+00:00" testType="13cdc9d9-ddb5-4fa4-a97d-d965ccfc6d4b" outcome="Passed" testListId="8c84fa94-04c1-424b-9868-57a2d4851a1d" relativeResultsDirectory="3f049044-2c71-42ac-adc0-4fb8248f875d" />
    <UnitTestResult executionId="cf3a4ef9-a268-42a1-99e1-556bd3f087ed" testId="44b5e871-bf86-94e7-7093-ae2d9b275d87" testName="SGuard.DataAnnotations.Tests.Attributes.SGuardEmailAddressAttributeTests.ReturnsSuccess_WhenValueIsBusinessEmailFormat(email: &quot;john.doe@company.com&quot;)" computerName="runnervmf4ws1" duration="00:00:00.0000041" startTime="2025-09-09T22:27:26.3293452+00:00" endTime="2025-09-09T22:27:26.3294011+00:00" testType="13cdc9d9-ddb5-4fa4-a97d-d965ccfc6d4b" outcome="Passed" testListId="8c84fa94-04c1-424b-9868-57a2d4851a1d" relativeResultsDirectory="cf3a4ef9-a268-42a1-99e1-556bd3f087ed" />
    <UnitTestResult executionId="f5d25bb1-a5d4-43d0-87e8-620f05b643f0" testId="d8f8e165-90df-5b49-a300-edfa6daf0e32" testName="SGuard.DataAnnotations.Tests.Attributes.SGuardCompareAttributeTests.ReturnsSuccess_WhenPropertiesAreEqual" computerName="runnervmf4ws1" duration="00:00:00.0001611" startTime="2025-09-09T22:27:26.3584761+00:00" endTime="2025-09-09T22:27:26.3585757+00:00" testType="13cdc9d9-ddb5-4fa4-a97d-d965ccfc6d4b" outcome="Passed" testListId="8c84fa94-04c1-424b-9868-57a2d4851a1d" relativeResultsDirectory="f5d25bb1-a5d4-43d0-87e8-620f05b643f0" />
    <UnitTestResult executionId="5f687e58-bc71-46db-a7de-d5b6fe9d833d" testId="2744c131-c3ef-c9ac-68af-49e8d228d0e8" testName="SGuard.DataAnnotations.Tests.Attributes.SGuardCompareAttributeTests.HandlesUnicodeCharacters" computerName="runnervmf4ws1" duration="00:00:00.0001710" startTime="2025-09-09T22:27:26.2877358+00:00" endTime="2025-09-09T22:27:26.2878419+00:00" testType="13cdc9d9-ddb5-4fa4-a97d-d965ccfc6d4b" outcome="Passed" testListId="8c84fa94-04c1-424b-9868-57a2d4851a1d" relativeResultsDirectory="5f687e58-bc71-46db-a7de-d5b6fe9d833d" />
    <UnitTestResult executionId="406e3bae-c850-4ac9-936c-a7d57771f321" testId="6720d7d6-f9fe-851e-f20f-3d7775f4d8f4" testName="SGuard.DataAnnotations.Tests.Attributes.SGuardCollectionItemsMatchAttributeTests.ReturnsSuccess_WhenAllItemsValid" computerName="runnervmf4ws1" duration="00:00:00.0003369" startTime="2025-09-09T22:27:26.6937936+00:00" endTime="2025-09-09T22:27:26.6939492+00:00" testType="13cdc9d9-ddb5-4fa4-a97d-d965ccfc6d4b" outcome="Passed" testListId="8c84fa94-04c1-424b-9868-57a2d4851a1d" relativeResultsDirectory="406e3bae-c850-4ac9-936c-a7d57771f321" />
    <UnitTestResult executionId="c6b27f47-e686-4241-bb46-8d59b36d2702" testId="c36e2ee8-7c55-dd44-7dfa-f01481b9295e" testName="SGuard.DataAnnotations.Tests.Attributes.SGuardMinLengthAttributeTests.ReturnsSuccess_WhenStringIsEqualToMinLength" computerName="runnervmf4ws1" duration="00:00:00.0002089" startTime="2025-09-09T22:27:26.3933806+00:00" endTime="2025-09-09T22:27:26.3935754+00:00" testType="13cdc9d9-ddb5-4fa4-a97d-d965ccfc6d4b" outcome="Passed" testListId="8c84fa94-04c1-424b-9868-57a2d4851a1d" relativeResultsDirectory="c6b27f47-e686-4241-bb46-8d59b36d2702" />
    <UnitTestResult executionId="862e4e6d-bd72-4062-a05a-6fc3ec1f8f41" testId="2f2f4dfd-d686-918e-9cdb-c64365a18a4e" testName="SGuard.DataAnnotations.Tests.Attributes.SGuardCompareAttributeTests.EmailConfirmation_Success" computerName="runnervmf4ws1" duration="00:00:00.0053446" startTime="2025-09-09T22:27:26.3170494+00:00" endTime="2025-09-09T22:27:26.3386572+00:00" testType="13cdc9d9-ddb5-4fa4-a97d-d965ccfc6d4b" outcome="Passed" testListId="8c84fa94-04c1-424b-9868-57a2d4851a1d" relativeResultsDirectory="862e4e6d-bd72-4062-a05a-6fc3ec1f8f41" />
    <UnitTestResult executionId="fb87c6b7-dfa8-4684-aee3-2024a6c6a48b" testId="e39385cb-7542-4440-d38b-996237c21332" testName="SGuard.DataAnnotations.Tests.Attributes.SGuardCreditCardAttributeTests.ReturnsSuccess_WhenValueIsValidVisaElectron" computerName="runnervmf4ws1" duration="00:00:00.0001164" startTime="2025-09-09T22:27:26.6263508+00:00" endTime="2025-09-09T22:27:26.6264921+00:00" testType="13cdc9d9-ddb5-4fa4-a97d-d965ccfc6d4b" outcome="Passed" testListId="8c84fa94-04c1-424b-9868-57a2d4851a1d" relativeResultsDirectory="fb87c6b7-dfa8-4684-aee3-2024a6c6a48b" />
    <UnitTestResult executionId="c3c38cb7-f872-4b01-a80a-47a56f14ee81" testId="c28794e5-0b00-cfed-b0d4-4828aebaa541" testName="SGuard.DataAnnotations.Tests.Attributes.SGuardCompareAttributeTests.ReturnsSuccess_WhenBothPropertiesAreNull" computerName="runnervmf4ws1" duration="00:00:00.0001386" startTime="2025-09-09T22:27:26.2828280+00:00" endTime="2025-09-09T22:27:26.2835745+00:00" testType="13cdc9d9-ddb5-4fa4-a97d-d965ccfc6d4b" outcome="Passed" testListId="8c84fa94-04c1-424b-9868-57a2d4851a1d" relativeResultsDirectory="c3c38cb7-f872-4b01-a80a-47a56f14ee81" />
    <UnitTestResult executionId="d9c4e01e-f701-41b5-bd79-2ab7c9855ef9" testId="6468c7f7-1dba-3b2c-fe98-4295b607576f" testName="SGuard.DataAnnotations.Tests.Attributes.SGuardEmailAddressAttributeTests.ReturnsSuccess_WhenValueIsBusinessEmailFormat(email: &quot;hr@corporation.au&quot;)" computerName="runnervmf4ws1" duration="00:00:00.0000040" startTime="2025-09-09T22:27:26.3366173+00:00" endTime="2025-09-09T22:27:26.3366703+00:00" testType="13cdc9d9-ddb5-4fa4-a97d-d965ccfc6d4b" outcome="Passed" testListId="8c84fa94-04c1-424b-9868-57a2d4851a1d" relativeResultsDirectory="d9c4e01e-f701-41b5-bd79-2ab7c9855ef9" />
    <UnitTestResult executionId="cec78fe3-695c-4caf-9bab-5d03c5a965a3" testId="1c59d7c9-063b-4e4d-eeb7-8b7090f5e894" testName="SGuard.DataAnnotations.Tests.Attributes.SGuardRangeAttributeTests.ReturnsSuccess_WhenValueIsEqualToMaximum" computerName="runnervmf4ws1" duration="00:00:00.0001423" startTime="2025-09-09T22:27:26.7451626+00:00" endTime="2025-09-09T22:27:26.7453094+00:00" testType="13cdc9d9-ddb5-4fa4-a97d-d965ccfc6d4b" outcome="Passed" testListId="8c84fa94-04c1-424b-9868-57a2d4851a1d" relativeResultsDirectory="cec78fe3-695c-4caf-9bab-5d03c5a965a3" />
    <UnitTestResult executionId="153755cf-e8f2-40ae-93c5-60089118546a" testId="1923b67c-2b64-459e-4f8d-07b0052405ab" testName="SGuard.DataAnnotations.Tests.DataAnnotation.ThrowIfTests.DataAnnotationsInValid_CallbackReceivesSuccessOnPass" computerName="runnervmf4ws1" duration="00:00:00.0220181" startTime="2025-09-09T22:27:26.4523829+00:00" endTime="2025-09-09T22:27:26.5356072+00:00" testType="13cdc9d9-ddb5-4fa4-a97d-d965ccfc6d4b" outcome="Passed" testListId="8c84fa94-04c1-424b-9868-57a2d4851a1d" relativeResultsDirectory="153755cf-e8f2-40ae-93c5-60089118546a" />
    <UnitTestResult executionId="3daf3daf-7613-4447-b408-2dc09b600a48" testId="f39808db-9b00-19f3-92ea-395a8ce4cfc2" testName="SGuard.DataAnnotations.Tests.Attributes.SGuardEmailAddressAttributeTests.ReturnsSuccess_WhenValueIsValidEmailFormat(email: &quot;user@example.com&quot;)" computerName="runnervmf4ws1" duration="00:00:00.0000079" startTime="2025-09-09T22:27:26.3802165+00:00" endTime="2025-09-09T22:27:26.3802710+00:00" testType="13cdc9d9-ddb5-4fa4-a97d-d965ccfc6d4b" outcome="Passed" testListId="8c84fa94-04c1-424b-9868-57a2d4851a1d" relativeResultsDirectory="3daf3daf-7613-4447-b408-2dc09b600a48" />
    <UnitTestResult executionId="88161a54-20ea-4235-bdb1-4d67b935d064" testId="b9b58e28-7f86-1f3e-1425-2302a7fc52a5" testName="SGuard.DataAnnotations.Tests.Attributes.SGuardEmailAddressAttributeTests.ReturnsError_WhenValueIsMissingDomainPart" computerName="runnervmf4ws1" duration="00:00:00.0001745" startTime="2025-09-09T22:27:26.4010235+00:00" endTime="2025-09-09T22:27:26.4011082+00:00" testType="13cdc9d9-ddb5-4fa4-a97d-d965ccfc6d4b" outcome="Passed" testListId="8c84fa94-04c1-424b-9868-57a2d4851a1d" relativeResultsDirectory="88161a54-20ea-4235-bdb1-4d67b935d064" />
    <UnitTestResult executionId="410da673-5cd6-4bc4-9783-1f16c1f3e1f8" testId="e54af1a4-2187-47bd-06ab-7b48b0cdb6e0" testName="SGuard.DataAnnotations.Tests.Attributes.SGuardMinCountAttributeTests.ReturnsSuccess_WhenValueIsNullAndMinIsZero" computerName="runnervmf4ws1" duration="00:00:00.0001424" startTime="2025-09-09T22:27:26.2656108+00:00" endTime="2025-09-09T22:27:26.2657054+00:00" testType="13cdc9d9-ddb5-4fa4-a97d-d965ccfc6d4b" outcome="Passed" testListId="8c84fa94-04c1-424b-9868-57a2d4851a1d" relativeResultsDirectory="410da673-5cd6-4bc4-9783-1f16c1f3e1f8" />
    <UnitTestResult executionId="e3546000-b12e-40f5-aa77-3399c673cade" testId="624d1e9e-c1f1-b5dd-e74e-7b5abb6322df" testName="SGuard.DataAnnotations.Tests.Attributes.SGuardBetweenAttributeTests.SupportsMultipleAttributes_OnSameProperty" computerName="runnervmf4ws1" duration="00:00:00.0001966" startTime="2025-09-09T22:27:26.6720363+00:00" endTime="2025-09-09T22:27:26.6721790+00:00" testType="13cdc9d9-ddb5-4fa4-a97d-d965ccfc6d4b" outcome="Passed" testListId="8c84fa94-04c1-424b-9868-57a2d4851a1d" relativeResultsDirectory="e3546000-b12e-40f5-aa77-3399c673cade" />
    <UnitTestResult executionId="ab479ce3-3b91-43cf-a101-4272b6201f25" testId="0c7ed41a-0fec-962f-fb03-8fb57bf9a0b3" testName="SGuard.DataAnnotations.Tests.Attributes.SGuardEmailAddressAttributeTests.ReturnsSuccess_WhenValueIsCommonEmailProvider(email: &quot;user@aol.com&quot;)" computerName="runnervmf4ws1" duration="00:00:00.0000043" startTime="2025-09-09T22:27:26.3238587+00:00" endTime="2025-09-09T22:27:26.3239364+00:00" testType="13cdc9d9-ddb5-4fa4-a97d-d965ccfc6d4b" outcome="Passed" testListId="8c84fa94-04c1-424b-9868-57a2d4851a1d" relativeResultsDirectory="ab479ce3-3b91-43cf-a101-4272b6201f25" />
    <UnitTestResult executionId="6f553375-9708-41d8-b757-8d3dba3aae0f" testId="61c2b2fd-0ce4-077d-21b4-8840be5ccace" testName="SGuard.DataAnnotations.Tests.Attributes.SGuardCompareAttributeTests.HandlesMinMaxDateTimeValues" computerName="runnervmf4ws1" duration="00:00:00.0005161" startTime="2025-09-09T22:27:26.2795761+00:00" endTime="2025-09-09T22:27:26.2796812+00:00" testType="13cdc9d9-ddb5-4fa4-a97d-d965ccfc6d4b" outcome="Passed" testListId="8c84fa94-04c1-424b-9868-57a2d4851a1d" relativeResultsDirectory="6f553375-9708-41d8-b757-8d3dba3aae0f" />
    <UnitTestResult executionId="962bc90e-27c2-4420-b41d-431339fe3540" testId="c7f2fb08-11b4-e8d2-b9b9-3bf6fbe1918f" testName="SGuard.DataAnnotations.Tests.Attributes.SGuardCompareAttributeTests.WorksWithDateTimeValues" computerName="runnervmf4ws1" duration="00:00:00.0001828" startTime="2025-09-09T22:27:26.3146027+00:00" endTime="2025-09-09T22:27:26.3153064+00:00" testType="13cdc9d9-ddb5-4fa4-a97d-d965ccfc6d4b" outcome="Passed" testListId="8c84fa94-04c1-424b-9868-57a2d4851a1d" relativeResultsDirectory="962bc90e-27c2-4420-b41d-431339fe3540" />
    <UnitTestResult executionId="f9dd8f7f-d966-4793-a7b7-f81fc2a7c838" testId="4cfe696d-2c66-ba14-94e5-b1c7f8adc785" testName="SGuard.DataAnnotations.Tests.Attributes.SGuardCreditCardAttributeTests.ReturnsLocalizedErrorMessage_WhenCultureIsSet(culture: &quot;ru&quot;)" computerName="runnervmf4ws1" duration="00:00:00.0001951" startTime="2025-09-09T22:27:26.5575912+00:00" endTime="2025-09-09T22:27:26.5576955+00:00" testType="13cdc9d9-ddb5-4fa4-a97d-d965ccfc6d4b" outcome="Passed" testListId="8c84fa94-04c1-424b-9868-57a2d4851a1d" relativeResultsDirectory="f9dd8f7f-d966-4793-a7b7-f81fc2a7c838" />
    <UnitTestResult executionId="e6e34021-823d-4b0b-8784-afcc7ab1afd7" testId="7c32f423-8e0c-a2de-85b6-19e6c1f80dce" testName="SGuard.DataAnnotations.Tests.Attributes.SGuardCreditCardAttributeTests.ReturnsSuccess_WhenValueIsValidTestCreditCard(cardNumber: &quot;38520000023237&quot;)" computerName="runnervmf4ws1" duration="00:00:00.0000103" startTime="2025-09-09T22:27:26.4935862+00:00" endTime="2025-09-09T22:27:26.4937083+00:00" testType="13cdc9d9-ddb5-4fa4-a97d-d965ccfc6d4b" outcome="Passed" testListId="8c84fa94-04c1-424b-9868-57a2d4851a1d" relativeResultsDirectory="e6e34021-823d-4b0b-8784-afcc7ab1afd7" />
    <UnitTestResult executionId="42d99f96-ca65-4546-a759-5315448c27f5" testId="9ddec5fa-479c-3d6f-39eb-a62427813e0c" testName="SGuard.DataAnnotations.Tests.Attributes.SGuardRangeAttributeTests.ReturnsSuccess_WhenIntValueIsWithinRange" computerName="runnervmf4ws1" duration="00:00:00.0069753" startTime="2025-09-09T22:27:26.7374780+00:00" endTime="2025-09-09T22:27:26.7407921+00:00" testType="13cdc9d9-ddb5-4fa4-a97d-d965ccfc6d4b" outcome="Passed" testListId="8c84fa94-04c1-424b-9868-57a2d4851a1d" relativeResultsDirectory="42d99f96-ca65-4546-a759-5315448c27f5" />
  </Results>
  <TestDefinitions>
    <UnitTest name="SGuard.DataAnnotations.Tests.Attributes.SGuardStringLengthAttributeTests.ThrowsArgumentNullException_WhenResourceTypeIsNull" storage="/home/runner/work/sguard.dataannotations/sguard.dataannotations/sguard.dataannotations.tests/bin/release/net8.0/sguard.dataannotations.tests.dll" id="08dec1a1-67c0-62c5-1c24-4c823c013f45">
      <Execution id="0a6edb65-c8e5-428e-a3c3-1c2e5836ffdc" />
      <TestMethod codeBase="/home/runner/work/SGuard.DataAnnotations/SGuard.DataAnnotations/SGuard.DataAnnotations.Tests/bin/Release/net8.0/SGuard.DataAnnotations.Tests.dll" adapterTypeName="executor://xunit/VsTestRunner3/netcore/" className="SGuard.DataAnnotations.Tests.Attributes.SGuardStringLengthAttributeTests" name="ThrowsArgumentNullException_WhenResourceTypeIsNull" />
    </UnitTest>
    <UnitTest name="SGuard.DataAnnotations.Tests.Attributes.SGuardCreditCardAttributeTests.ReturnsSuccess_WhenValueIsValidMasterCard" storage="/home/runner/work/sguard.dataannotations/sguard.dataannotations/sguard.dataannotations.tests/bin/release/net8.0/sguard.dataannotations.tests.dll" id="ea7531ec-d355-1dfa-c721-6040cdbfd3ab">
      <Execution id="3d5ef78d-19a6-442b-88b4-8226db687fc6" />
      <TestMethod codeBase="/home/runner/work/SGuard.DataAnnotations/SGuard.DataAnnotations/SGuard.DataAnnotations.Tests/bin/Release/net8.0/SGuard.DataAnnotations.Tests.dll" adapterTypeName="executor://xunit/VsTestRunner3/netcore/" className="SGuard.DataAnnotations.Tests.Attributes.SGuardCreditCardAttributeTests" name="ReturnsSuccess_WhenValueIsValidMasterCard" />
    </UnitTest>
    <UnitTest name="SGuard.DataAnnotations.Tests.Attributes.SGuardCompareAttributeTests.HandlesUnicodeCharacters" storage="/home/runner/work/sguard.dataannotations/sguard.dataannotations/sguard.dataannotations.tests/bin/release/net8.0/sguard.dataannotations.tests.dll" id="2744c131-c3ef-c9ac-68af-49e8d228d0e8">
      <Execution id="5f687e58-bc71-46db-a7de-d5b6fe9d833d" />
      <TestMethod codeBase="/home/runner/work/SGuard.DataAnnotations/SGuard.DataAnnotations/SGuard.DataAnnotations.Tests/bin/Release/net8.0/SGuard.DataAnnotations.Tests.dll" adapterTypeName="executor://xunit/VsTestRunner3/netcore/" className="SGuard.DataAnnotations.Tests.Attributes.SGuardCompareAttributeTests" name="HandlesUnicodeCharacters" />
    </UnitTest>
    <UnitTest name="SGuard.DataAnnotations.Tests.Attributes.SGuardCollectionItemsMatchAttributeTests.ReturnsAllErrors_WhenAggregateAllErrorsTrue" storage="/home/runner/work/sguard.dataannotations/sguard.dataannotations/sguard.dataannotations.tests/bin/release/net8.0/sguard.dataannotations.tests.dll" id="64a8ba0e-13fa-43a2-4028-da53eca3fc4b">
      <Execution id="fa77178f-9adb-40bd-ac8f-1193194a019c" />
      <TestMethod codeBase="/home/runner/work/SGuard.DataAnnotations/SGuard.DataAnnotations/SGuard.DataAnnotations.Tests/bin/Release/net8.0/SGuard.DataAnnotations.Tests.dll" adapterTypeName="executor://xunit/VsTestRunner3/netcore/" className="SGuard.DataAnnotations.Tests.Attributes.SGuardCollectionItemsMatchAttributeTests" name="ReturnsAllErrors_WhenAggregateAllErrorsTrue" />
    </UnitTest>
    <UnitTest name="SGuard.DataAnnotations.Tests.Attributes.SGuardCompareAttributeTests.Constructor_ThrowsArgumentNullException_WhenResourceTypeIsNull" storage="/home/runner/work/sguard.dataannotations/sguard.dataannotations/sguard.dataannotations.tests/bin/release/net8.0/sguard.dataannotations.tests.dll" id="e81f3f09-af79-811e-3ec1-cb518f4d546b">
      <Execution id="8de0b0f6-fffb-49b1-9812-3da279dd03ec" />
      <TestMethod codeBase="/home/runner/work/SGuard.DataAnnotations/SGuard.DataAnnotations/SGuard.DataAnnotations.Tests/bin/Release/net8.0/SGuard.DataAnnotations.Tests.dll" adapterTypeName="executor://xunit/VsTestRunner3/netcore/" className="SGuard.DataAnnotations.Tests.Attributes.SGuardCompareAttributeTests" name="Constructor_ThrowsArgumentNullException_WhenResourceTypeIsNull" />
    </UnitTest>
    <UnitTest name="SGuard.DataAnnotations.Tests.Attributes.SGuardRequiredCollectionAttributeTests.ReturnsError_WhenValueIsNull" storage="/home/runner/work/sguard.dataannotations/sguard.dataannotations/sguard.dataannotations.tests/bin/release/net8.0/sguard.dataannotations.tests.dll" id="798e2a36-c3fb-899f-cb61-fb0c1e959e70">
      <Execution id="453df04d-9a22-4ca3-88cc-1b6acf18d425" />
      <TestMethod codeBase="/home/runner/work/SGuard.DataAnnotations/SGuard.DataAnnotations/SGuard.DataAnnotations.Tests/bin/Release/net8.0/SGuard.DataAnnotations.Tests.dll" adapterTypeName="executor://xunit/VsTestRunner3/netcore/" className="SGuard.DataAnnotations.Tests.Attributes.SGuardRequiredCollectionAttributeTests" name="ReturnsError_WhenValueIsNull" />
    </UnitTest>
    <UnitTest name="SGuard.DataAnnotations.Tests.Attributes.SGuardEmailAddressAttributeTests.UsesInvariantCulture_WhenResourceNotFound" storage="/home/runner/work/sguard.dataannotations/sguard.dataannotations/sguard.dataannotations.tests/bin/release/net8.0/sguard.dataannotations.tests.dll" id="d5007b2b-ab54-ae79-231b-56cdbf0fbe4d">
      <Execution id="45a1302d-e8e9-478b-b91b-891375669b3a" />
      <TestMethod codeBase="/home/runner/work/SGuard.DataAnnotations/SGuard.DataAnnotations/SGuard.DataAnnotations.Tests/bin/Release/net8.0/SGuard.DataAnnotations.Tests.dll" adapterTypeName="executor://xunit/VsTestRunner3/netcore/" className="SGuard.DataAnnotations.Tests.Attributes.SGuardEmailAddressAttributeTests" name="UsesInvariantCulture_WhenResourceNotFound" />
    </UnitTest>
    <UnitTest name="SGuard.DataAnnotations.Tests.Attributes.SGuardMaxCountAttributeTests.ReturnsError_WhenArrayCountExceedsMax" storage="/home/runner/work/sguard.dataannotations/sguard.dataannotations/sguard.dataannotations.tests/bin/release/net8.0/sguard.dataannotations.tests.dll" id="0cba0a5b-0d7e-e849-7306-581f7bb8f2e1">
      <Execution id="6e1b1e36-bab0-44bf-a7d8-8b4bc5a8d696" />
      <TestMethod codeBase="/home/runner/work/SGuard.DataAnnotations/SGuard.DataAnnotations/SGuard.DataAnnotations.Tests/bin/Release/net8.0/SGuard.DataAnnotations.Tests.dll" adapterTypeName="executor://xunit/VsTestRunner3/netcore/" className="SGuard.DataAnnotations.Tests.Attributes.SGuardMaxCountAttributeTests" name="ReturnsError_WhenArrayCountExceedsMax" />
    </UnitTest>
    <UnitTest name="SGuard.DataAnnotations.Tests.Attributes.SGuardRequiredIfAttributeTests.ReturnsError_WhenInvertIsTrue_AndConditionIsNotMet_AndValueIsNull" storage="/home/runner/work/sguard.dataannotations/sguard.dataannotations/sguard.dataannotations.tests/bin/release/net8.0/sguard.dataannotations.tests.dll" id="653de172-362a-be3a-768f-6a69e8db83d2">
      <Execution id="5fb4dff6-1e37-4f28-8ba9-a61027577930" />
      <TestMethod codeBase="/home/runner/work/SGuard.DataAnnotations/SGuard.DataAnnotations/SGuard.DataAnnotations.Tests/bin/Release/net8.0/SGuard.DataAnnotations.Tests.dll" adapterTypeName="executor://xunit/VsTestRunner3/netcore/" className="SGuard.DataAnnotations.Tests.Attributes.SGuardRequiredIfAttributeTests" name="ReturnsError_WhenInvertIsTrue_AndConditionIsNotMet_AndValueIsNull" />
    </UnitTest>
    <UnitTest name="SGuard.DataAnnotations.Tests.Attributes.SGuardEmailAddressAttributeTests.ReturnsError_WhenValueIsInvalidEmailFormat(email: &quot;@missinglocalpart.com&quot;)" storage="/home/runner/work/sguard.dataannotations/sguard.dataannotations/sguard.dataannotations.tests/bin/release/net8.0/sguard.dataannotations.tests.dll" id="efcc2e9e-2f85-0ef0-5d17-1938b92c7600">
      <Execution id="b84fad77-c18e-4e95-bb07-4cfa27765c4f" />
      <TestMethod codeBase="/home/runner/work/SGuard.DataAnnotations/SGuard.DataAnnotations/SGuard.DataAnnotations.Tests/bin/Release/net8.0/SGuard.DataAnnotations.Tests.dll" adapterTypeName="executor://xunit/VsTestRunner3/netcore/" className="SGuard.DataAnnotations.Tests.Attributes.SGuardEmailAddressAttributeTests" name="ReturnsError_WhenValueIsInvalidEmailFormat" />
    </UnitTest>
    <UnitTest name="SGuard.DataAnnotations.Tests.Attributes.SGuardGreaterThanAttributeTests.ReturnsError_WhenValueIsLessThanOther" storage="/home/runner/work/sguard.dataannotations/sguard.dataannotations/sguard.dataannotations.tests/bin/release/net8.0/sguard.dataannotations.tests.dll" id="c73d6aaa-e241-d2c3-1e63-c59fd12ac92a">
      <Execution id="0644ce9f-830c-453a-8461-bd8d050d4171" />
      <TestMethod codeBase="/home/runner/work/SGuard.DataAnnotations/SGuard.DataAnnotations/SGuard.DataAnnotations.Tests/bin/Release/net8.0/SGuard.DataAnnotations.Tests.dll" adapterTypeName="executor://xunit/VsTestRunner3/netcore/" className="SGuard.DataAnnotations.Tests.Attributes.SGuardGreaterThanAttributeTests" name="ReturnsError_WhenValueIsLessThanOther" />
    </UnitTest>
    <UnitTest name="SGuard.DataAnnotations.Tests.Attributes.SGuardEmailAddressAttributeTests.ReturnsSuccess_WhenValueIsValidEmail" storage="/home/runner/work/sguard.dataannotations/sguard.dataannotations/sguard.dataannotations.tests/bin/release/net8.0/sguard.dataannotations.tests.dll" id="f2aeed70-0eba-88fa-cdc4-4e0eba39fa22">
      <Execution id="901e97a8-30a7-4619-a3db-1c4e71c0c0a4" />
      <TestMethod codeBase="/home/runner/work/SGuard.DataAnnotations/SGuard.DataAnnotations/SGuard.DataAnnotations.Tests/bin/Release/net8.0/SGuard.DataAnnotations.Tests.dll" adapterTypeName="executor://xunit/VsTestRunner3/netcore/" className="SGuard.DataAnnotations.Tests.Attributes.SGuardEmailAddressAttributeTests" name="ReturnsSuccess_WhenValueIsValidEmail" />
    </UnitTest>
    <UnitTest name="SGuard.DataAnnotations.Tests.Attributes.SGuardEmailAddressAttributeTests.ReturnsSuccess_WhenValueIsValidEmailFormat(email: &quot;user@example.com&quot;)" storage="/home/runner/work/sguard.dataannotations/sguard.dataannotations/sguard.dataannotations.tests/bin/release/net8.0/sguard.dataannotations.tests.dll" id="f39808db-9b00-19f3-92ea-395a8ce4cfc2">
      <Execution id="3daf3daf-7613-4447-b408-2dc09b600a48" />
      <TestMethod codeBase="/home/runner/work/SGuard.DataAnnotations/SGuard.DataAnnotations/SGuard.DataAnnotations.Tests/bin/Release/net8.0/SGuard.DataAnnotations.Tests.dll" adapterTypeName="executor://xunit/VsTestRunner3/netcore/" className="SGuard.DataAnnotations.Tests.Attributes.SGuardEmailAddressAttributeTests" name="ReturnsSuccess_WhenValueIsValidEmailFormat" />
    </UnitTest>
    <UnitTest name="SGuard.DataAnnotations.Tests.Attributes.SGuardLessThanAttributeTests.ReturnsError_WhenDecimalValueIsNotLessThanOther" storage="/home/runner/work/sguard.dataannotations/sguard.dataannotations/sguard.dataannotations.tests/bin/release/net8.0/sguard.dataannotations.tests.dll" id="9302277b-8281-96ce-7164-eed276a176b3">
      <Execution id="73b10a14-e47d-4f11-952d-1460f86000d4" />
      <TestMethod codeBase="/home/runner/work/SGuard.DataAnnotations/SGuard.DataAnnotations/SGuard.DataAnnotations.Tests/bin/Release/net8.0/SGuard.DataAnnotations.Tests.dll" adapterTypeName="executor://xunit/VsTestRunner3/netcore/" className="SGuard.DataAnnotations.Tests.Attributes.SGuardLessThanAttributeTests" name="ReturnsError_WhenDecimalValueIsNotLessThanOther" />
    </UnitTest>
    <UnitTest name="SGuard.DataAnnotations.Tests.Attributes.SGuardEmailAddressAttributeTests.ReturnsSuccess_WhenValueIsValidEmailFormat(email: &quot;user.name+tag@example.co.uk&quot;)" storage="/home/runner/work/sguard.dataannotations/sguard.dataannotations/sguard.dataannotations.tests/bin/release/net8.0/sguard.dataannotations.tests.dll" id="901b1d80-eb8f-d99c-d714-80ce4513b9b5">
      <Execution id="bf613566-cb1b-4609-a45e-487dfd734606" />
      <TestMethod codeBase="/home/runner/work/SGuard.DataAnnotations/SGuard.DataAnnotations/SGuard.DataAnnotations.Tests/bin/Release/net8.0/SGuard.DataAnnotations.Tests.dll" adapterTypeName="executor://xunit/VsTestRunner3/netcore/" className="SGuard.DataAnnotations.Tests.Attributes.SGuardEmailAddressAttributeTests" name="ReturnsSuccess_WhenValueIsValidEmailFormat" />
    </UnitTest>
    <UnitTest name="SGuard.DataAnnotations.Tests.DataAnnotation.IsTests.DataAnnotationsValid_CallbackReceivesFailureOnFalse" storage="/home/runner/work/sguard.dataannotations/sguard.dataannotations/sguard.dataannotations.tests/bin/release/net8.0/sguard.dataannotations.tests.dll" id="6dbe238a-784e-6e0e-2206-9ec117063a6b">
      <Execution id="5a3a666d-6f75-4890-9039-509452ba65a1" />
      <TestMethod codeBase="/home/runner/work/SGuard.DataAnnotations/SGuard.DataAnnotations/SGuard.DataAnnotations.Tests/bin/Release/net8.0/SGuard.DataAnnotations.Tests.dll" adapterTypeName="executor://xunit/VsTestRunner3/netcore/" className="SGuard.DataAnnotations.Tests.DataAnnotation.IsTests" name="DataAnnotationsValid_CallbackReceivesFailureOnFalse" />
    </UnitTest>
    <UnitTest name="SGuard.DataAnnotations.Tests.Attributes.SGuardPhoneAttributeTests.ReturnsSuccess_WhenPhoneIsValid" storage="/home/runner/work/sguard.dataannotations/sguard.dataannotations/sguard.dataannotations.tests/bin/release/net8.0/sguard.dataannotations.tests.dll" id="0bce7d4a-3968-3e49-ebb4-a685b9d62474">
      <Execution id="18c0ac96-212a-4ced-82ec-6ab64757ba17" />
      <TestMethod codeBase="/home/runner/work/SGuard.DataAnnotations/SGuard.DataAnnotations/SGuard.DataAnnotations.Tests/bin/Release/net8.0/SGuard.DataAnnotations.Tests.dll" adapterTypeName="executor://xunit/VsTestRunner3/netcore/" className="SGuard.DataAnnotations.Tests.Attributes.SGuardPhoneAttributeTests" name="ReturnsSuccess_WhenPhoneIsValid" />
    </UnitTest>
    <UnitTest name="SGuard.DataAnnotations.Tests.Attributes.SGuardBetweenAttributeTests.HandlesEqualMinMaxValues_Exclusive" storage="/home/runner/work/sguard.dataannotations/sguard.dataannotations/sguard.dataannotations.tests/bin/release/net8.0/sguard.dataannotations.tests.dll" id="d5e44dbb-4518-24d0-e50b-48d357d042f7">
      <Execution id="f7aa57ba-ad11-4042-80ec-f2b54fd3e6dd" />
      <TestMethod codeBase="/home/runner/work/SGuard.DataAnnotations/SGuard.DataAnnotations/SGuard.DataAnnotations.Tests/bin/Release/net8.0/SGuard.DataAnnotations.Tests.dll" adapterTypeName="executor://xunit/VsTestRunner3/netcore/" className="SGuard.DataAnnotations.Tests.Attributes.SGuardBetweenAttributeTests" name="HandlesEqualMinMaxValues_Exclusive" />
    </UnitTest>
    <UnitTest name="SGuard.DataAnnotations.Tests.Attributes.SGuardMinCountAttributeTests.ReturnsSuccess_WhenValueIsNotACollection" storage="/home/runner/work/sguard.dataannotations/sguard.dataannotations/sguard.dataannotations.tests/bin/release/net8.0/sguard.dataannotations.tests.dll" id="58d16fdf-e597-97fe-e122-05c7faace010">
      <Execution id="a151ab73-f7c4-486a-aa31-4f886930f964" />
      <TestMethod codeBase="/home/runner/work/SGuard.DataAnnotations/SGuard.DataAnnotations/SGuard.DataAnnotations.Tests/bin/Release/net8.0/SGuard.DataAnnotations.Tests.dll" adapterTypeName="executor://xunit/VsTestRunner3/netcore/" className="SGuard.DataAnnotations.Tests.Attributes.SGuardMinCountAttributeTests" name="ReturnsSuccess_WhenValueIsNotACollection" />
    </UnitTest>
    <UnitTest name="SGuard.DataAnnotations.Tests.Attributes.SGuardRequiredIfAttributeTests.ReturnsSuccess_WhenConditionMet_AndValueIsNonEmptyString" storage="/home/runner/work/sguard.dataannotations/sguard.dataannotations/sguard.dataannotations.tests/bin/release/net8.0/sguard.dataannotations.tests.dll" id="79b6102e-e5c4-bce8-6bb3-bb0b4547cc45">
      <Execution id="cf4b7421-874d-4058-92f4-792829f86d51" />
      <TestMethod codeBase="/home/runner/work/SGuard.DataAnnotations/SGuard.DataAnnotations/SGuard.DataAnnotations.Tests/bin/Release/net8.0/SGuard.DataAnnotations.Tests.dll" adapterTypeName="executor://xunit/VsTestRunner3/netcore/" className="SGuard.DataAnnotations.Tests.Attributes.SGuardRequiredIfAttributeTests" name="ReturnsSuccess_WhenConditionMet_AndValueIsNonEmptyString" />
    </UnitTest>
    <UnitTest name="SGuard.DataAnnotations.Tests.Attributes.SGuardMinCountAttributeTests.ReturnsError_WhenDictionaryCountIsLessThanMin" storage="/home/runner/work/sguard.dataannotations/sguard.dataannotations/sguard.dataannotations.tests/bin/release/net8.0/sguard.dataannotations.tests.dll" id="74763ec8-6686-be4e-cacc-79e58aa84404">
      <Execution id="e5aa949f-8833-4f0a-ab7a-b839087b4b37" />
      <TestMethod codeBase="/home/runner/work/SGuard.DataAnnotations/SGuard.DataAnnotations/SGuard.DataAnnotations.Tests/bin/Release/net8.0/SGuard.DataAnnotations.Tests.dll" adapterTypeName="executor://xunit/VsTestRunner3/netcore/" className="SGuard.DataAnnotations.Tests.Attributes.SGuardMinCountAttributeTests" name="ReturnsError_WhenDictionaryCountIsLessThanMin" />
    </UnitTest>
    <UnitTest name="SGuard.DataAnnotations.Tests.Attributes.SGuardEmailAddressAttributeTests.ReturnsError_WhenValueIsInvalidEmailFormat(email: &quot;user@&quot;)" storage="/home/runner/work/sguard.dataannotations/sguard.dataannotations/sguard.dataannotations.tests/bin/release/net8.0/sguard.dataannotations.tests.dll" id="b1dff3e0-131a-5859-39fa-f522da206203">
      <Execution id="8f8f85f3-c716-4f6c-a55d-cc8884320fab" />
      <TestMethod codeBase="/home/runner/work/SGuard.DataAnnotations/SGuard.DataAnnotations/SGuard.DataAnnotations.Tests/bin/Release/net8.0/SGuard.DataAnnotations.Tests.dll" adapterTypeName="executor://xunit/VsTestRunner3/netcore/" className="SGuard.DataAnnotations.Tests.Attributes.SGuardEmailAddressAttributeTests" name="ReturnsError_WhenValueIsInvalidEmailFormat" />
    </UnitTest>
    <UnitTest name="SGuard.DataAnnotations.Tests.Attributes.SGuardCreditCardAttributeTests.ReturnsLocalizedErrorMessage_WhenCultureIsSet(culture: &quot;ru&quot;)" storage="/home/runner/work/sguard.dataannotations/sguard.dataannotations/sguard.dataannotations.tests/bin/release/net8.0/sguard.dataannotations.tests.dll" id="4cfe696d-2c66-ba14-94e5-b1c7f8adc785">
      <Execution id="f9dd8f7f-d966-4793-a7b7-f81fc2a7c838" />
      <TestMethod codeBase="/home/runner/work/SGuard.DataAnnotations/SGuard.DataAnnotations/SGuard.DataAnnotations.Tests/bin/Release/net8.0/SGuard.DataAnnotations.Tests.dll" adapterTypeName="executor://xunit/VsTestRunner3/netcore/" className="SGuard.DataAnnotations.Tests.Attributes.SGuardCreditCardAttributeTests" name="ReturnsLocalizedErrorMessage_WhenCultureIsSet" />
    </UnitTest>
    <UnitTest name="SGuard.DataAnnotations.Tests.Attributes.SGuardStringLengthAttributeTests.ReturnsError_WhenStringLengthExceedsMaximum" storage="/home/runner/work/sguard.dataannotations/sguard.dataannotations/sguard.dataannotations.tests/bin/release/net8.0/sguard.dataannotations.tests.dll" id="4ccde377-9d20-8bac-fb75-afb02ae558b3">
      <Execution id="10c28466-d427-4d0b-b35f-bb045bb3f0a9" />
      <TestMethod codeBase="/home/runner/work/SGuard.DataAnnotations/SGuard.DataAnnotations/SGuard.DataAnnotations.Tests/bin/Release/net8.0/SGuard.DataAnnotations.Tests.dll" adapterTypeName="executor://xunit/VsTestRunner3/netcore/" className="SGuard.DataAnnotations.Tests.Attributes.SGuardStringLengthAttributeTests" name="ReturnsError_WhenStringLengthExceedsMaximum" />
    </UnitTest>
    <UnitTest name="SGuard.DataAnnotations.Tests.Attributes.SGuardRequiredIfAttributeTests.ReturnsError_WhenConditionMet_AndValueIsEmptyString" storage="/home/runner/work/sguard.dataannotations/sguard.dataannotations/sguard.dataannotations.tests/bin/release/net8.0/sguard.dataannotations.tests.dll" id="09cd4131-9ddb-feab-ff4c-35327c79c0f2">
      <Execution id="93b051c0-934b-4471-a1e4-7512797fb03b" />
      <TestMethod codeBase="/home/runner/work/SGuard.DataAnnotations/SGuard.DataAnnotations/SGuard.DataAnnotations.Tests/bin/Release/net8.0/SGuard.DataAnnotations.Tests.dll" adapterTypeName="executor://xunit/VsTestRunner3/netcore/" className="SGuard.DataAnnotations.Tests.Attributes.SGuardRequiredIfAttributeTests" name="ReturnsError_WhenConditionMet_AndValueIsEmptyString" />
    </UnitTest>
    <UnitTest name="SGuard.DataAnnotations.Tests.Attributes.SGuardCreditCardAttributeTests.ReturnsError_WhenValueHasSpecialCharacters" storage="/home/runner/work/sguard.dataannotations/sguard.dataannotations/sguard.dataannotations.tests/bin/release/net8.0/sguard.dataannotations.tests.dll" id="0bd1c5ff-7470-d31e-7726-af166eb059fb">
      <Execution id="9d10e49a-a5d0-4b97-8038-7626ef1a5a45" />
      <TestMethod codeBase="/home/runner/work/SGuard.DataAnnotations/SGuard.DataAnnotations/SGuard.DataAnnotations.Tests/bin/Release/net8.0/SGuard.DataAnnotations.Tests.dll" adapterTypeName="executor://xunit/VsTestRunner3/netcore/" className="SGuard.DataAnnotations.Tests.Attributes.SGuardCreditCardAttributeTests" name="ReturnsError_WhenValueHasSpecialCharacters" />
    </UnitTest>
    <UnitTest name="SGuard.DataAnnotations.Tests.Attributes.SGuardEmailAddressAttributeTests.Constructor_ThrowsArgumentNullException_WhenResourceNameIsNull" storage="/home/runner/work/sguard.dataannotations/sguard.dataannotations/sguard.dataannotations.tests/bin/release/net8.0/sguard.dataannotations.tests.dll" id="d3c42e9a-5225-3efb-100a-a789c8adde2f">
      <Execution id="d2b237bd-7911-4291-a9d1-e138f15b809f" />
      <TestMethod codeBase="/home/runner/work/SGuard.DataAnnotations/SGuard.DataAnnotations/SGuard.DataAnnotations.Tests/bin/Release/net8.0/SGuard.DataAnnotations.Tests.dll" adapterTypeName="executor://xunit/VsTestRunner3/netcore/" className="SGuard.DataAnnotations.Tests.Attributes.SGuardEmailAddressAttributeTests" name="Constructor_ThrowsArgumentNullException_WhenResourceNameIsNull" />
    </UnitTest>
    <UnitTest name="SGuard.DataAnnotations.Tests.Attributes.SGuardValidationAttributeBaseFallbackTests.Returns_ResourceNameInBrackets_IfNoFallbacksExist" storage="/home/runner/work/sguard.dataannotations/sguard.dataannotations/sguard.dataannotations.tests/bin/release/net8.0/sguard.dataannotations.tests.dll" id="a4e6ddd9-7583-3067-73cf-2e7840fff423">
      <Execution id="4dc71f48-85ba-4273-92c8-147139e0de65" />
      <TestMethod codeBase="/home/runner/work/SGuard.DataAnnotations/SGuard.DataAnnotations/SGuard.DataAnnotations.Tests/bin/Release/net8.0/SGuard.DataAnnotations.Tests.dll" adapterTypeName="executor://xunit/VsTestRunner3/netcore/" className="SGuard.DataAnnotations.Tests.Attributes.SGuardValidationAttributeBaseFallbackTests" name="Returns_ResourceNameInBrackets_IfNoFallbacksExist" />
    </UnitTest>
    <UnitTest name="SGuard.DataAnnotations.Tests.Attributes.SGuardBetweenAttributeTests.UsesInvariantCulture_WhenResourceNotFound" storage="/home/runner/work/sguard.dataannotations/sguard.dataannotations/sguard.dataannotations.tests/bin/release/net8.0/sguard.dataannotations.tests.dll" id="bd88b21d-6448-e40c-0742-fc2176115994">
      <Execution id="0ba25695-b876-45f6-8e54-5b9c4be42f97" />
      <TestMethod codeBase="/home/runner/work/SGuard.DataAnnotations/SGuard.DataAnnotations/SGuard.DataAnnotations.Tests/bin/Release/net8.0/SGuard.DataAnnotations.Tests.dll" adapterTypeName="executor://xunit/VsTestRunner3/netcore/" className="SGuard.DataAnnotations.Tests.Attributes.SGuardBetweenAttributeTests" name="UsesInvariantCulture_WhenResourceNotFound" />
    </UnitTest>
    <UnitTest name="SGuard.DataAnnotations.Tests.Attributes.SGuardEmailAddressAttributeTests.ReturnsLocalizedErrorMessage_WhenCultureIsSet(culture: &quot;ru&quot;)" storage="/home/runner/work/sguard.dataannotations/sguard.dataannotations/sguard.dataannotations.tests/bin/release/net8.0/sguard.dataannotations.tests.dll" id="19ecf8d1-7110-f15c-ef67-988f88f7bb41">
      <Execution id="34e0be39-7b68-402a-8ddf-e94b2e657316" />
      <TestMethod codeBase="/home/runner/work/SGuard.DataAnnotations/SGuard.DataAnnotations/SGuard.DataAnnotations.Tests/bin/Release/net8.0/SGuard.DataAnnotations.Tests.dll" adapterTypeName="executor://xunit/VsTestRunner3/netcore/" className="SGuard.DataAnnotations.Tests.Attributes.SGuardEmailAddressAttributeTests" name="ReturnsLocalizedErrorMessage_WhenCultureIsSet" />
    </UnitTest>
    <UnitTest name="SGuard.DataAnnotations.Tests.Attributes.SGuardRequiredCollectionAttributeTests.ReturnsError_WhenDictionaryIsEmpty" storage="/home/runner/work/sguard.dataannotations/sguard.dataannotations/sguard.dataannotations.tests/bin/release/net8.0/sguard.dataannotations.tests.dll" id="dcf0db55-732a-fafb-7f82-1b8350768679">
      <Execution id="b39c978e-7ec7-4986-a1ad-e95bec4125a7" />
      <TestMethod codeBase="/home/runner/work/SGuard.DataAnnotations/SGuard.DataAnnotations/SGuard.DataAnnotations.Tests/bin/Release/net8.0/SGuard.DataAnnotations.Tests.dll" adapterTypeName="executor://xunit/VsTestRunner3/netcore/" className="SGuard.DataAnnotations.Tests.Attributes.SGuardRequiredCollectionAttributeTests" name="ReturnsError_WhenDictionaryIsEmpty" />
    </UnitTest>
    <UnitTest name="SGuard.DataAnnotations.Tests.Attributes.SGuardCreditCardAttributeTests.ReturnsError_WhenValueIsInvalidTestCreditCard(cardNumber: &quot;5555555555554443&quot;)" storage="/home/runner/work/sguard.dataannotations/sguard.dataannotations/sguard.dataannotations.tests/bin/release/net8.0/sguard.dataannotations.tests.dll" id="809e9d94-66f6-dae8-2b5d-501b7d7b5945">
      <Execution id="98823c5a-d9c9-436d-a3c4-0cf2b96ec39e" />
      <TestMethod codeBase="/home/runner/work/SGuard.DataAnnotations/SGuard.DataAnnotations/SGuard.DataAnnotations.Tests/bin/Release/net8.0/SGuard.DataAnnotations.Tests.dll" adapterTypeName="executor://xunit/VsTestRunner3/netcore/" className="SGuard.DataAnnotations.Tests.Attributes.SGuardCreditCardAttributeTests" name="ReturnsError_WhenValueIsInvalidTestCreditCard" />
    </UnitTest>
    <UnitTest name="SGuard.DataAnnotations.Tests.Attributes.SGuardCompareAttributeTests.Constructor_ThrowsArgumentNullException_WhenOtherPropertyIsNull" storage="/home/runner/work/sguard.dataannotations/sguard.dataannotations/sguard.dataannotations.tests/bin/release/net8.0/sguard.dataannotations.tests.dll" id="68a16536-98d2-0511-7116-864607bab0e2">
      <Execution id="441f773b-aa95-419f-8f35-502f9cf16e19" />
      <TestMethod codeBase="/home/runner/work/SGuard.DataAnnotations/SGuard.DataAnnotations/SGuard.DataAnnotations.Tests/bin/Release/net8.0/SGuard.DataAnnotations.Tests.dll" adapterTypeName="executor://xunit/VsTestRunner3/netcore/" className="SGuard.DataAnnotations.Tests.Attributes.SGuardCompareAttributeTests" name="Constructor_ThrowsArgumentNullException_WhenOtherPropertyIsNull" />
    </UnitTest>
    <UnitTest name="SGuard.DataAnnotations.Tests.Attributes.SGuardMinCountAttributeTests.ReturnsError_WhenArrayCountIsLessThanMin" storage="/home/runner/work/sguard.dataannotations/sguard.dataannotations/sguard.dataannotations.tests/bin/release/net8.0/sguard.dataannotations.tests.dll" id="3c3bfa14-9fb7-b6cc-5a7a-5faef4a5c2c7">
      <Execution id="9ce8ed6a-1b0c-441a-b134-5504d7cafead" />
      <TestMethod codeBase="/home/runner/work/SGuard.DataAnnotations/SGuard.DataAnnotations/SGuard.DataAnnotations.Tests/bin/Release/net8.0/SGuard.DataAnnotations.Tests.dll" adapterTypeName="executor://xunit/VsTestRunner3/netcore/" className="SGuard.DataAnnotations.Tests.Attributes.SGuardMinCountAttributeTests" name="ReturnsError_WhenArrayCountIsLessThanMin" />
    </UnitTest>
    <UnitTest name="SGuard.DataAnnotations.Tests.Attributes.SGuardCreditCardAttributeTests.ReturnsError_WhenValueContainsLetters" storage="/home/runner/work/sguard.dataannotations/sguard.dataannotations/sguard.dataannotations.tests/bin/release/net8.0/sguard.dataannotations.tests.dll" id="75d791fa-8719-80d0-9a8b-76d17eff6ec0">
      <Execution id="1d6d66a2-2458-4980-bfa2-b550e243864f" />
      <TestMethod codeBase="/home/runner/work/SGuard.DataAnnotations/SGuard.DataAnnotations/SGuard.DataAnnotations.Tests/bin/Release/net8.0/SGuard.DataAnnotations.Tests.dll" adapterTypeName="executor://xunit/VsTestRunner3/netcore/" className="SGuard.DataAnnotations.Tests.Attributes.SGuardCreditCardAttributeTests" name="ReturnsError_WhenValueContainsLetters" />
    </UnitTest>
    <UnitTest name="SGuard.DataAnnotations.Tests.Attributes.SGuardCreditCardAttributeTests.ReturnsSuccess_WhenValueIsValidTestCreditCard(cardNumber: &quot;6011000990139424&quot;)" storage="/home/runner/work/sguard.dataannotations/sguard.dataannotations/sguard.dataannotations.tests/bin/release/net8.0/sguard.dataannotations.tests.dll" id="fdc1127e-4505-c69f-14f4-782af60782bd">
      <Execution id="ed109ef3-9287-45fc-8e94-bac7d2cb0783" />
      <TestMethod codeBase="/home/runner/work/SGuard.DataAnnotations/SGuard.DataAnnotations/SGuard.DataAnnotations.Tests/bin/Release/net8.0/SGuard.DataAnnotations.Tests.dll" adapterTypeName="executor://xunit/VsTestRunner3/netcore/" className="SGuard.DataAnnotations.Tests.Attributes.SGuardCreditCardAttributeTests" name="ReturnsSuccess_WhenValueIsValidTestCreditCard" />
    </UnitTest>
    <UnitTest name="SGuard.DataAnnotations.Tests.Attributes.SGuardRangeAttributeTests.ReturnsError_WhenIntValueIsAboveRange" storage="/home/runner/work/sguard.dataannotations/sguard.dataannotations/sguard.dataannotations.tests/bin/release/net8.0/sguard.dataannotations.tests.dll" id="5a51352c-3de9-808e-63ee-89577a10f209">
      <Execution id="4f751148-09ac-4aec-a58b-0c05792743f8" />
      <TestMethod codeBase="/home/runner/work/SGuard.DataAnnotations/SGuard.DataAnnotations/SGuard.DataAnnotations.Tests/bin/Release/net8.0/SGuard.DataAnnotations.Tests.dll" adapterTypeName="executor://xunit/VsTestRunner3/netcore/" className="SGuard.DataAnnotations.Tests.Attributes.SGuardRangeAttributeTests" name="ReturnsError_WhenIntValueIsAboveRange" />
    </UnitTest>
    <UnitTest name="SGuard.DataAnnotations.Tests.Attributes.SGuardEmailAddressAttributeTests.ReturnsSuccess_WhenValueIsCommonEmailProvider(email: &quot;user@protonmail.com&quot;)" storage="/home/runner/work/sguard.dataannotations/sguard.dataannotations/sguard.dataannotations.tests/bin/release/net8.0/sguard.dataannotations.tests.dll" id="26b95717-eff7-b896-62e8-84d5342f995e">
      <Execution id="3f049044-2c71-42ac-adc0-4fb8248f875d" />
      <TestMethod codeBase="/home/runner/work/SGuard.DataAnnotations/SGuard.DataAnnotations/SGuard.DataAnnotations.Tests/bin/Release/net8.0/SGuard.DataAnnotations.Tests.dll" adapterTypeName="executor://xunit/VsTestRunner3/netcore/" className="SGuard.DataAnnotations.Tests.Attributes.SGuardEmailAddressAttributeTests" name="ReturnsSuccess_WhenValueIsCommonEmailProvider" />
    </UnitTest>
    <UnitTest name="SGuard.DataAnnotations.Tests.Attributes.SGuardGreaterThanAttributeTests.ReturnsError_WhenValueIsEqualToOther" storage="/home/runner/work/sguard.dataannotations/sguard.dataannotations/sguard.dataannotations.tests/bin/release/net8.0/sguard.dataannotations.tests.dll" id="8e691b6b-f7e7-4d53-52eb-73fbaa8af003">
      <Execution id="e1cdcf52-1a02-4e3c-8e8f-c08395c13b07" />
      <TestMethod codeBase="/home/runner/work/SGuard.DataAnnotations/SGuard.DataAnnotations/SGuard.DataAnnotations.Tests/bin/Release/net8.0/SGuard.DataAnnotations.Tests.dll" adapterTypeName="executor://xunit/VsTestRunner3/netcore/" className="SGuard.DataAnnotations.Tests.Attributes.SGuardGreaterThanAttributeTests" name="ReturnsError_WhenValueIsEqualToOther" />
    </UnitTest>
    <UnitTest name="SGuard.DataAnnotations.Tests.Attributes.SGuardCreditCardAttributeTests.ReturnsSuccess_WhenValueIsValidTestCreditCard(cardNumber: &quot;30569309025904&quot;)" storage="/home/runner/work/sguard.dataannotations/sguard.dataannotations/sguard.dataannotations.tests/bin/release/net8.0/sguard.dataannotations.tests.dll" id="2187ad65-87f0-bfcf-d975-396aa8f70701">
      <Execution id="adf220ae-7a83-4227-83b1-8113bee57160" />
      <TestMethod codeBase="/home/runner/work/SGuard.DataAnnotations/SGuard.DataAnnotations/SGuard.DataAnnotations.Tests/bin/Release/net8.0/SGuard.DataAnnotations.Tests.dll" adapterTypeName="executor://xunit/VsTestRunner3/netcore/" className="SGuard.DataAnnotations.Tests.Attributes.SGuardCreditCardAttributeTests" name="ReturnsSuccess_WhenValueIsValidTestCreditCard" />
    </UnitTest>
    <UnitTest name="SGuard.DataAnnotations.Tests.Attributes.SGuardStringLengthAttributeTests.ThrowsArgumentNullException_WhenResourceNameIsNull" storage="/home/runner/work/sguard.dataannotations/sguard.dataannotations/sguard.dataannotations.tests/bin/release/net8.0/sguard.dataannotations.tests.dll" id="41b05ee3-12ce-b627-2955-98b195d56a3d">
      <Execution id="469cb7ff-a8b0-41f1-af4e-04e6a3cf1d61" />
      <TestMethod codeBase="/home/runner/work/SGuard.DataAnnotations/SGuard.DataAnnotations/SGuard.DataAnnotations.Tests/bin/Release/net8.0/SGuard.DataAnnotations.Tests.dll" adapterTypeName="executor://xunit/VsTestRunner3/netcore/" className="SGuard.DataAnnotations.Tests.Attributes.SGuardStringLengthAttributeTests" name="ThrowsArgumentNullException_WhenResourceNameIsNull" />
    </UnitTest>
    <UnitTest name="SGuard.DataAnnotations.Tests.Attributes.SGuardCompareAttributeTests.ReturnsError_WhenPrivatePropertyCannotBeAccessed" storage="/home/runner/work/sguard.dataannotations/sguard.dataannotations/sguard.dataannotations.tests/bin/release/net8.0/sguard.dataannotations.tests.dll" id="c97c75c4-b307-7ca6-75ff-9ef0025bb6a0">
      <Execution id="607f1928-2521-4330-9df0-947ed57ee237" />
      <TestMethod codeBase="/home/runner/work/SGuard.DataAnnotations/SGuard.DataAnnotations/SGuard.DataAnnotations.Tests/bin/Release/net8.0/SGuard.DataAnnotations.Tests.dll" adapterTypeName="executor://xunit/VsTestRunner3/netcore/" className="SGuard.DataAnnotations.Tests.Attributes.SGuardCompareAttributeTests" name="ReturnsError_WhenPrivatePropertyCannotBeAccessed" />
    </UnitTest>
    <UnitTest name="SGuard.DataAnnotations.Tests.Attributes.SGuardRangeAttributeTests.ReturnsLocalizedErrorMessage_WhenCultureIsSetToTurkish" storage="/home/runner/work/sguard.dataannotations/sguard.dataannotations/sguard.dataannotations.tests/bin/release/net8.0/sguard.dataannotations.tests.dll" id="701f587a-5d18-199f-026c-ebd21e1df910">
      <Execution id="97e7d73e-aec4-4edf-9686-b749510195ba" />
      <TestMethod codeBase="/home/runner/work/SGuard.DataAnnotations/SGuard.DataAnnotations/SGuard.DataAnnotations.Tests/bin/Release/net8.0/SGuard.DataAnnotations.Tests.dll" adapterTypeName="executor://xunit/VsTestRunner3/netcore/" className="SGuard.DataAnnotations.Tests.Attributes.SGuardRangeAttributeTests" name="ReturnsLocalizedErrorMessage_WhenCultureIsSetToTurkish" />
    </UnitTest>
    <UnitTest name="SGuard.DataAnnotations.Tests.Attributes.SGuardMaxCountAttributeTests.ReturnsError_WhenCollectionCountIsGreaterThanZero" storage="/home/runner/work/sguard.dataannotations/sguard.dataannotations/sguard.dataannotations.tests/bin/release/net8.0/sguard.dataannotations.tests.dll" id="300f7fbc-52a0-5545-ddb0-fc7ad262dc85">
      <Execution id="d8ce0f63-4955-4250-bf0f-812543abca7e" />
      <TestMethod codeBase="/home/runner/work/SGuard.DataAnnotations/SGuard.DataAnnotations/SGuard.DataAnnotations.Tests/bin/Release/net8.0/SGuard.DataAnnotations.Tests.dll" adapterTypeName="executor://xunit/VsTestRunner3/netcore/" className="SGuard.DataAnnotations.Tests.Attributes.SGuardMaxCountAttributeTests" name="ReturnsError_WhenCollectionCountIsGreaterThanZero" />
    </UnitTest>
    <UnitTest name="SGuard.DataAnnotations.Tests.Attributes.SGuardEmailAddressAttributeTests.ReturnsSuccess_WhenEmailHasLeadingSpaces" storage="/home/runner/work/sguard.dataannotations/sguard.dataannotations/sguard.dataannotations.tests/bin/release/net8.0/sguard.dataannotations.tests.dll" id="f3b4a254-455d-3192-9248-5344bd916d75">
      <Execution id="32752e7e-2afb-4e1a-85f2-6109d3614632" />
      <TestMethod codeBase="/home/runner/work/SGuard.DataAnnotations/SGuard.DataAnnotations/SGuard.DataAnnotations.Tests/bin/Release/net8.0/SGuard.DataAnnotations.Tests.dll" adapterTypeName="executor://xunit/VsTestRunner3/netcore/" className="SGuard.DataAnnotations.Tests.Attributes.SGuardEmailAddressAttributeTests" name="ReturnsSuccess_WhenEmailHasLeadingSpaces" />
    </UnitTest>
    <UnitTest name="SGuard.DataAnnotations.Tests.Attributes.SGuardCreditCardAttributeTests.ReturnsSuccess_WhenValueIsValidTestCreditCard(cardNumber: &quot;3530111333300000&quot;)" storage="/home/runner/work/sguard.dataannotations/sguard.dataannotations/sguard.dataannotations.tests/bin/release/net8.0/sguard.dataannotations.tests.dll" id="88b28e5a-c571-d1c3-3fe0-6f8671929713">
      <Execution id="ac2ac1ba-5ea6-47e0-aca0-d76fedb9dbdd" />
      <TestMethod codeBase="/home/runner/work/SGuard.DataAnnotations/SGuard.DataAnnotations/SGuard.DataAnnotations.Tests/bin/Release/net8.0/SGuard.DataAnnotations.Tests.dll" adapterTypeName="executor://xunit/VsTestRunner3/netcore/" className="SGuard.DataAnnotations.Tests.Attributes.SGuardCreditCardAttributeTests" name="ReturnsSuccess_WhenValueIsValidTestCreditCard" />
    </UnitTest>
    <UnitTest name="SGuard.DataAnnotations.Tests.Attributes.SGuardCreditCardAttributeTests.ReturnsSuccess_WhenValueIsValidJCB" storage="/home/runner/work/sguard.dataannotations/sguard.dataannotations/sguard.dataannotations.tests/bin/release/net8.0/sguard.dataannotations.tests.dll" id="ee234abd-0496-b817-262c-6365071813bb">
      <Execution id="498fcf0f-e67f-41c2-a42c-044eedb27cd5" />
      <TestMethod codeBase="/home/runner/work/SGuard.DataAnnotations/SGuard.DataAnnotations/SGuard.DataAnnotations.Tests/bin/Release/net8.0/SGuard.DataAnnotations.Tests.dll" adapterTypeName="executor://xunit/VsTestRunner3/netcore/" className="SGuard.DataAnnotations.Tests.Attributes.SGuardCreditCardAttributeTests" name="ReturnsSuccess_WhenValueIsValidJCB" />
    </UnitTest>
    <UnitTest name="SGuard.DataAnnotations.Tests.Attributes.SGuardMinCountAttributeTests.ReturnsError_WhenValueIsNullAndMinIsGreaterThanZero" storage="/home/runner/work/sguard.dataannotations/sguard.dataannotations/sguard.dataannotations.tests/bin/release/net8.0/sguard.dataannotations.tests.dll" id="caf2e415-42c1-802e-5d26-994c0a176ae7">
      <Execution id="e1d5e017-b822-4569-ad24-e7ae7e8b9160" />
      <TestMethod codeBase="/home/runner/work/SGuard.DataAnnotations/SGuard.DataAnnotations/SGuard.DataAnnotations.Tests/bin/Release/net8.0/SGuard.DataAnnotations.Tests.dll" adapterTypeName="executor://xunit/VsTestRunner3/netcore/" className="SGuard.DataAnnotations.Tests.Attributes.SGuardMinCountAttributeTests" name="ReturnsError_WhenValueIsNullAndMinIsGreaterThanZero" />
    </UnitTest>
    <UnitTest name="SGuard.DataAnnotations.Tests.Attributes.SGuardUrlAttributeTests.ReturnsSuccess_WhenValueIsValidUrl" storage="/home/runner/work/sguard.dataannotations/sguard.dataannotations/sguard.dataannotations.tests/bin/release/net8.0/sguard.dataannotations.tests.dll" id="fa752d66-28d7-68b0-4a54-7085fb7dac2f">
      <Execution id="26e1613d-f725-4262-9a94-108f294090f0" />
      <TestMethod codeBase="/home/runner/work/SGuard.DataAnnotations/SGuard.DataAnnotations/SGuard.DataAnnotations.Tests/bin/Release/net8.0/SGuard.DataAnnotations.Tests.dll" adapterTypeName="executor://xunit/VsTestRunner3/netcore/" className="SGuard.DataAnnotations.Tests.Attributes.SGuardUrlAttributeTests" name="ReturnsSuccess_WhenValueIsValidUrl" />
    </UnitTest>
    <UnitTest name="SGuard.DataAnnotations.Tests.Attributes.SGuardBetweenAttributeTests.HandlesNegativeValues_Inclusive" storage="/home/runner/work/sguard.dataannotations/sguard.dataannotations/sguard.dataannotations.tests/bin/release/net8.0/sguard.dataannotations.tests.dll" id="a35a1793-5ee3-f926-ff94-e5d154b60c65">
      <Execution id="e042e692-6953-4b8f-ac33-eaf0bb1db66a" />
      <TestMethod codeBase="/home/runner/work/SGuard.DataAnnotations/SGuard.DataAnnotations/SGuard.DataAnnotations.Tests/bin/Release/net8.0/SGuard.DataAnnotations.Tests.dll" adapterTypeName="executor://xunit/VsTestRunner3/netcore/" className="SGuard.DataAnnotations.Tests.Attributes.SGuardBetweenAttributeTests" name="HandlesNegativeValues_Inclusive" />
    </UnitTest>
    <UnitTest name="SGuard.DataAnnotations.Tests.Attributes.SGuardCompareAttributeTests.HandlesSpecialCharacters" storage="/home/runner/work/sguard.dataannotations/sguard.dataannotations/sguard.dataannotations.tests/bin/release/net8.0/sguard.dataannotations.tests.dll" id="87ff368c-2f6c-e2c1-52f5-5a144623f490">
      <Execution id="c0ada193-cb93-4a2d-a255-9fae8f18a9f8" />
      <TestMethod codeBase="/home/runner/work/SGuard.DataAnnotations/SGuard.DataAnnotations/SGuard.DataAnnotations.Tests/bin/Release/net8.0/SGuard.DataAnnotations.Tests.dll" adapterTypeName="executor://xunit/VsTestRunner3/netcore/" className="SGuard.DataAnnotations.Tests.Attributes.SGuardCompareAttributeTests" name="HandlesSpecialCharacters" />
    </UnitTest>
    <UnitTest name="SGuard.DataAnnotations.Tests.Attributes.SGuardCompareAttributeTests.ReturnsLocalizedErrorMessage_WhenCultureIsSet(culture: &quot;en&quot;)" storage="/home/runner/work/sguard.dataannotations/sguard.dataannotations/sguard.dataannotations.tests/bin/release/net8.0/sguard.dataannotations.tests.dll" id="7f1262c7-9267-6848-7a6a-63fee330a8ad">
      <Execution id="23e54a4c-ad5e-40e1-b31f-7c0de47ace85" />
      <TestMethod codeBase="/home/runner/work/SGuard.DataAnnotations/SGuard.DataAnnotations/SGuard.DataAnnotations.Tests/bin/Release/net8.0/SGuard.DataAnnotations.Tests.dll" adapterTypeName="executor://xunit/VsTestRunner3/netcore/" className="SGuard.DataAnnotations.Tests.Attributes.SGuardCompareAttributeTests" name="ReturnsLocalizedErrorMessage_WhenCultureIsSet" />
    </UnitTest>
    <UnitTest name="SGuard.DataAnnotations.Tests.Attributes.SGuardCreditCardAttributeTests.ReturnsError_WhenTabsAndNewlines" storage="/home/runner/work/sguard.dataannotations/sguard.dataannotations/sguard.dataannotations.tests/bin/release/net8.0/sguard.dataannotations.tests.dll" id="f9f8c945-4c81-643a-d9d2-4a8d836c22cd">
      <Execution id="92b70975-20a8-4b75-967a-5c08688c6cd0" />
      <TestMethod codeBase="/home/runner/work/SGuard.DataAnnotations/SGuard.DataAnnotations/SGuard.DataAnnotations.Tests/bin/Release/net8.0/SGuard.DataAnnotations.Tests.dll" adapterTypeName="executor://xunit/VsTestRunner3/netcore/" className="SGuard.DataAnnotations.Tests.Attributes.SGuardCreditCardAttributeTests" name="ReturnsError_WhenTabsAndNewlines" />
    </UnitTest>
    <UnitTest name="SGuard.DataAnnotations.Tests.Attributes.SGuardEmailAddressAttributeTests.ReturnsError_WhenValueIsMissingLocalPart" storage="/home/runner/work/sguard.dataannotations/sguard.dataannotations/sguard.dataannotations.tests/bin/release/net8.0/sguard.dataannotations.tests.dll" id="57a52874-48c6-1cb3-2d74-f42730ff4142">
      <Execution id="9be0a07f-e7e1-4921-b32d-d6f0296323ab" />
      <TestMethod codeBase="/home/runner/work/SGuard.DataAnnotations/SGuard.DataAnnotations/SGuard.DataAnnotations.Tests/bin/Release/net8.0/SGuard.DataAnnotations.Tests.dll" adapterTypeName="executor://xunit/VsTestRunner3/netcore/" className="SGuard.DataAnnotations.Tests.Attributes.SGuardEmailAddressAttributeTests" name="ReturnsError_WhenValueIsMissingLocalPart" />
    </UnitTest>
    <UnitTest name="SGuard.DataAnnotations.Tests.Attributes.SGuardEmailAddressAttributeTests.ReturnsNull_WhenValueIsUnsupportedInternationalEmail(email: &quot;user@россия.рф&quot;)" storage="/home/runner/work/sguard.dataannotations/sguard.dataannotations/sguard.dataannotations.tests/bin/release/net8.0/sguard.dataannotations.tests.dll" id="96f0a1d4-531c-3478-a078-bab16abfa397">
      <Execution id="7107cbab-3d63-4ec4-9a24-f1e15ef52f6b" />
      <TestMethod codeBase="/home/runner/work/SGuard.DataAnnotations/SGuard.DataAnnotations/SGuard.DataAnnotations.Tests/bin/Release/net8.0/SGuard.DataAnnotations.Tests.dll" adapterTypeName="executor://xunit/VsTestRunner3/netcore/" className="SGuard.DataAnnotations.Tests.Attributes.SGuardEmailAddressAttributeTests" name="ReturnsNull_WhenValueIsUnsupportedInternationalEmail" />
    </UnitTest>
    <UnitTest name="SGuard.DataAnnotations.Tests.Exceptions.DataAnnotationsExceptionTests.DataAnnotationsException_UsesCustomMessage" storage="/home/runner/work/sguard.dataannotations/sguard.dataannotations/sguard.dataannotations.tests/bin/release/net8.0/sguard.dataannotations.tests.dll" id="66151859-70d2-8743-c129-cddce21a9c0c">
      <Execution id="bf53bf01-c03f-45eb-8923-52cdd835278a" />
      <TestMethod codeBase="/home/runner/work/SGuard.DataAnnotations/SGuard.DataAnnotations/SGuard.DataAnnotations.Tests/bin/Release/net8.0/SGuard.DataAnnotations.Tests.dll" adapterTypeName="executor://xunit/VsTestRunner3/netcore/" className="SGuard.DataAnnotations.Tests.Exceptions.DataAnnotationsExceptionTests" name="DataAnnotationsException_UsesCustomMessage" />
    </UnitTest>
    <UnitTest name="SGuard.DataAnnotations.Tests.Attributes.SGuardBetweenAttributeTests.ReturnsError_WhenValueIsAboveMax_Inclusive" storage="/home/runner/work/sguard.dataannotations/sguard.dataannotations/sguard.dataannotations.tests/bin/release/net8.0/sguard.dataannotations.tests.dll" id="7dcb49be-abd7-70bd-acfd-ae6260302e4a">
      <Execution id="9955ddb2-dc2b-4c9d-ac18-4630a2556a7a" />
      <TestMethod codeBase="/home/runner/work/SGuard.DataAnnotations/SGuard.DataAnnotations/SGuard.DataAnnotations.Tests/bin/Release/net8.0/SGuard.DataAnnotations.Tests.dll" adapterTypeName="executor://xunit/VsTestRunner3/netcore/" className="SGuard.DataAnnotations.Tests.Attributes.SGuardBetweenAttributeTests" name="ReturnsError_WhenValueIsAboveMax_Inclusive" />
    </UnitTest>
    <UnitTest name="SGuard.DataAnnotations.Tests.Attributes.SGuardEmailAddressAttributeTests.ReturnsLocalizedErrorMessage_WhenCultureIsSet(culture: &quot;ja&quot;)" storage="/home/runner/work/sguard.dataannotations/sguard.dataannotations/sguard.dataannotations.tests/bin/release/net8.0/sguard.dataannotations.tests.dll" id="34bb9170-eeee-de83-f14e-fab906187457">
      <Execution id="169f2517-d947-4c76-8466-47a77677e381" />
      <TestMethod codeBase="/home/runner/work/SGuard.DataAnnotations/SGuard.DataAnnotations/SGuard.DataAnnotations.Tests/bin/Release/net8.0/SGuard.DataAnnotations.Tests.dll" adapterTypeName="executor://xunit/VsTestRunner3/netcore/" className="SGuard.DataAnnotations.Tests.Attributes.SGuardEmailAddressAttributeTests" name="ReturnsLocalizedErrorMessage_WhenCultureIsSet" />
    </UnitTest>
    <UnitTest name="SGuard.DataAnnotations.Tests.Attributes.SGuardCreditCardAttributeTests.ReturnsLocalizedErrorMessage_WhenCultureIsSet(culture: &quot;hi&quot;)" storage="/home/runner/work/sguard.dataannotations/sguard.dataannotations/sguard.dataannotations.tests/bin/release/net8.0/sguard.dataannotations.tests.dll" id="1bec7ca9-f747-370f-4b0f-e38d88280d42">
      <Execution id="a5cc58ef-07ba-44bb-89a2-b8a9fe3fbb5b" />
      <TestMethod codeBase="/home/runner/work/SGuard.DataAnnotations/SGuard.DataAnnotations/SGuard.DataAnnotations.Tests/bin/Release/net8.0/SGuard.DataAnnotations.Tests.dll" adapterTypeName="executor://xunit/VsTestRunner3/netcore/" className="SGuard.DataAnnotations.Tests.Attributes.SGuardCreditCardAttributeTests" name="ReturnsLocalizedErrorMessage_WhenCultureIsSet" />
    </UnitTest>
    <UnitTest name="SGuard.DataAnnotations.Tests.Attributes.SGuardUrlAttributeTests.ReturnsError_WhenValueIsWhitespaceString" storage="/home/runner/work/sguard.dataannotations/sguard.dataannotations/sguard.dataannotations.tests/bin/release/net8.0/sguard.dataannotations.tests.dll" id="1a721b5c-3d09-5ac7-2dc9-85146d3f176d">
      <Execution id="76e8c4d5-ed34-4eba-81b7-4e1033c7738b" />
      <TestMethod codeBase="/home/runner/work/SGuard.DataAnnotations/SGuard.DataAnnotations/SGuard.DataAnnotations.Tests/bin/Release/net8.0/SGuard.DataAnnotations.Tests.dll" adapterTypeName="executor://xunit/VsTestRunner3/netcore/" className="SGuard.DataAnnotations.Tests.Attributes.SGuardUrlAttributeTests" name="ReturnsError_WhenValueIsWhitespaceString" />
    </UnitTest>
    <UnitTest name="SGuard.DataAnnotations.Tests.DataAnnotation.ThrowIfTests.DataAnnotationsInValid_ValidObject_DoesNotThrow" storage="/home/runner/work/sguard.dataannotations/sguard.dataannotations/sguard.dataannotations.tests/bin/release/net8.0/sguard.dataannotations.tests.dll" id="d2abbd7a-ef0c-371c-ddca-a09c27d6f3a8">
      <Execution id="c1dfc3ba-28e1-4bc7-bf05-d844ff227e4d" />
      <TestMethod codeBase="/home/runner/work/SGuard.DataAnnotations/SGuard.DataAnnotations/SGuard.DataAnnotations.Tests/bin/Release/net8.0/SGuard.DataAnnotations.Tests.dll" adapterTypeName="executor://xunit/VsTestRunner3/netcore/" className="SGuard.DataAnnotations.Tests.DataAnnotation.ThrowIfTests" name="DataAnnotationsInValid_ValidObject_DoesNotThrow" />
    </UnitTest>
    <UnitTest name="SGuard.DataAnnotations.Tests.DataAnnotation.ThrowIfTests.DataAnnotationsInValid_InvalidObject_ThrowsDataAnnotationsException" storage="/home/runner/work/sguard.dataannotations/sguard.dataannotations/sguard.dataannotations.tests/bin/release/net8.0/sguard.dataannotations.tests.dll" id="e43fb556-9358-00bd-a086-0825e3eb5ea1">
      <Execution id="5621d4fc-6ff2-47a7-aabb-df8009bdeaf6" />
      <TestMethod codeBase="/home/runner/work/SGuard.DataAnnotations/SGuard.DataAnnotations/SGuard.DataAnnotations.Tests/bin/Release/net8.0/SGuard.DataAnnotations.Tests.dll" adapterTypeName="executor://xunit/VsTestRunner3/netcore/" className="SGuard.DataAnnotations.Tests.DataAnnotation.ThrowIfTests" name="DataAnnotationsInValid_InvalidObject_ThrowsDataAnnotationsException" />
    </UnitTest>
    <UnitTest name="SGuard.DataAnnotations.Tests.Attributes.SGuardEmailAddressAttributeTests.ReturnsSuccess_WhenValueIsBusinessEmailFormat(email: &quot;john.doe@company.com&quot;)" storage="/home/runner/work/sguard.dataannotations/sguard.dataannotations/sguard.dataannotations.tests/bin/release/net8.0/sguard.dataannotations.tests.dll" id="44b5e871-bf86-94e7-7093-ae2d9b275d87">
      <Execution id="cf3a4ef9-a268-42a1-99e1-556bd3f087ed" />
      <TestMethod codeBase="/home/runner/work/SGuard.DataAnnotations/SGuard.DataAnnotations/SGuard.DataAnnotations.Tests/bin/Release/net8.0/SGuard.DataAnnotations.Tests.dll" adapterTypeName="executor://xunit/VsTestRunner3/netcore/" className="SGuard.DataAnnotations.Tests.Attributes.SGuardEmailAddressAttributeTests" name="ReturnsSuccess_WhenValueIsBusinessEmailFormat" />
    </UnitTest>
    <UnitTest name="SGuard.DataAnnotations.Tests.Attributes.SGuardBetweenAttributeTests.ReturnsError_WhenMaxPropertyIsMissing" storage="/home/runner/work/sguard.dataannotations/sguard.dataannotations/sguard.dataannotations.tests/bin/release/net8.0/sguard.dataannotations.tests.dll" id="dbb7f411-b5f6-5940-9199-3e373138ea62">
      <Execution id="0851c190-9549-490c-924e-38f28a2b8475" />
      <TestMethod codeBase="/home/runner/work/SGuard.DataAnnotations/SGuard.DataAnnotations/SGuard.DataAnnotations.Tests/bin/Release/net8.0/SGuard.DataAnnotations.Tests.dll" adapterTypeName="executor://xunit/VsTestRunner3/netcore/" className="SGuard.DataAnnotations.Tests.Attributes.SGuardBetweenAttributeTests" name="ReturnsError_WhenMaxPropertyIsMissing" />
    </UnitTest>
    <UnitTest name="SGuard.DataAnnotations.Tests.Attributes.SGuardRequiredIfAttributeTests.ReturnsSuccess_WhenInvertIsTrue_AndConditionIsMet_AndValueIsNull" storage="/home/runner/work/sguard.dataannotations/sguard.dataannotations/sguard.dataannotations.tests/bin/release/net8.0/sguard.dataannotations.tests.dll" id="aa49b1a7-b42b-1198-9a54-7252e411bd8c">
      <Execution id="05fb79c1-a7c8-494d-ac9d-79685e66e569" />
      <TestMethod codeBase="/home/runner/work/SGuard.DataAnnotations/SGuard.DataAnnotations/SGuard.DataAnnotations.Tests/bin/Release/net8.0/SGuard.DataAnnotations.Tests.dll" adapterTypeName="executor://xunit/VsTestRunner3/netcore/" className="SGuard.DataAnnotations.Tests.Attributes.SGuardRequiredIfAttributeTests" name="ReturnsSuccess_WhenInvertIsTrue_AndConditionIsMet_AndValueIsNull" />
    </UnitTest>
    <UnitTest name="SGuard.DataAnnotations.Tests.Attributes.SGuardCreditCardAttributeTests.ReturnsSuccess_WhenValueHasSpaces" storage="/home/runner/work/sguard.dataannotations/sguard.dataannotations/sguard.dataannotations.tests/bin/release/net8.0/sguard.dataannotations.tests.dll" id="0f6c30f4-eb74-3240-7d3a-baf8973e6bb1">
      <Execution id="fca2aabd-0292-426a-bfb9-9a8794a13ebd" />
      <TestMethod codeBase="/home/runner/work/SGuard.DataAnnotations/SGuard.DataAnnotations/SGuard.DataAnnotations.Tests/bin/Release/net8.0/SGuard.DataAnnotations.Tests.dll" adapterTypeName="executor://xunit/VsTestRunner3/netcore/" className="SGuard.DataAnnotations.Tests.Attributes.SGuardCreditCardAttributeTests" name="ReturnsSuccess_WhenValueHasSpaces" />
    </UnitTest>
    <UnitTest name="SGuard.DataAnnotations.Tests.Attributes.SGuardMaxCountAttributeTests.ReturnsError_WhenDictionaryCountExceedsMax" storage="/home/runner/work/sguard.dataannotations/sguard.dataannotations/sguard.dataannotations.tests/bin/release/net8.0/sguard.dataannotations.tests.dll" id="51c51bea-f89b-c996-c1ac-8ab3ff59328a">
      <Execution id="678cafed-ab99-4db6-9b26-7fb2bb0b0496" />
      <TestMethod codeBase="/home/runner/work/SGuard.DataAnnotations/SGuard.DataAnnotations/SGuard.DataAnnotations.Tests/bin/Release/net8.0/SGuard.DataAnnotations.Tests.dll" adapterTypeName="executor://xunit/VsTestRunner3/netcore/" className="SGuard.DataAnnotations.Tests.Attributes.SGuardMaxCountAttributeTests" name="ReturnsError_WhenDictionaryCountExceedsMax" />
    </UnitTest>
    <UnitTest name="SGuard.DataAnnotations.Tests.Attributes.SGuardEmailAddressAttributeTests.ReturnsError_WhenValueIsMissingDomainPart" storage="/home/runner/work/sguard.dataannotations/sguard.dataannotations/sguard.dataannotations.tests/bin/release/net8.0/sguard.dataannotations.tests.dll" id="b9b58e28-7f86-1f3e-1425-2302a7fc52a5">
      <Execution id="88161a54-20ea-4235-bdb1-4d67b935d064" />
      <TestMethod codeBase="/home/runner/work/SGuard.DataAnnotations/SGuard.DataAnnotations/SGuard.DataAnnotations.Tests/bin/Release/net8.0/SGuard.DataAnnotations.Tests.dll" adapterTypeName="executor://xunit/VsTestRunner3/netcore/" className="SGuard.DataAnnotations.Tests.Attributes.SGuardEmailAddressAttributeTests" name="ReturnsError_WhenValueIsMissingDomainPart" />
    </UnitTest>
    <UnitTest name="SGuard.DataAnnotations.Tests.Attributes.SGuardCreditCardAttributeTests.ReturnsSuccess_WhenValueIsValidTestCreditCard(cardNumber: &quot;38520000023237&quot;)" storage="/home/runner/work/sguard.dataannotations/sguard.dataannotations/sguard.dataannotations.tests/bin/release/net8.0/sguard.dataannotations.tests.dll" id="7c32f423-8e0c-a2de-85b6-19e6c1f80dce">
      <Execution id="e6e34021-823d-4b0b-8784-afcc7ab1afd7" />
      <TestMethod codeBase="/home/runner/work/SGuard.DataAnnotations/SGuard.DataAnnotations/SGuard.DataAnnotations.Tests/bin/Release/net8.0/SGuard.DataAnnotations.Tests.dll" adapterTypeName="executor://xunit/VsTestRunner3/netcore/" className="SGuard.DataAnnotations.Tests.Attributes.SGuardCreditCardAttributeTests" name="ReturnsSuccess_WhenValueIsValidTestCreditCard" />
    </UnitTest>
    <UnitTest name="SGuard.DataAnnotations.Tests.Attributes.SGuardRequiredCollectionAttributeTests.ReturnsSuccess_WhenValueIsNotACollection" storage="/home/runner/work/sguard.dataannotations/sguard.dataannotations/sguard.dataannotations.tests/bin/release/net8.0/sguard.dataannotations.tests.dll" id="ba3baf4e-5572-7eb4-1d1d-9af5f600a7e3">
      <Execution id="8541dbfb-725e-4781-b167-7eac96fc2b69" />
      <TestMethod codeBase="/home/runner/work/SGuard.DataAnnotations/SGuard.DataAnnotations/SGuard.DataAnnotations.Tests/bin/Release/net8.0/SGuard.DataAnnotations.Tests.dll" adapterTypeName="executor://xunit/VsTestRunner3/netcore/" className="SGuard.DataAnnotations.Tests.Attributes.SGuardRequiredCollectionAttributeTests" name="ReturnsSuccess_WhenValueIsNotACollection" />
    </UnitTest>
    <UnitTest name="SGuard.DataAnnotations.Tests.Attributes.SGuardEmailAddressAttributeTests.ReturnsSuccess_WhenValueIsBusinessEmailFormat(email: &quot;info@business.co.uk&quot;)" storage="/home/runner/work/sguard.dataannotations/sguard.dataannotations/sguard.dataannotations.tests/bin/release/net8.0/sguard.dataannotations.tests.dll" id="b97a18c9-b8e3-b070-3a44-45fbb4abfb42">
      <Execution id="df9c6d70-9c2a-4fb9-83f4-8556ff310305" />
      <TestMethod codeBase="/home/runner/work/SGuard.DataAnnotations/SGuard.DataAnnotations/SGuard.DataAnnotations.Tests/bin/Release/net8.0/SGuard.DataAnnotations.Tests.dll" adapterTypeName="executor://xunit/VsTestRunner3/netcore/" className="SGuard.DataAnnotations.Tests.Attributes.SGuardEmailAddressAttributeTests" name="ReturnsSuccess_WhenValueIsBusinessEmailFormat" />
    </UnitTest>
    <UnitTest name="SGuard.DataAnnotations.Tests.Attributes.SGuardEmailAddressAttributeTests.ReturnsError_WhenValueIsWhitespace" storage="/home/runner/work/sguard.dataannotations/sguard.dataannotations/sguard.dataannotations.tests/bin/release/net8.0/sguard.dataannotations.tests.dll" id="58eebdef-28a3-7d06-c213-4aa00f14b8b1">
      <Execution id="7b7a19a8-6675-4870-a0f6-f556a2345de5" />
      <TestMethod codeBase="/home/runner/work/SGuard.DataAnnotations/SGuard.DataAnnotations/SGuard.DataAnnotations.Tests/bin/Release/net8.0/SGuard.DataAnnotations.Tests.dll" adapterTypeName="executor://xunit/VsTestRunner3/netcore/" className="SGuard.DataAnnotations.Tests.Attributes.SGuardEmailAddressAttributeTests" name="ReturnsError_WhenValueIsWhitespace" />
    </UnitTest>
    <UnitTest name="SGuard.DataAnnotations.Tests.Attributes.SGuardBetweenAttributeTests.ReturnsSuccess_WhenValueIsWithinExclusiveRange" storage="/home/runner/work/sguard.dataannotations/sguard.dataannotations/sguard.dataannotations.tests/bin/release/net8.0/sguard.dataannotations.tests.dll" id="5f026a22-c8d0-28d9-a261-3c20625721a0">
      <Execution id="f5a94177-4238-4135-a6a6-e546beb99074" />
      <TestMethod codeBase="/home/runner/work/SGuard.DataAnnotations/SGuard.DataAnnotations/SGuard.DataAnnotations.Tests/bin/Release/net8.0/SGuard.DataAnnotations.Tests.dll" adapterTypeName="executor://xunit/VsTestRunner3/netcore/" className="SGuard.DataAnnotations.Tests.Attributes.SGuardBetweenAttributeTests" name="ReturnsSuccess_WhenValueIsWithinExclusiveRange" />
    </UnitTest>
    <UnitTest name="SGuard.DataAnnotations.Tests.Attributes.SGuardCompareAttributeTests.ReturnsError_WhenOtherPropertyDoesNotExist" storage="/home/runner/work/sguard.dataannotations/sguard.dataannotations/sguard.dataannotations.tests/bin/release/net8.0/sguard.dataannotations.tests.dll" id="51882b2c-89a4-3795-f36d-6ba49a967dda">
      <Execution id="8841b8a3-2128-469e-b193-7e011d5ee136" />
      <TestMethod codeBase="/home/runner/work/SGuard.DataAnnotations/SGuard.DataAnnotations/SGuard.DataAnnotations.Tests/bin/Release/net8.0/SGuard.DataAnnotations.Tests.dll" adapterTypeName="executor://xunit/VsTestRunner3/netcore/" className="SGuard.DataAnnotations.Tests.Attributes.SGuardCompareAttributeTests" name="ReturnsError_WhenOtherPropertyDoesNotExist" />
    </UnitTest>
    <UnitTest name="SGuard.DataAnnotations.Tests.Attributes.SGuardCreditCardAttributeTests.ReturnsSuccess_WhenValueIsValidDiscover" storage="/home/runner/work/sguard.dataannotations/sguard.dataannotations/sguard.dataannotations.tests/bin/release/net8.0/sguard.dataannotations.tests.dll" id="6baebac7-a80a-bf62-b229-fb70ad830fff">
      <Execution id="4a46a471-bc02-48ae-aafe-8e34b964d271" />
      <TestMethod codeBase="/home/runner/work/SGuard.DataAnnotations/SGuard.DataAnnotations/SGuard.DataAnnotations.Tests/bin/Release/net8.0/SGuard.DataAnnotations.Tests.dll" adapterTypeName="executor://xunit/VsTestRunner3/netcore/" className="SGuard.DataAnnotations.Tests.Attributes.SGuardCreditCardAttributeTests" name="ReturnsSuccess_WhenValueIsValidDiscover" />
    </UnitTest>
    <UnitTest name="SGuard.DataAnnotations.Tests.Attributes.SGuardMinCountAttributeTests.ReturnsLocalizedErrorMessage_WhenCultureIsSetToTurkish" storage="/home/runner/work/sguard.dataannotations/sguard.dataannotations/sguard.dataannotations.tests/bin/release/net8.0/sguard.dataannotations.tests.dll" id="d700c2ca-0d30-9df2-b5c4-ec10e7deec6d">
      <Execution id="56457a79-653f-481b-83c8-ddffdfd724d8" />
      <TestMethod codeBase="/home/runner/work/SGuard.DataAnnotations/SGuard.DataAnnotations/SGuard.DataAnnotations.Tests/bin/Release/net8.0/SGuard.DataAnnotations.Tests.dll" adapterTypeName="executor://xunit/VsTestRunner3/netcore/" className="SGuard.DataAnnotations.Tests.Attributes.SGuardMinCountAttributeTests" name="ReturnsLocalizedErrorMessage_WhenCultureIsSetToTurkish" />
    </UnitTest>
    <UnitTest name="SGuard.DataAnnotations.Tests.Attributes.SGuardEmailAddressAttributeTests.ReturnsNull_WhenValueIsUnsupportedInternationalEmail(email: &quot;用户@example.com&quot;)" storage="/home/runner/work/sguard.dataannotations/sguard.dataannotations/sguard.dataannotations.tests/bin/release/net8.0/sguard.dataannotations.tests.dll" id="95b87b36-3c5e-9cd8-cee1-b516d3ba0d69">
      <Execution id="79b67b4c-4a82-451f-828c-371970995645" />
      <TestMethod codeBase="/home/runner/work/SGuard.DataAnnotations/SGuard.DataAnnotations/SGuard.DataAnnotations.Tests/bin/Release/net8.0/SGuard.DataAnnotations.Tests.dll" adapterTypeName="executor://xunit/VsTestRunner3/netcore/" className="SGuard.DataAnnotations.Tests.Attributes.SGuardEmailAddressAttributeTests" name="ReturnsNull_WhenValueIsUnsupportedInternationalEmail" />
    </UnitTest>
    <UnitTest name="SGuard.DataAnnotations.Tests.Attributes.SGuardCreditCardAttributeTests.ReturnsSuccess_WhenValueIsValidVisa" storage="/home/runner/work/sguard.dataannotations/sguard.dataannotations/sguard.dataannotations.tests/bin/release/net8.0/sguard.dataannotations.tests.dll" id="1dbac545-66f2-0bb8-0678-b41a21a7f990">
      <Execution id="5721f90b-2d9e-45ab-9710-4ec415f1f82f" />
      <TestMethod codeBase="/home/runner/work/SGuard.DataAnnotations/SGuard.DataAnnotations/SGuard.DataAnnotations.Tests/bin/Release/net8.0/SGuard.DataAnnotations.Tests.dll" adapterTypeName="executor://xunit/VsTestRunner3/netcore/" className="SGuard.DataAnnotations.Tests.Attributes.SGuardCreditCardAttributeTests" name="ReturnsSuccess_WhenValueIsValidVisa" />
    </UnitTest>
    <UnitTest name="SGuard.DataAnnotations.Tests.Attributes.SGuardCreditCardAttributeTests.ReturnsSuccess_WhenValueIsWhitespace" storage="/home/runner/work/sguard.dataannotations/sguard.dataannotations/sguard.dataannotations.tests/bin/release/net8.0/sguard.dataannotations.tests.dll" id="105b068b-5f70-b61a-c12a-2f0480355a18">
      <Execution id="eb856357-d25f-4e79-bb0f-7dea9cf16a6b" />
      <TestMethod codeBase="/home/runner/work/SGuard.DataAnnotations/SGuard.DataAnnotations/SGuard.DataAnnotations.Tests/bin/Release/net8.0/SGuard.DataAnnotations.Tests.dll" adapterTypeName="executor://xunit/VsTestRunner3/netcore/" className="SGuard.DataAnnotations.Tests.Attributes.SGuardCreditCardAttributeTests" name="ReturnsSuccess_WhenValueIsWhitespace" />
    </UnitTest>
    <UnitTest name="SGuard.DataAnnotations.Tests.Attributes.SGuardCompareAttributeTests.ReturnsLocalizedErrorMessage_WhenCultureIsSet(culture: &quot;fr&quot;)" storage="/home/runner/work/sguard.dataannotations/sguard.dataannotations/sguard.dataannotations.tests/bin/release/net8.0/sguard.dataannotations.tests.dll" id="39e550b5-d651-1e73-281d-7944e70634fb">
      <Execution id="bdf6a011-bf66-465f-833f-2b6de6fc87a0" />
      <TestMethod codeBase="/home/runner/work/SGuard.DataAnnotations/SGuard.DataAnnotations/SGuard.DataAnnotations.Tests/bin/Release/net8.0/SGuard.DataAnnotations.Tests.dll" adapterTypeName="executor://xunit/VsTestRunner3/netcore/" className="SGuard.DataAnnotations.Tests.Attributes.SGuardCompareAttributeTests" name="ReturnsLocalizedErrorMessage_WhenCultureIsSet" />
    </UnitTest>
    <UnitTest name="SGuard.DataAnnotations.Tests.Attributes.SGuardCreditCardAttributeTests.ReturnsSuccess_WhenValueIsNull" storage="/home/runner/work/sguard.dataannotations/sguard.dataannotations/sguard.dataannotations.tests/bin/release/net8.0/sguard.dataannotations.tests.dll" id="1c56d25b-3fa2-0b50-9bef-dde7f6b97d13">
      <Execution id="44a2d8ca-ad51-4310-95b5-e46d84d20c1b" />
      <TestMethod codeBase="/home/runner/work/SGuard.DataAnnotations/SGuard.DataAnnotations/SGuard.DataAnnotations.Tests/bin/Release/net8.0/SGuard.DataAnnotations.Tests.dll" adapterTypeName="executor://xunit/VsTestRunner3/netcore/" className="SGuard.DataAnnotations.Tests.Attributes.SGuardCreditCardAttributeTests" name="ReturnsSuccess_WhenValueIsNull" />
    </UnitTest>
    <UnitTest name="SGuard.DataAnnotations.Tests.Attributes.SGuardMaxLengthAttributeTests.ThrowsArgumentNullException_WhenResourceNameIsNull" storage="/home/runner/work/sguard.dataannotations/sguard.dataannotations/sguard.dataannotations.tests/bin/release/net8.0/sguard.dataannotations.tests.dll" id="8bba85ac-7331-5b3e-7c3e-24a62ec19478">
      <Execution id="a0a3cbec-6923-4f4b-90b2-b5a543d5003d" />
      <TestMethod codeBase="/home/runner/work/SGuard.DataAnnotations/SGuard.DataAnnotations/SGuard.DataAnnotations.Tests/bin/Release/net8.0/SGuard.DataAnnotations.Tests.dll" adapterTypeName="executor://xunit/VsTestRunner3/netcore/" className="SGuard.DataAnnotations.Tests.Attributes.SGuardMaxLengthAttributeTests" name="ThrowsArgumentNullException_WhenResourceNameIsNull" />
    </UnitTest>
    <UnitTest name="SGuard.DataAnnotations.Tests.Attributes.SGuardEmailAddressAttributeTests.ReturnsError_WhenValueIsInvalidEmailFormat(email: &quot;@domain.com&quot;)" storage="/home/runner/work/sguard.dataannotations/sguard.dataannotations/sguard.dataannotations.tests/bin/release/net8.0/sguard.dataannotations.tests.dll" id="67af8a8d-4a22-a9e2-abf0-def7c53b0fd8">
      <Execution id="6107d12e-cd9c-453f-9e8b-b386414ad782" />
      <TestMethod codeBase="/home/runner/work/SGuard.DataAnnotations/SGuard.DataAnnotations/SGuard.DataAnnotations.Tests/bin/Release/net8.0/SGuard.DataAnnotations.Tests.dll" adapterTypeName="executor://xunit/VsTestRunner3/netcore/" className="SGuard.DataAnnotations.Tests.Attributes.SGuardEmailAddressAttributeTests" name="ReturnsError_WhenValueIsInvalidEmailFormat" />
    </UnitTest>
    <UnitTest name="SGuard.DataAnnotations.Tests.Attributes.SGuardBetweenAttributeTests.ReturnsError_WhenMinPropertyIsMissing" storage="/home/runner/work/sguard.dataannotations/sguard.dataannotations/sguard.dataannotations.tests/bin/release/net8.0/sguard.dataannotations.tests.dll" id="5e6ca35e-d616-fb2c-e08c-8c3ca9f4e3ed">
      <Execution id="e2c03de8-5e58-4342-a36c-61a2b4b13cef" />
      <TestMethod codeBase="/home/runner/work/SGuard.DataAnnotations/SGuard.DataAnnotations/SGuard.DataAnnotations.Tests/bin/Release/net8.0/SGuard.DataAnnotations.Tests.dll" adapterTypeName="executor://xunit/VsTestRunner3/netcore/" className="SGuard.DataAnnotations.Tests.Attributes.SGuardBetweenAttributeTests" name="ReturnsError_WhenMinPropertyIsMissing" />
    </UnitTest>
    <UnitTest name="SGuard.DataAnnotations.Tests.Attributes.SGuardEmailAddressAttributeTests.ReturnsSuccess_WhenValueIsCommonEmailProvider(email: &quot;user@yahoo.com&quot;)" storage="/home/runner/work/sguard.dataannotations/sguard.dataannotations/sguard.dataannotations.tests/bin/release/net8.0/sguard.dataannotations.tests.dll" id="79fd0968-acd4-fda0-1a03-2af9466b13a4">
      <Execution id="251fe46e-f6c3-48a6-aec3-e7f4545ae9d3" />
      <TestMethod codeBase="/home/runner/work/SGuard.DataAnnotations/SGuard.DataAnnotations/SGuard.DataAnnotations.Tests/bin/Release/net8.0/SGuard.DataAnnotations.Tests.dll" adapterTypeName="executor://xunit/VsTestRunner3/netcore/" className="SGuard.DataAnnotations.Tests.Attributes.SGuardEmailAddressAttributeTests" name="ReturnsSuccess_WhenValueIsCommonEmailProvider" />
    </UnitTest>
    <UnitTest name="SGuard.DataAnnotations.Tests.Attributes.SGuardCreditCardAttributeTests.ReturnsLocalizedErrorMessage_WhenCultureIsSet(culture: &quot;tr&quot;)" storage="/home/runner/work/sguard.dataannotations/sguard.dataannotations/sguard.dataannotations.tests/bin/release/net8.0/sguard.dataannotations.tests.dll" id="75d2aff9-bd09-f5dd-0d61-8a79007e5e63">
      <Execution id="510f9871-194e-4525-a80e-98bfe9db00a3" />
      <TestMethod codeBase="/home/runner/work/SGuard.DataAnnotations/SGuard.DataAnnotations/SGuard.DataAnnotations.Tests/bin/Release/net8.0/SGuard.DataAnnotations.Tests.dll" adapterTypeName="executor://xunit/VsTestRunner3/netcore/" className="SGuard.DataAnnotations.Tests.Attributes.SGuardCreditCardAttributeTests" name="ReturnsLocalizedErrorMessage_WhenCultureIsSet" />
    </UnitTest>
    <UnitTest name="SGuard.DataAnnotations.Tests.Attributes.SGuardRequiredCollectionAttributeTests.ReturnsSuccess_WhenIEnumerableIsNotEmpty" storage="/home/runner/work/sguard.dataannotations/sguard.dataannotations/sguard.dataannotations.tests/bin/release/net8.0/sguard.dataannotations.tests.dll" id="1785d446-9166-80a3-a691-86d4e815eb37">
      <Execution id="6f20ed51-27e8-4eb7-8c27-0c2acfa75ea8" />
      <TestMethod codeBase="/home/runner/work/SGuard.DataAnnotations/SGuard.DataAnnotations/SGuard.DataAnnotations.Tests/bin/Release/net8.0/SGuard.DataAnnotations.Tests.dll" adapterTypeName="executor://xunit/VsTestRunner3/netcore/" className="SGuard.DataAnnotations.Tests.Attributes.SGuardRequiredCollectionAttributeTests" name="ReturnsSuccess_WhenIEnumerableIsNotEmpty" />
    </UnitTest>
    <UnitTest name="SGuard.DataAnnotations.Tests.Attributes.SGuardRequiredCollectionAttributeTests.ReturnsSuccess_WhenListIsNotEmpty" storage="/home/runner/work/sguard.dataannotations/sguard.dataannotations/sguard.dataannotations.tests/bin/release/net8.0/sguard.dataannotations.tests.dll" id="16d394f6-e09f-d4d6-96d8-204c0f1c5d93">
      <Execution id="775f6695-8972-4bb9-b8c1-3fdb71428a23" />
      <TestMethod codeBase="/home/runner/work/SGuard.DataAnnotations/SGuard.DataAnnotations/SGuard.DataAnnotations.Tests/bin/Release/net8.0/SGuard.DataAnnotations.Tests.dll" adapterTypeName="executor://xunit/VsTestRunner3/netcore/" className="SGuard.DataAnnotations.Tests.Attributes.SGuardRequiredCollectionAttributeTests" name="ReturnsSuccess_WhenListIsNotEmpty" />
    </UnitTest>
    <UnitTest name="SGuard.DataAnnotations.Tests.Attributes.SGuardCompareAttributeTests.HandlesVeryLongStrings" storage="/home/runner/work/sguard.dataannotations/sguard.dataannotations/sguard.dataannotations.tests/bin/release/net8.0/sguard.dataannotations.tests.dll" id="4dc72e31-0b94-fa03-d555-333ccea89411">
      <Execution id="683884f3-6b59-4615-b6f5-2d790ce849af" />
      <TestMethod codeBase="/home/runner/work/SGuard.DataAnnotations/SGuard.DataAnnotations/SGuard.DataAnnotations.Tests/bin/Release/net8.0/SGuard.DataAnnotations.Tests.dll" adapterTypeName="executor://xunit/VsTestRunner3/netcore/" className="SGuard.DataAnnotations.Tests.Attributes.SGuardCompareAttributeTests" name="HandlesVeryLongStrings" />
    </UnitTest>
    <UnitTest name="SGuard.DataAnnotations.Tests.Attributes.SGuardCreditCardAttributeTests.ReturnsError_WhenValueIsInvalidTestCreditCard(cardNumber: &quot;378282246310004&quot;)" storage="/home/runner/work/sguard.dataannotations/sguard.dataannotations/sguard.dataannotations.tests/bin/release/net8.0/sguard.dataannotations.tests.dll" id="dab30612-e288-76a9-0e8e-556c3a8ddede">
      <Execution id="03dba1a7-b6f9-4900-9ce1-36eb6bb7f54c" />
      <TestMethod codeBase="/home/runner/work/SGuard.DataAnnotations/SGuard.DataAnnotations/SGuard.DataAnnotations.Tests/bin/Release/net8.0/SGuard.DataAnnotations.Tests.dll" adapterTypeName="executor://xunit/VsTestRunner3/netcore/" className="SGuard.DataAnnotations.Tests.Attributes.SGuardCreditCardAttributeTests" name="ReturnsError_WhenValueIsInvalidTestCreditCard" />
    </UnitTest>
    <UnitTest name="SGuard.DataAnnotations.Tests.Attributes.SGuardBetweenAttributeTests.ReturnsLocalizedErrorMessage_WhenCultureIsSet(culture: &quot;en&quot;)" storage="/home/runner/work/sguard.dataannotations/sguard.dataannotations/sguard.dataannotations.tests/bin/release/net8.0/sguard.dataannotations.tests.dll" id="76eeeb2b-1455-fe34-82ad-4f434e3d08da">
      <Execution id="23538968-e62a-405d-a66f-982293d11a25" />
      <TestMethod codeBase="/home/runner/work/SGuard.DataAnnotations/SGuard.DataAnnotations/SGuard.DataAnnotations.Tests/bin/Release/net8.0/SGuard.DataAnnotations.Tests.dll" adapterTypeName="executor://xunit/VsTestRunner3/netcore/" className="SGuard.DataAnnotations.Tests.Attributes.SGuardBetweenAttributeTests" name="ReturnsLocalizedErrorMessage_WhenCultureIsSet" />
    </UnitTest>
    <UnitTest name="SGuard.DataAnnotations.Tests.Attributes.SGuardCreditCardAttributeTests.ReturnsError_WhenValueIsInvalidCreditCard" storage="/home/runner/work/sguard.dataannotations/sguard.dataannotations/sguard.dataannotations.tests/bin/release/net8.0/sguard.dataannotations.tests.dll" id="947b8e8c-07a1-6110-57f3-f69789a0ce3b">
      <Execution id="a290ec3c-18ae-48ec-8f11-2e62a5f77e7a" />
      <TestMethod codeBase="/home/runner/work/SGuard.DataAnnotations/SGuard.DataAnnotations/SGuard.DataAnnotations.Tests/bin/Release/net8.0/SGuard.DataAnnotations.Tests.dll" adapterTypeName="executor://xunit/VsTestRunner3/netcore/" className="SGuard.DataAnnotations.Tests.Attributes.SGuardCreditCardAttributeTests" name="ReturnsError_WhenValueIsInvalidCreditCard" />
    </UnitTest>
    <UnitTest name="SGuard.DataAnnotations.Tests.Attributes.SGuardBetweenAttributeTests.ReturnsLocalizedErrorMessage_WhenCultureIsSet(culture: &quot;tr&quot;)" storage="/home/runner/work/sguard.dataannotations/sguard.dataannotations/sguard.dataannotations.tests/bin/release/net8.0/sguard.dataannotations.tests.dll" id="c549c10a-c324-af07-fecf-e15608df2050">
      <Execution id="8c441b1e-fddb-4e98-8630-1212ac2bbe27" />
      <TestMethod codeBase="/home/runner/work/SGuard.DataAnnotations/SGuard.DataAnnotations/SGuard.DataAnnotations.Tests/bin/Release/net8.0/SGuard.DataAnnotations.Tests.dll" adapterTypeName="executor://xunit/VsTestRunner3/netcore/" className="SGuard.DataAnnotations.Tests.Attributes.SGuardBetweenAttributeTests" name="ReturnsLocalizedErrorMessage_WhenCultureIsSet" />
    </UnitTest>
    <UnitTest name="SGuard.DataAnnotations.Tests.Attributes.SGuardBetweenAttributeTests.WorksWithStringValues_Inclusive" storage="/home/runner/work/sguard.dataannotations/sguard.dataannotations/sguard.dataannotations.tests/bin/release/net8.0/sguard.dataannotations.tests.dll" id="1a45ac18-4cd8-b3a2-3eb6-7a2b6dbbd4c5">
      <Execution id="4d3af5ac-98bd-42f0-97c2-d1ead8dea76a" />
      <TestMethod codeBase="/home/runner/work/SGuard.DataAnnotations/SGuard.DataAnnotations/SGuard.DataAnnotations.Tests/bin/Release/net8.0/SGuard.DataAnnotations.Tests.dll" adapterTypeName="executor://xunit/VsTestRunner3/netcore/" className="SGuard.DataAnnotations.Tests.Attributes.SGuardBetweenAttributeTests" name="WorksWithStringValues_Inclusive" />
    </UnitTest>
    <UnitTest name="SGuard.DataAnnotations.Tests.Attributes.SGuardMaxCountAttributeTests.ReturnsLocalizedErrorMessage_WhenCultureIsSetToTurkish" storage="/home/runner/work/sguard.dataannotations/sguard.dataannotations/sguard.dataannotations.tests/bin/release/net8.0/sguard.dataannotations.tests.dll" id="06fc1c43-f2dd-b88e-c2dd-1a195de41cd7">
      <Execution id="a3c3b20f-9913-4518-a9b4-c3d3358af9b4" />
      <TestMethod codeBase="/home/runner/work/SGuard.DataAnnotations/SGuard.DataAnnotations/SGuard.DataAnnotations.Tests/bin/Release/net8.0/SGuard.DataAnnotations.Tests.dll" adapterTypeName="executor://xunit/VsTestRunner3/netcore/" className="SGuard.DataAnnotations.Tests.Attributes.SGuardMaxCountAttributeTests" name="ReturnsLocalizedErrorMessage_WhenCultureIsSetToTurkish" />
    </UnitTest>
    <UnitTest name="SGuard.DataAnnotations.Tests.Attributes.SGuardRangeAttributeTests.ReturnsSuccess_WhenValueIsEqualToMinimum" storage="/home/runner/work/sguard.dataannotations/sguard.dataannotations/sguard.dataannotations.tests/bin/release/net8.0/sguard.dataannotations.tests.dll" id="053a42fc-4c9c-7fd1-fcb7-f392f88a1bd1">
      <Execution id="ac0d8cc2-8812-4c1c-8874-e681662f144a" />
      <TestMethod codeBase="/home/runner/work/SGuard.DataAnnotations/SGuard.DataAnnotations/SGuard.DataAnnotations.Tests/bin/Release/net8.0/SGuard.DataAnnotations.Tests.dll" adapterTypeName="executor://xunit/VsTestRunner3/netcore/" className="SGuard.DataAnnotations.Tests.Attributes.SGuardRangeAttributeTests" name="ReturnsSuccess_WhenValueIsEqualToMinimum" />
    </UnitTest>
    <UnitTest name="SGuard.DataAnnotations.Tests.Attributes.SGuardMaxLengthAttributeTests.ReturnsSuccess_WhenValueIsNull" storage="/home/runner/work/sguard.dataannotations/sguard.dataannotations/sguard.dataannotations.tests/bin/release/net8.0/sguard.dataannotations.tests.dll" id="748a7229-c38b-23ee-5fdd-862ea90d566d">
      <Execution id="b7e9615a-27f5-4267-be70-e560809d2d92" />
      <TestMethod codeBase="/home/runner/work/SGuard.DataAnnotations/SGuard.DataAnnotations/SGuard.DataAnnotations.Tests/bin/Release/net8.0/SGuard.DataAnnotations.Tests.dll" adapterTypeName="executor://xunit/VsTestRunner3/netcore/" className="SGuard.DataAnnotations.Tests.Attributes.SGuardMaxLengthAttributeTests" name="ReturnsSuccess_WhenValueIsNull" />
    </UnitTest>
    <UnitTest name="SGuard.DataAnnotations.Tests.Attributes.SGuardRangeAttributeTests.ThrowsArgumentNullException_WhenResourceNameIsNull" storage="/home/runner/work/sguard.dataannotations/sguard.dataannotations/sguard.dataannotations.tests/bin/release/net8.0/sguard.dataannotations.tests.dll" id="fcef55f3-7be6-9081-fb1f-2cb1e0dc1954">
      <Execution id="a3c13262-d493-466b-8925-ed0ce0a3d7f2" />
      <TestMethod codeBase="/home/runner/work/SGuard.DataAnnotations/SGuard.DataAnnotations/SGuard.DataAnnotations.Tests/bin/Release/net8.0/SGuard.DataAnnotations.Tests.dll" adapterTypeName="executor://xunit/VsTestRunner3/netcore/" className="SGuard.DataAnnotations.Tests.Attributes.SGuardRangeAttributeTests" name="ThrowsArgumentNullException_WhenResourceNameIsNull" />
    </UnitTest>
    <UnitTest name="SGuard.DataAnnotations.Tests.Attributes.SGuardPhoneAttributeTests.ReturnsError_WhenPhoneIsEmptyString" storage="/home/runner/work/sguard.dataannotations/sguard.dataannotations/sguard.dataannotations.tests/bin/release/net8.0/sguard.dataannotations.tests.dll" id="d4093e7e-0ae8-6f2f-0f07-aa26770f8bc0">
      <Execution id="6e68556c-f4f7-41a5-84c6-4246594d538f" />
      <TestMethod codeBase="/home/runner/work/SGuard.DataAnnotations/SGuard.DataAnnotations/SGuard.DataAnnotations.Tests/bin/Release/net8.0/SGuard.DataAnnotations.Tests.dll" adapterTypeName="executor://xunit/VsTestRunner3/netcore/" className="SGuard.DataAnnotations.Tests.Attributes.SGuardPhoneAttributeTests" name="ReturnsError_WhenPhoneIsEmptyString" />
    </UnitTest>
    <UnitTest name="SGuard.DataAnnotations.Tests.Attributes.SGuardEmailAddressAttributeTests.ReturnsSuccess_WhenValueIsValidEmailFormat(email: &quot;123@456.com&quot;)" storage="/home/runner/work/sguard.dataannotations/sguard.dataannotations/sguard.dataannotations.tests/bin/release/net8.0/sguard.dataannotations.tests.dll" id="f6ac9da3-f4bb-8f2c-f90a-0ad85587c002">
      <Execution id="da472228-8a3f-440d-ad5f-be03cd7f9110" />
      <TestMethod codeBase="/home/runner/work/SGuard.DataAnnotations/SGuard.DataAnnotations/SGuard.DataAnnotations.Tests/bin/Release/net8.0/SGuard.DataAnnotations.Tests.dll" adapterTypeName="executor://xunit/VsTestRunner3/netcore/" className="SGuard.DataAnnotations.Tests.Attributes.SGuardEmailAddressAttributeTests" name="ReturnsSuccess_WhenValueIsValidEmailFormat" />
    </UnitTest>
    <UnitTest name="SGuard.DataAnnotations.Tests.Attributes.SGuardMinLengthAttributeTests.ReturnsSuccess_WhenStringIsEqualToMinLength" storage="/home/runner/work/sguard.dataannotations/sguard.dataannotations/sguard.dataannotations.tests/bin/release/net8.0/sguard.dataannotations.tests.dll" id="c36e2ee8-7c55-dd44-7dfa-f01481b9295e">
      <Execution id="c6b27f47-e686-4241-bb46-8d59b36d2702" />
      <TestMethod codeBase="/home/runner/work/SGuard.DataAnnotations/SGuard.DataAnnotations/SGuard.DataAnnotations.Tests/bin/Release/net8.0/SGuard.DataAnnotations.Tests.dll" adapterTypeName="executor://xunit/VsTestRunner3/netcore/" className="SGuard.DataAnnotations.Tests.Attributes.SGuardMinLengthAttributeTests" name="ReturnsSuccess_WhenStringIsEqualToMinLength" />
    </UnitTest>
    <UnitTest name="SGuard.DataAnnotations.Tests.Attributes.SGuardMaxCountAttributeTests.ReturnsError_WhenEnumerableCountExceedsMax" storage="/home/runner/work/sguard.dataannotations/sguard.dataannotations/sguard.dataannotations.tests/bin/release/net8.0/sguard.dataannotations.tests.dll" id="f411bd58-ac3a-44a3-7650-4adf178fb426">
      <Execution id="f76b73ef-7a9a-4fbd-b0be-5b9a5d8307c5" />
      <TestMethod codeBase="/home/runner/work/SGuard.DataAnnotations/SGuard.DataAnnotations/SGuard.DataAnnotations.Tests/bin/Release/net8.0/SGuard.DataAnnotations.Tests.dll" adapterTypeName="executor://xunit/VsTestRunner3/netcore/" className="SGuard.DataAnnotations.Tests.Attributes.SGuardMaxCountAttributeTests" name="ReturnsError_WhenEnumerableCountExceedsMax" />
    </UnitTest>
    <UnitTest name="SGuard.DataAnnotations.Tests.DataAnnotation.ThrowIfTests.DataAnnotationsInValid_CallbackIsInvoked" storage="/home/runner/work/sguard.dataannotations/sguard.dataannotations/sguard.dataannotations.tests/bin/release/net8.0/sguard.dataannotations.tests.dll" id="aa58fa94-3b77-4284-5e30-10cd402a35b1">
      <Execution id="835d9368-9a53-498f-a4f4-8f7b9c8795be" />
      <TestMethod codeBase="/home/runner/work/SGuard.DataAnnotations/SGuard.DataAnnotations/SGuard.DataAnnotations.Tests/bin/Release/net8.0/SGuard.DataAnnotations.Tests.dll" adapterTypeName="executor://xunit/VsTestRunner3/netcore/" className="SGuard.DataAnnotations.Tests.DataAnnotation.ThrowIfTests" name="DataAnnotationsInValid_CallbackIsInvoked" />
    </UnitTest>
    <UnitTest name="SGuard.DataAnnotations.Tests.Attributes.SGuardGreaterThanAttributeTests.ReturnsError_WhenDecimalValueIsNotGreaterThanOther" storage="/home/runner/work/sguard.dataannotations/sguard.dataannotations/sguard.dataannotations.tests/bin/release/net8.0/sguard.dataannotations.tests.dll" id="ec59795f-94f2-656f-f495-1bb2fb83958a">
      <Execution id="49a4e548-5665-42f7-add5-74cc07296e70" />
      <TestMethod codeBase="/home/runner/work/SGuard.DataAnnotations/SGuard.DataAnnotations/SGuard.DataAnnotations.Tests/bin/Release/net8.0/SGuard.DataAnnotations.Tests.dll" adapterTypeName="executor://xunit/VsTestRunner3/netcore/" className="SGuard.DataAnnotations.Tests.Attributes.SGuardGreaterThanAttributeTests" name="ReturnsError_WhenDecimalValueIsNotGreaterThanOther" />
    </UnitTest>
    <UnitTest name="SGuard.DataAnnotations.Tests.Attributes.SGuardEmailAddressAttributeTests.ReturnsSuccess_WhenValueIsBusinessEmailFormat(email: &quot;admin@nonprofit.org&quot;)" storage="/home/runner/work/sguard.dataannotations/sguard.dataannotations/sguard.dataannotations.tests/bin/release/net8.0/sguard.dataannotations.tests.dll" id="ecad3456-8296-c58d-d8eb-144a0cc42e21">
      <Execution id="0fe7d1e1-f961-4658-9688-ae0a2afb4bf2" />
      <TestMethod codeBase="/home/runner/work/SGuard.DataAnnotations/SGuard.DataAnnotations/SGuard.DataAnnotations.Tests/bin/Release/net8.0/SGuard.DataAnnotations.Tests.dll" adapterTypeName="executor://xunit/VsTestRunner3/netcore/" className="SGuard.DataAnnotations.Tests.Attributes.SGuardEmailAddressAttributeTests" name="ReturnsSuccess_WhenValueIsBusinessEmailFormat" />
    </UnitTest>
    <UnitTest name="SGuard.DataAnnotations.Tests.Attributes.SGuardMinLengthAttributeTests.ReturnsSuccess_WhenStringIsLongerThanMinLength" storage="/home/runner/work/sguard.dataannotations/sguard.dataannotations/sguard.dataannotations.tests/bin/release/net8.0/sguard.dataannotations.tests.dll" id="62c15762-4136-aa73-30e0-83968e3e2c19">
      <Execution id="54d10364-32ad-493d-94cb-5aa87050751c" />
      <TestMethod codeBase="/home/runner/work/SGuard.DataAnnotations/SGuard.DataAnnotations/SGuard.DataAnnotations.Tests/bin/Release/net8.0/SGuard.DataAnnotations.Tests.dll" adapterTypeName="executor://xunit/VsTestRunner3/netcore/" className="SGuard.DataAnnotations.Tests.Attributes.SGuardMinLengthAttributeTests" name="ReturnsSuccess_WhenStringIsLongerThanMinLength" />
    </UnitTest>
    <UnitTest name="SGuard.DataAnnotations.Tests.Attributes.SGuardBetweenAttributeTests.ReturnsError_WhenMinValueIsNull" storage="/home/runner/work/sguard.dataannotations/sguard.dataannotations/sguard.dataannotations.tests/bin/release/net8.0/sguard.dataannotations.tests.dll" id="d3b31ccb-c638-f5ba-992a-be112a07b90f">
      <Execution id="0ddd370e-042c-42d9-9f74-22ae28c772b4" />
      <TestMethod codeBase="/home/runner/work/SGuard.DataAnnotations/SGuard.DataAnnotations/SGuard.DataAnnotations.Tests/bin/Release/net8.0/SGuard.DataAnnotations.Tests.dll" adapterTypeName="executor://xunit/VsTestRunner3/netcore/" className="SGuard.DataAnnotations.Tests.Attributes.SGuardBetweenAttributeTests" name="ReturnsError_WhenMinValueIsNull" />
    </UnitTest>
    <UnitTest name="SGuard.DataAnnotations.Tests.Attributes.SGuardCreditCardAttributeTests.ReturnsSuccess_WhenValueIsValidTestCreditCard(cardNumber: &quot;4000000000000010&quot;)" storage="/home/runner/work/sguard.dataannotations/sguard.dataannotations/sguard.dataannotations.tests/bin/release/net8.0/sguard.dataannotations.tests.dll" id="3d035846-09a7-d4eb-b706-8b783fcd4620">
      <Execution id="f4adb012-6425-4791-bd81-7461816e534f" />
      <TestMethod codeBase="/home/runner/work/SGuard.DataAnnotations/SGuard.DataAnnotations/SGuard.DataAnnotations.Tests/bin/Release/net8.0/SGuard.DataAnnotations.Tests.dll" adapterTypeName="executor://xunit/VsTestRunner3/netcore/" className="SGuard.DataAnnotations.Tests.Attributes.SGuardCreditCardAttributeTests" name="ReturnsSuccess_WhenValueIsValidTestCreditCard" />
    </UnitTest>
    <UnitTest name="SGuard.DataAnnotations.Tests.Attributes.SGuardEmailAddressAttributeTests.ReturnsSuccess_WhenValueIsBusinessEmailFormat(email: &quot;support@service.net&quot;)" storage="/home/runner/work/sguard.dataannotations/sguard.dataannotations/sguard.dataannotations.tests/bin/release/net8.0/sguard.dataannotations.tests.dll" id="120bac6d-5e17-34c3-3c30-c83be9c5ac60">
      <Execution id="8b77fe98-4c6a-4345-ad3a-b58c6af63669" />
      <TestMethod codeBase="/home/runner/work/SGuard.DataAnnotations/SGuard.DataAnnotations/SGuard.DataAnnotations.Tests/bin/Release/net8.0/SGuard.DataAnnotations.Tests.dll" adapterTypeName="executor://xunit/VsTestRunner3/netcore/" className="SGuard.DataAnnotations.Tests.Attributes.SGuardEmailAddressAttributeTests" name="ReturnsSuccess_WhenValueIsBusinessEmailFormat" />
    </UnitTest>
    <UnitTest name="SGuard.DataAnnotations.Tests.Attributes.SGuardCreditCardAttributeTests.PaymentForm_ValidCreditCard_Success" storage="/home/runner/work/sguard.dataannotations/sguard.dataannotations/sguard.dataannotations.tests/bin/release/net8.0/sguard.dataannotations.tests.dll" id="f9da4098-2126-5914-73e0-8e7dcc348997">
      <Execution id="d5ccc24d-4403-48a5-bc81-8dec80031a3c" />
      <TestMethod codeBase="/home/runner/work/SGuard.DataAnnotations/SGuard.DataAnnotations/SGuard.DataAnnotations.Tests/bin/Release/net8.0/SGuard.DataAnnotations.Tests.dll" adapterTypeName="executor://xunit/VsTestRunner3/netcore/" className="SGuard.DataAnnotations.Tests.Attributes.SGuardCreditCardAttributeTests" name="PaymentForm_ValidCreditCard_Success" />
    </UnitTest>
    <UnitTest name="SGuard.DataAnnotations.Tests.Attributes.SGuardMinCountAttributeTests.ReturnsSuccess_WhenListCountIsEqualToMin" storage="/home/runner/work/sguard.dataannotations/sguard.dataannotations/sguard.dataannotations.tests/bin/release/net8.0/sguard.dataannotations.tests.dll" id="11b5dfff-ee73-acd7-699f-44eb8edcc906">
      <Execution id="a13b4e6c-0c2d-4012-b59c-ce78be5a21d6" />
      <TestMethod codeBase="/home/runner/work/SGuard.DataAnnotations/SGuard.DataAnnotations/SGuard.DataAnnotations.Tests/bin/Release/net8.0/SGuard.DataAnnotations.Tests.dll" adapterTypeName="executor://xunit/VsTestRunner3/netcore/" className="SGuard.DataAnnotations.Tests.Attributes.SGuardMinCountAttributeTests" name="ReturnsSuccess_WhenListCountIsEqualToMin" />
    </UnitTest>
    <UnitTest name="SGuard.DataAnnotations.Tests.Attributes.SGuardPhoneAttributeTests.ReturnsError_WhenPhoneIsInvalid" storage="/home/runner/work/sguard.dataannotations/sguard.dataannotations/sguard.dataannotations.tests/bin/release/net8.0/sguard.dataannotations.tests.dll" id="f791abfc-b2b5-9902-1a21-5b3a0eb9fef0">
      <Execution id="13f570f3-a050-4206-ab90-c1068f4b3e0f" />
      <TestMethod codeBase="/home/runner/work/SGuard.DataAnnotations/SGuard.DataAnnotations/SGuard.DataAnnotations.Tests/bin/Release/net8.0/SGuard.DataAnnotations.Tests.dll" adapterTypeName="executor://xunit/VsTestRunner3/netcore/" className="SGuard.DataAnnotations.Tests.Attributes.SGuardPhoneAttributeTests" name="ReturnsError_WhenPhoneIsInvalid" />
    </UnitTest>
    <UnitTest name="SGuard.DataAnnotations.Tests.Exceptions.DataAnnotationsExceptionTests.DataAnnotationsException_StoresValidationErrorsInDataDictionary" storage="/home/runner/work/sguard.dataannotations/sguard.dataannotations/sguard.dataannotations.tests/bin/release/net8.0/sguard.dataannotations.tests.dll" id="eabbcd14-fd00-2fcc-d0e2-9b4db26c5b35">
      <Execution id="42bdffb7-6bc2-446c-bd1e-ffd9d168e85b" />
      <TestMethod codeBase="/home/runner/work/SGuard.DataAnnotations/SGuard.DataAnnotations/SGuard.DataAnnotations.Tests/bin/Release/net8.0/SGuard.DataAnnotations.Tests.dll" adapterTypeName="executor://xunit/VsTestRunner3/netcore/" className="SGuard.DataAnnotations.Tests.Exceptions.DataAnnotationsExceptionTests" name="DataAnnotationsException_StoresValidationErrorsInDataDictionary" />
    </UnitTest>
    <UnitTest name="SGuard.DataAnnotations.Tests.Attributes.SGuardGreaterThanAttributeTests.ReturnsLocalizedErrorMessage_WhenCultureIsSetToTurkish" storage="/home/runner/work/sguard.dataannotations/sguard.dataannotations/sguard.dataannotations.tests/bin/release/net8.0/sguard.dataannotations.tests.dll" id="be8251c6-c94a-bbb7-cb6e-0f98d6eeb89f">
      <Execution id="78716b78-51b6-4a05-a457-cffe6dec453f" />
      <TestMethod codeBase="/home/runner/work/SGuard.DataAnnotations/SGuard.DataAnnotations/SGuard.DataAnnotations.Tests/bin/Release/net8.0/SGuard.DataAnnotations.Tests.dll" adapterTypeName="executor://xunit/VsTestRunner3/netcore/" className="SGuard.DataAnnotations.Tests.Attributes.SGuardGreaterThanAttributeTests" name="ReturnsLocalizedErrorMessage_WhenCultureIsSetToTurkish" />
    </UnitTest>
    <UnitTest name="SGuard.DataAnnotations.Tests.Attributes.SGuardEmailAddressAttributeTests.ReturnsSuccess_WhenValueIsValidEmailFormat(email: &quot;a@b.co&quot;)" storage="/home/runner/work/sguard.dataannotations/sguard.dataannotations/sguard.dataannotations.tests/bin/release/net8.0/sguard.dataannotations.tests.dll" id="415ed7a6-e4fc-36b9-c8af-402d2a0972cd">
      <Execution id="fad9b266-08d6-4ada-a7f2-3da75192d078" />
      <TestMethod codeBase="/home/runner/work/SGuard.DataAnnotations/SGuard.DataAnnotations/SGuard.DataAnnotations.Tests/bin/Release/net8.0/SGuard.DataAnnotations.Tests.dll" adapterTypeName="executor://xunit/VsTestRunner3/netcore/" className="SGuard.DataAnnotations.Tests.Attributes.SGuardEmailAddressAttributeTests" name="ReturnsSuccess_WhenValueIsValidEmailFormat" />
    </UnitTest>
    <UnitTest name="SGuard.DataAnnotations.Tests.Attributes.SGuardCompareAttributeTests.UsesInvariantCulture_WhenResourceNotFound" storage="/home/runner/work/sguard.dataannotations/sguard.dataannotations/sguard.dataannotations.tests/bin/release/net8.0/sguard.dataannotations.tests.dll" id="857359ab-93f4-c81a-1caf-710aa5c3e845">
      <Execution id="8dfa30ed-c37b-47f5-afc6-2af167da554d" />
      <TestMethod codeBase="/home/runner/work/SGuard.DataAnnotations/SGuard.DataAnnotations/SGuard.DataAnnotations.Tests/bin/Release/net8.0/SGuard.DataAnnotations.Tests.dll" adapterTypeName="executor://xunit/VsTestRunner3/netcore/" className="SGuard.DataAnnotations.Tests.Attributes.SGuardCompareAttributeTests" name="UsesInvariantCulture_WhenResourceNotFound" />
    </UnitTest>
    <UnitTest name="SGuard.DataAnnotations.Tests.Attributes.SGuardCreditCardAttributeTests.PaymentForm_InvalidCreditCard_Failure" storage="/home/runner/work/sguard.dataannotations/sguard.dataannotations/sguard.dataannotations.tests/bin/release/net8.0/sguard.dataannotations.tests.dll" id="71aa4210-ac3e-e7c3-0653-b089cbb506b7">
      <Execution id="579c7abc-7ef6-4dea-a313-02352ec9b82f" />
      <TestMethod codeBase="/home/runner/work/SGuard.DataAnnotations/SGuard.DataAnnotations/SGuard.DataAnnotations.Tests/bin/Release/net8.0/SGuard.DataAnnotations.Tests.dll" adapterTypeName="executor://xunit/VsTestRunner3/netcore/" className="SGuard.DataAnnotations.Tests.Attributes.SGuardCreditCardAttributeTests" name="PaymentForm_InvalidCreditCard_Failure" />
    </UnitTest>
    <UnitTest name="SGuard.DataAnnotations.Tests.Attributes.SGuardCreditCardAttributeTests.ReturnsLocalizedErrorMessage_WhenCultureIsSet(culture: &quot;ja&quot;)" storage="/home/runner/work/sguard.dataannotations/sguard.dataannotations/sguard.dataannotations.tests/bin/release/net8.0/sguard.dataannotations.tests.dll" id="3ecd118f-8996-e62a-8936-670ee4ab429e">
      <Execution id="439c53f1-42ba-4d4c-b258-fec193cd75c7" />
      <TestMethod codeBase="/home/runner/work/SGuard.DataAnnotations/SGuard.DataAnnotations/SGuard.DataAnnotations.Tests/bin/Release/net8.0/SGuard.DataAnnotations.Tests.dll" adapterTypeName="executor://xunit/VsTestRunner3/netcore/" className="SGuard.DataAnnotations.Tests.Attributes.SGuardCreditCardAttributeTests" name="ReturnsLocalizedErrorMessage_WhenCultureIsSet" />
    </UnitTest>
    <UnitTest name="SGuard.DataAnnotations.Tests.Attributes.SGuardCompareAttributeTests.ReturnsSuccess_WhenBothPropertiesAreNull" storage="/home/runner/work/sguard.dataannotations/sguard.dataannotations/sguard.dataannotations.tests/bin/release/net8.0/sguard.dataannotations.tests.dll" id="c28794e5-0b00-cfed-b0d4-4828aebaa541">
      <Execution id="c3c38cb7-f872-4b01-a80a-47a56f14ee81" />
      <TestMethod codeBase="/home/runner/work/SGuard.DataAnnotations/SGuard.DataAnnotations/SGuard.DataAnnotations.Tests/bin/Release/net8.0/SGuard.DataAnnotations.Tests.dll" adapterTypeName="executor://xunit/VsTestRunner3/netcore/" className="SGuard.DataAnnotations.Tests.Attributes.SGuardCompareAttributeTests" name="ReturnsSuccess_WhenBothPropertiesAreNull" />
    </UnitTest>
    <UnitTest name="SGuard.DataAnnotations.Tests.Attributes.SGuardCompareAttributeTests.WorksWithNullableValues_BothHaveValues" storage="/home/runner/work/sguard.dataannotations/sguard.dataannotations/sguard.dataannotations.tests/bin/release/net8.0/sguard.dataannotations.tests.dll" id="90364ebf-e194-1b77-acdc-71873e1b7143">
      <Execution id="98afb82b-0178-4a6d-92f8-101a220e64ae" />
      <TestMethod codeBase="/home/runner/work/SGuard.DataAnnotations/SGuard.DataAnnotations/SGuard.DataAnnotations.Tests/bin/Release/net8.0/SGuard.DataAnnotations.Tests.dll" adapterTypeName="executor://xunit/VsTestRunner3/netcore/" className="SGuard.DataAnnotations.Tests.Attributes.SGuardCompareAttributeTests" name="WorksWithNullableValues_BothHaveValues" />
    </UnitTest>
    <UnitTest name="SGuard.DataAnnotations.Tests.Attributes.SGuardGreaterThanAttributeTests.ReturnsError_WhenOtherIsNull" storage="/home/runner/work/sguard.dataannotations/sguard.dataannotations/sguard.dataannotations.tests/bin/release/net8.0/sguard.dataannotations.tests.dll" id="691fb055-fa9f-4080-12ab-1eedac02ecc5">
      <Execution id="7ad0860c-2ebf-43cf-9bce-e0b27ff39271" />
      <TestMethod codeBase="/home/runner/work/SGuard.DataAnnotations/SGuard.DataAnnotations/SGuard.DataAnnotations.Tests/bin/Release/net8.0/SGuard.DataAnnotations.Tests.dll" adapterTypeName="executor://xunit/VsTestRunner3/netcore/" className="SGuard.DataAnnotations.Tests.Attributes.SGuardGreaterThanAttributeTests" name="ReturnsError_WhenOtherIsNull" />
    </UnitTest>
    <UnitTest name="SGuard.DataAnnotations.Tests.Attributes.SGuardStringLengthAttributeTests.ReturnsSuccess_WhenStringLengthIsWithinMaximum" storage="/home/runner/work/sguard.dataannotations/sguard.dataannotations/sguard.dataannotations.tests/bin/release/net8.0/sguard.dataannotations.tests.dll" id="7f6f5e63-b542-6a07-280f-d21a0c6517aa">
      <Execution id="3e24abc9-fefd-4ede-a37e-e13afaa3b811" />
      <TestMethod codeBase="/home/runner/work/SGuard.DataAnnotations/SGuard.DataAnnotations/SGuard.DataAnnotations.Tests/bin/Release/net8.0/SGuard.DataAnnotations.Tests.dll" adapterTypeName="executor://xunit/VsTestRunner3/netcore/" className="SGuard.DataAnnotations.Tests.Attributes.SGuardStringLengthAttributeTests" name="ReturnsSuccess_WhenStringLengthIsWithinMaximum" />
    </UnitTest>
    <UnitTest name="SGuard.DataAnnotations.Tests.Extensions.DataAnnotationsExceptionExtensionsTest.TryGetValidationErrors_ReturnsFalse_WhenNoValidationErrorsExist" storage="/home/runner/work/sguard.dataannotations/sguard.dataannotations/sguard.dataannotations.tests/bin/release/net8.0/sguard.dataannotations.tests.dll" id="cf6116bb-a21e-c884-c721-7d25040afbf0">
      <Execution id="7125182d-a2e1-4b43-9bb0-99945d8475d2" />
      <TestMethod codeBase="/home/runner/work/SGuard.DataAnnotations/SGuard.DataAnnotations/SGuard.DataAnnotations.Tests/bin/Release/net8.0/SGuard.DataAnnotations.Tests.dll" adapterTypeName="executor://xunit/VsTestRunner3/netcore/" className="SGuard.DataAnnotations.Tests.Extensions.DataAnnotationsExceptionExtensionsTest" name="TryGetValidationErrors_ReturnsFalse_WhenNoValidationErrorsExist" />
    </UnitTest>
    <UnitTest name="SGuard.DataAnnotations.Tests.Attributes.SGuardBetweenAttributeTests.Constructor_SetsPropertiesCorrectly" storage="/home/runner/work/sguard.dataannotations/sguard.dataannotations/sguard.dataannotations.tests/bin/release/net8.0/sguard.dataannotations.tests.dll" id="54490ebb-e886-c42d-4637-268057915b16">
      <Execution id="4419df36-1114-4e0d-884b-d96532b5078f" />
      <TestMethod codeBase="/home/runner/work/SGuard.DataAnnotations/SGuard.DataAnnotations/SGuard.DataAnnotations.Tests/bin/Release/net8.0/SGuard.DataAnnotations.Tests.dll" adapterTypeName="executor://xunit/VsTestRunner3/netcore/" className="SGuard.DataAnnotations.Tests.Attributes.SGuardBetweenAttributeTests" name="Constructor_SetsPropertiesCorrectly" />
    </UnitTest>
    <UnitTest name="SGuard.DataAnnotations.Tests.Attributes.SGuardCreditCardAttributeTests.ReturnsError_WhenOnlyWhitespace" storage="/home/runner/work/sguard.dataannotations/sguard.dataannotations/sguard.dataannotations.tests/bin/release/net8.0/sguard.dataannotations.tests.dll" id="6b29304a-704e-4700-c826-15ad3f573c5c">
      <Execution id="87c7fc10-0bbd-4465-8b4d-afd36a7d44c7" />
      <TestMethod codeBase="/home/runner/work/SGuard.DataAnnotations/SGuard.DataAnnotations/SGuard.DataAnnotations.Tests/bin/Release/net8.0/SGuard.DataAnnotations.Tests.dll" adapterTypeName="executor://xunit/VsTestRunner3/netcore/" className="SGuard.DataAnnotations.Tests.Attributes.SGuardCreditCardAttributeTests" name="ReturnsError_WhenOnlyWhitespace" />
    </UnitTest>
    <UnitTest name="SGuard.DataAnnotations.Tests.Attributes.SGuardBetweenAttributeTests.HandlesZeroValues_Inclusive" storage="/home/runner/work/sguard.dataannotations/sguard.dataannotations/sguard.dataannotations.tests/bin/release/net8.0/sguard.dataannotations.tests.dll" id="055f0230-574f-4d2a-47dc-7bd7d3f628d0">
      <Execution id="700f9009-6e13-48fc-8c73-341e646c7818" />
      <TestMethod codeBase="/home/runner/work/SGuard.DataAnnotations/SGuard.DataAnnotations/SGuard.DataAnnotations.Tests/bin/Release/net8.0/SGuard.DataAnnotations.Tests.dll" adapterTypeName="executor://xunit/VsTestRunner3/netcore/" className="SGuard.DataAnnotations.Tests.Attributes.SGuardBetweenAttributeTests" name="HandlesZeroValues_Inclusive" />
    </UnitTest>
    <UnitTest name="SGuard.DataAnnotations.Tests.Attributes.SGuardMinCountAttributeTests.ReturnsError_WhenEnumerableCountIsLessThanMin" storage="/home/runner/work/sguard.dataannotations/sguard.dataannotations/sguard.dataannotations.tests/bin/release/net8.0/sguard.dataannotations.tests.dll" id="ab0ad024-438f-f472-30c1-e0859cd770e6">
      <Execution id="fc6c1ef9-7ede-4942-8948-f191493190fc" />
      <TestMethod codeBase="/home/runner/work/SGuard.DataAnnotations/SGuard.DataAnnotations/SGuard.DataAnnotations.Tests/bin/Release/net8.0/SGuard.DataAnnotations.Tests.dll" adapterTypeName="executor://xunit/VsTestRunner3/netcore/" className="SGuard.DataAnnotations.Tests.Attributes.SGuardMinCountAttributeTests" name="ReturnsError_WhenEnumerableCountIsLessThanMin" />
    </UnitTest>
    <UnitTest name="SGuard.DataAnnotations.Tests.Attributes.SGuardEmailAddressAttributeTests.ReturnsSuccess_WhenValueIsCommonEmailProvider(email: &quot;user@icloud.com&quot;)" storage="/home/runner/work/sguard.dataannotations/sguard.dataannotations/sguard.dataannotations.tests/bin/release/net8.0/sguard.dataannotations.tests.dll" id="ed1d94bc-fd0b-21ab-f84b-7c81cc08363b">
      <Execution id="7c8df84b-5643-4ba9-a16e-ab0198b04548" />
      <TestMethod codeBase="/home/runner/work/SGuard.DataAnnotations/SGuard.DataAnnotations/SGuard.DataAnnotations.Tests/bin/Release/net8.0/SGuard.DataAnnotations.Tests.dll" adapterTypeName="executor://xunit/VsTestRunner3/netcore/" className="SGuard.DataAnnotations.Tests.Attributes.SGuardEmailAddressAttributeTests" name="ReturnsSuccess_WhenValueIsCommonEmailProvider" />
    </UnitTest>
    <UnitTest name="SGuard.DataAnnotations.Tests.Attributes.SGuardEmailAddressAttributeTests.UserRegistration_ValidEmail_Success" storage="/home/runner/work/sguard.dataannotations/sguard.dataannotations/sguard.dataannotations.tests/bin/release/net8.0/sguard.dataannotations.tests.dll" id="1cecb8f8-3ff9-1ef0-493d-f648271a52e2">
      <Execution id="d1ed69b2-ea66-48fc-a770-964695e80d66" />
      <TestMethod codeBase="/home/runner/work/SGuard.DataAnnotations/SGuard.DataAnnotations/SGuard.DataAnnotations.Tests/bin/Release/net8.0/SGuard.DataAnnotations.Tests.dll" adapterTypeName="executor://xunit/VsTestRunner3/netcore/" className="SGuard.DataAnnotations.Tests.Attributes.SGuardEmailAddressAttributeTests" name="UserRegistration_ValidEmail_Success" />
    </UnitTest>
    <UnitTest name="SGuard.DataAnnotations.Tests.Attributes.SGuardCompareAttributeTests.ReturnsError_WhenOnePropertyIsNull" storage="/home/runner/work/sguard.dataannotations/sguard.dataannotations/sguard.dataannotations.tests/bin/release/net8.0/sguard.dataannotations.tests.dll" id="90ecebff-7662-d7b9-ab27-78972e03a435">
      <Execution id="ca1c2f87-06ae-4004-ab28-b242b72473cd" />
      <TestMethod codeBase="/home/runner/work/SGuard.DataAnnotations/SGuard.DataAnnotations/SGuard.DataAnnotations.Tests/bin/Release/net8.0/SGuard.DataAnnotations.Tests.dll" adapterTypeName="executor://xunit/VsTestRunner3/netcore/" className="SGuard.DataAnnotations.Tests.Attributes.SGuardCompareAttributeTests" name="ReturnsError_WhenOnePropertyIsNull" />
    </UnitTest>
    <UnitTest name="SGuard.DataAnnotations.Tests.Attributes.SGuardGreaterThanAttributeTests.ReturnsSuccess_WhenDateValueIsGreaterThanOther" storage="/home/runner/work/sguard.dataannotations/sguard.dataannotations/sguard.dataannotations.tests/bin/release/net8.0/sguard.dataannotations.tests.dll" id="49da038f-537c-1970-55c5-0f0dc151893c">
      <Execution id="825b05a9-219e-4ed4-9546-ceea81f48ba1" />
      <TestMethod codeBase="/home/runner/work/SGuard.DataAnnotations/SGuard.DataAnnotations/SGuard.DataAnnotations.Tests/bin/Release/net8.0/SGuard.DataAnnotations.Tests.dll" adapterTypeName="executor://xunit/VsTestRunner3/netcore/" className="SGuard.DataAnnotations.Tests.Attributes.SGuardGreaterThanAttributeTests" name="ReturnsSuccess_WhenDateValueIsGreaterThanOther" />
    </UnitTest>
    <UnitTest name="SGuard.DataAnnotations.Tests.Attributes.SGuardBetweenAttributeTests.ReturnsSuccess_WhenValueIsWithinInclusiveRange" storage="/home/runner/work/sguard.dataannotations/sguard.dataannotations/sguard.dataannotations.tests/bin/release/net8.0/sguard.dataannotations.tests.dll" id="915cc370-a4c5-cec5-8e75-cea5cb32f409">
      <Execution id="1c8f9445-7424-4037-bdae-ed1468155d8f" />
      <TestMethod codeBase="/home/runner/work/SGuard.DataAnnotations/SGuard.DataAnnotations/SGuard.DataAnnotations.Tests/bin/Release/net8.0/SGuard.DataAnnotations.Tests.dll" adapterTypeName="executor://xunit/VsTestRunner3/netcore/" className="SGuard.DataAnnotations.Tests.Attributes.SGuardBetweenAttributeTests" name="ReturnsSuccess_WhenValueIsWithinInclusiveRange" />
    </UnitTest>
    <UnitTest name="SGuard.DataAnnotations.Tests.Attributes.SGuardCreditCardAttributeTests.ReturnsError_WhenValueIsInvalidTestCreditCard(cardNumber: &quot;1234567890123456&quot;)" storage="/home/runner/work/sguard.dataannotations/sguard.dataannotations/sguard.dataannotations.tests/bin/release/net8.0/sguard.dataannotations.tests.dll" id="ad9b44db-f68d-9700-9b50-709646904671">
      <Execution id="54ce21d1-0f4d-4835-9fc7-b4fb993fee89" />
      <TestMethod codeBase="/home/runner/work/SGuard.DataAnnotations/SGuard.DataAnnotations/SGuard.DataAnnotations.Tests/bin/Release/net8.0/SGuard.DataAnnotations.Tests.dll" adapterTypeName="executor://xunit/VsTestRunner3/netcore/" className="SGuard.DataAnnotations.Tests.Attributes.SGuardCreditCardAttributeTests" name="ReturnsError_WhenValueIsInvalidTestCreditCard" />
    </UnitTest>
    <UnitTest name="SGuard.DataAnnotations.Tests.Attributes.SGuardMaxCountAttributeTests.ReturnsSuccess_WhenCollectionCountIsZero" storage="/home/runner/work/sguard.dataannotations/sguard.dataannotations/sguard.dataannotations.tests/bin/release/net8.0/sguard.dataannotations.tests.dll" id="266cbee7-f68f-4b26-f221-d20b6f814953">
      <Execution id="cb6e61d8-48d8-479f-9a19-785bf8cc4324" />
      <TestMethod codeBase="/home/runner/work/SGuard.DataAnnotations/SGuard.DataAnnotations/SGuard.DataAnnotations.Tests/bin/Release/net8.0/SGuard.DataAnnotations.Tests.dll" adapterTypeName="executor://xunit/VsTestRunner3/netcore/" className="SGuard.DataAnnotations.Tests.Attributes.SGuardMaxCountAttributeTests" name="ReturnsSuccess_WhenCollectionCountIsZero" />
    </UnitTest>
    <UnitTest name="SGuard.DataAnnotations.Tests.Attributes.SGuardCompareAttributeTests.SupportsMultipleAttributes_OnSameProperty" storage="/home/runner/work/sguard.dataannotations/sguard.dataannotations/sguard.dataannotations.tests/bin/release/net8.0/sguard.dataannotations.tests.dll" id="a7359f7c-fb2e-bb3c-4d8b-0f3167da0c88">
      <Execution id="daa8419d-1c5e-4fce-9609-1e6ee9db7d4f" />
      <TestMethod codeBase="/home/runner/work/SGuard.DataAnnotations/SGuard.DataAnnotations/SGuard.DataAnnotations.Tests/bin/Release/net8.0/SGuard.DataAnnotations.Tests.dll" adapterTypeName="executor://xunit/VsTestRunner3/netcore/" className="SGuard.DataAnnotations.Tests.Attributes.SGuardCompareAttributeTests" name="SupportsMultipleAttributes_OnSameProperty" />
    </UnitTest>
    <UnitTest name="SGuard.DataAnnotations.Tests.Attributes.SGuardEmailAddressAttributeTests.ReturnsError_WhenValueIsMissingAtSymbol" storage="/home/runner/work/sguard.dataannotations/sguard.dataannotations/sguard.dataannotations.tests/bin/release/net8.0/sguard.dataannotations.tests.dll" id="d50c14e6-f54d-0a45-9d54-a0aef0431250">
      <Execution id="ccdcaf76-5b9d-40f7-80b4-c137cfda6ad0" />
      <TestMethod codeBase="/home/runner/work/SGuard.DataAnnotations/SGuard.DataAnnotations/SGuard.DataAnnotations.Tests/bin/Release/net8.0/SGuard.DataAnnotations.Tests.dll" adapterTypeName="executor://xunit/VsTestRunner3/netcore/" className="SGuard.DataAnnotations.Tests.Attributes.SGuardEmailAddressAttributeTests" name="ReturnsError_WhenValueIsMissingAtSymbol" />
    </UnitTest>
    <UnitTest name="SGuard.DataAnnotations.Tests.Attributes.SGuardEmailAddressAttributeTests.ReturnsLocalizedErrorMessage_WhenCultureIsSet(culture: &quot;en&quot;)" storage="/home/runner/work/sguard.dataannotations/sguard.dataannotations/sguard.dataannotations.tests/bin/release/net8.0/sguard.dataannotations.tests.dll" id="6bd4d2ae-eeeb-a392-cb38-c186fe339396">
      <Execution id="9613eb1b-20ee-47d2-8bf8-9606944336a7" />
      <TestMethod codeBase="/home/runner/work/SGuard.DataAnnotations/SGuard.DataAnnotations/SGuard.DataAnnotations.Tests/bin/Release/net8.0/SGuard.DataAnnotations.Tests.dll" adapterTypeName="executor://xunit/VsTestRunner3/netcore/" className="SGuard.DataAnnotations.Tests.Attributes.SGuardEmailAddressAttributeTests" name="ReturnsLocalizedErrorMessage_WhenCultureIsSet" />
    </UnitTest>
    <UnitTest name="SGuard.DataAnnotations.Tests.Attributes.SGuardEmailAddressAttributeTests.ReturnsSuccess_WhenValueIsBusinessEmailFormat(email: &quot;j.smith@tech-startup.io&quot;)" storage="/home/runner/work/sguard.dataannotations/sguard.dataannotations/sguard.dataannotations.tests/bin/release/net8.0/sguard.dataannotations.tests.dll" id="281c9429-94f0-d2a5-41e9-6547ef1e8299">
      <Execution id="6167a21a-19f8-45f6-a279-f041d8533f1a" />
      <TestMethod codeBase="/home/runner/work/SGuard.DataAnnotations/SGuard.DataAnnotations/SGuard.DataAnnotations.Tests/bin/Release/net8.0/SGuard.DataAnnotations.Tests.dll" adapterTypeName="executor://xunit/VsTestRunner3/netcore/" className="SGuard.DataAnnotations.Tests.Attributes.SGuardEmailAddressAttributeTests" name="ReturnsSuccess_WhenValueIsBusinessEmailFormat" />
    </UnitTest>
    <UnitTest name="SGuard.DataAnnotations.Tests.Attributes.SGuardStringLengthAttributeTests.ReturnsSuccess_WhenStringIsEmpty" storage="/home/runner/work/sguard.dataannotations/sguard.dataannotations/sguard.dataannotations.tests/bin/release/net8.0/sguard.dataannotations.tests.dll" id="ea759aae-ebb3-561f-baa8-d1599fc10d86">
      <Execution id="d83b6a85-91e0-46ca-b549-db5455baa9d0" />
      <TestMethod codeBase="/home/runner/work/SGuard.DataAnnotations/SGuard.DataAnnotations/SGuard.DataAnnotations.Tests/bin/Release/net8.0/SGuard.DataAnnotations.Tests.dll" adapterTypeName="executor://xunit/VsTestRunner3/netcore/" className="SGuard.DataAnnotations.Tests.Attributes.SGuardStringLengthAttributeTests" name="ReturnsSuccess_WhenStringIsEmpty" />
    </UnitTest>
    <UnitTest name="SGuard.DataAnnotations.Tests.Attributes.SGuardEmailAddressAttributeTests.HandlesSpecialCharactersInLocalPart" storage="/home/runner/work/sguard.dataannotations/sguard.dataannotations/sguard.dataannotations.tests/bin/release/net8.0/sguard.dataannotations.tests.dll" id="0fccd154-e18e-f328-7847-cd4fb77e326e">
      <Execution id="32fed174-f898-4196-a4a2-39cd7c184fe8" />
      <TestMethod codeBase="/home/runner/work/SGuard.DataAnnotations/SGuard.DataAnnotations/SGuard.DataAnnotations.Tests/bin/Release/net8.0/SGuard.DataAnnotations.Tests.dll" adapterTypeName="executor://xunit/VsTestRunner3/netcore/" className="SGuard.DataAnnotations.Tests.Attributes.SGuardEmailAddressAttributeTests" name="HandlesSpecialCharactersInLocalPart" />
    </UnitTest>
    <UnitTest name="SGuard.DataAnnotations.Tests.Attributes.SGuardMinLengthAttributeTests.ReturnsSuccess_WhenValueIsNull" storage="/home/runner/work/sguard.dataannotations/sguard.dataannotations/sguard.dataannotations.tests/bin/release/net8.0/sguard.dataannotations.tests.dll" id="94156788-790a-9db5-a858-213fb7ad4f61">
      <Execution id="80c60344-65dd-4859-9205-c0d427b255ca" />
      <TestMethod codeBase="/home/runner/work/SGuard.DataAnnotations/SGuard.DataAnnotations/SGuard.DataAnnotations.Tests/bin/Release/net8.0/SGuard.DataAnnotations.Tests.dll" adapterTypeName="executor://xunit/VsTestRunner3/netcore/" className="SGuard.DataAnnotations.Tests.Attributes.SGuardMinLengthAttributeTests" name="ReturnsSuccess_WhenValueIsNull" />
    </UnitTest>
    <UnitTest name="SGuard.DataAnnotations.Tests.Attributes.SGuardBetweenAttributeTests.ReturnsLocalizedErrorMessage_WhenCultureIsSet(culture: &quot;ja&quot;)" storage="/home/runner/work/sguard.dataannotations/sguard.dataannotations/sguard.dataannotations.tests/bin/release/net8.0/sguard.dataannotations.tests.dll" id="c230f671-ad47-b61c-8358-5fab696d26df">
      <Execution id="bc69373c-76aa-4e46-90bf-e8bbf47ca8d7" />
      <TestMethod codeBase="/home/runner/work/SGuard.DataAnnotations/SGuard.DataAnnotations/SGuard.DataAnnotations.Tests/bin/Release/net8.0/SGuard.DataAnnotations.Tests.dll" adapterTypeName="executor://xunit/VsTestRunner3/netcore/" className="SGuard.DataAnnotations.Tests.Attributes.SGuardBetweenAttributeTests" name="ReturnsLocalizedErrorMessage_WhenCultureIsSet" />
    </UnitTest>
    <UnitTest name="SGuard.DataAnnotations.Tests.Attributes.SGuardMaxLengthAttributeTests.ReturnsSuccess_WhenStringIsEqualToMaxLength" storage="/home/runner/work/sguard.dataannotations/sguard.dataannotations/sguard.dataannotations.tests/bin/release/net8.0/sguard.dataannotations.tests.dll" id="529ece68-fcef-1cfb-1ddb-fa943b59f215">
      <Execution id="9850d6b7-25b2-4a6b-923d-7a3c88f87f10" />
      <TestMethod codeBase="/home/runner/work/SGuard.DataAnnotations/SGuard.DataAnnotations/SGuard.DataAnnotations.Tests/bin/Release/net8.0/SGuard.DataAnnotations.Tests.dll" adapterTypeName="executor://xunit/VsTestRunner3/netcore/" className="SGuard.DataAnnotations.Tests.Attributes.SGuardMaxLengthAttributeTests" name="ReturnsSuccess_WhenStringIsEqualToMaxLength" />
    </UnitTest>
    <UnitTest name="SGuard.DataAnnotations.Tests.Attributes.SGuardMinCountAttributeTests.ReturnsSuccess_WhenDictionaryCountIsGreaterThanMin" storage="/home/runner/work/sguard.dataannotations/sguard.dataannotations/sguard.dataannotations.tests/bin/release/net8.0/sguard.dataannotations.tests.dll" id="f4355151-5143-6537-86b3-bbe7fff78f20">
      <Execution id="4ff18840-ff97-4b03-bf2a-078f7414e4eb" />
      <TestMethod codeBase="/home/runner/work/SGuard.DataAnnotations/SGuard.DataAnnotations/SGuard.DataAnnotations.Tests/bin/Release/net8.0/SGuard.DataAnnotations.Tests.dll" adapterTypeName="executor://xunit/VsTestRunner3/netcore/" className="SGuard.DataAnnotations.Tests.Attributes.SGuardMinCountAttributeTests" name="ReturnsSuccess_WhenDictionaryCountIsGreaterThanMin" />
    </UnitTest>
    <UnitTest name="SGuard.DataAnnotations.Tests.Attributes.SGuardCollectionItemsMatchAttributeTests.ReturnsSuccess_WhenCollectionIsNull" storage="/home/runner/work/sguard.dataannotations/sguard.dataannotations/sguard.dataannotations.tests/bin/release/net8.0/sguard.dataannotations.tests.dll" id="1b3d778a-44d9-4efe-03a7-1b9c70fd51b6">
      <Execution id="09ef6947-537b-4a68-8606-6e553bb33276" />
      <TestMethod codeBase="/home/runner/work/SGuard.DataAnnotations/SGuard.DataAnnotations/SGuard.DataAnnotations.Tests/bin/Release/net8.0/SGuard.DataAnnotations.Tests.dll" adapterTypeName="executor://xunit/VsTestRunner3/netcore/" className="SGuard.DataAnnotations.Tests.Attributes.SGuardCollectionItemsMatchAttributeTests" name="ReturnsSuccess_WhenCollectionIsNull" />
    </UnitTest>
    <UnitTest name="SGuard.DataAnnotations.Tests.Attributes.SGuardRequiredCollectionAttributeTests.ReturnsError_WhenListIsEmpty" storage="/home/runner/work/sguard.dataannotations/sguard.dataannotations/sguard.dataannotations.tests/bin/release/net8.0/sguard.dataannotations.tests.dll" id="098ba28d-ad73-0c69-8587-f0f62e9ace89">
      <Execution id="ac8fff8a-e4f0-44fb-8641-f08e81d70e71" />
      <TestMethod codeBase="/home/runner/work/SGuard.DataAnnotations/SGuard.DataAnnotations/SGuard.DataAnnotations.Tests/bin/Release/net8.0/SGuard.DataAnnotations.Tests.dll" adapterTypeName="executor://xunit/VsTestRunner3/netcore/" className="SGuard.DataAnnotations.Tests.Attributes.SGuardRequiredCollectionAttributeTests" name="ReturnsError_WhenListIsEmpty" />
    </UnitTest>
    <UnitTest name="SGuard.DataAnnotations.Tests.Attributes.SGuardEmailAddressAttributeTests.ReturnsError_WhenValueIsNotString" storage="/home/runner/work/sguard.dataannotations/sguard.dataannotations/sguard.dataannotations.tests/bin/release/net8.0/sguard.dataannotations.tests.dll" id="ffb894f2-8b4e-535d-2181-50be0cbf54c4">
      <Execution id="90ec0935-9e48-4874-9685-bc10d2851b12" />
      <TestMethod codeBase="/home/runner/work/SGuard.DataAnnotations/SGuard.DataAnnotations/SGuard.DataAnnotations.Tests/bin/Release/net8.0/SGuard.DataAnnotations.Tests.dll" adapterTypeName="executor://xunit/VsTestRunner3/netcore/" className="SGuard.DataAnnotations.Tests.Attributes.SGuardEmailAddressAttributeTests" name="ReturnsError_WhenValueIsNotString" />
    </UnitTest>
    <UnitTest name="SGuard.DataAnnotations.Tests.Attributes.SGuardMaxLengthAttributeTests.ReturnsSuccess_WhenStringIsShorterThanMaxLength" storage="/home/runner/work/sguard.dataannotations/sguard.dataannotations/sguard.dataannotations.tests/bin/release/net8.0/sguard.dataannotations.tests.dll" id="080775d4-6b69-5bc3-992d-f0e3c7374a4e">
      <Execution id="218b21d6-b5c9-42eb-a8c6-c43a47b8b982" />
      <TestMethod codeBase="/home/runner/work/SGuard.DataAnnotations/SGuard.DataAnnotations/SGuard.DataAnnotations.Tests/bin/Release/net8.0/SGuard.DataAnnotations.Tests.dll" adapterTypeName="executor://xunit/VsTestRunner3/netcore/" className="SGuard.DataAnnotations.Tests.Attributes.SGuardMaxLengthAttributeTests" name="ReturnsSuccess_WhenStringIsShorterThanMaxLength" />
    </UnitTest>
    <UnitTest name="SGuard.DataAnnotations.Tests.Attributes.SGuardBetweenAttributeTests.WorksWithDoubleValues_Inclusive" storage="/home/runner/work/sguard.dataannotations/sguard.dataannotations/sguard.dataannotations.tests/bin/release/net8.0/sguard.dataannotations.tests.dll" id="bbb948a4-a310-7b5a-5c14-9d12bfbfa6f7">
      <Execution id="7f00a23b-d89d-4218-a746-29a2f600d405" />
      <TestMethod codeBase="/home/runner/work/SGuard.DataAnnotations/SGuard.DataAnnotations/SGuard.DataAnnotations.Tests/bin/Release/net8.0/SGuard.DataAnnotations.Tests.dll" adapterTypeName="executor://xunit/VsTestRunner3/netcore/" className="SGuard.DataAnnotations.Tests.Attributes.SGuardBetweenAttributeTests" name="WorksWithDoubleValues_Inclusive" />
    </UnitTest>
    <UnitTest name="SGuard.DataAnnotations.Tests.Attributes.SGuardEmailAddressAttributeTests.ContactForm_BusinessEmail_Success" storage="/home/runner/work/sguard.dataannotations/sguard.dataannotations/sguard.dataannotations.tests/bin/release/net8.0/sguard.dataannotations.tests.dll" id="463584a4-e8ba-f39e-0c4f-2b29bd1729ef">
      <Execution id="92c8a7cd-69a8-42c7-b47c-b5c5b8d31158" />
      <TestMethod codeBase="/home/runner/work/SGuard.DataAnnotations/SGuard.DataAnnotations/SGuard.DataAnnotations.Tests/bin/Release/net8.0/SGuard.DataAnnotations.Tests.dll" adapterTypeName="executor://xunit/VsTestRunner3/netcore/" className="SGuard.DataAnnotations.Tests.Attributes.SGuardEmailAddressAttributeTests" name="ContactForm_BusinessEmail_Success" />
    </UnitTest>
    <UnitTest name="SGuard.DataAnnotations.Tests.Attributes.SGuardEmailAddressAttributeTests.Constructor_ThrowsArgumentNullException_WhenResourceTypeIsNull" storage="/home/runner/work/sguard.dataannotations/sguard.dataannotations/sguard.dataannotations.tests/bin/release/net8.0/sguard.dataannotations.tests.dll" id="41d1dc10-037d-3140-006f-371abcd3b22f">
      <Execution id="7d25a812-09b0-453a-a069-4efafbc2ebc0" />
      <TestMethod codeBase="/home/runner/work/SGuard.DataAnnotations/SGuard.DataAnnotations/SGuard.DataAnnotations.Tests/bin/Release/net8.0/SGuard.DataAnnotations.Tests.dll" adapterTypeName="executor://xunit/VsTestRunner3/netcore/" className="SGuard.DataAnnotations.Tests.Attributes.SGuardEmailAddressAttributeTests" name="Constructor_ThrowsArgumentNullException_WhenResourceTypeIsNull" />
    </UnitTest>
    <UnitTest name="SGuard.DataAnnotations.Tests.Attributes.SGuardCreditCardAttributeTests.ReturnsError_WhenValueIsInvalidTestCreditCard(cardNumber: &quot;4000000000000001&quot;)" storage="/home/runner/work/sguard.dataannotations/sguard.dataannotations/sguard.dataannotations.tests/bin/release/net8.0/sguard.dataannotations.tests.dll" id="61359edb-5c48-88c2-762f-54ff8f83ac8f">
      <Execution id="c327d562-8d32-4f39-abda-ceb08a576d12" />
      <TestMethod codeBase="/home/runner/work/SGuard.DataAnnotations/SGuard.DataAnnotations/SGuard.DataAnnotations.Tests/bin/Release/net8.0/SGuard.DataAnnotations.Tests.dll" adapterTypeName="executor://xunit/VsTestRunner3/netcore/" className="SGuard.DataAnnotations.Tests.Attributes.SGuardCreditCardAttributeTests" name="ReturnsError_WhenValueIsInvalidTestCreditCard" />
    </UnitTest>
    <UnitTest name="SGuard.DataAnnotations.Tests.Attributes.SGuardMinCountAttributeTests.ReturnsSuccess_WhenValueIsNullAndMinIsZero" storage="/home/runner/work/sguard.dataannotations/sguard.dataannotations/sguard.dataannotations.tests/bin/release/net8.0/sguard.dataannotations.tests.dll" id="e54af1a4-2187-47bd-06ab-7b48b0cdb6e0">
      <Execution id="410da673-5cd6-4bc4-9783-1f16c1f3e1f8" />
      <TestMethod codeBase="/home/runner/work/SGuard.DataAnnotations/SGuard.DataAnnotations/SGuard.DataAnnotations.Tests/bin/Release/net8.0/SGuard.DataAnnotations.Tests.dll" adapterTypeName="executor://xunit/VsTestRunner3/netcore/" className="SGuard.DataAnnotations.Tests.Attributes.SGuardMinCountAttributeTests" name="ReturnsSuccess_WhenValueIsNullAndMinIsZero" />
    </UnitTest>
    <UnitTest name="SGuard.DataAnnotations.Tests.Attributes.SGuardRangeAttributeTests.ReturnsSuccess_WhenValueIsNull" storage="/home/runner/work/sguard.dataannotations/sguard.dataannotations/sguard.dataannotations.tests/bin/release/net8.0/sguard.dataannotations.tests.dll" id="62c9ec44-80ed-02a9-9ec1-e3f94f21f664">
      <Execution id="31b69068-c6bc-48aa-8f77-727b64216f8e" />
      <TestMethod codeBase="/home/runner/work/SGuard.DataAnnotations/SGuard.DataAnnotations/SGuard.DataAnnotations.Tests/bin/Release/net8.0/SGuard.DataAnnotations.Tests.dll" adapterTypeName="executor://xunit/VsTestRunner3/netcore/" className="SGuard.DataAnnotations.Tests.Attributes.SGuardRangeAttributeTests" name="ReturnsSuccess_WhenValueIsNull" />
    </UnitTest>
    <UnitTest name="SGuard.DataAnnotations.Tests.Attributes.SGuardRangeAttributeTests.ReturnsSuccess_WhenIntValueIsWithinRange" storage="/home/runner/work/sguard.dataannotations/sguard.dataannotations/sguard.dataannotations.tests/bin/release/net8.0/sguard.dataannotations.tests.dll" id="9ddec5fa-479c-3d6f-39eb-a62427813e0c">
      <Execution id="42d99f96-ca65-4546-a759-5315448c27f5" />
      <TestMethod codeBase="/home/runner/work/SGuard.DataAnnotations/SGuard.DataAnnotations/SGuard.DataAnnotations.Tests/bin/Release/net8.0/SGuard.DataAnnotations.Tests.dll" adapterTypeName="executor://xunit/VsTestRunner3/netcore/" className="SGuard.DataAnnotations.Tests.Attributes.SGuardRangeAttributeTests" name="ReturnsSuccess_WhenIntValueIsWithinRange" />
    </UnitTest>
    <UnitTest name="SGuard.DataAnnotations.Tests.Attributes.SGuardEmailAddressAttributeTests.ReturnsSuccess_WhenValueIsValidEmailFormat(email: &quot;email@123.123.123.123&quot;)" storage="/home/runner/work/sguard.dataannotations/sguard.dataannotations/sguard.dataannotations.tests/bin/release/net8.0/sguard.dataannotations.tests.dll" id="0f69ed9a-e24a-7444-c03b-c26af010edca">
      <Execution id="1bfce76d-3720-4e36-8b45-6b3926f7504c" />
      <TestMethod codeBase="/home/runner/work/SGuard.DataAnnotations/SGuard.DataAnnotations/SGuard.DataAnnotations.Tests/bin/Release/net8.0/SGuard.DataAnnotations.Tests.dll" adapterTypeName="executor://xunit/VsTestRunner3/netcore/" className="SGuard.DataAnnotations.Tests.Attributes.SGuardEmailAddressAttributeTests" name="ReturnsSuccess_WhenValueIsValidEmailFormat" />
    </UnitTest>
    <UnitTest name="SGuard.DataAnnotations.Tests.Extensions.DataAnnotationsExceptionExtensionsTest.TryGetValidationErrors_ReturnsTrueAndPopulatesErrors_WhenValidationErrorsExist" storage="/home/runner/work/sguard.dataannotations/sguard.dataannotations/sguard.dataannotations.tests/bin/release/net8.0/sguard.dataannotations.tests.dll" id="688c869f-43c2-c56d-139b-753ad9c4e2b8">
      <Execution id="6d7e2d85-08cf-470b-8086-5b499e278f59" />
      <TestMethod codeBase="/home/runner/work/SGuard.DataAnnotations/SGuard.DataAnnotations/SGuard.DataAnnotations.Tests/bin/Release/net8.0/SGuard.DataAnnotations.Tests.dll" adapterTypeName="executor://xunit/VsTestRunner3/netcore/" className="SGuard.DataAnnotations.Tests.Extensions.DataAnnotationsExceptionExtensionsTest" name="TryGetValidationErrors_ReturnsTrueAndPopulatesErrors_WhenValidationErrorsExist" />
    </UnitTest>
    <UnitTest name="SGuard.DataAnnotations.Tests.Attributes.SGuardBetweenAttributeTests.WorksWithDecimalValues_Inclusive" storage="/home/runner/work/sguard.dataannotations/sguard.dataannotations/sguard.dataannotations.tests/bin/release/net8.0/sguard.dataannotations.tests.dll" id="7e4292f7-6425-1e35-7f1d-4be9ff6ec305">
      <Execution id="ed40745c-b90d-4fcf-82e4-48bb616be94b" />
      <TestMethod codeBase="/home/runner/work/SGuard.DataAnnotations/SGuard.DataAnnotations/SGuard.DataAnnotations.Tests/bin/Release/net8.0/SGuard.DataAnnotations.Tests.dll" adapterTypeName="executor://xunit/VsTestRunner3/netcore/" className="SGuard.DataAnnotations.Tests.Attributes.SGuardBetweenAttributeTests" name="WorksWithDecimalValues_Inclusive" />
    </UnitTest>
    <UnitTest name="SGuard.DataAnnotations.Tests.Attributes.SGuardBetweenAttributeTests.WorksWithDoubleValues_Exclusive" storage="/home/runner/work/sguard.dataannotations/sguard.dataannotations/sguard.dataannotations.tests/bin/release/net8.0/sguard.dataannotations.tests.dll" id="dd6b6eea-ecef-43a0-48ab-e039b579c244">
      <Execution id="bfa7ea1c-d645-471f-86ac-bf9e3d32a6d1" />
      <TestMethod codeBase="/home/runner/work/SGuard.DataAnnotations/SGuard.DataAnnotations/SGuard.DataAnnotations.Tests/bin/Release/net8.0/SGuard.DataAnnotations.Tests.dll" adapterTypeName="executor://xunit/VsTestRunner3/netcore/" className="SGuard.DataAnnotations.Tests.Attributes.SGuardBetweenAttributeTests" name="WorksWithDoubleValues_Exclusive" />
    </UnitTest>
    <UnitTest name="SGuard.DataAnnotations.Tests.Attributes.SGuardEmailAddressAttributeTests.ReturnsLocalizedErrorMessage_WhenCultureIsSet(culture: &quot;hi&quot;)" storage="/home/runner/work/sguard.dataannotations/sguard.dataannotations/sguard.dataannotations.tests/bin/release/net8.0/sguard.dataannotations.tests.dll" id="25b83878-87c8-b0a8-45e8-91d7ac1a9a5f">
      <Execution id="9caba5d6-f888-4956-afe6-b008a14068bb" />
      <TestMethod codeBase="/home/runner/work/SGuard.DataAnnotations/SGuard.DataAnnotations/SGuard.DataAnnotations.Tests/bin/Release/net8.0/SGuard.DataAnnotations.Tests.dll" adapterTypeName="executor://xunit/VsTestRunner3/netcore/" className="SGuard.DataAnnotations.Tests.Attributes.SGuardEmailAddressAttributeTests" name="ReturnsLocalizedErrorMessage_WhenCultureIsSet" />
    </UnitTest>
    <UnitTest name="SGuard.DataAnnotations.Tests.Attributes.SGuardGreaterThanAttributeTests.ReturnsError_WhenDateValueIsNotGreaterThanOther" storage="/home/runner/work/sguard.dataannotations/sguard.dataannotations/sguard.dataannotations.tests/bin/release/net8.0/sguard.dataannotations.tests.dll" id="d1b029e0-b871-55db-0bbc-4a36bc450b81">
      <Execution id="32afdf3b-1fbb-449a-b6e7-42ba9810cc9e" />
      <TestMethod codeBase="/home/runner/work/SGuard.DataAnnotations/SGuard.DataAnnotations/SGuard.DataAnnotations.Tests/bin/Release/net8.0/SGuard.DataAnnotations.Tests.dll" adapterTypeName="executor://xunit/VsTestRunner3/netcore/" className="SGuard.DataAnnotations.Tests.Attributes.SGuardGreaterThanAttributeTests" name="ReturnsError_WhenDateValueIsNotGreaterThanOther" />
    </UnitTest>
    <UnitTest name="SGuard.DataAnnotations.Tests.Attributes.SGuardCompareAttributeTests.WorksWithDateTimeValues" storage="/home/runner/work/sguard.dataannotations/sguard.dataannotations/sguard.dataannotations.tests/bin/release/net8.0/sguard.dataannotations.tests.dll" id="c7f2fb08-11b4-e8d2-b9b9-3bf6fbe1918f">
      <Execution id="962bc90e-27c2-4420-b41d-431339fe3540" />
      <TestMethod codeBase="/home/runner/work/SGuard.DataAnnotations/SGuard.DataAnnotations/SGuard.DataAnnotations.Tests/bin/Release/net8.0/SGuard.DataAnnotations.Tests.dll" adapterTypeName="executor://xunit/VsTestRunner3/netcore/" className="SGuard.DataAnnotations.Tests.Attributes.SGuardCompareAttributeTests" name="WorksWithDateTimeValues" />
    </UnitTest>
    <UnitTest name="SGuard.DataAnnotations.Tests.Attributes.SGuardEmailAddressAttributeTests.ReturnsSuccess_WhenValueIsCommonEmailProvider(email: &quot;user@gmail.com&quot;)" storage="/home/runner/work/sguard.dataannotations/sguard.dataannotations/sguard.dataannotations.tests/bin/release/net8.0/sguard.dataannotations.tests.dll" id="9aea3422-ef2f-af26-c04c-ddc619d25e3f">
      <Execution id="30371a47-5e0a-43cd-9cef-978a603a98e7" />
      <TestMethod codeBase="/home/runner/work/SGuard.DataAnnotations/SGuard.DataAnnotations/SGuard.DataAnnotations.Tests/bin/Release/net8.0/SGuard.DataAnnotations.Tests.dll" adapterTypeName="executor://xunit/VsTestRunner3/netcore/" className="SGuard.DataAnnotations.Tests.Attributes.SGuardEmailAddressAttributeTests" name="ReturnsSuccess_WhenValueIsCommonEmailProvider" />
    </UnitTest>
    <UnitTest name="SGuard.DataAnnotations.Tests.Attributes.SGuardEmailAddressAttributeTests.HandlesHyphenInDomainName" storage="/home/runner/work/sguard.dataannotations/sguard.dataannotations/sguard.dataannotations.tests/bin/release/net8.0/sguard.dataannotations.tests.dll" id="34d33db2-19a9-6856-2c67-8b6ff63ae856">
      <Execution id="ea4e86e8-0284-45a7-8593-de5c37775b30" />
      <TestMethod codeBase="/home/runner/work/SGuard.DataAnnotations/SGuard.DataAnnotations/SGuard.DataAnnotations.Tests/bin/Release/net8.0/SGuard.DataAnnotations.Tests.dll" adapterTypeName="executor://xunit/VsTestRunner3/netcore/" className="SGuard.DataAnnotations.Tests.Attributes.SGuardEmailAddressAttributeTests" name="HandlesHyphenInDomainName" />
    </UnitTest>
    <UnitTest name="SGuard.DataAnnotations.Tests.Attributes.SGuardCompareAttributeTests.ReturnsLocalizedErrorMessage_WhenCultureIsSet(culture: &quot;ja&quot;)" storage="/home/runner/work/sguard.dataannotations/sguard.dataannotations/sguard.dataannotations.tests/bin/release/net8.0/sguard.dataannotations.tests.dll" id="d19b4370-dfc6-ad20-cdc0-734574e441c8">
      <Execution id="f03a55d3-e5ed-48d4-b2c9-59a8a4ac17d5" />
      <TestMethod codeBase="/home/runner/work/SGuard.DataAnnotations/SGuard.DataAnnotations/SGuard.DataAnnotations.Tests/bin/Release/net8.0/SGuard.DataAnnotations.Tests.dll" adapterTypeName="executor://xunit/VsTestRunner3/netcore/" className="SGuard.DataAnnotations.Tests.Attributes.SGuardCompareAttributeTests" name="ReturnsLocalizedErrorMessage_WhenCultureIsSet" />
    </UnitTest>
    <UnitTest name="SGuard.DataAnnotations.Tests.Attributes.SGuardRequiredCollectionAttributeTests.ReturnsSuccess_WhenDictionaryIsNotEmpty" storage="/home/runner/work/sguard.dataannotations/sguard.dataannotations/sguard.dataannotations.tests/bin/release/net8.0/sguard.dataannotations.tests.dll" id="f3ac6f73-8ee9-7ee9-1035-8a2abdbf5eaa">
      <Execution id="8901d1b2-ab8b-473e-92e2-95b6057514d5" />
      <TestMethod codeBase="/home/runner/work/SGuard.DataAnnotations/SGuard.DataAnnotations/SGuard.DataAnnotations.Tests/bin/Release/net8.0/SGuard.DataAnnotations.Tests.dll" adapterTypeName="executor://xunit/VsTestRunner3/netcore/" className="SGuard.DataAnnotations.Tests.Attributes.SGuardRequiredCollectionAttributeTests" name="ReturnsSuccess_WhenDictionaryIsNotEmpty" />
    </UnitTest>
    <UnitTest name="SGuard.DataAnnotations.Tests.Attributes.SGuardEmailAddressAttributeTests.HandlesVeryLongDomainPart" storage="/home/runner/work/sguard.dataannotations/sguard.dataannotations/sguard.dataannotations.tests/bin/release/net8.0/sguard.dataannotations.tests.dll" id="21519bf4-c01d-c275-8cd9-6e0df3fad4f2">
      <Execution id="6448f5a6-ad49-4966-9320-b86f02b04a0c" />
      <TestMethod codeBase="/home/runner/work/SGuard.DataAnnotations/SGuard.DataAnnotations/SGuard.DataAnnotations.Tests/bin/Release/net8.0/SGuard.DataAnnotations.Tests.dll" adapterTypeName="executor://xunit/VsTestRunner3/netcore/" className="SGuard.DataAnnotations.Tests.Attributes.SGuardEmailAddressAttributeTests" name="HandlesVeryLongDomainPart" />
    </UnitTest>
    <UnitTest name="SGuard.DataAnnotations.Tests.Attributes.SGuardMaxCountAttributeTests.ReturnsSuccess_WhenArrayCountIsLessThanOrEqualToMax" storage="/home/runner/work/sguard.dataannotations/sguard.dataannotations/sguard.dataannotations.tests/bin/release/net8.0/sguard.dataannotations.tests.dll" id="c9e17951-e43f-8200-3417-432bd1307c56">
      <Execution id="681f5774-ff30-447d-a26b-384aab0740d9" />
      <TestMethod codeBase="/home/runner/work/SGuard.DataAnnotations/SGuard.DataAnnotations/SGuard.DataAnnotations.Tests/bin/Release/net8.0/SGuard.DataAnnotations.Tests.dll" adapterTypeName="executor://xunit/VsTestRunner3/netcore/" className="SGuard.DataAnnotations.Tests.Attributes.SGuardMaxCountAttributeTests" name="ReturnsSuccess_WhenArrayCountIsLessThanOrEqualToMax" />
    </UnitTest>
    <UnitTest name="SGuard.DataAnnotations.Tests.Attributes.SGuardCreditCardAttributeTests.ReturnsSuccess_WhenValueIsValidAmex" storage="/home/runner/work/sguard.dataannotations/sguard.dataannotations/sguard.dataannotations.tests/bin/release/net8.0/sguard.dataannotations.tests.dll" id="1784d12b-da19-58ea-1ce0-28b4c319e25a">
      <Execution id="03e2fd96-6949-4c82-a7bc-8bddbaaf006b" />
      <TestMethod codeBase="/home/runner/work/SGuard.DataAnnotations/SGuard.DataAnnotations/SGuard.DataAnnotations.Tests/bin/Release/net8.0/SGuard.DataAnnotations.Tests.dll" adapterTypeName="executor://xunit/VsTestRunner3/netcore/" className="SGuard.DataAnnotations.Tests.Attributes.SGuardCreditCardAttributeTests" name="ReturnsSuccess_WhenValueIsValidAmex" />
    </UnitTest>
    <UnitTest name="SGuard.DataAnnotations.Tests.Attributes.SGuardBetweenAttributeTests.ReturnsError_WhenValueIsBelowMin_Inclusive" storage="/home/runner/work/sguard.dataannotations/sguard.dataannotations/sguard.dataannotations.tests/bin/release/net8.0/sguard.dataannotations.tests.dll" id="ae95f8f1-e062-9428-8825-545025260de6">
      <Execution id="9ed24624-65ec-4ffa-bdcb-3ec4e5bebe22" />
      <TestMethod codeBase="/home/runner/work/SGuard.DataAnnotations/SGuard.DataAnnotations/SGuard.DataAnnotations.Tests/bin/Release/net8.0/SGuard.DataAnnotations.Tests.dll" adapterTypeName="executor://xunit/VsTestRunner3/netcore/" className="SGuard.DataAnnotations.Tests.Attributes.SGuardBetweenAttributeTests" name="ReturnsError_WhenValueIsBelowMin_Inclusive" />
    </UnitTest>
    <UnitTest name="SGuard.DataAnnotations.Tests.Attributes.SGuardCompareAttributeTests.IsCaseSensitive_WithStrings" storage="/home/runner/work/sguard.dataannotations/sguard.dataannotations/sguard.dataannotations.tests/bin/release/net8.0/sguard.dataannotations.tests.dll" id="6bd89629-720d-4b18-a416-282071dbac55">
      <Execution id="ca54fa70-1753-44a9-88b6-e1bc685c7786" />
      <TestMethod codeBase="/home/runner/work/SGuard.DataAnnotations/SGuard.DataAnnotations/SGuard.DataAnnotations.Tests/bin/Release/net8.0/SGuard.DataAnnotations.Tests.dll" adapterTypeName="executor://xunit/VsTestRunner3/netcore/" className="SGuard.DataAnnotations.Tests.Attributes.SGuardCompareAttributeTests" name="IsCaseSensitive_WithStrings" />
    </UnitTest>
    <UnitTest name="SGuard.DataAnnotations.Tests.Attributes.SGuardCompareAttributeTests.EmailConfirmation_Success" storage="/home/runner/work/sguard.dataannotations/sguard.dataannotations/sguard.dataannotations.tests/bin/release/net8.0/sguard.dataannotations.tests.dll" id="2f2f4dfd-d686-918e-9cdb-c64365a18a4e">
      <Execution id="862e4e6d-bd72-4062-a05a-6fc3ec1f8f41" />
      <TestMethod codeBase="/home/runner/work/SGuard.DataAnnotations/SGuard.DataAnnotations/SGuard.DataAnnotations.Tests/bin/Release/net8.0/SGuard.DataAnnotations.Tests.dll" adapterTypeName="executor://xunit/VsTestRunner3/netcore/" className="SGuard.DataAnnotations.Tests.Attributes.SGuardCompareAttributeTests" name="EmailConfirmation_Success" />
    </UnitTest>
    <UnitTest name="SGuard.DataAnnotations.Tests.Attributes.SGuardCompareAttributeTests.WorksWithIntegerValues" storage="/home/runner/work/sguard.dataannotations/sguard.dataannotations/sguard.dataannotations.tests/bin/release/net8.0/sguard.dataannotations.tests.dll" id="f990b3b4-c789-9b95-242d-e1c954f9cc12">
      <Execution id="7832d651-f8dc-4af1-a00a-712eebcfc68d" />
      <TestMethod codeBase="/home/runner/work/SGuard.DataAnnotations/SGuard.DataAnnotations/SGuard.DataAnnotations.Tests/bin/Release/net8.0/SGuard.DataAnnotations.Tests.dll" adapterTypeName="executor://xunit/VsTestRunner3/netcore/" className="SGuard.DataAnnotations.Tests.Attributes.SGuardCompareAttributeTests" name="WorksWithIntegerValues" />
    </UnitTest>
    <UnitTest name="SGuard.DataAnnotations.Tests.Attributes.SGuardMinLengthAttributeTests.ReturnsError_WhenStringIsShorterThanMinLength" storage="/home/runner/work/sguard.dataannotations/sguard.dataannotations/sguard.dataannotations.tests/bin/release/net8.0/sguard.dataannotations.tests.dll" id="8fa6afed-24b8-e0d5-4613-aa654c64059a">
      <Execution id="d34dd0ed-a064-47e3-bec3-a3ab96c6000f" />
      <TestMethod codeBase="/home/runner/work/SGuard.DataAnnotations/SGuard.DataAnnotations/SGuard.DataAnnotations.Tests/bin/Release/net8.0/SGuard.DataAnnotations.Tests.dll" adapterTypeName="executor://xunit/VsTestRunner3/netcore/" className="SGuard.DataAnnotations.Tests.Attributes.SGuardMinLengthAttributeTests" name="ReturnsError_WhenStringIsShorterThanMinLength" />
    </UnitTest>
    <UnitTest name="SGuard.DataAnnotations.Tests.Attributes.SGuardMaxLengthAttributeTests.ReturnsLocalizedErrorMessage_WhenCultureIsSetToTurkish" storage="/home/runner/work/sguard.dataannotations/sguard.dataannotations/sguard.dataannotations.tests/bin/release/net8.0/sguard.dataannotations.tests.dll" id="e2003228-eccc-5e56-b410-7f365127fa8c">
      <Execution id="b06a119f-510c-4ed7-85c1-5dddec87d97e" />
      <TestMethod codeBase="/home/runner/work/SGuard.DataAnnotations/SGuard.DataAnnotations/SGuard.DataAnnotations.Tests/bin/Release/net8.0/SGuard.DataAnnotations.Tests.dll" adapterTypeName="executor://xunit/VsTestRunner3/netcore/" className="SGuard.DataAnnotations.Tests.Attributes.SGuardMaxLengthAttributeTests" name="ReturnsLocalizedErrorMessage_WhenCultureIsSetToTurkish" />
    </UnitTest>
    <UnitTest name="SGuard.DataAnnotations.Tests.Attributes.SGuardCompareAttributeTests.EmailConfirmation_Failure" storage="/home/runner/work/sguard.dataannotations/sguard.dataannotations/sguard.dataannotations.tests/bin/release/net8.0/sguard.dataannotations.tests.dll" id="1c58e614-ef61-f2a2-cfd8-182a4e35570b">
      <Execution id="efd2ffd9-f3fb-4099-9776-59ec0f03ac8f" />
      <TestMethod codeBase="/home/runner/work/SGuard.DataAnnotations/SGuard.DataAnnotations/SGuard.DataAnnotations.Tests/bin/Release/net8.0/SGuard.DataAnnotations.Tests.dll" adapterTypeName="executor://xunit/VsTestRunner3/netcore/" className="SGuard.DataAnnotations.Tests.Attributes.SGuardCompareAttributeTests" name="EmailConfirmation_Failure" />
    </UnitTest>
    <UnitTest name="SGuard.DataAnnotations.Tests.Attributes.SGuardUrlAttributeTests.ThrowsArgumentNullException_WhenResourceTypeIsNull" storage="/home/runner/work/sguard.dataannotations/sguard.dataannotations/sguard.dataannotations.tests/bin/release/net8.0/sguard.dataannotations.tests.dll" id="25bfd5dc-d6fd-7060-1543-b6eff93eaa1d">
      <Execution id="1529474a-874a-4ac0-9eca-ffeb5eb52b87" />
      <TestMethod codeBase="/home/runner/work/SGuard.DataAnnotations/SGuard.DataAnnotations/SGuard.DataAnnotations.Tests/bin/Release/net8.0/SGuard.DataAnnotations.Tests.dll" adapterTypeName="executor://xunit/VsTestRunner3/netcore/" className="SGuard.DataAnnotations.Tests.Attributes.SGuardUrlAttributeTests" name="ThrowsArgumentNullException_WhenResourceTypeIsNull" />
    </UnitTest>
    <UnitTest name="SGuard.DataAnnotations.Tests.Attributes.SGuardEmailAddressAttributeTests.ReturnsNull_WhenValueIsUnsupportedInternationalEmail(email: &quot;test@日本.jp&quot;)" storage="/home/runner/work/sguard.dataannotations/sguard.dataannotations/sguard.dataannotations.tests/bin/release/net8.0/sguard.dataannotations.tests.dll" id="8757c1db-8a30-5429-c0a6-7eb71a1574b4">
      <Execution id="7681a8e9-cffc-4600-845c-bceec5334843" />
      <TestMethod codeBase="/home/runner/work/SGuard.DataAnnotations/SGuard.DataAnnotations/SGuard.DataAnnotations.Tests/bin/Release/net8.0/SGuard.DataAnnotations.Tests.dll" adapterTypeName="executor://xunit/VsTestRunner3/netcore/" className="SGuard.DataAnnotations.Tests.Attributes.SGuardEmailAddressAttributeTests" name="ReturnsNull_WhenValueIsUnsupportedInternationalEmail" />
    </UnitTest>
    <UnitTest name="SGuard.DataAnnotations.Tests.Attributes.SGuardCompareAttributeTests.PasswordConfirmation_Success" storage="/home/runner/work/sguard.dataannotations/sguard.dataannotations/sguard.dataannotations.tests/bin/release/net8.0/sguard.dataannotations.tests.dll" id="a4f33591-7a3c-578a-9bbc-4bab9c2eb6fa">
      <Execution id="2dba1e43-3e1d-41a1-9549-b42464b2a576" />
      <TestMethod codeBase="/home/runner/work/SGuard.DataAnnotations/SGuard.DataAnnotations/SGuard.DataAnnotations.Tests/bin/Release/net8.0/SGuard.DataAnnotations.Tests.dll" adapterTypeName="executor://xunit/VsTestRunner3/netcore/" className="SGuard.DataAnnotations.Tests.Attributes.SGuardCompareAttributeTests" name="PasswordConfirmation_Success" />
    </UnitTest>
    <UnitTest name="SGuard.DataAnnotations.Tests.Attributes.SGuardMinCountAttributeTests.ReturnsError_WhenCollectionCountIsZeroAndMinIsGreaterThanZero" storage="/home/runner/work/sguard.dataannotations/sguard.dataannotations/sguard.dataannotations.tests/bin/release/net8.0/sguard.dataannotations.tests.dll" id="9bca95a5-a33d-a683-4344-4c17db026fa8">
      <Execution id="11871ade-addb-4b85-8aa3-16852f0977d9" />
      <TestMethod codeBase="/home/runner/work/SGuard.DataAnnotations/SGuard.DataAnnotations/SGuard.DataAnnotations.Tests/bin/Release/net8.0/SGuard.DataAnnotations.Tests.dll" adapterTypeName="executor://xunit/VsTestRunner3/netcore/" className="SGuard.DataAnnotations.Tests.Attributes.SGuardMinCountAttributeTests" name="ReturnsError_WhenCollectionCountIsZeroAndMinIsGreaterThanZero" />
    </UnitTest>
    <UnitTest name="SGuard.DataAnnotations.Tests.Attributes.SGuardCreditCardAttributeTests.ReturnsSuccess_WhenValueIsValidTestCreditCard(cardNumber: &quot;371449635398431&quot;)" storage="/home/runner/work/sguard.dataannotations/sguard.dataannotations/sguard.dataannotations.tests/bin/release/net8.0/sguard.dataannotations.tests.dll" id="4c1e9bff-f35f-1caa-f44a-f5d06b2960b8">
      <Execution id="a9f5687a-2705-4075-8960-cffbf3d5b56e" />
      <TestMethod codeBase="/home/runner/work/SGuard.DataAnnotations/SGuard.DataAnnotations/SGuard.DataAnnotations.Tests/bin/Release/net8.0/SGuard.DataAnnotations.Tests.dll" adapterTypeName="executor://xunit/VsTestRunner3/netcore/" className="SGuard.DataAnnotations.Tests.Attributes.SGuardCreditCardAttributeTests" name="ReturnsSuccess_WhenValueIsValidTestCreditCard" />
    </UnitTest>
    <UnitTest name="SGuard.DataAnnotations.Tests.DataAnnotation.ThrowIfTests.DataAnnotationsInValid_CallbackReceivesSuccessOnPass" storage="/home/runner/work/sguard.dataannotations/sguard.dataannotations/sguard.dataannotations.tests/bin/release/net8.0/sguard.dataannotations.tests.dll" id="1923b67c-2b64-459e-4f8d-07b0052405ab">
      <Execution id="153755cf-e8f2-40ae-93c5-60089118546a" />
      <TestMethod codeBase="/home/runner/work/SGuard.DataAnnotations/SGuard.DataAnnotations/SGuard.DataAnnotations.Tests/bin/Release/net8.0/SGuard.DataAnnotations.Tests.dll" adapterTypeName="executor://xunit/VsTestRunner3/netcore/" className="SGuard.DataAnnotations.Tests.DataAnnotation.ThrowIfTests" name="DataAnnotationsInValid_CallbackReceivesSuccessOnPass" />
    </UnitTest>
    <UnitTest name="SGuard.DataAnnotations.Tests.Attributes.SGuardEmailAddressAttributeTests.ReturnsSuccess_WhenValueIsCommonEmailProvider(email: &quot;user@live.com&quot;)" storage="/home/runner/work/sguard.dataannotations/sguard.dataannotations/sguard.dataannotations.tests/bin/release/net8.0/sguard.dataannotations.tests.dll" id="c00f8b42-d81e-9906-f39b-144ceb96f7a9">
      <Execution id="82dfe19f-2059-4591-b36c-54305bf882d7" />
      <TestMethod codeBase="/home/runner/work/SGuard.DataAnnotations/SGuard.DataAnnotations/SGuard.DataAnnotations.Tests/bin/Release/net8.0/SGuard.DataAnnotations.Tests.dll" adapterTypeName="executor://xunit/VsTestRunner3/netcore/" className="SGuard.DataAnnotations.Tests.Attributes.SGuardEmailAddressAttributeTests" name="ReturnsSuccess_WhenValueIsCommonEmailProvider" />
    </UnitTest>
    <UnitTest name="SGuard.DataAnnotations.Tests.Attributes.SGuardBetweenAttributeTests.HandlesEqualMinMaxValues_Inclusive" storage="/home/runner/work/sguard.dataannotations/sguard.dataannotations/sguard.dataannotations.tests/bin/release/net8.0/sguard.dataannotations.tests.dll" id="35e180e0-97c7-14cc-9717-39e2851aa539">
      <Execution id="45f1ea23-e954-401c-a804-69983bd0defe" />
      <TestMethod codeBase="/home/runner/work/SGuard.DataAnnotations/SGuard.DataAnnotations/SGuard.DataAnnotations.Tests/bin/Release/net8.0/SGuard.DataAnnotations.Tests.dll" adapterTypeName="executor://xunit/VsTestRunner3/netcore/" className="SGuard.DataAnnotations.Tests.Attributes.SGuardBetweenAttributeTests" name="HandlesEqualMinMaxValues_Inclusive" />
    </UnitTest>
    <UnitTest name="SGuard.DataAnnotations.Tests.Attributes.SGuardCreditCardAttributeTests.HandlesUnicodeDigits" storage="/home/runner/work/sguard.dataannotations/sguard.dataannotations/sguard.dataannotations.tests/bin/release/net8.0/sguard.dataannotations.tests.dll" id="7d8a176a-fa54-8051-a7f3-f108d795f3f4">
      <Execution id="37809c14-c7cd-4767-b545-29a41b82a418" />
      <TestMethod codeBase="/home/runner/work/SGuard.DataAnnotations/SGuard.DataAnnotations/SGuard.DataAnnotations.Tests/bin/Release/net8.0/SGuard.DataAnnotations.Tests.dll" adapterTypeName="executor://xunit/VsTestRunner3/netcore/" className="SGuard.DataAnnotations.Tests.Attributes.SGuardCreditCardAttributeTests" name="HandlesUnicodeDigits" />
    </UnitTest>
    <UnitTest name="SGuard.DataAnnotations.Tests.Attributes.SGuardCreditCardAttributeTests.ReturnsError_WhenValueIsObject" storage="/home/runner/work/sguard.dataannotations/sguard.dataannotations/sguard.dataannotations.tests/bin/release/net8.0/sguard.dataannotations.tests.dll" id="052730fe-db9b-61be-f772-e92a351113ec">
      <Execution id="89ec1efb-1142-4dd5-99fa-1382e4bb12d9" />
      <TestMethod codeBase="/home/runner/work/SGuard.DataAnnotations/SGuard.DataAnnotations/SGuard.DataAnnotations.Tests/bin/Release/net8.0/SGuard.DataAnnotations.Tests.dll" adapterTypeName="executor://xunit/VsTestRunner3/netcore/" className="SGuard.DataAnnotations.Tests.Attributes.SGuardCreditCardAttributeTests" name="ReturnsError_WhenValueIsObject" />
    </UnitTest>
    <UnitTest name="SGuard.DataAnnotations.Tests.Attributes.SGuardEmailAddressAttributeTests.ReturnsSuccess_WhenValueIsCommonEmailProvider(email: &quot;user@aol.com&quot;)" storage="/home/runner/work/sguard.dataannotations/sguard.dataannotations/sguard.dataannotations.tests/bin/release/net8.0/sguard.dataannotations.tests.dll" id="0c7ed41a-0fec-962f-fb03-8fb57bf9a0b3">
      <Execution id="ab479ce3-3b91-43cf-a101-4272b6201f25" />
      <TestMethod codeBase="/home/runner/work/SGuard.DataAnnotations/SGuard.DataAnnotations/SGuard.DataAnnotations.Tests/bin/Release/net8.0/SGuard.DataAnnotations.Tests.dll" adapterTypeName="executor://xunit/VsTestRunner3/netcore/" className="SGuard.DataAnnotations.Tests.Attributes.SGuardEmailAddressAttributeTests" name="ReturnsSuccess_WhenValueIsCommonEmailProvider" />
    </UnitTest>
    <UnitTest name="SGuard.DataAnnotations.Tests.DataAnnotation.ThrowIfTests.DataAnnotationsInValid_NullCallback_DoesNotThrow" storage="/home/runner/work/sguard.dataannotations/sguard.dataannotations/sguard.dataannotations.tests/bin/release/net8.0/sguard.dataannotations.tests.dll" id="eb281b4d-6a2a-646b-c915-1657012d455e">
      <Execution id="9e6c6d4a-3c32-4541-8aa2-bc5f4f056eb3" />
      <TestMethod codeBase="/home/runner/work/SGuard.DataAnnotations/SGuard.DataAnnotations/SGuard.DataAnnotations.Tests/bin/Release/net8.0/SGuard.DataAnnotations.Tests.dll" adapterTypeName="executor://xunit/VsTestRunner3/netcore/" className="SGuard.DataAnnotations.Tests.DataAnnotation.ThrowIfTests" name="DataAnnotationsInValid_NullCallback_DoesNotThrow" />
    </UnitTest>
    <UnitTest name="SGuard.DataAnnotations.Tests.Attributes.SGuardUrlAttributeTests.ReturnsSuccess_WhenValueIsNull" storage="/home/runner/work/sguard.dataannotations/sguard.dataannotations/sguard.dataannotations.tests/bin/release/net8.0/sguard.dataannotations.tests.dll" id="ae7b78f4-3e3e-6c1c-73b9-00f3b0a66446">
      <Execution id="5deee3cf-0744-47e5-a1a6-031c869a467e" />
      <TestMethod codeBase="/home/runner/work/SGuard.DataAnnotations/SGuard.DataAnnotations/SGuard.DataAnnotations.Tests/bin/Release/net8.0/SGuard.DataAnnotations.Tests.dll" adapterTypeName="executor://xunit/VsTestRunner3/netcore/" className="SGuard.DataAnnotations.Tests.Attributes.SGuardUrlAttributeTests" name="ReturnsSuccess_WhenValueIsNull" />
    </UnitTest>
    <UnitTest name="SGuard.DataAnnotations.Tests.Attributes.SGuardLessThanAttributeTests.ReturnsError_WhenOtherPropertyDoesNotExist" storage="/home/runner/work/sguard.dataannotations/sguard.dataannotations/sguard.dataannotations.tests/bin/release/net8.0/sguard.dataannotations.tests.dll" id="704f035e-345a-debb-839b-c97ef7751c63">
      <Execution id="0da97a73-c309-4533-9a52-59e4fdca227e" />
      <TestMethod codeBase="/home/runner/work/SGuard.DataAnnotations/SGuard.DataAnnotations/SGuard.DataAnnotations.Tests/bin/Release/net8.0/SGuard.DataAnnotations.Tests.dll" adapterTypeName="executor://xunit/VsTestRunner3/netcore/" className="SGuard.DataAnnotations.Tests.Attributes.SGuardLessThanAttributeTests" name="ReturnsError_WhenOtherPropertyDoesNotExist" />
    </UnitTest>
    <UnitTest name="SGuard.DataAnnotations.Tests.Attributes.SGuardCreditCardAttributeTests.ReturnsError_WhenValueIsTooShort" storage="/home/runner/work/sguard.dataannotations/sguard.dataannotations/sguard.dataannotations.tests/bin/release/net8.0/sguard.dataannotations.tests.dll" id="95ec617d-b08d-0649-afda-d3d7776231dc">
      <Execution id="9961d7c2-1fd4-4973-89c6-38e9f86f6de9" />
      <TestMethod codeBase="/home/runner/work/SGuard.DataAnnotations/SGuard.DataAnnotations/SGuard.DataAnnotations.Tests/bin/Release/net8.0/SGuard.DataAnnotations.Tests.dll" adapterTypeName="executor://xunit/VsTestRunner3/netcore/" className="SGuard.DataAnnotations.Tests.Attributes.SGuardCreditCardAttributeTests" name="ReturnsError_WhenValueIsTooShort" />
    </UnitTest>
    <UnitTest name="SGuard.DataAnnotations.Tests.Attributes.SGuardCompareAttributeTests.WorksWithDecimalValues" storage="/home/runner/work/sguard.dataannotations/sguard.dataannotations/sguard.dataannotations.tests/bin/release/net8.0/sguard.dataannotations.tests.dll" id="f37e4da3-55e9-bcbc-5daa-20e2f9ea9c73">
      <Execution id="46223e09-6e48-4e8f-aa8b-487b433f856c" />
      <TestMethod codeBase="/home/runner/work/SGuard.DataAnnotations/SGuard.DataAnnotations/SGuard.DataAnnotations.Tests/bin/Release/net8.0/SGuard.DataAnnotations.Tests.dll" adapterTypeName="executor://xunit/VsTestRunner3/netcore/" className="SGuard.DataAnnotations.Tests.Attributes.SGuardCompareAttributeTests" name="WorksWithDecimalValues" />
    </UnitTest>
    <UnitTest name="SGuard.DataAnnotations.Tests.Attributes.SGuardLessThanAttributeTests.ReturnsError_WhenValueIsGreaterThanOther" storage="/home/runner/work/sguard.dataannotations/sguard.dataannotations/sguard.dataannotations.tests/bin/release/net8.0/sguard.dataannotations.tests.dll" id="5096c926-13b1-b25c-0b95-818693baaf41">
      <Execution id="c2b542f0-a662-4f1b-819c-156bf407520e" />
      <TestMethod codeBase="/home/runner/work/SGuard.DataAnnotations/SGuard.DataAnnotations/SGuard.DataAnnotations.Tests/bin/Release/net8.0/SGuard.DataAnnotations.Tests.dll" adapterTypeName="executor://xunit/VsTestRunner3/netcore/" className="SGuard.DataAnnotations.Tests.Attributes.SGuardLessThanAttributeTests" name="ReturnsError_WhenValueIsGreaterThanOther" />
    </UnitTest>
    <UnitTest name="SGuard.DataAnnotations.Tests.DataAnnotation.IsTests.DataAnnotationsValid_NullCallback_DoesNotThrow" storage="/home/runner/work/sguard.dataannotations/sguard.dataannotations/sguard.dataannotations.tests/bin/release/net8.0/sguard.dataannotations.tests.dll" id="79e8e98c-62af-b136-4f32-eed7ea2d725d">
      <Execution id="61aa7464-8ae2-4c1d-aed1-e18ae478c3c8" />
      <TestMethod codeBase="/home/runner/work/SGuard.DataAnnotations/SGuard.DataAnnotations/SGuard.DataAnnotations.Tests/bin/Release/net8.0/SGuard.DataAnnotations.Tests.dll" adapterTypeName="executor://xunit/VsTestRunner3/netcore/" className="SGuard.DataAnnotations.Tests.DataAnnotation.IsTests" name="DataAnnotationsValid_NullCallback_DoesNotThrow" />
    </UnitTest>
    <UnitTest name="SGuard.DataAnnotations.Tests.Attributes.SGuardCompareAttributeTests.ReturnsError_WhenEmptyStringComparedToNull" storage="/home/runner/work/sguard.dataannotations/sguard.dataannotations/sguard.dataannotations.tests/bin/release/net8.0/sguard.dataannotations.tests.dll" id="9f46c073-ddef-8b94-cb56-edd20a0d1dcb">
      <Execution id="ffc1a3ad-bea4-4d6f-848c-978c03138172" />
      <TestMethod codeBase="/home/runner/work/SGuard.DataAnnotations/SGuard.DataAnnotations/SGuard.DataAnnotations.Tests/bin/Release/net8.0/SGuard.DataAnnotations.Tests.dll" adapterTypeName="executor://xunit/VsTestRunner3/netcore/" className="SGuard.DataAnnotations.Tests.Attributes.SGuardCompareAttributeTests" name="ReturnsError_WhenEmptyStringComparedToNull" />
    </UnitTest>
    <UnitTest name="SGuard.DataAnnotations.Tests.Attributes.SGuardMinLengthAttributeTests.ReturnsLocalizedErrorMessage_WhenCultureIsSetToTurkish" storage="/home/runner/work/sguard.dataannotations/sguard.dataannotations/sguard.dataannotations.tests/bin/release/net8.0/sguard.dataannotations.tests.dll" id="052fbaf2-ac23-e86c-59a1-da3094f996ac">
      <Execution id="650ba3d6-a156-48ec-81d3-02520716ee19" />
      <TestMethod codeBase="/home/runner/work/SGuard.DataAnnotations/SGuard.DataAnnotations/SGuard.DataAnnotations.Tests/bin/Release/net8.0/SGuard.DataAnnotations.Tests.dll" adapterTypeName="executor://xunit/VsTestRunner3/netcore/" className="SGuard.DataAnnotations.Tests.Attributes.SGuardMinLengthAttributeTests" name="ReturnsLocalizedErrorMessage_WhenCultureIsSetToTurkish" />
    </UnitTest>
    <UnitTest name="SGuard.DataAnnotations.Tests.Attributes.SGuardLessThanAttributeTests.ReturnsError_WhenValueIsEqualToOther" storage="/home/runner/work/sguard.dataannotations/sguard.dataannotations/sguard.dataannotations.tests/bin/release/net8.0/sguard.dataannotations.tests.dll" id="c217cd52-6433-05a1-a077-a582de5aaa62">
      <Execution id="256cddd3-0866-4fa8-be4c-2c0b9afa09eb" />
      <TestMethod codeBase="/home/runner/work/SGuard.DataAnnotations/SGuard.DataAnnotations/SGuard.DataAnnotations.Tests/bin/Release/net8.0/SGuard.DataAnnotations.Tests.dll" adapterTypeName="executor://xunit/VsTestRunner3/netcore/" className="SGuard.DataAnnotations.Tests.Attributes.SGuardLessThanAttributeTests" name="ReturnsError_WhenValueIsEqualToOther" />
    </UnitTest>
    <UnitTest name="SGuard.DataAnnotations.Tests.Attributes.SGuardCreditCardAttributeTests.ReturnsError_WhenLuhnChecksumFails" storage="/home/runner/work/sguard.dataannotations/sguard.dataannotations/sguard.dataannotations.tests/bin/release/net8.0/sguard.dataannotations.tests.dll" id="eeba8c98-cf03-8526-2da6-dee16fbaef49">
      <Execution id="5e6e6707-d1d7-44e1-b833-153ec37d8677" />
      <TestMethod codeBase="/home/runner/work/SGuard.DataAnnotations/SGuard.DataAnnotations/SGuard.DataAnnotations.Tests/bin/Release/net8.0/SGuard.DataAnnotations.Tests.dll" adapterTypeName="executor://xunit/VsTestRunner3/netcore/" className="SGuard.DataAnnotations.Tests.Attributes.SGuardCreditCardAttributeTests" name="ReturnsError_WhenLuhnChecksumFails" />
    </UnitTest>
    <UnitTest name="SGuard.DataAnnotations.Tests.Attributes.SGuardEmailAddressAttributeTests.ReturnsError_WhenValueIsEmpty" storage="/home/runner/work/sguard.dataannotations/sguard.dataannotations/sguard.dataannotations.tests/bin/release/net8.0/sguard.dataannotations.tests.dll" id="cce1e892-556c-9cd2-ed64-426f363a29c2">
      <Execution id="02a217f2-b561-4b3c-a53f-77323dbea8f2" />
      <TestMethod codeBase="/home/runner/work/SGuard.DataAnnotations/SGuard.DataAnnotations/SGuard.DataAnnotations.Tests/bin/Release/net8.0/SGuard.DataAnnotations.Tests.dll" adapterTypeName="executor://xunit/VsTestRunner3/netcore/" className="SGuard.DataAnnotations.Tests.Attributes.SGuardEmailAddressAttributeTests" name="ReturnsError_WhenValueIsEmpty" />
    </UnitTest>
    <UnitTest name="SGuard.DataAnnotations.Tests.Attributes.SGuardCreditCardAttributeTests.ReturnsError_WhenValueIsTooLong" storage="/home/runner/work/sguard.dataannotations/sguard.dataannotations/sguard.dataannotations.tests/bin/release/net8.0/sguard.dataannotations.tests.dll" id="b6ca7894-434a-5884-55a8-7095b45f842e">
      <Execution id="d2b73eaf-9a7b-44b6-add9-6f3de035c142" />
      <TestMethod codeBase="/home/runner/work/SGuard.DataAnnotations/SGuard.DataAnnotations/SGuard.DataAnnotations.Tests/bin/Release/net8.0/SGuard.DataAnnotations.Tests.dll" adapterTypeName="executor://xunit/VsTestRunner3/netcore/" className="SGuard.DataAnnotations.Tests.Attributes.SGuardCreditCardAttributeTests" name="ReturnsError_WhenValueIsTooLong" />
    </UnitTest>
    <UnitTest name="SGuard.DataAnnotations.Tests.Attributes.SGuardCreditCardAttributeTests.ReturnsSuccess_WhenValueIsValidVisaElectron" storage="/home/runner/work/sguard.dataannotations/sguard.dataannotations/sguard.dataannotations.tests/bin/release/net8.0/sguard.dataannotations.tests.dll" id="e39385cb-7542-4440-d38b-996237c21332">
      <Execution id="fb87c6b7-dfa8-4684-aee3-2024a6c6a48b" />
      <TestMethod codeBase="/home/runner/work/SGuard.DataAnnotations/SGuard.DataAnnotations/SGuard.DataAnnotations.Tests/bin/Release/net8.0/SGuard.DataAnnotations.Tests.dll" adapterTypeName="executor://xunit/VsTestRunner3/netcore/" className="SGuard.DataAnnotations.Tests.Attributes.SGuardCreditCardAttributeTests" name="ReturnsSuccess_WhenValueIsValidVisaElectron" />
    </UnitTest>
    <UnitTest name="SGuard.DataAnnotations.Tests.Attributes.SGuardEmailAddressAttributeTests.ReturnsSuccess_WhenValueIsCommonEmailProvider(email: &quot;user@outlook.com&quot;)" storage="/home/runner/work/sguard.dataannotations/sguard.dataannotations/sguard.dataannotations.tests/bin/release/net8.0/sguard.dataannotations.tests.dll" id="975bc213-2c75-b935-523b-90e6664204c5">
      <Execution id="f952c796-8fb1-4c4d-bab2-8ad28a5f749c" />
      <TestMethod codeBase="/home/runner/work/SGuard.DataAnnotations/SGuard.DataAnnotations/SGuard.DataAnnotations.Tests/bin/Release/net8.0/SGuard.DataAnnotations.Tests.dll" adapterTypeName="executor://xunit/VsTestRunner3/netcore/" className="SGuard.DataAnnotations.Tests.Attributes.SGuardEmailAddressAttributeTests" name="ReturnsSuccess_WhenValueIsCommonEmailProvider" />
    </UnitTest>
    <UnitTest name="SGuard.DataAnnotations.Tests.Attributes.SGuardRangeAttributeTests.ReturnsError_WhenDoubleValueIsAboveRange" storage="/home/runner/work/sguard.dataannotations/sguard.dataannotations/sguard.dataannotations.tests/bin/release/net8.0/sguard.dataannotations.tests.dll" id="a063e64e-d50e-1771-6f88-589c60e56cda">
      <Execution id="ed1baa79-e6ce-4f27-8b6c-b2d952b5ba70" />
      <TestMethod codeBase="/home/runner/work/SGuard.DataAnnotations/SGuard.DataAnnotations/SGuard.DataAnnotations.Tests/bin/Release/net8.0/SGuard.DataAnnotations.Tests.dll" adapterTypeName="executor://xunit/VsTestRunner3/netcore/" className="SGuard.DataAnnotations.Tests.Attributes.SGuardRangeAttributeTests" name="ReturnsError_WhenDoubleValueIsAboveRange" />
    </UnitTest>
    <UnitTest name="SGuard.DataAnnotations.Tests.Attributes.SGuardEmailAddressAttributeTests.ReturnsSuccess_WhenValueIsNull" storage="/home/runner/work/sguard.dataannotations/sguard.dataannotations/sguard.dataannotations.tests/bin/release/net8.0/sguard.dataannotations.tests.dll" id="c8060d6c-aa6d-6e47-880e-f4a8c7da66ac">
      <Execution id="687f20c3-331b-427a-93b6-575b64b79645" />
      <TestMethod codeBase="/home/runner/work/SGuard.DataAnnotations/SGuard.DataAnnotations/SGuard.DataAnnotations.Tests/bin/Release/net8.0/SGuard.DataAnnotations.Tests.dll" adapterTypeName="executor://xunit/VsTestRunner3/netcore/" className="SGuard.DataAnnotations.Tests.Attributes.SGuardEmailAddressAttributeTests" name="ReturnsSuccess_WhenValueIsNull" />
    </UnitTest>
    <UnitTest name="SGuard.DataAnnotations.Tests.Attributes.SGuardBetweenAttributeTests.ReturnsLocalizedErrorMessage_WhenCultureIsSet(culture: &quot;fr&quot;)" storage="/home/runner/work/sguard.dataannotations/sguard.dataannotations/sguard.dataannotations.tests/bin/release/net8.0/sguard.dataannotations.tests.dll" id="ba1a9dfc-528d-6e50-f61f-11a1db790f96">
      <Execution id="79c4e7ff-8599-4597-a405-55d4ad720f4b" />
      <TestMethod codeBase="/home/runner/work/SGuard.DataAnnotations/SGuard.DataAnnotations/SGuard.DataAnnotations.Tests/bin/Release/net8.0/SGuard.DataAnnotations.Tests.dll" adapterTypeName="executor://xunit/VsTestRunner3/netcore/" className="SGuard.DataAnnotations.Tests.Attributes.SGuardBetweenAttributeTests" name="ReturnsLocalizedErrorMessage_WhenCultureIsSet" />
    </UnitTest>
    <UnitTest name="SGuard.DataAnnotations.Tests.Attributes.SGuardBetweenAttributeTests.WorksWithDateTimeValues_Inclusive" storage="/home/runner/work/sguard.dataannotations/sguard.dataannotations/sguard.dataannotations.tests/bin/release/net8.0/sguard.dataannotations.tests.dll" id="1e1dce66-ffc3-e974-fca9-ab0825641ba8">
      <Execution id="85a8d5c6-b45f-49eb-bd21-032ef3a5f51a" />
      <TestMethod codeBase="/home/runner/work/SGuard.DataAnnotations/SGuard.DataAnnotations/SGuard.DataAnnotations.Tests/bin/Release/net8.0/SGuard.DataAnnotations.Tests.dll" adapterTypeName="executor://xunit/VsTestRunner3/netcore/" className="SGuard.DataAnnotations.Tests.Attributes.SGuardBetweenAttributeTests" name="WorksWithDateTimeValues_Inclusive" />
    </UnitTest>
    <UnitTest name="SGuard.DataAnnotations.Tests.Attributes.SGuardRangeAttributeTests.ThrowsArgumentNullException_WhenResourceTypeIsNull" storage="/home/runner/work/sguard.dataannotations/sguard.dataannotations/sguard.dataannotations.tests/bin/release/net8.0/sguard.dataannotations.tests.dll" id="470fb097-9a54-a344-e7af-6f2c0d1e77b6">
      <Execution id="3191f5e8-1548-4fe3-9673-0c9f3c8444df" />
      <TestMethod codeBase="/home/runner/work/SGuard.DataAnnotations/SGuard.DataAnnotations/SGuard.DataAnnotations.Tests/bin/Release/net8.0/SGuard.DataAnnotations.Tests.dll" adapterTypeName="executor://xunit/VsTestRunner3/netcore/" className="SGuard.DataAnnotations.Tests.Attributes.SGuardRangeAttributeTests" name="ThrowsArgumentNullException_WhenResourceTypeIsNull" />
    </UnitTest>
    <UnitTest name="SGuard.DataAnnotations.Tests.Attributes.SGuardCreditCardAttributeTests.ReturnsSuccess_WhenValueIsValidTestCreditCard(cardNumber: &quot;378282246310005&quot;)" storage="/home/runner/work/sguard.dataannotations/sguard.dataannotations/sguard.dataannotations.tests/bin/release/net8.0/sguard.dataannotations.tests.dll" id="18611a79-282d-65c0-3de9-f03975e1e6ec">
      <Execution id="2025e54b-87b0-4f16-8fc6-b1880ac0b61a" />
      <TestMethod codeBase="/home/runner/work/SGuard.DataAnnotations/SGuard.DataAnnotations/SGuard.DataAnnotations.Tests/bin/Release/net8.0/SGuard.DataAnnotations.Tests.dll" adapterTypeName="executor://xunit/VsTestRunner3/netcore/" className="SGuard.DataAnnotations.Tests.Attributes.SGuardCreditCardAttributeTests" name="ReturnsSuccess_WhenValueIsValidTestCreditCard" />
    </UnitTest>
    <UnitTest name="SGuard.DataAnnotations.Tests.Attributes.SGuardCompareAttributeTests.ReturnsLocalizedErrorMessage_WhenCultureIsSet(culture: &quot;de&quot;)" storage="/home/runner/work/sguard.dataannotations/sguard.dataannotations/sguard.dataannotations.tests/bin/release/net8.0/sguard.dataannotations.tests.dll" id="56861c5d-39e6-3ef1-24f6-45f32a97656f">
      <Execution id="5b734497-92a4-4f86-9160-a85a555535e7" />
      <TestMethod codeBase="/home/runner/work/SGuard.DataAnnotations/SGuard.DataAnnotations/SGuard.DataAnnotations.Tests/bin/Release/net8.0/SGuard.DataAnnotations.Tests.dll" adapterTypeName="executor://xunit/VsTestRunner3/netcore/" className="SGuard.DataAnnotations.Tests.Attributes.SGuardCompareAttributeTests" name="ReturnsLocalizedErrorMessage_WhenCultureIsSet" />
    </UnitTest>
    <UnitTest name="SGuard.DataAnnotations.Tests.Attributes.SGuardCreditCardAttributeTests.ReturnsError_WhenValueIsInvalidTestCreditCard(cardNumber: &quot;6011111111111116&quot;)" storage="/home/runner/work/sguard.dataannotations/sguard.dataannotations/sguard.dataannotations.tests/bin/release/net8.0/sguard.dataannotations.tests.dll" id="734c5808-49eb-8ed1-25f3-61160bef48bd">
      <Execution id="f28b6353-fd35-474d-9ead-e0f43dcb7a7c" />
      <TestMethod codeBase="/home/runner/work/SGuard.DataAnnotations/SGuard.DataAnnotations/SGuard.DataAnnotations.Tests/bin/Release/net8.0/SGuard.DataAnnotations.Tests.dll" adapterTypeName="executor://xunit/VsTestRunner3/netcore/" className="SGuard.DataAnnotations.Tests.Attributes.SGuardCreditCardAttributeTests" name="ReturnsError_WhenValueIsInvalidTestCreditCard" />
    </UnitTest>
    <UnitTest name="SGuard.DataAnnotations.Tests.Attributes.SGuardBetweenAttributeTests.HandlesLargeNumbers_Inclusive" storage="/home/runner/work/sguard.dataannotations/sguard.dataannotations/sguard.dataannotations.tests/bin/release/net8.0/sguard.dataannotations.tests.dll" id="e155cf08-d288-7aa5-799b-063b0b43ec53">
      <Execution id="761cd63c-504b-4faa-b203-e8d272db93b7" />
      <TestMethod codeBase="/home/runner/work/SGuard.DataAnnotations/SGuard.DataAnnotations/SGuard.DataAnnotations.Tests/bin/Release/net8.0/SGuard.DataAnnotations.Tests.dll" adapterTypeName="executor://xunit/VsTestRunner3/netcore/" className="SGuard.DataAnnotations.Tests.Attributes.SGuardBetweenAttributeTests" name="HandlesLargeNumbers_Inclusive" />
    </UnitTest>
    <UnitTest name="SGuard.DataAnnotations.Tests.Attributes.SGuardMaxLengthAttributeTests.ReturnsError_WhenStringIsLongerThanMaxLength" storage="/home/runner/work/sguard.dataannotations/sguard.dataannotations/sguard.dataannotations.tests/bin/release/net8.0/sguard.dataannotations.tests.dll" id="181598e2-c6b1-2784-b176-289e525b0b8a">
      <Execution id="ce92b715-6d9f-48de-8824-fc3718cd0a54" />
      <TestMethod codeBase="/home/runner/work/SGuard.DataAnnotations/SGuard.DataAnnotations/SGuard.DataAnnotations.Tests/bin/Release/net8.0/SGuard.DataAnnotations.Tests.dll" adapterTypeName="executor://xunit/VsTestRunner3/netcore/" className="SGuard.DataAnnotations.Tests.Attributes.SGuardMaxLengthAttributeTests" name="ReturnsError_WhenStringIsLongerThanMaxLength" />
    </UnitTest>
    <UnitTest name="SGuard.DataAnnotations.Tests.Attributes.SGuardPhoneAttributeTests.ThrowsArgumentNullException_WhenResourceNameIsNull" storage="/home/runner/work/sguard.dataannotations/sguard.dataannotations/sguard.dataannotations.tests/bin/release/net8.0/sguard.dataannotations.tests.dll" id="9bd00603-596a-036f-3eff-e8840deb4fcd">
      <Execution id="6fa56c96-5ae4-4028-ac6a-6e36a19c4055" />
      <TestMethod codeBase="/home/runner/work/SGuard.DataAnnotations/SGuard.DataAnnotations/SGuard.DataAnnotations.Tests/bin/Release/net8.0/SGuard.DataAnnotations.Tests.dll" adapterTypeName="executor://xunit/VsTestRunner3/netcore/" className="SGuard.DataAnnotations.Tests.Attributes.SGuardPhoneAttributeTests" name="ThrowsArgumentNullException_WhenResourceNameIsNull" />
    </UnitTest>
    <UnitTest name="SGuard.DataAnnotations.Tests.Attributes.SGuardRequiredCollectionAttributeTests.ReturnsSuccess_WhenArrayIsNotEmpty" storage="/home/runner/work/sguard.dataannotations/sguard.dataannotations/sguard.dataannotations.tests/bin/release/net8.0/sguard.dataannotations.tests.dll" id="c288fc59-5974-71dd-f0f6-35705401b65d">
      <Execution id="25b85d85-201f-42a1-bf2a-39b85d3b3c96" />
      <TestMethod codeBase="/home/runner/work/SGuard.DataAnnotations/SGuard.DataAnnotations/SGuard.DataAnnotations.Tests/bin/Release/net8.0/SGuard.DataAnnotations.Tests.dll" adapterTypeName="executor://xunit/VsTestRunner3/netcore/" className="SGuard.DataAnnotations.Tests.Attributes.SGuardRequiredCollectionAttributeTests" name="ReturnsSuccess_WhenArrayIsNotEmpty" />
    </UnitTest>
    <UnitTest name="SGuard.DataAnnotations.Tests.Attributes.SGuardEmailAddressAttributeTests.ReturnsError_WhenValueIsInvalidEmailFormat(email: &quot;plainaddress&quot;)" storage="/home/runner/work/sguard.dataannotations/sguard.dataannotations/sguard.dataannotations.tests/bin/release/net8.0/sguard.dataannotations.tests.dll" id="772b2092-330c-2343-8fce-944ea8746573">
      <Execution id="48f7ddad-75cb-4d22-8037-a453afca6057" />
      <TestMethod codeBase="/home/runner/work/SGuard.DataAnnotations/SGuard.DataAnnotations/SGuard.DataAnnotations.Tests/bin/Release/net8.0/SGuard.DataAnnotations.Tests.dll" adapterTypeName="executor://xunit/VsTestRunner3/netcore/" className="SGuard.DataAnnotations.Tests.Attributes.SGuardEmailAddressAttributeTests" name="ReturnsError_WhenValueIsInvalidEmailFormat" />
    </UnitTest>
    <UnitTest name="SGuard.DataAnnotations.Tests.Attributes.SGuardEmailAddressAttributeTests.SupportsMultipleAttributes_OnSameProperty" storage="/home/runner/work/sguard.dataannotations/sguard.dataannotations/sguard.dataannotations.tests/bin/release/net8.0/sguard.dataannotations.tests.dll" id="7a45e5b4-b37c-dd0d-42d4-b89ff4a76390">
      <Execution id="bb0c368f-71a9-4bc9-bbef-a0764cdba3b2" />
      <TestMethod codeBase="/home/runner/work/SGuard.DataAnnotations/SGuard.DataAnnotations/SGuard.DataAnnotations.Tests/bin/Release/net8.0/SGuard.DataAnnotations.Tests.dll" adapterTypeName="executor://xunit/VsTestRunner3/netcore/" className="SGuard.DataAnnotations.Tests.Attributes.SGuardEmailAddressAttributeTests" name="SupportsMultipleAttributes_OnSameProperty" />
    </UnitTest>
    <UnitTest name="SGuard.DataAnnotations.Tests.Attributes.SGuardCreditCardAttributeTests.ReturnsSuccess_WhenValueHasDashes" storage="/home/runner/work/sguard.dataannotations/sguard.dataannotations/sguard.dataannotations.tests/bin/release/net8.0/sguard.dataannotations.tests.dll" id="0bc4453e-2c79-f8e9-bf2d-cc45da7340c2">
      <Execution id="2a998467-2e77-477e-a224-6ff8073a891f" />
      <TestMethod codeBase="/home/runner/work/SGuard.DataAnnotations/SGuard.DataAnnotations/SGuard.DataAnnotations.Tests/bin/Release/net8.0/SGuard.DataAnnotations.Tests.dll" adapterTypeName="executor://xunit/VsTestRunner3/netcore/" className="SGuard.DataAnnotations.Tests.Attributes.SGuardCreditCardAttributeTests" name="ReturnsSuccess_WhenValueHasDashes" />
    </UnitTest>
    <UnitTest name="SGuard.DataAnnotations.Tests.DataAnnotation.IsTests.DataAnnotationsValid_InvalidObject_ReturnsFalse" storage="/home/runner/work/sguard.dataannotations/sguard.dataannotations/sguard.dataannotations.tests/bin/release/net8.0/sguard.dataannotations.tests.dll" id="cad8a71e-9ec3-0cfe-ecda-314fd7839d3f">
      <Execution id="fbf86fc1-0662-4798-a845-5ce48ece3f5d" />
      <TestMethod codeBase="/home/runner/work/SGuard.DataAnnotations/SGuard.DataAnnotations/SGuard.DataAnnotations.Tests/bin/Release/net8.0/SGuard.DataAnnotations.Tests.dll" adapterTypeName="executor://xunit/VsTestRunner3/netcore/" className="SGuard.DataAnnotations.Tests.DataAnnotation.IsTests" name="DataAnnotationsValid_InvalidObject_ReturnsFalse" />
    </UnitTest>
    <UnitTest name="SGuard.DataAnnotations.Tests.Attributes.SGuardCreditCardAttributeTests.ReturnsSuccess_WhenValueIsValidTestCreditCard(cardNumber: &quot;4000000000000002&quot;)" storage="/home/runner/work/sguard.dataannotations/sguard.dataannotations/sguard.dataannotations.tests/bin/release/net8.0/sguard.dataannotations.tests.dll" id="fc0a9000-97df-f708-4c59-7870abf02ad0">
      <Execution id="49dafe2d-48ef-44e6-ba52-d34bdbcaa08a" />
      <TestMethod codeBase="/home/runner/work/SGuard.DataAnnotations/SGuard.DataAnnotations/SGuard.DataAnnotations.Tests/bin/Release/net8.0/SGuard.DataAnnotations.Tests.dll" adapterTypeName="executor://xunit/VsTestRunner3/netcore/" className="SGuard.DataAnnotations.Tests.Attributes.SGuardCreditCardAttributeTests" name="ReturnsSuccess_WhenValueIsValidTestCreditCard" />
    </UnitTest>
    <UnitTest name="SGuard.DataAnnotations.Tests.Attributes.SGuardCompareAttributeTests.Constructor_ThrowsArgumentNullException_WhenResourceNameIsNull" storage="/home/runner/work/sguard.dataannotations/sguard.dataannotations/sguard.dataannotations.tests/bin/release/net8.0/sguard.dataannotations.tests.dll" id="7a5db8a3-e11e-bc10-b975-f9ae0bd96417">
      <Execution id="dde36501-003b-490e-b8f1-b6c04d8fdb82" />
      <TestMethod codeBase="/home/runner/work/SGuard.DataAnnotations/SGuard.DataAnnotations/SGuard.DataAnnotations.Tests/bin/Release/net8.0/SGuard.DataAnnotations.Tests.dll" adapterTypeName="executor://xunit/VsTestRunner3/netcore/" className="SGuard.DataAnnotations.Tests.Attributes.SGuardCompareAttributeTests" name="Constructor_ThrowsArgumentNullException_WhenResourceNameIsNull" />
    </UnitTest>
    <UnitTest name="SGuard.DataAnnotations.Tests.Attributes.SGuardPhoneAttributeTests.ThrowsArgumentNullException_WhenResourceTypeIsNull" storage="/home/runner/work/sguard.dataannotations/sguard.dataannotations/sguard.dataannotations.tests/bin/release/net8.0/sguard.dataannotations.tests.dll" id="5a21f228-0b6a-afc8-022e-c647ad676449">
      <Execution id="5e001b77-7c51-4496-8789-f4ec64bfac5c" />
      <TestMethod codeBase="/home/runner/work/SGuard.DataAnnotations/SGuard.DataAnnotations/SGuard.DataAnnotations.Tests/bin/Release/net8.0/SGuard.DataAnnotations.Tests.dll" adapterTypeName="executor://xunit/VsTestRunner3/netcore/" className="SGuard.DataAnnotations.Tests.Attributes.SGuardPhoneAttributeTests" name="ThrowsArgumentNullException_WhenResourceTypeIsNull" />
    </UnitTest>
    <UnitTest name="SGuard.DataAnnotations.Tests.Attributes.SGuardCompareAttributeTests.ReturnsLocalizedErrorMessage_WhenCultureIsSet(culture: &quot;ru&quot;)" storage="/home/runner/work/sguard.dataannotations/sguard.dataannotations/sguard.dataannotations.tests/bin/release/net8.0/sguard.dataannotations.tests.dll" id="83224292-1ad2-5a31-0125-83f3c1a60c2f">
      <Execution id="cc622232-18e8-4d97-b135-544fcf9bf52a" />
      <TestMethod codeBase="/home/runner/work/SGuard.DataAnnotations/SGuard.DataAnnotations/SGuard.DataAnnotations.Tests/bin/Release/net8.0/SGuard.DataAnnotations.Tests.dll" adapterTypeName="executor://xunit/VsTestRunner3/netcore/" className="SGuard.DataAnnotations.Tests.Attributes.SGuardCompareAttributeTests" name="ReturnsLocalizedErrorMessage_WhenCultureIsSet" />
    </UnitTest>
    <UnitTest name="SGuard.DataAnnotations.Tests.Attributes.SGuardGreaterThanAttributeTests.ReturnsError_WhenOtherPropertyDoesNotExist" storage="/home/runner/work/sguard.dataannotations/sguard.dataannotations/sguard.dataannotations.tests/bin/release/net8.0/sguard.dataannotations.tests.dll" id="a3825ee6-ad0d-4819-be97-b9185bfa2c06">
      <Execution id="b0dbf86c-f304-4c12-be96-eec11e303ee5" />
      <TestMethod codeBase="/home/runner/work/SGuard.DataAnnotations/SGuard.DataAnnotations/SGuard.DataAnnotations.Tests/bin/Release/net8.0/SGuard.DataAnnotations.Tests.dll" adapterTypeName="executor://xunit/VsTestRunner3/netcore/" className="SGuard.DataAnnotations.Tests.Attributes.SGuardGreaterThanAttributeTests" name="ReturnsError_WhenOtherPropertyDoesNotExist" />
    </UnitTest>
    <UnitTest name="SGuard.DataAnnotations.Tests.DataAnnotation.ThrowIfTests.DataAnnotationsInValid_CallbackReceivesFailureOnThrow" storage="/home/runner/work/sguard.dataannotations/sguard.dataannotations/sguard.dataannotations.tests/bin/release/net8.0/sguard.dataannotations.tests.dll" id="0a2061b9-9d3d-341f-4524-2ebf8f36de0f">
      <Execution id="00161782-180b-429e-bcd7-f3df87ec8fb2" />
      <TestMethod codeBase="/home/runner/work/SGuard.DataAnnotations/SGuard.DataAnnotations/SGuard.DataAnnotations.Tests/bin/Release/net8.0/SGuard.DataAnnotations.Tests.dll" adapterTypeName="executor://xunit/VsTestRunner3/netcore/" className="SGuard.DataAnnotations.Tests.DataAnnotation.ThrowIfTests" name="DataAnnotationsInValid_CallbackReceivesFailureOnThrow" />
    </UnitTest>
    <UnitTest name="SGuard.DataAnnotations.Tests.Attributes.SGuardCreditCardAttributeTests.ReturnsSuccess_WhenValueIsEmpty" storage="/home/runner/work/sguard.dataannotations/sguard.dataannotations/sguard.dataannotations.tests/bin/release/net8.0/sguard.dataannotations.tests.dll" id="07fcde81-a5d2-9bc2-a2d7-57e55070e45d">
      <Execution id="7b78d462-db47-45f4-a14b-b9d3242e3e97" />
      <TestMethod codeBase="/home/runner/work/SGuard.DataAnnotations/SGuard.DataAnnotations/SGuard.DataAnnotations.Tests/bin/Release/net8.0/SGuard.DataAnnotations.Tests.dll" adapterTypeName="executor://xunit/VsTestRunner3/netcore/" className="SGuard.DataAnnotations.Tests.Attributes.SGuardCreditCardAttributeTests" name="ReturnsSuccess_WhenValueIsEmpty" />
    </UnitTest>
    <UnitTest name="SGuard.DataAnnotations.Tests.Attributes.SGuardMinCountAttributeTests.ReturnsError_WhenListCountIsLessThanMin" storage="/home/runner/work/sguard.dataannotations/sguard.dataannotations/sguard.dataannotations.tests/bin/release/net8.0/sguard.dataannotations.tests.dll" id="1c75a966-0b82-9661-4f03-80de50e87f33">
      <Execution id="0ed474fb-ab8b-4920-935f-6d2494e6f64e" />
      <TestMethod codeBase="/home/runner/work/SGuard.DataAnnotations/SGuard.DataAnnotations/SGuard.DataAnnotations.Tests/bin/Release/net8.0/SGuard.DataAnnotations.Tests.dll" adapterTypeName="executor://xunit/VsTestRunner3/netcore/" className="SGuard.DataAnnotations.Tests.Attributes.SGuardMinCountAttributeTests" name="ReturnsError_WhenListCountIsLessThanMin" />
    </UnitTest>
    <UnitTest name="SGuard.DataAnnotations.Tests.Attributes.SGuardRequiredIfAttributeTests.ReturnsSuccess_WhenConditionNotMet" storage="/home/runner/work/sguard.dataannotations/sguard.dataannotations/sguard.dataannotations.tests/bin/release/net8.0/sguard.dataannotations.tests.dll" id="0fe6f63a-5577-4d32-ed2e-e8f9f731ea28">
      <Execution id="a8b3b1c5-d10f-4535-9627-ed6736c7a508" />
      <TestMethod codeBase="/home/runner/work/SGuard.DataAnnotations/SGuard.DataAnnotations/SGuard.DataAnnotations.Tests/bin/Release/net8.0/SGuard.DataAnnotations.Tests.dll" adapterTypeName="executor://xunit/VsTestRunner3/netcore/" className="SGuard.DataAnnotations.Tests.Attributes.SGuardRequiredIfAttributeTests" name="ReturnsSuccess_WhenConditionNotMet" />
    </UnitTest>
    <UnitTest name="SGuard.DataAnnotations.Tests.Attributes.SGuardLessThanAttributeTests.ReturnsLocalizedErrorMessage_WhenCultureIsSetToTurkish" storage="/home/runner/work/sguard.dataannotations/sguard.dataannotations/sguard.dataannotations.tests/bin/release/net8.0/sguard.dataannotations.tests.dll" id="db6b1d5f-acf0-e056-417a-53af7ddfd69f">
      <Execution id="53f09e81-e6fd-4546-9f82-1954a74ed18c" />
      <TestMethod codeBase="/home/runner/work/SGuard.DataAnnotations/SGuard.DataAnnotations/SGuard.DataAnnotations.Tests/bin/Release/net8.0/SGuard.DataAnnotations.Tests.dll" adapterTypeName="executor://xunit/VsTestRunner3/netcore/" className="SGuard.DataAnnotations.Tests.Attributes.SGuardLessThanAttributeTests" name="ReturnsLocalizedErrorMessage_WhenCultureIsSetToTurkish" />
    </UnitTest>
    <UnitTest name="SGuard.DataAnnotations.Tests.Attributes.SGuardLessThanAttributeTests.ReturnsSuccess_WhenValueIsLessThanOther" storage="/home/runner/work/sguard.dataannotations/sguard.dataannotations/sguard.dataannotations.tests/bin/release/net8.0/sguard.dataannotations.tests.dll" id="9aac4807-4daa-bbfa-7299-7e6fd8331b3a">
      <Execution id="613ac784-f552-4a50-af4c-4a05cec09d0f" />
      <TestMethod codeBase="/home/runner/work/SGuard.DataAnnotations/SGuard.DataAnnotations/SGuard.DataAnnotations.Tests/bin/Release/net8.0/SGuard.DataAnnotations.Tests.dll" adapterTypeName="executor://xunit/VsTestRunner3/netcore/" className="SGuard.DataAnnotations.Tests.Attributes.SGuardLessThanAttributeTests" name="ReturnsSuccess_WhenValueIsLessThanOther" />
    </UnitTest>
    <UnitTest name="SGuard.DataAnnotations.Tests.Attributes.SGuardBetweenAttributeTests.ReturnsLocalizedErrorMessage_WhenCultureIsSet(culture: &quot;ru&quot;)" storage="/home/runner/work/sguard.dataannotations/sguard.dataannotations/sguard.dataannotations.tests/bin/release/net8.0/sguard.dataannotations.tests.dll" id="41a84c1e-5a9a-50f8-afd2-e1d1876eb648">
      <Execution id="0a869468-198c-4b48-b004-b13a3a948b8f" />
      <TestMethod codeBase="/home/runner/work/SGuard.DataAnnotations/SGuard.DataAnnotations/SGuard.DataAnnotations.Tests/bin/Release/net8.0/SGuard.DataAnnotations.Tests.dll" adapterTypeName="executor://xunit/VsTestRunner3/netcore/" className="SGuard.DataAnnotations.Tests.Attributes.SGuardBetweenAttributeTests" name="ReturnsLocalizedErrorMessage_WhenCultureIsSet" />
    </UnitTest>
    <UnitTest name="SGuard.DataAnnotations.Tests.Attributes.SGuardBetweenAttributeTests.ReturnsLocalizedErrorMessage_WhenCultureIsSet(culture: &quot;de&quot;)" storage="/home/runner/work/sguard.dataannotations/sguard.dataannotations/sguard.dataannotations.tests/bin/release/net8.0/sguard.dataannotations.tests.dll" id="85d99a8d-e19e-612f-f0c5-453b8800a3c4">
      <Execution id="38673c46-7c64-4915-99d4-c68428023075" />
      <TestMethod codeBase="/home/runner/work/SGuard.DataAnnotations/SGuard.DataAnnotations/SGuard.DataAnnotations.Tests/bin/Release/net8.0/SGuard.DataAnnotations.Tests.dll" adapterTypeName="executor://xunit/VsTestRunner3/netcore/" className="SGuard.DataAnnotations.Tests.Attributes.SGuardBetweenAttributeTests" name="ReturnsLocalizedErrorMessage_WhenCultureIsSet" />
    </UnitTest>
    <UnitTest name="SGuard.DataAnnotations.Tests.Exceptions.DataAnnotationsExceptionTests.ValidationError_CreatesRecordWithCorrectValues" storage="/home/runner/work/sguard.dataannotations/sguard.dataannotations/sguard.dataannotations.tests/bin/release/net8.0/sguard.dataannotations.tests.dll" id="4e6858ca-dc4e-05a9-4d20-cc5f2d1edff2">
      <Execution id="58fb161a-4f9c-43fe-95a4-0a761d149ec6" />
      <TestMethod codeBase="/home/runner/work/SGuard.DataAnnotations/SGuard.DataAnnotations/SGuard.DataAnnotations.Tests/bin/Release/net8.0/SGuard.DataAnnotations.Tests.dll" adapterTypeName="executor://xunit/VsTestRunner3/netcore/" className="SGuard.DataAnnotations.Tests.Exceptions.DataAnnotationsExceptionTests" name="ValidationError_CreatesRecordWithCorrectValues" />
    </UnitTest>
    <UnitTest name="SGuard.DataAnnotations.Tests.Attributes.SGuardCreditCardAttributeTests.ReturnsSuccess_WhenValueIsValidTestCreditCard(cardNumber: &quot;6011111111111117&quot;)" storage="/home/runner/work/sguard.dataannotations/sguard.dataannotations/sguard.dataannotations.tests/bin/release/net8.0/sguard.dataannotations.tests.dll" id="a53e0d07-c18c-8070-bdec-f7532c15812f">
      <Execution id="07c9ed8a-9d69-48a3-80c8-0a5deed0055b" />
      <TestMethod codeBase="/home/runner/work/SGuard.DataAnnotations/SGuard.DataAnnotations/SGuard.DataAnnotations.Tests/bin/Release/net8.0/SGuard.DataAnnotations.Tests.dll" adapterTypeName="executor://xunit/VsTestRunner3/netcore/" className="SGuard.DataAnnotations.Tests.Attributes.SGuardCreditCardAttributeTests" name="ReturnsSuccess_WhenValueIsValidTestCreditCard" />
    </UnitTest>
    <UnitTest name="SGuard.DataAnnotations.Tests.Attributes.SGuardEmailAddressAttributeTests.ReturnsSuccess_WhenValueIsValidEmailFormat(email: &quot;first.last@sub.domain.com&quot;)" storage="/home/runner/work/sguard.dataannotations/sguard.dataannotations/sguard.dataannotations.tests/bin/release/net8.0/sguard.dataannotations.tests.dll" id="5df4ccfd-b38d-3660-7817-2444fb2dfa70">
      <Execution id="41f38bc7-ed9c-4a32-82fe-34ae08c194de" />
      <TestMethod codeBase="/home/runner/work/SGuard.DataAnnotations/SGuard.DataAnnotations/SGuard.DataAnnotations.Tests/bin/Release/net8.0/SGuard.DataAnnotations.Tests.dll" adapterTypeName="executor://xunit/VsTestRunner3/netcore/" className="SGuard.DataAnnotations.Tests.Attributes.SGuardEmailAddressAttributeTests" name="ReturnsSuccess_WhenValueIsValidEmailFormat" />
    </UnitTest>
    <UnitTest name="SGuard.DataAnnotations.Tests.Attributes.SGuardBetweenAttributeTests.ReturnsError_WhenValueIsNull" storage="/home/runner/work/sguard.dataannotations/sguard.dataannotations/sguard.dataannotations.tests/bin/release/net8.0/sguard.dataannotations.tests.dll" id="1f2dc6ca-9df8-7064-1fb5-32db23338a29">
      <Execution id="00a3b135-67c0-4aec-ad35-7dd726cf9908" />
      <TestMethod codeBase="/home/runner/work/SGuard.DataAnnotations/SGuard.DataAnnotations/SGuard.DataAnnotations.Tests/bin/Release/net8.0/SGuard.DataAnnotations.Tests.dll" adapterTypeName="executor://xunit/VsTestRunner3/netcore/" className="SGuard.DataAnnotations.Tests.Attributes.SGuardBetweenAttributeTests" name="ReturnsError_WhenValueIsNull" />
    </UnitTest>
    <UnitTest name="SGuard.DataAnnotations.Tests.Attributes.SGuardMaxCountAttributeTests.ReturnsSuccess_WhenEnumerableCountIsLessThanOrEqualToMax" storage="/home/runner/work/sguard.dataannotations/sguard.dataannotations/sguard.dataannotations.tests/bin/release/net8.0/sguard.dataannotations.tests.dll" id="0102dee6-8235-3327-5cfb-2d8748949388">
      <Execution id="38bacbe6-d4ea-444e-aa14-ee6c2f5795eb" />
      <TestMethod codeBase="/home/runner/work/SGuard.DataAnnotations/SGuard.DataAnnotations/SGuard.DataAnnotations.Tests/bin/Release/net8.0/SGuard.DataAnnotations.Tests.dll" adapterTypeName="executor://xunit/VsTestRunner3/netcore/" className="SGuard.DataAnnotations.Tests.Attributes.SGuardMaxCountAttributeTests" name="ReturnsSuccess_WhenEnumerableCountIsLessThanOrEqualToMax" />
    </UnitTest>
    <UnitTest name="SGuard.DataAnnotations.Tests.Attributes.SGuardEmailAddressAttributeTests.Constructor_SetsPropertiesCorrectly" storage="/home/runner/work/sguard.dataannotations/sguard.dataannotations/sguard.dataannotations.tests/bin/release/net8.0/sguard.dataannotations.tests.dll" id="c0a539f8-814b-e830-149d-5e924d770f89">
      <Execution id="9065190d-4edc-4bc8-8467-a42b638d1adf" />
      <TestMethod codeBase="/home/runner/work/SGuard.DataAnnotations/SGuard.DataAnnotations/SGuard.DataAnnotations.Tests/bin/Release/net8.0/SGuard.DataAnnotations.Tests.dll" adapterTypeName="executor://xunit/VsTestRunner3/netcore/" className="SGuard.DataAnnotations.Tests.Attributes.SGuardEmailAddressAttributeTests" name="Constructor_SetsPropertiesCorrectly" />
    </UnitTest>
    <UnitTest name="SGuard.DataAnnotations.Tests.DataAnnotation.IsTests.DataAnnotationsValid_ValidObject_ReturnsTrue" storage="/home/runner/work/sguard.dataannotations/sguard.dataannotations/sguard.dataannotations.tests/bin/release/net8.0/sguard.dataannotations.tests.dll" id="0367e79a-4921-fb2e-f4bc-6e70d3dbd5a0">
      <Execution id="668ce5fb-17d8-4db6-b55b-28655b4139ab" />
      <TestMethod codeBase="/home/runner/work/SGuard.DataAnnotations/SGuard.DataAnnotations/SGuard.DataAnnotations.Tests/bin/Release/net8.0/SGuard.DataAnnotations.Tests.dll" adapterTypeName="executor://xunit/VsTestRunner3/netcore/" className="SGuard.DataAnnotations.Tests.DataAnnotation.IsTests" name="DataAnnotationsValid_ValidObject_ReturnsTrue" />
    </UnitTest>
    <UnitTest name="SGuard.DataAnnotations.Tests.Attributes.SGuardEmailAddressAttributeTests.UserRegistration_InvalidEmail_Failure" storage="/home/runner/work/sguard.dataannotations/sguard.dataannotations/sguard.dataannotations.tests/bin/release/net8.0/sguard.dataannotations.tests.dll" id="6c394c87-d02e-52ab-96bf-3b401d578b07">
      <Execution id="539df0c8-369e-4eab-a5bd-6e86e5999bcd" />
      <TestMethod codeBase="/home/runner/work/SGuard.DataAnnotations/SGuard.DataAnnotations/SGuard.DataAnnotations.Tests/bin/Release/net8.0/SGuard.DataAnnotations.Tests.dll" adapterTypeName="executor://xunit/VsTestRunner3/netcore/" className="SGuard.DataAnnotations.Tests.Attributes.SGuardEmailAddressAttributeTests" name="UserRegistration_InvalidEmail_Failure" />
    </UnitTest>
    <UnitTest name="SGuard.DataAnnotations.Tests.Attributes.SGuardMinLengthAttributeTests.ThrowsArgumentNullException_WhenResourceTypeIsNull" storage="/home/runner/work/sguard.dataannotations/sguard.dataannotations/sguard.dataannotations.tests/bin/release/net8.0/sguard.dataannotations.tests.dll" id="85624a0f-d223-bb77-7954-ebd125cbf213">
      <Execution id="103992d7-f8ea-4dc3-abc6-b129fa11ba14" />
      <TestMethod codeBase="/home/runner/work/SGuard.DataAnnotations/SGuard.DataAnnotations/SGuard.DataAnnotations.Tests/bin/Release/net8.0/SGuard.DataAnnotations.Tests.dll" adapterTypeName="executor://xunit/VsTestRunner3/netcore/" className="SGuard.DataAnnotations.Tests.Attributes.SGuardMinLengthAttributeTests" name="ThrowsArgumentNullException_WhenResourceTypeIsNull" />
    </UnitTest>
    <UnitTest name="SGuard.DataAnnotations.Tests.Attributes.SGuardCompareAttributeTests.ReturnsSuccess_WhenPropertiesAreEqual" storage="/home/runner/work/sguard.dataannotations/sguard.dataannotations/sguard.dataannotations.tests/bin/release/net8.0/sguard.dataannotations.tests.dll" id="d8f8e165-90df-5b49-a300-edfa6daf0e32">
      <Execution id="f5d25bb1-a5d4-43d0-87e8-620f05b643f0" />
      <TestMethod codeBase="/home/runner/work/SGuard.DataAnnotations/SGuard.DataAnnotations/SGuard.DataAnnotations.Tests/bin/Release/net8.0/SGuard.DataAnnotations.Tests.dll" adapterTypeName="executor://xunit/VsTestRunner3/netcore/" className="SGuard.DataAnnotations.Tests.Attributes.SGuardCompareAttributeTests" name="ReturnsSuccess_WhenPropertiesAreEqual" />
    </UnitTest>
    <UnitTest name="SGuard.DataAnnotations.Tests.Attributes.SGuardBetweenAttributeTests.ReturnsError_WhenValueIsBelowMin_Exclusive" storage="/home/runner/work/sguard.dataannotations/sguard.dataannotations/sguard.dataannotations.tests/bin/release/net8.0/sguard.dataannotations.tests.dll" id="8ce819e9-2ccf-3f8e-012f-049309266381">
      <Execution id="a596916d-d55f-41bc-b6aa-a71ebf909dba" />
      <TestMethod codeBase="/home/runner/work/SGuard.DataAnnotations/SGuard.DataAnnotations/SGuard.DataAnnotations.Tests/bin/Release/net8.0/SGuard.DataAnnotations.Tests.dll" adapterTypeName="executor://xunit/VsTestRunner3/netcore/" className="SGuard.DataAnnotations.Tests.Attributes.SGuardBetweenAttributeTests" name="ReturnsError_WhenValueIsBelowMin_Exclusive" />
    </UnitTest>
    <UnitTest name="SGuard.DataAnnotations.Tests.Attributes.SGuardEmailAddressAttributeTests.ReturnsSuccess_WhenEmailHasTrailingSpaces" storage="/home/runner/work/sguard.dataannotations/sguard.dataannotations/sguard.dataannotations.tests/bin/release/net8.0/sguard.dataannotations.tests.dll" id="c15a0347-46b9-df19-da83-878a082eb368">
      <Execution id="e419f6d7-34cc-4351-b934-3e540055b71e" />
      <TestMethod codeBase="/home/runner/work/SGuard.DataAnnotations/SGuard.DataAnnotations/SGuard.DataAnnotations.Tests/bin/Release/net8.0/SGuard.DataAnnotations.Tests.dll" adapterTypeName="executor://xunit/VsTestRunner3/netcore/" className="SGuard.DataAnnotations.Tests.Attributes.SGuardEmailAddressAttributeTests" name="ReturnsSuccess_WhenEmailHasTrailingSpaces" />
    </UnitTest>
    <UnitTest name="SGuard.DataAnnotations.Tests.Attributes.SGuardRangeAttributeTests.ReturnsError_WhenIntValueIsBelowRange" storage="/home/runner/work/sguard.dataannotations/sguard.dataannotations/sguard.dataannotations.tests/bin/release/net8.0/sguard.dataannotations.tests.dll" id="ff516869-b695-969e-43b6-a1a4d0514602">
      <Execution id="603a364a-1b04-486c-9c3e-2609dde824e3" />
      <TestMethod codeBase="/home/runner/work/SGuard.DataAnnotations/SGuard.DataAnnotations/SGuard.DataAnnotations.Tests/bin/Release/net8.0/SGuard.DataAnnotations.Tests.dll" adapterTypeName="executor://xunit/VsTestRunner3/netcore/" className="SGuard.DataAnnotations.Tests.Attributes.SGuardRangeAttributeTests" name="ReturnsError_WhenIntValueIsBelowRange" />
    </UnitTest>
    <UnitTest name="SGuard.DataAnnotations.Tests.Attributes.SGuardMaxCountAttributeTests.ReturnsError_WhenListCountExceedsMax" storage="/home/runner/work/sguard.dataannotations/sguard.dataannotations/sguard.dataannotations.tests/bin/release/net8.0/sguard.dataannotations.tests.dll" id="9a3ba042-81f0-07de-a3a1-069d148d7251">
      <Execution id="7b468c07-0976-4029-b4b7-77511bb89fde" />
      <TestMethod codeBase="/home/runner/work/SGuard.DataAnnotations/SGuard.DataAnnotations/SGuard.DataAnnotations.Tests/bin/Release/net8.0/SGuard.DataAnnotations.Tests.dll" adapterTypeName="executor://xunit/VsTestRunner3/netcore/" className="SGuard.DataAnnotations.Tests.Attributes.SGuardMaxCountAttributeTests" name="ReturnsError_WhenListCountExceedsMax" />
    </UnitTest>
    <UnitTest name="SGuard.DataAnnotations.Tests.Attributes.SGuardLessThanAttributeTests.ReturnsSuccess_WhenDecimalValueIsLessThanOther" storage="/home/runner/work/sguard.dataannotations/sguard.dataannotations/sguard.dataannotations.tests/bin/release/net8.0/sguard.dataannotations.tests.dll" id="578d7777-a8cc-12a7-7a7d-d4d4b899625a">
      <Execution id="d421822c-9032-4d28-9f0c-21cc4ec25e80" />
      <TestMethod codeBase="/home/runner/work/SGuard.DataAnnotations/SGuard.DataAnnotations/SGuard.DataAnnotations.Tests/bin/Release/net8.0/SGuard.DataAnnotations.Tests.dll" adapterTypeName="executor://xunit/VsTestRunner3/netcore/" className="SGuard.DataAnnotations.Tests.Attributes.SGuardLessThanAttributeTests" name="ReturnsSuccess_WhenDecimalValueIsLessThanOther" />
    </UnitTest>
    <UnitTest name="SGuard.DataAnnotations.Tests.Attributes.SGuardCreditCardAttributeTests.ReturnsError_WhenValueIsInvalidTestCreditCard(cardNumber: &quot;9999999999999999&quot;)" storage="/home/runner/work/sguard.dataannotations/sguard.dataannotations/sguard.dataannotations.tests/bin/release/net8.0/sguard.dataannotations.tests.dll" id="e7be3592-afc7-ffe3-a95b-c00da1b739a3">
      <Execution id="dac2bbd5-12a8-4742-b178-f02c030d6e51" />
      <TestMethod codeBase="/home/runner/work/SGuard.DataAnnotations/SGuard.DataAnnotations/SGuard.DataAnnotations.Tests/bin/Release/net8.0/SGuard.DataAnnotations.Tests.dll" adapterTypeName="executor://xunit/VsTestRunner3/netcore/" className="SGuard.DataAnnotations.Tests.Attributes.SGuardCreditCardAttributeTests" name="ReturnsError_WhenValueIsInvalidTestCreditCard" />
    </UnitTest>
    <UnitTest name="SGuard.DataAnnotations.Tests.Attributes.SGuardCreditCardAttributeTests.ReturnsSuccess_WhenValueIsValidTestCreditCard(cardNumber: &quot;5555555555554444&quot;)" storage="/home/runner/work/sguard.dataannotations/sguard.dataannotations/sguard.dataannotations.tests/bin/release/net8.0/sguard.dataannotations.tests.dll" id="742ef234-b8c9-6062-4fcb-53fe85c46061">
      <Execution id="9cf6bba0-f453-475e-8e82-3132410942e8" />
      <TestMethod codeBase="/home/runner/work/SGuard.DataAnnotations/SGuard.DataAnnotations/SGuard.DataAnnotations.Tests/bin/Release/net8.0/SGuard.DataAnnotations.Tests.dll" adapterTypeName="executor://xunit/VsTestRunner3/netcore/" className="SGuard.DataAnnotations.Tests.Attributes.SGuardCreditCardAttributeTests" name="ReturnsSuccess_WhenValueIsValidTestCreditCard" />
    </UnitTest>
    <UnitTest name="SGuard.DataAnnotations.Tests.Attributes.SGuardCompareAttributeTests.ReturnsError_WhenOtherPropertyIsNull" storage="/home/runner/work/sguard.dataannotations/sguard.dataannotations/sguard.dataannotations.tests/bin/release/net8.0/sguard.dataannotations.tests.dll" id="7bc348cd-ba18-eb29-c5c6-cbdbd749bb83">
      <Execution id="99c6af3c-1ad5-48d9-abd5-dc9f13ab2977" />
      <TestMethod codeBase="/home/runner/work/SGuard.DataAnnotations/SGuard.DataAnnotations/SGuard.DataAnnotations.Tests/bin/Release/net8.0/SGuard.DataAnnotations.Tests.dll" adapterTypeName="executor://xunit/VsTestRunner3/netcore/" className="SGuard.DataAnnotations.Tests.Attributes.SGuardCompareAttributeTests" name="ReturnsError_WhenOtherPropertyIsNull" />
    </UnitTest>
    <UnitTest name="SGuard.DataAnnotations.Tests.Attributes.SGuardMinLengthAttributeTests.ThrowsArgumentNullException_WhenResourceNameIsNull" storage="/home/runner/work/sguard.dataannotations/sguard.dataannotations/sguard.dataannotations.tests/bin/release/net8.0/sguard.dataannotations.tests.dll" id="38e9c795-2c39-ddc9-8e2f-42c2f16c253a">
      <Execution id="a4a4cf4b-e52d-43cd-bdd9-d0e49cbead07" />
      <TestMethod codeBase="/home/runner/work/SGuard.DataAnnotations/SGuard.DataAnnotations/SGuard.DataAnnotations.Tests/bin/Release/net8.0/SGuard.DataAnnotations.Tests.dll" adapterTypeName="executor://xunit/VsTestRunner3/netcore/" className="SGuard.DataAnnotations.Tests.Attributes.SGuardMinLengthAttributeTests" name="ThrowsArgumentNullException_WhenResourceNameIsNull" />
    </UnitTest>
    <UnitTest name="SGuard.DataAnnotations.Tests.Attributes.SGuardGreaterThanAttributeTests.ReturnsSuccess_WhenDecimalValueIsGreaterThanOther" storage="/home/runner/work/sguard.dataannotations/sguard.dataannotations/sguard.dataannotations.tests/bin/release/net8.0/sguard.dataannotations.tests.dll" id="a0b3e48f-64c8-93f7-f166-55b897c5df65">
      <Execution id="33f33709-5e82-4c89-b98d-1f67448b87ac" />
      <TestMethod codeBase="/home/runner/work/SGuard.DataAnnotations/SGuard.DataAnnotations/SGuard.DataAnnotations.Tests/bin/Release/net8.0/SGuard.DataAnnotations.Tests.dll" adapterTypeName="executor://xunit/VsTestRunner3/netcore/" className="SGuard.DataAnnotations.Tests.Attributes.SGuardGreaterThanAttributeTests" name="ReturnsSuccess_WhenDecimalValueIsGreaterThanOther" />
    </UnitTest>
    <UnitTest name="SGuard.DataAnnotations.Tests.Attributes.SGuardBetweenAttributeTests.Constructor_ThrowsArgumentNullException_WhenMaxPropertyIsNull" storage="/home/runner/work/sguard.dataannotations/sguard.dataannotations/sguard.dataannotations.tests/bin/release/net8.0/sguard.dataannotations.tests.dll" id="54bb735d-1d46-052b-7463-a588ad7ff2a2">
      <Execution id="1faf42c4-a1dd-4508-82cb-107238758058" />
      <TestMethod codeBase="/home/runner/work/SGuard.DataAnnotations/SGuard.DataAnnotations/SGuard.DataAnnotations.Tests/bin/Release/net8.0/SGuard.DataAnnotations.Tests.dll" adapterTypeName="executor://xunit/VsTestRunner3/netcore/" className="SGuard.DataAnnotations.Tests.Attributes.SGuardBetweenAttributeTests" name="Constructor_ThrowsArgumentNullException_WhenMaxPropertyIsNull" />
    </UnitTest>
    <UnitTest name="SGuard.DataAnnotations.Tests.Attributes.SGuardCreditCardAttributeTests.Constructor_ThrowsArgumentNullException_WhenResourceTypeIsNull" storage="/home/runner/work/sguard.dataannotations/sguard.dataannotations/sguard.dataannotations.tests/bin/release/net8.0/sguard.dataannotations.tests.dll" id="a484b60c-6e92-f3f0-aa33-178dfb90559c">
      <Execution id="aa5e9f7c-aa0a-4762-bee8-30aba4e9b4f5" />
      <TestMethod codeBase="/home/runner/work/SGuard.DataAnnotations/SGuard.DataAnnotations/SGuard.DataAnnotations.Tests/bin/Release/net8.0/SGuard.DataAnnotations.Tests.dll" adapterTypeName="executor://xunit/VsTestRunner3/netcore/" className="SGuard.DataAnnotations.Tests.Attributes.SGuardCreditCardAttributeTests" name="Constructor_ThrowsArgumentNullException_WhenResourceTypeIsNull" />
    </UnitTest>
    <UnitTest name="SGuard.DataAnnotations.Tests.Attributes.SGuardCreditCardAttributeTests.SupportsMultipleAttributes_OnSameProperty" storage="/home/runner/work/sguard.dataannotations/sguard.dataannotations/sguard.dataannotations.tests/bin/release/net8.0/sguard.dataannotations.tests.dll" id="21378016-cc6f-36ae-5a9f-490773b0da38">
      <Execution id="c44ac155-1679-4cb2-b36a-60ccf174e787" />
      <TestMethod codeBase="/home/runner/work/SGuard.DataAnnotations/SGuard.DataAnnotations/SGuard.DataAnnotations.Tests/bin/Release/net8.0/SGuard.DataAnnotations.Tests.dll" adapterTypeName="executor://xunit/VsTestRunner3/netcore/" className="SGuard.DataAnnotations.Tests.Attributes.SGuardCreditCardAttributeTests" name="SupportsMultipleAttributes_OnSameProperty" />
    </UnitTest>
    <UnitTest name="SGuard.DataAnnotations.Tests.Attributes.SGuardCreditCardAttributeTests.HandlesMixedValidInvalidCharacters" storage="/home/runner/work/sguard.dataannotations/sguard.dataannotations/sguard.dataannotations.tests/bin/release/net8.0/sguard.dataannotations.tests.dll" id="8d246871-36db-3a8c-1edc-aa2a9aaa0923">
      <Execution id="ab32478f-8fc0-4ce7-b91e-6b88f1463e9c" />
      <TestMethod codeBase="/home/runner/work/SGuard.DataAnnotations/SGuard.DataAnnotations/SGuard.DataAnnotations.Tests/bin/Release/net8.0/SGuard.DataAnnotations.Tests.dll" adapterTypeName="executor://xunit/VsTestRunner3/netcore/" className="SGuard.DataAnnotations.Tests.Attributes.SGuardCreditCardAttributeTests" name="HandlesMixedValidInvalidCharacters" />
    </UnitTest>
    <UnitTest name="SGuard.DataAnnotations.Tests.Attributes.SGuardCompareAttributeTests.FailsWithNullableValues_OnlyOneIsNull" storage="/home/runner/work/sguard.dataannotations/sguard.dataannotations/sguard.dataannotations.tests/bin/release/net8.0/sguard.dataannotations.tests.dll" id="7e7b9c1e-babc-ac42-36f5-c064ed6a9a1c">
      <Execution id="82bf4ab3-9d43-423b-a9b5-5f8907c53b47" />
      <TestMethod codeBase="/home/runner/work/SGuard.DataAnnotations/SGuard.DataAnnotations/SGuard.DataAnnotations.Tests/bin/Release/net8.0/SGuard.DataAnnotations.Tests.dll" adapterTypeName="executor://xunit/VsTestRunner3/netcore/" className="SGuard.DataAnnotations.Tests.Attributes.SGuardCompareAttributeTests" name="FailsWithNullableValues_OnlyOneIsNull" />
    </UnitTest>
    <UnitTest name="SGuard.DataAnnotations.Tests.Attributes.SGuardEmailAddressAttributeTests.ReturnsSuccess_WhenValueIsValidEmailFormat(email: &quot;user_name@domain-name.com&quot;)" storage="/home/runner/work/sguard.dataannotations/sguard.dataannotations/sguard.dataannotations.tests/bin/release/net8.0/sguard.dataannotations.tests.dll" id="7ecabcdb-f2bf-5e92-6c91-f6117e8a09af">
      <Execution id="c747f8ab-cf53-4bdd-b5a1-3e5e39f9c127" />
      <TestMethod codeBase="/home/runner/work/SGuard.DataAnnotations/SGuard.DataAnnotations/SGuard.DataAnnotations.Tests/bin/Release/net8.0/SGuard.DataAnnotations.Tests.dll" adapterTypeName="executor://xunit/VsTestRunner3/netcore/" className="SGuard.DataAnnotations.Tests.Attributes.SGuardEmailAddressAttributeTests" name="ReturnsSuccess_WhenValueIsValidEmailFormat" />
    </UnitTest>
    <UnitTest name="SGuard.DataAnnotations.Tests.Attributes.SGuardMinCountAttributeTests.ReturnsSuccess_WhenArrayCountIsGreaterThanOrEqualToMin" storage="/home/runner/work/sguard.dataannotations/sguard.dataannotations/sguard.dataannotations.tests/bin/release/net8.0/sguard.dataannotations.tests.dll" id="e1ec4db0-5c0c-b229-761c-768bae20f6b1">
      <Execution id="d9a2d6c5-f235-46d5-bb2c-d8ad65c89346" />
      <TestMethod codeBase="/home/runner/work/SGuard.DataAnnotations/SGuard.DataAnnotations/SGuard.DataAnnotations.Tests/bin/Release/net8.0/SGuard.DataAnnotations.Tests.dll" adapterTypeName="executor://xunit/VsTestRunner3/netcore/" className="SGuard.DataAnnotations.Tests.Attributes.SGuardMinCountAttributeTests" name="ReturnsSuccess_WhenArrayCountIsGreaterThanOrEqualToMin" />
    </UnitTest>
    <UnitTest name="SGuard.DataAnnotations.Tests.Attributes.SGuardEmailAddressAttributeTests.ReturnsLocalizedErrorMessage_WhenCultureIsSet(culture: &quot;de&quot;)" storage="/home/runner/work/sguard.dataannotations/sguard.dataannotations/sguard.dataannotations.tests/bin/release/net8.0/sguard.dataannotations.tests.dll" id="29679612-cd2c-cf4f-fb30-d0162e2a2e99">
      <Execution id="9cdc6585-5910-4fe8-9e9a-188944fe64f2" />
      <TestMethod codeBase="/home/runner/work/SGuard.DataAnnotations/SGuard.DataAnnotations/SGuard.DataAnnotations.Tests/bin/Release/net8.0/SGuard.DataAnnotations.Tests.dll" adapterTypeName="executor://xunit/VsTestRunner3/netcore/" className="SGuard.DataAnnotations.Tests.Attributes.SGuardEmailAddressAttributeTests" name="ReturnsLocalizedErrorMessage_WhenCultureIsSet" />
    </UnitTest>
    <UnitTest name="SGuard.DataAnnotations.Tests.Attributes.SGuardCreditCardAttributeTests.ReturnsSuccess_WhenValueIsValidDinersClub" storage="/home/runner/work/sguard.dataannotations/sguard.dataannotations/sguard.dataannotations.tests/bin/release/net8.0/sguard.dataannotations.tests.dll" id="791ba3c9-e2ec-2647-6231-6e889590b831">
      <Execution id="47d80575-37d3-4d4a-8ada-a39c977126c5" />
      <TestMethod codeBase="/home/runner/work/SGuard.DataAnnotations/SGuard.DataAnnotations/SGuard.DataAnnotations.Tests/bin/Release/net8.0/SGuard.DataAnnotations.Tests.dll" adapterTypeName="executor://xunit/VsTestRunner3/netcore/" className="SGuard.DataAnnotations.Tests.Attributes.SGuardCreditCardAttributeTests" name="ReturnsSuccess_WhenValueIsValidDinersClub" />
    </UnitTest>
    <UnitTest name="SGuard.DataAnnotations.Tests.Attributes.SGuardBetweenAttributeTests.ReturnsError_WhenValueIsAboveMax_Exclusive" storage="/home/runner/work/sguard.dataannotations/sguard.dataannotations/sguard.dataannotations.tests/bin/release/net8.0/sguard.dataannotations.tests.dll" id="57a39652-a5d5-4278-0df9-a00ced5dc2dd">
      <Execution id="9d055dde-8650-4e4e-8340-a7a2dc4f0c00" />
      <TestMethod codeBase="/home/runner/work/SGuard.DataAnnotations/SGuard.DataAnnotations/SGuard.DataAnnotations.Tests/bin/Release/net8.0/SGuard.DataAnnotations.Tests.dll" adapterTypeName="executor://xunit/VsTestRunner3/netcore/" className="SGuard.DataAnnotations.Tests.Attributes.SGuardBetweenAttributeTests" name="ReturnsError_WhenValueIsAboveMax_Exclusive" />
    </UnitTest>
    <UnitTest name="SGuard.DataAnnotations.Tests.Attributes.SGuardBetweenAttributeTests.ReturnsError_WhenValueIsNotComparable" storage="/home/runner/work/sguard.dataannotations/sguard.dataannotations/sguard.dataannotations.tests/bin/release/net8.0/sguard.dataannotations.tests.dll" id="b0de6877-7369-beb8-bfcb-699e4af08d17">
      <Execution id="e6c5fe5f-be8c-48bc-af06-f6442c7abbc6" />
      <TestMethod codeBase="/home/runner/work/SGuard.DataAnnotations/SGuard.DataAnnotations/SGuard.DataAnnotations.Tests/bin/Release/net8.0/SGuard.DataAnnotations.Tests.dll" adapterTypeName="executor://xunit/VsTestRunner3/netcore/" className="SGuard.DataAnnotations.Tests.Attributes.SGuardBetweenAttributeTests" name="ReturnsError_WhenValueIsNotComparable" />
    </UnitTest>
    <UnitTest name="SGuard.DataAnnotations.Tests.Attributes.SGuardCompareAttributeTests.HandlesWhitespace_Differences" storage="/home/runner/work/sguard.dataannotations/sguard.dataannotations/sguard.dataannotations.tests/bin/release/net8.0/sguard.dataannotations.tests.dll" id="afa1a1c3-1be6-2bed-8ff7-68131025b419">
      <Execution id="dc0247ba-997a-41dd-8662-0539a1a46562" />
      <TestMethod codeBase="/home/runner/work/SGuard.DataAnnotations/SGuard.DataAnnotations/SGuard.DataAnnotations.Tests/bin/Release/net8.0/SGuard.DataAnnotations.Tests.dll" adapterTypeName="executor://xunit/VsTestRunner3/netcore/" className="SGuard.DataAnnotations.Tests.Attributes.SGuardCompareAttributeTests" name="HandlesWhitespace_Differences" />
    </UnitTest>
    <UnitTest name="SGuard.DataAnnotations.Tests.Attributes.SGuardCreditCardAttributeTests.ReturnsError_WhenNumberIsAllSameDigit" storage="/home/runner/work/sguard.dataannotations/sguard.dataannotations/sguard.dataannotations.tests/bin/release/net8.0/sguard.dataannotations.tests.dll" id="bd7bddfa-4b13-cac6-2538-99d0e6e9aaf2">
      <Execution id="a13ba7be-1a3b-4baa-8492-89479468cee1" />
      <TestMethod codeBase="/home/runner/work/SGuard.DataAnnotations/SGuard.DataAnnotations/SGuard.DataAnnotations.Tests/bin/Release/net8.0/SGuard.DataAnnotations.Tests.dll" adapterTypeName="executor://xunit/VsTestRunner3/netcore/" className="SGuard.DataAnnotations.Tests.Attributes.SGuardCreditCardAttributeTests" name="ReturnsError_WhenNumberIsAllSameDigit" />
    </UnitTest>
    <UnitTest name="SGuard.DataAnnotations.Tests.Attributes.SGuardEmailAddressAttributeTests.ReturnsNull_WhenValueIsUnsupportedInternationalEmail(email: &quot;müller@example.com&quot;)" storage="/home/runner/work/sguard.dataannotations/sguard.dataannotations/sguard.dataannotations.tests/bin/release/net8.0/sguard.dataannotations.tests.dll" id="14c349be-8853-129f-6fbb-0ec95eaeef3e">
      <Execution id="549b9be3-620f-4c70-8192-a3a4135abe3a" />
      <TestMethod codeBase="/home/runner/work/SGuard.DataAnnotations/SGuard.DataAnnotations/SGuard.DataAnnotations.Tests/bin/Release/net8.0/SGuard.DataAnnotations.Tests.dll" adapterTypeName="executor://xunit/VsTestRunner3/netcore/" className="SGuard.DataAnnotations.Tests.Attributes.SGuardEmailAddressAttributeTests" name="ReturnsNull_WhenValueIsUnsupportedInternationalEmail" />
    </UnitTest>
    <UnitTest name="SGuard.DataAnnotations.Tests.Attributes.SGuardMinCountAttributeTests.ReturnsSuccess_WhenEnumerableCountIsGreaterThanOrEqualToMin" storage="/home/runner/work/sguard.dataannotations/sguard.dataannotations/sguard.dataannotations.tests/bin/release/net8.0/sguard.dataannotations.tests.dll" id="99445827-2f44-646b-8068-3cffaf9372f0">
      <Execution id="c850bc2b-2ae6-48bb-87c7-6e5795fd2782" />
      <TestMethod codeBase="/home/runner/work/SGuard.DataAnnotations/SGuard.DataAnnotations/SGuard.DataAnnotations.Tests/bin/Release/net8.0/SGuard.DataAnnotations.Tests.dll" adapterTypeName="executor://xunit/VsTestRunner3/netcore/" className="SGuard.DataAnnotations.Tests.Attributes.SGuardMinCountAttributeTests" name="ReturnsSuccess_WhenEnumerableCountIsGreaterThanOrEqualToMin" />
    </UnitTest>
    <UnitTest name="SGuard.DataAnnotations.Tests.Attributes.SGuardEmailAddressAttributeTests.ReturnsLocalizedErrorMessage_WhenCultureIsSet(culture: &quot;fr&quot;)" storage="/home/runner/work/sguard.dataannotations/sguard.dataannotations/sguard.dataannotations.tests/bin/release/net8.0/sguard.dataannotations.tests.dll" id="f19b555b-116b-2f3a-0c2d-ec4548792f2e">
      <Execution id="50af073b-cb1a-4ee1-8a30-c54a886bf7a3" />
      <TestMethod codeBase="/home/runner/work/SGuard.DataAnnotations/SGuard.DataAnnotations/SGuard.DataAnnotations.Tests/bin/Release/net8.0/SGuard.DataAnnotations.Tests.dll" adapterTypeName="executor://xunit/VsTestRunner3/netcore/" className="SGuard.DataAnnotations.Tests.Attributes.SGuardEmailAddressAttributeTests" name="ReturnsLocalizedErrorMessage_WhenCultureIsSet" />
    </UnitTest>
    <UnitTest name="SGuard.DataAnnotations.Tests.Attributes.SGuardMinCountAttributeTests.ReturnsSuccess_WhenCollectionCountIsZeroAndMinIsZero" storage="/home/runner/work/sguard.dataannotations/sguard.dataannotations/sguard.dataannotations.tests/bin/release/net8.0/sguard.dataannotations.tests.dll" id="3713b015-69bc-bbff-ec12-2a3a05404871">
      <Execution id="59795736-17c0-4104-b58b-30df477b5bbd" />
      <TestMethod codeBase="/home/runner/work/SGuard.DataAnnotations/SGuard.DataAnnotations/SGuard.DataAnnotations.Tests/bin/Release/net8.0/SGuard.DataAnnotations.Tests.dll" adapterTypeName="executor://xunit/VsTestRunner3/netcore/" className="SGuard.DataAnnotations.Tests.Attributes.SGuardMinCountAttributeTests" name="ReturnsSuccess_WhenCollectionCountIsZeroAndMinIsZero" />
    </UnitTest>
    <UnitTest name="SGuard.DataAnnotations.Tests.Attributes.SGuardPhoneAttributeTests.ReturnsSuccess_WhenPhoneIsNull" storage="/home/runner/work/sguard.dataannotations/sguard.dataannotations/sguard.dataannotations.tests/bin/release/net8.0/sguard.dataannotations.tests.dll" id="07f208e9-5d3e-7b2e-6a59-4da49d2f6cd9">
      <Execution id="3c2d9396-9053-43d6-a135-7223e5e6d439" />
      <TestMethod codeBase="/home/runner/work/SGuard.DataAnnotations/SGuard.DataAnnotations/SGuard.DataAnnotations.Tests/bin/Release/net8.0/SGuard.DataAnnotations.Tests.dll" adapterTypeName="executor://xunit/VsTestRunner3/netcore/" className="SGuard.DataAnnotations.Tests.Attributes.SGuardPhoneAttributeTests" name="ReturnsSuccess_WhenPhoneIsNull" />
    </UnitTest>
    <UnitTest name="SGuard.DataAnnotations.Tests.Attributes.SGuardEmailAddressAttributeTests.ReturnsNull_WhenValueIsUnsupportedInternationalEmail(email: &quot;user@münchen.de&quot;)" storage="/home/runner/work/sguard.dataannotations/sguard.dataannotations/sguard.dataannotations.tests/bin/release/net8.0/sguard.dataannotations.tests.dll" id="8028fcff-b93c-8107-74d3-7689a546ca5d">
      <Execution id="76096518-9506-4967-8b5b-3b5e3fa52896" />
      <TestMethod codeBase="/home/runner/work/SGuard.DataAnnotations/SGuard.DataAnnotations/SGuard.DataAnnotations.Tests/bin/Release/net8.0/SGuard.DataAnnotations.Tests.dll" adapterTypeName="executor://xunit/VsTestRunner3/netcore/" className="SGuard.DataAnnotations.Tests.Attributes.SGuardEmailAddressAttributeTests" name="ReturnsNull_WhenValueIsUnsupportedInternationalEmail" />
    </UnitTest>
    <UnitTest name="SGuard.DataAnnotations.Tests.DataAnnotation.IsTests.DataAnnotationsValid_CallbackReceivesSuccessOnTrue" storage="/home/runner/work/sguard.dataannotations/sguard.dataannotations/sguard.dataannotations.tests/bin/release/net8.0/sguard.dataannotations.tests.dll" id="cdc70ef9-d940-c6b1-6aac-232e4151b4c8">
      <Execution id="a449ec91-dce5-4cca-b652-98beaa49c35c" />
      <TestMethod codeBase="/home/runner/work/SGuard.DataAnnotations/SGuard.DataAnnotations/SGuard.DataAnnotations.Tests/bin/Release/net8.0/SGuard.DataAnnotations.Tests.dll" adapterTypeName="executor://xunit/VsTestRunner3/netcore/" className="SGuard.DataAnnotations.Tests.DataAnnotation.IsTests" name="DataAnnotationsValid_CallbackReceivesSuccessOnTrue" />
    </UnitTest>
    <UnitTest name="SGuard.DataAnnotations.Tests.Attributes.SGuardMaxCountAttributeTests.ReturnsSuccess_WhenDictionaryCountIsLessThanMax" storage="/home/runner/work/sguard.dataannotations/sguard.dataannotations/sguard.dataannotations.tests/bin/release/net8.0/sguard.dataannotations.tests.dll" id="05a3b24a-9973-d8c2-2a27-3d4a83d88f8d">
      <Execution id="911abe07-10cf-45fc-bd99-d91e6c17690b" />
      <TestMethod codeBase="/home/runner/work/SGuard.DataAnnotations/SGuard.DataAnnotations/SGuard.DataAnnotations.Tests/bin/Release/net8.0/SGuard.DataAnnotations.Tests.dll" adapterTypeName="executor://xunit/VsTestRunner3/netcore/" className="SGuard.DataAnnotations.Tests.Attributes.SGuardMaxCountAttributeTests" name="ReturnsSuccess_WhenDictionaryCountIsLessThanMax" />
    </UnitTest>
    <UnitTest name="SGuard.DataAnnotations.Tests.Attributes.SGuardGreaterThanAttributeTests.ReturnsSuccess_WhenValueIsGreaterThanOther" storage="/home/runner/work/sguard.dataannotations/sguard.dataannotations/sguard.dataannotations.tests/bin/release/net8.0/sguard.dataannotations.tests.dll" id="e7c11337-a134-9089-96b8-bef2fdba4ef5">
      <Execution id="ed21e144-f4c1-4a6a-b313-f97a60a5d6e2" />
      <TestMethod codeBase="/home/runner/work/SGuard.DataAnnotations/SGuard.DataAnnotations/SGuard.DataAnnotations.Tests/bin/Release/net8.0/SGuard.DataAnnotations.Tests.dll" adapterTypeName="executor://xunit/VsTestRunner3/netcore/" className="SGuard.DataAnnotations.Tests.Attributes.SGuardGreaterThanAttributeTests" name="ReturnsSuccess_WhenValueIsGreaterThanOther" />
    </UnitTest>
    <UnitTest name="SGuard.DataAnnotations.Tests.Attributes.SGuardBetweenAttributeTests.ReturnsLocalizedErrorMessage_WhenCultureIsSet(culture: &quot;hi&quot;)" storage="/home/runner/work/sguard.dataannotations/sguard.dataannotations/sguard.dataannotations.tests/bin/release/net8.0/sguard.dataannotations.tests.dll" id="da46ef01-15e9-67b6-3316-0d87c8eb81a2">
      <Execution id="e3062f36-f990-422f-9885-ca194a41f2fd" />
      <TestMethod codeBase="/home/runner/work/SGuard.DataAnnotations/SGuard.DataAnnotations/SGuard.DataAnnotations.Tests/bin/Release/net8.0/SGuard.DataAnnotations.Tests.dll" adapterTypeName="executor://xunit/VsTestRunner3/netcore/" className="SGuard.DataAnnotations.Tests.Attributes.SGuardBetweenAttributeTests" name="ReturnsLocalizedErrorMessage_WhenCultureIsSet" />
    </UnitTest>
    <UnitTest name="SGuard.DataAnnotations.Tests.Attributes.SGuardValidationAttributeBaseFallbackTests.Returns_FallbackMessage_IfBothResourcesMissing_AndFallbackMessageSet" storage="/home/runner/work/sguard.dataannotations/sguard.dataannotations/sguard.dataannotations.tests/bin/release/net8.0/sguard.dataannotations.tests.dll" id="17a56aef-557c-a84b-5008-a1b60c5b5a7c">
      <Execution id="e890eb46-a133-4810-a67d-2567ffde0692" />
      <TestMethod codeBase="/home/runner/work/SGuard.DataAnnotations/SGuard.DataAnnotations/SGuard.DataAnnotations.Tests/bin/Release/net8.0/SGuard.DataAnnotations.Tests.dll" adapterTypeName="executor://xunit/VsTestRunner3/netcore/" className="SGuard.DataAnnotations.Tests.Attributes.SGuardValidationAttributeBaseFallbackTests" name="Returns_FallbackMessage_IfBothResourcesMissing_AndFallbackMessageSet" />
    </UnitTest>
    <UnitTest name="SGuard.DataAnnotations.Tests.Attributes.SGuardEmailAddressAttributeTests.ReturnsSuccess_WhenValueIsBusinessEmailFormat(email: &quot;sales@enterprise.eu&quot;)" storage="/home/runner/work/sguard.dataannotations/sguard.dataannotations/sguard.dataannotations.tests/bin/release/net8.0/sguard.dataannotations.tests.dll" id="e637339b-b38a-22b1-d566-282380c17576">
      <Execution id="53df45f6-9771-44c2-90ff-b24ef33b0642" />
      <TestMethod codeBase="/home/runner/work/SGuard.DataAnnotations/SGuard.DataAnnotations/SGuard.DataAnnotations.Tests/bin/Release/net8.0/SGuard.DataAnnotations.Tests.dll" adapterTypeName="executor://xunit/VsTestRunner3/netcore/" className="SGuard.DataAnnotations.Tests.Attributes.SGuardEmailAddressAttributeTests" name="ReturnsSuccess_WhenValueIsBusinessEmailFormat" />
    </UnitTest>
    <UnitTest name="SGuard.DataAnnotations.Tests.Attributes.SGuardRangeAttributeTests.ReturnsSuccess_WhenValueIsEqualToMaximum" storage="/home/runner/work/sguard.dataannotations/sguard.dataannotations/sguard.dataannotations.tests/bin/release/net8.0/sguard.dataannotations.tests.dll" id="1c59d7c9-063b-4e4d-eeb7-8b7090f5e894">
      <Execution id="cec78fe3-695c-4caf-9bab-5d03c5a965a3" />
      <TestMethod codeBase="/home/runner/work/SGuard.DataAnnotations/SGuard.DataAnnotations/SGuard.DataAnnotations.Tests/bin/Release/net8.0/SGuard.DataAnnotations.Tests.dll" adapterTypeName="executor://xunit/VsTestRunner3/netcore/" className="SGuard.DataAnnotations.Tests.Attributes.SGuardRangeAttributeTests" name="ReturnsSuccess_WhenValueIsEqualToMaximum" />
    </UnitTest>
    <UnitTest name="SGuard.DataAnnotations.Tests.Attributes.SGuardBetweenAttributeTests.WorksWithDateTimeValues_OnBounds" storage="/home/runner/work/sguard.dataannotations/sguard.dataannotations/sguard.dataannotations.tests/bin/release/net8.0/sguard.dataannotations.tests.dll" id="7eb94941-9267-40cb-594c-0bac2724caba">
      <Execution id="8f956aed-7c4a-431b-b962-e906aa0e61ff" />
      <TestMethod codeBase="/home/runner/work/SGuard.DataAnnotations/SGuard.DataAnnotations/SGuard.DataAnnotations.Tests/bin/Release/net8.0/SGuard.DataAnnotations.Tests.dll" adapterTypeName="executor://xunit/VsTestRunner3/netcore/" className="SGuard.DataAnnotations.Tests.Attributes.SGuardBetweenAttributeTests" name="WorksWithDateTimeValues_OnBounds" />
    </UnitTest>
    <UnitTest name="SGuard.DataAnnotations.Tests.Attributes.SGuardCreditCardAttributeTests.ReturnsSuccess_WhenNumberIsAllZeros" storage="/home/runner/work/sguard.dataannotations/sguard.dataannotations/sguard.dataannotations.tests/bin/release/net8.0/sguard.dataannotations.tests.dll" id="79fbb9cd-cbc8-b948-10ce-5d9bcbab381c">
      <Execution id="facc419e-4007-474f-92f3-4c802175a50d" />
      <TestMethod codeBase="/home/runner/work/SGuard.DataAnnotations/SGuard.DataAnnotations/SGuard.DataAnnotations.Tests/bin/Release/net8.0/SGuard.DataAnnotations.Tests.dll" adapterTypeName="executor://xunit/VsTestRunner3/netcore/" className="SGuard.DataAnnotations.Tests.Attributes.SGuardCreditCardAttributeTests" name="ReturnsSuccess_WhenNumberIsAllZeros" />
    </UnitTest>
    <UnitTest name="SGuard.DataAnnotations.Tests.Attributes.SGuardEmailAddressAttributeTests.ReturnsError_WhenValueIsInvalidEmail" storage="/home/runner/work/sguard.dataannotations/sguard.dataannotations/sguard.dataannotations.tests/bin/release/net8.0/sguard.dataannotations.tests.dll" id="2a3930db-30f0-5441-9b21-5ddb855435ef">
      <Execution id="36774653-5478-4d22-b1fc-18d4f3769879" />
      <TestMethod codeBase="/home/runner/work/SGuard.DataAnnotations/SGuard.DataAnnotations/SGuard.DataAnnotations.Tests/bin/Release/net8.0/SGuard.DataAnnotations.Tests.dll" adapterTypeName="executor://xunit/VsTestRunner3/netcore/" className="SGuard.DataAnnotations.Tests.Attributes.SGuardEmailAddressAttributeTests" name="ReturnsError_WhenValueIsInvalidEmail" />
    </UnitTest>
    <UnitTest name="SGuard.DataAnnotations.Tests.Attributes.SGuardEmailAddressAttributeTests.ReturnsSuccess_WhenValueIsBusinessEmailFormat(email: &quot;marketing@brand.ca&quot;)" storage="/home/runner/work/sguard.dataannotations/sguard.dataannotations/sguard.dataannotations.tests/bin/release/net8.0/sguard.dataannotations.tests.dll" id="8bb1d1c9-ea34-8993-40af-1149612b163c">
      <Execution id="5de55039-daaa-413b-8dcc-7b0ac5cb5f2f" />
      <TestMethod codeBase="/home/runner/work/SGuard.DataAnnotations/SGuard.DataAnnotations/SGuard.DataAnnotations.Tests/bin/Release/net8.0/SGuard.DataAnnotations.Tests.dll" adapterTypeName="executor://xunit/VsTestRunner3/netcore/" className="SGuard.DataAnnotations.Tests.Attributes.SGuardEmailAddressAttributeTests" name="ReturnsSuccess_WhenValueIsBusinessEmailFormat" />
    </UnitTest>
    <UnitTest name="SGuard.DataAnnotations.Tests.Attributes.SGuardMaxLengthAttributeTests.ThrowsArgumentNullException_WhenResourceTypeIsNull" storage="/home/runner/work/sguard.dataannotations/sguard.dataannotations/sguard.dataannotations.tests/bin/release/net8.0/sguard.dataannotations.tests.dll" id="c5ed57ff-87cb-dec0-b133-e0b71b61e798">
      <Execution id="eab69e47-85c2-4e37-9e5e-0616b1c3dc52" />
      <TestMethod codeBase="/home/runner/work/SGuard.DataAnnotations/SGuard.DataAnnotations/SGuard.DataAnnotations.Tests/bin/Release/net8.0/SGuard.DataAnnotations.Tests.dll" adapterTypeName="executor://xunit/VsTestRunner3/netcore/" className="SGuard.DataAnnotations.Tests.Attributes.SGuardMaxLengthAttributeTests" name="ThrowsArgumentNullException_WhenResourceTypeIsNull" />
    </UnitTest>
    <UnitTest name="SGuard.DataAnnotations.Tests.Attributes.SGuardCreditCardAttributeTests.ReturnsLocalizedErrorMessage_WhenCultureIsSet(culture: &quot;fr&quot;)" storage="/home/runner/work/sguard.dataannotations/sguard.dataannotations/sguard.dataannotations.tests/bin/release/net8.0/sguard.dataannotations.tests.dll" id="f949f09e-ebc0-f09b-1a13-db797c40c4c3">
      <Execution id="65aba10a-f488-4827-9ec8-d10ce3c21a6e" />
      <TestMethod codeBase="/home/runner/work/SGuard.DataAnnotations/SGuard.DataAnnotations/SGuard.DataAnnotations.Tests/bin/Release/net8.0/SGuard.DataAnnotations.Tests.dll" adapterTypeName="executor://xunit/VsTestRunner3/netcore/" className="SGuard.DataAnnotations.Tests.Attributes.SGuardCreditCardAttributeTests" name="ReturnsLocalizedErrorMessage_WhenCultureIsSet" />
    </UnitTest>
    <UnitTest name="SGuard.DataAnnotations.Tests.Attributes.SGuardBetweenAttributeTests.ReturnsError_WhenValueIsOnBounds_Exclusive" storage="/home/runner/work/sguard.dataannotations/sguard.dataannotations/sguard.dataannotations.tests/bin/release/net8.0/sguard.dataannotations.tests.dll" id="05ab67e4-8ef9-bbb5-d5d0-cc77092beeaa">
      <Execution id="afa45348-01e6-4ff9-af14-0edbb06dd9bc" />
      <TestMethod codeBase="/home/runner/work/SGuard.DataAnnotations/SGuard.DataAnnotations/SGuard.DataAnnotations.Tests/bin/Release/net8.0/SGuard.DataAnnotations.Tests.dll" adapterTypeName="executor://xunit/VsTestRunner3/netcore/" className="SGuard.DataAnnotations.Tests.Attributes.SGuardBetweenAttributeTests" name="ReturnsError_WhenValueIsOnBounds_Exclusive" />
    </UnitTest>
    <UnitTest name="SGuard.DataAnnotations.Tests.Attributes.SGuardCreditCardAttributeTests.Constructor_ThrowsArgumentNullException_WhenResourceNameIsNull" storage="/home/runner/work/sguard.dataannotations/sguard.dataannotations/sguard.dataannotations.tests/bin/release/net8.0/sguard.dataannotations.tests.dll" id="69c491e7-162a-f54d-99dd-afee817e1235">
      <Execution id="be41a6c3-e228-4622-822d-77a02ceeff67" />
      <TestMethod codeBase="/home/runner/work/SGuard.DataAnnotations/SGuard.DataAnnotations/SGuard.DataAnnotations.Tests/bin/Release/net8.0/SGuard.DataAnnotations.Tests.dll" adapterTypeName="executor://xunit/VsTestRunner3/netcore/" className="SGuard.DataAnnotations.Tests.Attributes.SGuardCreditCardAttributeTests" name="Constructor_ThrowsArgumentNullException_WhenResourceNameIsNull" />
    </UnitTest>
    <UnitTest name="SGuard.DataAnnotations.Tests.Attributes.SGuardStringLengthAttributeTests.ReturnsSuccess_WhenStringIsNull" storage="/home/runner/work/sguard.dataannotations/sguard.dataannotations/sguard.dataannotations.tests/bin/release/net8.0/sguard.dataannotations.tests.dll" id="ad35ebfe-e77e-2204-0cd2-b24af72af8e4">
      <Execution id="1e5a2d4a-d7be-4f1b-95a8-b06d5efdea71" />
      <TestMethod codeBase="/home/runner/work/SGuard.DataAnnotations/SGuard.DataAnnotations/SGuard.DataAnnotations.Tests/bin/Release/net8.0/SGuard.DataAnnotations.Tests.dll" adapterTypeName="executor://xunit/VsTestRunner3/netcore/" className="SGuard.DataAnnotations.Tests.Attributes.SGuardStringLengthAttributeTests" name="ReturnsSuccess_WhenStringIsNull" />
    </UnitTest>
    <UnitTest name="SGuard.DataAnnotations.Tests.Attributes.SGuardRequiredCollectionAttributeTests.ReturnsError_WhenIEnumerableIsEmpty" storage="/home/runner/work/sguard.dataannotations/sguard.dataannotations/sguard.dataannotations.tests/bin/release/net8.0/sguard.dataannotations.tests.dll" id="4178e4ec-1c12-2298-83a8-fa1694d1598a">
      <Execution id="54a9dd2e-a2e4-4d11-ac8d-2a7b30a83517" />
      <TestMethod codeBase="/home/runner/work/SGuard.DataAnnotations/SGuard.DataAnnotations/SGuard.DataAnnotations.Tests/bin/Release/net8.0/SGuard.DataAnnotations.Tests.dll" adapterTypeName="executor://xunit/VsTestRunner3/netcore/" className="SGuard.DataAnnotations.Tests.Attributes.SGuardRequiredCollectionAttributeTests" name="ReturnsError_WhenIEnumerableIsEmpty" />
    </UnitTest>
    <UnitTest name="SGuard.DataAnnotations.Tests.Attributes.SGuardEmailAddressAttributeTests.ReturnsSuccess_WhenValueIsValidEmailFormat(email: &quot;user+label@example.com&quot;)" storage="/home/runner/work/sguard.dataannotations/sguard.dataannotations/sguard.dataannotations.tests/bin/release/net8.0/sguard.dataannotations.tests.dll" id="817c584a-c6c1-8c21-05d7-289f6ecdeaa5">
      <Execution id="9aa466fa-6e13-49a7-b5a4-251f35569fae" />
      <TestMethod codeBase="/home/runner/work/SGuard.DataAnnotations/SGuard.DataAnnotations/SGuard.DataAnnotations.Tests/bin/Release/net8.0/SGuard.DataAnnotations.Tests.dll" adapterTypeName="executor://xunit/VsTestRunner3/netcore/" className="SGuard.DataAnnotations.Tests.Attributes.SGuardEmailAddressAttributeTests" name="ReturnsSuccess_WhenValueIsValidEmailFormat" />
    </UnitTest>
    <UnitTest name="SGuard.DataAnnotations.Tests.Attributes.SGuardMinCountAttributeTests.ThrowsArgumentOutOfRangeException_WhenMinCountIsNegative" storage="/home/runner/work/sguard.dataannotations/sguard.dataannotations/sguard.dataannotations.tests/bin/release/net8.0/sguard.dataannotations.tests.dll" id="aa78dfd1-b18d-e06c-5b21-d652c8e05e3c">
      <Execution id="9a417458-1dcb-41e2-8648-62de4f8ab386" />
      <TestMethod codeBase="/home/runner/work/SGuard.DataAnnotations/SGuard.DataAnnotations/SGuard.DataAnnotations.Tests/bin/Release/net8.0/SGuard.DataAnnotations.Tests.dll" adapterTypeName="executor://xunit/VsTestRunner3/netcore/" className="SGuard.DataAnnotations.Tests.Attributes.SGuardMinCountAttributeTests" name="ThrowsArgumentOutOfRangeException_WhenMinCountIsNegative" />
    </UnitTest>
    <UnitTest name="SGuard.DataAnnotations.Tests.Exceptions.DataAnnotationsExceptionTests.DataAnnotationsException_HandlesEmptyValidationResults" storage="/home/runner/work/sguard.dataannotations/sguard.dataannotations/sguard.dataannotations.tests/bin/release/net8.0/sguard.dataannotations.tests.dll" id="d5c52403-0e4c-b9f4-b5c9-e1e2e3d8e62d">
      <Execution id="f3f2f1b1-e254-47c1-b9a9-7a4e5a3efafe" />
      <TestMethod codeBase="/home/runner/work/SGuard.DataAnnotations/SGuard.DataAnnotations/SGuard.DataAnnotations.Tests/bin/Release/net8.0/SGuard.DataAnnotations.Tests.dll" adapterTypeName="executor://xunit/VsTestRunner3/netcore/" className="SGuard.DataAnnotations.Tests.Exceptions.DataAnnotationsExceptionTests" name="DataAnnotationsException_HandlesEmptyValidationResults" />
    </UnitTest>
    <UnitTest name="SGuard.DataAnnotations.Tests.Attributes.SGuardRangeAttributeTests.ReturnsSuccess_WhenDoubleValueIsWithinRange" storage="/home/runner/work/sguard.dataannotations/sguard.dataannotations/sguard.dataannotations.tests/bin/release/net8.0/sguard.dataannotations.tests.dll" id="d1018631-d89f-4c5e-539a-e617e86cc282">
      <Execution id="4b18466d-54c1-485e-982f-93797ada10c7" />
      <TestMethod codeBase="/home/runner/work/SGuard.DataAnnotations/SGuard.DataAnnotations/SGuard.DataAnnotations.Tests/bin/Release/net8.0/SGuard.DataAnnotations.Tests.dll" adapterTypeName="executor://xunit/VsTestRunner3/netcore/" className="SGuard.DataAnnotations.Tests.Attributes.SGuardRangeAttributeTests" name="ReturnsSuccess_WhenDoubleValueIsWithinRange" />
    </UnitTest>
    <UnitTest name="SGuard.DataAnnotations.Tests.Attributes.SGuardEmailAddressAttributeTests.ReturnsError_WhenValueHasMultipleAtSymbols" storage="/home/runner/work/sguard.dataannotations/sguard.dataannotations/sguard.dataannotations.tests/bin/release/net8.0/sguard.dataannotations.tests.dll" id="35b76dca-0f99-b77f-db41-bd1c7f9c0f7f">
      <Execution id="e4df4903-aa21-437e-acee-1107ad268944" />
      <TestMethod codeBase="/home/runner/work/SGuard.DataAnnotations/SGuard.DataAnnotations/SGuard.DataAnnotations.Tests/bin/Release/net8.0/SGuard.DataAnnotations.Tests.dll" adapterTypeName="executor://xunit/VsTestRunner3/netcore/" className="SGuard.DataAnnotations.Tests.Attributes.SGuardEmailAddressAttributeTests" name="ReturnsError_WhenValueHasMultipleAtSymbols" />
    </UnitTest>
    <UnitTest name="SGuard.DataAnnotations.Tests.Attributes.SGuardCreditCardAttributeTests.ReturnsSuccess_WhenValueIsValidTestCreditCard(cardNumber: &quot;4000000000000028&quot;)" storage="/home/runner/work/sguard.dataannotations/sguard.dataannotations/sguard.dataannotations.tests/bin/release/net8.0/sguard.dataannotations.tests.dll" id="5ef97b10-c488-3da5-ecf7-3c6ea686e808">
      <Execution id="7fca8fc1-cee1-4ec2-a3f1-be82cda7dcb6" />
      <TestMethod codeBase="/home/runner/work/SGuard.DataAnnotations/SGuard.DataAnnotations/SGuard.DataAnnotations.Tests/bin/Release/net8.0/SGuard.DataAnnotations.Tests.dll" adapterTypeName="executor://xunit/VsTestRunner3/netcore/" className="SGuard.DataAnnotations.Tests.Attributes.SGuardCreditCardAttributeTests" name="ReturnsSuccess_WhenValueIsValidTestCreditCard" />
    </UnitTest>
    <UnitTest name="SGuard.DataAnnotations.Tests.Attributes.SGuardMaxCountAttributeTests.ThrowsArgumentOutOfRangeException_WhenMaxCountIsNegative" storage="/home/runner/work/sguard.dataannotations/sguard.dataannotations/sguard.dataannotations.tests/bin/release/net8.0/sguard.dataannotations.tests.dll" id="6f5d4c82-e97a-8919-fcd3-1e6e9b124483">
      <Execution id="edb5aa71-5a41-41b7-92d3-ad798367439a" />
      <TestMethod codeBase="/home/runner/work/SGuard.DataAnnotations/SGuard.DataAnnotations/SGuard.DataAnnotations.Tests/bin/Release/net8.0/SGuard.DataAnnotations.Tests.dll" adapterTypeName="executor://xunit/VsTestRunner3/netcore/" className="SGuard.DataAnnotations.Tests.Attributes.SGuardMaxCountAttributeTests" name="ThrowsArgumentOutOfRangeException_WhenMaxCountIsNegative" />
    </UnitTest>
    <UnitTest name="SGuard.DataAnnotations.Tests.Attributes.SGuardEmailAddressAttributeTests.ReturnsSuccess_WhenValueIsCommonEmailProvider(email: &quot;user@yandex.com&quot;)" storage="/home/runner/work/sguard.dataannotations/sguard.dataannotations/sguard.dataannotations.tests/bin/release/net8.0/sguard.dataannotations.tests.dll" id="2a8fbf31-0ca2-e190-916c-cbcadfb34c4d">
      <Execution id="42de794b-f772-4dcd-be93-be8bea078a99" />
      <TestMethod codeBase="/home/runner/work/SGuard.DataAnnotations/SGuard.DataAnnotations/SGuard.DataAnnotations.Tests/bin/Release/net8.0/SGuard.DataAnnotations.Tests.dll" adapterTypeName="executor://xunit/VsTestRunner3/netcore/" className="SGuard.DataAnnotations.Tests.Attributes.SGuardEmailAddressAttributeTests" name="ReturnsSuccess_WhenValueIsCommonEmailProvider" />
    </UnitTest>
    <UnitTest name="SGuard.DataAnnotations.Tests.Attributes.SGuardCompareAttributeTests.Constructor_SetsPropertiesCorrectly" storage="/home/runner/work/sguard.dataannotations/sguard.dataannotations/sguard.dataannotations.tests/bin/release/net8.0/sguard.dataannotations.tests.dll" id="b8d143d7-356a-1975-988e-a663564ec905">
      <Execution id="1acd0084-2766-4459-9b67-4899b3dc85bf" />
      <TestMethod codeBase="/home/runner/work/SGuard.DataAnnotations/SGuard.DataAnnotations/SGuard.DataAnnotations.Tests/bin/Release/net8.0/SGuard.DataAnnotations.Tests.dll" adapterTypeName="executor://xunit/VsTestRunner3/netcore/" className="SGuard.DataAnnotations.Tests.Attributes.SGuardCompareAttributeTests" name="Constructor_SetsPropertiesCorrectly" />
    </UnitTest>
    <UnitTest name="SGuard.DataAnnotations.Tests.Attributes.SGuardCompareAttributeTests.ReturnsSuccess_WhenEmptyStringsAreEqual" storage="/home/runner/work/sguard.dataannotations/sguard.dataannotations/sguard.dataannotations.tests/bin/release/net8.0/sguard.dataannotations.tests.dll" id="fc64d6a4-4d66-20a9-e79f-39d54b13b967">
      <Execution id="6552634d-0546-48c5-bc65-3b5c56f03ea7" />
      <TestMethod codeBase="/home/runner/work/SGuard.DataAnnotations/SGuard.DataAnnotations/SGuard.DataAnnotations.Tests/bin/Release/net8.0/SGuard.DataAnnotations.Tests.dll" adapterTypeName="executor://xunit/VsTestRunner3/netcore/" className="SGuard.DataAnnotations.Tests.Attributes.SGuardCompareAttributeTests" name="ReturnsSuccess_WhenEmptyStringsAreEqual" />
    </UnitTest>
    <UnitTest name="SGuard.DataAnnotations.Tests.Attributes.SGuardCompareAttributeTests.ReturnsLocalizedErrorMessage_WhenCultureIsSet(culture: &quot;tr&quot;)" storage="/home/runner/work/sguard.dataannotations/sguard.dataannotations/sguard.dataannotations.tests/bin/release/net8.0/sguard.dataannotations.tests.dll" id="5ea183d9-8439-dd6c-d705-0b7bf5efa48b">
      <Execution id="5518268a-f755-4beb-af86-69dfc3bc90e7" />
      <TestMethod codeBase="/home/runner/work/SGuard.DataAnnotations/SGuard.DataAnnotations/SGuard.DataAnnotations.Tests/bin/Release/net8.0/SGuard.DataAnnotations.Tests.dll" adapterTypeName="executor://xunit/VsTestRunner3/netcore/" className="SGuard.DataAnnotations.Tests.Attributes.SGuardCompareAttributeTests" name="ReturnsLocalizedErrorMessage_WhenCultureIsSet" />
    </UnitTest>
    <UnitTest name="SGuard.DataAnnotations.Tests.Attributes.SGuardCreditCardAttributeTests.ReturnsError_WhenValueIsNotString" storage="/home/runner/work/sguard.dataannotations/sguard.dataannotations/sguard.dataannotations.tests/bin/release/net8.0/sguard.dataannotations.tests.dll" id="fc1149e3-8328-66ee-a9f5-e2d92724028b">
      <Execution id="57dc9c6f-3930-405f-8170-fc5c3432ee30" />
      <TestMethod codeBase="/home/runner/work/SGuard.DataAnnotations/SGuard.DataAnnotations/SGuard.DataAnnotations.Tests/bin/Release/net8.0/SGuard.DataAnnotations.Tests.dll" adapterTypeName="executor://xunit/VsTestRunner3/netcore/" className="SGuard.DataAnnotations.Tests.Attributes.SGuardCreditCardAttributeTests" name="ReturnsError_WhenValueIsNotString" />
    </UnitTest>
    <UnitTest name="SGuard.DataAnnotations.Tests.Attributes.SGuardCompareAttributeTests.WorksWithNullableValues_BothAreNull" storage="/home/runner/work/sguard.dataannotations/sguard.dataannotations/sguard.dataannotations.tests/bin/release/net8.0/sguard.dataannotations.tests.dll" id="df6321b2-10b9-6d13-6238-d319917341ab">
      <Execution id="33c094fc-74b0-47ad-a848-e8ee320655a8" />
      <TestMethod codeBase="/home/runner/work/SGuard.DataAnnotations/SGuard.DataAnnotations/SGuard.DataAnnotations.Tests/bin/Release/net8.0/SGuard.DataAnnotations.Tests.dll" adapterTypeName="executor://xunit/VsTestRunner3/netcore/" className="SGuard.DataAnnotations.Tests.Attributes.SGuardCompareAttributeTests" name="WorksWithNullableValues_BothAreNull" />
    </UnitTest>
    <UnitTest name="SGuard.DataAnnotations.Tests.Attributes.SGuardRangeAttributeTests.ReturnsError_WhenDoubleValueIsBelowRange" storage="/home/runner/work/sguard.dataannotations/sguard.dataannotations/sguard.dataannotations.tests/bin/release/net8.0/sguard.dataannotations.tests.dll" id="6ad43e97-1e3e-ec83-e035-af1c369888de">
      <Execution id="1c8c1984-0cfb-42cd-a71e-a2ad9658ff6f" />
      <TestMethod codeBase="/home/runner/work/SGuard.DataAnnotations/SGuard.DataAnnotations/SGuard.DataAnnotations.Tests/bin/Release/net8.0/SGuard.DataAnnotations.Tests.dll" adapterTypeName="executor://xunit/VsTestRunner3/netcore/" className="SGuard.DataAnnotations.Tests.Attributes.SGuardRangeAttributeTests" name="ReturnsError_WhenDoubleValueIsBelowRange" />
    </UnitTest>
    <UnitTest name="SGuard.DataAnnotations.Tests.Attributes.SGuardEmailAddressAttributeTests.Newsletter_SubscriptionEmail_Success" storage="/home/runner/work/sguard.dataannotations/sguard.dataannotations/sguard.dataannotations.tests/bin/release/net8.0/sguard.dataannotations.tests.dll" id="603feeed-2241-e035-6017-b1d30d094808">
      <Execution id="a9a1bd8d-ed30-409e-bc7e-2f18055ec0dc" />
      <TestMethod codeBase="/home/runner/work/SGuard.DataAnnotations/SGuard.DataAnnotations/SGuard.DataAnnotations.Tests/bin/Release/net8.0/SGuard.DataAnnotations.Tests.dll" adapterTypeName="executor://xunit/VsTestRunner3/netcore/" className="SGuard.DataAnnotations.Tests.Attributes.SGuardEmailAddressAttributeTests" name="Newsletter_SubscriptionEmail_Success" />
    </UnitTest>
    <UnitTest name="SGuard.DataAnnotations.Tests.DataAnnotation.ThrowIfTests.DataAnnotationsInValid_InvalidObject_ThrowsCustomExceptionWithArgs" storage="/home/runner/work/sguard.dataannotations/sguard.dataannotations/sguard.dataannotations.tests/bin/release/net8.0/sguard.dataannotations.tests.dll" id="20732fe4-3f82-c4d4-02eb-ec9f33b96963">
      <Execution id="e58e9a27-75d0-4fb2-8df0-f276c4a95b6a" />
      <TestMethod codeBase="/home/runner/work/SGuard.DataAnnotations/SGuard.DataAnnotations/SGuard.DataAnnotations.Tests/bin/Release/net8.0/SGuard.DataAnnotations.Tests.dll" adapterTypeName="executor://xunit/VsTestRunner3/netcore/" className="SGuard.DataAnnotations.Tests.DataAnnotation.ThrowIfTests" name="DataAnnotationsInValid_InvalidObject_ThrowsCustomExceptionWithArgs" />
    </UnitTest>
    <UnitTest name="SGuard.DataAnnotations.Tests.Attributes.SGuardEmailAddressAttributeTests.HandlesNumbersInDomainAndLocalPart" storage="/home/runner/work/sguard.dataannotations/sguard.dataannotations/sguard.dataannotations.tests/bin/release/net8.0/sguard.dataannotations.tests.dll" id="3a163180-57a1-4f78-3b75-4f1dc7d6c21e">
      <Execution id="0662e3d4-90dd-49a8-a8d7-d73b41a77a60" />
      <TestMethod codeBase="/home/runner/work/SGuard.DataAnnotations/SGuard.DataAnnotations/SGuard.DataAnnotations.Tests/bin/Release/net8.0/SGuard.DataAnnotations.Tests.dll" adapterTypeName="executor://xunit/VsTestRunner3/netcore/" className="SGuard.DataAnnotations.Tests.Attributes.SGuardEmailAddressAttributeTests" name="HandlesNumbersInDomainAndLocalPart" />
    </UnitTest>
    <UnitTest name="SGuard.DataAnnotations.Tests.Attributes.SGuardCompareAttributeTests.HandlesMinMaxIntValues" storage="/home/runner/work/sguard.dataannotations/sguard.dataannotations/sguard.dataannotations.tests/bin/release/net8.0/sguard.dataannotations.tests.dll" id="a9e3ef2d-963b-68b9-593a-b3e2a08e6467">
      <Execution id="b406d3ad-f087-47b6-9560-caf0f971f19c" />
      <TestMethod codeBase="/home/runner/work/SGuard.DataAnnotations/SGuard.DataAnnotations/SGuard.DataAnnotations.Tests/bin/Release/net8.0/SGuard.DataAnnotations.Tests.dll" adapterTypeName="executor://xunit/VsTestRunner3/netcore/" className="SGuard.DataAnnotations.Tests.Attributes.SGuardCompareAttributeTests" name="HandlesMinMaxIntValues" />
    </UnitTest>
    <UnitTest name="SGuard.DataAnnotations.Tests.Attributes.SGuardCollectionItemsMatchAttributeTests.ReturnsSuccess_WhenAllItemsValid" storage="/home/runner/work/sguard.dataannotations/sguard.dataannotations/sguard.dataannotations.tests/bin/release/net8.0/sguard.dataannotations.tests.dll" id="6720d7d6-f9fe-851e-f20f-3d7775f4d8f4">
      <Execution id="406e3bae-c850-4ac9-936c-a7d57771f321" />
      <TestMethod codeBase="/home/runner/work/SGuard.DataAnnotations/SGuard.DataAnnotations/SGuard.DataAnnotations.Tests/bin/Release/net8.0/SGuard.DataAnnotations.Tests.dll" adapterTypeName="executor://xunit/VsTestRunner3/netcore/" className="SGuard.DataAnnotations.Tests.Attributes.SGuardCollectionItemsMatchAttributeTests" name="ReturnsSuccess_WhenAllItemsValid" />
    </UnitTest>
    <UnitTest name="SGuard.DataAnnotations.Tests.Attributes.SGuardUrlAttributeTests.ReturnsError_WhenValueIsInvalidUrl" storage="/home/runner/work/sguard.dataannotations/sguard.dataannotations/sguard.dataannotations.tests/bin/release/net8.0/sguard.dataannotations.tests.dll" id="4bc503a7-11a2-2f4f-32a1-66720fdf3855">
      <Execution id="f1e13e02-df97-427e-818a-666c49638042" />
      <TestMethod codeBase="/home/runner/work/SGuard.DataAnnotations/SGuard.DataAnnotations/SGuard.DataAnnotations.Tests/bin/Release/net8.0/SGuard.DataAnnotations.Tests.dll" adapterTypeName="executor://xunit/VsTestRunner3/netcore/" className="SGuard.DataAnnotations.Tests.Attributes.SGuardUrlAttributeTests" name="ReturnsError_WhenValueIsInvalidUrl" />
    </UnitTest>
    <UnitTest name="SGuard.DataAnnotations.Tests.Attributes.SGuardPhoneAttributeTests.ReturnsLocalizedErrorMessage_WhenCultureIsSetToTurkish" storage="/home/runner/work/sguard.dataannotations/sguard.dataannotations/sguard.dataannotations.tests/bin/release/net8.0/sguard.dataannotations.tests.dll" id="8da2c0e9-e99c-45b8-35cd-c98d5c3013f5">
      <Execution id="def77474-c556-4c74-b714-420fb6aa7382" />
      <TestMethod codeBase="/home/runner/work/SGuard.DataAnnotations/SGuard.DataAnnotations/SGuard.DataAnnotations.Tests/bin/Release/net8.0/SGuard.DataAnnotations.Tests.dll" adapterTypeName="executor://xunit/VsTestRunner3/netcore/" className="SGuard.DataAnnotations.Tests.Attributes.SGuardPhoneAttributeTests" name="ReturnsLocalizedErrorMessage_WhenCultureIsSetToTurkish" />
    </UnitTest>
    <UnitTest name="SGuard.DataAnnotations.Tests.Attributes.SGuardLessThanAttributeTests.ReturnsError_WhenOtherIsNull" storage="/home/runner/work/sguard.dataannotations/sguard.dataannotations/sguard.dataannotations.tests/bin/release/net8.0/sguard.dataannotations.tests.dll" id="a011312a-4f9e-2d4f-469f-23423f0b646f">
      <Execution id="91e10a82-8275-448f-ae95-d465c984a7d9" />
      <TestMethod codeBase="/home/runner/work/SGuard.DataAnnotations/SGuard.DataAnnotations/SGuard.DataAnnotations.Tests/bin/Release/net8.0/SGuard.DataAnnotations.Tests.dll" adapterTypeName="executor://xunit/VsTestRunner3/netcore/" className="SGuard.DataAnnotations.Tests.Attributes.SGuardLessThanAttributeTests" name="ReturnsError_WhenOtherIsNull" />
    </UnitTest>
    <UnitTest name="SGuard.DataAnnotations.Tests.Attributes.SGuardEmailAddressAttributeTests.HandlesVeryLongLocalPart" storage="/home/runner/work/sguard.dataannotations/sguard.dataannotations/sguard.dataannotations.tests/bin/release/net8.0/sguard.dataannotations.tests.dll" id="c3d2bc6c-b99d-0b63-9c60-e4b9e91013f0">
      <Execution id="22bd149b-2edd-4b22-80e0-14300022b814" />
      <TestMethod codeBase="/home/runner/work/SGuard.DataAnnotations/SGuard.DataAnnotations/SGuard.DataAnnotations.Tests/bin/Release/net8.0/SGuard.DataAnnotations.Tests.dll" adapterTypeName="executor://xunit/VsTestRunner3/netcore/" className="SGuard.DataAnnotations.Tests.Attributes.SGuardEmailAddressAttributeTests" name="HandlesVeryLongLocalPart" />
    </UnitTest>
    <UnitTest name="SGuard.DataAnnotations.Tests.Attributes.SGuardCompareAttributeTests.ReturnsLocalizedErrorMessage_WhenCultureIsSet(culture: &quot;hi&quot;)" storage="/home/runner/work/sguard.dataannotations/sguard.dataannotations/sguard.dataannotations.tests/bin/release/net8.0/sguard.dataannotations.tests.dll" id="97cc8c61-e7e0-43ce-a7ae-b4abe6d55000">
      <Execution id="d06de896-bab1-41c7-99cc-0f05ca814252" />
      <TestMethod codeBase="/home/runner/work/SGuard.DataAnnotations/SGuard.DataAnnotations/SGuard.DataAnnotations.Tests/bin/Release/net8.0/SGuard.DataAnnotations.Tests.dll" adapterTypeName="executor://xunit/VsTestRunner3/netcore/" className="SGuard.DataAnnotations.Tests.Attributes.SGuardCompareAttributeTests" name="ReturnsLocalizedErrorMessage_WhenCultureIsSet" />
    </UnitTest>
    <UnitTest name="SGuard.DataAnnotations.Tests.Attributes.SGuardLessThanAttributeTests.ReturnsSuccess_WhenDateValueIsLessThanOther" storage="/home/runner/work/sguard.dataannotations/sguard.dataannotations/sguard.dataannotations.tests/bin/release/net8.0/sguard.dataannotations.tests.dll" id="6445b153-8bd3-09d0-a13f-62fd6c102d0c">
      <Execution id="88f815b7-2937-47ea-ae0a-0bf31f549604" />
      <TestMethod codeBase="/home/runner/work/SGuard.DataAnnotations/SGuard.DataAnnotations/SGuard.DataAnnotations.Tests/bin/Release/net8.0/SGuard.DataAnnotations.Tests.dll" adapterTypeName="executor://xunit/VsTestRunner3/netcore/" className="SGuard.DataAnnotations.Tests.Attributes.SGuardLessThanAttributeTests" name="ReturnsSuccess_WhenDateValueIsLessThanOther" />
    </UnitTest>
    <UnitTest name="SGuard.DataAnnotations.Tests.Attributes.SGuardEmailAddressAttributeTests.ReturnsError_WhenValueIsInvalidEmailFormat(email: &quot;two@@domain.com&quot;)" storage="/home/runner/work/sguard.dataannotations/sguard.dataannotations/sguard.dataannotations.tests/bin/release/net8.0/sguard.dataannotations.tests.dll" id="a35af25c-d766-53c1-c164-013f8f5be8cd">
      <Execution id="89b5a2ea-2ba4-486b-b4f4-3ef4de9e3781" />
      <TestMethod codeBase="/home/runner/work/SGuard.DataAnnotations/SGuard.DataAnnotations/SGuard.DataAnnotations.Tests/bin/Release/net8.0/SGuard.DataAnnotations.Tests.dll" adapterTypeName="executor://xunit/VsTestRunner3/netcore/" className="SGuard.DataAnnotations.Tests.Attributes.SGuardEmailAddressAttributeTests" name="ReturnsError_WhenValueIsInvalidEmailFormat" />
    </UnitTest>
    <UnitTest name="SGuard.DataAnnotations.Tests.Attributes.SGuardEmailAddressAttributeTests.ReturnsSuccess_WhenValueIsValidEmailFormat(email: &quot;test.email@domain.org&quot;)" storage="/home/runner/work/sguard.dataannotations/sguard.dataannotations/sguard.dataannotations.tests/bin/release/net8.0/sguard.dataannotations.tests.dll" id="9d9f8a4f-fb5f-d9c1-b8a2-a33f0fcb61c1">
      <Execution id="158d338b-eb3c-4b41-9e22-916fdcf33200" />
      <TestMethod codeBase="/home/runner/work/SGuard.DataAnnotations/SGuard.DataAnnotations/SGuard.DataAnnotations.Tests/bin/Release/net8.0/SGuard.DataAnnotations.Tests.dll" adapterTypeName="executor://xunit/VsTestRunner3/netcore/" className="SGuard.DataAnnotations.Tests.Attributes.SGuardEmailAddressAttributeTests" name="ReturnsSuccess_WhenValueIsValidEmailFormat" />
    </UnitTest>
    <UnitTest name="SGuard.DataAnnotations.Tests.Attributes.SGuardCompareAttributeTests.ReturnsError_WhenPropertiesAreDifferent" storage="/home/runner/work/sguard.dataannotations/sguard.dataannotations/sguard.dataannotations.tests/bin/release/net8.0/sguard.dataannotations.tests.dll" id="7878f711-caab-1cca-2af9-08abc8bcb3d3">
      <Execution id="a426e2f4-a72c-49b3-94a4-f50a484650c5" />
      <TestMethod codeBase="/home/runner/work/SGuard.DataAnnotations/SGuard.DataAnnotations/SGuard.DataAnnotations.Tests/bin/Release/net8.0/SGuard.DataAnnotations.Tests.dll" adapterTypeName="executor://xunit/VsTestRunner3/netcore/" className="SGuard.DataAnnotations.Tests.Attributes.SGuardCompareAttributeTests" name="ReturnsError_WhenPropertiesAreDifferent" />
    </UnitTest>
    <UnitTest name="SGuard.DataAnnotations.Tests.Attributes.SGuardMaxCountAttributeTests.ReturnsSuccess_WhenListCountIsEqualToMax" storage="/home/runner/work/sguard.dataannotations/sguard.dataannotations/sguard.dataannotations.tests/bin/release/net8.0/sguard.dataannotations.tests.dll" id="f2ac8eb8-7f9a-a4b7-d9b1-f5b950d32be0">
      <Execution id="fbc60a99-2f0c-402e-9191-55bb412d4cb2" />
      <TestMethod codeBase="/home/runner/work/SGuard.DataAnnotations/SGuard.DataAnnotations/SGuard.DataAnnotations.Tests/bin/Release/net8.0/SGuard.DataAnnotations.Tests.dll" adapterTypeName="executor://xunit/VsTestRunner3/netcore/" className="SGuard.DataAnnotations.Tests.Attributes.SGuardMaxCountAttributeTests" name="ReturnsSuccess_WhenListCountIsEqualToMax" />
    </UnitTest>
    <UnitTest name="SGuard.DataAnnotations.Tests.Attributes.SGuardCompareAttributeTests.PasswordConfirmation_Failure" storage="/home/runner/work/sguard.dataannotations/sguard.dataannotations/sguard.dataannotations.tests/bin/release/net8.0/sguard.dataannotations.tests.dll" id="3e83b502-61b1-b054-a794-f59f4c4c2693">
      <Execution id="ad5bdbf1-5bdd-4bf3-88e7-76528181debf" />
      <TestMethod codeBase="/home/runner/work/SGuard.DataAnnotations/SGuard.DataAnnotations/SGuard.DataAnnotations.Tests/bin/Release/net8.0/SGuard.DataAnnotations.Tests.dll" adapterTypeName="executor://xunit/VsTestRunner3/netcore/" className="SGuard.DataAnnotations.Tests.Attributes.SGuardCompareAttributeTests" name="PasswordConfirmation_Failure" />
    </UnitTest>
    <UnitTest name="SGuard.DataAnnotations.Tests.Attributes.SGuardEmailAddressAttributeTests.ReturnsError_WhenValueIsObject" storage="/home/runner/work/sguard.dataannotations/sguard.dataannotations/sguard.dataannotations.tests/bin/release/net8.0/sguard.dataannotations.tests.dll" id="8d452b53-bcbd-4ef9-87eb-bb2d9bd289be">
      <Execution id="575b304c-9364-4a03-aa99-098403cc02cf" />
      <TestMethod codeBase="/home/runner/work/SGuard.DataAnnotations/SGuard.DataAnnotations/SGuard.DataAnnotations.Tests/bin/Release/net8.0/SGuard.DataAnnotations.Tests.dll" adapterTypeName="executor://xunit/VsTestRunner3/netcore/" className="SGuard.DataAnnotations.Tests.Attributes.SGuardEmailAddressAttributeTests" name="ReturnsError_WhenValueIsObject" />
    </UnitTest>
    <UnitTest name="SGuard.DataAnnotations.Tests.Attributes.SGuardEmailAddressAttributeTests.ReturnsSuccess_WhenValueIsBusinessEmailFormat(email: &quot;hr@corporation.au&quot;)" storage="/home/runner/work/sguard.dataannotations/sguard.dataannotations/sguard.dataannotations.tests/bin/release/net8.0/sguard.dataannotations.tests.dll" id="6468c7f7-1dba-3b2c-fe98-4295b607576f">
      <Execution id="d9c4e01e-f701-41b5-bd79-2ab7c9855ef9" />
      <TestMethod codeBase="/home/runner/work/SGuard.DataAnnotations/SGuard.DataAnnotations/SGuard.DataAnnotations.Tests/bin/Release/net8.0/SGuard.DataAnnotations.Tests.dll" adapterTypeName="executor://xunit/VsTestRunner3/netcore/" className="SGuard.DataAnnotations.Tests.Attributes.SGuardEmailAddressAttributeTests" name="ReturnsSuccess_WhenValueIsBusinessEmailFormat" />
    </UnitTest>
    <UnitTest name="SGuard.DataAnnotations.Tests.Attributes.SGuardBetweenAttributeTests.WorksWithPrivateProperties" storage="/home/runner/work/sguard.dataannotations/sguard.dataannotations/sguard.dataannotations.tests/bin/release/net8.0/sguard.dataannotations.tests.dll" id="854cdc07-b7a1-9b9b-497b-dfad4353eb25">
      <Execution id="d8105db0-6098-4e23-9640-f4b191d6ade4" />
      <TestMethod codeBase="/home/runner/work/SGuard.DataAnnotations/SGuard.DataAnnotations/SGuard.DataAnnotations.Tests/bin/Release/net8.0/SGuard.DataAnnotations.Tests.dll" adapterTypeName="executor://xunit/VsTestRunner3/netcore/" className="SGuard.DataAnnotations.Tests.Attributes.SGuardBetweenAttributeTests" name="WorksWithPrivateProperties" />
    </UnitTest>
    <UnitTest name="SGuard.DataAnnotations.Tests.Attributes.SGuardGreaterThanAttributeTests.ReturnsError_WhenValueIsNull" storage="/home/runner/work/sguard.dataannotations/sguard.dataannotations/sguard.dataannotations.tests/bin/release/net8.0/sguard.dataannotations.tests.dll" id="d600a704-e64f-345e-8d84-0859a85bb767">
      <Execution id="4cff7fa8-c439-44a4-9ce7-9327ffda49c1" />
      <TestMethod codeBase="/home/runner/work/SGuard.DataAnnotations/SGuard.DataAnnotations/SGuard.DataAnnotations.Tests/bin/Release/net8.0/SGuard.DataAnnotations.Tests.dll" adapterTypeName="executor://xunit/VsTestRunner3/netcore/" className="SGuard.DataAnnotations.Tests.Attributes.SGuardGreaterThanAttributeTests" name="ReturnsError_WhenValueIsNull" />
    </UnitTest>
    <UnitTest name="SGuard.DataAnnotations.Tests.DataAnnotation.ThrowIfTests.DataAnnotationsInValid_InvalidObject_ThrowsCustomException" storage="/home/runner/work/sguard.dataannotations/sguard.dataannotations/sguard.dataannotations.tests/bin/release/net8.0/sguard.dataannotations.tests.dll" id="b24b8f0e-941c-4a81-71f3-3f4ba79c95eb">
      <Execution id="725462bb-4406-4e4c-9edb-f14a3b8a635e" />
      <TestMethod codeBase="/home/runner/work/SGuard.DataAnnotations/SGuard.DataAnnotations/SGuard.DataAnnotations.Tests/bin/Release/net8.0/SGuard.DataAnnotations.Tests.dll" adapterTypeName="executor://xunit/VsTestRunner3/netcore/" className="SGuard.DataAnnotations.Tests.DataAnnotation.ThrowIfTests" name="DataAnnotationsInValid_InvalidObject_ThrowsCustomException" />
    </UnitTest>
    <UnitTest name="SGuard.DataAnnotations.Tests.Attributes.SGuardEmailAddressAttributeTests.ReturnsSuccess_WhenValueIsCommonEmailProvider(email: &quot;user@hotmail.com&quot;)" storage="/home/runner/work/sguard.dataannotations/sguard.dataannotations/sguard.dataannotations.tests/bin/release/net8.0/sguard.dataannotations.tests.dll" id="624a2de5-bfea-7fa5-ee1a-26526dad9b4c">
      <Execution id="6ed5391e-9224-4642-bb2d-52daa150e745" />
      <TestMethod codeBase="/home/runner/work/SGuard.DataAnnotations/SGuard.DataAnnotations/SGuard.DataAnnotations.Tests/bin/Release/net8.0/SGuard.DataAnnotations.Tests.dll" adapterTypeName="executor://xunit/VsTestRunner3/netcore/" className="SGuard.DataAnnotations.Tests.Attributes.SGuardEmailAddressAttributeTests" name="ReturnsSuccess_WhenValueIsCommonEmailProvider" />
    </UnitTest>
    <UnitTest name="SGuard.DataAnnotations.Tests.Attributes.SGuardValidationAttributeBaseFallbackTests.Returns_FallbackResource_IfMainResourceMissing_AndFallbackResourceExists" storage="/home/runner/work/sguard.dataannotations/sguard.dataannotations/sguard.dataannotations.tests/bin/release/net8.0/sguard.dataannotations.tests.dll" id="cbc682c1-72ef-07ff-b3bd-6812b487795a">
      <Execution id="eccd740f-e7c0-4b4d-8a8a-abd53025720b" />
      <TestMethod codeBase="/home/runner/work/SGuard.DataAnnotations/SGuard.DataAnnotations/SGuard.DataAnnotations.Tests/bin/Release/net8.0/SGuard.DataAnnotations.Tests.dll" adapterTypeName="executor://xunit/VsTestRunner3/netcore/" className="SGuard.DataAnnotations.Tests.Attributes.SGuardValidationAttributeBaseFallbackTests" name="Returns_FallbackResource_IfMainResourceMissing_AndFallbackResourceExists" />
    </UnitTest>
    <UnitTest name="SGuard.DataAnnotations.Tests.Attributes.SGuardBetweenAttributeTests.Constructor_DefaultsToInclusive" storage="/home/runner/work/sguard.dataannotations/sguard.dataannotations/sguard.dataannotations.tests/bin/release/net8.0/sguard.dataannotations.tests.dll" id="2986eca1-77a1-4319-3b1b-6fa3d5a3f516">
      <Execution id="e069abcc-ec2f-44cc-ad14-7cbb8f99b282" />
      <TestMethod codeBase="/home/runner/work/SGuard.DataAnnotations/SGuard.DataAnnotations/SGuard.DataAnnotations.Tests/bin/Release/net8.0/SGuard.DataAnnotations.Tests.dll" adapterTypeName="executor://xunit/VsTestRunner3/netcore/" className="SGuard.DataAnnotations.Tests.Attributes.SGuardBetweenAttributeTests" name="Constructor_DefaultsToInclusive" />
    </UnitTest>
    <UnitTest name="SGuard.DataAnnotations.Tests.Attributes.SGuardMaxCountAttributeTests.ReturnsSuccess_WhenValueIsNull" storage="/home/runner/work/sguard.dataannotations/sguard.dataannotations/sguard.dataannotations.tests/bin/release/net8.0/sguard.dataannotations.tests.dll" id="06c65910-8332-c5fd-1e18-cc91e6b26b03">
      <Execution id="5252bf22-57d2-455d-aedf-46818e9d0e41" />
      <TestMethod codeBase="/home/runner/work/SGuard.DataAnnotations/SGuard.DataAnnotations/SGuard.DataAnnotations.Tests/bin/Release/net8.0/SGuard.DataAnnotations.Tests.dll" adapterTypeName="executor://xunit/VsTestRunner3/netcore/" className="SGuard.DataAnnotations.Tests.Attributes.SGuardMaxCountAttributeTests" name="ReturnsSuccess_WhenValueIsNull" />
    </UnitTest>
    <UnitTest name="SGuard.DataAnnotations.Tests.Attributes.SGuardRequiredCollectionAttributeTests.ReturnsError_WhenArrayIsEmpty" storage="/home/runner/work/sguard.dataannotations/sguard.dataannotations/sguard.dataannotations.tests/bin/release/net8.0/sguard.dataannotations.tests.dll" id="9f63bd5d-0f31-1ffd-576e-c665a4cc7de0">
      <Execution id="877bb90a-0773-4c51-8eaf-844c7c5bb800" />
      <TestMethod codeBase="/home/runner/work/SGuard.DataAnnotations/SGuard.DataAnnotations/SGuard.DataAnnotations.Tests/bin/Release/net8.0/SGuard.DataAnnotations.Tests.dll" adapterTypeName="executor://xunit/VsTestRunner3/netcore/" className="SGuard.DataAnnotations.Tests.Attributes.SGuardRequiredCollectionAttributeTests" name="ReturnsError_WhenArrayIsEmpty" />
    </UnitTest>
    <UnitTest name="SGuard.DataAnnotations.Tests.Attributes.SGuardCreditCardAttributeTests.HandlesLeadingTrailingWhitespace" storage="/home/runner/work/sguard.dataannotations/sguard.dataannotations/sguard.dataannotations.tests/bin/release/net8.0/sguard.dataannotations.tests.dll" id="726ad79d-7dd6-0f82-8173-b2f753aae5b2">
      <Execution id="8dc25c13-8e07-48d6-9daf-484e76a79bab" />
      <TestMethod codeBase="/home/runner/work/SGuard.DataAnnotations/SGuard.DataAnnotations/SGuard.DataAnnotations.Tests/bin/Release/net8.0/SGuard.DataAnnotations.Tests.dll" adapterTypeName="executor://xunit/VsTestRunner3/netcore/" className="SGuard.DataAnnotations.Tests.Attributes.SGuardCreditCardAttributeTests" name="HandlesLeadingTrailingWhitespace" />
    </UnitTest>
    <UnitTest name="SGuard.DataAnnotations.Tests.Attributes.SGuardRequiredIfAttributeTests.ReturnsError_WhenConditionMet_AndValueIsNull" storage="/home/runner/work/sguard.dataannotations/sguard.dataannotations/sguard.dataannotations.tests/bin/release/net8.0/sguard.dataannotations.tests.dll" id="c7ec37c9-24c3-32c1-fc65-b1136af2dde0">
      <Execution id="46ffd604-c852-47a8-8a9b-6713ecc863e7" />
      <TestMethod codeBase="/home/runner/work/SGuard.DataAnnotations/SGuard.DataAnnotations/SGuard.DataAnnotations.Tests/bin/Release/net8.0/SGuard.DataAnnotations.Tests.dll" adapterTypeName="executor://xunit/VsTestRunner3/netcore/" className="SGuard.DataAnnotations.Tests.Attributes.SGuardRequiredIfAttributeTests" name="ReturnsError_WhenConditionMet_AndValueIsNull" />
    </UnitTest>
    <UnitTest name="SGuard.DataAnnotations.Tests.Attributes.SGuardEmailAddressAttributeTests.ReturnsLocalizedErrorMessage_WhenCultureIsSet(culture: &quot;tr&quot;)" storage="/home/runner/work/sguard.dataannotations/sguard.dataannotations/sguard.dataannotations.tests/bin/release/net8.0/sguard.dataannotations.tests.dll" id="072e86b7-7eb2-688d-998d-1e5870775db4">
      <Execution id="d2589a1b-660f-4554-98c5-22aa5c1b1a8e" />
      <TestMethod codeBase="/home/runner/work/SGuard.DataAnnotations/SGuard.DataAnnotations/SGuard.DataAnnotations.Tests/bin/Release/net8.0/SGuard.DataAnnotations.Tests.dll" adapterTypeName="executor://xunit/VsTestRunner3/netcore/" className="SGuard.DataAnnotations.Tests.Attributes.SGuardEmailAddressAttributeTests" name="ReturnsLocalizedErrorMessage_WhenCultureIsSet" />
    </UnitTest>
    <UnitTest name="SGuard.DataAnnotations.Tests.Attributes.SGuardCollectionItemsMatchAttributeTests.ReturnsError_OnFirstInvalidItem_WhenAggregateAllErrorsFalse" storage="/home/runner/work/sguard.dataannotations/sguard.dataannotations/sguard.dataannotations.tests/bin/release/net8.0/sguard.dataannotations.tests.dll" id="bb86542c-3e76-c608-0153-01d9417953db">
      <Execution id="e3690173-ef4c-40c1-9d14-81fa277a5435" />
      <TestMethod codeBase="/home/runner/work/SGuard.DataAnnotations/SGuard.DataAnnotations/SGuard.DataAnnotations.Tests/bin/Release/net8.0/SGuard.DataAnnotations.Tests.dll" adapterTypeName="executor://xunit/VsTestRunner3/netcore/" className="SGuard.DataAnnotations.Tests.Attributes.SGuardCollectionItemsMatchAttributeTests" name="ReturnsError_OnFirstInvalidItem_WhenAggregateAllErrorsFalse" />
    </UnitTest>
    <UnitTest name="SGuard.DataAnnotations.Tests.DataAnnotation.ThrowIfTests.DataAnnotationsInValid_NullExceptionInstance_ThrowsArgumentNullExceptionAndDoesNotInvokeCallback" storage="/home/runner/work/sguard.dataannotations/sguard.dataannotations/sguard.dataannotations.tests/bin/release/net8.0/sguard.dataannotations.tests.dll" id="926ef732-1aa1-5a08-5893-23ee6117a9ac">
      <Execution id="432d764e-1edc-45a3-a860-1f8612556378" />
      <TestMethod codeBase="/home/runner/work/SGuard.DataAnnotations/SGuard.DataAnnotations/SGuard.DataAnnotations.Tests/bin/Release/net8.0/SGuard.DataAnnotations.Tests.dll" adapterTypeName="executor://xunit/VsTestRunner3/netcore/" className="SGuard.DataAnnotations.Tests.DataAnnotation.ThrowIfTests" name="DataAnnotationsInValid_NullExceptionInstance_ThrowsArgumentNullExceptionAndDoesNotInvokeCallback" />
    </UnitTest>
    <UnitTest name="SGuard.DataAnnotations.Tests.Attributes.SGuardCreditCardAttributeTests.Constructor_SetsPropertiesCorrectly" storage="/home/runner/work/sguard.dataannotations/sguard.dataannotations/sguard.dataannotations.tests/bin/release/net8.0/sguard.dataannotations.tests.dll" id="d22fb08b-8562-9efb-f076-1e553fb1dcde">
      <Execution id="847aa896-f328-4efc-92e9-57ca03e6aeef" />
      <TestMethod codeBase="/home/runner/work/SGuard.DataAnnotations/SGuard.DataAnnotations/SGuard.DataAnnotations.Tests/bin/Release/net8.0/SGuard.DataAnnotations.Tests.dll" adapterTypeName="executor://xunit/VsTestRunner3/netcore/" className="SGuard.DataAnnotations.Tests.Attributes.SGuardCreditCardAttributeTests" name="Constructor_SetsPropertiesCorrectly" />
    </UnitTest>
    <UnitTest name="SGuard.DataAnnotations.Tests.Attributes.SGuardRequiredIfAttributeTests.ReturnsError_WhenDependentPropertyDoesNotExist" storage="/home/runner/work/sguard.dataannotations/sguard.dataannotations/sguard.dataannotations.tests/bin/release/net8.0/sguard.dataannotations.tests.dll" id="842e542c-40fa-3c20-0411-bbfe8c1ae453">
      <Execution id="55678b92-1f3e-4568-900d-4c099eb56827" />
      <TestMethod codeBase="/home/runner/work/SGuard.DataAnnotations/SGuard.DataAnnotations/SGuard.DataAnnotations.Tests/bin/Release/net8.0/SGuard.DataAnnotations.Tests.dll" adapterTypeName="executor://xunit/VsTestRunner3/netcore/" className="SGuard.DataAnnotations.Tests.Attributes.SGuardRequiredIfAttributeTests" name="ReturnsError_WhenDependentPropertyDoesNotExist" />
    </UnitTest>
    <UnitTest name="SGuard.DataAnnotations.Tests.Attributes.SGuardBetweenAttributeTests.ReturnsError_WhenMaxValueIsNull" storage="/home/runner/work/sguard.dataannotations/sguard.dataannotations/sguard.dataannotations.tests/bin/release/net8.0/sguard.dataannotations.tests.dll" id="191f749e-fb36-423d-3ffc-8c8d13d8da31">
      <Execution id="f7be0827-90aa-4aba-b7f6-7657013bcb3a" />
      <TestMethod codeBase="/home/runner/work/SGuard.DataAnnotations/SGuard.DataAnnotations/SGuard.DataAnnotations.Tests/bin/Release/net8.0/SGuard.DataAnnotations.Tests.dll" adapterTypeName="executor://xunit/VsTestRunner3/netcore/" className="SGuard.DataAnnotations.Tests.Attributes.SGuardBetweenAttributeTests" name="ReturnsError_WhenMaxValueIsNull" />
    </UnitTest>
    <UnitTest name="SGuard.DataAnnotations.Tests.Attributes.SGuardCreditCardAttributeTests.ReturnsSuccess_WhenValueIsValidTestCreditCard(cardNumber: &quot;3566002020360505&quot;)" storage="/home/runner/work/sguard.dataannotations/sguard.dataannotations/sguard.dataannotations.tests/bin/release/net8.0/sguard.dataannotations.tests.dll" id="06fd7059-3d6f-6c93-7a5a-42eb775a541b">
      <Execution id="6a7247f7-1503-47c7-99e3-303fc6a0b790" />
      <TestMethod codeBase="/home/runner/work/SGuard.DataAnnotations/SGuard.DataAnnotations/SGuard.DataAnnotations.Tests/bin/Release/net8.0/SGuard.DataAnnotations.Tests.dll" adapterTypeName="executor://xunit/VsTestRunner3/netcore/" className="SGuard.DataAnnotations.Tests.Attributes.SGuardCreditCardAttributeTests" name="ReturnsSuccess_WhenValueIsValidTestCreditCard" />
    </UnitTest>
    <UnitTest name="SGuard.DataAnnotations.Tests.Attributes.SGuardCreditCardAttributeTests.EcommerceCheckout_FormattedCard_Success" storage="/home/runner/work/sguard.dataannotations/sguard.dataannotations/sguard.dataannotations.tests/bin/release/net8.0/sguard.dataannotations.tests.dll" id="d4bc526c-662a-9d26-36b5-1e54e7922be1">
      <Execution id="ae236836-135e-4cdf-9cd0-15b3412321fb" />
      <TestMethod codeBase="/home/runner/work/SGuard.DataAnnotations/SGuard.DataAnnotations/SGuard.DataAnnotations.Tests/bin/Release/net8.0/SGuard.DataAnnotations.Tests.dll" adapterTypeName="executor://xunit/VsTestRunner3/netcore/" className="SGuard.DataAnnotations.Tests.Attributes.SGuardCreditCardAttributeTests" name="EcommerceCheckout_FormattedCard_Success" />
    </UnitTest>
    <UnitTest name="SGuard.DataAnnotations.Tests.Attributes.SGuardUrlAttributeTests.ThrowsArgumentNullException_WhenResourceNameIsNull" storage="/home/runner/work/sguard.dataannotations/sguard.dataannotations/sguard.dataannotations.tests/bin/release/net8.0/sguard.dataannotations.tests.dll" id="a08e760c-58a4-705b-7818-14cc52b1e625">
      <Execution id="a74b7322-ae5f-4e35-889f-9878fae424b2" />
      <TestMethod codeBase="/home/runner/work/SGuard.DataAnnotations/SGuard.DataAnnotations/SGuard.DataAnnotations.Tests/bin/Release/net8.0/SGuard.DataAnnotations.Tests.dll" adapterTypeName="executor://xunit/VsTestRunner3/netcore/" className="SGuard.DataAnnotations.Tests.Attributes.SGuardUrlAttributeTests" name="ThrowsArgumentNullException_WhenResourceNameIsNull" />
    </UnitTest>
    <UnitTest name="SGuard.DataAnnotations.Tests.Attributes.SGuardBetweenAttributeTests.Constructor_ThrowsArgumentNullException_WhenMinPropertyIsNull" storage="/home/runner/work/sguard.dataannotations/sguard.dataannotations/sguard.dataannotations.tests/bin/release/net8.0/sguard.dataannotations.tests.dll" id="66a7b72e-e613-1578-a384-99df38db76ce">
      <Execution id="dc30f661-5181-4067-a1a9-d643172a7314" />
      <TestMethod codeBase="/home/runner/work/SGuard.DataAnnotations/SGuard.DataAnnotations/SGuard.DataAnnotations.Tests/bin/Release/net8.0/SGuard.DataAnnotations.Tests.dll" adapterTypeName="executor://xunit/VsTestRunner3/netcore/" className="SGuard.DataAnnotations.Tests.Attributes.SGuardBetweenAttributeTests" name="Constructor_ThrowsArgumentNullException_WhenMinPropertyIsNull" />
    </UnitTest>
    <UnitTest name="SGuard.DataAnnotations.Tests.Attributes.SGuardCollectionItemsMatchAttributeTests.ReturnsError_WhenItemNull_AndRequiredAttribute" storage="/home/runner/work/sguard.dataannotations/sguard.dataannotations/sguard.dataannotations.tests/bin/release/net8.0/sguard.dataannotations.tests.dll" id="68b2f833-f4f3-d363-fc70-ea2d94c57e1a">
      <Execution id="421ced5a-7c10-4abd-b5ba-78d5de44dfc5" />
      <TestMethod codeBase="/home/runner/work/SGuard.DataAnnotations/SGuard.DataAnnotations/SGuard.DataAnnotations.Tests/bin/Release/net8.0/SGuard.DataAnnotations.Tests.dll" adapterTypeName="executor://xunit/VsTestRunner3/netcore/" className="SGuard.DataAnnotations.Tests.Attributes.SGuardCollectionItemsMatchAttributeTests" name="ReturnsError_WhenItemNull_AndRequiredAttribute" />
    </UnitTest>
    <UnitTest name="SGuard.DataAnnotations.Tests.Attributes.SGuardCreditCardAttributeTests.UsesInvariantCulture_WhenResourceNotFound" storage="/home/runner/work/sguard.dataannotations/sguard.dataannotations/sguard.dataannotations.tests/bin/release/net8.0/sguard.dataannotations.tests.dll" id="d45fd41a-f325-8d0c-8cb4-5ef3eec767f3">
      <Execution id="b5748b31-4884-4f3e-87fc-b5be61063b90" />
      <TestMethod codeBase="/home/runner/work/SGuard.DataAnnotations/SGuard.DataAnnotations/SGuard.DataAnnotations.Tests/bin/Release/net8.0/SGuard.DataAnnotations.Tests.dll" adapterTypeName="executor://xunit/VsTestRunner3/netcore/" className="SGuard.DataAnnotations.Tests.Attributes.SGuardCreditCardAttributeTests" name="UsesInvariantCulture_WhenResourceNotFound" />
    </UnitTest>
    <UnitTest name="SGuard.DataAnnotations.Tests.Attributes.SGuardBetweenAttributeTests.SupportsMultipleAttributes_OnSameProperty" storage="/home/runner/work/sguard.dataannotations/sguard.dataannotations/sguard.dataannotations.tests/bin/release/net8.0/sguard.dataannotations.tests.dll" id="624d1e9e-c1f1-b5dd-e74e-7b5abb6322df">
      <Execution id="e3546000-b12e-40f5-aa77-3399c673cade" />
      <TestMethod codeBase="/home/runner/work/SGuard.DataAnnotations/SGuard.DataAnnotations/SGuard.DataAnnotations.Tests/bin/Release/net8.0/SGuard.DataAnnotations.Tests.dll" adapterTypeName="executor://xunit/VsTestRunner3/netcore/" className="SGuard.DataAnnotations.Tests.Attributes.SGuardBetweenAttributeTests" name="SupportsMultipleAttributes_OnSameProperty" />
    </UnitTest>
    <UnitTest name="SGuard.DataAnnotations.Tests.Attributes.SGuardLessThanAttributeTests.ReturnsError_WhenDateValueIsNotLessThanOther" storage="/home/runner/work/sguard.dataannotations/sguard.dataannotations/sguard.dataannotations.tests/bin/release/net8.0/sguard.dataannotations.tests.dll" id="d156e5b9-654d-a683-4a2d-9157a01701ce">
      <Execution id="6652b708-08f5-4aa6-b858-93055e0efa1e" />
      <TestMethod codeBase="/home/runner/work/SGuard.DataAnnotations/SGuard.DataAnnotations/SGuard.DataAnnotations.Tests/bin/Release/net8.0/SGuard.DataAnnotations.Tests.dll" adapterTypeName="executor://xunit/VsTestRunner3/netcore/" className="SGuard.DataAnnotations.Tests.Attributes.SGuardLessThanAttributeTests" name="ReturnsError_WhenDateValueIsNotLessThanOther" />
    </UnitTest>
    <UnitTest name="SGuard.DataAnnotations.Tests.Attributes.SGuardEmailAddressAttributeTests.ReturnsSuccess_WhenValueIsValidEmailFormat(email: &quot;user@subdomain.example.com&quot;)" storage="/home/runner/work/sguard.dataannotations/sguard.dataannotations/sguard.dataannotations.tests/bin/release/net8.0/sguard.dataannotations.tests.dll" id="d44438ac-5ac5-1994-012e-9960a5cd4e40">
      <Execution id="644d7bf5-81ad-4407-a161-654d3f2d62c5" />
      <TestMethod codeBase="/home/runner/work/SGuard.DataAnnotations/SGuard.DataAnnotations/SGuard.DataAnnotations.Tests/bin/Release/net8.0/SGuard.DataAnnotations.Tests.dll" adapterTypeName="executor://xunit/VsTestRunner3/netcore/" className="SGuard.DataAnnotations.Tests.Attributes.SGuardEmailAddressAttributeTests" name="ReturnsSuccess_WhenValueIsValidEmailFormat" />
    </UnitTest>
    <UnitTest name="SGuard.DataAnnotations.Tests.Attributes.SGuardMaxCountAttributeTests.ReturnsError_WhenValueIsNotACollection" storage="/home/runner/work/sguard.dataannotations/sguard.dataannotations/sguard.dataannotations.tests/bin/release/net8.0/sguard.dataannotations.tests.dll" id="e652b505-a128-5c9b-29b5-90454fd80729">
      <Execution id="04d55f72-764a-4519-8124-5e6321b94a82" />
      <TestMethod codeBase="/home/runner/work/SGuard.DataAnnotations/SGuard.DataAnnotations/SGuard.DataAnnotations.Tests/bin/Release/net8.0/SGuard.DataAnnotations.Tests.dll" adapterTypeName="executor://xunit/VsTestRunner3/netcore/" className="SGuard.DataAnnotations.Tests.Attributes.SGuardMaxCountAttributeTests" name="ReturnsError_WhenValueIsNotACollection" />
    </UnitTest>
    <UnitTest name="SGuard.DataAnnotations.Tests.Attributes.SGuardLessThanAttributeTests.ReturnsError_WhenValueIsNull" storage="/home/runner/work/sguard.dataannotations/sguard.dataannotations/sguard.dataannotations.tests/bin/release/net8.0/sguard.dataannotations.tests.dll" id="459571cd-a7a6-19f8-467f-defe386a04a8">
      <Execution id="2a71308e-796b-49ee-9661-75bdbd473b39" />
      <TestMethod codeBase="/home/runner/work/SGuard.DataAnnotations/SGuard.DataAnnotations/SGuard.DataAnnotations.Tests/bin/Release/net8.0/SGuard.DataAnnotations.Tests.dll" adapterTypeName="executor://xunit/VsTestRunner3/netcore/" className="SGuard.DataAnnotations.Tests.Attributes.SGuardLessThanAttributeTests" name="ReturnsError_WhenValueIsNull" />
    </UnitTest>
    <UnitTest name="SGuard.DataAnnotations.Tests.Attributes.SGuardCreditCardAttributeTests.ReturnsLocalizedErrorMessage_WhenCultureIsSet(culture: &quot;en&quot;)" storage="/home/runner/work/sguard.dataannotations/sguard.dataannotations/sguard.dataannotations.tests/bin/release/net8.0/sguard.dataannotations.tests.dll" id="c6674468-57bf-3713-9fad-0608e1c0c823">
      <Execution id="039eb635-ee86-4d44-86eb-9c24c9e91be9" />
      <TestMethod codeBase="/home/runner/work/SGuard.DataAnnotations/SGuard.DataAnnotations/SGuard.DataAnnotations.Tests/bin/Release/net8.0/SGuard.DataAnnotations.Tests.dll" adapterTypeName="executor://xunit/VsTestRunner3/netcore/" className="SGuard.DataAnnotations.Tests.Attributes.SGuardCreditCardAttributeTests" name="ReturnsLocalizedErrorMessage_WhenCultureIsSet" />
    </UnitTest>
    <UnitTest name="SGuard.DataAnnotations.Tests.Attributes.SGuardCreditCardAttributeTests.ReturnsSuccess_WhenValueIsValidTestCreditCard(cardNumber: &quot;5105105105105100&quot;)" storage="/home/runner/work/sguard.dataannotations/sguard.dataannotations/sguard.dataannotations.tests/bin/release/net8.0/sguard.dataannotations.tests.dll" id="0b94c834-d90e-9605-45d2-d9d132ae666f">
      <Execution id="c5a9e1c3-fea4-4f12-9ad3-2e9b8a8a20b0" />
      <TestMethod codeBase="/home/runner/work/SGuard.DataAnnotations/SGuard.DataAnnotations/SGuard.DataAnnotations.Tests/bin/Release/net8.0/SGuard.DataAnnotations.Tests.dll" adapterTypeName="executor://xunit/VsTestRunner3/netcore/" className="SGuard.DataAnnotations.Tests.Attributes.SGuardCreditCardAttributeTests" name="ReturnsSuccess_WhenValueIsValidTestCreditCard" />
    </UnitTest>
    <UnitTest name="SGuard.DataAnnotations.Tests.Attributes.SGuardValidationAttributeBaseFallbackTests.Returns_MainResource_WhenResourceExists" storage="/home/runner/work/sguard.dataannotations/sguard.dataannotations/sguard.dataannotations.tests/bin/release/net8.0/sguard.dataannotations.tests.dll" id="bc581a35-5a81-5892-32b0-58a7491e0aba">
      <Execution id="db65d72b-4954-43f5-9568-2cd021ea048e" />
      <TestMethod codeBase="/home/runner/work/SGuard.DataAnnotations/SGuard.DataAnnotations/SGuard.DataAnnotations.Tests/bin/Release/net8.0/SGuard.DataAnnotations.Tests.dll" adapterTypeName="executor://xunit/VsTestRunner3/netcore/" className="SGuard.DataAnnotations.Tests.Attributes.SGuardValidationAttributeBaseFallbackTests" name="Returns_MainResource_WhenResourceExists" />
    </UnitTest>
    <UnitTest name="SGuard.DataAnnotations.Tests.Attributes.SGuardEmailAddressAttributeTests.ReturnsSuccess_WhenValueIsCommonEmailProvider(email: &quot;user@msn.com&quot;)" storage="/home/runner/work/sguard.dataannotations/sguard.dataannotations/sguard.dataannotations.tests/bin/release/net8.0/sguard.dataannotations.tests.dll" id="5e3af1c4-3528-aed8-76db-88c3ab3aa210">
      <Execution id="e5cc96af-730e-4a07-9135-7281c10d4272" />
      <TestMethod codeBase="/home/runner/work/SGuard.DataAnnotations/SGuard.DataAnnotations/SGuard.DataAnnotations.Tests/bin/Release/net8.0/SGuard.DataAnnotations.Tests.dll" adapterTypeName="executor://xunit/VsTestRunner3/netcore/" className="SGuard.DataAnnotations.Tests.Attributes.SGuardEmailAddressAttributeTests" name="ReturnsSuccess_WhenValueIsCommonEmailProvider" />
    </UnitTest>
    <UnitTest name="SGuard.DataAnnotations.Tests.Attributes.SGuardCreditCardAttributeTests.ReturnsLocalizedErrorMessage_WhenCultureIsSet(culture: &quot;de&quot;)" storage="/home/runner/work/sguard.dataannotations/sguard.dataannotations/sguard.dataannotations.tests/bin/release/net8.0/sguard.dataannotations.tests.dll" id="35cd39b6-9fc9-e727-c160-6599970b4a46">
      <Execution id="00519070-5174-47de-9bb1-0d08d7e0d11d" />
      <TestMethod codeBase="/home/runner/work/SGuard.DataAnnotations/SGuard.DataAnnotations/SGuard.DataAnnotations.Tests/bin/Release/net8.0/SGuard.DataAnnotations.Tests.dll" adapterTypeName="executor://xunit/VsTestRunner3/netcore/" className="SGuard.DataAnnotations.Tests.Attributes.SGuardCreditCardAttributeTests" name="ReturnsLocalizedErrorMessage_WhenCultureIsSet" />
    </UnitTest>
    <UnitTest name="SGuard.DataAnnotations.Tests.Attributes.SGuardBetweenAttributeTests.ReturnsSuccess_WhenValueIsOnBounds_Inclusive" storage="/home/runner/work/sguard.dataannotations/sguard.dataannotations/sguard.dataannotations.tests/bin/release/net8.0/sguard.dataannotations.tests.dll" id="3ed4f947-b1f0-26b6-00d3-ec8f0acffb81">
      <Execution id="6aa12dd5-3680-4f19-9883-f6c7a25b8b3e" />
      <TestMethod codeBase="/home/runner/work/SGuard.DataAnnotations/SGuard.DataAnnotations/SGuard.DataAnnotations.Tests/bin/Release/net8.0/SGuard.DataAnnotations.Tests.dll" adapterTypeName="executor://xunit/VsTestRunner3/netcore/" className="SGuard.DataAnnotations.Tests.Attributes.SGuardBetweenAttributeTests" name="ReturnsSuccess_WhenValueIsOnBounds_Inclusive" />
    </UnitTest>
    <UnitTest name="SGuard.DataAnnotations.Tests.Attributes.SGuardCompareAttributeTests.HandlesMinMaxDateTimeValues" storage="/home/runner/work/sguard.dataannotations/sguard.dataannotations/sguard.dataannotations.tests/bin/release/net8.0/sguard.dataannotations.tests.dll" id="61c2b2fd-0ce4-077d-21b4-8840be5ccace">
      <Execution id="6f553375-9708-41d8-b757-8d3dba3aae0f" />
      <TestMethod codeBase="/home/runner/work/SGuard.DataAnnotations/SGuard.DataAnnotations/SGuard.DataAnnotations.Tests/bin/Release/net8.0/SGuard.DataAnnotations.Tests.dll" adapterTypeName="executor://xunit/VsTestRunner3/netcore/" className="SGuard.DataAnnotations.Tests.Attributes.SGuardCompareAttributeTests" name="HandlesMinMaxDateTimeValues" />
    </UnitTest>
  </TestDefinitions>
  <TestEntries>
    <TestEntry testId="75d791fa-8719-80d0-9a8b-76d17eff6ec0" executionId="1d6d66a2-2458-4980-bfa2-b550e243864f" testListId="8c84fa94-04c1-424b-9868-57a2d4851a1d" />
    <TestEntry testId="742ef234-b8c9-6062-4fcb-53fe85c46061" executionId="9cf6bba0-f453-475e-8e82-3132410942e8" testListId="8c84fa94-04c1-424b-9868-57a2d4851a1d" />
    <TestEntry testId="fc0a9000-97df-f708-4c59-7870abf02ad0" executionId="49dafe2d-48ef-44e6-ba52-d34bdbcaa08a" testListId="8c84fa94-04c1-424b-9868-57a2d4851a1d" />
    <TestEntry testId="1f2dc6ca-9df8-7064-1fb5-32db23338a29" executionId="00a3b135-67c0-4aec-ad35-7dd726cf9908" testListId="8c84fa94-04c1-424b-9868-57a2d4851a1d" />
    <TestEntry testId="772b2092-330c-2343-8fce-944ea8746573" executionId="48f7ddad-75cb-4d22-8037-a453afca6057" testListId="8c84fa94-04c1-424b-9868-57a2d4851a1d" />
    <TestEntry testId="a35af25c-d766-53c1-c164-013f8f5be8cd" executionId="89b5a2ea-2ba4-486b-b4f4-3ef4de9e3781" testListId="8c84fa94-04c1-424b-9868-57a2d4851a1d" />
    <TestEntry testId="85624a0f-d223-bb77-7954-ebd125cbf213" executionId="103992d7-f8ea-4dc3-abc6-b129fa11ba14" testListId="8c84fa94-04c1-424b-9868-57a2d4851a1d" />
    <TestEntry testId="a08e760c-58a4-705b-7818-14cc52b1e625" executionId="a74b7322-ae5f-4e35-889f-9878fae424b2" testListId="8c84fa94-04c1-424b-9868-57a2d4851a1d" />
    <TestEntry testId="18611a79-282d-65c0-3de9-f03975e1e6ec" executionId="2025e54b-87b0-4f16-8fc6-b1880ac0b61a" testListId="8c84fa94-04c1-424b-9868-57a2d4851a1d" />
    <TestEntry testId="cdc70ef9-d940-c6b1-6aac-232e4151b4c8" executionId="a449ec91-dce5-4cca-b652-98beaa49c35c" testListId="8c84fa94-04c1-424b-9868-57a2d4851a1d" />
    <TestEntry testId="2a8fbf31-0ca2-e190-916c-cbcadfb34c4d" executionId="42de794b-f772-4dcd-be93-be8bea078a99" testListId="8c84fa94-04c1-424b-9868-57a2d4851a1d" />
    <TestEntry testId="7d8a176a-fa54-8051-a7f3-f108d795f3f4" executionId="37809c14-c7cd-4767-b545-29a41b82a418" testListId="8c84fa94-04c1-424b-9868-57a2d4851a1d" />
    <TestEntry testId="1a721b5c-3d09-5ac7-2dc9-85146d3f176d" executionId="76e8c4d5-ed34-4eba-81b7-4e1033c7738b" testListId="8c84fa94-04c1-424b-9868-57a2d4851a1d" />
    <TestEntry testId="ff516869-b695-969e-43b6-a1a4d0514602" executionId="603a364a-1b04-486c-9c3e-2609dde824e3" testListId="8c84fa94-04c1-424b-9868-57a2d4851a1d" />
    <TestEntry testId="d5e44dbb-4518-24d0-e50b-48d357d042f7" executionId="f7aa57ba-ad11-4042-80ec-f2b54fd3e6dd" testListId="8c84fa94-04c1-424b-9868-57a2d4851a1d" />
    <TestEntry testId="41d1dc10-037d-3140-006f-371abcd3b22f" executionId="7d25a812-09b0-453a-a069-4efafbc2ebc0" testListId="8c84fa94-04c1-424b-9868-57a2d4851a1d" />
    <TestEntry testId="39e550b5-d651-1e73-281d-7944e70634fb" executionId="bdf6a011-bf66-465f-833f-2b6de6fc87a0" testListId="8c84fa94-04c1-424b-9868-57a2d4851a1d" />
    <TestEntry testId="df6321b2-10b9-6d13-6238-d319917341ab" executionId="33c094fc-74b0-47ad-a848-e8ee320655a8" testListId="8c84fa94-04c1-424b-9868-57a2d4851a1d" />
    <TestEntry testId="d19b4370-dfc6-ad20-cdc0-734574e441c8" executionId="f03a55d3-e5ed-48d4-b2c9-59a8a4ac17d5" testListId="8c84fa94-04c1-424b-9868-57a2d4851a1d" />
    <TestEntry testId="f37e4da3-55e9-bcbc-5daa-20e2f9ea9c73" executionId="46223e09-6e48-4e8f-aa8b-487b433f856c" testListId="8c84fa94-04c1-424b-9868-57a2d4851a1d" />
    <TestEntry testId="080775d4-6b69-5bc3-992d-f0e3c7374a4e" executionId="218b21d6-b5c9-42eb-a8c6-c43a47b8b982" testListId="8c84fa94-04c1-424b-9868-57a2d4851a1d" />
    <TestEntry testId="62c9ec44-80ed-02a9-9ec1-e3f94f21f664" executionId="31b69068-c6bc-48aa-8f77-727b64216f8e" testListId="8c84fa94-04c1-424b-9868-57a2d4851a1d" />
    <TestEntry testId="f3b4a254-455d-3192-9248-5344bd916d75" executionId="32752e7e-2afb-4e1a-85f2-6109d3614632" testListId="8c84fa94-04c1-424b-9868-57a2d4851a1d" />
    <TestEntry testId="35e180e0-97c7-14cc-9717-39e2851aa539" executionId="45f1ea23-e954-401c-a804-69983bd0defe" testListId="8c84fa94-04c1-424b-9868-57a2d4851a1d" />
    <TestEntry testId="61359edb-5c48-88c2-762f-54ff8f83ac8f" executionId="c327d562-8d32-4f39-abda-ceb08a576d12" testListId="8c84fa94-04c1-424b-9868-57a2d4851a1d" />
    <TestEntry testId="5a51352c-3de9-808e-63ee-89577a10f209" executionId="4f751148-09ac-4aec-a58b-0c05792743f8" testListId="8c84fa94-04c1-424b-9868-57a2d4851a1d" />
    <TestEntry testId="a4f33591-7a3c-578a-9bbc-4bab9c2eb6fa" executionId="2dba1e43-3e1d-41a1-9549-b42464b2a576" testListId="8c84fa94-04c1-424b-9868-57a2d4851a1d" />
    <TestEntry testId="51c51bea-f89b-c996-c1ac-8ab3ff59328a" executionId="678cafed-ab99-4db6-9b26-7fb2bb0b0496" testListId="8c84fa94-04c1-424b-9868-57a2d4851a1d" />
    <TestEntry testId="120bac6d-5e17-34c3-3c30-c83be9c5ac60" executionId="8b77fe98-4c6a-4345-ad3a-b58c6af63669" testListId="8c84fa94-04c1-424b-9868-57a2d4851a1d" />
    <TestEntry testId="d1018631-d89f-4c5e-539a-e617e86cc282" executionId="4b18466d-54c1-485e-982f-93797ada10c7" testListId="8c84fa94-04c1-424b-9868-57a2d4851a1d" />
    <TestEntry testId="6b29304a-704e-4700-c826-15ad3f573c5c" executionId="87c7fc10-0bbd-4465-8b4d-afd36a7d44c7" testListId="8c84fa94-04c1-424b-9868-57a2d4851a1d" />
    <TestEntry testId="653de172-362a-be3a-768f-6a69e8db83d2" executionId="5fb4dff6-1e37-4f28-8ba9-a61027577930" testListId="8c84fa94-04c1-424b-9868-57a2d4851a1d" />
    <TestEntry testId="6445b153-8bd3-09d0-a13f-62fd6c102d0c" executionId="88f815b7-2937-47ea-ae0a-0bf31f549604" testListId="8c84fa94-04c1-424b-9868-57a2d4851a1d" />
    <TestEntry testId="d156e5b9-654d-a683-4a2d-9157a01701ce" executionId="6652b708-08f5-4aa6-b858-93055e0efa1e" testListId="8c84fa94-04c1-424b-9868-57a2d4851a1d" />
    <TestEntry testId="dd6b6eea-ecef-43a0-48ab-e039b579c244" executionId="bfa7ea1c-d645-471f-86ac-bf9e3d32a6d1" testListId="8c84fa94-04c1-424b-9868-57a2d4851a1d" />
    <TestEntry testId="66a7b72e-e613-1578-a384-99df38db76ce" executionId="dc30f661-5181-4067-a1a9-d643172a7314" testListId="8c84fa94-04c1-424b-9868-57a2d4851a1d" />
    <TestEntry testId="8d452b53-bcbd-4ef9-87eb-bb2d9bd289be" executionId="575b304c-9364-4a03-aa99-098403cc02cf" testListId="8c84fa94-04c1-424b-9868-57a2d4851a1d" />
    <TestEntry testId="fa752d66-28d7-68b0-4a54-7085fb7dac2f" executionId="26e1613d-f725-4262-9a94-108f294090f0" testListId="8c84fa94-04c1-424b-9868-57a2d4851a1d" />
    <TestEntry testId="79fd0968-acd4-fda0-1a03-2af9466b13a4" executionId="251fe46e-f6c3-48a6-aec3-e7f4545ae9d3" testListId="8c84fa94-04c1-424b-9868-57a2d4851a1d" />
    <TestEntry testId="d45fd41a-f325-8d0c-8cb4-5ef3eec767f3" executionId="b5748b31-4884-4f3e-87fc-b5be61063b90" testListId="8c84fa94-04c1-424b-9868-57a2d4851a1d" />
    <TestEntry testId="a9e3ef2d-963b-68b9-593a-b3e2a08e6467" executionId="b406d3ad-f087-47b6-9560-caf0f971f19c" testListId="8c84fa94-04c1-424b-9868-57a2d4851a1d" />
    <TestEntry testId="688c869f-43c2-c56d-139b-753ad9c4e2b8" executionId="6d7e2d85-08cf-470b-8086-5b499e278f59" testListId="8c84fa94-04c1-424b-9868-57a2d4851a1d" />
    <TestEntry testId="3c3bfa14-9fb7-b6cc-5a7a-5faef4a5c2c7" executionId="9ce8ed6a-1b0c-441a-b134-5504d7cafead" testListId="8c84fa94-04c1-424b-9868-57a2d4851a1d" />
    <TestEntry testId="052730fe-db9b-61be-f772-e92a351113ec" executionId="89ec1efb-1142-4dd5-99fa-1382e4bb12d9" testListId="8c84fa94-04c1-424b-9868-57a2d4851a1d" />
    <TestEntry testId="fdc1127e-4505-c69f-14f4-782af60782bd" executionId="ed109ef3-9287-45fc-8e94-bac7d2cb0783" testListId="8c84fa94-04c1-424b-9868-57a2d4851a1d" />
    <TestEntry testId="0f69ed9a-e24a-7444-c03b-c26af010edca" executionId="1bfce76d-3720-4e36-8b45-6b3926f7504c" testListId="8c84fa94-04c1-424b-9868-57a2d4851a1d" />
    <TestEntry testId="8e691b6b-f7e7-4d53-52eb-73fbaa8af003" executionId="e1cdcf52-1a02-4e3c-8e8f-c08395c13b07" testListId="8c84fa94-04c1-424b-9868-57a2d4851a1d" />
    <TestEntry testId="bc581a35-5a81-5892-32b0-58a7491e0aba" executionId="db65d72b-4954-43f5-9568-2cd021ea048e" testListId="8c84fa94-04c1-424b-9868-57a2d4851a1d" />
    <TestEntry testId="975bc213-2c75-b935-523b-90e6664204c5" executionId="f952c796-8fb1-4c4d-bab2-8ad28a5f749c" testListId="8c84fa94-04c1-424b-9868-57a2d4851a1d" />
    <TestEntry testId="c288fc59-5974-71dd-f0f6-35705401b65d" executionId="25b85d85-201f-42a1-bf2a-39b85d3b3c96" testListId="8c84fa94-04c1-424b-9868-57a2d4851a1d" />
    <TestEntry testId="7f6f5e63-b542-6a07-280f-d21a0c6517aa" executionId="3e24abc9-fefd-4ede-a37e-e13afaa3b811" testListId="8c84fa94-04c1-424b-9868-57a2d4851a1d" />
    <TestEntry testId="56861c5d-39e6-3ef1-24f6-45f32a97656f" executionId="5b734497-92a4-4f86-9160-a85a555535e7" testListId="8c84fa94-04c1-424b-9868-57a2d4851a1d" />
    <TestEntry testId="0cba0a5b-0d7e-e849-7306-581f7bb8f2e1" executionId="6e1b1e36-bab0-44bf-a7d8-8b4bc5a8d696" testListId="8c84fa94-04c1-424b-9868-57a2d4851a1d" />
    <TestEntry testId="529ece68-fcef-1cfb-1ddb-fa943b59f215" executionId="9850d6b7-25b2-4a6b-923d-7a3c88f87f10" testListId="8c84fa94-04c1-424b-9868-57a2d4851a1d" />
    <TestEntry testId="053a42fc-4c9c-7fd1-fcb7-f392f88a1bd1" executionId="ac0d8cc2-8812-4c1c-8874-e681662f144a" testListId="8c84fa94-04c1-424b-9868-57a2d4851a1d" />
    <TestEntry testId="6bd89629-720d-4b18-a416-282071dbac55" executionId="ca54fa70-1753-44a9-88b6-e1bc685c7786" testListId="8c84fa94-04c1-424b-9868-57a2d4851a1d" />
    <TestEntry testId="e7be3592-afc7-ffe3-a95b-c00da1b739a3" executionId="dac2bbd5-12a8-4742-b178-f02c030d6e51" testListId="8c84fa94-04c1-424b-9868-57a2d4851a1d" />
    <TestEntry testId="b24b8f0e-941c-4a81-71f3-3f4ba79c95eb" executionId="725462bb-4406-4e4c-9edb-f14a3b8a635e" testListId="8c84fa94-04c1-424b-9868-57a2d4851a1d" />
    <TestEntry testId="8da2c0e9-e99c-45b8-35cd-c98d5c3013f5" executionId="def77474-c556-4c74-b714-420fb6aa7382" testListId="8c84fa94-04c1-424b-9868-57a2d4851a1d" />
    <TestEntry testId="d44438ac-5ac5-1994-012e-9960a5cd4e40" executionId="644d7bf5-81ad-4407-a161-654d3f2d62c5" testListId="8c84fa94-04c1-424b-9868-57a2d4851a1d" />
    <TestEntry testId="c0a539f8-814b-e830-149d-5e924d770f89" executionId="9065190d-4edc-4bc8-8467-a42b638d1adf" testListId="8c84fa94-04c1-424b-9868-57a2d4851a1d" />
    <TestEntry testId="cf6116bb-a21e-c884-c721-7d25040afbf0" executionId="7125182d-a2e1-4b43-9bb0-99945d8475d2" testListId="8c84fa94-04c1-424b-9868-57a2d4851a1d" />
    <TestEntry testId="79e8e98c-62af-b136-4f32-eed7ea2d725d" executionId="61aa7464-8ae2-4c1d-aed1-e18ae478c3c8" testListId="8c84fa94-04c1-424b-9868-57a2d4851a1d" />
    <TestEntry testId="f6ac9da3-f4bb-8f2c-f90a-0ad85587c002" executionId="da472228-8a3f-440d-ad5f-be03cd7f9110" testListId="8c84fa94-04c1-424b-9868-57a2d4851a1d" />
    <TestEntry testId="bb86542c-3e76-c608-0153-01d9417953db" executionId="e3690173-ef4c-40c1-9d14-81fa277a5435" testListId="8c84fa94-04c1-424b-9868-57a2d4851a1d" />
    <TestEntry testId="a7359f7c-fb2e-bb3c-4d8b-0f3167da0c88" executionId="daa8419d-1c5e-4fce-9609-1e6ee9db7d4f" testListId="8c84fa94-04c1-424b-9868-57a2d4851a1d" />
    <TestEntry testId="1784d12b-da19-58ea-1ce0-28b4c319e25a" executionId="03e2fd96-6949-4c82-a7bc-8bddbaaf006b" testListId="8c84fa94-04c1-424b-9868-57a2d4851a1d" />
    <TestEntry testId="3a163180-57a1-4f78-3b75-4f1dc7d6c21e" executionId="0662e3d4-90dd-49a8-a8d7-d73b41a77a60" testListId="8c84fa94-04c1-424b-9868-57a2d4851a1d" />
    <TestEntry testId="b8d143d7-356a-1975-988e-a663564ec905" executionId="1acd0084-2766-4459-9b67-4899b3dc85bf" testListId="8c84fa94-04c1-424b-9868-57a2d4851a1d" />
    <TestEntry testId="d700c2ca-0d30-9df2-b5c4-ec10e7deec6d" executionId="56457a79-653f-481b-83c8-ddffdfd724d8" testListId="8c84fa94-04c1-424b-9868-57a2d4851a1d" />
    <TestEntry testId="c3d2bc6c-b99d-0b63-9c60-e4b9e91013f0" executionId="22bd149b-2edd-4b22-80e0-14300022b814" testListId="8c84fa94-04c1-424b-9868-57a2d4851a1d" />
    <TestEntry testId="1cecb8f8-3ff9-1ef0-493d-f648271a52e2" executionId="d1ed69b2-ea66-48fc-a770-964695e80d66" testListId="8c84fa94-04c1-424b-9868-57a2d4851a1d" />
    <TestEntry testId="4178e4ec-1c12-2298-83a8-fa1694d1598a" executionId="54a9dd2e-a2e4-4d11-ac8d-2a7b30a83517" testListId="8c84fa94-04c1-424b-9868-57a2d4851a1d" />
    <TestEntry testId="94156788-790a-9db5-a858-213fb7ad4f61" executionId="80c60344-65dd-4859-9205-c0d427b255ca" testListId="8c84fa94-04c1-424b-9868-57a2d4851a1d" />
    <TestEntry testId="e1ec4db0-5c0c-b229-761c-768bae20f6b1" executionId="d9a2d6c5-f235-46d5-bb2c-d8ad65c89346" testListId="8c84fa94-04c1-424b-9868-57a2d4851a1d" />
    <TestEntry testId="d5007b2b-ab54-ae79-231b-56cdbf0fbe4d" executionId="45a1302d-e8e9-478b-b91b-891375669b3a" testListId="8c84fa94-04c1-424b-9868-57a2d4851a1d" />
    <TestEntry testId="05ab67e4-8ef9-bbb5-d5d0-cc77092beeaa" executionId="afa45348-01e6-4ff9-af14-0edbb06dd9bc" testListId="8c84fa94-04c1-424b-9868-57a2d4851a1d" />
    <TestEntry testId="8028fcff-b93c-8107-74d3-7689a546ca5d" executionId="76096518-9506-4967-8b5b-3b5e3fa52896" testListId="8c84fa94-04c1-424b-9868-57a2d4851a1d" />
    <TestEntry testId="a0b3e48f-64c8-93f7-f166-55b897c5df65" executionId="33f33709-5e82-4c89-b98d-1f67448b87ac" testListId="8c84fa94-04c1-424b-9868-57a2d4851a1d" />
    <TestEntry testId="ad35ebfe-e77e-2204-0cd2-b24af72af8e4" executionId="1e5a2d4a-d7be-4f1b-95a8-b06d5efdea71" testListId="8c84fa94-04c1-424b-9868-57a2d4851a1d" />
    <TestEntry testId="5a21f228-0b6a-afc8-022e-c647ad676449" executionId="5e001b77-7c51-4496-8789-f4ec64bfac5c" testListId="8c84fa94-04c1-424b-9868-57a2d4851a1d" />
    <TestEntry testId="c5ed57ff-87cb-dec0-b133-e0b71b61e798" executionId="eab69e47-85c2-4e37-9e5e-0616b1c3dc52" testListId="8c84fa94-04c1-424b-9868-57a2d4851a1d" />
    <TestEntry testId="7dcb49be-abd7-70bd-acfd-ae6260302e4a" executionId="9955ddb2-dc2b-4c9d-ac18-4630a2556a7a" testListId="8c84fa94-04c1-424b-9868-57a2d4851a1d" />
    <TestEntry testId="25b83878-87c8-b0a8-45e8-91d7ac1a9a5f" executionId="9caba5d6-f888-4956-afe6-b008a14068bb" testListId="8c84fa94-04c1-424b-9868-57a2d4851a1d" />
    <TestEntry testId="578d7777-a8cc-12a7-7a7d-d4d4b899625a" executionId="d421822c-9032-4d28-9f0c-21cc4ec25e80" testListId="8c84fa94-04c1-424b-9868-57a2d4851a1d" />
    <TestEntry testId="ba3baf4e-5572-7eb4-1d1d-9af5f600a7e3" executionId="8541dbfb-725e-4781-b167-7eac96fc2b69" testListId="8c84fa94-04c1-424b-9868-57a2d4851a1d" />
    <TestEntry testId="4c1e9bff-f35f-1caa-f44a-f5d06b2960b8" executionId="a9f5687a-2705-4075-8960-cffbf3d5b56e" testListId="8c84fa94-04c1-424b-9868-57a2d4851a1d" />
    <TestEntry testId="afa1a1c3-1be6-2bed-8ff7-68131025b419" executionId="dc0247ba-997a-41dd-8662-0539a1a46562" testListId="8c84fa94-04c1-424b-9868-57a2d4851a1d" />
    <TestEntry testId="b97a18c9-b8e3-b070-3a44-45fbb4abfb42" executionId="df9c6d70-9c2a-4fb9-83f4-8556ff310305" testListId="8c84fa94-04c1-424b-9868-57a2d4851a1d" />
    <TestEntry testId="79fbb9cd-cbc8-b948-10ce-5d9bcbab381c" executionId="facc419e-4007-474f-92f3-4c802175a50d" testListId="8c84fa94-04c1-424b-9868-57a2d4851a1d" />
    <TestEntry testId="87ff368c-2f6c-e2c1-52f5-5a144623f490" executionId="c0ada193-cb93-4a2d-a255-9fae8f18a9f8" testListId="8c84fa94-04c1-424b-9868-57a2d4851a1d" />
    <TestEntry testId="ba1a9dfc-528d-6e50-f61f-11a1db790f96" executionId="79c4e7ff-8599-4597-a405-55d4ad720f4b" testListId="8c84fa94-04c1-424b-9868-57a2d4851a1d" />
    <TestEntry testId="4e6858ca-dc4e-05a9-4d20-cc5f2d1edff2" executionId="58fb161a-4f9c-43fe-95a4-0a761d149ec6" testListId="8c84fa94-04c1-424b-9868-57a2d4851a1d" />
    <TestEntry testId="4dc72e31-0b94-fa03-d555-333ccea89411" executionId="683884f3-6b59-4615-b6f5-2d790ce849af" testListId="8c84fa94-04c1-424b-9868-57a2d4851a1d" />
    <TestEntry testId="5096c926-13b1-b25c-0b95-818693baaf41" executionId="c2b542f0-a662-4f1b-819c-156bf407520e" testListId="8c84fa94-04c1-424b-9868-57a2d4851a1d" />
    <TestEntry testId="ecad3456-8296-c58d-d8eb-144a0cc42e21" executionId="0fe7d1e1-f961-4658-9688-ae0a2afb4bf2" testListId="8c84fa94-04c1-424b-9868-57a2d4851a1d" />
    <TestEntry testId="281c9429-94f0-d2a5-41e9-6547ef1e8299" executionId="6167a21a-19f8-45f6-a279-f041d8533f1a" testListId="8c84fa94-04c1-424b-9868-57a2d4851a1d" />
    <TestEntry testId="7eb94941-9267-40cb-594c-0bac2724caba" executionId="8f956aed-7c4a-431b-b962-e906aa0e61ff" testListId="8c84fa94-04c1-424b-9868-57a2d4851a1d" />
    <TestEntry testId="748a7229-c38b-23ee-5fdd-862ea90d566d" executionId="b7e9615a-27f5-4267-be70-e560809d2d92" testListId="8c84fa94-04c1-424b-9868-57a2d4851a1d" />
    <TestEntry testId="a063e64e-d50e-1771-6f88-589c60e56cda" executionId="ed1baa79-e6ce-4f27-8b6c-b2d952b5ba70" testListId="8c84fa94-04c1-424b-9868-57a2d4851a1d" />
    <TestEntry testId="470fb097-9a54-a344-e7af-6f2c0d1e77b6" executionId="3191f5e8-1548-4fe3-9673-0c9f3c8444df" testListId="8c84fa94-04c1-424b-9868-57a2d4851a1d" />
    <TestEntry testId="6dbe238a-784e-6e0e-2206-9ec117063a6b" executionId="5a3a666d-6f75-4890-9039-509452ba65a1" testListId="8c84fa94-04c1-424b-9868-57a2d4851a1d" />
    <TestEntry testId="99445827-2f44-646b-8068-3cffaf9372f0" executionId="c850bc2b-2ae6-48bb-87c7-6e5795fd2782" testListId="8c84fa94-04c1-424b-9868-57a2d4851a1d" />
    <TestEntry testId="098ba28d-ad73-0c69-8587-f0f62e9ace89" executionId="ac8fff8a-e4f0-44fb-8641-f08e81d70e71" testListId="8c84fa94-04c1-424b-9868-57a2d4851a1d" />
    <TestEntry testId="29679612-cd2c-cf4f-fb30-d0162e2a2e99" executionId="9cdc6585-5910-4fe8-9e9a-188944fe64f2" testListId="8c84fa94-04c1-424b-9868-57a2d4851a1d" />
    <TestEntry testId="1bec7ca9-f747-370f-4b0f-e38d88280d42" executionId="a5cc58ef-07ba-44bb-89a2-b8a9fe3fbb5b" testListId="8c84fa94-04c1-424b-9868-57a2d4851a1d" />
    <TestEntry testId="ad9b44db-f68d-9700-9b50-709646904671" executionId="54ce21d1-0f4d-4835-9fc7-b4fb993fee89" testListId="8c84fa94-04c1-424b-9868-57a2d4851a1d" />
    <TestEntry testId="0fe6f63a-5577-4d32-ed2e-e8f9f731ea28" executionId="a8b3b1c5-d10f-4535-9627-ed6736c7a508" testListId="8c84fa94-04c1-424b-9868-57a2d4851a1d" />
    <TestEntry testId="cbc682c1-72ef-07ff-b3bd-6812b487795a" executionId="eccd740f-e7c0-4b4d-8a8a-abd53025720b" testListId="8c84fa94-04c1-424b-9868-57a2d4851a1d" />
    <TestEntry testId="947b8e8c-07a1-6110-57f3-f69789a0ce3b" executionId="a290ec3c-18ae-48ec-8f11-2e62a5f77e7a" testListId="8c84fa94-04c1-424b-9868-57a2d4851a1d" />
    <TestEntry testId="0367e79a-4921-fb2e-f4bc-6e70d3dbd5a0" executionId="668ce5fb-17d8-4db6-b55b-28655b4139ab" testListId="8c84fa94-04c1-424b-9868-57a2d4851a1d" />
    <TestEntry testId="8fa6afed-24b8-e0d5-4613-aa654c64059a" executionId="d34dd0ed-a064-47e3-bec3-a3ab96c6000f" testListId="8c84fa94-04c1-424b-9868-57a2d4851a1d" />
    <TestEntry testId="2187ad65-87f0-bfcf-d975-396aa8f70701" executionId="adf220ae-7a83-4227-83b1-8113bee57160" testListId="8c84fa94-04c1-424b-9868-57a2d4851a1d" />
    <TestEntry testId="0102dee6-8235-3327-5cfb-2d8748949388" executionId="38bacbe6-d4ea-444e-aa14-ee6c2f5795eb" testListId="8c84fa94-04c1-424b-9868-57a2d4851a1d" />
    <TestEntry testId="f990b3b4-c789-9b95-242d-e1c954f9cc12" executionId="7832d651-f8dc-4af1-a00a-712eebcfc68d" testListId="8c84fa94-04c1-424b-9868-57a2d4851a1d" />
    <TestEntry testId="415ed7a6-e4fc-36b9-c8af-402d2a0972cd" executionId="fad9b266-08d6-4ada-a7f2-3da75192d078" testListId="8c84fa94-04c1-424b-9868-57a2d4851a1d" />
    <TestEntry testId="5ef97b10-c488-3da5-ecf7-3c6ea686e808" executionId="7fca8fc1-cee1-4ec2-a3f1-be82cda7dcb6" testListId="8c84fa94-04c1-424b-9868-57a2d4851a1d" />
    <TestEntry testId="57a39652-a5d5-4278-0df9-a00ced5dc2dd" executionId="9d055dde-8650-4e4e-8340-a7a2dc4f0c00" testListId="8c84fa94-04c1-424b-9868-57a2d4851a1d" />
    <TestEntry testId="a011312a-4f9e-2d4f-469f-23423f0b646f" executionId="91e10a82-8275-448f-ae95-d465c984a7d9" testListId="8c84fa94-04c1-424b-9868-57a2d4851a1d" />
    <TestEntry testId="459571cd-a7a6-19f8-467f-defe386a04a8" executionId="2a71308e-796b-49ee-9661-75bdbd473b39" testListId="8c84fa94-04c1-424b-9868-57a2d4851a1d" />
    <TestEntry testId="055f0230-574f-4d2a-47dc-7bd7d3f628d0" executionId="700f9009-6e13-48fc-8c73-341e646c7818" testListId="8c84fa94-04c1-424b-9868-57a2d4851a1d" />
    <TestEntry testId="d2abbd7a-ef0c-371c-ddca-a09c27d6f3a8" executionId="c1dfc3ba-28e1-4bc7-bf05-d844ff227e4d" testListId="8c84fa94-04c1-424b-9868-57a2d4851a1d" />
    <TestEntry testId="1b3d778a-44d9-4efe-03a7-1b9c70fd51b6" executionId="09ef6947-537b-4a68-8606-6e553bb33276" testListId="8c84fa94-04c1-424b-9868-57a2d4851a1d" />
    <TestEntry testId="fc64d6a4-4d66-20a9-e79f-39d54b13b967" executionId="6552634d-0546-48c5-bc65-3b5c56f03ea7" testListId="8c84fa94-04c1-424b-9868-57a2d4851a1d" />
    <TestEntry testId="e43fb556-9358-00bd-a086-0825e3eb5ea1" executionId="5621d4fc-6ff2-47a7-aabb-df8009bdeaf6" testListId="8c84fa94-04c1-424b-9868-57a2d4851a1d" />
    <TestEntry testId="181598e2-c6b1-2784-b176-289e525b0b8a" executionId="ce92b715-6d9f-48de-8824-fc3718cd0a54" testListId="8c84fa94-04c1-424b-9868-57a2d4851a1d" />
    <TestEntry testId="f791abfc-b2b5-9902-1a21-5b3a0eb9fef0" executionId="13f570f3-a050-4206-ab90-c1068f4b3e0f" testListId="8c84fa94-04c1-424b-9868-57a2d4851a1d" />
    <TestEntry testId="1c56d25b-3fa2-0b50-9bef-dde7f6b97d13" executionId="44a2d8ca-ad51-4310-95b5-e46d84d20c1b" testListId="8c84fa94-04c1-424b-9868-57a2d4851a1d" />
    <TestEntry testId="e81f3f09-af79-811e-3ec1-cb518f4d546b" executionId="8de0b0f6-fffb-49b1-9812-3da279dd03ec" testListId="8c84fa94-04c1-424b-9868-57a2d4851a1d" />
    <TestEntry testId="7a45e5b4-b37c-dd0d-42d4-b89ff4a76390" executionId="bb0c368f-71a9-4bc9-bbef-a0764cdba3b2" testListId="8c84fa94-04c1-424b-9868-57a2d4851a1d" />
    <TestEntry testId="6c394c87-d02e-52ab-96bf-3b401d578b07" executionId="539df0c8-369e-4eab-a5bd-6e86e5999bcd" testListId="8c84fa94-04c1-424b-9868-57a2d4851a1d" />
    <TestEntry testId="0bce7d4a-3968-3e49-ebb4-a685b9d62474" executionId="18c0ac96-212a-4ced-82ec-6ab64757ba17" testListId="8c84fa94-04c1-424b-9868-57a2d4851a1d" />
    <TestEntry testId="ec59795f-94f2-656f-f495-1bb2fb83958a" executionId="49a4e548-5665-42f7-add5-74cc07296e70" testListId="8c84fa94-04c1-424b-9868-57a2d4851a1d" />
    <TestEntry testId="8d246871-36db-3a8c-1edc-aa2a9aaa0923" executionId="ab32478f-8fc0-4ce7-b91e-6b88f1463e9c" testListId="8c84fa94-04c1-424b-9868-57a2d4851a1d" />
    <TestEntry testId="5e3af1c4-3528-aed8-76db-88c3ab3aa210" executionId="e5cc96af-730e-4a07-9135-7281c10d4272" testListId="8c84fa94-04c1-424b-9868-57a2d4851a1d" />
    <TestEntry testId="e652b505-a128-5c9b-29b5-90454fd80729" executionId="04d55f72-764a-4519-8124-5e6321b94a82" testListId="8c84fa94-04c1-424b-9868-57a2d4851a1d" />
    <TestEntry testId="dab30612-e288-76a9-0e8e-556c3a8ddede" executionId="03dba1a7-b6f9-4900-9ce1-36eb6bb7f54c" testListId="8c84fa94-04c1-424b-9868-57a2d4851a1d" />
    <TestEntry testId="54bb735d-1d46-052b-7463-a588ad7ff2a2" executionId="1faf42c4-a1dd-4508-82cb-107238758058" testListId="8c84fa94-04c1-424b-9868-57a2d4851a1d" />
    <TestEntry testId="817c584a-c6c1-8c21-05d7-289f6ecdeaa5" executionId="9aa466fa-6e13-49a7-b5a4-251f35569fae" testListId="8c84fa94-04c1-424b-9868-57a2d4851a1d" />
    <TestEntry testId="ffb894f2-8b4e-535d-2181-50be0cbf54c4" executionId="90ec0935-9e48-4874-9685-bc10d2851b12" testListId="8c84fa94-04c1-424b-9868-57a2d4851a1d" />
    <TestEntry testId="17a56aef-557c-a84b-5008-a1b60c5b5a7c" executionId="e890eb46-a133-4810-a67d-2567ffde0692" testListId="8c84fa94-04c1-424b-9868-57a2d4851a1d" />
    <TestEntry testId="51882b2c-89a4-3795-f36d-6ba49a967dda" executionId="8841b8a3-2128-469e-b193-7e011d5ee136" testListId="8c84fa94-04c1-424b-9868-57a2d4851a1d" />
    <TestEntry testId="5e6ca35e-d616-fb2c-e08c-8c3ca9f4e3ed" executionId="e2c03de8-5e58-4342-a36c-61a2b4b13cef" testListId="8c84fa94-04c1-424b-9868-57a2d4851a1d" />
    <TestEntry testId="0a2061b9-9d3d-341f-4524-2ebf8f36de0f" executionId="00161782-180b-429e-bcd7-f3df87ec8fb2" testListId="8c84fa94-04c1-424b-9868-57a2d4851a1d" />
    <TestEntry testId="08dec1a1-67c0-62c5-1c24-4c823c013f45" executionId="0a6edb65-c8e5-428e-a3c3-1c2e5836ffdc" testListId="8c84fa94-04c1-424b-9868-57a2d4851a1d" />
    <TestEntry testId="9aac4807-4daa-bbfa-7299-7e6fd8331b3a" executionId="613ac784-f552-4a50-af4c-4a05cec09d0f" testListId="8c84fa94-04c1-424b-9868-57a2d4851a1d" />
    <TestEntry testId="e7c11337-a134-9089-96b8-bef2fdba4ef5" executionId="ed21e144-f4c1-4a6a-b313-f97a60a5d6e2" testListId="8c84fa94-04c1-424b-9868-57a2d4851a1d" />
    <TestEntry testId="95ec617d-b08d-0649-afda-d3d7776231dc" executionId="9961d7c2-1fd4-4973-89c6-38e9f86f6de9" testListId="8c84fa94-04c1-424b-9868-57a2d4851a1d" />
    <TestEntry testId="9a3ba042-81f0-07de-a3a1-069d148d7251" executionId="7b468c07-0976-4029-b4b7-77511bb89fde" testListId="8c84fa94-04c1-424b-9868-57a2d4851a1d" />
    <TestEntry testId="0bc4453e-2c79-f8e9-bf2d-cc45da7340c2" executionId="2a998467-2e77-477e-a224-6ff8073a891f" testListId="8c84fa94-04c1-424b-9868-57a2d4851a1d" />
    <TestEntry testId="d600a704-e64f-345e-8d84-0859a85bb767" executionId="4cff7fa8-c439-44a4-9ce7-9327ffda49c1" testListId="8c84fa94-04c1-424b-9868-57a2d4851a1d" />
    <TestEntry testId="ae7b78f4-3e3e-6c1c-73b9-00f3b0a66446" executionId="5deee3cf-0744-47e5-a1a6-031c869a467e" testListId="8c84fa94-04c1-424b-9868-57a2d4851a1d" />
    <TestEntry testId="74763ec8-6686-be4e-cacc-79e58aa84404" executionId="e5aa949f-8833-4f0a-ab7a-b839087b4b37" testListId="8c84fa94-04c1-424b-9868-57a2d4851a1d" />
    <TestEntry testId="bbb948a4-a310-7b5a-5c14-9d12bfbfa6f7" executionId="7f00a23b-d89d-4218-a746-29a2f600d405" testListId="8c84fa94-04c1-424b-9868-57a2d4851a1d" />
    <TestEntry testId="fc1149e3-8328-66ee-a9f5-e2d92724028b" executionId="57dc9c6f-3930-405f-8170-fc5c3432ee30" testListId="8c84fa94-04c1-424b-9868-57a2d4851a1d" />
    <TestEntry testId="d50c14e6-f54d-0a45-9d54-a0aef0431250" executionId="ccdcaf76-5b9d-40f7-80b4-c137cfda6ad0" testListId="8c84fa94-04c1-424b-9868-57a2d4851a1d" />
    <TestEntry testId="fcef55f3-7be6-9081-fb1f-2cb1e0dc1954" executionId="a3c13262-d493-466b-8925-ed0ce0a3d7f2" testListId="8c84fa94-04c1-424b-9868-57a2d4851a1d" />
    <TestEntry testId="d4093e7e-0ae8-6f2f-0f07-aa26770f8bc0" executionId="6e68556c-f4f7-41a5-84c6-4246594d538f" testListId="8c84fa94-04c1-424b-9868-57a2d4851a1d" />
    <TestEntry testId="d5c52403-0e4c-b9f4-b5c9-e1e2e3d8e62d" executionId="f3f2f1b1-e254-47c1-b9a9-7a4e5a3efafe" testListId="8c84fa94-04c1-424b-9868-57a2d4851a1d" />
    <TestEntry testId="3ed4f947-b1f0-26b6-00d3-ec8f0acffb81" executionId="6aa12dd5-3680-4f19-9883-f6c7a25b8b3e" testListId="8c84fa94-04c1-424b-9868-57a2d4851a1d" />
    <TestEntry testId="62c15762-4136-aa73-30e0-83968e3e2c19" executionId="54d10364-32ad-493d-94cb-5aa87050751c" testListId="8c84fa94-04c1-424b-9868-57a2d4851a1d" />
    <TestEntry testId="c15a0347-46b9-df19-da83-878a082eb368" executionId="e419f6d7-34cc-4351-b934-3e540055b71e" testListId="8c84fa94-04c1-424b-9868-57a2d4851a1d" />
    <TestEntry testId="726ad79d-7dd6-0f82-8173-b2f753aae5b2" executionId="8dc25c13-8e07-48d6-9daf-484e76a79bab" testListId="8c84fa94-04c1-424b-9868-57a2d4851a1d" />
    <TestEntry testId="96f0a1d4-531c-3478-a078-bab16abfa397" executionId="7107cbab-3d63-4ec4-9a24-f1e15ef52f6b" testListId="8c84fa94-04c1-424b-9868-57a2d4851a1d" />
    <TestEntry testId="21519bf4-c01d-c275-8cd9-6e0df3fad4f2" executionId="6448f5a6-ad49-4966-9320-b86f02b04a0c" testListId="8c84fa94-04c1-424b-9868-57a2d4851a1d" />
    <TestEntry testId="85d99a8d-e19e-612f-f0c5-453b8800a3c4" executionId="38673c46-7c64-4915-99d4-c68428023075" testListId="8c84fa94-04c1-424b-9868-57a2d4851a1d" />
    <TestEntry testId="19ecf8d1-7110-f15c-ef67-988f88f7bb41" executionId="34e0be39-7b68-402a-8ddf-e94b2e657316" testListId="8c84fa94-04c1-424b-9868-57a2d4851a1d" />
    <TestEntry testId="aa78dfd1-b18d-e06c-5b21-d652c8e05e3c" executionId="9a417458-1dcb-41e2-8648-62de4f8ab386" testListId="8c84fa94-04c1-424b-9868-57a2d4851a1d" />
    <TestEntry testId="857359ab-93f4-c81a-1caf-710aa5c3e845" executionId="8dfa30ed-c37b-47f5-afc6-2af167da554d" testListId="8c84fa94-04c1-424b-9868-57a2d4851a1d" />
    <TestEntry testId="eb281b4d-6a2a-646b-c915-1657012d455e" executionId="9e6c6d4a-3c32-4541-8aa2-bc5f4f056eb3" testListId="8c84fa94-04c1-424b-9868-57a2d4851a1d" />
    <TestEntry testId="f3ac6f73-8ee9-7ee9-1035-8a2abdbf5eaa" executionId="8901d1b2-ab8b-473e-92e2-95b6057514d5" testListId="8c84fa94-04c1-424b-9868-57a2d4851a1d" />
    <TestEntry testId="463584a4-e8ba-f39e-0c4f-2b29bd1729ef" executionId="92c8a7cd-69a8-42c7-b47c-b5c5b8d31158" testListId="8c84fa94-04c1-424b-9868-57a2d4851a1d" />
    <TestEntry testId="06fc1c43-f2dd-b88e-c2dd-1a195de41cd7" executionId="a3c3b20f-9913-4518-a9b4-c3d3358af9b4" testListId="8c84fa94-04c1-424b-9868-57a2d4851a1d" />
    <TestEntry testId="66151859-70d2-8743-c129-cddce21a9c0c" executionId="bf53bf01-c03f-45eb-8923-52cdd835278a" testListId="8c84fa94-04c1-424b-9868-57a2d4851a1d" />
    <TestEntry testId="9302277b-8281-96ce-7164-eed276a176b3" executionId="73b10a14-e47d-4f11-952d-1460f86000d4" testListId="8c84fa94-04c1-424b-9868-57a2d4851a1d" />
    <TestEntry testId="1dbac545-66f2-0bb8-0678-b41a21a7f990" executionId="5721f90b-2d9e-45ab-9710-4ec415f1f82f" testListId="8c84fa94-04c1-424b-9868-57a2d4851a1d" />
    <TestEntry testId="704f035e-345a-debb-839b-c97ef7751c63" executionId="0da97a73-c309-4533-9a52-59e4fdca227e" testListId="8c84fa94-04c1-424b-9868-57a2d4851a1d" />
    <TestEntry testId="06c65910-8332-c5fd-1e18-cc91e6b26b03" executionId="5252bf22-57d2-455d-aedf-46818e9d0e41" testListId="8c84fa94-04c1-424b-9868-57a2d4851a1d" />
    <TestEntry testId="c00f8b42-d81e-9906-f39b-144ceb96f7a9" executionId="82dfe19f-2059-4591-b36c-54305bf882d7" testListId="8c84fa94-04c1-424b-9868-57a2d4851a1d" />
    <TestEntry testId="34d33db2-19a9-6856-2c67-8b6ff63ae856" executionId="ea4e86e8-0284-45a7-8593-de5c37775b30" testListId="8c84fa94-04c1-424b-9868-57a2d4851a1d" />
    <TestEntry testId="3713b015-69bc-bbff-ec12-2a3a05404871" executionId="59795736-17c0-4104-b58b-30df477b5bbd" testListId="8c84fa94-04c1-424b-9868-57a2d4851a1d" />
    <TestEntry testId="9aea3422-ef2f-af26-c04c-ddc619d25e3f" executionId="30371a47-5e0a-43cd-9cef-978a603a98e7" testListId="8c84fa94-04c1-424b-9868-57a2d4851a1d" />
    <TestEntry testId="3e83b502-61b1-b054-a794-f59f4c4c2693" executionId="ad5bdbf1-5bdd-4bf3-88e7-76528181debf" testListId="8c84fa94-04c1-424b-9868-57a2d4851a1d" />
    <TestEntry testId="95b87b36-3c5e-9cd8-cee1-b516d3ba0d69" executionId="79b67b4c-4a82-451f-828c-371970995645" testListId="8c84fa94-04c1-424b-9868-57a2d4851a1d" />
    <TestEntry testId="ea7531ec-d355-1dfa-c721-6040cdbfd3ab" executionId="3d5ef78d-19a6-442b-88b4-8226db687fc6" testListId="8c84fa94-04c1-424b-9868-57a2d4851a1d" />
    <TestEntry testId="f9da4098-2126-5914-73e0-8e7dcc348997" executionId="d5ccc24d-4403-48a5-bc81-8dec80031a3c" testListId="8c84fa94-04c1-424b-9868-57a2d4851a1d" />
    <TestEntry testId="7a5db8a3-e11e-bc10-b975-f9ae0bd96417" executionId="dde36501-003b-490e-b8f1-b6c04d8fdb82" testListId="8c84fa94-04c1-424b-9868-57a2d4851a1d" />
    <TestEntry testId="c6674468-57bf-3713-9fad-0608e1c0c823" executionId="039eb635-ee86-4d44-86eb-9c24c9e91be9" testListId="8c84fa94-04c1-424b-9868-57a2d4851a1d" />
    <TestEntry testId="052fbaf2-ac23-e86c-59a1-da3094f996ac" executionId="650ba3d6-a156-48ec-81d3-02520716ee19" testListId="8c84fa94-04c1-424b-9868-57a2d4851a1d" />
    <TestEntry testId="6f5d4c82-e97a-8919-fcd3-1e6e9b124483" executionId="edb5aa71-5a41-41b7-92d3-ad798367439a" testListId="8c84fa94-04c1-424b-9868-57a2d4851a1d" />
    <TestEntry testId="9bd00603-596a-036f-3eff-e8840deb4fcd" executionId="6fa56c96-5ae4-4028-ac6a-6e36a19c4055" testListId="8c84fa94-04c1-424b-9868-57a2d4851a1d" />
    <TestEntry testId="c8060d6c-aa6d-6e47-880e-f4a8c7da66ac" executionId="687f20c3-331b-427a-93b6-575b64b79645" testListId="8c84fa94-04c1-424b-9868-57a2d4851a1d" />
    <TestEntry testId="11b5dfff-ee73-acd7-699f-44eb8edcc906" executionId="a13b4e6c-0c2d-4012-b59c-ce78be5a21d6" testListId="8c84fa94-04c1-424b-9868-57a2d4851a1d" />
    <TestEntry testId="97cc8c61-e7e0-43ce-a7ae-b4abe6d55000" executionId="d06de896-bab1-41c7-99cc-0f05ca814252" testListId="8c84fa94-04c1-424b-9868-57a2d4851a1d" />
    <TestEntry testId="38e9c795-2c39-ddc9-8e2f-42c2f16c253a" executionId="a4a4cf4b-e52d-43cd-bdd9-d0e49cbead07" testListId="8c84fa94-04c1-424b-9868-57a2d4851a1d" />
    <TestEntry testId="0bd1c5ff-7470-d31e-7726-af166eb059fb" executionId="9d10e49a-a5d0-4b97-8038-7626ef1a5a45" testListId="8c84fa94-04c1-424b-9868-57a2d4851a1d" />
    <TestEntry testId="105b068b-5f70-b61a-c12a-2f0480355a18" executionId="eb856357-d25f-4e79-bb0f-7dea9cf16a6b" testListId="8c84fa94-04c1-424b-9868-57a2d4851a1d" />
    <TestEntry testId="926ef732-1aa1-5a08-5893-23ee6117a9ac" executionId="432d764e-1edc-45a3-a860-1f8612556378" testListId="8c84fa94-04c1-424b-9868-57a2d4851a1d" />
    <TestEntry testId="be8251c6-c94a-bbb7-cb6e-0f98d6eeb89f" executionId="78716b78-51b6-4a05-a457-cffe6dec453f" testListId="8c84fa94-04c1-424b-9868-57a2d4851a1d" />
    <TestEntry testId="68b2f833-f4f3-d363-fc70-ea2d94c57e1a" executionId="421ced5a-7c10-4abd-b5ba-78d5de44dfc5" testListId="8c84fa94-04c1-424b-9868-57a2d4851a1d" />
    <TestEntry testId="691fb055-fa9f-4080-12ab-1eedac02ecc5" executionId="7ad0860c-2ebf-43cf-9bce-e0b27ff39271" testListId="8c84fa94-04c1-424b-9868-57a2d4851a1d" />
    <TestEntry testId="9f63bd5d-0f31-1ffd-576e-c665a4cc7de0" executionId="877bb90a-0773-4c51-8eaf-844c7c5bb800" testListId="8c84fa94-04c1-424b-9868-57a2d4851a1d" />
    <TestEntry testId="21378016-cc6f-36ae-5a9f-490773b0da38" executionId="c44ac155-1679-4cb2-b36a-60ccf174e787" testListId="8c84fa94-04c1-424b-9868-57a2d4851a1d" />
    <TestEntry testId="072e86b7-7eb2-688d-998d-1e5870775db4" executionId="d2589a1b-660f-4554-98c5-22aa5c1b1a8e" testListId="8c84fa94-04c1-424b-9868-57a2d4851a1d" />
    <TestEntry testId="1c58e614-ef61-f2a2-cfd8-182a4e35570b" executionId="efd2ffd9-f3fb-4099-9776-59ec0f03ac8f" testListId="8c84fa94-04c1-424b-9868-57a2d4851a1d" />
    <TestEntry testId="809e9d94-66f6-dae8-2b5d-501b7d7b5945" executionId="98823c5a-d9c9-436d-a3c4-0cf2b96ec39e" testListId="8c84fa94-04c1-424b-9868-57a2d4851a1d" />
    <TestEntry testId="57a52874-48c6-1cb3-2d74-f42730ff4142" executionId="9be0a07f-e7e1-4921-b32d-d6f0296323ab" testListId="8c84fa94-04c1-424b-9868-57a2d4851a1d" />
    <TestEntry testId="1e1dce66-ffc3-e974-fca9-ab0825641ba8" executionId="85a8d5c6-b45f-49eb-bd21-032ef3a5f51a" testListId="8c84fa94-04c1-424b-9868-57a2d4851a1d" />
    <TestEntry testId="e155cf08-d288-7aa5-799b-063b0b43ec53" executionId="761cd63c-504b-4faa-b203-e8d272db93b7" testListId="8c84fa94-04c1-424b-9868-57a2d4851a1d" />
    <TestEntry testId="d3c42e9a-5225-3efb-100a-a789c8adde2f" executionId="d2b237bd-7911-4291-a9d1-e138f15b809f" testListId="8c84fa94-04c1-424b-9868-57a2d4851a1d" />
    <TestEntry testId="caf2e415-42c1-802e-5d26-994c0a176ae7" executionId="e1d5e017-b822-4569-ad24-e7ae7e8b9160" testListId="8c84fa94-04c1-424b-9868-57a2d4851a1d" />
    <TestEntry testId="854cdc07-b7a1-9b9b-497b-dfad4353eb25" executionId="d8105db0-6098-4e23-9640-f4b191d6ade4" testListId="8c84fa94-04c1-424b-9868-57a2d4851a1d" />
    <TestEntry testId="ab0ad024-438f-f472-30c1-e0859cd770e6" executionId="fc6c1ef9-7ede-4942-8948-f191493190fc" testListId="8c84fa94-04c1-424b-9868-57a2d4851a1d" />
    <TestEntry testId="79b6102e-e5c4-bce8-6bb3-bb0b4547cc45" executionId="cf4b7421-874d-4058-92f4-792829f86d51" testListId="8c84fa94-04c1-424b-9868-57a2d4851a1d" />
    <TestEntry testId="798e2a36-c3fb-899f-cb61-fb0c1e959e70" executionId="453df04d-9a22-4ca3-88cc-1b6acf18d425" testListId="8c84fa94-04c1-424b-9868-57a2d4851a1d" />
    <TestEntry testId="d3b31ccb-c638-f5ba-992a-be112a07b90f" executionId="0ddd370e-042c-42d9-9f74-22ae28c772b4" testListId="8c84fa94-04c1-424b-9868-57a2d4851a1d" />
    <TestEntry testId="8bb1d1c9-ea34-8993-40af-1149612b163c" executionId="5de55039-daaa-413b-8dcc-7b0ac5cb5f2f" testListId="8c84fa94-04c1-424b-9868-57a2d4851a1d" />
    <TestEntry testId="14c349be-8853-129f-6fbb-0ec95eaeef3e" executionId="549b9be3-620f-4c70-8192-a3a4135abe3a" testListId="8c84fa94-04c1-424b-9868-57a2d4851a1d" />
    <TestEntry testId="300f7fbc-52a0-5545-ddb0-fc7ad262dc85" executionId="d8ce0f63-4955-4250-bf0f-812543abca7e" testListId="8c84fa94-04c1-424b-9868-57a2d4851a1d" />
    <TestEntry testId="88b28e5a-c571-d1c3-3fe0-6f8671929713" executionId="ac2ac1ba-5ea6-47e0-aca0-d76fedb9dbdd" testListId="8c84fa94-04c1-424b-9868-57a2d4851a1d" />
    <TestEntry testId="bd88b21d-6448-e40c-0742-fc2176115994" executionId="0ba25695-b876-45f6-8e54-5b9c4be42f97" testListId="8c84fa94-04c1-424b-9868-57a2d4851a1d" />
    <TestEntry testId="4ccde377-9d20-8bac-fb75-afb02ae558b3" executionId="10c28466-d427-4d0b-b35f-bb045bb3f0a9" testListId="8c84fa94-04c1-424b-9868-57a2d4851a1d" />
    <TestEntry testId="a4e6ddd9-7583-3067-73cf-2e7840fff423" executionId="4dc71f48-85ba-4273-92c8-147139e0de65" testListId="8c84fa94-04c1-424b-9868-57a2d4851a1d" />
    <TestEntry testId="842e542c-40fa-3c20-0411-bbfe8c1ae453" executionId="55678b92-1f3e-4568-900d-4c099eb56827" testListId="8c84fa94-04c1-424b-9868-57a2d4851a1d" />
    <TestEntry testId="c7ec37c9-24c3-32c1-fc65-b1136af2dde0" executionId="46ffd604-c852-47a8-8a9b-6713ecc863e7" testListId="8c84fa94-04c1-424b-9868-57a2d4851a1d" />
    <TestEntry testId="41b05ee3-12ce-b627-2955-98b195d56a3d" executionId="469cb7ff-a8b0-41f1-af4e-04e6a3cf1d61" testListId="8c84fa94-04c1-424b-9868-57a2d4851a1d" />
    <TestEntry testId="d1b029e0-b871-55db-0bbc-4a36bc450b81" executionId="32afdf3b-1fbb-449a-b6e7-42ba9810cc9e" testListId="8c84fa94-04c1-424b-9868-57a2d4851a1d" />
    <TestEntry testId="d22fb08b-8562-9efb-f076-1e553fb1dcde" executionId="847aa896-f328-4efc-92e9-57ca03e6aeef" testListId="8c84fa94-04c1-424b-9868-57a2d4851a1d" />
    <TestEntry testId="915cc370-a4c5-cec5-8e75-cea5cb32f409" executionId="1c8f9445-7424-4037-bdae-ed1468155d8f" testListId="8c84fa94-04c1-424b-9868-57a2d4851a1d" />
    <TestEntry testId="191f749e-fb36-423d-3ffc-8c8d13d8da31" executionId="f7be0827-90aa-4aba-b7f6-7657013bcb3a" testListId="8c84fa94-04c1-424b-9868-57a2d4851a1d" />
    <TestEntry testId="41a84c1e-5a9a-50f8-afd2-e1d1876eb648" executionId="0a869468-198c-4b48-b004-b13a3a948b8f" testListId="8c84fa94-04c1-424b-9868-57a2d4851a1d" />
    <TestEntry testId="8757c1db-8a30-5429-c0a6-7eb71a1574b4" executionId="7681a8e9-cffc-4600-845c-bceec5334843" testListId="8c84fa94-04c1-424b-9868-57a2d4851a1d" />
    <TestEntry testId="5f026a22-c8d0-28d9-a261-3c20625721a0" executionId="f5a94177-4238-4135-a6a6-e546beb99074" testListId="8c84fa94-04c1-424b-9868-57a2d4851a1d" />
    <TestEntry testId="f4355151-5143-6537-86b3-bbe7fff78f20" executionId="4ff18840-ff97-4b03-bf2a-078f7414e4eb" testListId="8c84fa94-04c1-424b-9868-57a2d4851a1d" />
    <TestEntry testId="7e4292f7-6425-1e35-7f1d-4be9ff6ec305" executionId="ed40745c-b90d-4fcf-82e4-48bb616be94b" testListId="8c84fa94-04c1-424b-9868-57a2d4851a1d" />
    <TestEntry testId="d4bc526c-662a-9d26-36b5-1e54e7922be1" executionId="ae236836-135e-4cdf-9cd0-15b3412321fb" testListId="8c84fa94-04c1-424b-9868-57a2d4851a1d" />
    <TestEntry testId="f2ac8eb8-7f9a-a4b7-d9b1-f5b950d32be0" executionId="fbc60a99-2f0c-402e-9191-55bb412d4cb2" testListId="8c84fa94-04c1-424b-9868-57a2d4851a1d" />
    <TestEntry testId="aa58fa94-3b77-4284-5e30-10cd402a35b1" executionId="835d9368-9a53-498f-a4f4-8f7b9c8795be" testListId="8c84fa94-04c1-424b-9868-57a2d4851a1d" />
    <TestEntry testId="791ba3c9-e2ec-2647-6231-6e889590b831" executionId="47d80575-37d3-4d4a-8ada-a39c977126c5" testListId="8c84fa94-04c1-424b-9868-57a2d4851a1d" />
    <TestEntry testId="aa49b1a7-b42b-1198-9a54-7252e411bd8c" executionId="05fb79c1-a7c8-494d-ac9d-79685e66e569" testListId="8c84fa94-04c1-424b-9868-57a2d4851a1d" />
    <TestEntry testId="eeba8c98-cf03-8526-2da6-dee16fbaef49" executionId="5e6e6707-d1d7-44e1-b833-153ec37d8677" testListId="8c84fa94-04c1-424b-9868-57a2d4851a1d" />
    <TestEntry testId="3d035846-09a7-d4eb-b706-8b783fcd4620" executionId="f4adb012-6425-4791-bd81-7461816e534f" testListId="8c84fa94-04c1-424b-9868-57a2d4851a1d" />
    <TestEntry testId="f9f8c945-4c81-643a-d9d2-4a8d836c22cd" executionId="92b70975-20a8-4b75-967a-5c08688c6cd0" testListId="8c84fa94-04c1-424b-9868-57a2d4851a1d" />
    <TestEntry testId="f411bd58-ac3a-44a3-7650-4adf178fb426" executionId="f76b73ef-7a9a-4fbd-b0be-5b9a5d8307c5" testListId="8c84fa94-04c1-424b-9868-57a2d4851a1d" />
    <TestEntry testId="2986eca1-77a1-4319-3b1b-6fa3d5a3f516" executionId="e069abcc-ec2f-44cc-ad14-7cbb8f99b282" testListId="8c84fa94-04c1-424b-9868-57a2d4851a1d" />
    <TestEntry testId="266cbee7-f68f-4b26-f221-d20b6f814953" executionId="cb6e61d8-48d8-479f-9a19-785bf8cc4324" testListId="8c84fa94-04c1-424b-9868-57a2d4851a1d" />
    <TestEntry testId="b6ca7894-434a-5884-55a8-7095b45f842e" executionId="d2b73eaf-9a7b-44b6-add9-6f3de035c142" testListId="8c84fa94-04c1-424b-9868-57a2d4851a1d" />
    <TestEntry testId="ae95f8f1-e062-9428-8825-545025260de6" executionId="9ed24624-65ec-4ffa-bdcb-3ec4e5bebe22" testListId="8c84fa94-04c1-424b-9868-57a2d4851a1d" />
    <TestEntry testId="75d2aff9-bd09-f5dd-0d61-8a79007e5e63" executionId="510f9871-194e-4525-a80e-98bfe9db00a3" testListId="8c84fa94-04c1-424b-9868-57a2d4851a1d" />
    <TestEntry testId="624a2de5-bfea-7fa5-ee1a-26526dad9b4c" executionId="6ed5391e-9224-4642-bb2d-52daa150e745" testListId="8c84fa94-04c1-424b-9868-57a2d4851a1d" />
    <TestEntry testId="a484b60c-6e92-f3f0-aa33-178dfb90559c" executionId="aa5e9f7c-aa0a-4762-bee8-30aba4e9b4f5" testListId="8c84fa94-04c1-424b-9868-57a2d4851a1d" />
    <TestEntry testId="05a3b24a-9973-d8c2-2a27-3d4a83d88f8d" executionId="911abe07-10cf-45fc-bd99-d91e6c17690b" testListId="8c84fa94-04c1-424b-9868-57a2d4851a1d" />
    <TestEntry testId="83224292-1ad2-5a31-0125-83f3c1a60c2f" executionId="cc622232-18e8-4d97-b135-544fcf9bf52a" testListId="8c84fa94-04c1-424b-9868-57a2d4851a1d" />
    <TestEntry testId="8bba85ac-7331-5b3e-7c3e-24a62ec19478" executionId="a0a3cbec-6923-4f4b-90b2-b5a543d5003d" testListId="8c84fa94-04c1-424b-9868-57a2d4851a1d" />
    <TestEntry testId="7bc348cd-ba18-eb29-c5c6-cbdbd749bb83" executionId="99c6af3c-1ad5-48d9-abd5-dc9f13ab2977" testListId="8c84fa94-04c1-424b-9868-57a2d4851a1d" />
    <TestEntry testId="7878f711-caab-1cca-2af9-08abc8bcb3d3" executionId="a426e2f4-a72c-49b3-94a4-f50a484650c5" testListId="8c84fa94-04c1-424b-9868-57a2d4851a1d" />
    <TestEntry testId="67af8a8d-4a22-a9e2-abf0-def7c53b0fd8" executionId="6107d12e-cd9c-453f-9e8b-b386414ad782" testListId="8c84fa94-04c1-424b-9868-57a2d4851a1d" />
    <TestEntry testId="b0de6877-7369-beb8-bfcb-699e4af08d17" executionId="e6c5fe5f-be8c-48bc-af06-f6442c7abbc6" testListId="8c84fa94-04c1-424b-9868-57a2d4851a1d" />
    <TestEntry testId="e637339b-b38a-22b1-d566-282380c17576" executionId="53df45f6-9771-44c2-90ff-b24ef33b0642" testListId="8c84fa94-04c1-424b-9868-57a2d4851a1d" />
    <TestEntry testId="0b94c834-d90e-9605-45d2-d9d132ae666f" executionId="c5a9e1c3-fea4-4f12-9ad3-2e9b8a8a20b0" testListId="8c84fa94-04c1-424b-9868-57a2d4851a1d" />
    <TestEntry testId="06fd7059-3d6f-6c93-7a5a-42eb775a541b" executionId="6a7247f7-1503-47c7-99e3-303fc6a0b790" testListId="8c84fa94-04c1-424b-9868-57a2d4851a1d" />
    <TestEntry testId="701f587a-5d18-199f-026c-ebd21e1df910" executionId="97e7d73e-aec4-4edf-9686-b749510195ba" testListId="8c84fa94-04c1-424b-9868-57a2d4851a1d" />
    <TestEntry testId="ed1d94bc-fd0b-21ab-f84b-7c81cc08363b" executionId="7c8df84b-5643-4ba9-a16e-ab0198b04548" testListId="8c84fa94-04c1-424b-9868-57a2d4851a1d" />
    <TestEntry testId="90364ebf-e194-1b77-acdc-71873e1b7143" executionId="98afb82b-0178-4a6d-92f8-101a220e64ae" testListId="8c84fa94-04c1-424b-9868-57a2d4851a1d" />
    <TestEntry testId="07fcde81-a5d2-9bc2-a2d7-57e55070e45d" executionId="7b78d462-db47-45f4-a14b-b9d3242e3e97" testListId="8c84fa94-04c1-424b-9868-57a2d4851a1d" />
    <TestEntry testId="71aa4210-ac3e-e7c3-0653-b089cbb506b7" executionId="579c7abc-7ef6-4dea-a313-02352ec9b82f" testListId="8c84fa94-04c1-424b-9868-57a2d4851a1d" />
    <TestEntry testId="34bb9170-eeee-de83-f14e-fab906187457" executionId="169f2517-d947-4c76-8466-47a77677e381" testListId="8c84fa94-04c1-424b-9868-57a2d4851a1d" />
    <TestEntry testId="efcc2e9e-2f85-0ef0-5d17-1938b92c7600" executionId="b84fad77-c18e-4e95-bb07-4cfa27765c4f" testListId="8c84fa94-04c1-424b-9868-57a2d4851a1d" />
    <TestEntry testId="cad8a71e-9ec3-0cfe-ecda-314fd7839d3f" executionId="fbf86fc1-0662-4798-a845-5ce48ece3f5d" testListId="8c84fa94-04c1-424b-9868-57a2d4851a1d" />
    <TestEntry testId="69c491e7-162a-f54d-99dd-afee817e1235" executionId="be41a6c3-e228-4622-822d-77a02ceeff67" testListId="8c84fa94-04c1-424b-9868-57a2d4851a1d" />
    <TestEntry testId="dbb7f411-b5f6-5940-9199-3e373138ea62" executionId="0851c190-9549-490c-924e-38f28a2b8475" testListId="8c84fa94-04c1-424b-9868-57a2d4851a1d" />
    <TestEntry testId="f949f09e-ebc0-f09b-1a13-db797c40c4c3" executionId="65aba10a-f488-4827-9ec8-d10ce3c21a6e" testListId="8c84fa94-04c1-424b-9868-57a2d4851a1d" />
    <TestEntry testId="7ecabcdb-f2bf-5e92-6c91-f6117e8a09af" executionId="c747f8ab-cf53-4bdd-b5a1-3e5e39f9c127" testListId="8c84fa94-04c1-424b-9868-57a2d4851a1d" />
    <TestEntry testId="c217cd52-6433-05a1-a077-a582de5aaa62" executionId="256cddd3-0866-4fa8-be4c-2c0b9afa09eb" testListId="8c84fa94-04c1-424b-9868-57a2d4851a1d" />
    <TestEntry testId="5ea183d9-8439-dd6c-d705-0b7bf5efa48b" executionId="5518268a-f755-4beb-af86-69dfc3bc90e7" testListId="8c84fa94-04c1-424b-9868-57a2d4851a1d" />
    <TestEntry testId="58eebdef-28a3-7d06-c213-4aa00f14b8b1" executionId="7b7a19a8-6675-4870-a0f6-f556a2345de5" testListId="8c84fa94-04c1-424b-9868-57a2d4851a1d" />
    <TestEntry testId="2a3930db-30f0-5441-9b21-5ddb855435ef" executionId="36774653-5478-4d22-b1fc-18d4f3769879" testListId="8c84fa94-04c1-424b-9868-57a2d4851a1d" />
    <TestEntry testId="25bfd5dc-d6fd-7060-1543-b6eff93eaa1d" executionId="1529474a-874a-4ac0-9eca-ffeb5eb52b87" testListId="8c84fa94-04c1-424b-9868-57a2d4851a1d" />
    <TestEntry testId="6ad43e97-1e3e-ec83-e035-af1c369888de" executionId="1c8c1984-0cfb-42cd-a71e-a2ad9658ff6f" testListId="8c84fa94-04c1-424b-9868-57a2d4851a1d" />
    <TestEntry testId="bd7bddfa-4b13-cac6-2538-99d0e6e9aaf2" executionId="a13ba7be-1a3b-4baa-8492-89479468cee1" testListId="8c84fa94-04c1-424b-9868-57a2d4851a1d" />
    <TestEntry testId="a35a1793-5ee3-f926-ff94-e5d154b60c65" executionId="e042e692-6953-4b8f-ac33-eaf0bb1db66a" testListId="8c84fa94-04c1-424b-9868-57a2d4851a1d" />
    <TestEntry testId="db6b1d5f-acf0-e056-417a-53af7ddfd69f" executionId="53f09e81-e6fd-4546-9f82-1954a74ed18c" testListId="8c84fa94-04c1-424b-9868-57a2d4851a1d" />
    <TestEntry testId="58d16fdf-e597-97fe-e122-05c7faace010" executionId="a151ab73-f7c4-486a-aa31-4f886930f964" testListId="8c84fa94-04c1-424b-9868-57a2d4851a1d" />
    <TestEntry testId="603feeed-2241-e035-6017-b1d30d094808" executionId="a9a1bd8d-ed30-409e-bc7e-2f18055ec0dc" testListId="8c84fa94-04c1-424b-9868-57a2d4851a1d" />
    <TestEntry testId="c549c10a-c324-af07-fecf-e15608df2050" executionId="8c441b1e-fddb-4e98-8630-1212ac2bbe27" testListId="8c84fa94-04c1-424b-9868-57a2d4851a1d" />
    <TestEntry testId="8ce819e9-2ccf-3f8e-012f-049309266381" executionId="a596916d-d55f-41bc-b6aa-a71ebf909dba" testListId="8c84fa94-04c1-424b-9868-57a2d4851a1d" />
    <TestEntry testId="16d394f6-e09f-d4d6-96d8-204c0f1c5d93" executionId="775f6695-8972-4bb9-b8c1-3fdb71428a23" testListId="8c84fa94-04c1-424b-9868-57a2d4851a1d" />
    <TestEntry testId="1a45ac18-4cd8-b3a2-3eb6-7a2b6dbbd4c5" executionId="4d3af5ac-98bd-42f0-97c2-d1ead8dea76a" testListId="8c84fa94-04c1-424b-9868-57a2d4851a1d" />
    <TestEntry testId="6baebac7-a80a-bf62-b229-fb70ad830fff" executionId="4a46a471-bc02-48ae-aafe-8e34b964d271" testListId="8c84fa94-04c1-424b-9868-57a2d4851a1d" />
    <TestEntry testId="c9e17951-e43f-8200-3417-432bd1307c56" executionId="681f5774-ff30-447d-a26b-384aab0740d9" testListId="8c84fa94-04c1-424b-9868-57a2d4851a1d" />
    <TestEntry testId="35cd39b6-9fc9-e727-c160-6599970b4a46" executionId="00519070-5174-47de-9bb1-0d08d7e0d11d" testListId="8c84fa94-04c1-424b-9868-57a2d4851a1d" />
    <TestEntry testId="c73d6aaa-e241-d2c3-1e63-c59fd12ac92a" executionId="0644ce9f-830c-453a-8461-bd8d050d4171" testListId="8c84fa94-04c1-424b-9868-57a2d4851a1d" />
    <TestEntry testId="68a16536-98d2-0511-7116-864607bab0e2" executionId="441f773b-aa95-419f-8f35-502f9cf16e19" testListId="8c84fa94-04c1-424b-9868-57a2d4851a1d" />
    <TestEntry testId="734c5808-49eb-8ed1-25f3-61160bef48bd" executionId="f28b6353-fd35-474d-9ead-e0f43dcb7a7c" testListId="8c84fa94-04c1-424b-9868-57a2d4851a1d" />
    <TestEntry testId="da46ef01-15e9-67b6-3316-0d87c8eb81a2" executionId="e3062f36-f990-422f-9885-ca194a41f2fd" testListId="8c84fa94-04c1-424b-9868-57a2d4851a1d" />
    <TestEntry testId="7e7b9c1e-babc-ac42-36f5-c064ed6a9a1c" executionId="82bf4ab3-9d43-423b-a9b5-5f8907c53b47" testListId="8c84fa94-04c1-424b-9868-57a2d4851a1d" />
    <TestEntry testId="76eeeb2b-1455-fe34-82ad-4f434e3d08da" executionId="23538968-e62a-405d-a66f-982293d11a25" testListId="8c84fa94-04c1-424b-9868-57a2d4851a1d" />
    <TestEntry testId="07f208e9-5d3e-7b2e-6a59-4da49d2f6cd9" executionId="3c2d9396-9053-43d6-a135-7223e5e6d439" testListId="8c84fa94-04c1-424b-9868-57a2d4851a1d" />
    <TestEntry testId="7f1262c7-9267-6848-7a6a-63fee330a8ad" executionId="23e54a4c-ad5e-40e1-b31f-7c0de47ace85" testListId="8c84fa94-04c1-424b-9868-57a2d4851a1d" />
    <TestEntry testId="a53e0d07-c18c-8070-bdec-f7532c15812f" executionId="07c9ed8a-9d69-48a3-80c8-0a5deed0055b" testListId="8c84fa94-04c1-424b-9868-57a2d4851a1d" />
    <TestEntry testId="49da038f-537c-1970-55c5-0f0dc151893c" executionId="825b05a9-219e-4ed4-9546-ceea81f48ba1" testListId="8c84fa94-04c1-424b-9868-57a2d4851a1d" />
    <TestEntry testId="9bca95a5-a33d-a683-4344-4c17db026fa8" executionId="11871ade-addb-4b85-8aa3-16852f0977d9" testListId="8c84fa94-04c1-424b-9868-57a2d4851a1d" />
    <TestEntry testId="1c75a966-0b82-9661-4f03-80de50e87f33" executionId="0ed474fb-ab8b-4920-935f-6d2494e6f64e" testListId="8c84fa94-04c1-424b-9868-57a2d4851a1d" />
    <TestEntry testId="9f46c073-ddef-8b94-cb56-edd20a0d1dcb" executionId="ffc1a3ad-bea4-4d6f-848c-978c03138172" testListId="8c84fa94-04c1-424b-9868-57a2d4851a1d" />
    <TestEntry testId="0f6c30f4-eb74-3240-7d3a-baf8973e6bb1" executionId="fca2aabd-0292-426a-bfb9-9a8794a13ebd" testListId="8c84fa94-04c1-424b-9868-57a2d4851a1d" />
    <TestEntry testId="09cd4131-9ddb-feab-ff4c-35327c79c0f2" executionId="93b051c0-934b-4471-a1e4-7512797fb03b" testListId="8c84fa94-04c1-424b-9868-57a2d4851a1d" />
    <TestEntry testId="f2aeed70-0eba-88fa-cdc4-4e0eba39fa22" executionId="901e97a8-30a7-4619-a3db-1c4e71c0c0a4" testListId="8c84fa94-04c1-424b-9868-57a2d4851a1d" />
    <TestEntry testId="90ecebff-7662-d7b9-ab27-78972e03a435" executionId="ca1c2f87-06ae-4004-ab28-b242b72473cd" testListId="8c84fa94-04c1-424b-9868-57a2d4851a1d" />
    <TestEntry testId="9d9f8a4f-fb5f-d9c1-b8a2-a33f0fcb61c1" executionId="158d338b-eb3c-4b41-9e22-916fdcf33200" testListId="8c84fa94-04c1-424b-9868-57a2d4851a1d" />
    <TestEntry testId="901b1d80-eb8f-d99c-d714-80ce4513b9b5" executionId="bf613566-cb1b-4609-a45e-487dfd734606" testListId="8c84fa94-04c1-424b-9868-57a2d4851a1d" />
    <TestEntry testId="0fccd154-e18e-f328-7847-cd4fb77e326e" executionId="32fed174-f898-4196-a4a2-39cd7c184fe8" testListId="8c84fa94-04c1-424b-9868-57a2d4851a1d" />
    <TestEntry testId="b1dff3e0-131a-5859-39fa-f522da206203" executionId="8f8f85f3-c716-4f6c-a55d-cc8884320fab" testListId="8c84fa94-04c1-424b-9868-57a2d4851a1d" />
    <TestEntry testId="3ecd118f-8996-e62a-8936-670ee4ab429e" executionId="439c53f1-42ba-4d4c-b258-fec193cd75c7" testListId="8c84fa94-04c1-424b-9868-57a2d4851a1d" />
    <TestEntry testId="e2003228-eccc-5e56-b410-7f365127fa8c" executionId="b06a119f-510c-4ed7-85c1-5dddec87d97e" testListId="8c84fa94-04c1-424b-9868-57a2d4851a1d" />
    <TestEntry testId="5df4ccfd-b38d-3660-7817-2444fb2dfa70" executionId="41f38bc7-ed9c-4a32-82fe-34ae08c194de" testListId="8c84fa94-04c1-424b-9868-57a2d4851a1d" />
    <TestEntry testId="c230f671-ad47-b61c-8358-5fab696d26df" executionId="bc69373c-76aa-4e46-90bf-e8bbf47ca8d7" testListId="8c84fa94-04c1-424b-9868-57a2d4851a1d" />
    <TestEntry testId="1785d446-9166-80a3-a691-86d4e815eb37" executionId="6f20ed51-27e8-4eb7-8c27-0c2acfa75ea8" testListId="8c84fa94-04c1-424b-9868-57a2d4851a1d" />
    <TestEntry testId="6bd4d2ae-eeeb-a392-cb38-c186fe339396" executionId="9613eb1b-20ee-47d2-8bf8-9606944336a7" testListId="8c84fa94-04c1-424b-9868-57a2d4851a1d" />
    <TestEntry testId="cce1e892-556c-9cd2-ed64-426f363a29c2" executionId="02a217f2-b561-4b3c-a53f-77323dbea8f2" testListId="8c84fa94-04c1-424b-9868-57a2d4851a1d" />
    <TestEntry testId="35b76dca-0f99-b77f-db41-bd1c7f9c0f7f" executionId="e4df4903-aa21-437e-acee-1107ad268944" testListId="8c84fa94-04c1-424b-9868-57a2d4851a1d" />
    <TestEntry testId="ee234abd-0496-b817-262c-6365071813bb" executionId="498fcf0f-e67f-41c2-a42c-044eedb27cd5" testListId="8c84fa94-04c1-424b-9868-57a2d4851a1d" />
    <TestEntry testId="dcf0db55-732a-fafb-7f82-1b8350768679" executionId="b39c978e-7ec7-4986-a1ad-e95bec4125a7" testListId="8c84fa94-04c1-424b-9868-57a2d4851a1d" />
    <TestEntry testId="4bc503a7-11a2-2f4f-32a1-66720fdf3855" executionId="f1e13e02-df97-427e-818a-666c49638042" testListId="8c84fa94-04c1-424b-9868-57a2d4851a1d" />
    <TestEntry testId="c97c75c4-b307-7ca6-75ff-9ef0025bb6a0" executionId="607f1928-2521-4330-9df0-947ed57ee237" testListId="8c84fa94-04c1-424b-9868-57a2d4851a1d" />
    <TestEntry testId="54490ebb-e886-c42d-4637-268057915b16" executionId="4419df36-1114-4e0d-884b-d96532b5078f" testListId="8c84fa94-04c1-424b-9868-57a2d4851a1d" />
    <TestEntry testId="eabbcd14-fd00-2fcc-d0e2-9b4db26c5b35" executionId="42bdffb7-6bc2-446c-bd1e-ffd9d168e85b" testListId="8c84fa94-04c1-424b-9868-57a2d4851a1d" />
    <TestEntry testId="f19b555b-116b-2f3a-0c2d-ec4548792f2e" executionId="50af073b-cb1a-4ee1-8a30-c54a886bf7a3" testListId="8c84fa94-04c1-424b-9868-57a2d4851a1d" />
    <TestEntry testId="ea759aae-ebb3-561f-baa8-d1599fc10d86" executionId="d83b6a85-91e0-46ca-b549-db5455baa9d0" testListId="8c84fa94-04c1-424b-9868-57a2d4851a1d" />
    <TestEntry testId="64a8ba0e-13fa-43a2-4028-da53eca3fc4b" executionId="fa77178f-9adb-40bd-ac8f-1193194a019c" testListId="8c84fa94-04c1-424b-9868-57a2d4851a1d" />
    <TestEntry testId="20732fe4-3f82-c4d4-02eb-ec9f33b96963" executionId="e58e9a27-75d0-4fb2-8df0-f276c4a95b6a" testListId="8c84fa94-04c1-424b-9868-57a2d4851a1d" />
    <TestEntry testId="a3825ee6-ad0d-4819-be97-b9185bfa2c06" executionId="b0dbf86c-f304-4c12-be96-eec11e303ee5" testListId="8c84fa94-04c1-424b-9868-57a2d4851a1d" />
    <TestEntry testId="26b95717-eff7-b896-62e8-84d5342f995e" executionId="3f049044-2c71-42ac-adc0-4fb8248f875d" testListId="8c84fa94-04c1-424b-9868-57a2d4851a1d" />
    <TestEntry testId="44b5e871-bf86-94e7-7093-ae2d9b275d87" executionId="cf3a4ef9-a268-42a1-99e1-556bd3f087ed" testListId="8c84fa94-04c1-424b-9868-57a2d4851a1d" />
    <TestEntry testId="d8f8e165-90df-5b49-a300-edfa6daf0e32" executionId="f5d25bb1-a5d4-43d0-87e8-620f05b643f0" testListId="8c84fa94-04c1-424b-9868-57a2d4851a1d" />
    <TestEntry testId="2744c131-c3ef-c9ac-68af-49e8d228d0e8" executionId="5f687e58-bc71-46db-a7de-d5b6fe9d833d" testListId="8c84fa94-04c1-424b-9868-57a2d4851a1d" />
    <TestEntry testId="6720d7d6-f9fe-851e-f20f-3d7775f4d8f4" executionId="406e3bae-c850-4ac9-936c-a7d57771f321" testListId="8c84fa94-04c1-424b-9868-57a2d4851a1d" />
    <TestEntry testId="c36e2ee8-7c55-dd44-7dfa-f01481b9295e" executionId="c6b27f47-e686-4241-bb46-8d59b36d2702" testListId="8c84fa94-04c1-424b-9868-57a2d4851a1d" />
    <TestEntry testId="2f2f4dfd-d686-918e-9cdb-c64365a18a4e" executionId="862e4e6d-bd72-4062-a05a-6fc3ec1f8f41" testListId="8c84fa94-04c1-424b-9868-57a2d4851a1d" />
    <TestEntry testId="e39385cb-7542-4440-d38b-996237c21332" executionId="fb87c6b7-dfa8-4684-aee3-2024a6c6a48b" testListId="8c84fa94-04c1-424b-9868-57a2d4851a1d" />
    <TestEntry testId="c28794e5-0b00-cfed-b0d4-4828aebaa541" executionId="c3c38cb7-f872-4b01-a80a-47a56f14ee81" testListId="8c84fa94-04c1-424b-9868-57a2d4851a1d" />
    <TestEntry testId="6468c7f7-1dba-3b2c-fe98-4295b607576f" executionId="d9c4e01e-f701-41b5-bd79-2ab7c9855ef9" testListId="8c84fa94-04c1-424b-9868-57a2d4851a1d" />
    <TestEntry testId="1c59d7c9-063b-4e4d-eeb7-8b7090f5e894" executionId="cec78fe3-695c-4caf-9bab-5d03c5a965a3" testListId="8c84fa94-04c1-424b-9868-57a2d4851a1d" />
    <TestEntry testId="1923b67c-2b64-459e-4f8d-07b0052405ab" executionId="153755cf-e8f2-40ae-93c5-60089118546a" testListId="8c84fa94-04c1-424b-9868-57a2d4851a1d" />
    <TestEntry testId="f39808db-9b00-19f3-92ea-395a8ce4cfc2" executionId="3daf3daf-7613-4447-b408-2dc09b600a48" testListId="8c84fa94-04c1-424b-9868-57a2d4851a1d" />
    <TestEntry testId="b9b58e28-7f86-1f3e-1425-2302a7fc52a5" executionId="88161a54-20ea-4235-bdb1-4d67b935d064" testListId="8c84fa94-04c1-424b-9868-57a2d4851a1d" />
    <TestEntry testId="e54af1a4-2187-47bd-06ab-7b48b0cdb6e0" executionId="410da673-5cd6-4bc4-9783-1f16c1f3e1f8" testListId="8c84fa94-04c1-424b-9868-57a2d4851a1d" />
    <TestEntry testId="624d1e9e-c1f1-b5dd-e74e-7b5abb6322df" executionId="e3546000-b12e-40f5-aa77-3399c673cade" testListId="8c84fa94-04c1-424b-9868-57a2d4851a1d" />
    <TestEntry testId="0c7ed41a-0fec-962f-fb03-8fb57bf9a0b3" executionId="ab479ce3-3b91-43cf-a101-4272b6201f25" testListId="8c84fa94-04c1-424b-9868-57a2d4851a1d" />
    <TestEntry testId="61c2b2fd-0ce4-077d-21b4-8840be5ccace" executionId="6f553375-9708-41d8-b757-8d3dba3aae0f" testListId="8c84fa94-04c1-424b-9868-57a2d4851a1d" />
    <TestEntry testId="c7f2fb08-11b4-e8d2-b9b9-3bf6fbe1918f" executionId="962bc90e-27c2-4420-b41d-431339fe3540" testListId="8c84fa94-04c1-424b-9868-57a2d4851a1d" />
    <TestEntry testId="4cfe696d-2c66-ba14-94e5-b1c7f8adc785" executionId="f9dd8f7f-d966-4793-a7b7-f81fc2a7c838" testListId="8c84fa94-04c1-424b-9868-57a2d4851a1d" />
    <TestEntry testId="7c32f423-8e0c-a2de-85b6-19e6c1f80dce" executionId="e6e34021-823d-4b0b-8784-afcc7ab1afd7" testListId="8c84fa94-04c1-424b-9868-57a2d4851a1d" />
    <TestEntry testId="9ddec5fa-479c-3d6f-39eb-a62427813e0c" executionId="42d99f96-ca65-4546-a759-5315448c27f5" testListId="8c84fa94-04c1-424b-9868-57a2d4851a1d" />
  </TestEntries>
  <TestLists>
    <TestList name="Results Not in a List" id="8c84fa94-04c1-424b-9868-57a2d4851a1d" />
    <TestList name="All Loaded Results" id="19431567-8539-422a-85d7-44ee4e166bda" />
  </TestLists>
  <ResultSummary outcome="Completed">
    <Counters total="353" executed="353" passed="353" failed="0" error="0" timeout="0" aborted="0" inconclusive="0" passedButRunAborted="0" notRunnable="0" notExecuted="0" disconnected="0" warning="0" completed="0" inProgress="0" pending="0" />
    <Output>
      <StdOut>[xUnit.net 00:00:00.00] xUnit.net VSTest Adapter v3.0.2+dd36e86129 (64-bit .NET 8.0.20)
[xUnit.net 00:00:00.12]   Discovering: SGuard.DataAnnotations.Tests
[xUnit.net 00:00:00.29]   Discovered:  SGuard.DataAnnotations.Tests
[xUnit.net 00:00:00.40]   Starting:    SGuard.DataAnnotations.Tests
[xUnit.net 00:00:01.29]   Finished:    SGuard.DataAnnotations.Tests
</StdOut>
    </Output>
    <CollectorDataEntries>
      <Collector agentName="runnervmf4ws1" uri="datacollector://microsoft/CoverletCodeCoverage/1.0" collectorDisplayName="XPlat code coverage">
        <UriAttachments>
          <UriAttachment>
            <A href="runnervmf4ws1/coverage.cobertura.xml"></A>
          </UriAttachment>
          <UriAttachment>
            <A href="runnervmf4ws1/coverage.opencover.xml"></A>
          </UriAttachment>
        </UriAttachments>
      </Collector>
    </CollectorDataEntries>
  </ResultSummary>
</TestRun>