<?xml version="1.0" encoding="utf-8"?>
<TestRun id="b8d103a3-5119-4e60-9256-e777adea9f98" name="@runnervmf4ws1 2025-09-12 12:00:30" xmlns="http://microsoft.com/schemas/VisualStudio/TeamTest/2010">
  <Times creation="2025-09-12T12:00:30.8475762+00:00" queuing="2025-09-12T12:00:30.8475763+00:00" start="2025-09-12T12:00:28.4525638+00:00" finish="2025-09-12T12:00:31.8739910+00:00" />
  <TestSettings name="default" id="efa5fea5-59c0-412a-a5dc-230949fcfff7">
    <Deployment runDeploymentRoot="_runnervmf4ws1_2025-09-12_12_00_30" />
  </TestSettings>
  <Results>
    <UnitTestResult executionId="c8c369b9-67af-4701-b225-5747dcc83e8f" testId="0367e79a-4921-fb2e-f4bc-6e70d3dbd5a0" testName="SGuard.DataAnnotations.Tests.DataAnnotation.IsTests.DataAnnotationsValid_ValidObject_ReturnsTrue" computerName="runnervmf4ws1" duration="00:00:00.0000933" startTime="2025-09-12T12:00:31.2113634+00:00" endTime="2025-09-12T12:00:31.2115330+00:00" testType="13cdc9d9-ddb5-4fa4-a97d-d965ccfc6d4b" outcome="Passed" testListId="8c84fa94-04c1-424b-9868-57a2d4851a1d" relativeResultsDirectory="c8c369b9-67af-4701-b225-5747dcc83e8f" />
    <UnitTestResult executionId="8fa744dd-5cfb-4aac-9d78-c09cab903f67" testId="624a2de5-bfea-7fa5-ee1a-26526dad9b4c" testName="SGuard.DataAnnotations.Tests.Attributes.SGuardEmailAddressAttributeTests.ReturnsSuccess_WhenValueIsCommonEmailProvider(email: &quot;user@hotmail.com&quot;)" computerName="runnervmf4ws1" duration="00:00:00.0045066" startTime="2025-09-12T12:00:31.2065087+00:00" endTime="2025-09-12T12:00:31.2205915+00:00" testType="13cdc9d9-ddb5-4fa4-a97d-d965ccfc6d4b" outcome="Passed" testListId="8c84fa94-04c1-424b-9868-57a2d4851a1d" relativeResultsDirectory="8fa744dd-5cfb-4aac-9d78-c09cab903f67" />
    <UnitTestResult executionId="1640fcdf-d505-47c3-b028-76bb7697de37" testId="1c56d25b-3fa2-0b50-9bef-dde7f6b97d13" testName="SGuard.DataAnnotations.Tests.Attributes.SGuardCreditCardAttributeTests.ReturnsSuccess_WhenValueIsNull" computerName="runnervmf4ws1" duration="00:00:00.0001259" startTime="2025-09-12T12:00:30.9938042+00:00" endTime="2025-09-12T12:00:30.9938909+00:00" testType="13cdc9d9-ddb5-4fa4-a97d-d965ccfc6d4b" outcome="Passed" testListId="8c84fa94-04c1-424b-9868-57a2d4851a1d" relativeResultsDirectory="1640fcdf-d505-47c3-b028-76bb7697de37" />
    <UnitTestResult executionId="d0435d6d-a3df-4315-8a0d-67d5cb8ca230" testId="be8251c6-c94a-bbb7-cb6e-0f98d6eeb89f" testName="SGuard.DataAnnotations.Tests.Attributes.SGuardGreaterThanAttributeTests.ReturnsLocalizedErrorMessage_WhenCultureIsSetToTurkish" computerName="runnervmf4ws1" duration="00:00:00.0001850" startTime="2025-09-12T12:00:31.1167204+00:00" endTime="2025-09-12T12:00:31.1245106+00:00" testType="13cdc9d9-ddb5-4fa4-a97d-d965ccfc6d4b" outcome="Passed" testListId="8c84fa94-04c1-424b-9868-57a2d4851a1d" relativeResultsDirectory="d0435d6d-a3df-4315-8a0d-67d5cb8ca230" />
    <UnitTestResult executionId="3f7ac9cb-69b4-44e7-a4e3-330625650c05" testId="ffb894f2-8b4e-535d-2181-50be0cbf54c4" testName="SGuard.DataAnnotations.Tests.Attributes.SGuardEmailAddressAttributeTests.ReturnsError_WhenValueIsNotString" computerName="runnervmf4ws1" duration="00:00:00.0016808" startTime="2025-09-12T12:00:31.3690502+00:00" endTime="2025-09-12T12:00:31.3691895+00:00" testType="13cdc9d9-ddb5-4fa4-a97d-d965ccfc6d4b" outcome="Passed" testListId="8c84fa94-04c1-424b-9868-57a2d4851a1d" relativeResultsDirectory="3f7ac9cb-69b4-44e7-a4e3-330625650c05" />
    <UnitTestResult executionId="1508c223-bb0e-40ca-be90-4ce1e6f16fc9" testId="aa49b1a7-b42b-1198-9a54-7252e411bd8c" testName="SGuard.DataAnnotations.Tests.Attributes.SGuardRequiredIfAttributeTests.ReturnsSuccess_WhenInvertIsTrue_AndConditionIsMet_AndValueIsNull" computerName="runnervmf4ws1" duration="00:00:00.0001278" startTime="2025-09-12T12:00:31.1709039+00:00" endTime="2025-09-12T12:00:31.1726400+00:00" testType="13cdc9d9-ddb5-4fa4-a97d-d965ccfc6d4b" outcome="Passed" testListId="8c84fa94-04c1-424b-9868-57a2d4851a1d" relativeResultsDirectory="1508c223-bb0e-40ca-be90-4ce1e6f16fc9" />
    <UnitTestResult executionId="28358ed0-02ae-42b2-b65e-b5a29d5d3a2a" testId="8e691b6b-f7e7-4d53-52eb-73fbaa8af003" testName="SGuard.DataAnnotations.Tests.Attributes.SGuardGreaterThanAttributeTests.ReturnsError_WhenValueIsEqualToOther" computerName="runnervmf4ws1" duration="00:00:00.0001593" startTime="2025-09-12T12:00:31.1122984+00:00" endTime="2025-09-12T12:00:31.1151873+00:00" testType="13cdc9d9-ddb5-4fa4-a97d-d965ccfc6d4b" outcome="Passed" testListId="8c84fa94-04c1-424b-9868-57a2d4851a1d" relativeResultsDirectory="28358ed0-02ae-42b2-b65e-b5a29d5d3a2a" />
    <UnitTestResult executionId="e1d42587-370e-418c-b8f8-692aee812039" testId="459571cd-a7a6-19f8-467f-defe386a04a8" testName="SGuard.DataAnnotations.Tests.Attributes.SGuardLessThanAttributeTests.ReturnsError_WhenValueIsNull" computerName="runnervmf4ws1" duration="00:00:00.0005809" startTime="2025-09-12T12:00:31.0630909+00:00" endTime="2025-09-12T12:00:31.0649226+00:00" testType="13cdc9d9-ddb5-4fa4-a97d-d965ccfc6d4b" outcome="Passed" testListId="8c84fa94-04c1-424b-9868-57a2d4851a1d" relativeResultsDirectory="e1d42587-370e-418c-b8f8-692aee812039" />
    <UnitTestResult executionId="bf13a252-d2d4-4611-83b7-ad4ed9a88504" testId="f9da4098-2126-5914-73e0-8e7dcc348997" testName="SGuard.DataAnnotations.Tests.Attributes.SGuardCreditCardAttributeTests.PaymentForm_ValidCreditCard_Success" computerName="runnervmf4ws1" duration="00:00:00.0001321" startTime="2025-09-12T12:00:30.9486719+00:00" endTime="2025-09-12T12:00:30.9488104+00:00" testType="13cdc9d9-ddb5-4fa4-a97d-d965ccfc6d4b" outcome="Passed" testListId="8c84fa94-04c1-424b-9868-57a2d4851a1d" relativeResultsDirectory="bf13a252-d2d4-4611-83b7-ad4ed9a88504" />
    <UnitTestResult executionId="cfcd60b6-1333-4c4d-b77f-2cc665b7d45d" testId="afa1a1c3-1be6-2bed-8ff7-68131025b419" testName="SGuard.DataAnnotations.Tests.Attributes.SGuardCompareAttributeTests.HandlesWhitespace_Differences" computerName="runnervmf4ws1" duration="00:00:00.0008061" startTime="2025-09-12T12:00:31.0565249+00:00" endTime="2025-09-12T12:00:31.0579525+00:00" testType="13cdc9d9-ddb5-4fa4-a97d-d965ccfc6d4b" outcome="Passed" testListId="8c84fa94-04c1-424b-9868-57a2d4851a1d" relativeResultsDirectory="cfcd60b6-1333-4c4d-b77f-2cc665b7d45d" />
    <UnitTestResult executionId="cfa094a8-ea48-41c2-b4b9-17ca06dbaa10" testId="d1018631-d89f-4c5e-539a-e617e86cc282" testName="SGuard.DataAnnotations.Tests.Attributes.SGuardRangeAttributeTests.ReturnsSuccess_WhenDoubleValueIsWithinRange" computerName="runnervmf4ws1" duration="00:00:00.0002220" startTime="2025-09-12T12:00:31.0064984+00:00" endTime="2025-09-12T12:00:31.0066498+00:00" testType="13cdc9d9-ddb5-4fa4-a97d-d965ccfc6d4b" outcome="Passed" testListId="8c84fa94-04c1-424b-9868-57a2d4851a1d" relativeResultsDirectory="cfa094a8-ea48-41c2-b4b9-17ca06dbaa10" />
    <UnitTestResult executionId="dd26678b-b5bf-4ab0-b704-0395c2a952ad" testId="9bd00603-596a-036f-3eff-e8840deb4fcd" testName="SGuard.DataAnnotations.Tests.Attributes.SGuardPhoneAttributeTests.ThrowsArgumentNullException_WhenResourceNameIsNull" computerName="runnervmf4ws1" duration="00:00:00.0031162" startTime="2025-09-12T12:00:30.9620680+00:00" endTime="2025-09-12T12:00:30.9767965+00:00" testType="13cdc9d9-ddb5-4fa4-a97d-d965ccfc6d4b" outcome="Passed" testListId="8c84fa94-04c1-424b-9868-57a2d4851a1d" relativeResultsDirectory="dd26678b-b5bf-4ab0-b704-0395c2a952ad" />
    <UnitTestResult executionId="8177cf7a-e8e5-4d0f-98e6-157f64908092" testId="080775d4-6b69-5bc3-992d-f0e3c7374a4e" testName="SGuard.DataAnnotations.Tests.Attributes.SGuardMaxLengthAttributeTests.ReturnsSuccess_WhenStringIsShorterThanMaxLength" computerName="runnervmf4ws1" duration="00:00:00.0001191" startTime="2025-09-12T12:00:31.2032539+00:00" endTime="2025-09-12T12:00:31.2033904+00:00" testType="13cdc9d9-ddb5-4fa4-a97d-d965ccfc6d4b" outcome="Passed" testListId="8c84fa94-04c1-424b-9868-57a2d4851a1d" relativeResultsDirectory="8177cf7a-e8e5-4d0f-98e6-157f64908092" />
    <UnitTestResult executionId="301de4a2-7989-464e-8d4f-4d96555f06e2" testId="75d791fa-8719-80d0-9a8b-76d17eff6ec0" testName="SGuard.DataAnnotations.Tests.Attributes.SGuardCreditCardAttributeTests.ReturnsError_WhenValueContainsLetters" computerName="runnervmf4ws1" duration="00:00:00.0001348" startTime="2025-09-12T12:00:30.9928461+00:00" endTime="2025-09-12T12:00:30.9929360+00:00" testType="13cdc9d9-ddb5-4fa4-a97d-d965ccfc6d4b" outcome="Passed" testListId="8c84fa94-04c1-424b-9868-57a2d4851a1d" relativeResultsDirectory="301de4a2-7989-464e-8d4f-4d96555f06e2" />
    <UnitTestResult executionId="7ad3fef4-b992-4cf0-8dcd-bfb13fb77c3f" testId="51c51bea-f89b-c996-c1ac-8ab3ff59328a" testName="SGuard.DataAnnotations.Tests.Attributes.SGuardMaxCountAttributeTests.ReturnsError_WhenDictionaryCountExceedsMax" computerName="runnervmf4ws1" duration="00:00:00.0001734" startTime="2025-09-12T12:00:30.9005252+00:00" endTime="2025-09-12T12:00:30.9019065+00:00" testType="13cdc9d9-ddb5-4fa4-a97d-d965ccfc6d4b" outcome="Passed" testListId="8c84fa94-04c1-424b-9868-57a2d4851a1d" relativeResultsDirectory="7ad3fef4-b992-4cf0-8dcd-bfb13fb77c3f" />
    <UnitTestResult executionId="b122b3bf-3c3a-48d6-9b58-4c03ed8620a4" testId="c28794e5-0b00-cfed-b0d4-4828aebaa541" testName="SGuard.DataAnnotations.Tests.Attributes.SGuardCompareAttributeTests.ReturnsSuccess_WhenBothPropertiesAreNull" computerName="runnervmf4ws1" duration="00:00:00.0045328" startTime="2025-09-12T12:00:31.0745253+00:00" endTime="2025-09-12T12:00:31.0811711+00:00" testType="13cdc9d9-ddb5-4fa4-a97d-d965ccfc6d4b" outcome="Passed" testListId="8c84fa94-04c1-424b-9868-57a2d4851a1d" relativeResultsDirectory="b122b3bf-3c3a-48d6-9b58-4c03ed8620a4" />
    <UnitTestResult executionId="6b53a225-fcf3-4cd9-9a4c-6e50fbf4f0c7" testId="603feeed-2241-e035-6017-b1d30d094808" testName="SGuard.DataAnnotations.Tests.Attributes.SGuardEmailAddressAttributeTests.Newsletter_SubscriptionEmail_Success" computerName="runnervmf4ws1" duration="00:00:00.0024007" startTime="2025-09-12T12:00:31.3966370+00:00" endTime="2025-09-12T12:00:31.3967880+00:00" testType="13cdc9d9-ddb5-4fa4-a97d-d965ccfc6d4b" outcome="Passed" testListId="8c84fa94-04c1-424b-9868-57a2d4851a1d" relativeResultsDirectory="6b53a225-fcf3-4cd9-9a4c-6e50fbf4f0c7" />
    <UnitTestResult executionId="97e94fe8-6ea8-4b75-a9ee-2ce5571e222e" testId="58d16fdf-e597-97fe-e122-05c7faace010" testName="SGuard.DataAnnotations.Tests.Attributes.SGuardMinCountAttributeTests.ReturnsSuccess_WhenValueIsNotACollection" computerName="runnervmf4ws1" duration="00:00:00.0002914" startTime="2025-09-12T12:00:30.9121484+00:00" endTime="2025-09-12T12:00:30.9122916+00:00" testType="13cdc9d9-ddb5-4fa4-a97d-d965ccfc6d4b" outcome="Passed" testListId="8c84fa94-04c1-424b-9868-57a2d4851a1d" relativeResultsDirectory="97e94fe8-6ea8-4b75-a9ee-2ce5571e222e" />
    <UnitTestResult executionId="2e884678-90ef-415e-a009-4404fde8bef8" testId="71aa4210-ac3e-e7c3-0653-b089cbb506b7" testName="SGuard.DataAnnotations.Tests.Attributes.SGuardCreditCardAttributeTests.PaymentForm_InvalidCreditCard_Failure" computerName="runnervmf4ws1" duration="00:00:00.0001246" startTime="2025-09-12T12:00:31.0264461+00:00" endTime="2025-09-12T12:00:31.0266304+00:00" testType="13cdc9d9-ddb5-4fa4-a97d-d965ccfc6d4b" outcome="Passed" testListId="8c84fa94-04c1-424b-9868-57a2d4851a1d" relativeResultsDirectory="2e884678-90ef-415e-a009-4404fde8bef8" />
    <UnitTestResult executionId="abeb76d9-8bf5-43a8-b2c3-7001786bda74" testId="d5007b2b-ab54-ae79-231b-56cdbf0fbe4d" testName="SGuard.DataAnnotations.Tests.Attributes.SGuardEmailAddressAttributeTests.UsesInvariantCulture_WhenResourceNotFound" computerName="runnervmf4ws1" duration="00:00:00.0002530" startTime="2025-09-12T12:00:31.3897591+00:00" endTime="2025-09-12T12:00:31.3899018+00:00" testType="13cdc9d9-ddb5-4fa4-a97d-d965ccfc6d4b" outcome="Passed" testListId="8c84fa94-04c1-424b-9868-57a2d4851a1d" relativeResultsDirectory="abeb76d9-8bf5-43a8-b2c3-7001786bda74" />
    <UnitTestResult executionId="d1116b2e-8809-4ead-b042-7fd29898935f" testId="ba3baf4e-5572-7eb4-1d1d-9af5f600a7e3" testName="SGuard.DataAnnotations.Tests.Attributes.SGuardRequiredCollectionAttributeTests.ReturnsSuccess_WhenValueIsNotACollection" computerName="runnervmf4ws1" duration="00:00:00.0001148" startTime="2025-09-12T12:00:31.2620915+00:00" endTime="2025-09-12T12:00:31.2623178+00:00" testType="13cdc9d9-ddb5-4fa4-a97d-d965ccfc6d4b" outcome="Passed" testListId="8c84fa94-04c1-424b-9868-57a2d4851a1d" relativeResultsDirectory="d1116b2e-8809-4ead-b042-7fd29898935f" />
    <UnitTestResult executionId="50677343-d5fe-481c-8a8e-b3884c35b84b" testId="f37e4da3-55e9-bcbc-5daa-20e2f9ea9c73" testName="SGuard.DataAnnotations.Tests.Attributes.SGuardCompareAttributeTests.WorksWithDecimalValues" computerName="runnervmf4ws1" duration="00:00:00.0003771" startTime="2025-09-12T12:00:31.1788868+00:00" endTime="2025-09-12T12:00:31.1823915+00:00" testType="13cdc9d9-ddb5-4fa4-a97d-d965ccfc6d4b" outcome="Passed" testListId="8c84fa94-04c1-424b-9868-57a2d4851a1d" relativeResultsDirectory="50677343-d5fe-481c-8a8e-b3884c35b84b" />
    <UnitTestResult executionId="91c4e79c-5ee6-4835-814e-ea38bc1b6eb5" testId="62c9ec44-80ed-02a9-9ec1-e3f94f21f664" testName="SGuard.DataAnnotations.Tests.Attributes.SGuardRangeAttributeTests.ReturnsSuccess_WhenValueIsNull" computerName="runnervmf4ws1" duration="00:00:00.0001232" startTime="2025-09-12T12:00:31.0134094+00:00" endTime="2025-09-12T12:00:31.0135792+00:00" testType="13cdc9d9-ddb5-4fa4-a97d-d965ccfc6d4b" outcome="Passed" testListId="8c84fa94-04c1-424b-9868-57a2d4851a1d" relativeResultsDirectory="91c4e79c-5ee6-4835-814e-ea38bc1b6eb5" />
    <UnitTestResult executionId="9469be5e-9937-4c6c-aeca-0e678686709f" testId="bc581a35-5a81-5892-32b0-58a7491e0aba" testName="SGuard.DataAnnotations.Tests.Attributes.SGuardValidationAttributeBaseFallbackTests.Returns_MainResource_WhenResourceExists" computerName="runnervmf4ws1" duration="00:00:00.0106330" startTime="2025-09-12T12:00:30.8179475+00:00" endTime="2025-09-12T12:00:30.8209512+00:00" testType="13cdc9d9-ddb5-4fa4-a97d-d965ccfc6d4b" outcome="Passed" testListId="8c84fa94-04c1-424b-9868-57a2d4851a1d" relativeResultsDirectory="9469be5e-9937-4c6c-aeca-0e678686709f" />
    <UnitTestResult executionId="410e17f6-290b-4ff2-921a-e4378e0131b7" testId="f39808db-9b00-19f3-92ea-395a8ce4cfc2" testName="SGuard.DataAnnotations.Tests.Attributes.SGuardEmailAddressAttributeTests.ReturnsSuccess_WhenValueIsValidEmailFormat(email: &quot;user@example.com&quot;)" computerName="runnervmf4ws1" duration="00:00:00.0000070" startTime="2025-09-12T12:00:31.3372686+00:00" endTime="2025-09-12T12:00:31.3374053+00:00" testType="13cdc9d9-ddb5-4fa4-a97d-d965ccfc6d4b" outcome="Passed" testListId="8c84fa94-04c1-424b-9868-57a2d4851a1d" relativeResultsDirectory="410e17f6-290b-4ff2-921a-e4378e0131b7" />
    <UnitTestResult executionId="936acd80-e28e-4883-82da-18f6301f2a11" testId="8028fcff-b93c-8107-74d3-7689a546ca5d" testName="SGuard.DataAnnotations.Tests.Attributes.SGuardEmailAddressAttributeTests.ReturnsNull_WhenValueIsUnsupportedInternationalEmail(email: &quot;user@münchen.de&quot;)" computerName="runnervmf4ws1" duration="00:00:00.0000069" startTime="2025-09-12T12:00:31.3075948+00:00" endTime="2025-09-12T12:00:31.3077395+00:00" testType="13cdc9d9-ddb5-4fa4-a97d-d965ccfc6d4b" outcome="Passed" testListId="8c84fa94-04c1-424b-9868-57a2d4851a1d" relativeResultsDirectory="936acd80-e28e-4883-82da-18f6301f2a11" />
    <UnitTestResult executionId="608cd76d-549b-4411-9dda-43cb87618db9" testId="99445827-2f44-646b-8068-3cffaf9372f0" testName="SGuard.DataAnnotations.Tests.Attributes.SGuardMinCountAttributeTests.ReturnsSuccess_WhenEnumerableCountIsGreaterThanOrEqualToMin" computerName="runnervmf4ws1" duration="00:00:00.0002140" startTime="2025-09-12T12:00:30.9044110+00:00" endTime="2025-09-12T12:00:30.9051167+00:00" testType="13cdc9d9-ddb5-4fa4-a97d-d965ccfc6d4b" outcome="Passed" testListId="8c84fa94-04c1-424b-9868-57a2d4851a1d" relativeResultsDirectory="608cd76d-549b-4411-9dda-43cb87618db9" />
    <UnitTestResult executionId="0111baef-7011-4650-93ea-43a782b15627" testId="1923b67c-2b64-459e-4f8d-07b0052405ab" testName="SGuard.DataAnnotations.Tests.DataAnnotation.ThrowIfTests.DataAnnotationsInValid_CallbackReceivesSuccessOnPass" computerName="runnervmf4ws1" duration="00:00:00.0136203" startTime="2025-09-12T12:00:30.9050082+00:00" endTime="2025-09-12T12:00:30.9802615+00:00" testType="13cdc9d9-ddb5-4fa4-a97d-d965ccfc6d4b" outcome="Passed" testListId="8c84fa94-04c1-424b-9868-57a2d4851a1d" relativeResultsDirectory="0111baef-7011-4650-93ea-43a782b15627" />
    <UnitTestResult executionId="53437940-9b14-4633-88a2-e0ffd6c24703" testId="b6ca7894-434a-5884-55a8-7095b45f842e" testName="SGuard.DataAnnotations.Tests.Attributes.SGuardCreditCardAttributeTests.ReturnsError_WhenValueIsTooLong" computerName="runnervmf4ws1" duration="00:00:00.0001434" startTime="2025-09-12T12:00:31.0195400+00:00" endTime="2025-09-12T12:00:31.0196925+00:00" testType="13cdc9d9-ddb5-4fa4-a97d-d965ccfc6d4b" outcome="Passed" testListId="8c84fa94-04c1-424b-9868-57a2d4851a1d" relativeResultsDirectory="53437940-9b14-4633-88a2-e0ffd6c24703" />
    <UnitTestResult executionId="1dba7007-d917-4849-bbba-65e648c0d7b3" testId="07fcde81-a5d2-9bc2-a2d7-57e55070e45d" testName="SGuard.DataAnnotations.Tests.Attributes.SGuardCreditCardAttributeTests.ReturnsSuccess_WhenValueIsEmpty" computerName="runnervmf4ws1" duration="00:00:00.0001247" startTime="2025-09-12T12:00:31.0024241+00:00" endTime="2025-09-12T12:00:31.0026129+00:00" testType="13cdc9d9-ddb5-4fa4-a97d-d965ccfc6d4b" outcome="Passed" testListId="8c84fa94-04c1-424b-9868-57a2d4851a1d" relativeResultsDirectory="1dba7007-d917-4849-bbba-65e648c0d7b3" />
    <UnitTestResult executionId="a2bb3cdd-d312-46fd-b685-2bd5f51fa080" testId="2f2f4dfd-d686-918e-9cdb-c64365a18a4e" testName="SGuard.DataAnnotations.Tests.Attributes.SGuardCompareAttributeTests.EmailConfirmation_Success" computerName="runnervmf4ws1" duration="00:00:00.0002150" startTime="2025-09-12T12:00:31.1333109+00:00" endTime="2025-09-12T12:00:31.1348584+00:00" testType="13cdc9d9-ddb5-4fa4-a97d-d965ccfc6d4b" outcome="Passed" testListId="8c84fa94-04c1-424b-9868-57a2d4851a1d" relativeResultsDirectory="a2bb3cdd-d312-46fd-b685-2bd5f51fa080" />
    <UnitTestResult executionId="6b2ab55e-0d30-4ce6-b4c3-91b6ae396316" testId="cce1e892-556c-9cd2-ed64-426f363a29c2" testName="SGuard.DataAnnotations.Tests.Attributes.SGuardEmailAddressAttributeTests.ReturnsError_WhenValueIsEmpty" computerName="runnervmf4ws1" duration="00:00:00.0001271" startTime="2025-09-12T12:00:31.3629172+00:00" endTime="2025-09-12T12:00:31.3630630+00:00" testType="13cdc9d9-ddb5-4fa4-a97d-d965ccfc6d4b" outcome="Passed" testListId="8c84fa94-04c1-424b-9868-57a2d4851a1d" relativeResultsDirectory="6b2ab55e-0d30-4ce6-b4c3-91b6ae396316" />
    <UnitTestResult executionId="9ae4c0c2-6144-4199-b81d-a48f937737c5" testId="68b2f833-f4f3-d363-fc70-ea2d94c57e1a" testName="SGuard.DataAnnotations.Tests.Attributes.SGuardCollectionItemsMatchAttributeTests.ReturnsError_WhenItemNull_AndRequiredAttribute" computerName="runnervmf4ws1" duration="00:00:00.0273092" startTime="2025-09-12T12:00:30.6809800+00:00" endTime="2025-09-12T12:00:30.7412456+00:00" testType="13cdc9d9-ddb5-4fa4-a97d-d965ccfc6d4b" outcome="Passed" testListId="8c84fa94-04c1-424b-9868-57a2d4851a1d" relativeResultsDirectory="9ae4c0c2-6144-4199-b81d-a48f937737c5" />
    <UnitTestResult executionId="71bf3c29-06e5-4357-8f98-a8db76daa595" testId="a4f33591-7a3c-578a-9bbc-4bab9c2eb6fa" testName="SGuard.DataAnnotations.Tests.Attributes.SGuardCompareAttributeTests.PasswordConfirmation_Success" computerName="runnervmf4ws1" duration="00:00:00.0001310" startTime="2025-09-12T12:00:31.1360481+00:00" endTime="2025-09-12T12:00:31.1373883+00:00" testType="13cdc9d9-ddb5-4fa4-a97d-d965ccfc6d4b" outcome="Passed" testListId="8c84fa94-04c1-424b-9868-57a2d4851a1d" relativeResultsDirectory="71bf3c29-06e5-4357-8f98-a8db76daa595" />
    <UnitTestResult executionId="75bb0e2f-8bfb-4dec-931d-d1ec5a5048f1" testId="a011312a-4f9e-2d4f-469f-23423f0b646f" testName="SGuard.DataAnnotations.Tests.Attributes.SGuardLessThanAttributeTests.ReturnsError_WhenOtherIsNull" computerName="runnervmf4ws1" duration="00:00:00.0003680" startTime="2025-09-12T12:00:31.0899653+00:00" endTime="2025-09-12T12:00:31.0922772+00:00" testType="13cdc9d9-ddb5-4fa4-a97d-d965ccfc6d4b" outcome="Passed" testListId="8c84fa94-04c1-424b-9868-57a2d4851a1d" relativeResultsDirectory="75bb0e2f-8bfb-4dec-931d-d1ec5a5048f1" />
    <UnitTestResult executionId="b76ee0f7-da8b-4266-8f34-e61428884fdf" testId="1cecb8f8-3ff9-1ef0-493d-f648271a52e2" testName="SGuard.DataAnnotations.Tests.Attributes.SGuardEmailAddressAttributeTests.UserRegistration_ValidEmail_Success" computerName="runnervmf4ws1" duration="00:00:00.0031624" startTime="2025-09-12T12:00:31.2980633+00:00" endTime="2025-09-12T12:00:31.2982060+00:00" testType="13cdc9d9-ddb5-4fa4-a97d-d965ccfc6d4b" outcome="Passed" testListId="8c84fa94-04c1-424b-9868-57a2d4851a1d" relativeResultsDirectory="b76ee0f7-da8b-4266-8f34-e61428884fdf" />
    <UnitTestResult executionId="70148ffa-0671-4dec-a3c4-b54b095bd4b0" testId="726ad79d-7dd6-0f82-8173-b2f753aae5b2" testName="SGuard.DataAnnotations.Tests.Attributes.SGuardCreditCardAttributeTests.HandlesLeadingTrailingWhitespace" computerName="runnervmf4ws1" duration="00:00:00.0001101" startTime="2025-09-12T12:00:31.0210053+00:00" endTime="2025-09-12T12:00:31.0211547+00:00" testType="13cdc9d9-ddb5-4fa4-a97d-d965ccfc6d4b" outcome="Passed" testListId="8c84fa94-04c1-424b-9868-57a2d4851a1d" relativeResultsDirectory="70148ffa-0671-4dec-a3c4-b54b095bd4b0" />
    <UnitTestResult executionId="01c9893d-374a-4ee5-af3d-c63006b58966" testId="7f6f5e63-b542-6a07-280f-d21a0c6517aa" testName="SGuard.DataAnnotations.Tests.Attributes.SGuardStringLengthAttributeTests.ReturnsSuccess_WhenStringLengthIsWithinMaximum" computerName="runnervmf4ws1" duration="00:00:00.0001098" startTime="2025-09-12T12:00:31.1380277+00:00" endTime="2025-09-12T12:00:31.1389447+00:00" testType="13cdc9d9-ddb5-4fa4-a97d-d965ccfc6d4b" outcome="Passed" testListId="8c84fa94-04c1-424b-9868-57a2d4851a1d" relativeResultsDirectory="01c9893d-374a-4ee5-af3d-c63006b58966" />
    <UnitTestResult executionId="bbf19ba6-a9ea-42aa-839e-a725379e2f66" testId="8fa6afed-24b8-e0d5-4613-aa654c64059a" testName="SGuard.DataAnnotations.Tests.Attributes.SGuardMinLengthAttributeTests.ReturnsError_WhenStringIsShorterThanMinLength" computerName="runnervmf4ws1" duration="00:00:00.0002917" startTime="2025-09-12T12:00:30.8045859+00:00" endTime="2025-09-12T12:00:30.8046854+00:00" testType="13cdc9d9-ddb5-4fa4-a97d-d965ccfc6d4b" outcome="Passed" testListId="8c84fa94-04c1-424b-9868-57a2d4851a1d" relativeResultsDirectory="bbf19ba6-a9ea-42aa-839e-a725379e2f66" />
    <UnitTestResult executionId="9d8c2c64-d2c8-4b9a-82a3-551615495491" testId="e43fb556-9358-00bd-a086-0825e3eb5ea1" testName="SGuard.DataAnnotations.Tests.DataAnnotation.ThrowIfTests.DataAnnotationsInValid_InvalidObject_ThrowsDataAnnotationsException" computerName="runnervmf4ws1" duration="00:00:00.0117333" startTime="2025-09-12T12:00:30.9894523+00:00" endTime="2025-09-12T12:00:31.0389037+00:00" testType="13cdc9d9-ddb5-4fa4-a97d-d965ccfc6d4b" outcome="Passed" testListId="8c84fa94-04c1-424b-9868-57a2d4851a1d" relativeResultsDirectory="9d8c2c64-d2c8-4b9a-82a3-551615495491" />
    <UnitTestResult executionId="f1bc5e93-7cba-4749-96a3-6ee0bf8f146d" testId="eeba8c98-cf03-8526-2da6-dee16fbaef49" testName="SGuard.DataAnnotations.Tests.Attributes.SGuardCreditCardAttributeTests.ReturnsError_WhenLuhnChecksumFails" computerName="runnervmf4ws1" duration="00:00:00.0001319" startTime="2025-09-12T12:00:31.0008914+00:00" endTime="2025-09-12T12:00:31.0010524+00:00" testType="13cdc9d9-ddb5-4fa4-a97d-d965ccfc6d4b" outcome="Passed" testListId="8c84fa94-04c1-424b-9868-57a2d4851a1d" relativeResultsDirectory="f1bc5e93-7cba-4749-96a3-6ee0bf8f146d" />
    <UnitTestResult executionId="b5cdba46-7373-4012-a7ef-3848371c7cd0" testId="9ddec5fa-479c-3d6f-39eb-a62427813e0c" testName="SGuard.DataAnnotations.Tests.Attributes.SGuardRangeAttributeTests.ReturnsSuccess_WhenIntValueIsWithinRange" computerName="runnervmf4ws1" duration="00:00:00.0001455" startTime="2025-09-12T12:00:31.0163398+00:00" endTime="2025-09-12T12:00:31.0165102+00:00" testType="13cdc9d9-ddb5-4fa4-a97d-d965ccfc6d4b" outcome="Passed" testListId="8c84fa94-04c1-424b-9868-57a2d4851a1d" relativeResultsDirectory="b5cdba46-7373-4012-a7ef-3848371c7cd0" />
    <UnitTestResult executionId="8b316da5-af2d-4cfb-a12f-2f34cf1a21db" testId="6c394c87-d02e-52ab-96bf-3b401d578b07" testName="SGuard.DataAnnotations.Tests.Attributes.SGuardEmailAddressAttributeTests.UserRegistration_InvalidEmail_Failure" computerName="runnervmf4ws1" duration="00:00:00.0001453" startTime="2025-09-12T12:00:31.2558037+00:00" endTime="2025-09-12T12:00:31.2559573+00:00" testType="13cdc9d9-ddb5-4fa4-a97d-d965ccfc6d4b" outcome="Passed" testListId="8c84fa94-04c1-424b-9868-57a2d4851a1d" relativeResultsDirectory="8b316da5-af2d-4cfb-a12f-2f34cf1a21db" />
    <UnitTestResult executionId="ea704b93-6f5e-4290-aeba-6c85bc480084" testId="0cba0a5b-0d7e-e849-7306-581f7bb8f2e1" testName="SGuard.DataAnnotations.Tests.Attributes.SGuardMaxCountAttributeTests.ReturnsError_WhenArrayCountExceedsMax" computerName="runnervmf4ws1" duration="00:00:00.0008287" startTime="2025-09-12T12:00:30.8571878+00:00" endTime="2025-09-12T12:00:30.8572931+00:00" testType="13cdc9d9-ddb5-4fa4-a97d-d965ccfc6d4b" outcome="Passed" testListId="8c84fa94-04c1-424b-9868-57a2d4851a1d" relativeResultsDirectory="ea704b93-6f5e-4290-aeba-6c85bc480084" />
    <UnitTestResult executionId="23e2ddd9-b65d-4b68-9a79-44a446756ab6" testId="b24b8f0e-941c-4a81-71f3-3f4ba79c95eb" testName="SGuard.DataAnnotations.Tests.DataAnnotation.ThrowIfTests.DataAnnotationsInValid_InvalidObject_ThrowsCustomException" computerName="runnervmf4ws1" duration="00:00:00.0012441" startTime="2025-09-12T12:00:30.9821475+00:00" endTime="2025-09-12T12:00:30.9858221+00:00" testType="13cdc9d9-ddb5-4fa4-a97d-d965ccfc6d4b" outcome="Passed" testListId="8c84fa94-04c1-424b-9868-57a2d4851a1d" relativeResultsDirectory="23e2ddd9-b65d-4b68-9a79-44a446756ab6" />
    <UnitTestResult executionId="d5aa832d-e793-4704-a740-945fe4751d5c" testId="cbc682c1-72ef-07ff-b3bd-6812b487795a" testName="SGuard.DataAnnotations.Tests.Attributes.SGuardValidationAttributeBaseFallbackTests.Returns_FallbackResource_IfMainResourceMissing_AndFallbackResourceExists" computerName="runnervmf4ws1" duration="00:00:00.0002635" startTime="2025-09-12T12:00:30.8239890+00:00" endTime="2025-09-12T12:00:30.8241122+00:00" testType="13cdc9d9-ddb5-4fa4-a97d-d965ccfc6d4b" outcome="Passed" testListId="8c84fa94-04c1-424b-9868-57a2d4851a1d" relativeResultsDirectory="d5aa832d-e793-4704-a740-945fe4751d5c" />
    <UnitTestResult executionId="26e76ce9-5caf-4fec-90f2-552fc5b29fd3" testId="f2aeed70-0eba-88fa-cdc4-4e0eba39fa22" testName="SGuard.DataAnnotations.Tests.Attributes.SGuardEmailAddressAttributeTests.ReturnsSuccess_WhenValueIsValidEmail" computerName="runnervmf4ws1" duration="00:00:00.0001309" startTime="2025-09-12T12:00:31.3749873+00:00" endTime="2025-09-12T12:00:31.3751223+00:00" testType="13cdc9d9-ddb5-4fa4-a97d-d965ccfc6d4b" outcome="Passed" testListId="8c84fa94-04c1-424b-9868-57a2d4851a1d" relativeResultsDirectory="26e76ce9-5caf-4fec-90f2-552fc5b29fd3" />
    <UnitTestResult executionId="9de46a81-37c9-47ff-adb0-7c36d030f142" testId="ea7531ec-d355-1dfa-c721-6040cdbfd3ab" testName="SGuard.DataAnnotations.Tests.Attributes.SGuardCreditCardAttributeTests.ReturnsSuccess_WhenValueIsValidMasterCard" computerName="runnervmf4ws1" duration="00:00:00.0001202" startTime="2025-09-12T12:00:30.9699755+00:00" endTime="2025-09-12T12:00:30.9701434+00:00" testType="13cdc9d9-ddb5-4fa4-a97d-d965ccfc6d4b" outcome="Passed" testListId="8c84fa94-04c1-424b-9868-57a2d4851a1d" relativeResultsDirectory="9de46a81-37c9-47ff-adb0-7c36d030f142" />
    <UnitTestResult executionId="0dacdb72-a3ee-4092-a62b-1157f92006c3" testId="c288fc59-5974-71dd-f0f6-35705401b65d" testName="SGuard.DataAnnotations.Tests.Attributes.SGuardRequiredCollectionAttributeTests.ReturnsSuccess_WhenArrayIsNotEmpty" computerName="runnervmf4ws1" duration="00:00:00.0001213" startTime="2025-09-12T12:00:31.2766260+00:00" endTime="2025-09-12T12:00:31.2776133+00:00" testType="13cdc9d9-ddb5-4fa4-a97d-d965ccfc6d4b" outcome="Passed" testListId="8c84fa94-04c1-424b-9868-57a2d4851a1d" relativeResultsDirectory="0dacdb72-a3ee-4092-a62b-1157f92006c3" />
    <UnitTestResult executionId="7918d28c-89e5-4ae8-b71c-2b64d0fd1897" testId="35cd39b6-9fc9-e727-c160-6599970b4a46" testName="SGuard.DataAnnotations.Tests.Attributes.SGuardCreditCardAttributeTests.ReturnsLocalizedErrorMessage_WhenCultureIsSet(culture: &quot;de&quot;)" computerName="runnervmf4ws1" duration="00:00:00.0001254" startTime="2025-09-12T12:00:30.9652786+00:00" endTime="2025-09-12T12:00:30.9653604+00:00" testType="13cdc9d9-ddb5-4fa4-a97d-d965ccfc6d4b" outcome="Passed" testListId="8c84fa94-04c1-424b-9868-57a2d4851a1d" relativeResultsDirectory="7918d28c-89e5-4ae8-b71c-2b64d0fd1897" />
    <UnitTestResult executionId="95c4d85a-4f96-4bb8-9470-66fcafd1daa2" testId="21378016-cc6f-36ae-5a9f-490773b0da38" testName="SGuard.DataAnnotations.Tests.Attributes.SGuardCreditCardAttributeTests.SupportsMultipleAttributes_OnSameProperty" computerName="runnervmf4ws1" duration="00:00:00.0001647" startTime="2025-09-12T12:00:30.9512202+00:00" endTime="2025-09-12T12:00:30.9513502+00:00" testType="13cdc9d9-ddb5-4fa4-a97d-d965ccfc6d4b" outcome="Passed" testListId="8c84fa94-04c1-424b-9868-57a2d4851a1d" relativeResultsDirectory="95c4d85a-4f96-4bb8-9470-66fcafd1daa2" />
    <UnitTestResult executionId="a47046cc-6015-4d87-8bcb-79fc526d1f04" testId="a3825ee6-ad0d-4819-be97-b9185bfa2c06" testName="SGuard.DataAnnotations.Tests.Attributes.SGuardGreaterThanAttributeTests.ReturnsError_WhenOtherPropertyDoesNotExist" computerName="runnervmf4ws1" duration="00:00:00.0001611" startTime="2025-09-12T12:00:31.0777560+00:00" endTime="2025-09-12T12:00:31.0779066+00:00" testType="13cdc9d9-ddb5-4fa4-a97d-d965ccfc6d4b" outcome="Passed" testListId="8c84fa94-04c1-424b-9868-57a2d4851a1d" relativeResultsDirectory="a47046cc-6015-4d87-8bcb-79fc526d1f04" />
    <UnitTestResult executionId="443a9b19-9fa2-441e-b27a-8315b34e1b02" testId="16d394f6-e09f-d4d6-96d8-204c0f1c5d93" testName="SGuard.DataAnnotations.Tests.Attributes.SGuardRequiredCollectionAttributeTests.ReturnsSuccess_WhenListIsNotEmpty" computerName="runnervmf4ws1" duration="00:00:00.0001328" startTime="2025-09-12T12:00:31.2246198+00:00" endTime="2025-09-12T12:00:31.2306015+00:00" testType="13cdc9d9-ddb5-4fa4-a97d-d965ccfc6d4b" outcome="Passed" testListId="8c84fa94-04c1-424b-9868-57a2d4851a1d" relativeResultsDirectory="443a9b19-9fa2-441e-b27a-8315b34e1b02" />
    <UnitTestResult executionId="a0f50d01-7a06-4dff-8357-eb88c91c3ef2" testId="0fe6f63a-5577-4d32-ed2e-e8f9f731ea28" testName="SGuard.DataAnnotations.Tests.Attributes.SGuardRequiredIfAttributeTests.ReturnsSuccess_WhenConditionNotMet" computerName="runnervmf4ws1" duration="00:00:00.0001379" startTime="2025-09-12T12:00:31.1822376+00:00" endTime="2025-09-12T12:00:31.1852521+00:00" testType="13cdc9d9-ddb5-4fa4-a97d-d965ccfc6d4b" outcome="Passed" testListId="8c84fa94-04c1-424b-9868-57a2d4851a1d" relativeResultsDirectory="a0f50d01-7a06-4dff-8357-eb88c91c3ef2" />
    <UnitTestResult executionId="a888f10e-2681-41b2-a749-1b927558e4c2" testId="79e8e98c-62af-b136-4f32-eed7ea2d725d" testName="SGuard.DataAnnotations.Tests.DataAnnotation.IsTests.DataAnnotationsValid_NullCallback_DoesNotThrow" computerName="runnervmf4ws1" duration="00:00:00.0005077" startTime="2025-09-12T12:00:31.2097735+00:00" endTime="2025-09-12T12:00:31.2099240+00:00" testType="13cdc9d9-ddb5-4fa4-a97d-d965ccfc6d4b" outcome="Passed" testListId="8c84fa94-04c1-424b-9868-57a2d4851a1d" relativeResultsDirectory="a888f10e-2681-41b2-a749-1b927558e4c2" />
    <UnitTestResult executionId="6e222302-5b01-441f-91f5-53a236c949b9" testId="3d035846-09a7-d4eb-b706-8b783fcd4620" testName="SGuard.DataAnnotations.Tests.Attributes.SGuardCreditCardAttributeTests.ReturnsSuccess_WhenValueIsValidTestCreditCard(cardNumber: &quot;4000000000000010&quot;)" computerName="runnervmf4ws1" duration="00:00:00.0000092" startTime="2025-09-12T12:00:30.8988037+00:00" endTime="2025-09-12T12:00:30.8988570+00:00" testType="13cdc9d9-ddb5-4fa4-a97d-d965ccfc6d4b" outcome="Passed" testListId="8c84fa94-04c1-424b-9868-57a2d4851a1d" relativeResultsDirectory="6e222302-5b01-441f-91f5-53a236c949b9" />
    <UnitTestResult executionId="46b4c733-4a79-49db-82a2-ee35885cd517" testId="c97c75c4-b307-7ca6-75ff-9ef0025bb6a0" testName="SGuard.DataAnnotations.Tests.Attributes.SGuardCompareAttributeTests.ReturnsError_WhenPrivatePropertyCannotBeAccessed" computerName="runnervmf4ws1" duration="00:00:00.0003218" startTime="2025-09-12T12:00:31.0550686+00:00" endTime="2025-09-12T12:00:31.0552119+00:00" testType="13cdc9d9-ddb5-4fa4-a97d-d965ccfc6d4b" outcome="Passed" testListId="8c84fa94-04c1-424b-9868-57a2d4851a1d" relativeResultsDirectory="46b4c733-4a79-49db-82a2-ee35885cd517" />
    <UnitTestResult executionId="5c2f035d-22e6-4146-8744-12cb561e92c7" testId="f2ac8eb8-7f9a-a4b7-d9b1-f5b950d32be0" testName="SGuard.DataAnnotations.Tests.Attributes.SGuardMaxCountAttributeTests.ReturnsSuccess_WhenListCountIsEqualToMax" computerName="runnervmf4ws1" duration="00:00:00.0001497" startTime="2025-09-12T12:00:30.8641825+00:00" endTime="2025-09-12T12:00:30.8642857+00:00" testType="13cdc9d9-ddb5-4fa4-a97d-d965ccfc6d4b" outcome="Passed" testListId="8c84fa94-04c1-424b-9868-57a2d4851a1d" relativeResultsDirectory="5c2f035d-22e6-4146-8744-12cb561e92c7" />
    <UnitTestResult executionId="ec2c52c4-cbda-4a6b-91a8-4ef87ed2ff09" testId="b97a18c9-b8e3-b070-3a44-45fbb4abfb42" testName="SGuard.DataAnnotations.Tests.Attributes.SGuardEmailAddressAttributeTests.ReturnsSuccess_WhenValueIsBusinessEmailFormat(email: &quot;info@business.co.uk&quot;)" computerName="runnervmf4ws1" duration="00:00:00.0000072" startTime="2025-09-12T12:00:31.2696019+00:00" endTime="2025-09-12T12:00:31.2697484+00:00" testType="13cdc9d9-ddb5-4fa4-a97d-d965ccfc6d4b" outcome="Passed" testListId="8c84fa94-04c1-424b-9868-57a2d4851a1d" relativeResultsDirectory="ec2c52c4-cbda-4a6b-91a8-4ef87ed2ff09" />
    <UnitTestResult executionId="74b3965b-4e56-49e9-84f8-10fbb6b545ed" testId="817c584a-c6c1-8c21-05d7-289f6ecdeaa5" testName="SGuard.DataAnnotations.Tests.Attributes.SGuardEmailAddressAttributeTests.ReturnsSuccess_WhenValueIsValidEmailFormat(email: &quot;user+label@example.com&quot;)" computerName="runnervmf4ws1" duration="00:00:00.0001192" startTime="2025-09-12T12:00:31.3160597+00:00" endTime="2025-09-12T12:00:31.3161913+00:00" testType="13cdc9d9-ddb5-4fa4-a97d-d965ccfc6d4b" outcome="Passed" testListId="8c84fa94-04c1-424b-9868-57a2d4851a1d" relativeResultsDirectory="74b3965b-4e56-49e9-84f8-10fbb6b545ed" />
    <UnitTestResult executionId="176adf37-ea9c-462e-aa2f-3ac163e7b2ca" testId="fdc1127e-4505-c69f-14f4-782af60782bd" testName="SGuard.DataAnnotations.Tests.Attributes.SGuardCreditCardAttributeTests.ReturnsSuccess_WhenValueIsValidTestCreditCard(cardNumber: &quot;6011000990139424&quot;)" computerName="runnervmf4ws1" duration="00:00:00.0000054" startTime="2025-09-12T12:00:30.9144539+00:00" endTime="2025-09-12T12:00:30.9145801+00:00" testType="13cdc9d9-ddb5-4fa4-a97d-d965ccfc6d4b" outcome="Passed" testListId="8c84fa94-04c1-424b-9868-57a2d4851a1d" relativeResultsDirectory="176adf37-ea9c-462e-aa2f-3ac163e7b2ca" />
    <UnitTestResult executionId="67099fd5-ba9f-44cb-b57c-6de9ba349f9c" testId="e81f3f09-af79-811e-3ec1-cb518f4d546b" testName="SGuard.DataAnnotations.Tests.Attributes.SGuardCompareAttributeTests.Constructor_ThrowsArgumentNullException_WhenResourceTypeIsNull" computerName="runnervmf4ws1" duration="00:00:00.0002148" startTime="2025-09-12T12:00:31.1887425+00:00" endTime="2025-09-12T12:00:31.1888866+00:00" testType="13cdc9d9-ddb5-4fa4-a97d-d965ccfc6d4b" outcome="Passed" testListId="8c84fa94-04c1-424b-9868-57a2d4851a1d" relativeResultsDirectory="67099fd5-ba9f-44cb-b57c-6de9ba349f9c" />
    <UnitTestResult executionId="ac6d5fc0-3f25-41e4-873e-e98e4ef01ff9" testId="4ccde377-9d20-8bac-fb75-afb02ae558b3" testName="SGuard.DataAnnotations.Tests.Attributes.SGuardStringLengthAttributeTests.ReturnsError_WhenStringLengthExceedsMaximum" computerName="runnervmf4ws1" duration="00:00:00.0005847" startTime="2025-09-12T12:00:31.1254871+00:00" endTime="2025-09-12T12:00:31.1284264+00:00" testType="13cdc9d9-ddb5-4fa4-a97d-d965ccfc6d4b" outcome="Passed" testListId="8c84fa94-04c1-424b-9868-57a2d4851a1d" relativeResultsDirectory="ac6d5fc0-3f25-41e4-873e-e98e4ef01ff9" />
    <UnitTestResult executionId="0f195f0c-940e-494d-8359-21b71e982f6f" testId="fcef55f3-7be6-9081-fb1f-2cb1e0dc1954" testName="SGuard.DataAnnotations.Tests.Attributes.SGuardRangeAttributeTests.ThrowsArgumentNullException_WhenResourceNameIsNull" computerName="runnervmf4ws1" duration="00:00:00.0003528" startTime="2025-09-12T12:00:31.0079641+00:00" endTime="2025-09-12T12:00:31.0081036+00:00" testType="13cdc9d9-ddb5-4fa4-a97d-d965ccfc6d4b" outcome="Passed" testListId="8c84fa94-04c1-424b-9868-57a2d4851a1d" relativeResultsDirectory="0f195f0c-940e-494d-8359-21b71e982f6f" />
    <UnitTestResult executionId="bb3e69ac-15e3-4ecc-b2a9-ccfb8bc54656" testId="c00f8b42-d81e-9906-f39b-144ceb96f7a9" testName="SGuard.DataAnnotations.Tests.Attributes.SGuardEmailAddressAttributeTests.ReturnsSuccess_WhenValueIsCommonEmailProvider(email: &quot;user@live.com&quot;)" computerName="runnervmf4ws1" duration="00:00:00.0000072" startTime="2025-09-12T12:00:31.2313560+00:00" endTime="2025-09-12T12:00:31.2322290+00:00" testType="13cdc9d9-ddb5-4fa4-a97d-d965ccfc6d4b" outcome="Passed" testListId="8c84fa94-04c1-424b-9868-57a2d4851a1d" relativeResultsDirectory="bb3e69ac-15e3-4ecc-b2a9-ccfb8bc54656" />
    <UnitTestResult executionId="43f30d66-48b5-48bd-aa26-9314c0963dd4" testId="e7c11337-a134-9089-96b8-bef2fdba4ef5" testName="SGuard.DataAnnotations.Tests.Attributes.SGuardGreaterThanAttributeTests.ReturnsSuccess_WhenValueIsGreaterThanOther" computerName="runnervmf4ws1" duration="00:00:00.0062379" startTime="2025-09-12T12:00:31.0387747+00:00" endTime="2025-09-12T12:00:31.0566750+00:00" testType="13cdc9d9-ddb5-4fa4-a97d-d965ccfc6d4b" outcome="Passed" testListId="8c84fa94-04c1-424b-9868-57a2d4851a1d" relativeResultsDirectory="43f30d66-48b5-48bd-aa26-9314c0963dd4" />
    <UnitTestResult executionId="83314aab-38d5-46f3-981f-b379a89ca148" testId="529ece68-fcef-1cfb-1ddb-fa943b59f215" testName="SGuard.DataAnnotations.Tests.Attributes.SGuardMaxLengthAttributeTests.ReturnsSuccess_WhenStringIsEqualToMaxLength" computerName="runnervmf4ws1" duration="00:00:00.0004893" startTime="2025-09-12T12:00:31.1905127+00:00" endTime="2025-09-12T12:00:31.1906708+00:00" testType="13cdc9d9-ddb5-4fa4-a97d-d965ccfc6d4b" outcome="Passed" testListId="8c84fa94-04c1-424b-9868-57a2d4851a1d" relativeResultsDirectory="83314aab-38d5-46f3-981f-b379a89ca148" />
    <UnitTestResult executionId="cdc6e37f-eedc-429b-b1e4-39f9b2388f8a" testId="4e6858ca-dc4e-05a9-4d20-cc5f2d1edff2" testName="SGuard.DataAnnotations.Tests.Exceptions.DataAnnotationsExceptionTests.ValidationError_CreatesRecordWithCorrectValues" computerName="runnervmf4ws1" duration="00:00:00.0085815" startTime="2025-09-12T12:00:31.1870813+00:00" endTime="2025-09-12T12:00:31.2146226+00:00" testType="13cdc9d9-ddb5-4fa4-a97d-d965ccfc6d4b" outcome="Passed" testListId="8c84fa94-04c1-424b-9868-57a2d4851a1d" relativeResultsDirectory="cdc6e37f-eedc-429b-b1e4-39f9b2388f8a" />
    <UnitTestResult executionId="65561582-3689-414f-8060-be6eb56ee92f" testId="54bb735d-1d46-052b-7463-a588ad7ff2a2" testName="SGuard.DataAnnotations.Tests.Attributes.SGuardBetweenAttributeTests.Constructor_ThrowsArgumentNullException_WhenMaxPropertyIsNull" computerName="runnervmf4ws1" duration="00:00:00.0007517" startTime="2025-09-12T12:00:30.8846120+00:00" endTime="2025-09-12T12:00:30.8847103+00:00" testType="13cdc9d9-ddb5-4fa4-a97d-d965ccfc6d4b" outcome="Passed" testListId="8c84fa94-04c1-424b-9868-57a2d4851a1d" relativeResultsDirectory="65561582-3689-414f-8060-be6eb56ee92f" />
    <UnitTestResult executionId="75fd57ee-50de-42b6-8bb2-fdd309cd4f09" testId="8ce819e9-2ccf-3f8e-012f-049309266381" testName="SGuard.DataAnnotations.Tests.Attributes.SGuardBetweenAttributeTests.ReturnsError_WhenValueIsBelowMin_Exclusive" computerName="runnervmf4ws1" duration="00:00:00.0001508" startTime="2025-09-12T12:00:30.8391483+00:00" endTime="2025-09-12T12:00:30.8392569+00:00" testType="13cdc9d9-ddb5-4fa4-a97d-d965ccfc6d4b" outcome="Passed" testListId="8c84fa94-04c1-424b-9868-57a2d4851a1d" relativeResultsDirectory="75fd57ee-50de-42b6-8bb2-fdd309cd4f09" />
    <UnitTestResult executionId="ebd02e32-a4be-4656-aebf-f93d698f64ec" testId="dd6b6eea-ecef-43a0-48ab-e039b579c244" testName="SGuard.DataAnnotations.Tests.Attributes.SGuardBetweenAttributeTests.WorksWithDoubleValues_Exclusive" computerName="runnervmf4ws1" duration="00:00:00.0003975" startTime="2025-09-12T12:00:30.8835868+00:00" endTime="2025-09-12T12:00:30.8836798+00:00" testType="13cdc9d9-ddb5-4fa4-a97d-d965ccfc6d4b" outcome="Passed" testListId="8c84fa94-04c1-424b-9868-57a2d4851a1d" relativeResultsDirectory="ebd02e32-a4be-4656-aebf-f93d698f64ec" />
    <UnitTestResult executionId="338e82b5-de62-4afb-9438-d710353ff8e9" testId="5ea183d9-8439-dd6c-d705-0b7bf5efa48b" testName="SGuard.DataAnnotations.Tests.Attributes.SGuardCompareAttributeTests.ReturnsLocalizedErrorMessage_WhenCultureIsSet(culture: &quot;tr&quot;)" computerName="runnervmf4ws1" duration="00:00:00.0001465" startTime="2025-09-12T12:00:31.1107093+00:00" endTime="2025-09-12T12:00:31.1124371+00:00" testType="13cdc9d9-ddb5-4fa4-a97d-d965ccfc6d4b" outcome="Passed" testListId="8c84fa94-04c1-424b-9868-57a2d4851a1d" relativeResultsDirectory="338e82b5-de62-4afb-9438-d710353ff8e9" />
    <UnitTestResult executionId="1fc4ac8b-fd51-4e70-a11c-8eb115544c1a" testId="0102dee6-8235-3327-5cfb-2d8748949388" testName="SGuard.DataAnnotations.Tests.Attributes.SGuardMaxCountAttributeTests.ReturnsSuccess_WhenEnumerableCountIsLessThanOrEqualToMax" computerName="runnervmf4ws1" duration="00:00:00.0089809" startTime="2025-09-12T12:00:30.8251681+00:00" endTime="2025-09-12T12:00:30.8551375+00:00" testType="13cdc9d9-ddb5-4fa4-a97d-d965ccfc6d4b" outcome="Passed" testListId="8c84fa94-04c1-424b-9868-57a2d4851a1d" relativeResultsDirectory="1fc4ac8b-fd51-4e70-a11c-8eb115544c1a" />
    <UnitTestResult executionId="d9d9fc82-86ab-43c6-8b86-a21e2a5e1679" testId="94156788-790a-9db5-a858-213fb7ad4f61" testName="SGuard.DataAnnotations.Tests.Attributes.SGuardMinLengthAttributeTests.ReturnsSuccess_WhenValueIsNull" computerName="runnervmf4ws1" duration="00:00:00.0001767" startTime="2025-09-12T12:00:30.8033534+00:00" endTime="2025-09-12T12:00:30.8035069+00:00" testType="13cdc9d9-ddb5-4fa4-a97d-d965ccfc6d4b" outcome="Passed" testListId="8c84fa94-04c1-424b-9868-57a2d4851a1d" relativeResultsDirectory="d9d9fc82-86ab-43c6-8b86-a21e2a5e1679" />
    <UnitTestResult executionId="c41b49f9-95a3-412c-8a9c-6527be44c27d" testId="ea759aae-ebb3-561f-baa8-d1599fc10d86" testName="SGuard.DataAnnotations.Tests.Attributes.SGuardStringLengthAttributeTests.ReturnsSuccess_WhenStringIsEmpty" computerName="runnervmf4ws1" duration="00:00:00.0001092" startTime="2025-09-12T12:00:31.1302539+00:00" endTime="2025-09-12T12:00:31.1304086+00:00" testType="13cdc9d9-ddb5-4fa4-a97d-d965ccfc6d4b" outcome="Passed" testListId="8c84fa94-04c1-424b-9868-57a2d4851a1d" relativeResultsDirectory="c41b49f9-95a3-412c-8a9c-6527be44c27d" />
    <UnitTestResult executionId="25367e22-4cd1-4365-9779-fed767875313" testId="44b5e871-bf86-94e7-7093-ae2d9b275d87" testName="SGuard.DataAnnotations.Tests.Attributes.SGuardEmailAddressAttributeTests.ReturnsSuccess_WhenValueIsBusinessEmailFormat(email: &quot;john.doe@company.com&quot;)" computerName="runnervmf4ws1" duration="00:00:00.0000076" startTime="2025-09-12T12:00:31.2680662+00:00" endTime="2025-09-12T12:00:31.2682243+00:00" testType="13cdc9d9-ddb5-4fa4-a97d-d965ccfc6d4b" outcome="Passed" testListId="8c84fa94-04c1-424b-9868-57a2d4851a1d" relativeResultsDirectory="25367e22-4cd1-4365-9779-fed767875313" />
    <UnitTestResult executionId="7ee1fca0-a720-41e0-a127-33168029f66a" testId="95b87b36-3c5e-9cd8-cee1-b516d3ba0d69" testName="SGuard.DataAnnotations.Tests.Attributes.SGuardEmailAddressAttributeTests.ReturnsNull_WhenValueIsUnsupportedInternationalEmail(email: &quot;用户@example.com&quot;)" computerName="runnervmf4ws1" duration="00:00:00.0001118" startTime="2025-09-12T12:00:31.3031496+00:00" endTime="2025-09-12T12:00:31.3032989+00:00" testType="13cdc9d9-ddb5-4fa4-a97d-d965ccfc6d4b" outcome="Passed" testListId="8c84fa94-04c1-424b-9868-57a2d4851a1d" relativeResultsDirectory="7ee1fca0-a720-41e0-a127-33168029f66a" />
    <UnitTestResult executionId="b419d180-7a6b-4eb4-bbef-2c7b898a8812" testId="a35af25c-d766-53c1-c164-013f8f5be8cd" testName="SGuard.DataAnnotations.Tests.Attributes.SGuardEmailAddressAttributeTests.ReturnsError_WhenValueIsInvalidEmailFormat(email: &quot;two@@domain.com&quot;)" computerName="runnervmf4ws1" duration="00:00:00.0003416" startTime="2025-09-12T12:00:31.3470720+00:00" endTime="2025-09-12T12:00:31.3472199+00:00" testType="13cdc9d9-ddb5-4fa4-a97d-d965ccfc6d4b" outcome="Passed" testListId="8c84fa94-04c1-424b-9868-57a2d4851a1d" relativeResultsDirectory="b419d180-7a6b-4eb4-bbef-2c7b898a8812" />
    <UnitTestResult executionId="48ed87d5-7d1d-4bda-b265-dc229a17d091" testId="6ad43e97-1e3e-ec83-e035-af1c369888de" testName="SGuard.DataAnnotations.Tests.Attributes.SGuardRangeAttributeTests.ReturnsError_WhenDoubleValueIsBelowRange" computerName="runnervmf4ws1" duration="00:00:00.0064063" startTime="2025-09-12T12:00:31.0178239+00:00" endTime="2025-09-12T12:00:31.0458628+00:00" testType="13cdc9d9-ddb5-4fa4-a97d-d965ccfc6d4b" outcome="Passed" testListId="8c84fa94-04c1-424b-9868-57a2d4851a1d" relativeResultsDirectory="48ed87d5-7d1d-4bda-b265-dc229a17d091" />
    <UnitTestResult executionId="f5a8418c-8dde-435b-a5fc-04da7e315e86" testId="cf6116bb-a21e-c884-c721-7d25040afbf0" testName="SGuard.DataAnnotations.Tests.Extensions.DataAnnotationsExceptionExtensionsTest.TryGetValidationErrors_ReturnsFalse_WhenNoValidationErrorsExist" computerName="runnervmf4ws1" duration="00:00:00.0199186" startTime="2025-09-12T12:00:30.8197190+00:00" endTime="2025-09-12T12:00:30.8504500+00:00" testType="13cdc9d9-ddb5-4fa4-a97d-d965ccfc6d4b" outcome="Passed" testListId="8c84fa94-04c1-424b-9868-57a2d4851a1d" relativeResultsDirectory="f5a8418c-8dde-435b-a5fc-04da7e315e86" />
    <UnitTestResult executionId="e0c18e7a-06ad-47fc-b563-40a252b69039" testId="c8060d6c-aa6d-6e47-880e-f4a8c7da66ac" testName="SGuard.DataAnnotations.Tests.Attributes.SGuardEmailAddressAttributeTests.ReturnsSuccess_WhenValueIsNull" computerName="runnervmf4ws1" duration="00:00:00.0001208" startTime="2025-09-12T12:00:31.3674960+00:00" endTime="2025-09-12T12:00:31.3676438+00:00" testType="13cdc9d9-ddb5-4fa4-a97d-d965ccfc6d4b" outcome="Passed" testListId="8c84fa94-04c1-424b-9868-57a2d4851a1d" relativeResultsDirectory="e0c18e7a-06ad-47fc-b563-40a252b69039" />
    <UnitTestResult executionId="867ae642-8fe6-4b65-a8fb-bf5f7afda46b" testId="57a52874-48c6-1cb3-2d74-f42730ff4142" testName="SGuard.DataAnnotations.Tests.Attributes.SGuardEmailAddressAttributeTests.ReturnsError_WhenValueIsMissingLocalPart" computerName="runnervmf4ws1" duration="00:00:00.0001514" startTime="2025-09-12T12:00:31.3644992+00:00" endTime="2025-09-12T12:00:31.3646756+00:00" testType="13cdc9d9-ddb5-4fa4-a97d-d965ccfc6d4b" outcome="Passed" testListId="8c84fa94-04c1-424b-9868-57a2d4851a1d" relativeResultsDirectory="867ae642-8fe6-4b65-a8fb-bf5f7afda46b" />
    <UnitTestResult executionId="e4c3fb70-90f6-4931-8b1a-9916b3d8a96c" testId="dbb7f411-b5f6-5940-9199-3e373138ea62" testName="SGuard.DataAnnotations.Tests.Attributes.SGuardBetweenAttributeTests.ReturnsError_WhenMaxPropertyIsMissing" computerName="runnervmf4ws1" duration="00:00:00.0002832" startTime="2025-09-12T12:00:30.8722656+00:00" endTime="2025-09-12T12:00:30.8723742+00:00" testType="13cdc9d9-ddb5-4fa4-a97d-d965ccfc6d4b" outcome="Passed" testListId="8c84fa94-04c1-424b-9868-57a2d4851a1d" relativeResultsDirectory="e4c3fb70-90f6-4931-8b1a-9916b3d8a96c" />
    <UnitTestResult executionId="fa2d7956-7c21-4852-99f1-3ef7251c4455" testId="c15a0347-46b9-df19-da83-878a082eb368" testName="SGuard.DataAnnotations.Tests.Attributes.SGuardEmailAddressAttributeTests.ReturnsSuccess_WhenEmailHasTrailingSpaces" computerName="runnervmf4ws1" duration="00:00:00.0001331" startTime="2025-09-12T12:00:31.2930388+00:00" endTime="2025-09-12T12:00:31.2931746+00:00" testType="13cdc9d9-ddb5-4fa4-a97d-d965ccfc6d4b" outcome="Passed" testListId="8c84fa94-04c1-424b-9868-57a2d4851a1d" relativeResultsDirectory="fa2d7956-7c21-4852-99f1-3ef7251c4455" />
    <UnitTestResult executionId="381d7adf-80d3-4928-853d-0b5b697ea090" testId="7d8a176a-fa54-8051-a7f3-f108d795f3f4" testName="SGuard.DataAnnotations.Tests.Attributes.SGuardCreditCardAttributeTests.HandlesUnicodeDigits" computerName="runnervmf4ws1" duration="00:00:00.0001343" startTime="2025-09-12T12:00:30.9740233+00:00" endTime="2025-09-12T12:00:30.9741123+00:00" testType="13cdc9d9-ddb5-4fa4-a97d-d965ccfc6d4b" outcome="Passed" testListId="8c84fa94-04c1-424b-9868-57a2d4851a1d" relativeResultsDirectory="381d7adf-80d3-4928-853d-0b5b697ea090" />
    <UnitTestResult executionId="71cd5adf-5312-43ad-a9e5-d6c8875c5227" testId="5ef97b10-c488-3da5-ecf7-3c6ea686e808" testName="SGuard.DataAnnotations.Tests.Attributes.SGuardCreditCardAttributeTests.ReturnsSuccess_WhenValueIsValidTestCreditCard(cardNumber: &quot;4000000000000028&quot;)" computerName="runnervmf4ws1" duration="00:00:00.0000095" startTime="2025-09-12T12:00:30.9135069+00:00" endTime="2025-09-12T12:00:30.9136342+00:00" testType="13cdc9d9-ddb5-4fa4-a97d-d965ccfc6d4b" outcome="Passed" testListId="8c84fa94-04c1-424b-9868-57a2d4851a1d" relativeResultsDirectory="71cd5adf-5312-43ad-a9e5-d6c8875c5227" />
    <UnitTestResult executionId="248d17c1-7f26-4634-b5ac-76f420e364fa" testId="ba1a9dfc-528d-6e50-f61f-11a1db790f96" testName="SGuard.DataAnnotations.Tests.Attributes.SGuardBetweenAttributeTests.ReturnsLocalizedErrorMessage_WhenCultureIsSet(culture: &quot;fr&quot;)" computerName="runnervmf4ws1" duration="00:00:00.0001887" startTime="2025-09-12T12:00:30.8280261+00:00" endTime="2025-09-12T12:00:30.8281310+00:00" testType="13cdc9d9-ddb5-4fa4-a97d-d965ccfc6d4b" outcome="Passed" testListId="8c84fa94-04c1-424b-9868-57a2d4851a1d" relativeResultsDirectory="248d17c1-7f26-4634-b5ac-76f420e364fa" />
    <UnitTestResult executionId="133cb032-5022-407b-8348-024fd9ef10eb" testId="1f2dc6ca-9df8-7064-1fb5-32db23338a29" testName="SGuard.DataAnnotations.Tests.Attributes.SGuardBetweenAttributeTests.ReturnsError_WhenValueIsNull" computerName="runnervmf4ws1" duration="00:00:00.0001639" startTime="2025-09-12T12:00:30.8328241+00:00" endTime="2025-09-12T12:00:30.8329263+00:00" testType="13cdc9d9-ddb5-4fa4-a97d-d965ccfc6d4b" outcome="Passed" testListId="8c84fa94-04c1-424b-9868-57a2d4851a1d" relativeResultsDirectory="133cb032-5022-407b-8348-024fd9ef10eb" />
    <UnitTestResult executionId="59fa036b-e838-4bff-ac76-58ac5d1e6bc7" testId="772b2092-330c-2343-8fce-944ea8746573" testName="SGuard.DataAnnotations.Tests.Attributes.SGuardEmailAddressAttributeTests.ReturnsError_WhenValueIsInvalidEmailFormat(email: &quot;plainaddress&quot;)" computerName="runnervmf4ws1" duration="00:00:00.0000106" startTime="2025-09-12T12:00:31.3581893+00:00" endTime="2025-09-12T12:00:31.3583337+00:00" testType="13cdc9d9-ddb5-4fa4-a97d-d965ccfc6d4b" outcome="Passed" testListId="8c84fa94-04c1-424b-9868-57a2d4851a1d" relativeResultsDirectory="59fa036b-e838-4bff-ac76-58ac5d1e6bc7" />
    <UnitTestResult executionId="2ec684aa-f981-4ca6-81f2-1e51fd9e19fb" testId="b9b58e28-7f86-1f3e-1425-2302a7fc52a5" testName="SGuard.DataAnnotations.Tests.Attributes.SGuardEmailAddressAttributeTests.ReturnsError_WhenValueIsMissingDomainPart" computerName="runnervmf4ws1" duration="00:00:00.0001223" startTime="2025-09-12T12:00:31.3765769+00:00" endTime="2025-09-12T12:00:31.3767146+00:00" testType="13cdc9d9-ddb5-4fa4-a97d-d965ccfc6d4b" outcome="Passed" testListId="8c84fa94-04c1-424b-9868-57a2d4851a1d" relativeResultsDirectory="2ec684aa-f981-4ca6-81f2-1e51fd9e19fb" />
    <UnitTestResult executionId="fc84167d-26eb-4e64-959c-72566d6fda9c" testId="6720d7d6-f9fe-851e-f20f-3d7775f4d8f4" testName="SGuard.DataAnnotations.Tests.Attributes.SGuardCollectionItemsMatchAttributeTests.ReturnsSuccess_WhenAllItemsValid" computerName="runnervmf4ws1" duration="00:00:00.0004113" startTime="2025-09-12T12:00:30.7657156+00:00" endTime="2025-09-12T12:00:30.7658287+00:00" testType="13cdc9d9-ddb5-4fa4-a97d-d965ccfc6d4b" outcome="Passed" testListId="8c84fa94-04c1-424b-9868-57a2d4851a1d" relativeResultsDirectory="fc84167d-26eb-4e64-959c-72566d6fda9c" />
    <UnitTestResult executionId="a50bcc9d-53f2-4199-932d-6d55974f1b66" testId="053a42fc-4c9c-7fd1-fcb7-f392f88a1bd1" testName="SGuard.DataAnnotations.Tests.Attributes.SGuardRangeAttributeTests.ReturnsSuccess_WhenValueIsEqualToMinimum" computerName="runnervmf4ws1" duration="00:00:00.0001818" startTime="2025-09-12T12:00:31.0094197+00:00" endTime="2025-09-12T12:00:31.0095943+00:00" testType="13cdc9d9-ddb5-4fa4-a97d-d965ccfc6d4b" outcome="Passed" testListId="8c84fa94-04c1-424b-9868-57a2d4851a1d" relativeResultsDirectory="a50bcc9d-53f2-4199-932d-6d55974f1b66" />
    <UnitTestResult executionId="f0d09138-9302-44b9-b519-951695d8b4e2" testId="f9f8c945-4c81-643a-d9d2-4a8d836c22cd" testName="SGuard.DataAnnotations.Tests.Attributes.SGuardCreditCardAttributeTests.ReturnsError_WhenTabsAndNewlines" computerName="runnervmf4ws1" duration="00:00:00.0030097" startTime="2025-09-12T12:00:31.0035032+00:00" endTime="2025-09-12T12:00:31.0179697+00:00" testType="13cdc9d9-ddb5-4fa4-a97d-d965ccfc6d4b" outcome="Passed" testListId="8c84fa94-04c1-424b-9868-57a2d4851a1d" relativeResultsDirectory="f0d09138-9302-44b9-b519-951695d8b4e2" />
    <UnitTestResult executionId="280b1a86-34cb-4248-b7d5-0ca9d293f5e7" testId="e652b505-a128-5c9b-29b5-90454fd80729" testName="SGuard.DataAnnotations.Tests.Attributes.SGuardMaxCountAttributeTests.ReturnsError_WhenValueIsNotACollection" computerName="runnervmf4ws1" duration="00:00:00.0002179" startTime="2025-09-12T12:00:30.8652479+00:00" endTime="2025-09-12T12:00:30.8672170+00:00" testType="13cdc9d9-ddb5-4fa4-a97d-d965ccfc6d4b" outcome="Passed" testListId="8c84fa94-04c1-424b-9868-57a2d4851a1d" relativeResultsDirectory="280b1a86-34cb-4248-b7d5-0ca9d293f5e7" />
    <UnitTestResult executionId="62772209-6b6e-4a05-8908-d1e0c0376868" testId="05a3b24a-9973-d8c2-2a27-3d4a83d88f8d" testName="SGuard.DataAnnotations.Tests.Attributes.SGuardMaxCountAttributeTests.ReturnsSuccess_WhenDictionaryCountIsLessThanMax" computerName="runnervmf4ws1" duration="00:00:00.0002656" startTime="2025-09-12T12:00:30.8773039+00:00" endTime="2025-09-12T12:00:30.8779765+00:00" testType="13cdc9d9-ddb5-4fa4-a97d-d965ccfc6d4b" outcome="Passed" testListId="8c84fa94-04c1-424b-9868-57a2d4851a1d" relativeResultsDirectory="62772209-6b6e-4a05-8908-d1e0c0376868" />
    <UnitTestResult executionId="5b383574-c0fe-4c9d-b0e2-00e745c7d9f9" testId="79b6102e-e5c4-bce8-6bb3-bb0b4547cc45" testName="SGuard.DataAnnotations.Tests.Attributes.SGuardRequiredIfAttributeTests.ReturnsSuccess_WhenConditionMet_AndValueIsNonEmptyString" computerName="runnervmf4ws1" duration="00:00:00.0028172" startTime="2025-09-12T12:00:31.1542221+00:00" endTime="2025-09-12T12:00:31.1649233+00:00" testType="13cdc9d9-ddb5-4fa4-a97d-d965ccfc6d4b" outcome="Passed" testListId="8c84fa94-04c1-424b-9868-57a2d4851a1d" relativeResultsDirectory="5b383574-c0fe-4c9d-b0e2-00e745c7d9f9" />
    <UnitTestResult executionId="e9e6ee26-33f0-468e-9651-9a803ed523fc" testId="09cd4131-9ddb-feab-ff4c-35327c79c0f2" testName="SGuard.DataAnnotations.Tests.Attributes.SGuardRequiredIfAttributeTests.ReturnsError_WhenConditionMet_AndValueIsEmptyString" computerName="runnervmf4ws1" duration="00:00:00.0002058" startTime="2025-09-12T12:00:31.1772591+00:00" endTime="2025-09-12T12:00:31.1790365+00:00" testType="13cdc9d9-ddb5-4fa4-a97d-d965ccfc6d4b" outcome="Passed" testListId="8c84fa94-04c1-424b-9868-57a2d4851a1d" relativeResultsDirectory="e9e6ee26-33f0-468e-9651-9a803ed523fc" />
    <UnitTestResult executionId="c5bc687c-73a9-49c7-a403-4a4b0e6fddcf" testId="d3b31ccb-c638-f5ba-992a-be112a07b90f" testName="SGuard.DataAnnotations.Tests.Attributes.SGuardBetweenAttributeTests.ReturnsError_WhenMinValueIsNull" computerName="runnervmf4ws1" duration="00:00:00.0003318" startTime="2025-09-12T12:00:30.8462695+00:00" endTime="2025-09-12T12:00:30.8463871+00:00" testType="13cdc9d9-ddb5-4fa4-a97d-d965ccfc6d4b" outcome="Passed" testListId="8c84fa94-04c1-424b-9868-57a2d4851a1d" relativeResultsDirectory="c5bc687c-73a9-49c7-a403-4a4b0e6fddcf" />
    <UnitTestResult executionId="5018f1af-8848-4508-ba7d-06cc94c6f76e" testId="5df4ccfd-b38d-3660-7817-2444fb2dfa70" testName="SGuard.DataAnnotations.Tests.Attributes.SGuardEmailAddressAttributeTests.ReturnsSuccess_WhenValueIsValidEmailFormat(email: &quot;first.last@sub.domain.com&quot;)" computerName="runnervmf4ws1" duration="00:00:00.0000066" startTime="2025-09-12T12:00:31.3334911+00:00" endTime="2025-09-12T12:00:31.3336318+00:00" testType="13cdc9d9-ddb5-4fa4-a97d-d965ccfc6d4b" outcome="Passed" testListId="8c84fa94-04c1-424b-9868-57a2d4851a1d" relativeResultsDirectory="5018f1af-8848-4508-ba7d-06cc94c6f76e" />
    <UnitTestResult executionId="aa3f4db2-ded1-4b78-b0bc-ef6631b185ad" testId="0f6c30f4-eb74-3240-7d3a-baf8973e6bb1" testName="SGuard.DataAnnotations.Tests.Attributes.SGuardCreditCardAttributeTests.ReturnsSuccess_WhenValueHasSpaces" computerName="runnervmf4ws1" duration="00:00:00.0001335" startTime="2025-09-12T12:00:30.9471204+00:00" endTime="2025-09-12T12:00:30.9472678+00:00" testType="13cdc9d9-ddb5-4fa4-a97d-d965ccfc6d4b" outcome="Passed" testListId="8c84fa94-04c1-424b-9868-57a2d4851a1d" relativeResultsDirectory="aa3f4db2-ded1-4b78-b0bc-ef6631b185ad" />
    <UnitTestResult executionId="beebe143-6026-4839-a571-4807425689bb" testId="c7ec37c9-24c3-32c1-fc65-b1136af2dde0" testName="SGuard.DataAnnotations.Tests.Attributes.SGuardRequiredIfAttributeTests.ReturnsError_WhenConditionMet_AndValueIsNull" computerName="runnervmf4ws1" duration="00:00:00.0001393" startTime="2025-09-12T12:00:31.1805702+00:00" endTime="2025-09-12T12:00:31.1807342+00:00" testType="13cdc9d9-ddb5-4fa4-a97d-d965ccfc6d4b" outcome="Passed" testListId="8c84fa94-04c1-424b-9868-57a2d4851a1d" relativeResultsDirectory="beebe143-6026-4839-a571-4807425689bb" />
    <UnitTestResult executionId="5d5e8feb-191f-472f-af87-523e6b503452" testId="a4e6ddd9-7583-3067-73cf-2e7840fff423" testName="SGuard.DataAnnotations.Tests.Attributes.SGuardValidationAttributeBaseFallbackTests.Returns_ResourceNameInBrackets_IfNoFallbacksExist" computerName="runnervmf4ws1" duration="00:00:00.0001745" startTime="2025-09-12T12:00:30.8229603+00:00" endTime="2025-09-12T12:00:30.8230703+00:00" testType="13cdc9d9-ddb5-4fa4-a97d-d965ccfc6d4b" outcome="Passed" testListId="8c84fa94-04c1-424b-9868-57a2d4851a1d" relativeResultsDirectory="5d5e8feb-191f-472f-af87-523e6b503452" />
    <UnitTestResult executionId="990bd61d-cea0-49c5-bfa5-cf9e5cae36b4" testId="fc0a9000-97df-f708-4c59-7870abf02ad0" testName="SGuard.DataAnnotations.Tests.Attributes.SGuardCreditCardAttributeTests.ReturnsSuccess_WhenValueIsValidTestCreditCard(cardNumber: &quot;4000000000000002&quot;)" computerName="runnervmf4ws1" duration="00:00:00.0059628" startTime="2025-09-12T12:00:30.8999304+00:00" endTime="2025-09-12T12:00:30.9126870+00:00" testType="13cdc9d9-ddb5-4fa4-a97d-d965ccfc6d4b" outcome="Passed" testListId="8c84fa94-04c1-424b-9868-57a2d4851a1d" relativeResultsDirectory="990bd61d-cea0-49c5-bfa5-cf9e5cae36b4" />
    <UnitTestResult executionId="070451e5-6de9-4d26-902a-d87086e560eb" testId="5e3af1c4-3528-aed8-76db-88c3ab3aa210" testName="SGuard.DataAnnotations.Tests.Attributes.SGuardEmailAddressAttributeTests.ReturnsSuccess_WhenValueIsCommonEmailProvider(email: &quot;user@msn.com&quot;)" computerName="runnervmf4ws1" duration="00:00:00.0000059" startTime="2025-09-12T12:00:31.2478289+00:00" endTime="2025-09-12T12:00:31.2479899+00:00" testType="13cdc9d9-ddb5-4fa4-a97d-d965ccfc6d4b" outcome="Passed" testListId="8c84fa94-04c1-424b-9868-57a2d4851a1d" relativeResultsDirectory="070451e5-6de9-4d26-902a-d87086e560eb" />
    <UnitTestResult executionId="cc8ad099-2ba2-4607-8aed-e5b107dbe625" testId="691fb055-fa9f-4080-12ab-1eedac02ecc5" testName="SGuard.DataAnnotations.Tests.Attributes.SGuardGreaterThanAttributeTests.ReturnsError_WhenOtherIsNull" computerName="runnervmf4ws1" duration="00:00:00.0013364" startTime="2025-09-12T12:00:31.0853075+00:00" endTime="2025-09-12T12:00:31.0961943+00:00" testType="13cdc9d9-ddb5-4fa4-a97d-d965ccfc6d4b" outcome="Passed" testListId="8c84fa94-04c1-424b-9868-57a2d4851a1d" relativeResultsDirectory="cc8ad099-2ba2-4607-8aed-e5b107dbe625" />
    <UnitTestResult executionId="1c55c39b-9d8d-4c10-9142-7d51b4b78507" testId="975bc213-2c75-b935-523b-90e6664204c5" testName="SGuard.DataAnnotations.Tests.Attributes.SGuardEmailAddressAttributeTests.ReturnsSuccess_WhenValueIsCommonEmailProvider(email: &quot;user@outlook.com&quot;)" computerName="runnervmf4ws1" duration="00:00:00.0000074" startTime="2025-09-12T12:00:31.2459270+00:00" endTime="2025-09-12T12:00:31.2460969+00:00" testType="13cdc9d9-ddb5-4fa4-a97d-d965ccfc6d4b" outcome="Passed" testListId="8c84fa94-04c1-424b-9868-57a2d4851a1d" relativeResultsDirectory="1c55c39b-9d8d-4c10-9142-7d51b4b78507" />
    <UnitTestResult executionId="2adbbd76-77f9-431f-9880-cd72684c10c3" testId="14c349be-8853-129f-6fbb-0ec95eaeef3e" testName="SGuard.DataAnnotations.Tests.Attributes.SGuardEmailAddressAttributeTests.ReturnsNull_WhenValueIsUnsupportedInternationalEmail(email: &quot;müller@example.com&quot;)" computerName="runnervmf4ws1" duration="00:00:00.0000069" startTime="2025-09-12T12:00:31.3090749+00:00" endTime="2025-09-12T12:00:31.3092156+00:00" testType="13cdc9d9-ddb5-4fa4-a97d-d965ccfc6d4b" outcome="Passed" testListId="8c84fa94-04c1-424b-9868-57a2d4851a1d" relativeResultsDirectory="2adbbd76-77f9-431f-9880-cd72684c10c3" />
    <UnitTestResult executionId="23d1bf39-1661-4966-bdd4-4dca010784b0" testId="0a2061b9-9d3d-341f-4524-2ebf8f36de0f" testName="SGuard.DataAnnotations.Tests.DataAnnotation.ThrowIfTests.DataAnnotationsInValid_CallbackReceivesFailureOnThrow" computerName="runnervmf4ws1" duration="00:00:00.0031820" startTime="2025-09-12T12:00:31.0457210+00:00" endTime="2025-09-12T12:00:31.0596022+00:00" testType="13cdc9d9-ddb5-4fa4-a97d-d965ccfc6d4b" outcome="Passed" testListId="8c84fa94-04c1-424b-9868-57a2d4851a1d" relativeResultsDirectory="23d1bf39-1661-4966-bdd4-4dca010784b0" />
    <UnitTestResult executionId="a2905fa1-034d-48f9-8bb4-de7249d3de69" testId="e637339b-b38a-22b1-d566-282380c17576" testName="SGuard.DataAnnotations.Tests.Attributes.SGuardEmailAddressAttributeTests.ReturnsSuccess_WhenValueIsBusinessEmailFormat(email: &quot;sales@enterprise.eu&quot;)" computerName="runnervmf4ws1" duration="00:00:00.0001421" startTime="2025-09-12T12:00:31.2573491+00:00" endTime="2025-09-12T12:00:31.2590985+00:00" testType="13cdc9d9-ddb5-4fa4-a97d-d965ccfc6d4b" outcome="Passed" testListId="8c84fa94-04c1-424b-9868-57a2d4851a1d" relativeResultsDirectory="a2905fa1-034d-48f9-8bb4-de7249d3de69" />
    <UnitTestResult executionId="3344d8d4-8d35-480f-97dc-d87fc0658a92" testId="caf2e415-42c1-802e-5d26-994c0a176ae7" testName="SGuard.DataAnnotations.Tests.Attributes.SGuardMinCountAttributeTests.ReturnsError_WhenValueIsNullAndMinIsGreaterThanZero" computerName="runnervmf4ws1" duration="00:00:00.0001297" startTime="2025-09-12T12:00:30.9100598+00:00" endTime="2025-09-12T12:00:30.9101661+00:00" testType="13cdc9d9-ddb5-4fa4-a97d-d965ccfc6d4b" outcome="Passed" testListId="8c84fa94-04c1-424b-9868-57a2d4851a1d" relativeResultsDirectory="3344d8d4-8d35-480f-97dc-d87fc0658a92" />
    <UnitTestResult executionId="99bb0d78-9a55-40e1-88cf-7e0355c77bc3" testId="39e550b5-d651-1e73-281d-7944e70634fb" testName="SGuard.DataAnnotations.Tests.Attributes.SGuardCompareAttributeTests.ReturnsLocalizedErrorMessage_WhenCultureIsSet(culture: &quot;fr&quot;)" computerName="runnervmf4ws1" duration="00:00:00.0000259" startTime="2025-09-12T12:00:31.1137685+00:00" endTime="2025-09-12T12:00:31.1139097+00:00" testType="13cdc9d9-ddb5-4fa4-a97d-d965ccfc6d4b" outcome="Passed" testListId="8c84fa94-04c1-424b-9868-57a2d4851a1d" relativeResultsDirectory="99bb0d78-9a55-40e1-88cf-7e0355c77bc3" />
    <UnitTestResult executionId="e25a48e3-39d5-458b-bd74-d1dcfd647b0b" testId="f990b3b4-c789-9b95-242d-e1c954f9cc12" testName="SGuard.DataAnnotations.Tests.Attributes.SGuardCompareAttributeTests.WorksWithIntegerValues" computerName="runnervmf4ws1" duration="00:00:00.0002999" startTime="2025-09-12T12:00:31.0689062+00:00" endTime="2025-09-12T12:00:31.0690567+00:00" testType="13cdc9d9-ddb5-4fa4-a97d-d965ccfc6d4b" outcome="Passed" testListId="8c84fa94-04c1-424b-9868-57a2d4851a1d" relativeResultsDirectory="e25a48e3-39d5-458b-bd74-d1dcfd647b0b" />
    <UnitTestResult executionId="d57ad808-2891-4f11-b930-3c3aea5b9539" testId="3ed4f947-b1f0-26b6-00d3-ec8f0acffb81" testName="SGuard.DataAnnotations.Tests.Attributes.SGuardBetweenAttributeTests.ReturnsSuccess_WhenValueIsOnBounds_Inclusive" computerName="runnervmf4ws1" duration="00:00:00.0002259" startTime="2025-09-12T12:00:30.8703098+00:00" endTime="2025-09-12T12:00:30.8704127+00:00" testType="13cdc9d9-ddb5-4fa4-a97d-d965ccfc6d4b" outcome="Passed" testListId="8c84fa94-04c1-424b-9868-57a2d4851a1d" relativeResultsDirectory="d57ad808-2891-4f11-b930-3c3aea5b9539" />
    <UnitTestResult executionId="75af458c-9bd1-496d-ab1a-4b0ed38288c8" testId="a063e64e-d50e-1771-6f88-589c60e56cda" testName="SGuard.DataAnnotations.Tests.Attributes.SGuardRangeAttributeTests.ReturnsError_WhenDoubleValueIsAboveRange" computerName="runnervmf4ws1" duration="00:00:00.0004822" startTime="2025-09-12T12:00:31.0050064+00:00" endTime="2025-09-12T12:00:31.0051536+00:00" testType="13cdc9d9-ddb5-4fa4-a97d-d965ccfc6d4b" outcome="Passed" testListId="8c84fa94-04c1-424b-9868-57a2d4851a1d" relativeResultsDirectory="75af458c-9bd1-496d-ab1a-4b0ed38288c8" />
    <UnitTestResult executionId="a36ec860-9ac0-4284-8346-215a3f6bced1" testId="105b068b-5f70-b61a-c12a-2f0480355a18" testName="SGuard.DataAnnotations.Tests.Attributes.SGuardCreditCardAttributeTests.ReturnsSuccess_WhenValueIsWhitespace" computerName="runnervmf4ws1" duration="00:00:00.0001217" startTime="2025-09-12T12:00:30.9957000+00:00" endTime="2025-09-12T12:00:30.9957867+00:00" testType="13cdc9d9-ddb5-4fa4-a97d-d965ccfc6d4b" outcome="Passed" testListId="8c84fa94-04c1-424b-9868-57a2d4851a1d" relativeResultsDirectory="a36ec860-9ac0-4284-8346-215a3f6bced1" />
    <UnitTestResult executionId="88229a53-670f-46b4-afb5-794d8e7c4fde" testId="96f0a1d4-531c-3478-a078-bab16abfa397" testName="SGuard.DataAnnotations.Tests.Attributes.SGuardEmailAddressAttributeTests.ReturnsNull_WhenValueIsUnsupportedInternationalEmail(email: &quot;user@россия.рф&quot;)" computerName="runnervmf4ws1" duration="00:00:00.0001694" startTime="2025-09-12T12:00:31.3046300+00:00" endTime="2025-09-12T12:00:31.3047681+00:00" testType="13cdc9d9-ddb5-4fa4-a97d-d965ccfc6d4b" outcome="Passed" testListId="8c84fa94-04c1-424b-9868-57a2d4851a1d" relativeResultsDirectory="88229a53-670f-46b4-afb5-794d8e7c4fde" />
    <UnitTestResult executionId="1f69b335-9a46-45f5-aa02-7302c300bcdb" testId="f19b555b-116b-2f3a-0c2d-ec4548792f2e" testName="SGuard.DataAnnotations.Tests.Attributes.SGuardEmailAddressAttributeTests.ReturnsLocalizedErrorMessage_WhenCultureIsSet(culture: &quot;fr&quot;)" computerName="runnervmf4ws1" duration="00:00:00.0000172" startTime="2025-09-12T12:00:31.2901173+00:00" endTime="2025-09-12T12:00:31.2902434+00:00" testType="13cdc9d9-ddb5-4fa4-a97d-d965ccfc6d4b" outcome="Passed" testListId="8c84fa94-04c1-424b-9868-57a2d4851a1d" relativeResultsDirectory="1f69b335-9a46-45f5-aa02-7302c300bcdb" />
    <UnitTestResult executionId="4903ccfb-61ab-4811-a296-f5d5ca90d27c" testId="76eeeb2b-1455-fe34-82ad-4f434e3d08da" testName="SGuard.DataAnnotations.Tests.Attributes.SGuardBetweenAttributeTests.ReturnsLocalizedErrorMessage_WhenCultureIsSet(culture: &quot;en&quot;)" computerName="runnervmf4ws1" duration="00:00:00.0003968" startTime="2025-09-12T12:00:30.8318209+00:00" endTime="2025-09-12T12:00:30.8319237+00:00" testType="13cdc9d9-ddb5-4fa4-a97d-d965ccfc6d4b" outcome="Passed" testListId="8c84fa94-04c1-424b-9868-57a2d4851a1d" relativeResultsDirectory="4903ccfb-61ab-4811-a296-f5d5ca90d27c" />
    <UnitTestResult executionId="b816ce0a-cd53-4a8e-bd32-1ba73834e657" testId="e1ec4db0-5c0c-b229-761c-768bae20f6b1" testName="SGuard.DataAnnotations.Tests.Attributes.SGuardMinCountAttributeTests.ReturnsSuccess_WhenArrayCountIsGreaterThanOrEqualToMin" computerName="runnervmf4ws1" duration="00:00:00.0001436" startTime="2025-09-12T12:00:30.9231105+00:00" endTime="2025-09-12T12:00:30.9232202+00:00" testType="13cdc9d9-ddb5-4fa4-a97d-d965ccfc6d4b" outcome="Passed" testListId="8c84fa94-04c1-424b-9868-57a2d4851a1d" relativeResultsDirectory="b816ce0a-cd53-4a8e-bd32-1ba73834e657" />
    <UnitTestResult executionId="565207be-011e-44b7-bc9c-a6bf755a3b0b" testId="34d33db2-19a9-6856-2c67-8b6ff63ae856" testName="SGuard.DataAnnotations.Tests.Attributes.SGuardEmailAddressAttributeTests.HandlesHyphenInDomainName" computerName="runnervmf4ws1" duration="00:00:00.0001364" startTime="2025-09-12T12:00:31.3982616+00:00" endTime="2025-09-12T12:00:31.3984473+00:00" testType="13cdc9d9-ddb5-4fa4-a97d-d965ccfc6d4b" outcome="Passed" testListId="8c84fa94-04c1-424b-9868-57a2d4851a1d" relativeResultsDirectory="565207be-011e-44b7-bc9c-a6bf755a3b0b" />
    <UnitTestResult executionId="c1e398ac-6b72-4dab-b51c-9c9b44677901" testId="25b83878-87c8-b0a8-45e8-91d7ac1a9a5f" testName="SGuard.DataAnnotations.Tests.Attributes.SGuardEmailAddressAttributeTests.ReturnsLocalizedErrorMessage_WhenCultureIsSet(culture: &quot;hi&quot;)" computerName="runnervmf4ws1" duration="00:00:00.0002244" startTime="2025-09-12T12:00:31.2818435+00:00" endTime="2025-09-12T12:00:31.2835723+00:00" testType="13cdc9d9-ddb5-4fa4-a97d-d965ccfc6d4b" outcome="Passed" testListId="8c84fa94-04c1-424b-9868-57a2d4851a1d" relativeResultsDirectory="c1e398ac-6b72-4dab-b51c-9c9b44677901" />
    <UnitTestResult executionId="3cc8428b-63b5-4c52-be70-6da7422ca1ce" testId="a7359f7c-fb2e-bb3c-4d8b-0f3167da0c88" testName="SGuard.DataAnnotations.Tests.Attributes.SGuardCompareAttributeTests.SupportsMultipleAttributes_OnSameProperty" computerName="runnervmf4ws1" duration="00:00:00.0032049" startTime="2025-09-12T12:00:31.1388127+00:00" endTime="2025-09-12T12:00:31.1543672+00:00" testType="13cdc9d9-ddb5-4fa4-a97d-d965ccfc6d4b" outcome="Passed" testListId="8c84fa94-04c1-424b-9868-57a2d4851a1d" relativeResultsDirectory="3cc8428b-63b5-4c52-be70-6da7422ca1ce" />
    <UnitTestResult executionId="06fff16f-c505-434d-8f79-4f6cfaac9612" testId="0b94c834-d90e-9605-45d2-d9d132ae666f" testName="SGuard.DataAnnotations.Tests.Attributes.SGuardCreditCardAttributeTests.ReturnsSuccess_WhenValueIsValidTestCreditCard(cardNumber: &quot;5105105105105100&quot;)" computerName="runnervmf4ws1" duration="00:00:00.0005192" startTime="2025-09-12T12:00:30.8920197+00:00" endTime="2025-09-12T12:00:30.8921280+00:00" testType="13cdc9d9-ddb5-4fa4-a97d-d965ccfc6d4b" outcome="Passed" testListId="8c84fa94-04c1-424b-9868-57a2d4851a1d" relativeResultsDirectory="06fff16f-c505-434d-8f79-4f6cfaac9612" />
    <UnitTestResult executionId="085ea1ca-7b24-4373-a102-d1923024a1ff" testId="90ecebff-7662-d7b9-ab27-78972e03a435" testName="SGuard.DataAnnotations.Tests.Attributes.SGuardCompareAttributeTests.ReturnsError_WhenOnePropertyIsNull" computerName="runnervmf4ws1" duration="00:00:00.0001945" startTime="2025-09-12T12:00:31.1853398+00:00" endTime="2025-09-12T12:00:31.1872608+00:00" testType="13cdc9d9-ddb5-4fa4-a97d-d965ccfc6d4b" outcome="Passed" testListId="8c84fa94-04c1-424b-9868-57a2d4851a1d" relativeResultsDirectory="085ea1ca-7b24-4373-a102-d1923024a1ff" />
    <UnitTestResult executionId="977305fd-3e51-480b-ba88-51d20e17c8b0" testId="d2abbd7a-ef0c-371c-ddca-a09c27d6f3a8" testName="SGuard.DataAnnotations.Tests.DataAnnotation.ThrowIfTests.DataAnnotationsInValid_ValidObject_DoesNotThrow" computerName="runnervmf4ws1" duration="00:00:00.0002752" startTime="2025-09-12T12:00:30.9871990+00:00" endTime="2025-09-12T12:00:30.9873564+00:00" testType="13cdc9d9-ddb5-4fa4-a97d-d965ccfc6d4b" outcome="Passed" testListId="8c84fa94-04c1-424b-9868-57a2d4851a1d" relativeResultsDirectory="977305fd-3e51-480b-ba88-51d20e17c8b0" />
    <UnitTestResult executionId="30e7adbf-d834-4176-8b9c-e071dbdb71d7" testId="f949f09e-ebc0-f09b-1a13-db797c40c4c3" testName="SGuard.DataAnnotations.Tests.Attributes.SGuardCreditCardAttributeTests.ReturnsLocalizedErrorMessage_WhenCultureIsSet(culture: &quot;fr&quot;)" computerName="runnervmf4ws1" duration="00:00:00.0015845" startTime="2025-09-12T12:00:30.9611258+00:00" endTime="2025-09-12T12:00:30.9621486+00:00" testType="13cdc9d9-ddb5-4fa4-a97d-d965ccfc6d4b" outcome="Passed" testListId="8c84fa94-04c1-424b-9868-57a2d4851a1d" relativeResultsDirectory="30e7adbf-d834-4176-8b9c-e071dbdb71d7" />
    <UnitTestResult executionId="76b9a4c6-857b-4ca7-b263-c0011eada724" testId="d4093e7e-0ae8-6f2f-0f07-aa26770f8bc0" testName="SGuard.DataAnnotations.Tests.Attributes.SGuardPhoneAttributeTests.ReturnsError_WhenPhoneIsEmptyString" computerName="runnervmf4ws1" duration="00:00:00.0029347" startTime="2025-09-12T12:00:30.9856655+00:00" endTime="2025-09-12T12:00:30.9896459+00:00" testType="13cdc9d9-ddb5-4fa4-a97d-d965ccfc6d4b" outcome="Passed" testListId="8c84fa94-04c1-424b-9868-57a2d4851a1d" relativeResultsDirectory="76b9a4c6-857b-4ca7-b263-c0011eada724" />
    <UnitTestResult executionId="5955b2ec-7b87-477c-a175-318d71e80546" testId="19ecf8d1-7110-f15c-ef67-988f88f7bb41" testName="SGuard.DataAnnotations.Tests.Attributes.SGuardEmailAddressAttributeTests.ReturnsLocalizedErrorMessage_WhenCultureIsSet(culture: &quot;ru&quot;)" computerName="runnervmf4ws1" duration="00:00:00.0000160" startTime="2025-09-12T12:00:31.2886944+00:00" endTime="2025-09-12T12:00:31.2888313+00:00" testType="13cdc9d9-ddb5-4fa4-a97d-d965ccfc6d4b" outcome="Passed" testListId="8c84fa94-04c1-424b-9868-57a2d4851a1d" relativeResultsDirectory="5955b2ec-7b87-477c-a175-318d71e80546" />
    <UnitTestResult executionId="0dfa27df-3ed6-4570-b90d-3495368da8d2" testId="d4bc526c-662a-9d26-36b5-1e54e7922be1" testName="SGuard.DataAnnotations.Tests.Attributes.SGuardCreditCardAttributeTests.EcommerceCheckout_FormattedCard_Success" computerName="runnervmf4ws1" duration="00:00:00.0001381" startTime="2025-09-12T12:00:30.9966501+00:00" endTime="2025-09-12T12:00:30.9967370+00:00" testType="13cdc9d9-ddb5-4fa4-a97d-d965ccfc6d4b" outcome="Passed" testListId="8c84fa94-04c1-424b-9868-57a2d4851a1d" relativeResultsDirectory="0dfa27df-3ed6-4570-b90d-3495368da8d2" />
    <UnitTestResult executionId="209779fd-281b-4d7e-abdc-8010b44f2ce9" testId="1a45ac18-4cd8-b3a2-3eb6-7a2b6dbbd4c5" testName="SGuard.DataAnnotations.Tests.Attributes.SGuardBetweenAttributeTests.WorksWithStringValues_Inclusive" computerName="runnervmf4ws1" duration="00:00:00.0003026" startTime="2025-09-12T12:00:30.8753972+00:00" endTime="2025-09-12T12:00:30.8755295+00:00" testType="13cdc9d9-ddb5-4fa4-a97d-d965ccfc6d4b" outcome="Passed" testListId="8c84fa94-04c1-424b-9868-57a2d4851a1d" relativeResultsDirectory="209779fd-281b-4d7e-abdc-8010b44f2ce9" />
    <UnitTestResult executionId="9838dbe6-cac7-423c-a94a-cbe4f2e3eab4" testId="791ba3c9-e2ec-2647-6231-6e889590b831" testName="SGuard.DataAnnotations.Tests.Attributes.SGuardCreditCardAttributeTests.ReturnsSuccess_WhenValueIsValidDinersClub" computerName="runnervmf4ws1" duration="00:00:00.0001264" startTime="2025-09-12T12:00:30.9947584+00:00" endTime="2025-09-12T12:00:30.9948460+00:00" testType="13cdc9d9-ddb5-4fa4-a97d-d965ccfc6d4b" outcome="Passed" testListId="8c84fa94-04c1-424b-9868-57a2d4851a1d" relativeResultsDirectory="9838dbe6-cac7-423c-a94a-cbe4f2e3eab4" />
    <UnitTestResult executionId="ec63d72a-4023-4f94-8ae5-5f01b9cc970c" testId="ff516869-b695-969e-43b6-a1a4d0514602" testName="SGuard.DataAnnotations.Tests.Attributes.SGuardRangeAttributeTests.ReturnsError_WhenIntValueIsBelowRange" computerName="runnervmf4ws1" duration="00:00:00.0030878" startTime="2025-09-12T12:00:30.9912509+00:00" endTime="2025-09-12T12:00:31.0036954+00:00" testType="13cdc9d9-ddb5-4fa4-a97d-d965ccfc6d4b" outcome="Passed" testListId="8c84fa94-04c1-424b-9868-57a2d4851a1d" relativeResultsDirectory="ec63d72a-4023-4f94-8ae5-5f01b9cc970c" />
    <UnitTestResult executionId="ba40e980-7d1b-4777-9074-c48bbb7a6915" testId="052730fe-db9b-61be-f772-e92a351113ec" testName="SGuard.DataAnnotations.Tests.Attributes.SGuardCreditCardAttributeTests.ReturnsError_WhenValueIsObject" computerName="runnervmf4ws1" duration="00:00:00.0062582" startTime="2025-09-12T12:00:30.9767335+00:00" endTime="2025-09-12T12:00:30.9914820+00:00" testType="13cdc9d9-ddb5-4fa4-a97d-d965ccfc6d4b" outcome="Passed" testListId="8c84fa94-04c1-424b-9868-57a2d4851a1d" relativeResultsDirectory="ba40e980-7d1b-4777-9074-c48bbb7a6915" />
    <UnitTestResult executionId="ff9e40c5-41ec-48f6-8a3b-11dab2aca0eb" testId="06fd7059-3d6f-6c93-7a5a-42eb775a541b" testName="SGuard.DataAnnotations.Tests.Attributes.SGuardCreditCardAttributeTests.ReturnsSuccess_WhenValueIsValidTestCreditCard(cardNumber: &quot;3566002020360505&quot;)" computerName="runnervmf4ws1" duration="00:00:00.0000047" startTime="2025-09-12T12:00:30.9191134+00:00" endTime="2025-09-12T12:00:30.9192995+00:00" testType="13cdc9d9-ddb5-4fa4-a97d-d965ccfc6d4b" outcome="Passed" testListId="8c84fa94-04c1-424b-9868-57a2d4851a1d" relativeResultsDirectory="ff9e40c5-41ec-48f6-8a3b-11dab2aca0eb" />
    <UnitTestResult executionId="a0e0f137-fba9-4eac-9239-f755a0d3f682" testId="8da2c0e9-e99c-45b8-35cd-c98d5c3013f5" testName="SGuard.DataAnnotations.Tests.Attributes.SGuardPhoneAttributeTests.ReturnsLocalizedErrorMessage_WhenCultureIsSetToTurkish" computerName="runnervmf4ws1" duration="00:00:00.0004391" startTime="2025-09-12T12:00:30.9801019+00:00" endTime="2025-09-12T12:00:30.9816336+00:00" testType="13cdc9d9-ddb5-4fa4-a97d-d965ccfc6d4b" outcome="Passed" testListId="8c84fa94-04c1-424b-9868-57a2d4851a1d" relativeResultsDirectory="a0e0f137-fba9-4eac-9239-f755a0d3f682" />
    <UnitTestResult executionId="344ea2b2-9772-4aeb-8f5b-69c9b7f6386c" testId="0fccd154-e18e-f328-7847-cd4fb77e326e" testName="SGuard.DataAnnotations.Tests.Attributes.SGuardEmailAddressAttributeTests.HandlesSpecialCharactersInLocalPart" computerName="runnervmf4ws1" duration="00:00:00.0002065" startTime="2025-09-12T12:00:31.3797159+00:00" endTime="2025-09-12T12:00:31.3798449+00:00" testType="13cdc9d9-ddb5-4fa4-a97d-d965ccfc6d4b" outcome="Passed" testListId="8c84fa94-04c1-424b-9868-57a2d4851a1d" relativeResultsDirectory="344ea2b2-9772-4aeb-8f5b-69c9b7f6386c" />
    <UnitTestResult executionId="6d34d045-20ca-4a15-b8c4-5d100e7f3034" testId="25bfd5dc-d6fd-7060-1543-b6eff93eaa1d" testName="SGuard.DataAnnotations.Tests.Attributes.SGuardUrlAttributeTests.ThrowsArgumentNullException_WhenResourceTypeIsNull" computerName="runnervmf4ws1" duration="00:00:00.0029381" startTime="2025-09-12T12:00:30.8066981+00:00" endTime="2025-09-12T12:00:30.8093106+00:00" testType="13cdc9d9-ddb5-4fa4-a97d-d965ccfc6d4b" outcome="Passed" testListId="8c84fa94-04c1-424b-9868-57a2d4851a1d" relativeResultsDirectory="6d34d045-20ca-4a15-b8c4-5d100e7f3034" />
    <UnitTestResult executionId="01736e0e-da7d-43d1-af97-b5366f301bff" testId="ad35ebfe-e77e-2204-0cd2-b24af72af8e4" testName="SGuard.DataAnnotations.Tests.Attributes.SGuardStringLengthAttributeTests.ReturnsSuccess_WhenStringIsNull" computerName="runnervmf4ws1" duration="00:00:00.0111453" startTime="2025-09-12T12:00:31.1402213+00:00" endTime="2025-09-12T12:00:31.1969908+00:00" testType="13cdc9d9-ddb5-4fa4-a97d-d965ccfc6d4b" outcome="Passed" testListId="8c84fa94-04c1-424b-9868-57a2d4851a1d" relativeResultsDirectory="01736e0e-da7d-43d1-af97-b5366f301bff" />
    <UnitTestResult executionId="46a1a2a8-49e4-47d6-84ad-82826df40fd4" testId="efcc2e9e-2f85-0ef0-5d17-1938b92c7600" testName="SGuard.DataAnnotations.Tests.Attributes.SGuardEmailAddressAttributeTests.ReturnsError_WhenValueIsInvalidEmailFormat(email: &quot;@missinglocalpart.com&quot;)" computerName="runnervmf4ws1" duration="00:00:00.0000109" startTime="2025-09-12T12:00:31.3566989+00:00" endTime="2025-09-12T12:00:31.3568370+00:00" testType="13cdc9d9-ddb5-4fa4-a97d-d965ccfc6d4b" outcome="Passed" testListId="8c84fa94-04c1-424b-9868-57a2d4851a1d" relativeResultsDirectory="46a1a2a8-49e4-47d6-84ad-82826df40fd4" />
    <UnitTestResult executionId="7c5572c0-539a-42df-957b-0a1ce8c2cf78" testId="06c65910-8332-c5fd-1e18-cc91e6b26b03" testName="SGuard.DataAnnotations.Tests.Attributes.SGuardMaxCountAttributeTests.ReturnsSuccess_WhenValueIsNull" computerName="runnervmf4ws1" duration="00:00:00.0001201" startTime="2025-09-12T12:00:30.8788183+00:00" endTime="2025-09-12T12:00:30.8798736+00:00" testType="13cdc9d9-ddb5-4fa4-a97d-d965ccfc6d4b" outcome="Passed" testListId="8c84fa94-04c1-424b-9868-57a2d4851a1d" relativeResultsDirectory="7c5572c0-539a-42df-957b-0a1ce8c2cf78" />
    <UnitTestResult executionId="e8ec0442-06c3-4de3-9434-90962ead5611" testId="1dbac545-66f2-0bb8-0678-b41a21a7f990" testName="SGuard.DataAnnotations.Tests.Attributes.SGuardCreditCardAttributeTests.ReturnsSuccess_WhenValueIsValidVisa" computerName="runnervmf4ws1" duration="00:00:00.0001184" startTime="2025-09-12T12:00:31.0308867+00:00" endTime="2025-09-12T12:00:31.0310302+00:00" testType="13cdc9d9-ddb5-4fa4-a97d-d965ccfc6d4b" outcome="Passed" testListId="8c84fa94-04c1-424b-9868-57a2d4851a1d" relativeResultsDirectory="e8ec0442-06c3-4de3-9434-90962ead5611" />
    <UnitTestResult executionId="e926abfb-b75d-4e40-bb50-c94797895c1a" testId="734c5808-49eb-8ed1-25f3-61160bef48bd" testName="SGuard.DataAnnotations.Tests.Attributes.SGuardCreditCardAttributeTests.ReturnsError_WhenValueIsInvalidTestCreditCard(cardNumber: &quot;6011111111111116&quot;)" computerName="runnervmf4ws1" duration="00:00:00.0000167" startTime="2025-09-12T12:00:30.9268287+00:00" endTime="2025-09-12T12:00:30.9269197+00:00" testType="13cdc9d9-ddb5-4fa4-a97d-d965ccfc6d4b" outcome="Passed" testListId="8c84fa94-04c1-424b-9868-57a2d4851a1d" relativeResultsDirectory="e926abfb-b75d-4e40-bb50-c94797895c1a" />
    <UnitTestResult executionId="897dd6f9-6e7d-455a-aa82-8d0a67b71e0a" testId="901b1d80-eb8f-d99c-d714-80ce4513b9b5" testName="SGuard.DataAnnotations.Tests.Attributes.SGuardEmailAddressAttributeTests.ReturnsSuccess_WhenValueIsValidEmailFormat(email: &quot;user.name+tag@example.co.uk&quot;)" computerName="runnervmf4ws1" duration="00:00:00.0001338" startTime="2025-09-12T12:00:31.3106508+00:00" endTime="2025-09-12T12:00:31.3107932+00:00" testType="13cdc9d9-ddb5-4fa4-a97d-d965ccfc6d4b" outcome="Passed" testListId="8c84fa94-04c1-424b-9868-57a2d4851a1d" relativeResultsDirectory="897dd6f9-6e7d-455a-aa82-8d0a67b71e0a" />
    <UnitTestResult executionId="86308f87-0f87-4a1d-94c3-12ca68ca6667" testId="742ef234-b8c9-6062-4fcb-53fe85c46061" testName="SGuard.DataAnnotations.Tests.Attributes.SGuardCreditCardAttributeTests.ReturnsSuccess_WhenValueIsValidTestCreditCard(cardNumber: &quot;5555555555554444&quot;)" computerName="runnervmf4ws1" duration="00:00:00.0001617" startTime="2025-09-12T12:00:30.8929627+00:00" endTime="2025-09-12T12:00:30.8930190+00:00" testType="13cdc9d9-ddb5-4fa4-a97d-d965ccfc6d4b" outcome="Passed" testListId="8c84fa94-04c1-424b-9868-57a2d4851a1d" relativeResultsDirectory="86308f87-0f87-4a1d-94c3-12ca68ca6667" />
    <UnitTestResult executionId="8e5c9757-7852-438b-a338-997be28d65fa" testId="a484b60c-6e92-f3f0-aa33-178dfb90559c" testName="SGuard.DataAnnotations.Tests.Attributes.SGuardCreditCardAttributeTests.Constructor_ThrowsArgumentNullException_WhenResourceTypeIsNull" computerName="runnervmf4ws1" duration="00:00:00.0001796" startTime="2025-09-12T12:00:31.0249652+00:00" endTime="2025-09-12T12:00:31.0251174+00:00" testType="13cdc9d9-ddb5-4fa4-a97d-d965ccfc6d4b" outcome="Passed" testListId="8c84fa94-04c1-424b-9868-57a2d4851a1d" relativeResultsDirectory="8e5c9757-7852-438b-a338-997be28d65fa" />
    <UnitTestResult executionId="35505f08-fdcc-44db-98db-7411e782fd53" testId="4178e4ec-1c12-2298-83a8-fa1694d1598a" testName="SGuard.DataAnnotations.Tests.Attributes.SGuardRequiredCollectionAttributeTests.ReturnsError_WhenIEnumerableIsEmpty" computerName="runnervmf4ws1" duration="00:00:00.0001414" startTime="2025-09-12T12:00:31.2790510+00:00" endTime="2025-09-12T12:00:31.2819918+00:00" testType="13cdc9d9-ddb5-4fa4-a97d-d965ccfc6d4b" outcome="Passed" testListId="8c84fa94-04c1-424b-9868-57a2d4851a1d" relativeResultsDirectory="35505f08-fdcc-44db-98db-7411e782fd53" />
    <UnitTestResult executionId="e04fa043-1e11-4d71-8fa2-318250df4135" testId="5e6ca35e-d616-fb2c-e08c-8c3ca9f4e3ed" testName="SGuard.DataAnnotations.Tests.Attributes.SGuardBetweenAttributeTests.ReturnsError_WhenMinPropertyIsMissing" computerName="runnervmf4ws1" duration="00:00:00.0002687" startTime="2025-09-12T12:00:30.8826118+00:00" endTime="2025-09-12T12:00:30.8827180+00:00" testType="13cdc9d9-ddb5-4fa4-a97d-d965ccfc6d4b" outcome="Passed" testListId="8c84fa94-04c1-424b-9868-57a2d4851a1d" relativeResultsDirectory="e04fa043-1e11-4d71-8fa2-318250df4135" />
    <UnitTestResult executionId="fcf7e67f-dc2c-444f-a59f-9e4718b6d86f" testId="20732fe4-3f82-c4d4-02eb-ec9f33b96963" testName="SGuard.DataAnnotations.Tests.DataAnnotation.ThrowIfTests.DataAnnotationsInValid_InvalidObject_ThrowsCustomExceptionWithArgs" computerName="runnervmf4ws1" duration="00:00:00.0008164" startTime="2025-09-12T12:00:31.0413777+00:00" endTime="2025-09-12T12:00:31.0415494+00:00" testType="13cdc9d9-ddb5-4fa4-a97d-d965ccfc6d4b" outcome="Passed" testListId="8c84fa94-04c1-424b-9868-57a2d4851a1d" relativeResultsDirectory="fcf7e67f-dc2c-444f-a59f-9e4718b6d86f" />
    <UnitTestResult executionId="8cc30863-8f03-43b4-9da7-126193db0495" testId="c6674468-57bf-3713-9fad-0608e1c0c823" testName="SGuard.DataAnnotations.Tests.Attributes.SGuardCreditCardAttributeTests.ReturnsLocalizedErrorMessage_WhenCultureIsSet(culture: &quot;en&quot;)" computerName="runnervmf4ws1" duration="00:00:00.0001359" startTime="2025-09-12T12:00:30.9645059+00:00" endTime="2025-09-12T12:00:30.9645904+00:00" testType="13cdc9d9-ddb5-4fa4-a97d-d965ccfc6d4b" outcome="Passed" testListId="8c84fa94-04c1-424b-9868-57a2d4851a1d" relativeResultsDirectory="8cc30863-8f03-43b4-9da7-126193db0495" />
    <UnitTestResult executionId="e452f81e-a35d-4365-a3cc-4796e896c623" testId="75d2aff9-bd09-f5dd-0d61-8a79007e5e63" testName="SGuard.DataAnnotations.Tests.Attributes.SGuardCreditCardAttributeTests.ReturnsLocalizedErrorMessage_WhenCultureIsSet(culture: &quot;tr&quot;)" computerName="runnervmf4ws1" duration="00:00:00.0001454" startTime="2025-09-12T12:00:30.9628567+00:00" endTime="2025-09-12T12:00:30.9629428+00:00" testType="13cdc9d9-ddb5-4fa4-a97d-d965ccfc6d4b" outcome="Passed" testListId="8c84fa94-04c1-424b-9868-57a2d4851a1d" relativeResultsDirectory="e452f81e-a35d-4365-a3cc-4796e896c623" />
    <UnitTestResult executionId="e665c746-b4ff-4124-a393-b3596a501fca" testId="db6b1d5f-acf0-e056-417a-53af7ddfd69f" testName="SGuard.DataAnnotations.Tests.Attributes.SGuardLessThanAttributeTests.ReturnsLocalizedErrorMessage_WhenCultureIsSetToTurkish" computerName="runnervmf4ws1" duration="00:00:00.0002064" startTime="2025-09-12T12:00:31.1461761+00:00" endTime="2025-09-12T12:00:31.1462607+00:00" testType="13cdc9d9-ddb5-4fa4-a97d-d965ccfc6d4b" outcome="Passed" testListId="8c84fa94-04c1-424b-9868-57a2d4851a1d" relativeResultsDirectory="e665c746-b4ff-4124-a393-b3596a501fca" />
    <UnitTestResult executionId="f3be52a0-d6f0-414d-820c-88cf4a384342" testId="d600a704-e64f-345e-8d84-0859a85bb767" testName="SGuard.DataAnnotations.Tests.Attributes.SGuardGreaterThanAttributeTests.ReturnsError_WhenValueIsNull" computerName="runnervmf4ws1" duration="00:00:00.0045791" startTime="2025-09-12T12:00:31.0586999+00:00" endTime="2025-09-12T12:00:31.0746738+00:00" testType="13cdc9d9-ddb5-4fa4-a97d-d965ccfc6d4b" outcome="Passed" testListId="8c84fa94-04c1-424b-9868-57a2d4851a1d" relativeResultsDirectory="f3be52a0-d6f0-414d-820c-88cf4a384342" />
    <UnitTestResult executionId="12a2658d-695a-4e2c-af30-e8c199216184" testId="d50c14e6-f54d-0a45-9d54-a0aef0431250" testName="SGuard.DataAnnotations.Tests.Attributes.SGuardEmailAddressAttributeTests.ReturnsError_WhenValueIsMissingAtSymbol" computerName="runnervmf4ws1" duration="00:00:00.0001548" startTime="2025-09-12T12:00:31.3950293+00:00" endTime="2025-09-12T12:00:31.3951826+00:00" testType="13cdc9d9-ddb5-4fa4-a97d-d965ccfc6d4b" outcome="Passed" testListId="8c84fa94-04c1-424b-9868-57a2d4851a1d" relativeResultsDirectory="12a2658d-695a-4e2c-af30-e8c199216184" />
    <UnitTestResult executionId="fe22b30f-7741-46cc-a8db-757081155ef8" testId="6445b153-8bd3-09d0-a13f-62fd6c102d0c" testName="SGuard.DataAnnotations.Tests.Attributes.SGuardLessThanAttributeTests.ReturnsSuccess_WhenDateValueIsLessThanOther" computerName="runnervmf4ws1" duration="00:00:00.0002749" startTime="2025-09-12T12:00:31.1508697+00:00" endTime="2025-09-12T12:00:31.1510154+00:00" testType="13cdc9d9-ddb5-4fa4-a97d-d965ccfc6d4b" outcome="Passed" testListId="8c84fa94-04c1-424b-9868-57a2d4851a1d" relativeResultsDirectory="fe22b30f-7741-46cc-a8db-757081155ef8" />
    <UnitTestResult executionId="7f51d71f-8e45-48e9-81b0-e3b6b2c3218d" testId="d8f8e165-90df-5b49-a300-edfa6daf0e32" testName="SGuard.DataAnnotations.Tests.Attributes.SGuardCompareAttributeTests.ReturnsSuccess_WhenPropertiesAreEqual" computerName="runnervmf4ws1" duration="00:00:00.0001733" startTime="2025-09-12T12:00:31.1668734+00:00" endTime="2025-09-12T12:00:31.1669540+00:00" testType="13cdc9d9-ddb5-4fa4-a97d-d965ccfc6d4b" outcome="Passed" testListId="8c84fa94-04c1-424b-9868-57a2d4851a1d" relativeResultsDirectory="7f51d71f-8e45-48e9-81b0-e3b6b2c3218d" />
    <UnitTestResult executionId="a0da959b-cb5e-4dfc-9836-f91320b6395e" testId="300f7fbc-52a0-5545-ddb0-fc7ad262dc85" testName="SGuard.DataAnnotations.Tests.Attributes.SGuardMaxCountAttributeTests.ReturnsError_WhenCollectionCountIsGreaterThanZero" computerName="runnervmf4ws1" duration="00:00:00.0065730" startTime="2025-09-12T12:00:30.8682436+00:00" endTime="2025-09-12T12:00:30.8765891+00:00" testType="13cdc9d9-ddb5-4fa4-a97d-d965ccfc6d4b" outcome="Passed" testListId="8c84fa94-04c1-424b-9868-57a2d4851a1d" relativeResultsDirectory="a0da959b-cb5e-4dfc-9836-f91320b6395e" />
    <UnitTestResult executionId="4951720e-19e9-4506-92b0-63355e8cc079" testId="926ef732-1aa1-5a08-5893-23ee6117a9ac" testName="SGuard.DataAnnotations.Tests.DataAnnotation.ThrowIfTests.DataAnnotationsInValid_NullExceptionInstance_ThrowsArgumentNullExceptionAndDoesNotInvokeCallback" computerName="runnervmf4ws1" duration="00:00:00.0003322" startTime="2025-09-12T12:00:31.0400429+00:00" endTime="2025-09-12T12:00:31.0401643+00:00" testType="13cdc9d9-ddb5-4fa4-a97d-d965ccfc6d4b" outcome="Passed" testListId="8c84fa94-04c1-424b-9868-57a2d4851a1d" relativeResultsDirectory="4951720e-19e9-4506-92b0-63355e8cc079" />
    <UnitTestResult executionId="a4477175-b434-42ba-8555-3ba2d6f07790" testId="2a8fbf31-0ca2-e190-916c-cbcadfb34c4d" testName="SGuard.DataAnnotations.Tests.Attributes.SGuardEmailAddressAttributeTests.ReturnsSuccess_WhenValueIsCommonEmailProvider(email: &quot;user@yandex.com&quot;)" computerName="runnervmf4ws1" duration="00:00:00.0000059" startTime="2025-09-12T12:00:31.2290714+00:00" endTime="2025-09-12T12:00:31.2292288+00:00" testType="13cdc9d9-ddb5-4fa4-a97d-d965ccfc6d4b" outcome="Passed" testListId="8c84fa94-04c1-424b-9868-57a2d4851a1d" relativeResultsDirectory="a4477175-b434-42ba-8555-3ba2d6f07790" />
    <UnitTestResult executionId="3c00f0d5-0fd8-4540-ae0c-838b358d6af2" testId="bb86542c-3e76-c608-0153-01d9417953db" testName="SGuard.DataAnnotations.Tests.Attributes.SGuardCollectionItemsMatchAttributeTests.ReturnsError_OnFirstInvalidItem_WhenAggregateAllErrorsFalse" computerName="runnervmf4ws1" duration="00:00:00.0003677" startTime="2025-09-12T12:00:30.7667540+00:00" endTime="2025-09-12T12:00:30.7668604+00:00" testType="13cdc9d9-ddb5-4fa4-a97d-d965ccfc6d4b" outcome="Passed" testListId="8c84fa94-04c1-424b-9868-57a2d4851a1d" relativeResultsDirectory="3c00f0d5-0fd8-4540-ae0c-838b358d6af2" />
    <UnitTestResult executionId="6b16d567-8144-4a02-80b5-1dc95cf6fc97" testId="463584a4-e8ba-f39e-0c4f-2b29bd1729ef" testName="SGuard.DataAnnotations.Tests.Attributes.SGuardEmailAddressAttributeTests.ContactForm_BusinessEmail_Success" computerName="runnervmf4ws1" duration="00:00:00.0001649" startTime="2025-09-12T12:00:31.3881053+00:00" endTime="2025-09-12T12:00:31.3882457+00:00" testType="13cdc9d9-ddb5-4fa4-a97d-d965ccfc6d4b" outcome="Passed" testListId="8c84fa94-04c1-424b-9868-57a2d4851a1d" relativeResultsDirectory="6b16d567-8144-4a02-80b5-1dc95cf6fc97" />
    <UnitTestResult executionId="861295ae-5f9e-4a9a-b446-fc8d1184c2d7" testId="b0de6877-7369-beb8-bfcb-699e4af08d17" testName="SGuard.DataAnnotations.Tests.Attributes.SGuardBetweenAttributeTests.ReturnsError_WhenValueIsNotComparable" computerName="runnervmf4ws1" duration="00:00:00.0002392" startTime="2025-09-12T12:00:30.8733038+00:00" endTime="2025-09-12T12:00:30.8734010+00:00" testType="13cdc9d9-ddb5-4fa4-a97d-d965ccfc6d4b" outcome="Passed" testListId="8c84fa94-04c1-424b-9868-57a2d4851a1d" relativeResultsDirectory="861295ae-5f9e-4a9a-b446-fc8d1184c2d7" />
    <UnitTestResult executionId="86316efc-bab4-4791-85a5-ef654635ebd3" testId="2a3930db-30f0-5441-9b21-5ddb855435ef" testName="SGuard.DataAnnotations.Tests.Attributes.SGuardEmailAddressAttributeTests.ReturnsError_WhenValueIsInvalidEmail" computerName="runnervmf4ws1" duration="00:00:00.0001413" startTime="2025-09-12T12:00:31.3917543+00:00" endTime="2025-09-12T12:00:31.3918963+00:00" testType="13cdc9d9-ddb5-4fa4-a97d-d965ccfc6d4b" outcome="Passed" testListId="8c84fa94-04c1-424b-9868-57a2d4851a1d" relativeResultsDirectory="86316efc-bab4-4791-85a5-ef654635ebd3" />
    <UnitTestResult executionId="be5d142d-90f4-4f1c-9e01-9f2baab8fb98" testId="6b29304a-704e-4700-c826-15ad3f573c5c" testName="SGuard.DataAnnotations.Tests.Attributes.SGuardCreditCardAttributeTests.ReturnsError_WhenOnlyWhitespace" computerName="runnervmf4ws1" duration="00:00:00.0001466" startTime="2025-09-12T12:00:30.9670069+00:00" endTime="2025-09-12T12:00:30.9671566+00:00" testType="13cdc9d9-ddb5-4fa4-a97d-d965ccfc6d4b" outcome="Passed" testListId="8c84fa94-04c1-424b-9868-57a2d4851a1d" relativeResultsDirectory="be5d142d-90f4-4f1c-9e01-9f2baab8fb98" />
    <UnitTestResult executionId="32fafed5-8ba1-4c37-8b8c-2817a90010b5" testId="5a51352c-3de9-808e-63ee-89577a10f209" testName="SGuard.DataAnnotations.Tests.Attributes.SGuardRangeAttributeTests.ReturnsError_WhenIntValueIsAboveRange" computerName="runnervmf4ws1" duration="00:00:00.0001438" startTime="2025-09-12T12:00:31.0509942+00:00" endTime="2025-09-12T12:00:31.0511446+00:00" testType="13cdc9d9-ddb5-4fa4-a97d-d965ccfc6d4b" outcome="Passed" testListId="8c84fa94-04c1-424b-9868-57a2d4851a1d" relativeResultsDirectory="32fafed5-8ba1-4c37-8b8c-2817a90010b5" />
    <UnitTestResult executionId="149b0467-ff08-4681-aa3b-07676818734f" testId="41a84c1e-5a9a-50f8-afd2-e1d1876eb648" testName="SGuard.DataAnnotations.Tests.Attributes.SGuardBetweenAttributeTests.ReturnsLocalizedErrorMessage_WhenCultureIsSet(culture: &quot;ru&quot;)" computerName="runnervmf4ws1" duration="00:00:00.0003132" startTime="2025-09-12T12:00:30.8270745+00:00" endTime="2025-09-12T12:00:30.8271788+00:00" testType="13cdc9d9-ddb5-4fa4-a97d-d965ccfc6d4b" outcome="Passed" testListId="8c84fa94-04c1-424b-9868-57a2d4851a1d" relativeResultsDirectory="149b0467-ff08-4681-aa3b-07676818734f" />
    <UnitTestResult executionId="5f66bfce-9668-4472-96da-98bb82df68cc" testId="61359edb-5c48-88c2-762f-54ff8f83ac8f" testName="SGuard.DataAnnotations.Tests.Attributes.SGuardCreditCardAttributeTests.ReturnsError_WhenValueIsInvalidTestCreditCard(cardNumber: &quot;4000000000000001&quot;)" computerName="runnervmf4ws1" duration="00:00:00.0000171" startTime="2025-09-12T12:00:30.9296571+00:00" endTime="2025-09-12T12:00:30.9297654+00:00" testType="13cdc9d9-ddb5-4fa4-a97d-d965ccfc6d4b" outcome="Passed" testListId="8c84fa94-04c1-424b-9868-57a2d4851a1d" relativeResultsDirectory="5f66bfce-9668-4472-96da-98bb82df68cc" />
    <UnitTestResult executionId="354c0efc-7ecb-4c1a-87b7-3263593ef513" testId="842e542c-40fa-3c20-0411-bbfe8c1ae453" testName="SGuard.DataAnnotations.Tests.Attributes.SGuardRequiredIfAttributeTests.ReturnsError_WhenDependentPropertyDoesNotExist" computerName="runnervmf4ws1" duration="00:00:00.0001867" startTime="2025-09-12T12:00:31.1740778+00:00" endTime="2025-09-12T12:00:31.1756625+00:00" testType="13cdc9d9-ddb5-4fa4-a97d-d965ccfc6d4b" outcome="Passed" testListId="8c84fa94-04c1-424b-9868-57a2d4851a1d" relativeResultsDirectory="354c0efc-7ecb-4c1a-87b7-3263593ef513" />
    <UnitTestResult executionId="a1314f57-8724-401e-a8e4-7f8f8ae789cb" testId="b8d143d7-356a-1975-988e-a663564ec905" testName="SGuard.DataAnnotations.Tests.Attributes.SGuardCompareAttributeTests.Constructor_SetsPropertiesCorrectly" computerName="runnervmf4ws1" duration="00:00:00.0001362" startTime="2025-09-12T12:00:31.0914431+00:00" endTime="2025-09-12T12:00:31.0916030+00:00" testType="13cdc9d9-ddb5-4fa4-a97d-d965ccfc6d4b" outcome="Passed" testListId="8c84fa94-04c1-424b-9868-57a2d4851a1d" relativeResultsDirectory="a1314f57-8724-401e-a8e4-7f8f8ae789cb" />
    <UnitTestResult executionId="84d643c6-82ff-45db-81cd-4ea097fec14a" testId="64a8ba0e-13fa-43a2-4028-da53eca3fc4b" testName="SGuard.DataAnnotations.Tests.Attributes.SGuardCollectionItemsMatchAttributeTests.ReturnsAllErrors_WhenAggregateAllErrorsTrue" computerName="runnervmf4ws1" duration="00:00:00.0082539" startTime="2025-09-12T12:00:30.7684314+00:00" endTime="2025-09-12T12:00:30.8118276+00:00" testType="13cdc9d9-ddb5-4fa4-a97d-d965ccfc6d4b" outcome="Passed" testListId="8c84fa94-04c1-424b-9868-57a2d4851a1d" relativeResultsDirectory="84d643c6-82ff-45db-81cd-4ea097fec14a" />
    <UnitTestResult executionId="cd5da873-7d9a-44a9-ac33-abf41526cfea" testId="a08e760c-58a4-705b-7818-14cc52b1e625" testName="SGuard.DataAnnotations.Tests.Attributes.SGuardUrlAttributeTests.ThrowsArgumentNullException_WhenResourceNameIsNull" computerName="runnervmf4ws1" duration="00:00:00.0002297" startTime="2025-09-12T12:00:30.8112279+00:00" endTime="2025-09-12T12:00:30.8113268+00:00" testType="13cdc9d9-ddb5-4fa4-a97d-d965ccfc6d4b" outcome="Passed" testListId="8c84fa94-04c1-424b-9868-57a2d4851a1d" relativeResultsDirectory="cd5da873-7d9a-44a9-ac33-abf41526cfea" />
    <UnitTestResult executionId="1c920cf7-0d17-4e19-8665-4143729803b0" testId="17a56aef-557c-a84b-5008-a1b60c5b5a7c" testName="SGuard.DataAnnotations.Tests.Attributes.SGuardValidationAttributeBaseFallbackTests.Returns_FallbackMessage_IfBothResourcesMissing_AndFallbackMessageSet" computerName="runnervmf4ws1" duration="00:00:00.0005174" startTime="2025-09-12T12:00:30.8219139+00:00" endTime="2025-09-12T12:00:30.8220270+00:00" testType="13cdc9d9-ddb5-4fa4-a97d-d965ccfc6d4b" outcome="Passed" testListId="8c84fa94-04c1-424b-9868-57a2d4851a1d" relativeResultsDirectory="1c920cf7-0d17-4e19-8665-4143729803b0" />
    <UnitTestResult executionId="aabb3a3e-b5a2-4581-b412-9b744a743f69" testId="1785d446-9166-80a3-a691-86d4e815eb37" testName="SGuard.DataAnnotations.Tests.Attributes.SGuardRequiredCollectionAttributeTests.ReturnsSuccess_WhenIEnumerableIsNotEmpty" computerName="runnervmf4ws1" duration="00:00:00.0031110" startTime="2025-09-12T12:00:31.2144376+00:00" endTime="2025-09-12T12:00:31.2221450+00:00" testType="13cdc9d9-ddb5-4fa4-a97d-d965ccfc6d4b" outcome="Passed" testListId="8c84fa94-04c1-424b-9868-57a2d4851a1d" relativeResultsDirectory="aabb3a3e-b5a2-4581-b412-9b744a743f69" />
    <UnitTestResult executionId="20cb7b10-7255-4f02-8c49-d5f26c267f12" testId="da46ef01-15e9-67b6-3316-0d87c8eb81a2" testName="SGuard.DataAnnotations.Tests.Attributes.SGuardBetweenAttributeTests.ReturnsLocalizedErrorMessage_WhenCultureIsSet(culture: &quot;hi&quot;)" computerName="runnervmf4ws1" duration="00:00:00.0002095" startTime="2025-09-12T12:00:30.8308688+00:00" endTime="2025-09-12T12:00:30.8309707+00:00" testType="13cdc9d9-ddb5-4fa4-a97d-d965ccfc6d4b" outcome="Passed" testListId="8c84fa94-04c1-424b-9868-57a2d4851a1d" relativeResultsDirectory="20cb7b10-7255-4f02-8c49-d5f26c267f12" />
    <UnitTestResult executionId="82b7de71-d989-4f0e-83ec-9544c681acac" testId="d3c42e9a-5225-3efb-100a-a789c8adde2f" testName="SGuard.DataAnnotations.Tests.Attributes.SGuardEmailAddressAttributeTests.Constructor_ThrowsArgumentNullException_WhenResourceNameIsNull" computerName="runnervmf4ws1" duration="00:00:00.0002046" startTime="2025-09-12T12:00:31.3934345+00:00" endTime="2025-09-12T12:00:31.3936042+00:00" testType="13cdc9d9-ddb5-4fa4-a97d-d965ccfc6d4b" outcome="Passed" testListId="8c84fa94-04c1-424b-9868-57a2d4851a1d" relativeResultsDirectory="82b7de71-d989-4f0e-83ec-9544c681acac" />
    <UnitTestResult executionId="f2e68fcc-2e8e-48f9-98bd-eaca319df94b" testId="5f026a22-c8d0-28d9-a261-3c20625721a0" testName="SGuard.DataAnnotations.Tests.Attributes.SGuardBetweenAttributeTests.ReturnsSuccess_WhenValueIsWithinExclusiveRange" computerName="runnervmf4ws1" duration="00:00:00.0001462" startTime="2025-09-12T12:00:30.8662316+00:00" endTime="2025-09-12T12:00:30.8663261+00:00" testType="13cdc9d9-ddb5-4fa4-a97d-d965ccfc6d4b" outcome="Passed" testListId="8c84fa94-04c1-424b-9868-57a2d4851a1d" relativeResultsDirectory="f2e68fcc-2e8e-48f9-98bd-eaca319df94b" />
    <UnitTestResult executionId="7bdc8ab2-2ed9-4c24-be17-1de3de5333aa" testId="69c491e7-162a-f54d-99dd-afee817e1235" testName="SGuard.DataAnnotations.Tests.Attributes.SGuardCreditCardAttributeTests.Constructor_ThrowsArgumentNullException_WhenResourceNameIsNull" computerName="runnervmf4ws1" duration="00:00:00.0002878" startTime="2025-09-12T12:00:30.9749262+00:00" endTime="2025-09-12T12:00:30.9750142+00:00" testType="13cdc9d9-ddb5-4fa4-a97d-d965ccfc6d4b" outcome="Passed" testListId="8c84fa94-04c1-424b-9868-57a2d4851a1d" relativeResultsDirectory="7bdc8ab2-2ed9-4c24-be17-1de3de5333aa" />
    <UnitTestResult executionId="3e4b5699-e872-4c1f-8915-7cbe3eb1f057" testId="5a21f228-0b6a-afc8-022e-c647ad676449" testName="SGuard.DataAnnotations.Tests.Attributes.SGuardPhoneAttributeTests.ThrowsArgumentNullException_WhenResourceTypeIsNull" computerName="runnervmf4ws1" duration="00:00:00.0002337" startTime="2025-09-12T12:00:30.9846006+00:00" endTime="2025-09-12T12:00:30.9846904+00:00" testType="13cdc9d9-ddb5-4fa4-a97d-d965ccfc6d4b" outcome="Passed" testListId="8c84fa94-04c1-424b-9868-57a2d4851a1d" relativeResultsDirectory="3e4b5699-e872-4c1f-8915-7cbe3eb1f057" />
    <UnitTestResult executionId="f2c8dbdf-56ae-4904-998b-c796f87c08a6" testId="052fbaf2-ac23-e86c-59a1-da3094f996ac" testName="SGuard.DataAnnotations.Tests.Attributes.SGuardMinLengthAttributeTests.ReturnsLocalizedErrorMessage_WhenCultureIsSetToTurkish" computerName="runnervmf4ws1" duration="00:00:00.0379912" startTime="2025-09-12T12:00:30.6810766+00:00" endTime="2025-09-12T12:00:30.7685562+00:00" testType="13cdc9d9-ddb5-4fa4-a97d-d965ccfc6d4b" outcome="Passed" testListId="8c84fa94-04c1-424b-9868-57a2d4851a1d" relativeResultsDirectory="f2c8dbdf-56ae-4904-998b-c796f87c08a6" />
    <UnitTestResult executionId="f3921d27-ad08-4ab5-94f2-ff4daf86d066" testId="9aea3422-ef2f-af26-c04c-ddc619d25e3f" testName="SGuard.DataAnnotations.Tests.Attributes.SGuardEmailAddressAttributeTests.ReturnsSuccess_WhenValueIsCommonEmailProvider(email: &quot;user@gmail.com&quot;)" computerName="runnervmf4ws1" duration="00:00:00.0000085" startTime="2025-09-12T12:00:31.2517737+00:00" endTime="2025-09-12T12:00:31.2541349+00:00" testType="13cdc9d9-ddb5-4fa4-a97d-d965ccfc6d4b" outcome="Passed" testListId="8c84fa94-04c1-424b-9868-57a2d4851a1d" relativeResultsDirectory="f3921d27-ad08-4ab5-94f2-ff4daf86d066" />
    <UnitTestResult executionId="bdb0b92a-ad8a-4709-867b-4fc65bc625b3" testId="3c3bfa14-9fb7-b6cc-5a7a-5faef4a5c2c7" testName="SGuard.DataAnnotations.Tests.Attributes.SGuardMinCountAttributeTests.ReturnsError_WhenArrayCountIsLessThanMin" computerName="runnervmf4ws1" duration="00:00:00.0001466" startTime="2025-09-12T12:00:30.9059514+00:00" endTime="2025-09-12T12:00:30.9060079+00:00" testType="13cdc9d9-ddb5-4fa4-a97d-d965ccfc6d4b" outcome="Passed" testListId="8c84fa94-04c1-424b-9868-57a2d4851a1d" relativeResultsDirectory="bdb0b92a-ad8a-4709-867b-4fc65bc625b3" />
    <UnitTestResult executionId="a24df022-ae26-43d9-aa0f-ac2930f1d0da" testId="266cbee7-f68f-4b26-f221-d20b6f814953" testName="SGuard.DataAnnotations.Tests.Attributes.SGuardMaxCountAttributeTests.ReturnsSuccess_WhenCollectionCountIsZero" computerName="runnervmf4ws1" duration="00:00:00.0002971" startTime="2025-09-12T12:00:30.8592332+00:00" endTime="2025-09-12T12:00:30.8603453+00:00" testType="13cdc9d9-ddb5-4fa4-a97d-d965ccfc6d4b" outcome="Passed" testListId="8c84fa94-04c1-424b-9868-57a2d4851a1d" relativeResultsDirectory="a24df022-ae26-43d9-aa0f-ac2930f1d0da" />
    <UnitTestResult executionId="ab989d7e-4618-443b-88ae-868655941622" testId="854cdc07-b7a1-9b9b-497b-dfad4353eb25" testName="SGuard.DataAnnotations.Tests.Attributes.SGuardBetweenAttributeTests.WorksWithPrivateProperties" computerName="runnervmf4ws1" duration="00:00:00.0033445" startTime="2025-09-12T12:00:30.8503364+00:00" endTime="2025-09-12T12:00:30.8593340+00:00" testType="13cdc9d9-ddb5-4fa4-a97d-d965ccfc6d4b" outcome="Passed" testListId="8c84fa94-04c1-424b-9868-57a2d4851a1d" relativeResultsDirectory="ab989d7e-4618-443b-88ae-868655941622" />
    <UnitTestResult executionId="d0731c24-3786-4cfc-9207-9388e118beb0" testId="9aac4807-4daa-bbfa-7299-7e6fd8331b3a" testName="SGuard.DataAnnotations.Tests.Attributes.SGuardLessThanAttributeTests.ReturnsSuccess_WhenValueIsLessThanOther" computerName="runnervmf4ws1" duration="00:00:00.0055829" startTime="2025-09-12T12:00:31.0673147+00:00" endTime="2025-09-12T12:00:31.0885722+00:00" testType="13cdc9d9-ddb5-4fa4-a97d-d965ccfc6d4b" outcome="Passed" testListId="8c84fa94-04c1-424b-9868-57a2d4851a1d" relativeResultsDirectory="d0731c24-3786-4cfc-9207-9388e118beb0" />
    <UnitTestResult executionId="1db17eb9-3511-4ac0-91f7-6bd7702ff8a4" testId="97cc8c61-e7e0-43ce-a7ae-b4abe6d55000" testName="SGuard.DataAnnotations.Tests.Attributes.SGuardCompareAttributeTests.ReturnsLocalizedErrorMessage_WhenCultureIsSet(culture: &quot;hi&quot;)" computerName="runnervmf4ws1" duration="00:00:00.0000176" startTime="2025-09-12T12:00:31.1222674+00:00" endTime="2025-09-12T12:00:31.1224240+00:00" testType="13cdc9d9-ddb5-4fa4-a97d-d965ccfc6d4b" outcome="Passed" testListId="8c84fa94-04c1-424b-9868-57a2d4851a1d" relativeResultsDirectory="1db17eb9-3511-4ac0-91f7-6bd7702ff8a4" />
    <UnitTestResult executionId="dc934ec2-f82c-4717-bc8c-73a38474a0f8" testId="08dec1a1-67c0-62c5-1c24-4c823c013f45" testName="SGuard.DataAnnotations.Tests.Attributes.SGuardStringLengthAttributeTests.ThrowsArgumentNullException_WhenResourceTypeIsNull" computerName="runnervmf4ws1" duration="00:00:00.0002674" startTime="2025-09-12T12:00:31.1318547+00:00" endTime="2025-09-12T12:00:31.1334438+00:00" testType="13cdc9d9-ddb5-4fa4-a97d-d965ccfc6d4b" outcome="Passed" testListId="8c84fa94-04c1-424b-9868-57a2d4851a1d" relativeResultsDirectory="dc934ec2-f82c-4717-bc8c-73a38474a0f8" />
    <UnitTestResult executionId="432220bc-21d3-44ef-a77f-26efe544cab7" testId="947b8e8c-07a1-6110-57f3-f69789a0ce3b" testName="SGuard.DataAnnotations.Tests.Attributes.SGuardCreditCardAttributeTests.ReturnsError_WhenValueIsInvalidCreditCard" computerName="runnervmf4ws1" duration="00:00:00.0001225" startTime="2025-09-12T12:00:31.0323428+00:00" endTime="2025-09-12T12:00:31.0325197+00:00" testType="13cdc9d9-ddb5-4fa4-a97d-d965ccfc6d4b" outcome="Passed" testListId="8c84fa94-04c1-424b-9868-57a2d4851a1d" relativeResultsDirectory="432220bc-21d3-44ef-a77f-26efe544cab7" />
    <UnitTestResult executionId="a5e4c3b3-cb9e-4871-8e18-815f9c86e6a0" testId="4c1e9bff-f35f-1caa-f44a-f5d06b2960b8" testName="SGuard.DataAnnotations.Tests.Attributes.SGuardCreditCardAttributeTests.ReturnsSuccess_WhenValueIsValidTestCreditCard(cardNumber: &quot;371449635398431&quot;)" computerName="runnervmf4ws1" duration="00:00:00.0000050" startTime="2025-09-12T12:00:30.9172597+00:00" endTime="2025-09-12T12:00:30.9173611+00:00" testType="13cdc9d9-ddb5-4fa4-a97d-d965ccfc6d4b" outcome="Passed" testListId="8c84fa94-04c1-424b-9868-57a2d4851a1d" relativeResultsDirectory="a5e4c3b3-cb9e-4871-8e18-815f9c86e6a0" />
    <UnitTestResult executionId="8c198a22-5a9e-4beb-8f67-dac1dfae5e84" testId="6baebac7-a80a-bf62-b229-fb70ad830fff" testName="SGuard.DataAnnotations.Tests.Attributes.SGuardCreditCardAttributeTests.ReturnsSuccess_WhenValueIsValidDiscover" computerName="runnervmf4ws1" duration="00:00:00.0001231" startTime="2025-09-12T12:00:30.9975896+00:00" endTime="2025-09-12T12:00:30.9976745+00:00" testType="13cdc9d9-ddb5-4fa4-a97d-d965ccfc6d4b" outcome="Passed" testListId="8c84fa94-04c1-424b-9868-57a2d4851a1d" relativeResultsDirectory="8c198a22-5a9e-4beb-8f67-dac1dfae5e84" />
    <UnitTestResult executionId="c911c19c-78e9-4008-9660-b90feff348c9" testId="88b28e5a-c571-d1c3-3fe0-6f8671929713" testName="SGuard.DataAnnotations.Tests.Attributes.SGuardCreditCardAttributeTests.ReturnsSuccess_WhenValueIsValidTestCreditCard(cardNumber: &quot;3530111333300000&quot;)" computerName="runnervmf4ws1" duration="00:00:00.0000058" startTime="2025-09-12T12:00:30.9209670+00:00" endTime="2025-09-12T12:00:30.9210694+00:00" testType="13cdc9d9-ddb5-4fa4-a97d-d965ccfc6d4b" outcome="Passed" testListId="8c84fa94-04c1-424b-9868-57a2d4851a1d" relativeResultsDirectory="c911c19c-78e9-4008-9660-b90feff348c9" />
    <UnitTestResult executionId="4d85a4d1-d02a-4f3b-832c-f18bd49bd3c6" testId="83224292-1ad2-5a31-0125-83f3c1a60c2f" testName="SGuard.DataAnnotations.Tests.Attributes.SGuardCompareAttributeTests.ReturnsLocalizedErrorMessage_WhenCultureIsSet(culture: &quot;ru&quot;)" computerName="runnervmf4ws1" duration="00:00:00.0000150" startTime="2025-09-12T12:00:31.1234224+00:00" endTime="2025-09-12T12:00:31.1235327+00:00" testType="13cdc9d9-ddb5-4fa4-a97d-d965ccfc6d4b" outcome="Passed" testListId="8c84fa94-04c1-424b-9868-57a2d4851a1d" relativeResultsDirectory="4d85a4d1-d02a-4f3b-832c-f18bd49bd3c6" />
    <UnitTestResult executionId="9e4f70a4-04aa-41f1-8531-31c45d11e3a2" testId="06fc1c43-f2dd-b88e-c2dd-1a195de41cd7" testName="SGuard.DataAnnotations.Tests.Attributes.SGuardMaxCountAttributeTests.ReturnsLocalizedErrorMessage_WhenCultureIsSetToTurkish" computerName="runnervmf4ws1" duration="00:00:00.0041137" startTime="2025-09-12T12:00:30.8807391+00:00" endTime="2025-09-12T12:00:30.8999690+00:00" testType="13cdc9d9-ddb5-4fa4-a97d-d965ccfc6d4b" outcome="Passed" testListId="8c84fa94-04c1-424b-9868-57a2d4851a1d" relativeResultsDirectory="9e4f70a4-04aa-41f1-8531-31c45d11e3a2" />
    <UnitTestResult executionId="f62c9dee-1610-461b-98ec-e27211009721" testId="41d1dc10-037d-3140-006f-371abcd3b22f" testName="SGuard.DataAnnotations.Tests.Attributes.SGuardEmailAddressAttributeTests.Constructor_ThrowsArgumentNullException_WhenResourceTypeIsNull" computerName="runnervmf4ws1" duration="00:00:00.0024220" startTime="2025-09-12T12:00:31.3780729+00:00" endTime="2025-09-12T12:00:31.3782170+00:00" testType="13cdc9d9-ddb5-4fa4-a97d-d965ccfc6d4b" outcome="Passed" testListId="8c84fa94-04c1-424b-9868-57a2d4851a1d" relativeResultsDirectory="f62c9dee-1610-461b-98ec-e27211009721" />
    <UnitTestResult executionId="fe78dcd0-6f95-4a33-82ac-6f4320c66122" testId="9a3ba042-81f0-07de-a3a1-069d148d7251" testName="SGuard.DataAnnotations.Tests.Attributes.SGuardMaxCountAttributeTests.ReturnsError_WhenListCountExceedsMax" computerName="runnervmf4ws1" duration="00:00:00.0002783" startTime="2025-09-12T12:00:30.8582146+00:00" endTime="2025-09-12T12:00:30.8583197+00:00" testType="13cdc9d9-ddb5-4fa4-a97d-d965ccfc6d4b" outcome="Passed" testListId="8c84fa94-04c1-424b-9868-57a2d4851a1d" relativeResultsDirectory="fe78dcd0-6f95-4a33-82ac-6f4320c66122" />
    <UnitTestResult executionId="f320c1e9-0ce9-4373-8a9e-2925e48138f2" testId="95ec617d-b08d-0649-afda-d3d7776231dc" testName="SGuard.DataAnnotations.Tests.Attributes.SGuardCreditCardAttributeTests.ReturnsError_WhenValueIsTooShort" computerName="runnervmf4ws1" duration="00:00:00.0001265" startTime="2025-09-12T12:00:30.9684870+00:00" endTime="2025-09-12T12:00:30.9686471+00:00" testType="13cdc9d9-ddb5-4fa4-a97d-d965ccfc6d4b" outcome="Passed" testListId="8c84fa94-04c1-424b-9868-57a2d4851a1d" relativeResultsDirectory="f320c1e9-0ce9-4373-8a9e-2925e48138f2" />
    <UnitTestResult executionId="44b7a7d4-edbb-47bd-b299-df47774aff65" testId="1b3d778a-44d9-4efe-03a7-1b9c70fd51b6" testName="SGuard.DataAnnotations.Tests.Attributes.SGuardCollectionItemsMatchAttributeTests.ReturnsSuccess_WhenCollectionIsNull" computerName="runnervmf4ws1" duration="00:00:00.0002553" startTime="2025-09-12T12:00:30.8148906+00:00" endTime="2025-09-12T12:00:30.8149803+00:00" testType="13cdc9d9-ddb5-4fa4-a97d-d965ccfc6d4b" outcome="Passed" testListId="8c84fa94-04c1-424b-9868-57a2d4851a1d" relativeResultsDirectory="44b7a7d4-edbb-47bd-b299-df47774aff65" />
    <UnitTestResult executionId="835892ed-29f2-47bc-a4be-653e6501d802" testId="85d99a8d-e19e-612f-f0c5-453b8800a3c4" testName="SGuard.DataAnnotations.Tests.Attributes.SGuardBetweenAttributeTests.ReturnsLocalizedErrorMessage_WhenCultureIsSet(culture: &quot;de&quot;)" computerName="runnervmf4ws1" duration="00:00:00.0051670" startTime="2025-09-12T12:00:30.8208260+00:00" endTime="2025-09-12T12:00:30.8252773+00:00" testType="13cdc9d9-ddb5-4fa4-a97d-d965ccfc6d4b" outcome="Passed" testListId="8c84fa94-04c1-424b-9868-57a2d4851a1d" relativeResultsDirectory="835892ed-29f2-47bc-a4be-653e6501d802" />
    <UnitTestResult executionId="d7e32044-3eb7-4d6e-8451-ee4a1d517a61" testId="f3ac6f73-8ee9-7ee9-1035-8a2abdbf5eaa" testName="SGuard.DataAnnotations.Tests.Attributes.SGuardRequiredCollectionAttributeTests.ReturnsSuccess_WhenDictionaryIsNotEmpty" computerName="runnervmf4ws1" duration="00:00:00.0001603" startTime="2025-09-12T12:00:31.2834001+00:00" endTime="2025-09-12T12:00:31.2849185+00:00" testType="13cdc9d9-ddb5-4fa4-a97d-d965ccfc6d4b" outcome="Passed" testListId="8c84fa94-04c1-424b-9868-57a2d4851a1d" relativeResultsDirectory="d7e32044-3eb7-4d6e-8451-ee4a1d517a61" />
    <UnitTestResult executionId="0be5e68b-3bb2-440b-99bc-4f88cdfb6945" testId="1a721b5c-3d09-5ac7-2dc9-85146d3f176d" testName="SGuard.DataAnnotations.Tests.Attributes.SGuardUrlAttributeTests.ReturnsError_WhenValueIsWhitespaceString" computerName="runnervmf4ws1" duration="00:00:00.0246446" startTime="2025-09-12T12:00:30.6790668+00:00" endTime="2025-09-12T12:00:30.6858572+00:00" testType="13cdc9d9-ddb5-4fa4-a97d-d965ccfc6d4b" outcome="Passed" testListId="8c84fa94-04c1-424b-9868-57a2d4851a1d" relativeResultsDirectory="0be5e68b-3bb2-440b-99bc-4f88cdfb6945" />
    <UnitTestResult executionId="484fa833-5ade-4caa-9825-82fc7da85e51" testId="e54af1a4-2187-47bd-06ab-7b48b0cdb6e0" testName="SGuard.DataAnnotations.Tests.Attributes.SGuardMinCountAttributeTests.ReturnsSuccess_WhenValueIsNullAndMinIsZero" computerName="runnervmf4ws1" duration="00:00:00.0001370" startTime="2025-09-12T12:00:30.9065797+00:00" endTime="2025-09-12T12:00:30.9066351+00:00" testType="13cdc9d9-ddb5-4fa4-a97d-d965ccfc6d4b" outcome="Passed" testListId="8c84fa94-04c1-424b-9868-57a2d4851a1d" relativeResultsDirectory="484fa833-5ade-4caa-9825-82fc7da85e51" />
    <UnitTestResult executionId="ecc5232c-b363-4790-bb09-f0485f3eacc4" testId="7e4292f7-6425-1e35-7f1d-4be9ff6ec305" testName="SGuard.DataAnnotations.Tests.Attributes.SGuardBetweenAttributeTests.WorksWithDecimalValues_Inclusive" computerName="runnervmf4ws1" duration="00:00:00.0046277" startTime="2025-09-12T12:00:30.8764532+00:00" endTime="2025-09-12T12:00:30.8773595+00:00" testType="13cdc9d9-ddb5-4fa4-a97d-d965ccfc6d4b" outcome="Passed" testListId="8c84fa94-04c1-424b-9868-57a2d4851a1d" relativeResultsDirectory="ecc5232c-b363-4790-bb09-f0485f3eacc4" />
    <UnitTestResult executionId="1c8a2421-85a4-4a29-8af9-59cb04c9abda" testId="0bc4453e-2c79-f8e9-bf2d-cc45da7340c2" testName="SGuard.DataAnnotations.Tests.Attributes.SGuardCreditCardAttributeTests.ReturnsSuccess_WhenValueHasDashes" computerName="runnervmf4ws1" duration="00:00:00.0001230" startTime="2025-09-12T12:00:31.0363755+00:00" endTime="2025-09-12T12:00:31.0365302+00:00" testType="13cdc9d9-ddb5-4fa4-a97d-d965ccfc6d4b" outcome="Passed" testListId="8c84fa94-04c1-424b-9868-57a2d4851a1d" relativeResultsDirectory="1c8a2421-85a4-4a29-8af9-59cb04c9abda" />
    <UnitTestResult executionId="413f1c73-a6c2-449b-bffb-36eb096c805e" testId="35e180e0-97c7-14cc-9717-39e2851aa539" testName="SGuard.DataAnnotations.Tests.Attributes.SGuardBetweenAttributeTests.HandlesEqualMinMaxValues_Inclusive" computerName="runnervmf4ws1" duration="00:00:00.0001388" startTime="2025-09-12T12:00:30.8868256+00:00" endTime="2025-09-12T12:00:30.8869344+00:00" testType="13cdc9d9-ddb5-4fa4-a97d-d965ccfc6d4b" outcome="Passed" testListId="8c84fa94-04c1-424b-9868-57a2d4851a1d" relativeResultsDirectory="413f1c73-a6c2-449b-bffb-36eb096c805e" />
    <UnitTestResult executionId="2589210f-6d59-4a33-b8d7-a489da7be900" testId="c5ed57ff-87cb-dec0-b133-e0b71b61e798" testName="SGuard.DataAnnotations.Tests.Attributes.SGuardMaxLengthAttributeTests.ThrowsArgumentNullException_WhenResourceTypeIsNull" computerName="runnervmf4ws1" duration="00:00:00.0001932" startTime="2025-09-12T12:00:31.1990820+00:00" endTime="2025-09-12T12:00:31.2002576+00:00" testType="13cdc9d9-ddb5-4fa4-a97d-d965ccfc6d4b" outcome="Passed" testListId="8c84fa94-04c1-424b-9868-57a2d4851a1d" relativeResultsDirectory="2589210f-6d59-4a33-b8d7-a489da7be900" />
    <UnitTestResult executionId="82f9feb3-1ef3-4187-84d6-4ac39ee12e1b" testId="05ab67e4-8ef9-bbb5-d5d0-cc77092beeaa" testName="SGuard.DataAnnotations.Tests.Attributes.SGuardBetweenAttributeTests.ReturnsError_WhenValueIsOnBounds_Exclusive" computerName="runnervmf4ws1" duration="00:00:00.0001909" startTime="2025-09-12T12:00:30.8452586+00:00" endTime="2025-09-12T12:00:30.8453653+00:00" testType="13cdc9d9-ddb5-4fa4-a97d-d965ccfc6d4b" outcome="Passed" testListId="8c84fa94-04c1-424b-9868-57a2d4851a1d" relativeResultsDirectory="82f9feb3-1ef3-4187-84d6-4ac39ee12e1b" />
    <UnitTestResult executionId="b6ebe64c-85e9-49c3-adb9-92c7e3b0f8ae" testId="aa78dfd1-b18d-e06c-5b21-d652c8e05e3c" testName="SGuard.DataAnnotations.Tests.Attributes.SGuardMinCountAttributeTests.ThrowsArgumentOutOfRangeException_WhenMinCountIsNegative" computerName="runnervmf4ws1" duration="00:00:00.0002892" startTime="2025-09-12T12:00:30.9071576+00:00" endTime="2025-09-12T12:00:30.9072103+00:00" testType="13cdc9d9-ddb5-4fa4-a97d-d965ccfc6d4b" outcome="Passed" testListId="8c84fa94-04c1-424b-9868-57a2d4851a1d" relativeResultsDirectory="b6ebe64c-85e9-49c3-adb9-92c7e3b0f8ae" />
    <UnitTestResult executionId="80a5532a-5b95-4dfb-96e1-f0e6115b71ce" testId="68a16536-98d2-0511-7116-864607bab0e2" testName="SGuard.DataAnnotations.Tests.Attributes.SGuardCompareAttributeTests.Constructor_ThrowsArgumentNullException_WhenOtherPropertyIsNull" computerName="runnervmf4ws1" duration="00:00:00.0002485" startTime="2025-09-12T12:00:31.1725002+00:00" endTime="2025-09-12T12:00:31.1742217+00:00" testType="13cdc9d9-ddb5-4fa4-a97d-d965ccfc6d4b" outcome="Passed" testListId="8c84fa94-04c1-424b-9868-57a2d4851a1d" relativeResultsDirectory="80a5532a-5b95-4dfb-96e1-f0e6115b71ce" />
    <UnitTestResult executionId="134daeeb-c41e-4a6f-9c5e-8087b96cdf56" testId="a53e0d07-c18c-8070-bdec-f7532c15812f" testName="SGuard.DataAnnotations.Tests.Attributes.SGuardCreditCardAttributeTests.ReturnsSuccess_WhenValueIsValidTestCreditCard(cardNumber: &quot;6011111111111117&quot;)" computerName="runnervmf4ws1" duration="00:00:00.0000048" startTime="2025-09-12T12:00:30.9181956+00:00" endTime="2025-09-12T12:00:30.9182968+00:00" testType="13cdc9d9-ddb5-4fa4-a97d-d965ccfc6d4b" outcome="Passed" testListId="8c84fa94-04c1-424b-9868-57a2d4851a1d" relativeResultsDirectory="134daeeb-c41e-4a6f-9c5e-8087b96cdf56" />
    <UnitTestResult executionId="e14b9016-8b21-4071-b759-41e1125a368d" testId="d44438ac-5ac5-1994-012e-9960a5cd4e40" testName="SGuard.DataAnnotations.Tests.Attributes.SGuardEmailAddressAttributeTests.ReturnsSuccess_WhenValueIsValidEmailFormat(email: &quot;user@subdomain.example.com&quot;)" computerName="runnervmf4ws1" duration="00:00:00.0000059" startTime="2025-09-12T12:00:31.3249323+00:00" endTime="2025-09-12T12:00:31.3250806+00:00" testType="13cdc9d9-ddb5-4fa4-a97d-d965ccfc6d4b" outcome="Passed" testListId="8c84fa94-04c1-424b-9868-57a2d4851a1d" relativeResultsDirectory="e14b9016-8b21-4071-b759-41e1125a368d" />
    <UnitTestResult executionId="452fb434-7459-4b5e-aed1-5c4cb8b53bf6" testId="eb281b4d-6a2a-646b-c915-1657012d455e" testName="SGuard.DataAnnotations.Tests.DataAnnotation.ThrowIfTests.DataAnnotationsInValid_NullCallback_DoesNotThrow" computerName="runnervmf4ws1" duration="00:00:00.0001979" startTime="2025-09-12T12:00:31.0442513+00:00" endTime="2025-09-12T12:00:31.0443879+00:00" testType="13cdc9d9-ddb5-4fa4-a97d-d965ccfc6d4b" outcome="Passed" testListId="8c84fa94-04c1-424b-9868-57a2d4851a1d" relativeResultsDirectory="452fb434-7459-4b5e-aed1-5c4cb8b53bf6" />
    <UnitTestResult executionId="6ee9f015-a154-43a8-b0b4-31a26cf42bf4" testId="7ecabcdb-f2bf-5e92-6c91-f6117e8a09af" testName="SGuard.DataAnnotations.Tests.Attributes.SGuardEmailAddressAttributeTests.ReturnsSuccess_WhenValueIsValidEmailFormat(email: &quot;user_name@domain-name.com&quot;)" computerName="runnervmf4ws1" duration="00:00:00.0000074" startTime="2025-09-12T12:00:31.3189782+00:00" endTime="2025-09-12T12:00:31.3191225+00:00" testType="13cdc9d9-ddb5-4fa4-a97d-d965ccfc6d4b" outcome="Passed" testListId="8c84fa94-04c1-424b-9868-57a2d4851a1d" relativeResultsDirectory="6ee9f015-a154-43a8-b0b4-31a26cf42bf4" />
    <UnitTestResult executionId="948af2e4-3f61-484e-9f5c-7ce5af815964" testId="0bd1c5ff-7470-d31e-7726-af166eb059fb" testName="SGuard.DataAnnotations.Tests.Attributes.SGuardCreditCardAttributeTests.ReturnsError_WhenValueHasSpecialCharacters" computerName="runnervmf4ws1" duration="00:00:00.0001350" startTime="2025-09-12T12:00:31.0350741+00:00" endTime="2025-09-12T12:00:31.0351978+00:00" testType="13cdc9d9-ddb5-4fa4-a97d-d965ccfc6d4b" outcome="Passed" testListId="8c84fa94-04c1-424b-9868-57a2d4851a1d" relativeResultsDirectory="948af2e4-3f61-484e-9f5c-7ce5af815964" />
    <UnitTestResult executionId="bebe7414-84f1-42d5-bf5c-6e54de9d68f1" testId="0c7ed41a-0fec-962f-fb03-8fb57bf9a0b3" testName="SGuard.DataAnnotations.Tests.Attributes.SGuardEmailAddressAttributeTests.ReturnsSuccess_WhenValueIsCommonEmailProvider(email: &quot;user@aol.com&quot;)" computerName="runnervmf4ws1" duration="00:00:00.0000067" startTime="2025-09-12T12:00:31.2494817+00:00" endTime="2025-09-12T12:00:31.2496368+00:00" testType="13cdc9d9-ddb5-4fa4-a97d-d965ccfc6d4b" outcome="Passed" testListId="8c84fa94-04c1-424b-9868-57a2d4851a1d" relativeResultsDirectory="bebe7414-84f1-42d5-bf5c-6e54de9d68f1" />
    <UnitTestResult executionId="0a247a70-2827-4c0c-92b6-2d56bcb2105d" testId="7bc348cd-ba18-eb29-c5c6-cbdbd749bb83" testName="SGuard.DataAnnotations.Tests.Attributes.SGuardCompareAttributeTests.ReturnsError_WhenOtherPropertyIsNull" computerName="runnervmf4ws1" duration="00:00:00.0001459" startTime="2025-09-12T12:00:31.0942998+00:00" endTime="2025-09-12T12:00:31.0946189+00:00" testType="13cdc9d9-ddb5-4fa4-a97d-d965ccfc6d4b" outcome="Passed" testListId="8c84fa94-04c1-424b-9868-57a2d4851a1d" relativeResultsDirectory="0a247a70-2827-4c0c-92b6-2d56bcb2105d" />
    <UnitTestResult executionId="808f11ed-3c9e-4e91-99e9-ce497d3c760e" testId="8757c1db-8a30-5429-c0a6-7eb71a1574b4" testName="SGuard.DataAnnotations.Tests.Attributes.SGuardEmailAddressAttributeTests.ReturnsNull_WhenValueIsUnsupportedInternationalEmail(email: &quot;test@日本.jp&quot;)" computerName="runnervmf4ws1" duration="00:00:00.0000099" startTime="2025-09-12T12:00:31.3060900+00:00" endTime="2025-09-12T12:00:31.3062356+00:00" testType="13cdc9d9-ddb5-4fa4-a97d-d965ccfc6d4b" outcome="Passed" testListId="8c84fa94-04c1-424b-9868-57a2d4851a1d" relativeResultsDirectory="808f11ed-3c9e-4e91-99e9-ce497d3c760e" />
    <UnitTestResult executionId="79eb4231-4cd3-4270-9438-f0688f0f1124" testId="11b5dfff-ee73-acd7-699f-44eb8edcc906" testName="SGuard.DataAnnotations.Tests.Attributes.SGuardMinCountAttributeTests.ReturnsSuccess_WhenListCountIsEqualToMin" computerName="runnervmf4ws1" duration="00:00:00.0002791" startTime="2025-09-12T12:00:30.9090104+00:00" endTime="2025-09-12T12:00:30.9091140+00:00" testType="13cdc9d9-ddb5-4fa4-a97d-d965ccfc6d4b" outcome="Passed" testListId="8c84fa94-04c1-424b-9868-57a2d4851a1d" relativeResultsDirectory="79eb4231-4cd3-4270-9438-f0688f0f1124" />
    <UnitTestResult executionId="296a0bfc-389a-4430-b3fb-da2e984cbb53" testId="aa58fa94-3b77-4284-5e30-10cd402a35b1" testName="SGuard.DataAnnotations.Tests.DataAnnotation.ThrowIfTests.DataAnnotationsInValid_CallbackIsInvoked" computerName="runnervmf4ws1" duration="00:00:00.0003176" startTime="2025-09-12T12:00:31.0427586+00:00" endTime="2025-09-12T12:00:31.0429034+00:00" testType="13cdc9d9-ddb5-4fa4-a97d-d965ccfc6d4b" outcome="Passed" testListId="8c84fa94-04c1-424b-9868-57a2d4851a1d" relativeResultsDirectory="296a0bfc-389a-4430-b3fb-da2e984cbb53" />
    <UnitTestResult executionId="56b4baac-0205-4eba-a48b-6ae97480d8ec" testId="d700c2ca-0d30-9df2-b5c4-ec10e7deec6d" testName="SGuard.DataAnnotations.Tests.Attributes.SGuardMinCountAttributeTests.ReturnsLocalizedErrorMessage_WhenCultureIsSetToTurkish" computerName="runnervmf4ws1" duration="00:00:00.0002681" startTime="2025-09-12T12:00:30.9018105+00:00" endTime="2025-09-12T12:00:30.9029669+00:00" testType="13cdc9d9-ddb5-4fa4-a97d-d965ccfc6d4b" outcome="Passed" testListId="8c84fa94-04c1-424b-9868-57a2d4851a1d" relativeResultsDirectory="56b4baac-0205-4eba-a48b-6ae97480d8ec" />
    <UnitTestResult executionId="3b95e346-b6d2-4756-b222-1f623d2180a8" testId="51882b2c-89a4-3795-f36d-6ba49a967dda" testName="SGuard.DataAnnotations.Tests.Attributes.SGuardCompareAttributeTests.ReturnsError_WhenOtherPropertyDoesNotExist" computerName="runnervmf4ws1" duration="00:00:00.0002000" startTime="2025-09-12T12:00:31.1680653+00:00" endTime="2025-09-12T12:00:31.1710485+00:00" testType="13cdc9d9-ddb5-4fa4-a97d-d965ccfc6d4b" outcome="Passed" testListId="8c84fa94-04c1-424b-9868-57a2d4851a1d" relativeResultsDirectory="3b95e346-b6d2-4756-b222-1f623d2180a8" />
    <UnitTestResult executionId="fe6e9a55-bb42-42ae-b940-27608f389f44" testId="8bb1d1c9-ea34-8993-40af-1149612b163c" testName="SGuard.DataAnnotations.Tests.Attributes.SGuardEmailAddressAttributeTests.ReturnsSuccess_WhenValueIsBusinessEmailFormat(email: &quot;marketing@brand.ca&quot;)" computerName="runnervmf4ws1" duration="00:00:00.0000078" startTime="2025-09-12T12:00:31.2726472+00:00" endTime="2025-09-12T12:00:31.2728062+00:00" testType="13cdc9d9-ddb5-4fa4-a97d-d965ccfc6d4b" outcome="Passed" testListId="8c84fa94-04c1-424b-9868-57a2d4851a1d" relativeResultsDirectory="fe6e9a55-bb42-42ae-b940-27608f389f44" />
    <UnitTestResult executionId="fd4d77be-c949-41b4-a85a-ae6d3b648ac5" testId="41b05ee3-12ce-b627-2955-98b195d56a3d" testName="SGuard.DataAnnotations.Tests.Attributes.SGuardStringLengthAttributeTests.ThrowsArgumentNullException_WhenResourceNameIsNull" computerName="runnervmf4ws1" duration="00:00:00.0002096" startTime="2025-09-12T12:00:31.1347262+00:00" endTime="2025-09-12T12:00:31.1361820+00:00" testType="13cdc9d9-ddb5-4fa4-a97d-d965ccfc6d4b" outcome="Passed" testListId="8c84fa94-04c1-424b-9868-57a2d4851a1d" relativeResultsDirectory="fd4d77be-c949-41b4-a85a-ae6d3b648ac5" />
    <UnitTestResult executionId="846fe47e-a683-46bf-9a16-286e6d43646e" testId="d5c52403-0e4c-b9f4-b5c9-e1e2e3d8e62d" testName="SGuard.DataAnnotations.Tests.Exceptions.DataAnnotationsExceptionTests.DataAnnotationsException_HandlesEmptyValidationResults" computerName="runnervmf4ws1" duration="00:00:00.0001323" startTime="2025-09-12T12:00:31.2161162+00:00" endTime="2025-09-12T12:00:31.2162737+00:00" testType="13cdc9d9-ddb5-4fa4-a97d-d965ccfc6d4b" outcome="Passed" testListId="8c84fa94-04c1-424b-9868-57a2d4851a1d" relativeResultsDirectory="846fe47e-a683-46bf-9a16-286e6d43646e" />
    <UnitTestResult executionId="76153fc2-34c7-420e-a689-587624062029" testId="ae7b78f4-3e3e-6c1c-73b9-00f3b0a66446" testName="SGuard.DataAnnotations.Tests.Attributes.SGuardUrlAttributeTests.ReturnsSuccess_WhenValueIsNull" computerName="runnervmf4ws1" duration="00:00:00.0001168" startTime="2025-09-12T12:00:30.8102124+00:00" endTime="2025-09-12T12:00:30.8103205+00:00" testType="13cdc9d9-ddb5-4fa4-a97d-d965ccfc6d4b" outcome="Passed" testListId="8c84fa94-04c1-424b-9868-57a2d4851a1d" relativeResultsDirectory="76153fc2-34c7-420e-a689-587624062029" />
    <UnitTestResult executionId="8b8b1909-842a-4394-9c17-f622194154fd" testId="4bc503a7-11a2-2f4f-32a1-66720fdf3855" testName="SGuard.DataAnnotations.Tests.Attributes.SGuardUrlAttributeTests.ReturnsError_WhenValueIsInvalidUrl" computerName="runnervmf4ws1" duration="00:00:00.0002819" startTime="2025-09-12T12:00:30.7580436+00:00" endTime="2025-09-12T12:00:30.7581518+00:00" testType="13cdc9d9-ddb5-4fa4-a97d-d965ccfc6d4b" outcome="Passed" testListId="8c84fa94-04c1-424b-9868-57a2d4851a1d" relativeResultsDirectory="8b8b1909-842a-4394-9c17-f622194154fd" />
    <UnitTestResult executionId="c7b698e7-8329-4d31-9f0f-d7887ae08a35" testId="66151859-70d2-8743-c129-cddce21a9c0c" testName="SGuard.DataAnnotations.Tests.Exceptions.DataAnnotationsExceptionTests.DataAnnotationsException_UsesCustomMessage" computerName="runnervmf4ws1" duration="00:00:00.0001856" startTime="2025-09-12T12:00:31.2177635+00:00" endTime="2025-09-12T12:00:31.2178972+00:00" testType="13cdc9d9-ddb5-4fa4-a97d-d965ccfc6d4b" outcome="Passed" testListId="8c84fa94-04c1-424b-9868-57a2d4851a1d" relativeResultsDirectory="c7b698e7-8329-4d31-9f0f-d7887ae08a35" />
    <UnitTestResult executionId="0c23e86a-a46d-4f9e-a373-bf6feaa7e46e" testId="26b95717-eff7-b896-62e8-84d5342f995e" testName="SGuard.DataAnnotations.Tests.Attributes.SGuardEmailAddressAttributeTests.ReturnsSuccess_WhenValueIsCommonEmailProvider(email: &quot;user@protonmail.com&quot;)" computerName="runnervmf4ws1" duration="00:00:00.0000064" startTime="2025-09-12T12:00:31.2338957+00:00" endTime="2025-09-12T12:00:31.2340653+00:00" testType="13cdc9d9-ddb5-4fa4-a97d-d965ccfc6d4b" outcome="Passed" testListId="8c84fa94-04c1-424b-9868-57a2d4851a1d" relativeResultsDirectory="0c23e86a-a46d-4f9e-a373-bf6feaa7e46e" />
    <UnitTestResult executionId="253dcaa8-e15c-4142-b072-9b21cdcaddb6" testId="8bba85ac-7331-5b3e-7c3e-24a62ec19478" testName="SGuard.DataAnnotations.Tests.Attributes.SGuardMaxLengthAttributeTests.ThrowsArgumentNullException_WhenResourceNameIsNull" computerName="runnervmf4ws1" duration="00:00:00.0002932" startTime="2025-09-12T12:00:31.1953444+00:00" endTime="2025-09-12T12:00:31.1955205+00:00" testType="13cdc9d9-ddb5-4fa4-a97d-d965ccfc6d4b" outcome="Passed" testListId="8c84fa94-04c1-424b-9868-57a2d4851a1d" relativeResultsDirectory="253dcaa8-e15c-4142-b072-9b21cdcaddb6" />
    <UnitTestResult executionId="e996ad36-0be2-402a-9fec-fd748d56b8cc" testId="d22fb08b-8562-9efb-f076-1e553fb1dcde" testName="SGuard.DataAnnotations.Tests.Attributes.SGuardCreditCardAttributeTests.Constructor_SetsPropertiesCorrectly" computerName="runnervmf4ws1" duration="00:00:00.0001648" startTime="2025-09-12T12:00:30.9714471+00:00" endTime="2025-09-12T12:00:30.9716252+00:00" testType="13cdc9d9-ddb5-4fa4-a97d-d965ccfc6d4b" outcome="Passed" testListId="8c84fa94-04c1-424b-9868-57a2d4851a1d" relativeResultsDirectory="e996ad36-0be2-402a-9fec-fd748d56b8cc" />
    <UnitTestResult executionId="162032ac-001a-4a27-b5fc-1897286258f8" testId="85624a0f-d223-bb77-7954-ebd125cbf213" testName="SGuard.DataAnnotations.Tests.Attributes.SGuardMinLengthAttributeTests.ThrowsArgumentNullException_WhenResourceTypeIsNull" computerName="runnervmf4ws1" duration="00:00:00.0008183" startTime="2025-09-12T12:00:30.8065869+00:00" endTime="2025-09-12T12:00:30.8068002+00:00" testType="13cdc9d9-ddb5-4fa4-a97d-d965ccfc6d4b" outcome="Passed" testListId="8c84fa94-04c1-424b-9868-57a2d4851a1d" relativeResultsDirectory="162032ac-001a-4a27-b5fc-1897286258f8" />
    <UnitTestResult executionId="39c833d1-011a-4ea0-aef0-2e2a27ce9b9b" testId="ae95f8f1-e062-9428-8825-545025260de6" testName="SGuard.DataAnnotations.Tests.Attributes.SGuardBetweenAttributeTests.ReturnsError_WhenValueIsBelowMin_Inclusive" computerName="runnervmf4ws1" duration="00:00:00.0001638" startTime="2025-09-12T12:00:30.8779224+00:00" endTime="2025-09-12T12:00:30.8785204+00:00" testType="13cdc9d9-ddb5-4fa4-a97d-d965ccfc6d4b" outcome="Passed" testListId="8c84fa94-04c1-424b-9868-57a2d4851a1d" relativeResultsDirectory="39c833d1-011a-4ea0-aef0-2e2a27ce9b9b" />
    <UnitTestResult executionId="c0098a10-2de7-44ad-b0e8-69387f797e0e" testId="191f749e-fb36-423d-3ffc-8c8d13d8da31" testName="SGuard.DataAnnotations.Tests.Attributes.SGuardBetweenAttributeTests.ReturnsError_WhenMaxValueIsNull" computerName="runnervmf4ws1" duration="00:00:00.0002207" startTime="2025-09-12T12:00:30.8631650+00:00" endTime="2025-09-12T12:00:30.8651846+00:00" testType="13cdc9d9-ddb5-4fa4-a97d-d965ccfc6d4b" outcome="Passed" testListId="8c84fa94-04c1-424b-9868-57a2d4851a1d" relativeResultsDirectory="c0098a10-2de7-44ad-b0e8-69387f797e0e" />
    <UnitTestResult executionId="bf9e8667-1045-4e86-9f1c-ae057fafe3a5" testId="6bd4d2ae-eeeb-a392-cb38-c186fe339396" testName="SGuard.DataAnnotations.Tests.Attributes.SGuardEmailAddressAttributeTests.ReturnsLocalizedErrorMessage_WhenCultureIsSet(culture: &quot;en&quot;)" computerName="runnervmf4ws1" duration="00:00:00.0002495" startTime="2025-09-12T12:00:31.2774349+00:00" endTime="2025-09-12T12:00:31.2792076+00:00" testType="13cdc9d9-ddb5-4fa4-a97d-d965ccfc6d4b" outcome="Passed" testListId="8c84fa94-04c1-424b-9868-57a2d4851a1d" relativeResultsDirectory="bf9e8667-1045-4e86-9f1c-ae057fafe3a5" />
    <UnitTestResult executionId="f43a7e95-ef5e-453a-b9c1-4ca9d60d3c28" testId="c230f671-ad47-b61c-8358-5fab696d26df" testName="SGuard.DataAnnotations.Tests.Attributes.SGuardBetweenAttributeTests.ReturnsLocalizedErrorMessage_WhenCultureIsSet(culture: &quot;ja&quot;)" computerName="runnervmf4ws1" duration="00:00:00.0001710" startTime="2025-09-12T12:00:30.8289835+00:00" endTime="2025-09-12T12:00:30.8290850+00:00" testType="13cdc9d9-ddb5-4fa4-a97d-d965ccfc6d4b" outcome="Passed" testListId="8c84fa94-04c1-424b-9868-57a2d4851a1d" relativeResultsDirectory="f43a7e95-ef5e-453a-b9c1-4ca9d60d3c28" />
    <UnitTestResult executionId="46c6bb43-2d8e-4789-8e9f-e3aaec3362be" testId="0f69ed9a-e24a-7444-c03b-c26af010edca" testName="SGuard.DataAnnotations.Tests.Attributes.SGuardEmailAddressAttributeTests.ReturnsSuccess_WhenValueIsValidEmailFormat(email: &quot;email@123.123.123.123&quot;)" computerName="runnervmf4ws1" duration="00:00:00.0000074" startTime="2025-09-12T12:00:31.3264149+00:00" endTime="2025-09-12T12:00:31.3265865+00:00" testType="13cdc9d9-ddb5-4fa4-a97d-d965ccfc6d4b" outcome="Passed" testListId="8c84fa94-04c1-424b-9868-57a2d4851a1d" relativeResultsDirectory="46c6bb43-2d8e-4789-8e9f-e3aaec3362be" />
    <UnitTestResult executionId="91e36f68-df62-4fe8-aac1-97c98b4d0305" testId="7dcb49be-abd7-70bd-acfd-ae6260302e4a" testName="SGuard.DataAnnotations.Tests.Attributes.SGuardBetweenAttributeTests.ReturnsError_WhenValueIsAboveMax_Inclusive" computerName="runnervmf4ws1" duration="00:00:00.0001457" startTime="2025-09-12T12:00:30.8401824+00:00" endTime="2025-09-12T12:00:30.8402780+00:00" testType="13cdc9d9-ddb5-4fa4-a97d-d965ccfc6d4b" outcome="Passed" testListId="8c84fa94-04c1-424b-9868-57a2d4851a1d" relativeResultsDirectory="91e36f68-df62-4fe8-aac1-97c98b4d0305" />
    <UnitTestResult executionId="91a53d95-bbbc-4c84-83fc-248566740c3b" testId="7a5db8a3-e11e-bc10-b975-f9ae0bd96417" testName="SGuard.DataAnnotations.Tests.Attributes.SGuardCompareAttributeTests.Constructor_ThrowsArgumentNullException_WhenResourceNameIsNull" computerName="runnervmf4ws1" duration="00:00:00.0011133" startTime="2025-09-12T12:00:31.1612881+00:00" endTime="2025-09-12T12:00:31.1614301+00:00" testType="13cdc9d9-ddb5-4fa4-a97d-d965ccfc6d4b" outcome="Passed" testListId="8c84fa94-04c1-424b-9868-57a2d4851a1d" relativeResultsDirectory="91a53d95-bbbc-4c84-83fc-248566740c3b" />
    <UnitTestResult executionId="6de652c8-2f81-44c7-b483-7cfb02fc3eb4" testId="3a163180-57a1-4f78-3b75-4f1dc7d6c21e" testName="SGuard.DataAnnotations.Tests.Attributes.SGuardEmailAddressAttributeTests.HandlesNumbersInDomainAndLocalPart" computerName="runnervmf4ws1" duration="00:00:00.0001265" startTime="2025-09-12T12:00:31.4013797+00:00" endTime="2025-09-12T12:00:31.4015515+00:00" testType="13cdc9d9-ddb5-4fa4-a97d-d965ccfc6d4b" outcome="Passed" testListId="8c84fa94-04c1-424b-9868-57a2d4851a1d" relativeResultsDirectory="6de652c8-2f81-44c7-b483-7cfb02fc3eb4" />
    <UnitTestResult executionId="3e02fd31-440d-49b5-be15-2feb1709360f" testId="e39385cb-7542-4440-d38b-996237c21332" testName="SGuard.DataAnnotations.Tests.Attributes.SGuardCreditCardAttributeTests.ReturnsSuccess_WhenValueIsValidVisaElectron" computerName="runnervmf4ws1" duration="00:00:00.0001234" startTime="2025-09-12T12:00:31.0294016+00:00" endTime="2025-09-12T12:00:31.0295818+00:00" testType="13cdc9d9-ddb5-4fa4-a97d-d965ccfc6d4b" outcome="Passed" testListId="8c84fa94-04c1-424b-9868-57a2d4851a1d" relativeResultsDirectory="3e02fd31-440d-49b5-be15-2feb1709360f" />
    <UnitTestResult executionId="f55000d8-336d-45d8-a6f4-11f8aecc6b1c" testId="ad9b44db-f68d-9700-9b50-709646904671" testName="SGuard.DataAnnotations.Tests.Attributes.SGuardCreditCardAttributeTests.ReturnsError_WhenValueIsInvalidTestCreditCard(cardNumber: &quot;1234567890123456&quot;)" computerName="runnervmf4ws1" duration="00:00:00.0003244" startTime="2025-09-12T12:00:30.9221043+00:00" endTime="2025-09-12T12:00:30.9236588+00:00" testType="13cdc9d9-ddb5-4fa4-a97d-d965ccfc6d4b" outcome="Passed" testListId="8c84fa94-04c1-424b-9868-57a2d4851a1d" relativeResultsDirectory="f55000d8-336d-45d8-a6f4-11f8aecc6b1c" />
    <UnitTestResult executionId="4e0aca16-8a15-46a8-ba4e-bda0a9dc9bca" testId="ee234abd-0496-b817-262c-6365071813bb" testName="SGuard.DataAnnotations.Tests.Attributes.SGuardCreditCardAttributeTests.ReturnsSuccess_WhenValueIsValidJCB" computerName="runnervmf4ws1" duration="00:00:00.0001231" startTime="2025-09-12T12:00:30.9993215+00:00" endTime="2025-09-12T12:00:30.9995021+00:00" testType="13cdc9d9-ddb5-4fa4-a97d-d965ccfc6d4b" outcome="Passed" testListId="8c84fa94-04c1-424b-9868-57a2d4851a1d" relativeResultsDirectory="4e0aca16-8a15-46a8-ba4e-bda0a9dc9bca" />
    <UnitTestResult executionId="7aa5127e-7606-4b8d-8fa5-b881f5bdb971" testId="1c75a966-0b82-9661-4f03-80de50e87f33" testName="SGuard.DataAnnotations.Tests.Attributes.SGuardMinCountAttributeTests.ReturnsError_WhenListCountIsLessThanMin" computerName="runnervmf4ws1" duration="00:00:00.0001561" startTime="2025-09-12T12:00:30.9111016+00:00" endTime="2025-09-12T12:00:30.9112083+00:00" testType="13cdc9d9-ddb5-4fa4-a97d-d965ccfc6d4b" outcome="Passed" testListId="8c84fa94-04c1-424b-9868-57a2d4851a1d" relativeResultsDirectory="7aa5127e-7606-4b8d-8fa5-b881f5bdb971" />
    <UnitTestResult executionId="cfe1386b-ceff-4d4f-b459-4010696431ae" testId="fc1149e3-8328-66ee-a9f5-e2d92724028b" testName="SGuard.DataAnnotations.Tests.Attributes.SGuardCreditCardAttributeTests.ReturnsError_WhenValueIsNotString" computerName="runnervmf4ws1" duration="00:00:00.0001655" startTime="2025-09-12T12:00:31.0338055+00:00" endTime="2025-09-12T12:00:31.0339296+00:00" testType="13cdc9d9-ddb5-4fa4-a97d-d965ccfc6d4b" outcome="Passed" testListId="8c84fa94-04c1-424b-9868-57a2d4851a1d" relativeResultsDirectory="cfe1386b-ceff-4d4f-b459-4010696431ae" />
    <UnitTestResult executionId="3bca0820-e382-466b-9c02-0f25cfbcb810" testId="29679612-cd2c-cf4f-fb30-d0162e2a2e99" testName="SGuard.DataAnnotations.Tests.Attributes.SGuardEmailAddressAttributeTests.ReturnsLocalizedErrorMessage_WhenCultureIsSet(culture: &quot;de&quot;)" computerName="runnervmf4ws1" duration="00:00:00.0000201" startTime="2025-09-12T12:00:31.2856901+00:00" endTime="2025-09-12T12:00:31.2859746+00:00" testType="13cdc9d9-ddb5-4fa4-a97d-d965ccfc6d4b" outcome="Passed" testListId="8c84fa94-04c1-424b-9868-57a2d4851a1d" relativeResultsDirectory="3bca0820-e382-466b-9c02-0f25cfbcb810" />
    <UnitTestResult executionId="f6af2546-dd08-40ae-a16f-1a62f8c4e69b" testId="c36e2ee8-7c55-dd44-7dfa-f01481b9295e" testName="SGuard.DataAnnotations.Tests.Attributes.SGuardMinLengthAttributeTests.ReturnsSuccess_WhenStringIsEqualToMinLength" computerName="runnervmf4ws1" duration="00:00:00.0001562" startTime="2025-09-12T12:00:30.8055894+00:00" endTime="2025-09-12T12:00:30.8056875+00:00" testType="13cdc9d9-ddb5-4fa4-a97d-d965ccfc6d4b" outcome="Passed" testListId="8c84fa94-04c1-424b-9868-57a2d4851a1d" relativeResultsDirectory="f6af2546-dd08-40ae-a16f-1a62f8c4e69b" />
    <UnitTestResult executionId="0f2470d8-01c7-46c1-bdd7-7a31ae9f47c5" testId="578d7777-a8cc-12a7-7a7d-d4d4b899625a" testName="SGuard.DataAnnotations.Tests.Attributes.SGuardLessThanAttributeTests.ReturnsSuccess_WhenDecimalValueIsLessThanOther" computerName="runnervmf4ws1" duration="00:00:00.0002904" startTime="2025-09-12T12:00:31.1492142+00:00" endTime="2025-09-12T12:00:31.1493497+00:00" testType="13cdc9d9-ddb5-4fa4-a97d-d965ccfc6d4b" outcome="Passed" testListId="8c84fa94-04c1-424b-9868-57a2d4851a1d" relativeResultsDirectory="0f2470d8-01c7-46c1-bdd7-7a31ae9f47c5" />
    <UnitTestResult executionId="fa18b041-a739-49eb-8eae-097382b60702" testId="055f0230-574f-4d2a-47dc-7bd7d3f628d0" testName="SGuard.DataAnnotations.Tests.Attributes.SGuardBetweenAttributeTests.HandlesZeroValues_Inclusive" computerName="runnervmf4ws1" duration="00:00:00.0001360" startTime="2025-09-12T12:00:30.8677442+00:00" endTime="2025-09-12T12:00:30.8683488+00:00" testType="13cdc9d9-ddb5-4fa4-a97d-d965ccfc6d4b" outcome="Passed" testListId="8c84fa94-04c1-424b-9868-57a2d4851a1d" relativeResultsDirectory="fa18b041-a739-49eb-8eae-097382b60702" />
    <UnitTestResult executionId="134ad4e1-0e46-4e82-9c98-1c4778b90f1f" testId="e155cf08-d288-7aa5-799b-063b0b43ec53" testName="SGuard.DataAnnotations.Tests.Attributes.SGuardBetweenAttributeTests.HandlesLargeNumbers_Inclusive" computerName="runnervmf4ws1" duration="00:00:00.0001616" startTime="2025-09-12T12:00:30.8472799+00:00" endTime="2025-09-12T12:00:30.8473854+00:00" testType="13cdc9d9-ddb5-4fa4-a97d-d965ccfc6d4b" outcome="Passed" testListId="8c84fa94-04c1-424b-9868-57a2d4851a1d" relativeResultsDirectory="134ad4e1-0e46-4e82-9c98-1c4778b90f1f" />
    <UnitTestResult executionId="4a6d7db9-def9-462a-853e-b607c913d02c" testId="809e9d94-66f6-dae8-2b5d-501b7d7b5945" testName="SGuard.DataAnnotations.Tests.Attributes.SGuardCreditCardAttributeTests.ReturnsError_WhenValueIsInvalidTestCreditCard(cardNumber: &quot;5555555555554443&quot;)" computerName="runnervmf4ws1" duration="00:00:00.0001827" startTime="2025-09-12T12:00:30.9257748+00:00" endTime="2025-09-12T12:00:30.9259835+00:00" testType="13cdc9d9-ddb5-4fa4-a97d-d965ccfc6d4b" outcome="Passed" testListId="8c84fa94-04c1-424b-9868-57a2d4851a1d" relativeResultsDirectory="4a6d7db9-def9-462a-853e-b607c913d02c" />
    <UnitTestResult executionId="eb093d30-c138-487a-87b4-ac16fe84eaea" testId="f6ac9da3-f4bb-8f2c-f90a-0ad85587c002" testName="SGuard.DataAnnotations.Tests.Attributes.SGuardEmailAddressAttributeTests.ReturnsSuccess_WhenValueIsValidEmailFormat(email: &quot;123@456.com&quot;)" computerName="runnervmf4ws1" duration="00:00:00.0000072" startTime="2025-09-12T12:00:31.3358112+00:00" endTime="2025-09-12T12:00:31.3359535+00:00" testType="13cdc9d9-ddb5-4fa4-a97d-d965ccfc6d4b" outcome="Passed" testListId="8c84fa94-04c1-424b-9868-57a2d4851a1d" relativeResultsDirectory="eb093d30-c138-487a-87b4-ac16fe84eaea" />
    <UnitTestResult executionId="22422b04-99de-4bb1-9279-400a33f76b44" testId="87ff368c-2f6c-e2c1-52f5-5a144623f490" testName="SGuard.DataAnnotations.Tests.Attributes.SGuardCompareAttributeTests.HandlesSpecialCharacters" computerName="runnervmf4ws1" duration="00:00:00.0001363" startTime="2025-09-12T12:00:31.1264266+00:00" endTime="2025-09-12T12:00:31.1265343+00:00" testType="13cdc9d9-ddb5-4fa4-a97d-d965ccfc6d4b" outcome="Passed" testListId="8c84fa94-04c1-424b-9868-57a2d4851a1d" relativeResultsDirectory="22422b04-99de-4bb1-9279-400a33f76b44" />
    <UnitTestResult executionId="6545f564-70d4-4e44-80eb-d8771c96416c" testId="bd7bddfa-4b13-cac6-2538-99d0e6e9aaf2" testName="SGuard.DataAnnotations.Tests.Attributes.SGuardCreditCardAttributeTests.ReturnsError_WhenNumberIsAllSameDigit" computerName="runnervmf4ws1" duration="00:00:00.0001630" startTime="2025-09-12T12:00:30.9729073+00:00" endTime="2025-09-12T12:00:30.9730640+00:00" testType="13cdc9d9-ddb5-4fa4-a97d-d965ccfc6d4b" outcome="Passed" testListId="8c84fa94-04c1-424b-9868-57a2d4851a1d" relativeResultsDirectory="6545f564-70d4-4e44-80eb-d8771c96416c" />
    <UnitTestResult executionId="08e2ee77-44fa-469d-9f01-0f6364244020" testId="fa752d66-28d7-68b0-4a54-7085fb7dac2f" testName="SGuard.DataAnnotations.Tests.Attributes.SGuardUrlAttributeTests.ReturnsSuccess_WhenValueIsValidUrl" computerName="runnervmf4ws1" duration="00:00:00.0019052" startTime="2025-09-12T12:00:30.7591173+00:00" endTime="2025-09-12T12:00:30.7592292+00:00" testType="13cdc9d9-ddb5-4fa4-a97d-d965ccfc6d4b" outcome="Passed" testListId="8c84fa94-04c1-424b-9868-57a2d4851a1d" relativeResultsDirectory="08e2ee77-44fa-469d-9f01-0f6364244020" />
    <UnitTestResult executionId="d4b9c5d8-316b-4c2a-a276-d1c5f04b0624" testId="67af8a8d-4a22-a9e2-abf0-def7c53b0fd8" testName="SGuard.DataAnnotations.Tests.Attributes.SGuardEmailAddressAttributeTests.ReturnsError_WhenValueIsInvalidEmailFormat(email: &quot;@domain.com&quot;)" computerName="runnervmf4ws1" duration="00:00:00.0000143" startTime="2025-09-12T12:00:31.3552037+00:00" endTime="2025-09-12T12:00:31.3553381+00:00" testType="13cdc9d9-ddb5-4fa4-a97d-d965ccfc6d4b" outcome="Passed" testListId="8c84fa94-04c1-424b-9868-57a2d4851a1d" relativeResultsDirectory="d4b9c5d8-316b-4c2a-a276-d1c5f04b0624" />
    <UnitTestResult executionId="f7187273-a424-4e69-8d0b-2b273b576682" testId="748a7229-c38b-23ee-5fdd-862ea90d566d" testName="SGuard.DataAnnotations.Tests.Attributes.SGuardMaxLengthAttributeTests.ReturnsSuccess_WhenValueIsNull" computerName="runnervmf4ws1" duration="00:00:00.0001264" startTime="2025-09-12T12:00:31.2017601+00:00" endTime="2025-09-12T12:00:31.2018981+00:00" testType="13cdc9d9-ddb5-4fa4-a97d-d965ccfc6d4b" outcome="Passed" testListId="8c84fa94-04c1-424b-9868-57a2d4851a1d" relativeResultsDirectory="f7187273-a424-4e69-8d0b-2b273b576682" />
    <UnitTestResult executionId="a6ebc46e-a8a7-428d-90a3-2b0559fb470c" testId="3e83b502-61b1-b054-a794-f59f4c4c2693" testName="SGuard.DataAnnotations.Tests.Attributes.SGuardCompareAttributeTests.PasswordConfirmation_Failure" computerName="runnervmf4ws1" duration="00:00:00.0001477" startTime="2025-09-12T12:00:31.1763477+00:00" endTime="2025-09-12T12:00:31.1774095+00:00" testType="13cdc9d9-ddb5-4fa4-a97d-d965ccfc6d4b" outcome="Passed" testListId="8c84fa94-04c1-424b-9868-57a2d4851a1d" relativeResultsDirectory="a6ebc46e-a8a7-428d-90a3-2b0559fb470c" />
    <UnitTestResult executionId="27db91a2-9638-47a2-90a7-05305cefac5b" testId="701f587a-5d18-199f-026c-ebd21e1df910" testName="SGuard.DataAnnotations.Tests.Attributes.SGuardRangeAttributeTests.ReturnsLocalizedErrorMessage_WhenCultureIsSetToTurkish" computerName="runnervmf4ws1" duration="00:00:00.0001808" startTime="2025-09-12T12:00:31.0148869+00:00" endTime="2025-09-12T12:00:31.0150330+00:00" testType="13cdc9d9-ddb5-4fa4-a97d-d965ccfc6d4b" outcome="Passed" testListId="8c84fa94-04c1-424b-9868-57a2d4851a1d" relativeResultsDirectory="27db91a2-9638-47a2-90a7-05305cefac5b" />
    <UnitTestResult executionId="c038d6fd-f11c-4a63-bef4-c0eaba130552" testId="a35a1793-5ee3-f926-ff94-e5d154b60c65" testName="SGuard.DataAnnotations.Tests.Attributes.SGuardBetweenAttributeTests.HandlesNegativeValues_Inclusive" computerName="runnervmf4ws1" duration="00:00:00.0001800" startTime="2025-09-12T12:00:30.8743344+00:00" endTime="2025-09-12T12:00:30.8744426+00:00" testType="13cdc9d9-ddb5-4fa4-a97d-d965ccfc6d4b" outcome="Passed" testListId="8c84fa94-04c1-424b-9868-57a2d4851a1d" relativeResultsDirectory="c038d6fd-f11c-4a63-bef4-c0eaba130552" />
    <UnitTestResult executionId="b2667029-5a8f-4393-9fa1-b7efed00d2b0" testId="624d1e9e-c1f1-b5dd-e74e-7b5abb6322df" testName="SGuard.DataAnnotations.Tests.Attributes.SGuardBetweenAttributeTests.SupportsMultipleAttributes_OnSameProperty" computerName="runnervmf4ws1" duration="00:00:00.0002130" startTime="2025-09-12T12:00:30.8348344+00:00" endTime="2025-09-12T12:00:30.8349494+00:00" testType="13cdc9d9-ddb5-4fa4-a97d-d965ccfc6d4b" outcome="Passed" testListId="8c84fa94-04c1-424b-9868-57a2d4851a1d" relativeResultsDirectory="b2667029-5a8f-4393-9fa1-b7efed00d2b0" />
    <UnitTestResult executionId="8c271af9-1402-4390-9164-4a0570044e69" testId="281c9429-94f0-d2a5-41e9-6547ef1e8299" testName="SGuard.DataAnnotations.Tests.Attributes.SGuardEmailAddressAttributeTests.ReturnsSuccess_WhenValueIsBusinessEmailFormat(email: &quot;j.smith@tech-startup.io&quot;)" computerName="runnervmf4ws1" duration="00:00:00.0001263" startTime="2025-09-12T12:00:31.2619213+00:00" endTime="2025-09-12T12:00:31.2622467+00:00" testType="13cdc9d9-ddb5-4fa4-a97d-d965ccfc6d4b" outcome="Passed" testListId="8c84fa94-04c1-424b-9868-57a2d4851a1d" relativeResultsDirectory="8c271af9-1402-4390-9164-4a0570044e69" />
    <UnitTestResult executionId="78f3bde2-b537-4168-964e-dd9435221518" testId="c7f2fb08-11b4-e8d2-b9b9-3bf6fbe1918f" testName="SGuard.DataAnnotations.Tests.Attributes.SGuardCompareAttributeTests.WorksWithDateTimeValues" computerName="runnervmf4ws1" duration="00:00:00.0001792" startTime="2025-09-12T12:00:31.1273809+00:00" endTime="2025-09-12T12:00:31.1274853+00:00" testType="13cdc9d9-ddb5-4fa4-a97d-d965ccfc6d4b" outcome="Passed" testListId="8c84fa94-04c1-424b-9868-57a2d4851a1d" relativeResultsDirectory="78f3bde2-b537-4168-964e-dd9435221518" />
    <UnitTestResult executionId="04feb432-3073-40de-a4c3-74ae40b6a4a0" testId="8d246871-36db-3a8c-1edc-aa2a9aaa0923" testName="SGuard.DataAnnotations.Tests.Attributes.SGuardCreditCardAttributeTests.HandlesMixedValidInvalidCharacters" computerName="runnervmf4ws1" duration="00:00:00.0001252" startTime="2025-09-12T12:00:31.0224840+00:00" endTime="2025-09-12T12:00:31.0226354+00:00" testType="13cdc9d9-ddb5-4fa4-a97d-d965ccfc6d4b" outcome="Passed" testListId="8c84fa94-04c1-424b-9868-57a2d4851a1d" relativeResultsDirectory="04feb432-3073-40de-a4c3-74ae40b6a4a0" />
    <UnitTestResult executionId="d49d3d70-dbe8-4723-ba99-82881114ae24" testId="35b76dca-0f99-b77f-db41-bd1c7f9c0f7f" testName="SGuard.DataAnnotations.Tests.Attributes.SGuardEmailAddressAttributeTests.ReturnsError_WhenValueHasMultipleAtSymbols" computerName="runnervmf4ws1" duration="00:00:00.0001377" startTime="2025-09-12T12:00:31.3998636+00:00" endTime="2025-09-12T12:00:31.4000109+00:00" testType="13cdc9d9-ddb5-4fa4-a97d-d965ccfc6d4b" outcome="Passed" testListId="8c84fa94-04c1-424b-9868-57a2d4851a1d" relativeResultsDirectory="d49d3d70-dbe8-4723-ba99-82881114ae24" />
    <UnitTestResult executionId="bad86dd2-4bfa-4405-b314-6095777e86cd" testId="9f63bd5d-0f31-1ffd-576e-c665a4cc7de0" testName="SGuard.DataAnnotations.Tests.Attributes.SGuardRequiredCollectionAttributeTests.ReturnsError_WhenArrayIsEmpty" computerName="runnervmf4ws1" duration="00:00:00.0001522" startTime="2025-09-12T12:00:31.2651363+00:00" endTime="2025-09-12T12:00:31.2735832+00:00" testType="13cdc9d9-ddb5-4fa4-a97d-d965ccfc6d4b" outcome="Passed" testListId="8c84fa94-04c1-424b-9868-57a2d4851a1d" relativeResultsDirectory="bad86dd2-4bfa-4405-b314-6095777e86cd" />
    <UnitTestResult executionId="b748e290-212a-43f9-9683-f92802416375" testId="2986eca1-77a1-4319-3b1b-6fa3d5a3f516" testName="SGuard.DataAnnotations.Tests.Attributes.SGuardBetweenAttributeTests.Constructor_DefaultsToInclusive" computerName="runnervmf4ws1" duration="00:00:00.0002885" startTime="2025-09-12T12:00:30.8692925+00:00" endTime="2025-09-12T12:00:30.8694028+00:00" testType="13cdc9d9-ddb5-4fa4-a97d-d965ccfc6d4b" outcome="Passed" testListId="8c84fa94-04c1-424b-9868-57a2d4851a1d" relativeResultsDirectory="b748e290-212a-43f9-9683-f92802416375" />
    <UnitTestResult executionId="387d1dc5-f223-48f7-ba4d-6857928c514b" testId="5096c926-13b1-b25c-0b95-818693baaf41" testName="SGuard.DataAnnotations.Tests.Attributes.SGuardLessThanAttributeTests.ReturnsError_WhenValueIsGreaterThanOther" computerName="runnervmf4ws1" duration="00:00:00.0001458" startTime="2025-09-12T12:00:31.1475656+00:00" endTime="2025-09-12T12:00:31.1477254+00:00" testType="13cdc9d9-ddb5-4fa4-a97d-d965ccfc6d4b" outcome="Passed" testListId="8c84fa94-04c1-424b-9868-57a2d4851a1d" relativeResultsDirectory="387d1dc5-f223-48f7-ba4d-6857928c514b" />
    <UnitTestResult executionId="40eb1a4a-1fb7-4e0b-a836-a3dfd58adfcf" testId="9bca95a5-a33d-a683-4344-4c17db026fa8" testName="SGuard.DataAnnotations.Tests.Attributes.SGuardMinCountAttributeTests.ReturnsError_WhenCollectionCountIsZeroAndMinIsGreaterThanZero" computerName="runnervmf4ws1" duration="00:00:00.0013600" startTime="2025-09-12T12:00:30.8913839+00:00" endTime="2025-09-12T12:00:30.9005810+00:00" testType="13cdc9d9-ddb5-4fa4-a97d-d965ccfc6d4b" outcome="Passed" testListId="8c84fa94-04c1-424b-9868-57a2d4851a1d" relativeResultsDirectory="40eb1a4a-1fb7-4e0b-a836-a3dfd58adfcf" />
    <UnitTestResult executionId="95fd5fba-a759-4da8-9784-2031dedb51a2" testId="c9e17951-e43f-8200-3417-432bd1307c56" testName="SGuard.DataAnnotations.Tests.Attributes.SGuardMaxCountAttributeTests.ReturnsSuccess_WhenArrayCountIsLessThanOrEqualToMax" computerName="runnervmf4ws1" duration="00:00:00.0001373" startTime="2025-09-12T12:00:30.9028541+00:00" endTime="2025-09-12T12:00:30.9035078+00:00" testType="13cdc9d9-ddb5-4fa4-a97d-d965ccfc6d4b" outcome="Passed" testListId="8c84fa94-04c1-424b-9868-57a2d4851a1d" relativeResultsDirectory="95fd5fba-a759-4da8-9784-2031dedb51a2" />
    <UnitTestResult executionId="a1308ef9-fa0a-46d6-9b94-7f09c3a90912" testId="f4355151-5143-6537-86b3-bbe7fff78f20" testName="SGuard.DataAnnotations.Tests.Attributes.SGuardMinCountAttributeTests.ReturnsSuccess_WhenDictionaryCountIsGreaterThanMin" computerName="runnervmf4ws1" duration="00:00:00.0001614" startTime="2025-09-12T12:00:30.9134283+00:00" endTime="2025-09-12T12:00:30.9192180+00:00" testType="13cdc9d9-ddb5-4fa4-a97d-d965ccfc6d4b" outcome="Passed" testListId="8c84fa94-04c1-424b-9868-57a2d4851a1d" relativeResultsDirectory="a1308ef9-fa0a-46d6-9b94-7f09c3a90912" />
    <UnitTestResult executionId="b4d53b27-d613-4579-a51f-eb01f298130c" testId="3713b015-69bc-bbff-ec12-2a3a05404871" testName="SGuard.DataAnnotations.Tests.Attributes.SGuardMinCountAttributeTests.ReturnsSuccess_WhenCollectionCountIsZeroAndMinIsZero" computerName="runnervmf4ws1" duration="00:00:00.0032783" startTime="2025-09-12T12:00:30.9258259+00:00" endTime="2025-09-12T12:00:30.9612072+00:00" testType="13cdc9d9-ddb5-4fa4-a97d-d965ccfc6d4b" outcome="Passed" testListId="8c84fa94-04c1-424b-9868-57a2d4851a1d" relativeResultsDirectory="b4d53b27-d613-4579-a51f-eb01f298130c" />
    <UnitTestResult executionId="d4be63fb-5000-4998-a307-635e056a6894" testId="1784d12b-da19-58ea-1ce0-28b4c319e25a" testName="SGuard.DataAnnotations.Tests.Attributes.SGuardCreditCardAttributeTests.ReturnsSuccess_WhenValueIsValidAmex" computerName="runnervmf4ws1" duration="00:00:00.0001293" startTime="2025-09-12T12:00:30.9758275+00:00" endTime="2025-09-12T12:00:30.9759149+00:00" testType="13cdc9d9-ddb5-4fa4-a97d-d965ccfc6d4b" outcome="Passed" testListId="8c84fa94-04c1-424b-9868-57a2d4851a1d" relativeResultsDirectory="d4be63fb-5000-4998-a307-635e056a6894" />
    <UnitTestResult executionId="e1e63b38-660f-4163-a208-62d2fabbeec2" testId="1c59d7c9-063b-4e4d-eeb7-8b7090f5e894" testName="SGuard.DataAnnotations.Tests.Attributes.SGuardRangeAttributeTests.ReturnsSuccess_WhenValueIsEqualToMaximum" computerName="runnervmf4ws1" duration="00:00:00.0001466" startTime="2025-09-12T12:00:31.0495308+00:00" endTime="2025-09-12T12:00:31.0496801+00:00" testType="13cdc9d9-ddb5-4fa4-a97d-d965ccfc6d4b" outcome="Passed" testListId="8c84fa94-04c1-424b-9868-57a2d4851a1d" relativeResultsDirectory="e1e63b38-660f-4163-a208-62d2fabbeec2" />
    <UnitTestResult executionId="55cde3b1-5daf-45f4-930d-33d43b1ae06e" testId="ab0ad024-438f-f472-30c1-e0859cd770e6" testName="SGuard.DataAnnotations.Tests.Attributes.SGuardMinCountAttributeTests.ReturnsError_WhenEnumerableCountIsLessThanMin" computerName="runnervmf4ws1" duration="00:00:00.0001544" startTime="2025-09-12T12:00:30.9215281+00:00" endTime="2025-09-12T12:00:30.9222078+00:00" testType="13cdc9d9-ddb5-4fa4-a97d-d965ccfc6d4b" outcome="Passed" testListId="8c84fa94-04c1-424b-9868-57a2d4851a1d" relativeResultsDirectory="55cde3b1-5daf-45f4-930d-33d43b1ae06e" />
    <UnitTestResult executionId="e803a591-dac1-4559-9187-fd6576452052" testId="d19b4370-dfc6-ad20-cdc0-734574e441c8" testName="SGuard.DataAnnotations.Tests.Attributes.SGuardCompareAttributeTests.ReturnsLocalizedErrorMessage_WhenCultureIsSet(culture: &quot;ja&quot;)" computerName="runnervmf4ws1" duration="00:00:00.0000294" startTime="2025-09-12T12:00:31.1207607+00:00" endTime="2025-09-12T12:00:31.1209174+00:00" testType="13cdc9d9-ddb5-4fa4-a97d-d965ccfc6d4b" outcome="Passed" testListId="8c84fa94-04c1-424b-9868-57a2d4851a1d" relativeResultsDirectory="e803a591-dac1-4559-9187-fd6576452052" />
    <UnitTestResult executionId="20cc22b8-65bb-4544-86a2-928db5d8b5b0" testId="58eebdef-28a3-7d06-c213-4aa00f14b8b1" testName="SGuard.DataAnnotations.Tests.Attributes.SGuardEmailAddressAttributeTests.ReturnsError_WhenValueIsWhitespace" computerName="runnervmf4ws1" duration="00:00:00.0001295" startTime="2025-09-12T12:00:31.3828059+00:00" endTime="2025-09-12T12:00:31.3829577+00:00" testType="13cdc9d9-ddb5-4fa4-a97d-d965ccfc6d4b" outcome="Passed" testListId="8c84fa94-04c1-424b-9868-57a2d4851a1d" relativeResultsDirectory="20cc22b8-65bb-4544-86a2-928db5d8b5b0" />
    <UnitTestResult executionId="4a4e3635-b028-4b68-8886-8df097e36270" testId="4dc72e31-0b94-fa03-d555-333ccea89411" testName="SGuard.DataAnnotations.Tests.Attributes.SGuardCompareAttributeTests.HandlesVeryLongStrings" computerName="runnervmf4ws1" duration="00:00:00.0002008" startTime="2025-09-12T12:00:31.0825749+00:00" endTime="2025-09-12T12:00:31.0854805+00:00" testType="13cdc9d9-ddb5-4fa4-a97d-d965ccfc6d4b" outcome="Passed" testListId="8c84fa94-04c1-424b-9868-57a2d4851a1d" relativeResultsDirectory="4a4e3635-b028-4b68-8886-8df097e36270" />
    <UnitTestResult executionId="568c5404-2879-444a-82ea-71047636f66c" testId="688c869f-43c2-c56d-139b-753ad9c4e2b8" testName="SGuard.DataAnnotations.Tests.Extensions.DataAnnotationsExceptionExtensionsTest.TryGetValidationErrors_ReturnsTrueAndPopulatesErrors_WhenValidationErrorsExist" computerName="runnervmf4ws1" duration="00:00:00.0128494" startTime="2025-09-12T12:00:30.8550265+00:00" endTime="2025-09-12T12:00:30.8875685+00:00" testType="13cdc9d9-ddb5-4fa4-a97d-d965ccfc6d4b" outcome="Passed" testListId="8c84fa94-04c1-424b-9868-57a2d4851a1d" relativeResultsDirectory="568c5404-2879-444a-82ea-71047636f66c" />
    <UnitTestResult executionId="954e9cfc-1462-45d7-93c2-88dfbfdc8ba6" testId="7e7b9c1e-babc-ac42-36f5-c064ed6a9a1c" testName="SGuard.DataAnnotations.Tests.Attributes.SGuardCompareAttributeTests.FailsWithNullableValues_OnlyOneIsNull" computerName="runnervmf4ws1" duration="00:00:00.0001841" startTime="2025-09-12T12:00:31.1628247+00:00" endTime="2025-09-12T12:00:31.1629134+00:00" testType="13cdc9d9-ddb5-4fa4-a97d-d965ccfc6d4b" outcome="Passed" testListId="8c84fa94-04c1-424b-9868-57a2d4851a1d" relativeResultsDirectory="954e9cfc-1462-45d7-93c2-88dfbfdc8ba6" />
    <UnitTestResult executionId="ef140acd-315e-483a-a624-f9ab345d4ed0" testId="9302277b-8281-96ce-7164-eed276a176b3" testName="SGuard.DataAnnotations.Tests.Attributes.SGuardLessThanAttributeTests.ReturnsError_WhenDecimalValueIsNotLessThanOther" computerName="runnervmf4ws1" duration="00:00:00.0034818" startTime="2025-09-12T12:00:31.0943688+00:00" endTime="2025-09-12T12:00:31.1403518+00:00" testType="13cdc9d9-ddb5-4fa4-a97d-d965ccfc6d4b" outcome="Passed" testListId="8c84fa94-04c1-424b-9868-57a2d4851a1d" relativeResultsDirectory="ef140acd-315e-483a-a624-f9ab345d4ed0" />
    <UnitTestResult executionId="31e65eaa-17d3-4586-a73f-c9abace90c4b" testId="4cfe696d-2c66-ba14-94e5-b1c7f8adc785" testName="SGuard.DataAnnotations.Tests.Attributes.SGuardCreditCardAttributeTests.ReturnsLocalizedErrorMessage_WhenCultureIsSet(culture: &quot;ru&quot;)" computerName="runnervmf4ws1" duration="00:00:00.0002518" startTime="2025-09-12T12:00:30.9601508+00:00" endTime="2025-09-12T12:00:30.9602989+00:00" testType="13cdc9d9-ddb5-4fa4-a97d-d965ccfc6d4b" outcome="Passed" testListId="8c84fa94-04c1-424b-9868-57a2d4851a1d" relativeResultsDirectory="31e65eaa-17d3-4586-a73f-c9abace90c4b" />
    <UnitTestResult executionId="5b10ff01-7c20-4ad6-8a74-06436986a808" testId="79fbb9cd-cbc8-b948-10ce-5d9bcbab381c" testName="SGuard.DataAnnotations.Tests.Attributes.SGuardCreditCardAttributeTests.ReturnsSuccess_WhenNumberIsAllZeros" computerName="runnervmf4ws1" duration="00:00:00.0001674" startTime="2025-09-12T12:00:31.0279523+00:00" endTime="2025-09-12T12:00:31.0281002+00:00" testType="13cdc9d9-ddb5-4fa4-a97d-d965ccfc6d4b" outcome="Passed" testListId="8c84fa94-04c1-424b-9868-57a2d4851a1d" relativeResultsDirectory="5b10ff01-7c20-4ad6-8a74-06436986a808" />
    <UnitTestResult executionId="5942d153-d124-4977-ae6c-877371d15dab" testId="7c32f423-8e0c-a2de-85b6-19e6c1f80dce" testName="SGuard.DataAnnotations.Tests.Attributes.SGuardCreditCardAttributeTests.ReturnsSuccess_WhenValueIsValidTestCreditCard(cardNumber: &quot;38520000023237&quot;)" computerName="runnervmf4ws1" duration="00:00:00.0000096" startTime="2025-09-12T12:00:30.8981975+00:00" endTime="2025-09-12T12:00:30.8982560+00:00" testType="13cdc9d9-ddb5-4fa4-a97d-d965ccfc6d4b" outcome="Passed" testListId="8c84fa94-04c1-424b-9868-57a2d4851a1d" relativeResultsDirectory="5942d153-d124-4977-ae6c-877371d15dab" />
    <UnitTestResult executionId="7f804f9d-cea0-4e4c-a2ce-29d5177a33e1" testId="bd88b21d-6448-e40c-0742-fc2176115994" testName="SGuard.DataAnnotations.Tests.Attributes.SGuardBetweenAttributeTests.UsesInvariantCulture_WhenResourceNotFound" computerName="runnervmf4ws1" duration="00:00:00.0003888" startTime="2025-09-12T12:00:30.8338396+00:00" endTime="2025-09-12T12:00:30.8339379+00:00" testType="13cdc9d9-ddb5-4fa4-a97d-d965ccfc6d4b" outcome="Passed" testListId="8c84fa94-04c1-424b-9868-57a2d4851a1d" relativeResultsDirectory="7f804f9d-cea0-4e4c-a2ce-29d5177a33e1" />
    <UnitTestResult executionId="073e5071-320a-4c34-88a6-e334a96465f8" testId="7a45e5b4-b37c-dd0d-42d4-b89ff4a76390" testName="SGuard.DataAnnotations.Tests.Attributes.SGuardEmailAddressAttributeTests.SupportsMultipleAttributes_OnSameProperty" computerName="runnervmf4ws1" duration="00:00:00.0001631" startTime="2025-09-12T12:00:31.3015879+00:00" endTime="2025-09-12T12:00:31.3017309+00:00" testType="13cdc9d9-ddb5-4fa4-a97d-d965ccfc6d4b" outcome="Passed" testListId="8c84fa94-04c1-424b-9868-57a2d4851a1d" relativeResultsDirectory="073e5071-320a-4c34-88a6-e334a96465f8" />
    <UnitTestResult executionId="33a35417-39b3-490f-94a2-72b347315eee" testId="c3d2bc6c-b99d-0b63-9c60-e4b9e91013f0" testName="SGuard.DataAnnotations.Tests.Attributes.SGuardEmailAddressAttributeTests.HandlesVeryLongLocalPart" computerName="runnervmf4ws1" duration="00:00:00.0002092" startTime="2025-09-12T12:00:31.3706280+00:00" endTime="2025-09-12T12:00:31.3707642+00:00" testType="13cdc9d9-ddb5-4fa4-a97d-d965ccfc6d4b" outcome="Passed" testListId="8c84fa94-04c1-424b-9868-57a2d4851a1d" relativeResultsDirectory="33a35417-39b3-490f-94a2-72b347315eee" />
    <UnitTestResult executionId="e92c0b38-48f6-4d5b-8d8f-2f28950c79fd" testId="7f1262c7-9267-6848-7a6a-63fee330a8ad" testName="SGuard.DataAnnotations.Tests.Attributes.SGuardCompareAttributeTests.ReturnsLocalizedErrorMessage_WhenCultureIsSet(culture: &quot;en&quot;)" computerName="runnervmf4ws1" duration="00:00:00.0002565" startTime="2025-09-12T12:00:31.1029277+00:00" endTime="2025-09-12T12:00:31.1093584+00:00" testType="13cdc9d9-ddb5-4fa4-a97d-d965ccfc6d4b" outcome="Passed" testListId="8c84fa94-04c1-424b-9868-57a2d4851a1d" relativeResultsDirectory="e92c0b38-48f6-4d5b-8d8f-2f28950c79fd" />
    <UnitTestResult executionId="7821bc49-e301-45cb-9b69-fddff3afd3bc" testId="181598e2-c6b1-2784-b176-289e525b0b8a" testName="SGuard.DataAnnotations.Tests.Attributes.SGuardMaxLengthAttributeTests.ReturnsError_WhenStringIsLongerThanMaxLength" computerName="runnervmf4ws1" duration="00:00:00.0003258" startTime="2025-09-12T12:00:31.1921102+00:00" endTime="2025-09-12T12:00:31.1922682+00:00" testType="13cdc9d9-ddb5-4fa4-a97d-d965ccfc6d4b" outcome="Passed" testListId="8c84fa94-04c1-424b-9868-57a2d4851a1d" relativeResultsDirectory="7821bc49-e301-45cb-9b69-fddff3afd3bc" />
    <UnitTestResult executionId="2451ccec-620e-45c4-9af0-13bec5ae0304" testId="ecad3456-8296-c58d-d8eb-144a0cc42e21" testName="SGuard.DataAnnotations.Tests.Attributes.SGuardEmailAddressAttributeTests.ReturnsSuccess_WhenValueIsBusinessEmailFormat(email: &quot;admin@nonprofit.org&quot;)" computerName="runnervmf4ws1" duration="00:00:00.0000102" startTime="2025-09-12T12:00:31.2650690+00:00" endTime="2025-09-12T12:00:31.2653698+00:00" testType="13cdc9d9-ddb5-4fa4-a97d-d965ccfc6d4b" outcome="Passed" testListId="8c84fa94-04c1-424b-9868-57a2d4851a1d" relativeResultsDirectory="2451ccec-620e-45c4-9af0-13bec5ae0304" />
    <UnitTestResult executionId="f7f4b759-66fd-43b2-befe-7fe6cd5693ed" testId="e2003228-eccc-5e56-b410-7f365127fa8c" testName="SGuard.DataAnnotations.Tests.Attributes.SGuardMaxLengthAttributeTests.ReturnsLocalizedErrorMessage_WhenCultureIsSetToTurkish" computerName="runnervmf4ws1" duration="00:00:00.0003850" startTime="2025-09-12T12:00:31.1937489+00:00" endTime="2025-09-12T12:00:31.1939047+00:00" testType="13cdc9d9-ddb5-4fa4-a97d-d965ccfc6d4b" outcome="Passed" testListId="8c84fa94-04c1-424b-9868-57a2d4851a1d" relativeResultsDirectory="f7f4b759-66fd-43b2-befe-7fe6cd5693ed" />
    <UnitTestResult executionId="17387b19-77ac-4d73-9cbf-28cdc883f81e" testId="dab30612-e288-76a9-0e8e-556c3a8ddede" testName="SGuard.DataAnnotations.Tests.Attributes.SGuardCreditCardAttributeTests.ReturnsError_WhenValueIsInvalidTestCreditCard(cardNumber: &quot;378282246310004&quot;)" computerName="runnervmf4ws1" duration="00:00:00.0000129" startTime="2025-09-12T12:00:30.9287104+00:00" endTime="2025-09-12T12:00:30.9288035+00:00" testType="13cdc9d9-ddb5-4fa4-a97d-d965ccfc6d4b" outcome="Passed" testListId="8c84fa94-04c1-424b-9868-57a2d4851a1d" relativeResultsDirectory="17387b19-77ac-4d73-9cbf-28cdc883f81e" />
    <UnitTestResult executionId="f8c1bd74-71bc-444e-bf09-3432ebb68f0d" testId="a9e3ef2d-963b-68b9-593a-b3e2a08e6467" testName="SGuard.DataAnnotations.Tests.Attributes.SGuardCompareAttributeTests.HandlesMinMaxIntValues" computerName="runnervmf4ws1" duration="00:00:00.0003442" startTime="2025-09-12T12:00:31.1283438+00:00" endTime="2025-09-12T12:00:31.1319840+00:00" testType="13cdc9d9-ddb5-4fa4-a97d-d965ccfc6d4b" outcome="Passed" testListId="8c84fa94-04c1-424b-9868-57a2d4851a1d" relativeResultsDirectory="f8c1bd74-71bc-444e-bf09-3432ebb68f0d" />
    <UnitTestResult executionId="3213a461-2055-4b91-a767-ba3d98553f86" testId="915cc370-a4c5-cec5-8e75-cea5cb32f409" testName="SGuard.DataAnnotations.Tests.Attributes.SGuardBetweenAttributeTests.ReturnsSuccess_WhenValueIsWithinInclusiveRange" computerName="runnervmf4ws1" duration="00:00:00.0001977" startTime="2025-09-12T12:00:30.8493000+00:00" endTime="2025-09-12T12:00:30.8493953+00:00" testType="13cdc9d9-ddb5-4fa4-a97d-d965ccfc6d4b" outcome="Passed" testListId="8c84fa94-04c1-424b-9868-57a2d4851a1d" relativeResultsDirectory="3213a461-2055-4b91-a767-ba3d98553f86" />
    <UnitTestResult executionId="c9337335-bb41-4906-b2ed-63174ac2cf82" testId="ed1d94bc-fd0b-21ab-f84b-7c81cc08363b" testName="SGuard.DataAnnotations.Tests.Attributes.SGuardEmailAddressAttributeTests.ReturnsSuccess_WhenValueIsCommonEmailProvider(email: &quot;user@icloud.com&quot;)" computerName="runnervmf4ws1" duration="00:00:00.0000103" startTime="2025-09-12T12:00:31.2261908+00:00" endTime="2025-09-12T12:00:31.2263478+00:00" testType="13cdc9d9-ddb5-4fa4-a97d-d965ccfc6d4b" outcome="Passed" testListId="8c84fa94-04c1-424b-9868-57a2d4851a1d" relativeResultsDirectory="c9337335-bb41-4906-b2ed-63174ac2cf82" />
    <UnitTestResult executionId="cae00f83-71da-4bd3-9a43-42bd70bbf833" testId="704f035e-345a-debb-839b-c97ef7751c63" testName="SGuard.DataAnnotations.Tests.Attributes.SGuardLessThanAttributeTests.ReturnsError_WhenOtherPropertyDoesNotExist" computerName="runnervmf4ws1" duration="00:00:00.0001462" startTime="2025-09-12T12:00:31.1446625+00:00" endTime="2025-09-12T12:00:31.1448153+00:00" testType="13cdc9d9-ddb5-4fa4-a97d-d965ccfc6d4b" outcome="Passed" testListId="8c84fa94-04c1-424b-9868-57a2d4851a1d" relativeResultsDirectory="cae00f83-71da-4bd3-9a43-42bd70bbf833" />
    <UnitTestResult executionId="49ebb55d-b288-495b-85b7-aff18b7259fd" testId="8d452b53-bcbd-4ef9-87eb-bb2d9bd289be" testName="SGuard.DataAnnotations.Tests.Attributes.SGuardEmailAddressAttributeTests.ReturnsError_WhenValueIsObject" computerName="runnervmf4ws1" duration="00:00:00.0001990" startTime="2025-09-12T12:00:31.3613213+00:00" endTime="2025-09-12T12:00:31.3614751+00:00" testType="13cdc9d9-ddb5-4fa4-a97d-d965ccfc6d4b" outcome="Passed" testListId="8c84fa94-04c1-424b-9868-57a2d4851a1d" relativeResultsDirectory="49ebb55d-b288-495b-85b7-aff18b7259fd" />
    <UnitTestResult executionId="d33e1168-50e4-47d2-9cce-4a1e9a78c1b3" testId="62c15762-4136-aa73-30e0-83968e3e2c19" testName="SGuard.DataAnnotations.Tests.Attributes.SGuardMinLengthAttributeTests.ReturnsSuccess_WhenStringIsLongerThanMinLength" computerName="runnervmf4ws1" duration="00:00:00.0001220" startTime="2025-09-12T12:00:30.8087175+00:00" endTime="2025-09-12T12:00:30.8088220+00:00" testType="13cdc9d9-ddb5-4fa4-a97d-d965ccfc6d4b" outcome="Passed" testListId="8c84fa94-04c1-424b-9868-57a2d4851a1d" relativeResultsDirectory="d33e1168-50e4-47d2-9cce-4a1e9a78c1b3" />
    <UnitTestResult executionId="75dfa439-a461-4dcd-96e6-0c5278f807f4" testId="18611a79-282d-65c0-3de9-f03975e1e6ec" testName="SGuard.DataAnnotations.Tests.Attributes.SGuardCreditCardAttributeTests.ReturnsSuccess_WhenValueIsValidTestCreditCard(cardNumber: &quot;378282246310005&quot;)" computerName="runnervmf4ws1" duration="00:00:00.0000045" startTime="2025-09-12T12:00:30.9153939+00:00" endTime="2025-09-12T12:00:30.9155391+00:00" testType="13cdc9d9-ddb5-4fa4-a97d-d965ccfc6d4b" outcome="Passed" testListId="8c84fa94-04c1-424b-9868-57a2d4851a1d" relativeResultsDirectory="75dfa439-a461-4dcd-96e6-0c5278f807f4" />
    <UnitTestResult executionId="c96d5e65-c068-46ac-addc-f2f1a28632c7" testId="6f5d4c82-e97a-8919-fcd3-1e6e9b124483" testName="SGuard.DataAnnotations.Tests.Attributes.SGuardMaxCountAttributeTests.ThrowsArgumentOutOfRangeException_WhenMaxCountIsNegative" computerName="runnervmf4ws1" duration="00:00:00.0002918" startTime="2025-09-12T12:00:30.8561002+00:00" endTime="2025-09-12T12:00:30.8562330+00:00" testType="13cdc9d9-ddb5-4fa4-a97d-d965ccfc6d4b" outcome="Passed" testListId="8c84fa94-04c1-424b-9868-57a2d4851a1d" relativeResultsDirectory="c96d5e65-c068-46ac-addc-f2f1a28632c7" />
    <UnitTestResult executionId="13122ffa-4ff1-4cb4-833d-580176c8a952" testId="cad8a71e-9ec3-0cfe-ecda-314fd7839d3f" testName="SGuard.DataAnnotations.Tests.DataAnnotation.IsTests.DataAnnotationsValid_InvalidObject_ReturnsFalse" computerName="runnervmf4ws1" duration="00:00:00.0004593" startTime="2025-09-12T12:00:31.2001013+00:00" endTime="2025-09-12T12:00:31.2042545+00:00" testType="13cdc9d9-ddb5-4fa4-a97d-d965ccfc6d4b" outcome="Passed" testListId="8c84fa94-04c1-424b-9868-57a2d4851a1d" relativeResultsDirectory="13122ffa-4ff1-4cb4-833d-580176c8a952" />
    <UnitTestResult executionId="a9382ceb-e4c1-47ac-a6ed-b4fc233c738b" testId="415ed7a6-e4fc-36b9-c8af-402d2a0972cd" testName="SGuard.DataAnnotations.Tests.Attributes.SGuardEmailAddressAttributeTests.ReturnsSuccess_WhenValueIsValidEmailFormat(email: &quot;a@b.co&quot;)" computerName="runnervmf4ws1" duration="00:00:00.0000086" startTime="2025-09-12T12:00:31.3175215+00:00" endTime="2025-09-12T12:00:31.3176586+00:00" testType="13cdc9d9-ddb5-4fa4-a97d-d965ccfc6d4b" outcome="Passed" testListId="8c84fa94-04c1-424b-9868-57a2d4851a1d" relativeResultsDirectory="a9382ceb-e4c1-47ac-a6ed-b4fc233c738b" />
    <UnitTestResult executionId="890d5f2a-4a9c-4f3d-9866-e18f5d6f9cb5" testId="857359ab-93f4-c81a-1caf-710aa5c3e845" testName="SGuard.DataAnnotations.Tests.Attributes.SGuardCompareAttributeTests.UsesInvariantCulture_WhenResourceNotFound" computerName="runnervmf4ws1" duration="00:00:00.0003288" startTime="2025-09-12T12:00:31.1638441+00:00" endTime="2025-09-12T12:00:31.1639293+00:00" testType="13cdc9d9-ddb5-4fa4-a97d-d965ccfc6d4b" outcome="Passed" testListId="8c84fa94-04c1-424b-9868-57a2d4851a1d" relativeResultsDirectory="890d5f2a-4a9c-4f3d-9866-e18f5d6f9cb5" />
    <UnitTestResult executionId="1bd314ba-dc69-4739-aab0-76bc20feaa86" testId="e7be3592-afc7-ffe3-a95b-c00da1b739a3" testName="SGuard.DataAnnotations.Tests.Attributes.SGuardCreditCardAttributeTests.ReturnsError_WhenValueIsInvalidTestCreditCard(cardNumber: &quot;9999999999999999&quot;)" computerName="runnervmf4ws1" duration="00:00:00.0000125" startTime="2025-09-12T12:00:30.9277637+00:00" endTime="2025-09-12T12:00:30.9278695+00:00" testType="13cdc9d9-ddb5-4fa4-a97d-d965ccfc6d4b" outcome="Passed" testListId="8c84fa94-04c1-424b-9868-57a2d4851a1d" relativeResultsDirectory="1bd314ba-dc69-4739-aab0-76bc20feaa86" />
    <UnitTestResult executionId="80a09d04-2fea-4204-9ece-f7db4c93c072" testId="7eb94941-9267-40cb-594c-0bac2724caba" testName="SGuard.DataAnnotations.Tests.Attributes.SGuardBetweenAttributeTests.WorksWithDateTimeValues_OnBounds" computerName="runnervmf4ws1" duration="00:00:00.0014936" startTime="2025-09-12T12:00:30.8442377+00:00" endTime="2025-09-12T12:00:30.8443408+00:00" testType="13cdc9d9-ddb5-4fa4-a97d-d965ccfc6d4b" outcome="Passed" testListId="8c84fa94-04c1-424b-9868-57a2d4851a1d" relativeResultsDirectory="80a09d04-2fea-4204-9ece-f7db4c93c072" />
    <UnitTestResult executionId="4aa00a2d-123b-4a3d-8ca5-7181d5006587" testId="470fb097-9a54-a344-e7af-6f2c0d1e77b6" testName="SGuard.DataAnnotations.Tests.Attributes.SGuardRangeAttributeTests.ThrowsArgumentNullException_WhenResourceTypeIsNull" computerName="runnervmf4ws1" duration="00:00:00.0002454" startTime="2025-09-12T12:00:31.0119304+00:00" endTime="2025-09-12T12:00:31.0120868+00:00" testType="13cdc9d9-ddb5-4fa4-a97d-d965ccfc6d4b" outcome="Passed" testListId="8c84fa94-04c1-424b-9868-57a2d4851a1d" relativeResultsDirectory="4aa00a2d-123b-4a3d-8ca5-7181d5006587" />
    <UnitTestResult executionId="515a89ab-81fd-4470-b08b-4c94356abab8" testId="f791abfc-b2b5-9902-1a21-5b3a0eb9fef0" testName="SGuard.DataAnnotations.Tests.Attributes.SGuardPhoneAttributeTests.ReturnsError_WhenPhoneIsInvalid" computerName="runnervmf4ws1" duration="00:00:00.0002879" startTime="2025-09-12T12:00:30.9836632+00:00" endTime="2025-09-12T12:00:30.9837525+00:00" testType="13cdc9d9-ddb5-4fa4-a97d-d965ccfc6d4b" outcome="Passed" testListId="8c84fa94-04c1-424b-9868-57a2d4851a1d" relativeResultsDirectory="515a89ab-81fd-4470-b08b-4c94356abab8" />
    <UnitTestResult executionId="48d1e9b8-fcdc-4a80-84a4-4b48764b61ab" testId="d5e44dbb-4518-24d0-e50b-48d357d042f7" testName="SGuard.DataAnnotations.Tests.Attributes.SGuardBetweenAttributeTests.HandlesEqualMinMaxValues_Exclusive" computerName="runnervmf4ws1" duration="00:00:00.0074834" startTime="2025-09-12T12:00:30.8186890+00:00" endTime="2025-09-12T12:00:30.8198219+00:00" testType="13cdc9d9-ddb5-4fa4-a97d-d965ccfc6d4b" outcome="Passed" testListId="8c84fa94-04c1-424b-9868-57a2d4851a1d" relativeResultsDirectory="48d1e9b8-fcdc-4a80-84a4-4b48764b61ab" />
    <UnitTestResult executionId="81ab34da-255f-4970-87fe-e8da7c31cf4e" testId="b1dff3e0-131a-5859-39fa-f522da206203" testName="SGuard.DataAnnotations.Tests.Attributes.SGuardEmailAddressAttributeTests.ReturnsError_WhenValueIsInvalidEmailFormat(email: &quot;user@&quot;)" computerName="runnervmf4ws1" duration="00:00:00.0001787" startTime="2025-09-12T12:00:31.3536506+00:00" endTime="2025-09-12T12:00:31.3537870+00:00" testType="13cdc9d9-ddb5-4fa4-a97d-d965ccfc6d4b" outcome="Passed" testListId="8c84fa94-04c1-424b-9868-57a2d4851a1d" relativeResultsDirectory="81ab34da-255f-4970-87fe-e8da7c31cf4e" />
    <UnitTestResult executionId="bd8d3162-612d-48d1-9d12-460a9eb57730" testId="38e9c795-2c39-ddc9-8e2f-42c2f16c253a" testName="SGuard.DataAnnotations.Tests.Attributes.SGuardMinLengthAttributeTests.ThrowsArgumentNullException_WhenResourceNameIsNull" computerName="runnervmf4ws1" duration="00:00:00.0001894" startTime="2025-09-12T12:00:30.8077080+00:00" endTime="2025-09-12T12:00:30.8078130+00:00" testType="13cdc9d9-ddb5-4fa4-a97d-d965ccfc6d4b" outcome="Passed" testListId="8c84fa94-04c1-424b-9868-57a2d4851a1d" relativeResultsDirectory="bd8d3162-612d-48d1-9d12-460a9eb57730" />
    <UnitTestResult executionId="db11b86f-dca2-42d3-a175-6265fcd46190" testId="1e1dce66-ffc3-e974-fca9-ab0825641ba8" testName="SGuard.DataAnnotations.Tests.Attributes.SGuardBetweenAttributeTests.WorksWithDateTimeValues_Inclusive" computerName="runnervmf4ws1" duration="00:00:00.0004538" startTime="2025-09-12T12:00:30.8797946+00:00" endTime="2025-09-12T12:00:30.8808355+00:00" testType="13cdc9d9-ddb5-4fa4-a97d-d965ccfc6d4b" outcome="Passed" testListId="8c84fa94-04c1-424b-9868-57a2d4851a1d" relativeResultsDirectory="db11b86f-dca2-42d3-a175-6265fcd46190" />
    <UnitTestResult executionId="00f72201-d11d-4c58-b8dc-d5bf89bfdb24" testId="90364ebf-e194-1b77-acdc-71873e1b7143" testName="SGuard.DataAnnotations.Tests.Attributes.SGuardCompareAttributeTests.WorksWithNullableValues_BothHaveValues" computerName="runnervmf4ws1" duration="00:00:00.0004591" startTime="2025-09-12T12:00:31.0594301+00:00" endTime="2025-09-12T12:00:31.0632406+00:00" testType="13cdc9d9-ddb5-4fa4-a97d-d965ccfc6d4b" outcome="Passed" testListId="8c84fa94-04c1-424b-9868-57a2d4851a1d" relativeResultsDirectory="00f72201-d11d-4c58-b8dc-d5bf89bfdb24" />
    <UnitTestResult executionId="edca02ad-f30a-4f9e-8495-ad96cc5c3465" testId="79fd0968-acd4-fda0-1a03-2af9466b13a4" testName="SGuard.DataAnnotations.Tests.Attributes.SGuardEmailAddressAttributeTests.ReturnsSuccess_WhenValueIsCommonEmailProvider(email: &quot;user@yahoo.com&quot;)" computerName="runnervmf4ws1" duration="00:00:00.0001726" startTime="2025-09-12T12:00:31.2219899+00:00" endTime="2025-09-12T12:00:31.2247752+00:00" testType="13cdc9d9-ddb5-4fa4-a97d-d965ccfc6d4b" outcome="Passed" testListId="8c84fa94-04c1-424b-9868-57a2d4851a1d" relativeResultsDirectory="edca02ad-f30a-4f9e-8495-ad96cc5c3465" />
    <UnitTestResult executionId="6bb1a80e-da59-4445-a197-d09a89027fcd" testId="57a39652-a5d5-4278-0df9-a00ced5dc2dd" testName="SGuard.DataAnnotations.Tests.Attributes.SGuardBetweenAttributeTests.ReturnsError_WhenValueIsAboveMax_Exclusive" computerName="runnervmf4ws1" duration="00:00:00.0002118" startTime="2025-09-12T12:00:30.8602412+00:00" endTime="2025-09-12T12:00:30.8613557+00:00" testType="13cdc9d9-ddb5-4fa4-a97d-d965ccfc6d4b" outcome="Passed" testListId="8c84fa94-04c1-424b-9868-57a2d4851a1d" relativeResultsDirectory="6bb1a80e-da59-4445-a197-d09a89027fcd" />
    <UnitTestResult executionId="ab493395-da17-43a5-8f9f-ce3926f3fbd6" testId="d45fd41a-f325-8d0c-8cb4-5ef3eec767f3" testName="SGuard.DataAnnotations.Tests.Attributes.SGuardCreditCardAttributeTests.UsesInvariantCulture_WhenResourceNotFound" computerName="runnervmf4ws1" duration="00:00:00.0004804" startTime="2025-09-12T12:00:30.9529984+00:00" endTime="2025-09-12T12:00:30.9531582+00:00" testType="13cdc9d9-ddb5-4fa4-a97d-d965ccfc6d4b" outcome="Passed" testListId="8c84fa94-04c1-424b-9868-57a2d4851a1d" relativeResultsDirectory="ab493395-da17-43a5-8f9f-ce3926f3fbd6" />
    <UnitTestResult executionId="a7de55bd-b436-4273-8a0c-319baa07d3fe" testId="120bac6d-5e17-34c3-3c30-c83be9c5ac60" testName="SGuard.DataAnnotations.Tests.Attributes.SGuardEmailAddressAttributeTests.ReturnsSuccess_WhenValueIsBusinessEmailFormat(email: &quot;support@service.net&quot;)" computerName="runnervmf4ws1" duration="00:00:00.0000052" startTime="2025-09-12T12:00:31.2750413+00:00" endTime="2025-09-12T12:00:31.2758129+00:00" testType="13cdc9d9-ddb5-4fa4-a97d-d965ccfc6d4b" outcome="Passed" testListId="8c84fa94-04c1-424b-9868-57a2d4851a1d" relativeResultsDirectory="a7de55bd-b436-4273-8a0c-319baa07d3fe" />
    <UnitTestResult executionId="6de54175-f8bd-451e-8972-89ae5bdb5042" testId="2744c131-c3ef-c9ac-68af-49e8d228d0e8" testName="SGuard.DataAnnotations.Tests.Attributes.SGuardCompareAttributeTests.HandlesUnicodeCharacters" computerName="runnervmf4ws1" duration="00:00:00.0002222" startTime="2025-09-12T12:00:31.0868737+00:00" endTime="2025-09-12T12:00:31.0870179+00:00" testType="13cdc9d9-ddb5-4fa4-a97d-d965ccfc6d4b" outcome="Passed" testListId="8c84fa94-04c1-424b-9868-57a2d4851a1d" relativeResultsDirectory="6de54175-f8bd-451e-8972-89ae5bdb5042" />
    <UnitTestResult executionId="8efbd468-208f-4f21-8a72-9f2b64762f2c" testId="1bec7ca9-f747-370f-4b0f-e38d88280d42" testName="SGuard.DataAnnotations.Tests.Attributes.SGuardCreditCardAttributeTests.ReturnsLocalizedErrorMessage_WhenCultureIsSet(culture: &quot;hi&quot;)" computerName="runnervmf4ws1" duration="00:00:00.0001420" startTime="2025-09-12T12:00:30.9636839+00:00" endTime="2025-09-12T12:00:30.9637705+00:00" testType="13cdc9d9-ddb5-4fa4-a97d-d965ccfc6d4b" outcome="Passed" testListId="8c84fa94-04c1-424b-9868-57a2d4851a1d" relativeResultsDirectory="8efbd468-208f-4f21-8a72-9f2b64762f2c" />
    <UnitTestResult executionId="8c5cd9fc-2048-419a-93c6-141c885fe8a3" testId="2187ad65-87f0-bfcf-d975-396aa8f70701" testName="SGuard.DataAnnotations.Tests.Attributes.SGuardCreditCardAttributeTests.ReturnsSuccess_WhenValueIsValidTestCreditCard(cardNumber: &quot;30569309025904&quot;)" computerName="runnervmf4ws1" duration="00:00:00.0000069" startTime="2025-09-12T12:00:30.8993525+00:00" endTime="2025-09-12T12:00:30.8994035+00:00" testType="13cdc9d9-ddb5-4fa4-a97d-d965ccfc6d4b" outcome="Passed" testListId="8c84fa94-04c1-424b-9868-57a2d4851a1d" relativeResultsDirectory="8c5cd9fc-2048-419a-93c6-141c885fe8a3" />
    <UnitTestResult executionId="cfb64d77-0d7a-441a-85d8-d3a7cc8ae6fe" testId="56861c5d-39e6-3ef1-24f6-45f32a97656f" testName="SGuard.DataAnnotations.Tests.Attributes.SGuardCompareAttributeTests.ReturnsLocalizedErrorMessage_WhenCultureIsSet(culture: &quot;de&quot;)" computerName="runnervmf4ws1" duration="00:00:00.0000249" startTime="2025-09-12T12:00:31.1152659+00:00" endTime="2025-09-12T12:00:31.1167776+00:00" testType="13cdc9d9-ddb5-4fa4-a97d-d965ccfc6d4b" outcome="Passed" testListId="8c84fa94-04c1-424b-9868-57a2d4851a1d" relativeResultsDirectory="cfb64d77-0d7a-441a-85d8-d3a7cc8ae6fe" />
    <UnitTestResult executionId="68024187-4069-4a0a-bc5b-16c27539036b" testId="6dbe238a-784e-6e0e-2206-9ec117063a6b" testName="SGuard.DataAnnotations.Tests.DataAnnotation.IsTests.DataAnnotationsValid_CallbackReceivesFailureOnFalse" computerName="runnervmf4ws1" duration="00:00:00.0004184" startTime="2025-09-12T12:00:31.2057104+00:00" endTime="2025-09-12T12:00:31.2066396+00:00" testType="13cdc9d9-ddb5-4fa4-a97d-d965ccfc6d4b" outcome="Passed" testListId="8c84fa94-04c1-424b-9868-57a2d4851a1d" relativeResultsDirectory="68024187-4069-4a0a-bc5b-16c27539036b" />
    <UnitTestResult executionId="377abe3c-7e47-481c-bfe3-f2c52bcb923f" testId="bbb948a4-a310-7b5a-5c14-9d12bfbfa6f7" testName="SGuard.DataAnnotations.Tests.Attributes.SGuardBetweenAttributeTests.WorksWithDoubleValues_Inclusive" computerName="runnervmf4ws1" duration="00:00:00.0003430" startTime="2025-09-12T12:00:30.8482976+00:00" endTime="2025-09-12T12:00:30.8483996+00:00" testType="13cdc9d9-ddb5-4fa4-a97d-d965ccfc6d4b" outcome="Passed" testListId="8c84fa94-04c1-424b-9868-57a2d4851a1d" relativeResultsDirectory="377abe3c-7e47-481c-bfe3-f2c52bcb923f" />
    <UnitTestResult executionId="c172b3e7-8658-4ca4-906d-7b20f4fd53e0" testId="c549c10a-c324-af07-fecf-e15608df2050" testName="SGuard.DataAnnotations.Tests.Attributes.SGuardBetweenAttributeTests.ReturnsLocalizedErrorMessage_WhenCultureIsSet(culture: &quot;tr&quot;)" computerName="runnervmf4ws1" duration="00:00:00.0005091" startTime="2025-09-12T12:00:30.8299113+00:00" endTime="2025-09-12T12:00:30.8300164+00:00" testType="13cdc9d9-ddb5-4fa4-a97d-d965ccfc6d4b" outcome="Passed" testListId="8c84fa94-04c1-424b-9868-57a2d4851a1d" relativeResultsDirectory="c172b3e7-8658-4ca4-906d-7b20f4fd53e0" />
    <UnitTestResult executionId="955b1a81-2bc4-452c-82bb-a815b101b5e2" testId="eabbcd14-fd00-2fcc-d0e2-9b4db26c5b35" testName="SGuard.DataAnnotations.Tests.Exceptions.DataAnnotationsExceptionTests.DataAnnotationsException_StoresValidationErrorsInDataDictionary" computerName="runnervmf4ws1" duration="00:00:00.0003579" startTime="2025-09-12T12:00:31.2192626+00:00" endTime="2025-09-12T12:00:31.2194844+00:00" testType="13cdc9d9-ddb5-4fa4-a97d-d965ccfc6d4b" outcome="Passed" testListId="8c84fa94-04c1-424b-9868-57a2d4851a1d" relativeResultsDirectory="955b1a81-2bc4-452c-82bb-a815b101b5e2" />
    <UnitTestResult executionId="f483744d-001e-45c5-9249-5e86992601d7" testId="6468c7f7-1dba-3b2c-fe98-4295b607576f" testName="SGuard.DataAnnotations.Tests.Attributes.SGuardEmailAddressAttributeTests.ReturnsSuccess_WhenValueIsBusinessEmailFormat(email: &quot;hr@corporation.au&quot;)" computerName="runnervmf4ws1" duration="00:00:00.0000062" startTime="2025-09-12T12:00:31.2711188+00:00" endTime="2025-09-12T12:00:31.2712720+00:00" testType="13cdc9d9-ddb5-4fa4-a97d-d965ccfc6d4b" outcome="Passed" testListId="8c84fa94-04c1-424b-9868-57a2d4851a1d" relativeResultsDirectory="f483744d-001e-45c5-9249-5e86992601d7" />
    <UnitTestResult executionId="94a97073-cbf1-47f2-a945-f2c3a85e79ad" testId="34bb9170-eeee-de83-f14e-fab906187457" testName="SGuard.DataAnnotations.Tests.Attributes.SGuardEmailAddressAttributeTests.ReturnsLocalizedErrorMessage_WhenCultureIsSet(culture: &quot;ja&quot;)" computerName="runnervmf4ws1" duration="00:00:00.0000174" startTime="2025-09-12T12:00:31.2915628+00:00" endTime="2025-09-12T12:00:31.2916998+00:00" testType="13cdc9d9-ddb5-4fa4-a97d-d965ccfc6d4b" outcome="Passed" testListId="8c84fa94-04c1-424b-9868-57a2d4851a1d" relativeResultsDirectory="94a97073-cbf1-47f2-a945-f2c3a85e79ad" />
    <UnitTestResult executionId="d3b01b0e-c569-41f0-aaf0-18d306fe84c2" testId="d156e5b9-654d-a683-4a2d-9157a01701ce" testName="SGuard.DataAnnotations.Tests.Attributes.SGuardLessThanAttributeTests.ReturnsError_WhenDateValueIsNotLessThanOther" computerName="runnervmf4ws1" duration="00:00:00.0003114" startTime="2025-09-12T12:00:31.1525419+00:00" endTime="2025-09-12T12:00:31.1526964+00:00" testType="13cdc9d9-ddb5-4fa4-a97d-d965ccfc6d4b" outcome="Passed" testListId="8c84fa94-04c1-424b-9868-57a2d4851a1d" relativeResultsDirectory="d3b01b0e-c569-41f0-aaf0-18d306fe84c2" />
    <UnitTestResult executionId="59e67070-1d63-491b-9cb7-ca89151b9e6a" testId="df6321b2-10b9-6d13-6238-d319917341ab" testName="SGuard.DataAnnotations.Tests.Attributes.SGuardCompareAttributeTests.WorksWithNullableValues_BothAreNull" computerName="runnervmf4ws1" duration="00:00:00.0002627" startTime="2025-09-12T12:00:31.1243953+00:00" endTime="2025-09-12T12:00:31.1255733+00:00" testType="13cdc9d9-ddb5-4fa4-a97d-d965ccfc6d4b" outcome="Passed" testListId="8c84fa94-04c1-424b-9868-57a2d4851a1d" relativeResultsDirectory="59e67070-1d63-491b-9cb7-ca89151b9e6a" />
    <UnitTestResult executionId="b4f7a8cb-55e8-450c-9dc6-838bf9482a8c" testId="66a7b72e-e613-1578-a384-99df38db76ce" testName="SGuard.DataAnnotations.Tests.Attributes.SGuardBetweenAttributeTests.Constructor_ThrowsArgumentNullException_WhenMinPropertyIsNull" computerName="runnervmf4ws1" duration="00:00:00.0002975" startTime="2025-09-12T12:00:30.8816653+00:00" endTime="2025-09-12T12:00:30.8817537+00:00" testType="13cdc9d9-ddb5-4fa4-a97d-d965ccfc6d4b" outcome="Passed" testListId="8c84fa94-04c1-424b-9868-57a2d4851a1d" relativeResultsDirectory="b4f7a8cb-55e8-450c-9dc6-838bf9482a8c" />
    <UnitTestResult executionId="14f55e8c-9704-474f-a42c-03bec28e8da3" testId="c73d6aaa-e241-d2c3-1e63-c59fd12ac92a" testName="SGuard.DataAnnotations.Tests.Attributes.SGuardGreaterThanAttributeTests.ReturnsError_WhenValueIsLessThanOther" computerName="runnervmf4ws1" duration="00:00:00.0003274" startTime="2025-09-12T12:00:31.0810134+00:00" endTime="2025-09-12T12:00:31.0827227+00:00" testType="13cdc9d9-ddb5-4fa4-a97d-d965ccfc6d4b" outcome="Passed" testListId="8c84fa94-04c1-424b-9868-57a2d4851a1d" relativeResultsDirectory="14f55e8c-9704-474f-a42c-03bec28e8da3" />
    <UnitTestResult executionId="378ce0f8-8815-4d36-b462-1bc5a977bfbc" testId="fc64d6a4-4d66-20a9-e79f-39d54b13b967" testName="SGuard.DataAnnotations.Tests.Attributes.SGuardCompareAttributeTests.ReturnsSuccess_WhenEmptyStringsAreEqual" computerName="runnervmf4ws1" duration="00:00:00.0005668" startTime="2025-09-12T12:00:31.0536275+00:00" endTime="2025-09-12T12:00:31.0537718+00:00" testType="13cdc9d9-ddb5-4fa4-a97d-d965ccfc6d4b" outcome="Passed" testListId="8c84fa94-04c1-424b-9868-57a2d4851a1d" relativeResultsDirectory="378ce0f8-8815-4d36-b462-1bc5a977bfbc" />
    <UnitTestResult executionId="9eea5bf6-9ef1-4082-ad2b-40b59fe9e240" testId="653de172-362a-be3a-768f-6a69e8db83d2" testName="SGuard.DataAnnotations.Tests.Attributes.SGuardRequiredIfAttributeTests.ReturnsError_WhenInvertIsTrue_AndConditionIsNotMet_AndValueIsNull" computerName="runnervmf4ws1" duration="00:00:00.0003859" startTime="2025-09-12T12:00:31.1663662+00:00" endTime="2025-09-12T12:00:31.1682145+00:00" testType="13cdc9d9-ddb5-4fa4-a97d-d965ccfc6d4b" outcome="Passed" testListId="8c84fa94-04c1-424b-9868-57a2d4851a1d" relativeResultsDirectory="9eea5bf6-9ef1-4082-ad2b-40b59fe9e240" />
    <UnitTestResult executionId="2248ef27-009c-4c5a-85c0-4ca2e9af66c0" testId="f411bd58-ac3a-44a3-7650-4adf178fb426" testName="SGuard.DataAnnotations.Tests.Attributes.SGuardMaxCountAttributeTests.ReturnsError_WhenEnumerableCountExceedsMax" computerName="runnervmf4ws1" duration="00:00:00.0001698" startTime="2025-09-12T12:00:30.8612629+00:00" endTime="2025-09-12T12:00:30.8632062+00:00" testType="13cdc9d9-ddb5-4fa4-a97d-d965ccfc6d4b" outcome="Passed" testListId="8c84fa94-04c1-424b-9868-57a2d4851a1d" relativeResultsDirectory="2248ef27-009c-4c5a-85c0-4ca2e9af66c0" />
    <UnitTestResult executionId="366d252e-954a-4e3e-aa1a-2bb312b5578e" testId="61c2b2fd-0ce4-077d-21b4-8840be5ccace" testName="SGuard.DataAnnotations.Tests.Attributes.SGuardCompareAttributeTests.HandlesMinMaxDateTimeValues" computerName="runnervmf4ws1" duration="00:00:00.0004965" startTime="2025-09-12T12:00:31.0647846+00:00" endTime="2025-09-12T12:00:31.0674909+00:00" testType="13cdc9d9-ddb5-4fa4-a97d-d965ccfc6d4b" outcome="Passed" testListId="8c84fa94-04c1-424b-9868-57a2d4851a1d" relativeResultsDirectory="366d252e-954a-4e3e-aa1a-2bb312b5578e" />
    <UnitTestResult executionId="045bc4d5-b2eb-407f-aa61-4459e6adaefd" testId="54490ebb-e886-c42d-4637-268057915b16" testName="SGuard.DataAnnotations.Tests.Attributes.SGuardBetweenAttributeTests.Constructor_SetsPropertiesCorrectly" computerName="runnervmf4ws1" duration="00:00:00.0000991" startTime="2025-09-12T12:00:30.8857563+00:00" endTime="2025-09-12T12:00:30.8858664+00:00" testType="13cdc9d9-ddb5-4fa4-a97d-d965ccfc6d4b" outcome="Passed" testListId="8c84fa94-04c1-424b-9868-57a2d4851a1d" relativeResultsDirectory="045bc4d5-b2eb-407f-aa61-4459e6adaefd" />
    <UnitTestResult executionId="d35abbf2-fb4e-4ca9-b2bf-01ea82b78294" testId="3ecd118f-8996-e62a-8936-670ee4ab429e" testName="SGuard.DataAnnotations.Tests.Attributes.SGuardCreditCardAttributeTests.ReturnsLocalizedErrorMessage_WhenCultureIsSet(culture: &quot;ja&quot;)" computerName="runnervmf4ws1" duration="00:00:00.0003601" startTime="2025-09-12T12:00:30.9587848+00:00" endTime="2025-09-12T12:00:30.9589585+00:00" testType="13cdc9d9-ddb5-4fa4-a97d-d965ccfc6d4b" outcome="Passed" testListId="8c84fa94-04c1-424b-9868-57a2d4851a1d" relativeResultsDirectory="d35abbf2-fb4e-4ca9-b2bf-01ea82b78294" />
    <UnitTestResult executionId="297cdd0d-87cb-45b3-9f67-1eb3707ecb64" testId="1c58e614-ef61-f2a2-cfd8-182a4e35570b" testName="SGuard.DataAnnotations.Tests.Attributes.SGuardCompareAttributeTests.EmailConfirmation_Failure" computerName="runnervmf4ws1" duration="00:00:00.0004723" startTime="2025-09-12T12:00:31.0960549+00:00" endTime="2025-09-12T12:00:31.1014801+00:00" testType="13cdc9d9-ddb5-4fa4-a97d-d965ccfc6d4b" outcome="Passed" testListId="8c84fa94-04c1-424b-9868-57a2d4851a1d" relativeResultsDirectory="297cdd0d-87cb-45b3-9f67-1eb3707ecb64" />
    <UnitTestResult executionId="e7794c72-99fc-409b-be05-1598c561f03a" testId="6bd89629-720d-4b18-a416-282071dbac55" testName="SGuard.DataAnnotations.Tests.Attributes.SGuardCompareAttributeTests.IsCaseSensitive_WithStrings" computerName="runnervmf4ws1" duration="00:00:00.0001566" startTime="2025-09-12T12:00:31.1596766+00:00" endTime="2025-09-12T12:00:31.1598433+00:00" testType="13cdc9d9-ddb5-4fa4-a97d-d965ccfc6d4b" outcome="Passed" testListId="8c84fa94-04c1-424b-9868-57a2d4851a1d" relativeResultsDirectory="e7794c72-99fc-409b-be05-1598c561f03a" />
    <UnitTestResult executionId="2f90c216-ee7d-43fb-b230-d1f7e2565f4b" testId="c217cd52-6433-05a1-a077-a582de5aaa62" testName="SGuard.DataAnnotations.Tests.Attributes.SGuardLessThanAttributeTests.ReturnsError_WhenValueIsEqualToOther" computerName="runnervmf4ws1" duration="00:00:00.0003159" startTime="2025-09-12T12:00:31.1430237+00:00" endTime="2025-09-12T12:00:31.1431860+00:00" testType="13cdc9d9-ddb5-4fa4-a97d-d965ccfc6d4b" outcome="Passed" testListId="8c84fa94-04c1-424b-9868-57a2d4851a1d" relativeResultsDirectory="2f90c216-ee7d-43fb-b230-d1f7e2565f4b" />
    <UnitTestResult executionId="e3ce540a-c433-46c4-8fba-689280269334" testId="cdc70ef9-d940-c6b1-6aac-232e4151b4c8" testName="SGuard.DataAnnotations.Tests.DataAnnotation.IsTests.DataAnnotationsValid_CallbackReceivesSuccessOnTrue" computerName="runnervmf4ws1" duration="00:00:00.0004039" startTime="2025-09-12T12:00:31.2081196+00:00" endTime="2025-09-12T12:00:31.2082720+00:00" testType="13cdc9d9-ddb5-4fa4-a97d-d965ccfc6d4b" outcome="Passed" testListId="8c84fa94-04c1-424b-9868-57a2d4851a1d" relativeResultsDirectory="e3ce540a-c433-46c4-8fba-689280269334" />
    <UnitTestResult executionId="9bff4296-4540-4e2c-8eb5-8938ac206839" testId="a0b3e48f-64c8-93f7-f166-55b897c5df65" testName="SGuard.DataAnnotations.Tests.Attributes.SGuardGreaterThanAttributeTests.ReturnsSuccess_WhenDecimalValueIsGreaterThanOther" computerName="runnervmf4ws1" duration="00:00:00.0003038" startTime="2025-09-12T12:00:31.1013153+00:00" endTime="2025-09-12T12:00:31.1030916+00:00" testType="13cdc9d9-ddb5-4fa4-a97d-d965ccfc6d4b" outcome="Passed" testListId="8c84fa94-04c1-424b-9868-57a2d4851a1d" relativeResultsDirectory="9bff4296-4540-4e2c-8eb5-8938ac206839" />
    <UnitTestResult executionId="e91f922a-dfe2-4a1b-9412-cfd1a90fffb2" testId="f3b4a254-455d-3192-9248-5344bd916d75" testName="SGuard.DataAnnotations.Tests.Attributes.SGuardEmailAddressAttributeTests.ReturnsSuccess_WhenEmailHasLeadingSpaces" computerName="runnervmf4ws1" duration="00:00:00.0001639" startTime="2025-09-12T12:00:31.3812513+00:00" endTime="2025-09-12T12:00:31.3813995+00:00" testType="13cdc9d9-ddb5-4fa4-a97d-d965ccfc6d4b" outcome="Passed" testListId="8c84fa94-04c1-424b-9868-57a2d4851a1d" relativeResultsDirectory="e91f922a-dfe2-4a1b-9412-cfd1a90fffb2" />
    <UnitTestResult executionId="a519f02d-a38a-4ac1-a7e7-433ea4870311" testId="798e2a36-c3fb-899f-cb61-fb0c1e959e70" testName="SGuard.DataAnnotations.Tests.Attributes.SGuardRequiredCollectionAttributeTests.ReturnsError_WhenValueIsNull" computerName="runnervmf4ws1" duration="00:00:00.0001143" startTime="2025-09-12T12:00:31.2337078+00:00" endTime="2025-09-12T12:00:31.2509790+00:00" testType="13cdc9d9-ddb5-4fa4-a97d-d965ccfc6d4b" outcome="Passed" testListId="8c84fa94-04c1-424b-9868-57a2d4851a1d" relativeResultsDirectory="a519f02d-a38a-4ac1-a7e7-433ea4870311" />
    <UnitTestResult executionId="9aad3b5e-086a-497e-a3a9-707f671a87e0" testId="d1b029e0-b871-55db-0bbc-4a36bc450b81" testName="SGuard.DataAnnotations.Tests.Attributes.SGuardGreaterThanAttributeTests.ReturnsError_WhenDateValueIsNotGreaterThanOther" computerName="runnervmf4ws1" duration="00:00:00.0003197" startTime="2025-09-12T12:00:31.0792962+00:00" endTime="2025-09-12T12:00:31.0794410+00:00" testType="13cdc9d9-ddb5-4fa4-a97d-d965ccfc6d4b" outcome="Passed" testListId="8c84fa94-04c1-424b-9868-57a2d4851a1d" relativeResultsDirectory="9aad3b5e-086a-497e-a3a9-707f671a87e0" />
    <UnitTestResult executionId="2d7fa49d-2380-4972-a775-89166dfa05be" testId="07f208e9-5d3e-7b2e-6a59-4da49d2f6cd9" testName="SGuard.DataAnnotations.Tests.Attributes.SGuardPhoneAttributeTests.ReturnsSuccess_WhenPhoneIsNull" computerName="runnervmf4ws1" duration="00:00:00.0001326" startTime="2025-09-12T12:00:30.9827029+00:00" endTime="2025-09-12T12:00:30.9827910+00:00" testType="13cdc9d9-ddb5-4fa4-a97d-d965ccfc6d4b" outcome="Passed" testListId="8c84fa94-04c1-424b-9868-57a2d4851a1d" relativeResultsDirectory="2d7fa49d-2380-4972-a775-89166dfa05be" />
    <UnitTestResult executionId="7b31413c-22cd-4634-b108-15c47fdc9adb" testId="49da038f-537c-1970-55c5-0f0dc151893c" testName="SGuard.DataAnnotations.Tests.Attributes.SGuardGreaterThanAttributeTests.ReturnsSuccess_WhenDateValueIsGreaterThanOther" computerName="runnervmf4ws1" duration="00:00:00.0002524" startTime="2025-09-12T12:00:31.1092074+00:00" endTime="2025-09-12T12:00:31.1108566+00:00" testType="13cdc9d9-ddb5-4fa4-a97d-d965ccfc6d4b" outcome="Passed" testListId="8c84fa94-04c1-424b-9868-57a2d4851a1d" relativeResultsDirectory="7b31413c-22cd-4634-b108-15c47fdc9adb" />
    <UnitTestResult executionId="f904d158-f97e-401f-913e-6b35cd71f23b" testId="21519bf4-c01d-c275-8cd9-6e0df3fad4f2" testName="SGuard.DataAnnotations.Tests.Attributes.SGuardEmailAddressAttributeTests.HandlesVeryLongDomainPart" computerName="runnervmf4ws1" duration="00:00:00.0001644" startTime="2025-09-12T12:00:31.2996035+00:00" endTime="2025-09-12T12:00:31.2997612+00:00" testType="13cdc9d9-ddb5-4fa4-a97d-d965ccfc6d4b" outcome="Passed" testListId="8c84fa94-04c1-424b-9868-57a2d4851a1d" relativeResultsDirectory="f904d158-f97e-401f-913e-6b35cd71f23b" />
    <UnitTestResult executionId="5b9849d1-87be-42ce-97e3-58c9757eef4f" testId="ec59795f-94f2-656f-f495-1bb2fb83958a" testName="SGuard.DataAnnotations.Tests.Attributes.SGuardGreaterThanAttributeTests.ReturnsError_WhenDecimalValueIsNotGreaterThanOther" computerName="runnervmf4ws1" duration="00:00:00.0005086" startTime="2025-09-12T12:00:31.0761931+00:00" endTime="2025-09-12T12:00:31.0763458+00:00" testType="13cdc9d9-ddb5-4fa4-a97d-d965ccfc6d4b" outcome="Passed" testListId="8c84fa94-04c1-424b-9868-57a2d4851a1d" relativeResultsDirectory="5b9849d1-87be-42ce-97e3-58c9757eef4f" />
    <UnitTestResult executionId="102a6781-607f-4a3a-9124-a66ecaea593c" testId="0bce7d4a-3968-3e49-ebb4-a685b9d62474" testName="SGuard.DataAnnotations.Tests.Attributes.SGuardPhoneAttributeTests.ReturnsSuccess_WhenPhoneIsValid" computerName="runnervmf4ws1" duration="00:00:00.0005462" startTime="2025-09-12T12:00:30.9785607+00:00" endTime="2025-09-12T12:00:30.9787224+00:00" testType="13cdc9d9-ddb5-4fa4-a97d-d965ccfc6d4b" outcome="Passed" testListId="8c84fa94-04c1-424b-9868-57a2d4851a1d" relativeResultsDirectory="102a6781-607f-4a3a-9124-a66ecaea593c" />
    <UnitTestResult executionId="2fe2eb4d-9461-442c-a1c2-5ded522d8e40" testId="dcf0db55-732a-fafb-7f82-1b8350768679" testName="SGuard.DataAnnotations.Tests.Attributes.SGuardRequiredCollectionAttributeTests.ReturnsError_WhenDictionaryIsEmpty" computerName="runnervmf4ws1" duration="00:00:00.0002124" startTime="2025-09-12T12:00:31.2549690+00:00" endTime="2025-09-12T12:00:31.2574461+00:00" testType="13cdc9d9-ddb5-4fa4-a97d-d965ccfc6d4b" outcome="Passed" testListId="8c84fa94-04c1-424b-9868-57a2d4851a1d" relativeResultsDirectory="2fe2eb4d-9461-442c-a1c2-5ded522d8e40" />
    <UnitTestResult executionId="b2152eef-6e53-45d1-94ae-ddc00c190920" testId="7878f711-caab-1cca-2af9-08abc8bcb3d3" testName="SGuard.DataAnnotations.Tests.Attributes.SGuardCompareAttributeTests.ReturnsError_WhenPropertiesAreDifferent" computerName="runnervmf4ws1" duration="00:00:00.0001515" startTime="2025-09-12T12:00:31.1648369+00:00" endTime="2025-09-12T12:00:31.1658352+00:00" testType="13cdc9d9-ddb5-4fa4-a97d-d965ccfc6d4b" outcome="Passed" testListId="8c84fa94-04c1-424b-9868-57a2d4851a1d" relativeResultsDirectory="b2152eef-6e53-45d1-94ae-ddc00c190920" />
    <UnitTestResult executionId="ba96b988-c78e-438d-a003-dd469e87db23" testId="098ba28d-ad73-0c69-8587-f0f62e9ace89" testName="SGuard.DataAnnotations.Tests.Attributes.SGuardRequiredCollectionAttributeTests.ReturnsError_WhenListIsEmpty" computerName="runnervmf4ws1" duration="00:00:00.0001160" startTime="2025-09-12T12:00:31.2589401+00:00" endTime="2025-09-12T12:00:31.2604847+00:00" testType="13cdc9d9-ddb5-4fa4-a97d-d965ccfc6d4b" outcome="Passed" testListId="8c84fa94-04c1-424b-9868-57a2d4851a1d" relativeResultsDirectory="ba96b988-c78e-438d-a003-dd469e87db23" />
    <UnitTestResult executionId="28ae82f6-a5ae-4e53-8efb-f320f5dd7d17" testId="9d9f8a4f-fb5f-d9c1-b8a2-a33f0fcb61c1" testName="SGuard.DataAnnotations.Tests.Attributes.SGuardEmailAddressAttributeTests.ReturnsSuccess_WhenValueIsValidEmailFormat(email: &quot;test.email@domain.org&quot;)" computerName="runnervmf4ws1" duration="00:00:00.0000066" startTime="2025-09-12T12:00:31.3320110+00:00" endTime="2025-09-12T12:00:31.3321468+00:00" testType="13cdc9d9-ddb5-4fa4-a97d-d965ccfc6d4b" outcome="Passed" testListId="8c84fa94-04c1-424b-9868-57a2d4851a1d" relativeResultsDirectory="28ae82f6-a5ae-4e53-8efb-f320f5dd7d17" />
    <UnitTestResult executionId="1cd72ef9-d44d-40b9-8d7c-c1a152a42b48" testId="c0a539f8-814b-e830-149d-5e924d770f89" testName="SGuard.DataAnnotations.Tests.Attributes.SGuardEmailAddressAttributeTests.Constructor_SetsPropertiesCorrectly" computerName="runnervmf4ws1" duration="00:00:00.0001024" startTime="2025-09-12T12:00:31.3597832+00:00" endTime="2025-09-12T12:00:31.3599319+00:00" testType="13cdc9d9-ddb5-4fa4-a97d-d965ccfc6d4b" outcome="Passed" testListId="8c84fa94-04c1-424b-9868-57a2d4851a1d" relativeResultsDirectory="1cd72ef9-d44d-40b9-8d7c-c1a152a42b48" />
    <UnitTestResult executionId="de8e8ba0-b005-45cc-98e3-7a29709f10d7" testId="072e86b7-7eb2-688d-998d-1e5870775db4" testName="SGuard.DataAnnotations.Tests.Attributes.SGuardEmailAddressAttributeTests.ReturnsLocalizedErrorMessage_WhenCultureIsSet(culture: &quot;tr&quot;)" computerName="runnervmf4ws1" duration="00:00:00.0000162" startTime="2025-09-12T12:00:31.2872555+00:00" endTime="2025-09-12T12:00:31.2873910+00:00" testType="13cdc9d9-ddb5-4fa4-a97d-d965ccfc6d4b" outcome="Passed" testListId="8c84fa94-04c1-424b-9868-57a2d4851a1d" relativeResultsDirectory="de8e8ba0-b005-45cc-98e3-7a29709f10d7" />
    <UnitTestResult executionId="8b434d05-4ba4-486a-bd97-24e0d1a4679e" testId="9f46c073-ddef-8b94-cb56-edd20a0d1dcb" testName="SGuard.DataAnnotations.Tests.Attributes.SGuardCompareAttributeTests.ReturnsError_WhenEmptyStringComparedToNull" computerName="runnervmf4ws1" duration="00:00:00.0002235" startTime="2025-09-12T12:00:31.0883900+00:00" endTime="2025-09-12T12:00:31.0901060+00:00" testType="13cdc9d9-ddb5-4fa4-a97d-d965ccfc6d4b" outcome="Passed" testListId="8c84fa94-04c1-424b-9868-57a2d4851a1d" relativeResultsDirectory="8b434d05-4ba4-486a-bd97-24e0d1a4679e" />
    <UnitTestResult executionId="33f9dcb5-009d-4975-b556-b7dcccb013a4" testId="74763ec8-6686-be4e-cacc-79e58aa84404" testName="SGuard.DataAnnotations.Tests.Attributes.SGuardMinCountAttributeTests.ReturnsError_WhenDictionaryCountIsLessThanMin" computerName="runnervmf4ws1" duration="00:00:00.0002946" startTime="2025-09-12T12:00:30.9077587+00:00" endTime="2025-09-12T12:00:30.9078101+00:00" testType="13cdc9d9-ddb5-4fa4-a97d-d965ccfc6d4b" outcome="Passed" testListId="8c84fa94-04c1-424b-9868-57a2d4851a1d" relativeResultsDirectory="33f9dcb5-009d-4975-b556-b7dcccb013a4" />
  </Results>
  <TestDefinitions>
    <UnitTest name="SGuard.DataAnnotations.Tests.Attributes.SGuardStringLengthAttributeTests.ThrowsArgumentNullException_WhenResourceTypeIsNull" storage="/home/runner/work/sguard.dataannotations/sguard.dataannotations/sguard.dataannotations.tests/bin/release/net8.0/sguard.dataannotations.tests.dll" id="08dec1a1-67c0-62c5-1c24-4c823c013f45">
      <Execution id="dc934ec2-f82c-4717-bc8c-73a38474a0f8" />
      <TestMethod codeBase="/home/runner/work/SGuard.DataAnnotations/SGuard.DataAnnotations/SGuard.DataAnnotations.Tests/bin/Release/net8.0/SGuard.DataAnnotations.Tests.dll" adapterTypeName="executor://xunit/VsTestRunner3/netcore/" className="SGuard.DataAnnotations.Tests.Attributes.SGuardStringLengthAttributeTests" name="ThrowsArgumentNullException_WhenResourceTypeIsNull" />
    </UnitTest>
    <UnitTest name="SGuard.DataAnnotations.Tests.Attributes.SGuardCreditCardAttributeTests.ReturnsSuccess_WhenValueIsValidMasterCard" storage="/home/runner/work/sguard.dataannotations/sguard.dataannotations/sguard.dataannotations.tests/bin/release/net8.0/sguard.dataannotations.tests.dll" id="ea7531ec-d355-1dfa-c721-6040cdbfd3ab">
      <Execution id="9de46a81-37c9-47ff-adb0-7c36d030f142" />
      <TestMethod codeBase="/home/runner/work/SGuard.DataAnnotations/SGuard.DataAnnotations/SGuard.DataAnnotations.Tests/bin/Release/net8.0/SGuard.DataAnnotations.Tests.dll" adapterTypeName="executor://xunit/VsTestRunner3/netcore/" className="SGuard.DataAnnotations.Tests.Attributes.SGuardCreditCardAttributeTests" name="ReturnsSuccess_WhenValueIsValidMasterCard" />
    </UnitTest>
    <UnitTest name="SGuard.DataAnnotations.Tests.Attributes.SGuardCompareAttributeTests.HandlesUnicodeCharacters" storage="/home/runner/work/sguard.dataannotations/sguard.dataannotations/sguard.dataannotations.tests/bin/release/net8.0/sguard.dataannotations.tests.dll" id="2744c131-c3ef-c9ac-68af-49e8d228d0e8">
      <Execution id="6de54175-f8bd-451e-8972-89ae5bdb5042" />
      <TestMethod codeBase="/home/runner/work/SGuard.DataAnnotations/SGuard.DataAnnotations/SGuard.DataAnnotations.Tests/bin/Release/net8.0/SGuard.DataAnnotations.Tests.dll" adapterTypeName="executor://xunit/VsTestRunner3/netcore/" className="SGuard.DataAnnotations.Tests.Attributes.SGuardCompareAttributeTests" name="HandlesUnicodeCharacters" />
    </UnitTest>
    <UnitTest name="SGuard.DataAnnotations.Tests.Attributes.SGuardCollectionItemsMatchAttributeTests.ReturnsAllErrors_WhenAggregateAllErrorsTrue" storage="/home/runner/work/sguard.dataannotations/sguard.dataannotations/sguard.dataannotations.tests/bin/release/net8.0/sguard.dataannotations.tests.dll" id="64a8ba0e-13fa-43a2-4028-da53eca3fc4b">
      <Execution id="84d643c6-82ff-45db-81cd-4ea097fec14a" />
      <TestMethod codeBase="/home/runner/work/SGuard.DataAnnotations/SGuard.DataAnnotations/SGuard.DataAnnotations.Tests/bin/Release/net8.0/SGuard.DataAnnotations.Tests.dll" adapterTypeName="executor://xunit/VsTestRunner3/netcore/" className="SGuard.DataAnnotations.Tests.Attributes.SGuardCollectionItemsMatchAttributeTests" name="ReturnsAllErrors_WhenAggregateAllErrorsTrue" />
    </UnitTest>
    <UnitTest name="SGuard.DataAnnotations.Tests.Attributes.SGuardCompareAttributeTests.Constructor_ThrowsArgumentNullException_WhenResourceTypeIsNull" storage="/home/runner/work/sguard.dataannotations/sguard.dataannotations/sguard.dataannotations.tests/bin/release/net8.0/sguard.dataannotations.tests.dll" id="e81f3f09-af79-811e-3ec1-cb518f4d546b">
      <Execution id="67099fd5-ba9f-44cb-b57c-6de9ba349f9c" />
      <TestMethod codeBase="/home/runner/work/SGuard.DataAnnotations/SGuard.DataAnnotations/SGuard.DataAnnotations.Tests/bin/Release/net8.0/SGuard.DataAnnotations.Tests.dll" adapterTypeName="executor://xunit/VsTestRunner3/netcore/" className="SGuard.DataAnnotations.Tests.Attributes.SGuardCompareAttributeTests" name="Constructor_ThrowsArgumentNullException_WhenResourceTypeIsNull" />
    </UnitTest>
    <UnitTest name="SGuard.DataAnnotations.Tests.Attributes.SGuardEmailAddressAttributeTests.UsesInvariantCulture_WhenResourceNotFound" storage="/home/runner/work/sguard.dataannotations/sguard.dataannotations/sguard.dataannotations.tests/bin/release/net8.0/sguard.dataannotations.tests.dll" id="d5007b2b-ab54-ae79-231b-56cdbf0fbe4d">
      <Execution id="abeb76d9-8bf5-43a8-b2c3-7001786bda74" />
      <TestMethod codeBase="/home/runner/work/SGuard.DataAnnotations/SGuard.DataAnnotations/SGuard.DataAnnotations.Tests/bin/Release/net8.0/SGuard.DataAnnotations.Tests.dll" adapterTypeName="executor://xunit/VsTestRunner3/netcore/" className="SGuard.DataAnnotations.Tests.Attributes.SGuardEmailAddressAttributeTests" name="UsesInvariantCulture_WhenResourceNotFound" />
    </UnitTest>
    <UnitTest name="SGuard.DataAnnotations.Tests.Attributes.SGuardRequiredCollectionAttributeTests.ReturnsError_WhenValueIsNull" storage="/home/runner/work/sguard.dataannotations/sguard.dataannotations/sguard.dataannotations.tests/bin/release/net8.0/sguard.dataannotations.tests.dll" id="798e2a36-c3fb-899f-cb61-fb0c1e959e70">
      <Execution id="a519f02d-a38a-4ac1-a7e7-433ea4870311" />
      <TestMethod codeBase="/home/runner/work/SGuard.DataAnnotations/SGuard.DataAnnotations/SGuard.DataAnnotations.Tests/bin/Release/net8.0/SGuard.DataAnnotations.Tests.dll" adapterTypeName="executor://xunit/VsTestRunner3/netcore/" className="SGuard.DataAnnotations.Tests.Attributes.SGuardRequiredCollectionAttributeTests" name="ReturnsError_WhenValueIsNull" />
    </UnitTest>
    <UnitTest name="SGuard.DataAnnotations.Tests.Attributes.SGuardMaxCountAttributeTests.ReturnsError_WhenArrayCountExceedsMax" storage="/home/runner/work/sguard.dataannotations/sguard.dataannotations/sguard.dataannotations.tests/bin/release/net8.0/sguard.dataannotations.tests.dll" id="0cba0a5b-0d7e-e849-7306-581f7bb8f2e1">
      <Execution id="ea704b93-6f5e-4290-aeba-6c85bc480084" />
      <TestMethod codeBase="/home/runner/work/SGuard.DataAnnotations/SGuard.DataAnnotations/SGuard.DataAnnotations.Tests/bin/Release/net8.0/SGuard.DataAnnotations.Tests.dll" adapterTypeName="executor://xunit/VsTestRunner3/netcore/" className="SGuard.DataAnnotations.Tests.Attributes.SGuardMaxCountAttributeTests" name="ReturnsError_WhenArrayCountExceedsMax" />
    </UnitTest>
    <UnitTest name="SGuard.DataAnnotations.Tests.Attributes.SGuardRequiredIfAttributeTests.ReturnsError_WhenInvertIsTrue_AndConditionIsNotMet_AndValueIsNull" storage="/home/runner/work/sguard.dataannotations/sguard.dataannotations/sguard.dataannotations.tests/bin/release/net8.0/sguard.dataannotations.tests.dll" id="653de172-362a-be3a-768f-6a69e8db83d2">
      <Execution id="9eea5bf6-9ef1-4082-ad2b-40b59fe9e240" />
      <TestMethod codeBase="/home/runner/work/SGuard.DataAnnotations/SGuard.DataAnnotations/SGuard.DataAnnotations.Tests/bin/Release/net8.0/SGuard.DataAnnotations.Tests.dll" adapterTypeName="executor://xunit/VsTestRunner3/netcore/" className="SGuard.DataAnnotations.Tests.Attributes.SGuardRequiredIfAttributeTests" name="ReturnsError_WhenInvertIsTrue_AndConditionIsNotMet_AndValueIsNull" />
    </UnitTest>
    <UnitTest name="SGuard.DataAnnotations.Tests.Attributes.SGuardEmailAddressAttributeTests.ReturnsError_WhenValueIsInvalidEmailFormat(email: &quot;@missinglocalpart.com&quot;)" storage="/home/runner/work/sguard.dataannotations/sguard.dataannotations/sguard.dataannotations.tests/bin/release/net8.0/sguard.dataannotations.tests.dll" id="efcc2e9e-2f85-0ef0-5d17-1938b92c7600">
      <Execution id="46a1a2a8-49e4-47d6-84ad-82826df40fd4" />
      <TestMethod codeBase="/home/runner/work/SGuard.DataAnnotations/SGuard.DataAnnotations/SGuard.DataAnnotations.Tests/bin/Release/net8.0/SGuard.DataAnnotations.Tests.dll" adapterTypeName="executor://xunit/VsTestRunner3/netcore/" className="SGuard.DataAnnotations.Tests.Attributes.SGuardEmailAddressAttributeTests" name="ReturnsError_WhenValueIsInvalidEmailFormat" />
    </UnitTest>
    <UnitTest name="SGuard.DataAnnotations.Tests.Attributes.SGuardGreaterThanAttributeTests.ReturnsError_WhenValueIsLessThanOther" storage="/home/runner/work/sguard.dataannotations/sguard.dataannotations/sguard.dataannotations.tests/bin/release/net8.0/sguard.dataannotations.tests.dll" id="c73d6aaa-e241-d2c3-1e63-c59fd12ac92a">
      <Execution id="14f55e8c-9704-474f-a42c-03bec28e8da3" />
      <TestMethod codeBase="/home/runner/work/SGuard.DataAnnotations/SGuard.DataAnnotations/SGuard.DataAnnotations.Tests/bin/Release/net8.0/SGuard.DataAnnotations.Tests.dll" adapterTypeName="executor://xunit/VsTestRunner3/netcore/" className="SGuard.DataAnnotations.Tests.Attributes.SGuardGreaterThanAttributeTests" name="ReturnsError_WhenValueIsLessThanOther" />
    </UnitTest>
    <UnitTest name="SGuard.DataAnnotations.Tests.Attributes.SGuardEmailAddressAttributeTests.ReturnsSuccess_WhenValueIsValidEmail" storage="/home/runner/work/sguard.dataannotations/sguard.dataannotations/sguard.dataannotations.tests/bin/release/net8.0/sguard.dataannotations.tests.dll" id="f2aeed70-0eba-88fa-cdc4-4e0eba39fa22">
      <Execution id="26e76ce9-5caf-4fec-90f2-552fc5b29fd3" />
      <TestMethod codeBase="/home/runner/work/SGuard.DataAnnotations/SGuard.DataAnnotations/SGuard.DataAnnotations.Tests/bin/Release/net8.0/SGuard.DataAnnotations.Tests.dll" adapterTypeName="executor://xunit/VsTestRunner3/netcore/" className="SGuard.DataAnnotations.Tests.Attributes.SGuardEmailAddressAttributeTests" name="ReturnsSuccess_WhenValueIsValidEmail" />
    </UnitTest>
    <UnitTest name="SGuard.DataAnnotations.Tests.Attributes.SGuardEmailAddressAttributeTests.ReturnsSuccess_WhenValueIsValidEmailFormat(email: &quot;user@example.com&quot;)" storage="/home/runner/work/sguard.dataannotations/sguard.dataannotations/sguard.dataannotations.tests/bin/release/net8.0/sguard.dataannotations.tests.dll" id="f39808db-9b00-19f3-92ea-395a8ce4cfc2">
      <Execution id="410e17f6-290b-4ff2-921a-e4378e0131b7" />
      <TestMethod codeBase="/home/runner/work/SGuard.DataAnnotations/SGuard.DataAnnotations/SGuard.DataAnnotations.Tests/bin/Release/net8.0/SGuard.DataAnnotations.Tests.dll" adapterTypeName="executor://xunit/VsTestRunner3/netcore/" className="SGuard.DataAnnotations.Tests.Attributes.SGuardEmailAddressAttributeTests" name="ReturnsSuccess_WhenValueIsValidEmailFormat" />
    </UnitTest>
    <UnitTest name="SGuard.DataAnnotations.Tests.Attributes.SGuardLessThanAttributeTests.ReturnsError_WhenDecimalValueIsNotLessThanOther" storage="/home/runner/work/sguard.dataannotations/sguard.dataannotations/sguard.dataannotations.tests/bin/release/net8.0/sguard.dataannotations.tests.dll" id="9302277b-8281-96ce-7164-eed276a176b3">
      <Execution id="ef140acd-315e-483a-a624-f9ab345d4ed0" />
      <TestMethod codeBase="/home/runner/work/SGuard.DataAnnotations/SGuard.DataAnnotations/SGuard.DataAnnotations.Tests/bin/Release/net8.0/SGuard.DataAnnotations.Tests.dll" adapterTypeName="executor://xunit/VsTestRunner3/netcore/" className="SGuard.DataAnnotations.Tests.Attributes.SGuardLessThanAttributeTests" name="ReturnsError_WhenDecimalValueIsNotLessThanOther" />
    </UnitTest>
    <UnitTest name="SGuard.DataAnnotations.Tests.Attributes.SGuardEmailAddressAttributeTests.ReturnsSuccess_WhenValueIsValidEmailFormat(email: &quot;user.name+tag@example.co.uk&quot;)" storage="/home/runner/work/sguard.dataannotations/sguard.dataannotations/sguard.dataannotations.tests/bin/release/net8.0/sguard.dataannotations.tests.dll" id="901b1d80-eb8f-d99c-d714-80ce4513b9b5">
      <Execution id="897dd6f9-6e7d-455a-aa82-8d0a67b71e0a" />
      <TestMethod codeBase="/home/runner/work/SGuard.DataAnnotations/SGuard.DataAnnotations/SGuard.DataAnnotations.Tests/bin/Release/net8.0/SGuard.DataAnnotations.Tests.dll" adapterTypeName="executor://xunit/VsTestRunner3/netcore/" className="SGuard.DataAnnotations.Tests.Attributes.SGuardEmailAddressAttributeTests" name="ReturnsSuccess_WhenValueIsValidEmailFormat" />
    </UnitTest>
    <UnitTest name="SGuard.DataAnnotations.Tests.DataAnnotation.IsTests.DataAnnotationsValid_CallbackReceivesFailureOnFalse" storage="/home/runner/work/sguard.dataannotations/sguard.dataannotations/sguard.dataannotations.tests/bin/release/net8.0/sguard.dataannotations.tests.dll" id="6dbe238a-784e-6e0e-2206-9ec117063a6b">
      <Execution id="68024187-4069-4a0a-bc5b-16c27539036b" />
      <TestMethod codeBase="/home/runner/work/SGuard.DataAnnotations/SGuard.DataAnnotations/SGuard.DataAnnotations.Tests/bin/Release/net8.0/SGuard.DataAnnotations.Tests.dll" adapterTypeName="executor://xunit/VsTestRunner3/netcore/" className="SGuard.DataAnnotations.Tests.DataAnnotation.IsTests" name="DataAnnotationsValid_CallbackReceivesFailureOnFalse" />
    </UnitTest>
    <UnitTest name="SGuard.DataAnnotations.Tests.Attributes.SGuardPhoneAttributeTests.ReturnsSuccess_WhenPhoneIsValid" storage="/home/runner/work/sguard.dataannotations/sguard.dataannotations/sguard.dataannotations.tests/bin/release/net8.0/sguard.dataannotations.tests.dll" id="0bce7d4a-3968-3e49-ebb4-a685b9d62474">
      <Execution id="102a6781-607f-4a3a-9124-a66ecaea593c" />
      <TestMethod codeBase="/home/runner/work/SGuard.DataAnnotations/SGuard.DataAnnotations/SGuard.DataAnnotations.Tests/bin/Release/net8.0/SGuard.DataAnnotations.Tests.dll" adapterTypeName="executor://xunit/VsTestRunner3/netcore/" className="SGuard.DataAnnotations.Tests.Attributes.SGuardPhoneAttributeTests" name="ReturnsSuccess_WhenPhoneIsValid" />
    </UnitTest>
    <UnitTest name="SGuard.DataAnnotations.Tests.Attributes.SGuardBetweenAttributeTests.HandlesEqualMinMaxValues_Exclusive" storage="/home/runner/work/sguard.dataannotations/sguard.dataannotations/sguard.dataannotations.tests/bin/release/net8.0/sguard.dataannotations.tests.dll" id="d5e44dbb-4518-24d0-e50b-48d357d042f7">
      <Execution id="48d1e9b8-fcdc-4a80-84a4-4b48764b61ab" />
      <TestMethod codeBase="/home/runner/work/SGuard.DataAnnotations/SGuard.DataAnnotations/SGuard.DataAnnotations.Tests/bin/Release/net8.0/SGuard.DataAnnotations.Tests.dll" adapterTypeName="executor://xunit/VsTestRunner3/netcore/" className="SGuard.DataAnnotations.Tests.Attributes.SGuardBetweenAttributeTests" name="HandlesEqualMinMaxValues_Exclusive" />
    </UnitTest>
    <UnitTest name="SGuard.DataAnnotations.Tests.Attributes.SGuardMinCountAttributeTests.ReturnsSuccess_WhenValueIsNotACollection" storage="/home/runner/work/sguard.dataannotations/sguard.dataannotations/sguard.dataannotations.tests/bin/release/net8.0/sguard.dataannotations.tests.dll" id="58d16fdf-e597-97fe-e122-05c7faace010">
      <Execution id="97e94fe8-6ea8-4b75-a9ee-2ce5571e222e" />
      <TestMethod codeBase="/home/runner/work/SGuard.DataAnnotations/SGuard.DataAnnotations/SGuard.DataAnnotations.Tests/bin/Release/net8.0/SGuard.DataAnnotations.Tests.dll" adapterTypeName="executor://xunit/VsTestRunner3/netcore/" className="SGuard.DataAnnotations.Tests.Attributes.SGuardMinCountAttributeTests" name="ReturnsSuccess_WhenValueIsNotACollection" />
    </UnitTest>
    <UnitTest name="SGuard.DataAnnotations.Tests.Attributes.SGuardRequiredIfAttributeTests.ReturnsSuccess_WhenConditionMet_AndValueIsNonEmptyString" storage="/home/runner/work/sguard.dataannotations/sguard.dataannotations/sguard.dataannotations.tests/bin/release/net8.0/sguard.dataannotations.tests.dll" id="79b6102e-e5c4-bce8-6bb3-bb0b4547cc45">
      <Execution id="5b383574-c0fe-4c9d-b0e2-00e745c7d9f9" />
      <TestMethod codeBase="/home/runner/work/SGuard.DataAnnotations/SGuard.DataAnnotations/SGuard.DataAnnotations.Tests/bin/Release/net8.0/SGuard.DataAnnotations.Tests.dll" adapterTypeName="executor://xunit/VsTestRunner3/netcore/" className="SGuard.DataAnnotations.Tests.Attributes.SGuardRequiredIfAttributeTests" name="ReturnsSuccess_WhenConditionMet_AndValueIsNonEmptyString" />
    </UnitTest>
    <UnitTest name="SGuard.DataAnnotations.Tests.Attributes.SGuardMinCountAttributeTests.ReturnsError_WhenDictionaryCountIsLessThanMin" storage="/home/runner/work/sguard.dataannotations/sguard.dataannotations/sguard.dataannotations.tests/bin/release/net8.0/sguard.dataannotations.tests.dll" id="74763ec8-6686-be4e-cacc-79e58aa84404">
      <Execution id="33f9dcb5-009d-4975-b556-b7dcccb013a4" />
      <TestMethod codeBase="/home/runner/work/SGuard.DataAnnotations/SGuard.DataAnnotations/SGuard.DataAnnotations.Tests/bin/Release/net8.0/SGuard.DataAnnotations.Tests.dll" adapterTypeName="executor://xunit/VsTestRunner3/netcore/" className="SGuard.DataAnnotations.Tests.Attributes.SGuardMinCountAttributeTests" name="ReturnsError_WhenDictionaryCountIsLessThanMin" />
    </UnitTest>
    <UnitTest name="SGuard.DataAnnotations.Tests.Attributes.SGuardEmailAddressAttributeTests.ReturnsError_WhenValueIsInvalidEmailFormat(email: &quot;user@&quot;)" storage="/home/runner/work/sguard.dataannotations/sguard.dataannotations/sguard.dataannotations.tests/bin/release/net8.0/sguard.dataannotations.tests.dll" id="b1dff3e0-131a-5859-39fa-f522da206203">
      <Execution id="81ab34da-255f-4970-87fe-e8da7c31cf4e" />
      <TestMethod codeBase="/home/runner/work/SGuard.DataAnnotations/SGuard.DataAnnotations/SGuard.DataAnnotations.Tests/bin/Release/net8.0/SGuard.DataAnnotations.Tests.dll" adapterTypeName="executor://xunit/VsTestRunner3/netcore/" className="SGuard.DataAnnotations.Tests.Attributes.SGuardEmailAddressAttributeTests" name="ReturnsError_WhenValueIsInvalidEmailFormat" />
    </UnitTest>
    <UnitTest name="SGuard.DataAnnotations.Tests.Attributes.SGuardCreditCardAttributeTests.ReturnsLocalizedErrorMessage_WhenCultureIsSet(culture: &quot;ru&quot;)" storage="/home/runner/work/sguard.dataannotations/sguard.dataannotations/sguard.dataannotations.tests/bin/release/net8.0/sguard.dataannotations.tests.dll" id="4cfe696d-2c66-ba14-94e5-b1c7f8adc785">
      <Execution id="31e65eaa-17d3-4586-a73f-c9abace90c4b" />
      <TestMethod codeBase="/home/runner/work/SGuard.DataAnnotations/SGuard.DataAnnotations/SGuard.DataAnnotations.Tests/bin/Release/net8.0/SGuard.DataAnnotations.Tests.dll" adapterTypeName="executor://xunit/VsTestRunner3/netcore/" className="SGuard.DataAnnotations.Tests.Attributes.SGuardCreditCardAttributeTests" name="ReturnsLocalizedErrorMessage_WhenCultureIsSet" />
    </UnitTest>
    <UnitTest name="SGuard.DataAnnotations.Tests.Attributes.SGuardStringLengthAttributeTests.ReturnsError_WhenStringLengthExceedsMaximum" storage="/home/runner/work/sguard.dataannotations/sguard.dataannotations/sguard.dataannotations.tests/bin/release/net8.0/sguard.dataannotations.tests.dll" id="4ccde377-9d20-8bac-fb75-afb02ae558b3">
      <Execution id="ac6d5fc0-3f25-41e4-873e-e98e4ef01ff9" />
      <TestMethod codeBase="/home/runner/work/SGuard.DataAnnotations/SGuard.DataAnnotations/SGuard.DataAnnotations.Tests/bin/Release/net8.0/SGuard.DataAnnotations.Tests.dll" adapterTypeName="executor://xunit/VsTestRunner3/netcore/" className="SGuard.DataAnnotations.Tests.Attributes.SGuardStringLengthAttributeTests" name="ReturnsError_WhenStringLengthExceedsMaximum" />
    </UnitTest>
    <UnitTest name="SGuard.DataAnnotations.Tests.Attributes.SGuardRequiredIfAttributeTests.ReturnsError_WhenConditionMet_AndValueIsEmptyString" storage="/home/runner/work/sguard.dataannotations/sguard.dataannotations/sguard.dataannotations.tests/bin/release/net8.0/sguard.dataannotations.tests.dll" id="09cd4131-9ddb-feab-ff4c-35327c79c0f2">
      <Execution id="e9e6ee26-33f0-468e-9651-9a803ed523fc" />
      <TestMethod codeBase="/home/runner/work/SGuard.DataAnnotations/SGuard.DataAnnotations/SGuard.DataAnnotations.Tests/bin/Release/net8.0/SGuard.DataAnnotations.Tests.dll" adapterTypeName="executor://xunit/VsTestRunner3/netcore/" className="SGuard.DataAnnotations.Tests.Attributes.SGuardRequiredIfAttributeTests" name="ReturnsError_WhenConditionMet_AndValueIsEmptyString" />
    </UnitTest>
    <UnitTest name="SGuard.DataAnnotations.Tests.Attributes.SGuardCreditCardAttributeTests.ReturnsError_WhenValueHasSpecialCharacters" storage="/home/runner/work/sguard.dataannotations/sguard.dataannotations/sguard.dataannotations.tests/bin/release/net8.0/sguard.dataannotations.tests.dll" id="0bd1c5ff-7470-d31e-7726-af166eb059fb">
      <Execution id="948af2e4-3f61-484e-9f5c-7ce5af815964" />
      <TestMethod codeBase="/home/runner/work/SGuard.DataAnnotations/SGuard.DataAnnotations/SGuard.DataAnnotations.Tests/bin/Release/net8.0/SGuard.DataAnnotations.Tests.dll" adapterTypeName="executor://xunit/VsTestRunner3/netcore/" className="SGuard.DataAnnotations.Tests.Attributes.SGuardCreditCardAttributeTests" name="ReturnsError_WhenValueHasSpecialCharacters" />
    </UnitTest>
    <UnitTest name="SGuard.DataAnnotations.Tests.Attributes.SGuardEmailAddressAttributeTests.Constructor_ThrowsArgumentNullException_WhenResourceNameIsNull" storage="/home/runner/work/sguard.dataannotations/sguard.dataannotations/sguard.dataannotations.tests/bin/release/net8.0/sguard.dataannotations.tests.dll" id="d3c42e9a-5225-3efb-100a-a789c8adde2f">
      <Execution id="82b7de71-d989-4f0e-83ec-9544c681acac" />
      <TestMethod codeBase="/home/runner/work/SGuard.DataAnnotations/SGuard.DataAnnotations/SGuard.DataAnnotations.Tests/bin/Release/net8.0/SGuard.DataAnnotations.Tests.dll" adapterTypeName="executor://xunit/VsTestRunner3/netcore/" className="SGuard.DataAnnotations.Tests.Attributes.SGuardEmailAddressAttributeTests" name="Constructor_ThrowsArgumentNullException_WhenResourceNameIsNull" />
    </UnitTest>
    <UnitTest name="SGuard.DataAnnotations.Tests.Attributes.SGuardValidationAttributeBaseFallbackTests.Returns_ResourceNameInBrackets_IfNoFallbacksExist" storage="/home/runner/work/sguard.dataannotations/sguard.dataannotations/sguard.dataannotations.tests/bin/release/net8.0/sguard.dataannotations.tests.dll" id="a4e6ddd9-7583-3067-73cf-2e7840fff423">
      <Execution id="5d5e8feb-191f-472f-af87-523e6b503452" />
      <TestMethod codeBase="/home/runner/work/SGuard.DataAnnotations/SGuard.DataAnnotations/SGuard.DataAnnotations.Tests/bin/Release/net8.0/SGuard.DataAnnotations.Tests.dll" adapterTypeName="executor://xunit/VsTestRunner3/netcore/" className="SGuard.DataAnnotations.Tests.Attributes.SGuardValidationAttributeBaseFallbackTests" name="Returns_ResourceNameInBrackets_IfNoFallbacksExist" />
    </UnitTest>
    <UnitTest name="SGuard.DataAnnotations.Tests.Attributes.SGuardEmailAddressAttributeTests.ReturnsLocalizedErrorMessage_WhenCultureIsSet(culture: &quot;ru&quot;)" storage="/home/runner/work/sguard.dataannotations/sguard.dataannotations/sguard.dataannotations.tests/bin/release/net8.0/sguard.dataannotations.tests.dll" id="19ecf8d1-7110-f15c-ef67-988f88f7bb41">
      <Execution id="5955b2ec-7b87-477c-a175-318d71e80546" />
      <TestMethod codeBase="/home/runner/work/SGuard.DataAnnotations/SGuard.DataAnnotations/SGuard.DataAnnotations.Tests/bin/Release/net8.0/SGuard.DataAnnotations.Tests.dll" adapterTypeName="executor://xunit/VsTestRunner3/netcore/" className="SGuard.DataAnnotations.Tests.Attributes.SGuardEmailAddressAttributeTests" name="ReturnsLocalizedErrorMessage_WhenCultureIsSet" />
    </UnitTest>
    <UnitTest name="SGuard.DataAnnotations.Tests.Attributes.SGuardBetweenAttributeTests.UsesInvariantCulture_WhenResourceNotFound" storage="/home/runner/work/sguard.dataannotations/sguard.dataannotations/sguard.dataannotations.tests/bin/release/net8.0/sguard.dataannotations.tests.dll" id="bd88b21d-6448-e40c-0742-fc2176115994">
      <Execution id="7f804f9d-cea0-4e4c-a2ce-29d5177a33e1" />
      <TestMethod codeBase="/home/runner/work/SGuard.DataAnnotations/SGuard.DataAnnotations/SGuard.DataAnnotations.Tests/bin/Release/net8.0/SGuard.DataAnnotations.Tests.dll" adapterTypeName="executor://xunit/VsTestRunner3/netcore/" className="SGuard.DataAnnotations.Tests.Attributes.SGuardBetweenAttributeTests" name="UsesInvariantCulture_WhenResourceNotFound" />
    </UnitTest>
    <UnitTest name="SGuard.DataAnnotations.Tests.Attributes.SGuardRequiredCollectionAttributeTests.ReturnsError_WhenDictionaryIsEmpty" storage="/home/runner/work/sguard.dataannotations/sguard.dataannotations/sguard.dataannotations.tests/bin/release/net8.0/sguard.dataannotations.tests.dll" id="dcf0db55-732a-fafb-7f82-1b8350768679">
      <Execution id="2fe2eb4d-9461-442c-a1c2-5ded522d8e40" />
      <TestMethod codeBase="/home/runner/work/SGuard.DataAnnotations/SGuard.DataAnnotations/SGuard.DataAnnotations.Tests/bin/Release/net8.0/SGuard.DataAnnotations.Tests.dll" adapterTypeName="executor://xunit/VsTestRunner3/netcore/" className="SGuard.DataAnnotations.Tests.Attributes.SGuardRequiredCollectionAttributeTests" name="ReturnsError_WhenDictionaryIsEmpty" />
    </UnitTest>
    <UnitTest name="SGuard.DataAnnotations.Tests.Attributes.SGuardCreditCardAttributeTests.ReturnsError_WhenValueIsInvalidTestCreditCard(cardNumber: &quot;5555555555554443&quot;)" storage="/home/runner/work/sguard.dataannotations/sguard.dataannotations/sguard.dataannotations.tests/bin/release/net8.0/sguard.dataannotations.tests.dll" id="809e9d94-66f6-dae8-2b5d-501b7d7b5945">
      <Execution id="4a6d7db9-def9-462a-853e-b607c913d02c" />
      <TestMethod codeBase="/home/runner/work/SGuard.DataAnnotations/SGuard.DataAnnotations/SGuard.DataAnnotations.Tests/bin/Release/net8.0/SGuard.DataAnnotations.Tests.dll" adapterTypeName="executor://xunit/VsTestRunner3/netcore/" className="SGuard.DataAnnotations.Tests.Attributes.SGuardCreditCardAttributeTests" name="ReturnsError_WhenValueIsInvalidTestCreditCard" />
    </UnitTest>
    <UnitTest name="SGuard.DataAnnotations.Tests.Attributes.SGuardCompareAttributeTests.Constructor_ThrowsArgumentNullException_WhenOtherPropertyIsNull" storage="/home/runner/work/sguard.dataannotations/sguard.dataannotations/sguard.dataannotations.tests/bin/release/net8.0/sguard.dataannotations.tests.dll" id="68a16536-98d2-0511-7116-864607bab0e2">
      <Execution id="80a5532a-5b95-4dfb-96e1-f0e6115b71ce" />
      <TestMethod codeBase="/home/runner/work/SGuard.DataAnnotations/SGuard.DataAnnotations/SGuard.DataAnnotations.Tests/bin/Release/net8.0/SGuard.DataAnnotations.Tests.dll" adapterTypeName="executor://xunit/VsTestRunner3/netcore/" className="SGuard.DataAnnotations.Tests.Attributes.SGuardCompareAttributeTests" name="Constructor_ThrowsArgumentNullException_WhenOtherPropertyIsNull" />
    </UnitTest>
    <UnitTest name="SGuard.DataAnnotations.Tests.Attributes.SGuardMinCountAttributeTests.ReturnsError_WhenArrayCountIsLessThanMin" storage="/home/runner/work/sguard.dataannotations/sguard.dataannotations/sguard.dataannotations.tests/bin/release/net8.0/sguard.dataannotations.tests.dll" id="3c3bfa14-9fb7-b6cc-5a7a-5faef4a5c2c7">
      <Execution id="bdb0b92a-ad8a-4709-867b-4fc65bc625b3" />
      <TestMethod codeBase="/home/runner/work/SGuard.DataAnnotations/SGuard.DataAnnotations/SGuard.DataAnnotations.Tests/bin/Release/net8.0/SGuard.DataAnnotations.Tests.dll" adapterTypeName="executor://xunit/VsTestRunner3/netcore/" className="SGuard.DataAnnotations.Tests.Attributes.SGuardMinCountAttributeTests" name="ReturnsError_WhenArrayCountIsLessThanMin" />
    </UnitTest>
    <UnitTest name="SGuard.DataAnnotations.Tests.Attributes.SGuardCreditCardAttributeTests.ReturnsError_WhenValueContainsLetters" storage="/home/runner/work/sguard.dataannotations/sguard.dataannotations/sguard.dataannotations.tests/bin/release/net8.0/sguard.dataannotations.tests.dll" id="75d791fa-8719-80d0-9a8b-76d17eff6ec0">
      <Execution id="301de4a2-7989-464e-8d4f-4d96555f06e2" />
      <TestMethod codeBase="/home/runner/work/SGuard.DataAnnotations/SGuard.DataAnnotations/SGuard.DataAnnotations.Tests/bin/Release/net8.0/SGuard.DataAnnotations.Tests.dll" adapterTypeName="executor://xunit/VsTestRunner3/netcore/" className="SGuard.DataAnnotations.Tests.Attributes.SGuardCreditCardAttributeTests" name="ReturnsError_WhenValueContainsLetters" />
    </UnitTest>
    <UnitTest name="SGuard.DataAnnotations.Tests.Attributes.SGuardCreditCardAttributeTests.ReturnsSuccess_WhenValueIsValidTestCreditCard(cardNumber: &quot;6011000990139424&quot;)" storage="/home/runner/work/sguard.dataannotations/sguard.dataannotations/sguard.dataannotations.tests/bin/release/net8.0/sguard.dataannotations.tests.dll" id="fdc1127e-4505-c69f-14f4-782af60782bd">
      <Execution id="176adf37-ea9c-462e-aa2f-3ac163e7b2ca" />
      <TestMethod codeBase="/home/runner/work/SGuard.DataAnnotations/SGuard.DataAnnotations/SGuard.DataAnnotations.Tests/bin/Release/net8.0/SGuard.DataAnnotations.Tests.dll" adapterTypeName="executor://xunit/VsTestRunner3/netcore/" className="SGuard.DataAnnotations.Tests.Attributes.SGuardCreditCardAttributeTests" name="ReturnsSuccess_WhenValueIsValidTestCreditCard" />
    </UnitTest>
    <UnitTest name="SGuard.DataAnnotations.Tests.Attributes.SGuardRangeAttributeTests.ReturnsError_WhenIntValueIsAboveRange" storage="/home/runner/work/sguard.dataannotations/sguard.dataannotations/sguard.dataannotations.tests/bin/release/net8.0/sguard.dataannotations.tests.dll" id="5a51352c-3de9-808e-63ee-89577a10f209">
      <Execution id="32fafed5-8ba1-4c37-8b8c-2817a90010b5" />
      <TestMethod codeBase="/home/runner/work/SGuard.DataAnnotations/SGuard.DataAnnotations/SGuard.DataAnnotations.Tests/bin/Release/net8.0/SGuard.DataAnnotations.Tests.dll" adapterTypeName="executor://xunit/VsTestRunner3/netcore/" className="SGuard.DataAnnotations.Tests.Attributes.SGuardRangeAttributeTests" name="ReturnsError_WhenIntValueIsAboveRange" />
    </UnitTest>
    <UnitTest name="SGuard.DataAnnotations.Tests.Attributes.SGuardEmailAddressAttributeTests.ReturnsSuccess_WhenValueIsCommonEmailProvider(email: &quot;user@protonmail.com&quot;)" storage="/home/runner/work/sguard.dataannotations/sguard.dataannotations/sguard.dataannotations.tests/bin/release/net8.0/sguard.dataannotations.tests.dll" id="26b95717-eff7-b896-62e8-84d5342f995e">
      <Execution id="0c23e86a-a46d-4f9e-a373-bf6feaa7e46e" />
      <TestMethod codeBase="/home/runner/work/SGuard.DataAnnotations/SGuard.DataAnnotations/SGuard.DataAnnotations.Tests/bin/Release/net8.0/SGuard.DataAnnotations.Tests.dll" adapterTypeName="executor://xunit/VsTestRunner3/netcore/" className="SGuard.DataAnnotations.Tests.Attributes.SGuardEmailAddressAttributeTests" name="ReturnsSuccess_WhenValueIsCommonEmailProvider" />
    </UnitTest>
    <UnitTest name="SGuard.DataAnnotations.Tests.Attributes.SGuardGreaterThanAttributeTests.ReturnsError_WhenValueIsEqualToOther" storage="/home/runner/work/sguard.dataannotations/sguard.dataannotations/sguard.dataannotations.tests/bin/release/net8.0/sguard.dataannotations.tests.dll" id="8e691b6b-f7e7-4d53-52eb-73fbaa8af003">
      <Execution id="28358ed0-02ae-42b2-b65e-b5a29d5d3a2a" />
      <TestMethod codeBase="/home/runner/work/SGuard.DataAnnotations/SGuard.DataAnnotations/SGuard.DataAnnotations.Tests/bin/Release/net8.0/SGuard.DataAnnotations.Tests.dll" adapterTypeName="executor://xunit/VsTestRunner3/netcore/" className="SGuard.DataAnnotations.Tests.Attributes.SGuardGreaterThanAttributeTests" name="ReturnsError_WhenValueIsEqualToOther" />
    </UnitTest>
    <UnitTest name="SGuard.DataAnnotations.Tests.Attributes.SGuardCreditCardAttributeTests.ReturnsSuccess_WhenValueIsValidTestCreditCard(cardNumber: &quot;30569309025904&quot;)" storage="/home/runner/work/sguard.dataannotations/sguard.dataannotations/sguard.dataannotations.tests/bin/release/net8.0/sguard.dataannotations.tests.dll" id="2187ad65-87f0-bfcf-d975-396aa8f70701">
      <Execution id="8c5cd9fc-2048-419a-93c6-141c885fe8a3" />
      <TestMethod codeBase="/home/runner/work/SGuard.DataAnnotations/SGuard.DataAnnotations/SGuard.DataAnnotations.Tests/bin/Release/net8.0/SGuard.DataAnnotations.Tests.dll" adapterTypeName="executor://xunit/VsTestRunner3/netcore/" className="SGuard.DataAnnotations.Tests.Attributes.SGuardCreditCardAttributeTests" name="ReturnsSuccess_WhenValueIsValidTestCreditCard" />
    </UnitTest>
    <UnitTest name="SGuard.DataAnnotations.Tests.Attributes.SGuardStringLengthAttributeTests.ThrowsArgumentNullException_WhenResourceNameIsNull" storage="/home/runner/work/sguard.dataannotations/sguard.dataannotations/sguard.dataannotations.tests/bin/release/net8.0/sguard.dataannotations.tests.dll" id="41b05ee3-12ce-b627-2955-98b195d56a3d">
      <Execution id="fd4d77be-c949-41b4-a85a-ae6d3b648ac5" />
      <TestMethod codeBase="/home/runner/work/SGuard.DataAnnotations/SGuard.DataAnnotations/SGuard.DataAnnotations.Tests/bin/Release/net8.0/SGuard.DataAnnotations.Tests.dll" adapterTypeName="executor://xunit/VsTestRunner3/netcore/" className="SGuard.DataAnnotations.Tests.Attributes.SGuardStringLengthAttributeTests" name="ThrowsArgumentNullException_WhenResourceNameIsNull" />
    </UnitTest>
    <UnitTest name="SGuard.DataAnnotations.Tests.Attributes.SGuardCompareAttributeTests.ReturnsError_WhenPrivatePropertyCannotBeAccessed" storage="/home/runner/work/sguard.dataannotations/sguard.dataannotations/sguard.dataannotations.tests/bin/release/net8.0/sguard.dataannotations.tests.dll" id="c97c75c4-b307-7ca6-75ff-9ef0025bb6a0">
      <Execution id="46b4c733-4a79-49db-82a2-ee35885cd517" />
      <TestMethod codeBase="/home/runner/work/SGuard.DataAnnotations/SGuard.DataAnnotations/SGuard.DataAnnotations.Tests/bin/Release/net8.0/SGuard.DataAnnotations.Tests.dll" adapterTypeName="executor://xunit/VsTestRunner3/netcore/" className="SGuard.DataAnnotations.Tests.Attributes.SGuardCompareAttributeTests" name="ReturnsError_WhenPrivatePropertyCannotBeAccessed" />
    </UnitTest>
    <UnitTest name="SGuard.DataAnnotations.Tests.Attributes.SGuardRangeAttributeTests.ReturnsLocalizedErrorMessage_WhenCultureIsSetToTurkish" storage="/home/runner/work/sguard.dataannotations/sguard.dataannotations/sguard.dataannotations.tests/bin/release/net8.0/sguard.dataannotations.tests.dll" id="701f587a-5d18-199f-026c-ebd21e1df910">
      <Execution id="27db91a2-9638-47a2-90a7-05305cefac5b" />
      <TestMethod codeBase="/home/runner/work/SGuard.DataAnnotations/SGuard.DataAnnotations/SGuard.DataAnnotations.Tests/bin/Release/net8.0/SGuard.DataAnnotations.Tests.dll" adapterTypeName="executor://xunit/VsTestRunner3/netcore/" className="SGuard.DataAnnotations.Tests.Attributes.SGuardRangeAttributeTests" name="ReturnsLocalizedErrorMessage_WhenCultureIsSetToTurkish" />
    </UnitTest>
    <UnitTest name="SGuard.DataAnnotations.Tests.Attributes.SGuardMaxCountAttributeTests.ReturnsError_WhenCollectionCountIsGreaterThanZero" storage="/home/runner/work/sguard.dataannotations/sguard.dataannotations/sguard.dataannotations.tests/bin/release/net8.0/sguard.dataannotations.tests.dll" id="300f7fbc-52a0-5545-ddb0-fc7ad262dc85">
      <Execution id="a0da959b-cb5e-4dfc-9836-f91320b6395e" />
      <TestMethod codeBase="/home/runner/work/SGuard.DataAnnotations/SGuard.DataAnnotations/SGuard.DataAnnotations.Tests/bin/Release/net8.0/SGuard.DataAnnotations.Tests.dll" adapterTypeName="executor://xunit/VsTestRunner3/netcore/" className="SGuard.DataAnnotations.Tests.Attributes.SGuardMaxCountAttributeTests" name="ReturnsError_WhenCollectionCountIsGreaterThanZero" />
    </UnitTest>
    <UnitTest name="SGuard.DataAnnotations.Tests.Attributes.SGuardEmailAddressAttributeTests.ReturnsSuccess_WhenEmailHasLeadingSpaces" storage="/home/runner/work/sguard.dataannotations/sguard.dataannotations/sguard.dataannotations.tests/bin/release/net8.0/sguard.dataannotations.tests.dll" id="f3b4a254-455d-3192-9248-5344bd916d75">
      <Execution id="e91f922a-dfe2-4a1b-9412-cfd1a90fffb2" />
      <TestMethod codeBase="/home/runner/work/SGuard.DataAnnotations/SGuard.DataAnnotations/SGuard.DataAnnotations.Tests/bin/Release/net8.0/SGuard.DataAnnotations.Tests.dll" adapterTypeName="executor://xunit/VsTestRunner3/netcore/" className="SGuard.DataAnnotations.Tests.Attributes.SGuardEmailAddressAttributeTests" name="ReturnsSuccess_WhenEmailHasLeadingSpaces" />
    </UnitTest>
    <UnitTest name="SGuard.DataAnnotations.Tests.Attributes.SGuardCreditCardAttributeTests.ReturnsSuccess_WhenValueIsValidTestCreditCard(cardNumber: &quot;3530111333300000&quot;)" storage="/home/runner/work/sguard.dataannotations/sguard.dataannotations/sguard.dataannotations.tests/bin/release/net8.0/sguard.dataannotations.tests.dll" id="88b28e5a-c571-d1c3-3fe0-6f8671929713">
      <Execution id="c911c19c-78e9-4008-9660-b90feff348c9" />
      <TestMethod codeBase="/home/runner/work/SGuard.DataAnnotations/SGuard.DataAnnotations/SGuard.DataAnnotations.Tests/bin/Release/net8.0/SGuard.DataAnnotations.Tests.dll" adapterTypeName="executor://xunit/VsTestRunner3/netcore/" className="SGuard.DataAnnotations.Tests.Attributes.SGuardCreditCardAttributeTests" name="ReturnsSuccess_WhenValueIsValidTestCreditCard" />
    </UnitTest>
    <UnitTest name="SGuard.DataAnnotations.Tests.Attributes.SGuardCreditCardAttributeTests.ReturnsSuccess_WhenValueIsValidJCB" storage="/home/runner/work/sguard.dataannotations/sguard.dataannotations/sguard.dataannotations.tests/bin/release/net8.0/sguard.dataannotations.tests.dll" id="ee234abd-0496-b817-262c-6365071813bb">
      <Execution id="4e0aca16-8a15-46a8-ba4e-bda0a9dc9bca" />
      <TestMethod codeBase="/home/runner/work/SGuard.DataAnnotations/SGuard.DataAnnotations/SGuard.DataAnnotations.Tests/bin/Release/net8.0/SGuard.DataAnnotations.Tests.dll" adapterTypeName="executor://xunit/VsTestRunner3/netcore/" className="SGuard.DataAnnotations.Tests.Attributes.SGuardCreditCardAttributeTests" name="ReturnsSuccess_WhenValueIsValidJCB" />
    </UnitTest>
    <UnitTest name="SGuard.DataAnnotations.Tests.Attributes.SGuardMinCountAttributeTests.ReturnsError_WhenValueIsNullAndMinIsGreaterThanZero" storage="/home/runner/work/sguard.dataannotations/sguard.dataannotations/sguard.dataannotations.tests/bin/release/net8.0/sguard.dataannotations.tests.dll" id="caf2e415-42c1-802e-5d26-994c0a176ae7">
      <Execution id="3344d8d4-8d35-480f-97dc-d87fc0658a92" />
      <TestMethod codeBase="/home/runner/work/SGuard.DataAnnotations/SGuard.DataAnnotations/SGuard.DataAnnotations.Tests/bin/Release/net8.0/SGuard.DataAnnotations.Tests.dll" adapterTypeName="executor://xunit/VsTestRunner3/netcore/" className="SGuard.DataAnnotations.Tests.Attributes.SGuardMinCountAttributeTests" name="ReturnsError_WhenValueIsNullAndMinIsGreaterThanZero" />
    </UnitTest>
    <UnitTest name="SGuard.DataAnnotations.Tests.Attributes.SGuardUrlAttributeTests.ReturnsSuccess_WhenValueIsValidUrl" storage="/home/runner/work/sguard.dataannotations/sguard.dataannotations/sguard.dataannotations.tests/bin/release/net8.0/sguard.dataannotations.tests.dll" id="fa752d66-28d7-68b0-4a54-7085fb7dac2f">
      <Execution id="08e2ee77-44fa-469d-9f01-0f6364244020" />
      <TestMethod codeBase="/home/runner/work/SGuard.DataAnnotations/SGuard.DataAnnotations/SGuard.DataAnnotations.Tests/bin/Release/net8.0/SGuard.DataAnnotations.Tests.dll" adapterTypeName="executor://xunit/VsTestRunner3/netcore/" className="SGuard.DataAnnotations.Tests.Attributes.SGuardUrlAttributeTests" name="ReturnsSuccess_WhenValueIsValidUrl" />
    </UnitTest>
    <UnitTest name="SGuard.DataAnnotations.Tests.Attributes.SGuardBetweenAttributeTests.HandlesNegativeValues_Inclusive" storage="/home/runner/work/sguard.dataannotations/sguard.dataannotations/sguard.dataannotations.tests/bin/release/net8.0/sguard.dataannotations.tests.dll" id="a35a1793-5ee3-f926-ff94-e5d154b60c65">
      <Execution id="c038d6fd-f11c-4a63-bef4-c0eaba130552" />
      <TestMethod codeBase="/home/runner/work/SGuard.DataAnnotations/SGuard.DataAnnotations/SGuard.DataAnnotations.Tests/bin/Release/net8.0/SGuard.DataAnnotations.Tests.dll" adapterTypeName="executor://xunit/VsTestRunner3/netcore/" className="SGuard.DataAnnotations.Tests.Attributes.SGuardBetweenAttributeTests" name="HandlesNegativeValues_Inclusive" />
    </UnitTest>
    <UnitTest name="SGuard.DataAnnotations.Tests.Attributes.SGuardCompareAttributeTests.HandlesSpecialCharacters" storage="/home/runner/work/sguard.dataannotations/sguard.dataannotations/sguard.dataannotations.tests/bin/release/net8.0/sguard.dataannotations.tests.dll" id="87ff368c-2f6c-e2c1-52f5-5a144623f490">
      <Execution id="22422b04-99de-4bb1-9279-400a33f76b44" />
      <TestMethod codeBase="/home/runner/work/SGuard.DataAnnotations/SGuard.DataAnnotations/SGuard.DataAnnotations.Tests/bin/Release/net8.0/SGuard.DataAnnotations.Tests.dll" adapterTypeName="executor://xunit/VsTestRunner3/netcore/" className="SGuard.DataAnnotations.Tests.Attributes.SGuardCompareAttributeTests" name="HandlesSpecialCharacters" />
    </UnitTest>
    <UnitTest name="SGuard.DataAnnotations.Tests.Attributes.SGuardCompareAttributeTests.ReturnsLocalizedErrorMessage_WhenCultureIsSet(culture: &quot;en&quot;)" storage="/home/runner/work/sguard.dataannotations/sguard.dataannotations/sguard.dataannotations.tests/bin/release/net8.0/sguard.dataannotations.tests.dll" id="7f1262c7-9267-6848-7a6a-63fee330a8ad">
      <Execution id="e92c0b38-48f6-4d5b-8d8f-2f28950c79fd" />
      <TestMethod codeBase="/home/runner/work/SGuard.DataAnnotations/SGuard.DataAnnotations/SGuard.DataAnnotations.Tests/bin/Release/net8.0/SGuard.DataAnnotations.Tests.dll" adapterTypeName="executor://xunit/VsTestRunner3/netcore/" className="SGuard.DataAnnotations.Tests.Attributes.SGuardCompareAttributeTests" name="ReturnsLocalizedErrorMessage_WhenCultureIsSet" />
    </UnitTest>
    <UnitTest name="SGuard.DataAnnotations.Tests.Attributes.SGuardEmailAddressAttributeTests.ReturnsError_WhenValueIsMissingLocalPart" storage="/home/runner/work/sguard.dataannotations/sguard.dataannotations/sguard.dataannotations.tests/bin/release/net8.0/sguard.dataannotations.tests.dll" id="57a52874-48c6-1cb3-2d74-f42730ff4142">
      <Execution id="867ae642-8fe6-4b65-a8fb-bf5f7afda46b" />
      <TestMethod codeBase="/home/runner/work/SGuard.DataAnnotations/SGuard.DataAnnotations/SGuard.DataAnnotations.Tests/bin/Release/net8.0/SGuard.DataAnnotations.Tests.dll" adapterTypeName="executor://xunit/VsTestRunner3/netcore/" className="SGuard.DataAnnotations.Tests.Attributes.SGuardEmailAddressAttributeTests" name="ReturnsError_WhenValueIsMissingLocalPart" />
    </UnitTest>
    <UnitTest name="SGuard.DataAnnotations.Tests.Attributes.SGuardEmailAddressAttributeTests.ReturnsNull_WhenValueIsUnsupportedInternationalEmail(email: &quot;user@россия.рф&quot;)" storage="/home/runner/work/sguard.dataannotations/sguard.dataannotations/sguard.dataannotations.tests/bin/release/net8.0/sguard.dataannotations.tests.dll" id="96f0a1d4-531c-3478-a078-bab16abfa397">
      <Execution id="88229a53-670f-46b4-afb5-794d8e7c4fde" />
      <TestMethod codeBase="/home/runner/work/SGuard.DataAnnotations/SGuard.DataAnnotations/SGuard.DataAnnotations.Tests/bin/Release/net8.0/SGuard.DataAnnotations.Tests.dll" adapterTypeName="executor://xunit/VsTestRunner3/netcore/" className="SGuard.DataAnnotations.Tests.Attributes.SGuardEmailAddressAttributeTests" name="ReturnsNull_WhenValueIsUnsupportedInternationalEmail" />
    </UnitTest>
    <UnitTest name="SGuard.DataAnnotations.Tests.Attributes.SGuardCreditCardAttributeTests.ReturnsError_WhenTabsAndNewlines" storage="/home/runner/work/sguard.dataannotations/sguard.dataannotations/sguard.dataannotations.tests/bin/release/net8.0/sguard.dataannotations.tests.dll" id="f9f8c945-4c81-643a-d9d2-4a8d836c22cd">
      <Execution id="f0d09138-9302-44b9-b519-951695d8b4e2" />
      <TestMethod codeBase="/home/runner/work/SGuard.DataAnnotations/SGuard.DataAnnotations/SGuard.DataAnnotations.Tests/bin/Release/net8.0/SGuard.DataAnnotations.Tests.dll" adapterTypeName="executor://xunit/VsTestRunner3/netcore/" className="SGuard.DataAnnotations.Tests.Attributes.SGuardCreditCardAttributeTests" name="ReturnsError_WhenTabsAndNewlines" />
    </UnitTest>
    <UnitTest name="SGuard.DataAnnotations.Tests.Exceptions.DataAnnotationsExceptionTests.DataAnnotationsException_UsesCustomMessage" storage="/home/runner/work/sguard.dataannotations/sguard.dataannotations/sguard.dataannotations.tests/bin/release/net8.0/sguard.dataannotations.tests.dll" id="66151859-70d2-8743-c129-cddce21a9c0c">
      <Execution id="c7b698e7-8329-4d31-9f0f-d7887ae08a35" />
      <TestMethod codeBase="/home/runner/work/SGuard.DataAnnotations/SGuard.DataAnnotations/SGuard.DataAnnotations.Tests/bin/Release/net8.0/SGuard.DataAnnotations.Tests.dll" adapterTypeName="executor://xunit/VsTestRunner3/netcore/" className="SGuard.DataAnnotations.Tests.Exceptions.DataAnnotationsExceptionTests" name="DataAnnotationsException_UsesCustomMessage" />
    </UnitTest>
    <UnitTest name="SGuard.DataAnnotations.Tests.Attributes.SGuardEmailAddressAttributeTests.ReturnsLocalizedErrorMessage_WhenCultureIsSet(culture: &quot;ja&quot;)" storage="/home/runner/work/sguard.dataannotations/sguard.dataannotations/sguard.dataannotations.tests/bin/release/net8.0/sguard.dataannotations.tests.dll" id="34bb9170-eeee-de83-f14e-fab906187457">
      <Execution id="94a97073-cbf1-47f2-a945-f2c3a85e79ad" />
      <TestMethod codeBase="/home/runner/work/SGuard.DataAnnotations/SGuard.DataAnnotations/SGuard.DataAnnotations.Tests/bin/Release/net8.0/SGuard.DataAnnotations.Tests.dll" adapterTypeName="executor://xunit/VsTestRunner3/netcore/" className="SGuard.DataAnnotations.Tests.Attributes.SGuardEmailAddressAttributeTests" name="ReturnsLocalizedErrorMessage_WhenCultureIsSet" />
    </UnitTest>
    <UnitTest name="SGuard.DataAnnotations.Tests.Attributes.SGuardBetweenAttributeTests.ReturnsError_WhenValueIsAboveMax_Inclusive" storage="/home/runner/work/sguard.dataannotations/sguard.dataannotations/sguard.dataannotations.tests/bin/release/net8.0/sguard.dataannotations.tests.dll" id="7dcb49be-abd7-70bd-acfd-ae6260302e4a">
      <Execution id="91e36f68-df62-4fe8-aac1-97c98b4d0305" />
      <TestMethod codeBase="/home/runner/work/SGuard.DataAnnotations/SGuard.DataAnnotations/SGuard.DataAnnotations.Tests/bin/Release/net8.0/SGuard.DataAnnotations.Tests.dll" adapterTypeName="executor://xunit/VsTestRunner3/netcore/" className="SGuard.DataAnnotations.Tests.Attributes.SGuardBetweenAttributeTests" name="ReturnsError_WhenValueIsAboveMax_Inclusive" />
    </UnitTest>
    <UnitTest name="SGuard.DataAnnotations.Tests.Attributes.SGuardCreditCardAttributeTests.ReturnsLocalizedErrorMessage_WhenCultureIsSet(culture: &quot;hi&quot;)" storage="/home/runner/work/sguard.dataannotations/sguard.dataannotations/sguard.dataannotations.tests/bin/release/net8.0/sguard.dataannotations.tests.dll" id="1bec7ca9-f747-370f-4b0f-e38d88280d42">
      <Execution id="8efbd468-208f-4f21-8a72-9f2b64762f2c" />
      <TestMethod codeBase="/home/runner/work/SGuard.DataAnnotations/SGuard.DataAnnotations/SGuard.DataAnnotations.Tests/bin/Release/net8.0/SGuard.DataAnnotations.Tests.dll" adapterTypeName="executor://xunit/VsTestRunner3/netcore/" className="SGuard.DataAnnotations.Tests.Attributes.SGuardCreditCardAttributeTests" name="ReturnsLocalizedErrorMessage_WhenCultureIsSet" />
    </UnitTest>
    <UnitTest name="SGuard.DataAnnotations.Tests.Attributes.SGuardUrlAttributeTests.ReturnsError_WhenValueIsWhitespaceString" storage="/home/runner/work/sguard.dataannotations/sguard.dataannotations/sguard.dataannotations.tests/bin/release/net8.0/sguard.dataannotations.tests.dll" id="1a721b5c-3d09-5ac7-2dc9-85146d3f176d">
      <Execution id="0be5e68b-3bb2-440b-99bc-4f88cdfb6945" />
      <TestMethod codeBase="/home/runner/work/SGuard.DataAnnotations/SGuard.DataAnnotations/SGuard.DataAnnotations.Tests/bin/Release/net8.0/SGuard.DataAnnotations.Tests.dll" adapterTypeName="executor://xunit/VsTestRunner3/netcore/" className="SGuard.DataAnnotations.Tests.Attributes.SGuardUrlAttributeTests" name="ReturnsError_WhenValueIsWhitespaceString" />
    </UnitTest>
    <UnitTest name="SGuard.DataAnnotations.Tests.DataAnnotation.ThrowIfTests.DataAnnotationsInValid_ValidObject_DoesNotThrow" storage="/home/runner/work/sguard.dataannotations/sguard.dataannotations/sguard.dataannotations.tests/bin/release/net8.0/sguard.dataannotations.tests.dll" id="d2abbd7a-ef0c-371c-ddca-a09c27d6f3a8">
      <Execution id="977305fd-3e51-480b-ba88-51d20e17c8b0" />
      <TestMethod codeBase="/home/runner/work/SGuard.DataAnnotations/SGuard.DataAnnotations/SGuard.DataAnnotations.Tests/bin/Release/net8.0/SGuard.DataAnnotations.Tests.dll" adapterTypeName="executor://xunit/VsTestRunner3/netcore/" className="SGuard.DataAnnotations.Tests.DataAnnotation.ThrowIfTests" name="DataAnnotationsInValid_ValidObject_DoesNotThrow" />
    </UnitTest>
    <UnitTest name="SGuard.DataAnnotations.Tests.DataAnnotation.ThrowIfTests.DataAnnotationsInValid_InvalidObject_ThrowsDataAnnotationsException" storage="/home/runner/work/sguard.dataannotations/sguard.dataannotations/sguard.dataannotations.tests/bin/release/net8.0/sguard.dataannotations.tests.dll" id="e43fb556-9358-00bd-a086-0825e3eb5ea1">
      <Execution id="9d8c2c64-d2c8-4b9a-82a3-551615495491" />
      <TestMethod codeBase="/home/runner/work/SGuard.DataAnnotations/SGuard.DataAnnotations/SGuard.DataAnnotations.Tests/bin/Release/net8.0/SGuard.DataAnnotations.Tests.dll" adapterTypeName="executor://xunit/VsTestRunner3/netcore/" className="SGuard.DataAnnotations.Tests.DataAnnotation.ThrowIfTests" name="DataAnnotationsInValid_InvalidObject_ThrowsDataAnnotationsException" />
    </UnitTest>
    <UnitTest name="SGuard.DataAnnotations.Tests.Attributes.SGuardEmailAddressAttributeTests.ReturnsSuccess_WhenValueIsBusinessEmailFormat(email: &quot;john.doe@company.com&quot;)" storage="/home/runner/work/sguard.dataannotations/sguard.dataannotations/sguard.dataannotations.tests/bin/release/net8.0/sguard.dataannotations.tests.dll" id="44b5e871-bf86-94e7-7093-ae2d9b275d87">
      <Execution id="25367e22-4cd1-4365-9779-fed767875313" />
      <TestMethod codeBase="/home/runner/work/SGuard.DataAnnotations/SGuard.DataAnnotations/SGuard.DataAnnotations.Tests/bin/Release/net8.0/SGuard.DataAnnotations.Tests.dll" adapterTypeName="executor://xunit/VsTestRunner3/netcore/" className="SGuard.DataAnnotations.Tests.Attributes.SGuardEmailAddressAttributeTests" name="ReturnsSuccess_WhenValueIsBusinessEmailFormat" />
    </UnitTest>
    <UnitTest name="SGuard.DataAnnotations.Tests.Attributes.SGuardBetweenAttributeTests.ReturnsError_WhenMaxPropertyIsMissing" storage="/home/runner/work/sguard.dataannotations/sguard.dataannotations/sguard.dataannotations.tests/bin/release/net8.0/sguard.dataannotations.tests.dll" id="dbb7f411-b5f6-5940-9199-3e373138ea62">
      <Execution id="e4c3fb70-90f6-4931-8b1a-9916b3d8a96c" />
      <TestMethod codeBase="/home/runner/work/SGuard.DataAnnotations/SGuard.DataAnnotations/SGuard.DataAnnotations.Tests/bin/Release/net8.0/SGuard.DataAnnotations.Tests.dll" adapterTypeName="executor://xunit/VsTestRunner3/netcore/" className="SGuard.DataAnnotations.Tests.Attributes.SGuardBetweenAttributeTests" name="ReturnsError_WhenMaxPropertyIsMissing" />
    </UnitTest>
    <UnitTest name="SGuard.DataAnnotations.Tests.Attributes.SGuardRequiredIfAttributeTests.ReturnsSuccess_WhenInvertIsTrue_AndConditionIsMet_AndValueIsNull" storage="/home/runner/work/sguard.dataannotations/sguard.dataannotations/sguard.dataannotations.tests/bin/release/net8.0/sguard.dataannotations.tests.dll" id="aa49b1a7-b42b-1198-9a54-7252e411bd8c">
      <Execution id="1508c223-bb0e-40ca-be90-4ce1e6f16fc9" />
      <TestMethod codeBase="/home/runner/work/SGuard.DataAnnotations/SGuard.DataAnnotations/SGuard.DataAnnotations.Tests/bin/Release/net8.0/SGuard.DataAnnotations.Tests.dll" adapterTypeName="executor://xunit/VsTestRunner3/netcore/" className="SGuard.DataAnnotations.Tests.Attributes.SGuardRequiredIfAttributeTests" name="ReturnsSuccess_WhenInvertIsTrue_AndConditionIsMet_AndValueIsNull" />
    </UnitTest>
    <UnitTest name="SGuard.DataAnnotations.Tests.Attributes.SGuardCreditCardAttributeTests.ReturnsSuccess_WhenValueHasSpaces" storage="/home/runner/work/sguard.dataannotations/sguard.dataannotations/sguard.dataannotations.tests/bin/release/net8.0/sguard.dataannotations.tests.dll" id="0f6c30f4-eb74-3240-7d3a-baf8973e6bb1">
      <Execution id="aa3f4db2-ded1-4b78-b0bc-ef6631b185ad" />
      <TestMethod codeBase="/home/runner/work/SGuard.DataAnnotations/SGuard.DataAnnotations/SGuard.DataAnnotations.Tests/bin/Release/net8.0/SGuard.DataAnnotations.Tests.dll" adapterTypeName="executor://xunit/VsTestRunner3/netcore/" className="SGuard.DataAnnotations.Tests.Attributes.SGuardCreditCardAttributeTests" name="ReturnsSuccess_WhenValueHasSpaces" />
    </UnitTest>
    <UnitTest name="SGuard.DataAnnotations.Tests.Attributes.SGuardMaxCountAttributeTests.ReturnsError_WhenDictionaryCountExceedsMax" storage="/home/runner/work/sguard.dataannotations/sguard.dataannotations/sguard.dataannotations.tests/bin/release/net8.0/sguard.dataannotations.tests.dll" id="51c51bea-f89b-c996-c1ac-8ab3ff59328a">
      <Execution id="7ad3fef4-b992-4cf0-8dcd-bfb13fb77c3f" />
      <TestMethod codeBase="/home/runner/work/SGuard.DataAnnotations/SGuard.DataAnnotations/SGuard.DataAnnotations.Tests/bin/Release/net8.0/SGuard.DataAnnotations.Tests.dll" adapterTypeName="executor://xunit/VsTestRunner3/netcore/" className="SGuard.DataAnnotations.Tests.Attributes.SGuardMaxCountAttributeTests" name="ReturnsError_WhenDictionaryCountExceedsMax" />
    </UnitTest>
    <UnitTest name="SGuard.DataAnnotations.Tests.Attributes.SGuardEmailAddressAttributeTests.ReturnsError_WhenValueIsMissingDomainPart" storage="/home/runner/work/sguard.dataannotations/sguard.dataannotations/sguard.dataannotations.tests/bin/release/net8.0/sguard.dataannotations.tests.dll" id="b9b58e28-7f86-1f3e-1425-2302a7fc52a5">
      <Execution id="2ec684aa-f981-4ca6-81f2-1e51fd9e19fb" />
      <TestMethod codeBase="/home/runner/work/SGuard.DataAnnotations/SGuard.DataAnnotations/SGuard.DataAnnotations.Tests/bin/Release/net8.0/SGuard.DataAnnotations.Tests.dll" adapterTypeName="executor://xunit/VsTestRunner3/netcore/" className="SGuard.DataAnnotations.Tests.Attributes.SGuardEmailAddressAttributeTests" name="ReturnsError_WhenValueIsMissingDomainPart" />
    </UnitTest>
    <UnitTest name="SGuard.DataAnnotations.Tests.Attributes.SGuardRequiredCollectionAttributeTests.ReturnsSuccess_WhenValueIsNotACollection" storage="/home/runner/work/sguard.dataannotations/sguard.dataannotations/sguard.dataannotations.tests/bin/release/net8.0/sguard.dataannotations.tests.dll" id="ba3baf4e-5572-7eb4-1d1d-9af5f600a7e3">
      <Execution id="d1116b2e-8809-4ead-b042-7fd29898935f" />
      <TestMethod codeBase="/home/runner/work/SGuard.DataAnnotations/SGuard.DataAnnotations/SGuard.DataAnnotations.Tests/bin/Release/net8.0/SGuard.DataAnnotations.Tests.dll" adapterTypeName="executor://xunit/VsTestRunner3/netcore/" className="SGuard.DataAnnotations.Tests.Attributes.SGuardRequiredCollectionAttributeTests" name="ReturnsSuccess_WhenValueIsNotACollection" />
    </UnitTest>
    <UnitTest name="SGuard.DataAnnotations.Tests.Attributes.SGuardCreditCardAttributeTests.ReturnsSuccess_WhenValueIsValidTestCreditCard(cardNumber: &quot;38520000023237&quot;)" storage="/home/runner/work/sguard.dataannotations/sguard.dataannotations/sguard.dataannotations.tests/bin/release/net8.0/sguard.dataannotations.tests.dll" id="7c32f423-8e0c-a2de-85b6-19e6c1f80dce">
      <Execution id="5942d153-d124-4977-ae6c-877371d15dab" />
      <TestMethod codeBase="/home/runner/work/SGuard.DataAnnotations/SGuard.DataAnnotations/SGuard.DataAnnotations.Tests/bin/Release/net8.0/SGuard.DataAnnotations.Tests.dll" adapterTypeName="executor://xunit/VsTestRunner3/netcore/" className="SGuard.DataAnnotations.Tests.Attributes.SGuardCreditCardAttributeTests" name="ReturnsSuccess_WhenValueIsValidTestCreditCard" />
    </UnitTest>
    <UnitTest name="SGuard.DataAnnotations.Tests.Attributes.SGuardEmailAddressAttributeTests.ReturnsSuccess_WhenValueIsBusinessEmailFormat(email: &quot;info@business.co.uk&quot;)" storage="/home/runner/work/sguard.dataannotations/sguard.dataannotations/sguard.dataannotations.tests/bin/release/net8.0/sguard.dataannotations.tests.dll" id="b97a18c9-b8e3-b070-3a44-45fbb4abfb42">
      <Execution id="ec2c52c4-cbda-4a6b-91a8-4ef87ed2ff09" />
      <TestMethod codeBase="/home/runner/work/SGuard.DataAnnotations/SGuard.DataAnnotations/SGuard.DataAnnotations.Tests/bin/Release/net8.0/SGuard.DataAnnotations.Tests.dll" adapterTypeName="executor://xunit/VsTestRunner3/netcore/" className="SGuard.DataAnnotations.Tests.Attributes.SGuardEmailAddressAttributeTests" name="ReturnsSuccess_WhenValueIsBusinessEmailFormat" />
    </UnitTest>
    <UnitTest name="SGuard.DataAnnotations.Tests.Attributes.SGuardEmailAddressAttributeTests.ReturnsError_WhenValueIsWhitespace" storage="/home/runner/work/sguard.dataannotations/sguard.dataannotations/sguard.dataannotations.tests/bin/release/net8.0/sguard.dataannotations.tests.dll" id="58eebdef-28a3-7d06-c213-4aa00f14b8b1">
      <Execution id="20cc22b8-65bb-4544-86a2-928db5d8b5b0" />
      <TestMethod codeBase="/home/runner/work/SGuard.DataAnnotations/SGuard.DataAnnotations/SGuard.DataAnnotations.Tests/bin/Release/net8.0/SGuard.DataAnnotations.Tests.dll" adapterTypeName="executor://xunit/VsTestRunner3/netcore/" className="SGuard.DataAnnotations.Tests.Attributes.SGuardEmailAddressAttributeTests" name="ReturnsError_WhenValueIsWhitespace" />
    </UnitTest>
    <UnitTest name="SGuard.DataAnnotations.Tests.Attributes.SGuardBetweenAttributeTests.ReturnsSuccess_WhenValueIsWithinExclusiveRange" storage="/home/runner/work/sguard.dataannotations/sguard.dataannotations/sguard.dataannotations.tests/bin/release/net8.0/sguard.dataannotations.tests.dll" id="5f026a22-c8d0-28d9-a261-3c20625721a0">
      <Execution id="f2e68fcc-2e8e-48f9-98bd-eaca319df94b" />
      <TestMethod codeBase="/home/runner/work/SGuard.DataAnnotations/SGuard.DataAnnotations/SGuard.DataAnnotations.Tests/bin/Release/net8.0/SGuard.DataAnnotations.Tests.dll" adapterTypeName="executor://xunit/VsTestRunner3/netcore/" className="SGuard.DataAnnotations.Tests.Attributes.SGuardBetweenAttributeTests" name="ReturnsSuccess_WhenValueIsWithinExclusiveRange" />
    </UnitTest>
    <UnitTest name="SGuard.DataAnnotations.Tests.Attributes.SGuardCompareAttributeTests.ReturnsError_WhenOtherPropertyDoesNotExist" storage="/home/runner/work/sguard.dataannotations/sguard.dataannotations/sguard.dataannotations.tests/bin/release/net8.0/sguard.dataannotations.tests.dll" id="51882b2c-89a4-3795-f36d-6ba49a967dda">
      <Execution id="3b95e346-b6d2-4756-b222-1f623d2180a8" />
      <TestMethod codeBase="/home/runner/work/SGuard.DataAnnotations/SGuard.DataAnnotations/SGuard.DataAnnotations.Tests/bin/Release/net8.0/SGuard.DataAnnotations.Tests.dll" adapterTypeName="executor://xunit/VsTestRunner3/netcore/" className="SGuard.DataAnnotations.Tests.Attributes.SGuardCompareAttributeTests" name="ReturnsError_WhenOtherPropertyDoesNotExist" />
    </UnitTest>
    <UnitTest name="SGuard.DataAnnotations.Tests.Attributes.SGuardEmailAddressAttributeTests.ReturnsNull_WhenValueIsUnsupportedInternationalEmail(email: &quot;用户@example.com&quot;)" storage="/home/runner/work/sguard.dataannotations/sguard.dataannotations/sguard.dataannotations.tests/bin/release/net8.0/sguard.dataannotations.tests.dll" id="95b87b36-3c5e-9cd8-cee1-b516d3ba0d69">
      <Execution id="7ee1fca0-a720-41e0-a127-33168029f66a" />
      <TestMethod codeBase="/home/runner/work/SGuard.DataAnnotations/SGuard.DataAnnotations/SGuard.DataAnnotations.Tests/bin/Release/net8.0/SGuard.DataAnnotations.Tests.dll" adapterTypeName="executor://xunit/VsTestRunner3/netcore/" className="SGuard.DataAnnotations.Tests.Attributes.SGuardEmailAddressAttributeTests" name="ReturnsNull_WhenValueIsUnsupportedInternationalEmail" />
    </UnitTest>
    <UnitTest name="SGuard.DataAnnotations.Tests.Attributes.SGuardMinCountAttributeTests.ReturnsLocalizedErrorMessage_WhenCultureIsSetToTurkish" storage="/home/runner/work/sguard.dataannotations/sguard.dataannotations/sguard.dataannotations.tests/bin/release/net8.0/sguard.dataannotations.tests.dll" id="d700c2ca-0d30-9df2-b5c4-ec10e7deec6d">
      <Execution id="56b4baac-0205-4eba-a48b-6ae97480d8ec" />
      <TestMethod codeBase="/home/runner/work/SGuard.DataAnnotations/SGuard.DataAnnotations/SGuard.DataAnnotations.Tests/bin/Release/net8.0/SGuard.DataAnnotations.Tests.dll" adapterTypeName="executor://xunit/VsTestRunner3/netcore/" className="SGuard.DataAnnotations.Tests.Attributes.SGuardMinCountAttributeTests" name="ReturnsLocalizedErrorMessage_WhenCultureIsSetToTurkish" />
    </UnitTest>
    <UnitTest name="SGuard.DataAnnotations.Tests.Attributes.SGuardCreditCardAttributeTests.ReturnsSuccess_WhenValueIsValidDiscover" storage="/home/runner/work/sguard.dataannotations/sguard.dataannotations/sguard.dataannotations.tests/bin/release/net8.0/sguard.dataannotations.tests.dll" id="6baebac7-a80a-bf62-b229-fb70ad830fff">
      <Execution id="8c198a22-5a9e-4beb-8f67-dac1dfae5e84" />
      <TestMethod codeBase="/home/runner/work/SGuard.DataAnnotations/SGuard.DataAnnotations/SGuard.DataAnnotations.Tests/bin/Release/net8.0/SGuard.DataAnnotations.Tests.dll" adapterTypeName="executor://xunit/VsTestRunner3/netcore/" className="SGuard.DataAnnotations.Tests.Attributes.SGuardCreditCardAttributeTests" name="ReturnsSuccess_WhenValueIsValidDiscover" />
    </UnitTest>
    <UnitTest name="SGuard.DataAnnotations.Tests.Attributes.SGuardCreditCardAttributeTests.ReturnsSuccess_WhenValueIsValidVisa" storage="/home/runner/work/sguard.dataannotations/sguard.dataannotations/sguard.dataannotations.tests/bin/release/net8.0/sguard.dataannotations.tests.dll" id="1dbac545-66f2-0bb8-0678-b41a21a7f990">
      <Execution id="e8ec0442-06c3-4de3-9434-90962ead5611" />
      <TestMethod codeBase="/home/runner/work/SGuard.DataAnnotations/SGuard.DataAnnotations/SGuard.DataAnnotations.Tests/bin/Release/net8.0/SGuard.DataAnnotations.Tests.dll" adapterTypeName="executor://xunit/VsTestRunner3/netcore/" className="SGuard.DataAnnotations.Tests.Attributes.SGuardCreditCardAttributeTests" name="ReturnsSuccess_WhenValueIsValidVisa" />
    </UnitTest>
    <UnitTest name="SGuard.DataAnnotations.Tests.Attributes.SGuardCreditCardAttributeTests.ReturnsSuccess_WhenValueIsWhitespace" storage="/home/runner/work/sguard.dataannotations/sguard.dataannotations/sguard.dataannotations.tests/bin/release/net8.0/sguard.dataannotations.tests.dll" id="105b068b-5f70-b61a-c12a-2f0480355a18">
      <Execution id="a36ec860-9ac0-4284-8346-215a3f6bced1" />
      <TestMethod codeBase="/home/runner/work/SGuard.DataAnnotations/SGuard.DataAnnotations/SGuard.DataAnnotations.Tests/bin/Release/net8.0/SGuard.DataAnnotations.Tests.dll" adapterTypeName="executor://xunit/VsTestRunner3/netcore/" className="SGuard.DataAnnotations.Tests.Attributes.SGuardCreditCardAttributeTests" name="ReturnsSuccess_WhenValueIsWhitespace" />
    </UnitTest>
    <UnitTest name="SGuard.DataAnnotations.Tests.Attributes.SGuardCompareAttributeTests.ReturnsLocalizedErrorMessage_WhenCultureIsSet(culture: &quot;fr&quot;)" storage="/home/runner/work/sguard.dataannotations/sguard.dataannotations/sguard.dataannotations.tests/bin/release/net8.0/sguard.dataannotations.tests.dll" id="39e550b5-d651-1e73-281d-7944e70634fb">
      <Execution id="99bb0d78-9a55-40e1-88cf-7e0355c77bc3" />
      <TestMethod codeBase="/home/runner/work/SGuard.DataAnnotations/SGuard.DataAnnotations/SGuard.DataAnnotations.Tests/bin/Release/net8.0/SGuard.DataAnnotations.Tests.dll" adapterTypeName="executor://xunit/VsTestRunner3/netcore/" className="SGuard.DataAnnotations.Tests.Attributes.SGuardCompareAttributeTests" name="ReturnsLocalizedErrorMessage_WhenCultureIsSet" />
    </UnitTest>
    <UnitTest name="SGuard.DataAnnotations.Tests.Attributes.SGuardCreditCardAttributeTests.ReturnsSuccess_WhenValueIsNull" storage="/home/runner/work/sguard.dataannotations/sguard.dataannotations/sguard.dataannotations.tests/bin/release/net8.0/sguard.dataannotations.tests.dll" id="1c56d25b-3fa2-0b50-9bef-dde7f6b97d13">
      <Execution id="1640fcdf-d505-47c3-b028-76bb7697de37" />
      <TestMethod codeBase="/home/runner/work/SGuard.DataAnnotations/SGuard.DataAnnotations/SGuard.DataAnnotations.Tests/bin/Release/net8.0/SGuard.DataAnnotations.Tests.dll" adapterTypeName="executor://xunit/VsTestRunner3/netcore/" className="SGuard.DataAnnotations.Tests.Attributes.SGuardCreditCardAttributeTests" name="ReturnsSuccess_WhenValueIsNull" />
    </UnitTest>
    <UnitTest name="SGuard.DataAnnotations.Tests.Attributes.SGuardEmailAddressAttributeTests.ReturnsError_WhenValueIsInvalidEmailFormat(email: &quot;@domain.com&quot;)" storage="/home/runner/work/sguard.dataannotations/sguard.dataannotations/sguard.dataannotations.tests/bin/release/net8.0/sguard.dataannotations.tests.dll" id="67af8a8d-4a22-a9e2-abf0-def7c53b0fd8">
      <Execution id="d4b9c5d8-316b-4c2a-a276-d1c5f04b0624" />
      <TestMethod codeBase="/home/runner/work/SGuard.DataAnnotations/SGuard.DataAnnotations/SGuard.DataAnnotations.Tests/bin/Release/net8.0/SGuard.DataAnnotations.Tests.dll" adapterTypeName="executor://xunit/VsTestRunner3/netcore/" className="SGuard.DataAnnotations.Tests.Attributes.SGuardEmailAddressAttributeTests" name="ReturnsError_WhenValueIsInvalidEmailFormat" />
    </UnitTest>
    <UnitTest name="SGuard.DataAnnotations.Tests.Attributes.SGuardMaxLengthAttributeTests.ThrowsArgumentNullException_WhenResourceNameIsNull" storage="/home/runner/work/sguard.dataannotations/sguard.dataannotations/sguard.dataannotations.tests/bin/release/net8.0/sguard.dataannotations.tests.dll" id="8bba85ac-7331-5b3e-7c3e-24a62ec19478">
      <Execution id="253dcaa8-e15c-4142-b072-9b21cdcaddb6" />
      <TestMethod codeBase="/home/runner/work/SGuard.DataAnnotations/SGuard.DataAnnotations/SGuard.DataAnnotations.Tests/bin/Release/net8.0/SGuard.DataAnnotations.Tests.dll" adapterTypeName="executor://xunit/VsTestRunner3/netcore/" className="SGuard.DataAnnotations.Tests.Attributes.SGuardMaxLengthAttributeTests" name="ThrowsArgumentNullException_WhenResourceNameIsNull" />
    </UnitTest>
    <UnitTest name="SGuard.DataAnnotations.Tests.Attributes.SGuardBetweenAttributeTests.ReturnsError_WhenMinPropertyIsMissing" storage="/home/runner/work/sguard.dataannotations/sguard.dataannotations/sguard.dataannotations.tests/bin/release/net8.0/sguard.dataannotations.tests.dll" id="5e6ca35e-d616-fb2c-e08c-8c3ca9f4e3ed">
      <Execution id="e04fa043-1e11-4d71-8fa2-318250df4135" />
      <TestMethod codeBase="/home/runner/work/SGuard.DataAnnotations/SGuard.DataAnnotations/SGuard.DataAnnotations.Tests/bin/Release/net8.0/SGuard.DataAnnotations.Tests.dll" adapterTypeName="executor://xunit/VsTestRunner3/netcore/" className="SGuard.DataAnnotations.Tests.Attributes.SGuardBetweenAttributeTests" name="ReturnsError_WhenMinPropertyIsMissing" />
    </UnitTest>
    <UnitTest name="SGuard.DataAnnotations.Tests.Attributes.SGuardEmailAddressAttributeTests.ReturnsSuccess_WhenValueIsCommonEmailProvider(email: &quot;user@yahoo.com&quot;)" storage="/home/runner/work/sguard.dataannotations/sguard.dataannotations/sguard.dataannotations.tests/bin/release/net8.0/sguard.dataannotations.tests.dll" id="79fd0968-acd4-fda0-1a03-2af9466b13a4">
      <Execution id="edca02ad-f30a-4f9e-8495-ad96cc5c3465" />
      <TestMethod codeBase="/home/runner/work/SGuard.DataAnnotations/SGuard.DataAnnotations/SGuard.DataAnnotations.Tests/bin/Release/net8.0/SGuard.DataAnnotations.Tests.dll" adapterTypeName="executor://xunit/VsTestRunner3/netcore/" className="SGuard.DataAnnotations.Tests.Attributes.SGuardEmailAddressAttributeTests" name="ReturnsSuccess_WhenValueIsCommonEmailProvider" />
    </UnitTest>
    <UnitTest name="SGuard.DataAnnotations.Tests.Attributes.SGuardRequiredCollectionAttributeTests.ReturnsSuccess_WhenIEnumerableIsNotEmpty" storage="/home/runner/work/sguard.dataannotations/sguard.dataannotations/sguard.dataannotations.tests/bin/release/net8.0/sguard.dataannotations.tests.dll" id="1785d446-9166-80a3-a691-86d4e815eb37">
      <Execution id="aabb3a3e-b5a2-4581-b412-9b744a743f69" />
      <TestMethod codeBase="/home/runner/work/SGuard.DataAnnotations/SGuard.DataAnnotations/SGuard.DataAnnotations.Tests/bin/Release/net8.0/SGuard.DataAnnotations.Tests.dll" adapterTypeName="executor://xunit/VsTestRunner3/netcore/" className="SGuard.DataAnnotations.Tests.Attributes.SGuardRequiredCollectionAttributeTests" name="ReturnsSuccess_WhenIEnumerableIsNotEmpty" />
    </UnitTest>
    <UnitTest name="SGuard.DataAnnotations.Tests.Attributes.SGuardCreditCardAttributeTests.ReturnsLocalizedErrorMessage_WhenCultureIsSet(culture: &quot;tr&quot;)" storage="/home/runner/work/sguard.dataannotations/sguard.dataannotations/sguard.dataannotations.tests/bin/release/net8.0/sguard.dataannotations.tests.dll" id="75d2aff9-bd09-f5dd-0d61-8a79007e5e63">
      <Execution id="e452f81e-a35d-4365-a3cc-4796e896c623" />
      <TestMethod codeBase="/home/runner/work/SGuard.DataAnnotations/SGuard.DataAnnotations/SGuard.DataAnnotations.Tests/bin/Release/net8.0/SGuard.DataAnnotations.Tests.dll" adapterTypeName="executor://xunit/VsTestRunner3/netcore/" className="SGuard.DataAnnotations.Tests.Attributes.SGuardCreditCardAttributeTests" name="ReturnsLocalizedErrorMessage_WhenCultureIsSet" />
    </UnitTest>
    <UnitTest name="SGuard.DataAnnotations.Tests.Attributes.SGuardRequiredCollectionAttributeTests.ReturnsSuccess_WhenListIsNotEmpty" storage="/home/runner/work/sguard.dataannotations/sguard.dataannotations/sguard.dataannotations.tests/bin/release/net8.0/sguard.dataannotations.tests.dll" id="16d394f6-e09f-d4d6-96d8-204c0f1c5d93">
      <Execution id="443a9b19-9fa2-441e-b27a-8315b34e1b02" />
      <TestMethod codeBase="/home/runner/work/SGuard.DataAnnotations/SGuard.DataAnnotations/SGuard.DataAnnotations.Tests/bin/Release/net8.0/SGuard.DataAnnotations.Tests.dll" adapterTypeName="executor://xunit/VsTestRunner3/netcore/" className="SGuard.DataAnnotations.Tests.Attributes.SGuardRequiredCollectionAttributeTests" name="ReturnsSuccess_WhenListIsNotEmpty" />
    </UnitTest>
    <UnitTest name="SGuard.DataAnnotations.Tests.Attributes.SGuardCompareAttributeTests.HandlesVeryLongStrings" storage="/home/runner/work/sguard.dataannotations/sguard.dataannotations/sguard.dataannotations.tests/bin/release/net8.0/sguard.dataannotations.tests.dll" id="4dc72e31-0b94-fa03-d555-333ccea89411">
      <Execution id="4a4e3635-b028-4b68-8886-8df097e36270" />
      <TestMethod codeBase="/home/runner/work/SGuard.DataAnnotations/SGuard.DataAnnotations/SGuard.DataAnnotations.Tests/bin/Release/net8.0/SGuard.DataAnnotations.Tests.dll" adapterTypeName="executor://xunit/VsTestRunner3/netcore/" className="SGuard.DataAnnotations.Tests.Attributes.SGuardCompareAttributeTests" name="HandlesVeryLongStrings" />
    </UnitTest>
    <UnitTest name="SGuard.DataAnnotations.Tests.Attributes.SGuardCreditCardAttributeTests.ReturnsError_WhenValueIsInvalidTestCreditCard(cardNumber: &quot;378282246310004&quot;)" storage="/home/runner/work/sguard.dataannotations/sguard.dataannotations/sguard.dataannotations.tests/bin/release/net8.0/sguard.dataannotations.tests.dll" id="dab30612-e288-76a9-0e8e-556c3a8ddede">
      <Execution id="17387b19-77ac-4d73-9cbf-28cdc883f81e" />
      <TestMethod codeBase="/home/runner/work/SGuard.DataAnnotations/SGuard.DataAnnotations/SGuard.DataAnnotations.Tests/bin/Release/net8.0/SGuard.DataAnnotations.Tests.dll" adapterTypeName="executor://xunit/VsTestRunner3/netcore/" className="SGuard.DataAnnotations.Tests.Attributes.SGuardCreditCardAttributeTests" name="ReturnsError_WhenValueIsInvalidTestCreditCard" />
    </UnitTest>
    <UnitTest name="SGuard.DataAnnotations.Tests.Attributes.SGuardBetweenAttributeTests.ReturnsLocalizedErrorMessage_WhenCultureIsSet(culture: &quot;en&quot;)" storage="/home/runner/work/sguard.dataannotations/sguard.dataannotations/sguard.dataannotations.tests/bin/release/net8.0/sguard.dataannotations.tests.dll" id="76eeeb2b-1455-fe34-82ad-4f434e3d08da">
      <Execution id="4903ccfb-61ab-4811-a296-f5d5ca90d27c" />
      <TestMethod codeBase="/home/runner/work/SGuard.DataAnnotations/SGuard.DataAnnotations/SGuard.DataAnnotations.Tests/bin/Release/net8.0/SGuard.DataAnnotations.Tests.dll" adapterTypeName="executor://xunit/VsTestRunner3/netcore/" className="SGuard.DataAnnotations.Tests.Attributes.SGuardBetweenAttributeTests" name="ReturnsLocalizedErrorMessage_WhenCultureIsSet" />
    </UnitTest>
    <UnitTest name="SGuard.DataAnnotations.Tests.Attributes.SGuardCreditCardAttributeTests.ReturnsError_WhenValueIsInvalidCreditCard" storage="/home/runner/work/sguard.dataannotations/sguard.dataannotations/sguard.dataannotations.tests/bin/release/net8.0/sguard.dataannotations.tests.dll" id="947b8e8c-07a1-6110-57f3-f69789a0ce3b">
      <Execution id="432220bc-21d3-44ef-a77f-26efe544cab7" />
      <TestMethod codeBase="/home/runner/work/SGuard.DataAnnotations/SGuard.DataAnnotations/SGuard.DataAnnotations.Tests/bin/Release/net8.0/SGuard.DataAnnotations.Tests.dll" adapterTypeName="executor://xunit/VsTestRunner3/netcore/" className="SGuard.DataAnnotations.Tests.Attributes.SGuardCreditCardAttributeTests" name="ReturnsError_WhenValueIsInvalidCreditCard" />
    </UnitTest>
    <UnitTest name="SGuard.DataAnnotations.Tests.Attributes.SGuardBetweenAttributeTests.ReturnsLocalizedErrorMessage_WhenCultureIsSet(culture: &quot;tr&quot;)" storage="/home/runner/work/sguard.dataannotations/sguard.dataannotations/sguard.dataannotations.tests/bin/release/net8.0/sguard.dataannotations.tests.dll" id="c549c10a-c324-af07-fecf-e15608df2050">
      <Execution id="c172b3e7-8658-4ca4-906d-7b20f4fd53e0" />
      <TestMethod codeBase="/home/runner/work/SGuard.DataAnnotations/SGuard.DataAnnotations/SGuard.DataAnnotations.Tests/bin/Release/net8.0/SGuard.DataAnnotations.Tests.dll" adapterTypeName="executor://xunit/VsTestRunner3/netcore/" className="SGuard.DataAnnotations.Tests.Attributes.SGuardBetweenAttributeTests" name="ReturnsLocalizedErrorMessage_WhenCultureIsSet" />
    </UnitTest>
    <UnitTest name="SGuard.DataAnnotations.Tests.Attributes.SGuardMaxCountAttributeTests.ReturnsLocalizedErrorMessage_WhenCultureIsSetToTurkish" storage="/home/runner/work/sguard.dataannotations/sguard.dataannotations/sguard.dataannotations.tests/bin/release/net8.0/sguard.dataannotations.tests.dll" id="06fc1c43-f2dd-b88e-c2dd-1a195de41cd7">
      <Execution id="9e4f70a4-04aa-41f1-8531-31c45d11e3a2" />
      <TestMethod codeBase="/home/runner/work/SGuard.DataAnnotations/SGuard.DataAnnotations/SGuard.DataAnnotations.Tests/bin/Release/net8.0/SGuard.DataAnnotations.Tests.dll" adapterTypeName="executor://xunit/VsTestRunner3/netcore/" className="SGuard.DataAnnotations.Tests.Attributes.SGuardMaxCountAttributeTests" name="ReturnsLocalizedErrorMessage_WhenCultureIsSetToTurkish" />
    </UnitTest>
    <UnitTest name="SGuard.DataAnnotations.Tests.Attributes.SGuardBetweenAttributeTests.WorksWithStringValues_Inclusive" storage="/home/runner/work/sguard.dataannotations/sguard.dataannotations/sguard.dataannotations.tests/bin/release/net8.0/sguard.dataannotations.tests.dll" id="1a45ac18-4cd8-b3a2-3eb6-7a2b6dbbd4c5">
      <Execution id="209779fd-281b-4d7e-abdc-8010b44f2ce9" />
      <TestMethod codeBase="/home/runner/work/SGuard.DataAnnotations/SGuard.DataAnnotations/SGuard.DataAnnotations.Tests/bin/Release/net8.0/SGuard.DataAnnotations.Tests.dll" adapterTypeName="executor://xunit/VsTestRunner3/netcore/" className="SGuard.DataAnnotations.Tests.Attributes.SGuardBetweenAttributeTests" name="WorksWithStringValues_Inclusive" />
    </UnitTest>
    <UnitTest name="SGuard.DataAnnotations.Tests.Attributes.SGuardRangeAttributeTests.ReturnsSuccess_WhenValueIsEqualToMinimum" storage="/home/runner/work/sguard.dataannotations/sguard.dataannotations/sguard.dataannotations.tests/bin/release/net8.0/sguard.dataannotations.tests.dll" id="053a42fc-4c9c-7fd1-fcb7-f392f88a1bd1">
      <Execution id="a50bcc9d-53f2-4199-932d-6d55974f1b66" />
      <TestMethod codeBase="/home/runner/work/SGuard.DataAnnotations/SGuard.DataAnnotations/SGuard.DataAnnotations.Tests/bin/Release/net8.0/SGuard.DataAnnotations.Tests.dll" adapterTypeName="executor://xunit/VsTestRunner3/netcore/" className="SGuard.DataAnnotations.Tests.Attributes.SGuardRangeAttributeTests" name="ReturnsSuccess_WhenValueIsEqualToMinimum" />
    </UnitTest>
    <UnitTest name="SGuard.DataAnnotations.Tests.Attributes.SGuardMaxLengthAttributeTests.ReturnsSuccess_WhenValueIsNull" storage="/home/runner/work/sguard.dataannotations/sguard.dataannotations/sguard.dataannotations.tests/bin/release/net8.0/sguard.dataannotations.tests.dll" id="748a7229-c38b-23ee-5fdd-862ea90d566d">
      <Execution id="f7187273-a424-4e69-8d0b-2b273b576682" />
      <TestMethod codeBase="/home/runner/work/SGuard.DataAnnotations/SGuard.DataAnnotations/SGuard.DataAnnotations.Tests/bin/Release/net8.0/SGuard.DataAnnotations.Tests.dll" adapterTypeName="executor://xunit/VsTestRunner3/netcore/" className="SGuard.DataAnnotations.Tests.Attributes.SGuardMaxLengthAttributeTests" name="ReturnsSuccess_WhenValueIsNull" />
    </UnitTest>
    <UnitTest name="SGuard.DataAnnotations.Tests.Attributes.SGuardRangeAttributeTests.ThrowsArgumentNullException_WhenResourceNameIsNull" storage="/home/runner/work/sguard.dataannotations/sguard.dataannotations/sguard.dataannotations.tests/bin/release/net8.0/sguard.dataannotations.tests.dll" id="fcef55f3-7be6-9081-fb1f-2cb1e0dc1954">
      <Execution id="0f195f0c-940e-494d-8359-21b71e982f6f" />
      <TestMethod codeBase="/home/runner/work/SGuard.DataAnnotations/SGuard.DataAnnotations/SGuard.DataAnnotations.Tests/bin/Release/net8.0/SGuard.DataAnnotations.Tests.dll" adapterTypeName="executor://xunit/VsTestRunner3/netcore/" className="SGuard.DataAnnotations.Tests.Attributes.SGuardRangeAttributeTests" name="ThrowsArgumentNullException_WhenResourceNameIsNull" />
    </UnitTest>
    <UnitTest name="SGuard.DataAnnotations.Tests.Attributes.SGuardPhoneAttributeTests.ReturnsError_WhenPhoneIsEmptyString" storage="/home/runner/work/sguard.dataannotations/sguard.dataannotations/sguard.dataannotations.tests/bin/release/net8.0/sguard.dataannotations.tests.dll" id="d4093e7e-0ae8-6f2f-0f07-aa26770f8bc0">
      <Execution id="76b9a4c6-857b-4ca7-b263-c0011eada724" />
      <TestMethod codeBase="/home/runner/work/SGuard.DataAnnotations/SGuard.DataAnnotations/SGuard.DataAnnotations.Tests/bin/Release/net8.0/SGuard.DataAnnotations.Tests.dll" adapterTypeName="executor://xunit/VsTestRunner3/netcore/" className="SGuard.DataAnnotations.Tests.Attributes.SGuardPhoneAttributeTests" name="ReturnsError_WhenPhoneIsEmptyString" />
    </UnitTest>
    <UnitTest name="SGuard.DataAnnotations.Tests.Attributes.SGuardEmailAddressAttributeTests.ReturnsSuccess_WhenValueIsValidEmailFormat(email: &quot;123@456.com&quot;)" storage="/home/runner/work/sguard.dataannotations/sguard.dataannotations/sguard.dataannotations.tests/bin/release/net8.0/sguard.dataannotations.tests.dll" id="f6ac9da3-f4bb-8f2c-f90a-0ad85587c002">
      <Execution id="eb093d30-c138-487a-87b4-ac16fe84eaea" />
      <TestMethod codeBase="/home/runner/work/SGuard.DataAnnotations/SGuard.DataAnnotations/SGuard.DataAnnotations.Tests/bin/Release/net8.0/SGuard.DataAnnotations.Tests.dll" adapterTypeName="executor://xunit/VsTestRunner3/netcore/" className="SGuard.DataAnnotations.Tests.Attributes.SGuardEmailAddressAttributeTests" name="ReturnsSuccess_WhenValueIsValidEmailFormat" />
    </UnitTest>
    <UnitTest name="SGuard.DataAnnotations.Tests.Attributes.SGuardMinLengthAttributeTests.ReturnsSuccess_WhenStringIsEqualToMinLength" storage="/home/runner/work/sguard.dataannotations/sguard.dataannotations/sguard.dataannotations.tests/bin/release/net8.0/sguard.dataannotations.tests.dll" id="c36e2ee8-7c55-dd44-7dfa-f01481b9295e">
      <Execution id="f6af2546-dd08-40ae-a16f-1a62f8c4e69b" />
      <TestMethod codeBase="/home/runner/work/SGuard.DataAnnotations/SGuard.DataAnnotations/SGuard.DataAnnotations.Tests/bin/Release/net8.0/SGuard.DataAnnotations.Tests.dll" adapterTypeName="executor://xunit/VsTestRunner3/netcore/" className="SGuard.DataAnnotations.Tests.Attributes.SGuardMinLengthAttributeTests" name="ReturnsSuccess_WhenStringIsEqualToMinLength" />
    </UnitTest>
    <UnitTest name="SGuard.DataAnnotations.Tests.Attributes.SGuardMaxCountAttributeTests.ReturnsError_WhenEnumerableCountExceedsMax" storage="/home/runner/work/sguard.dataannotations/sguard.dataannotations/sguard.dataannotations.tests/bin/release/net8.0/sguard.dataannotations.tests.dll" id="f411bd58-ac3a-44a3-7650-4adf178fb426">
      <Execution id="2248ef27-009c-4c5a-85c0-4ca2e9af66c0" />
      <TestMethod codeBase="/home/runner/work/SGuard.DataAnnotations/SGuard.DataAnnotations/SGuard.DataAnnotations.Tests/bin/Release/net8.0/SGuard.DataAnnotations.Tests.dll" adapterTypeName="executor://xunit/VsTestRunner3/netcore/" className="SGuard.DataAnnotations.Tests.Attributes.SGuardMaxCountAttributeTests" name="ReturnsError_WhenEnumerableCountExceedsMax" />
    </UnitTest>
    <UnitTest name="SGuard.DataAnnotations.Tests.DataAnnotation.ThrowIfTests.DataAnnotationsInValid_CallbackIsInvoked" storage="/home/runner/work/sguard.dataannotations/sguard.dataannotations/sguard.dataannotations.tests/bin/release/net8.0/sguard.dataannotations.tests.dll" id="aa58fa94-3b77-4284-5e30-10cd402a35b1">
      <Execution id="296a0bfc-389a-4430-b3fb-da2e984cbb53" />
      <TestMethod codeBase="/home/runner/work/SGuard.DataAnnotations/SGuard.DataAnnotations/SGuard.DataAnnotations.Tests/bin/Release/net8.0/SGuard.DataAnnotations.Tests.dll" adapterTypeName="executor://xunit/VsTestRunner3/netcore/" className="SGuard.DataAnnotations.Tests.DataAnnotation.ThrowIfTests" name="DataAnnotationsInValid_CallbackIsInvoked" />
    </UnitTest>
    <UnitTest name="SGuard.DataAnnotations.Tests.Attributes.SGuardGreaterThanAttributeTests.ReturnsError_WhenDecimalValueIsNotGreaterThanOther" storage="/home/runner/work/sguard.dataannotations/sguard.dataannotations/sguard.dataannotations.tests/bin/release/net8.0/sguard.dataannotations.tests.dll" id="ec59795f-94f2-656f-f495-1bb2fb83958a">
      <Execution id="5b9849d1-87be-42ce-97e3-58c9757eef4f" />
      <TestMethod codeBase="/home/runner/work/SGuard.DataAnnotations/SGuard.DataAnnotations/SGuard.DataAnnotations.Tests/bin/Release/net8.0/SGuard.DataAnnotations.Tests.dll" adapterTypeName="executor://xunit/VsTestRunner3/netcore/" className="SGuard.DataAnnotations.Tests.Attributes.SGuardGreaterThanAttributeTests" name="ReturnsError_WhenDecimalValueIsNotGreaterThanOther" />
    </UnitTest>
    <UnitTest name="SGuard.DataAnnotations.Tests.Attributes.SGuardEmailAddressAttributeTests.ReturnsSuccess_WhenValueIsBusinessEmailFormat(email: &quot;admin@nonprofit.org&quot;)" storage="/home/runner/work/sguard.dataannotations/sguard.dataannotations/sguard.dataannotations.tests/bin/release/net8.0/sguard.dataannotations.tests.dll" id="ecad3456-8296-c58d-d8eb-144a0cc42e21">
      <Execution id="2451ccec-620e-45c4-9af0-13bec5ae0304" />
      <TestMethod codeBase="/home/runner/work/SGuard.DataAnnotations/SGuard.DataAnnotations/SGuard.DataAnnotations.Tests/bin/Release/net8.0/SGuard.DataAnnotations.Tests.dll" adapterTypeName="executor://xunit/VsTestRunner3/netcore/" className="SGuard.DataAnnotations.Tests.Attributes.SGuardEmailAddressAttributeTests" name="ReturnsSuccess_WhenValueIsBusinessEmailFormat" />
    </UnitTest>
    <UnitTest name="SGuard.DataAnnotations.Tests.Attributes.SGuardMinLengthAttributeTests.ReturnsSuccess_WhenStringIsLongerThanMinLength" storage="/home/runner/work/sguard.dataannotations/sguard.dataannotations/sguard.dataannotations.tests/bin/release/net8.0/sguard.dataannotations.tests.dll" id="62c15762-4136-aa73-30e0-83968e3e2c19">
      <Execution id="d33e1168-50e4-47d2-9cce-4a1e9a78c1b3" />
      <TestMethod codeBase="/home/runner/work/SGuard.DataAnnotations/SGuard.DataAnnotations/SGuard.DataAnnotations.Tests/bin/Release/net8.0/SGuard.DataAnnotations.Tests.dll" adapterTypeName="executor://xunit/VsTestRunner3/netcore/" className="SGuard.DataAnnotations.Tests.Attributes.SGuardMinLengthAttributeTests" name="ReturnsSuccess_WhenStringIsLongerThanMinLength" />
    </UnitTest>
    <UnitTest name="SGuard.DataAnnotations.Tests.Attributes.SGuardBetweenAttributeTests.ReturnsError_WhenMinValueIsNull" storage="/home/runner/work/sguard.dataannotations/sguard.dataannotations/sguard.dataannotations.tests/bin/release/net8.0/sguard.dataannotations.tests.dll" id="d3b31ccb-c638-f5ba-992a-be112a07b90f">
      <Execution id="c5bc687c-73a9-49c7-a403-4a4b0e6fddcf" />
      <TestMethod codeBase="/home/runner/work/SGuard.DataAnnotations/SGuard.DataAnnotations/SGuard.DataAnnotations.Tests/bin/Release/net8.0/SGuard.DataAnnotations.Tests.dll" adapterTypeName="executor://xunit/VsTestRunner3/netcore/" className="SGuard.DataAnnotations.Tests.Attributes.SGuardBetweenAttributeTests" name="ReturnsError_WhenMinValueIsNull" />
    </UnitTest>
    <UnitTest name="SGuard.DataAnnotations.Tests.Attributes.SGuardCreditCardAttributeTests.ReturnsSuccess_WhenValueIsValidTestCreditCard(cardNumber: &quot;4000000000000010&quot;)" storage="/home/runner/work/sguard.dataannotations/sguard.dataannotations/sguard.dataannotations.tests/bin/release/net8.0/sguard.dataannotations.tests.dll" id="3d035846-09a7-d4eb-b706-8b783fcd4620">
      <Execution id="6e222302-5b01-441f-91f5-53a236c949b9" />
      <TestMethod codeBase="/home/runner/work/SGuard.DataAnnotations/SGuard.DataAnnotations/SGuard.DataAnnotations.Tests/bin/Release/net8.0/SGuard.DataAnnotations.Tests.dll" adapterTypeName="executor://xunit/VsTestRunner3/netcore/" className="SGuard.DataAnnotations.Tests.Attributes.SGuardCreditCardAttributeTests" name="ReturnsSuccess_WhenValueIsValidTestCreditCard" />
    </UnitTest>
    <UnitTest name="SGuard.DataAnnotations.Tests.Attributes.SGuardEmailAddressAttributeTests.ReturnsSuccess_WhenValueIsBusinessEmailFormat(email: &quot;support@service.net&quot;)" storage="/home/runner/work/sguard.dataannotations/sguard.dataannotations/sguard.dataannotations.tests/bin/release/net8.0/sguard.dataannotations.tests.dll" id="120bac6d-5e17-34c3-3c30-c83be9c5ac60">
      <Execution id="a7de55bd-b436-4273-8a0c-319baa07d3fe" />
      <TestMethod codeBase="/home/runner/work/SGuard.DataAnnotations/SGuard.DataAnnotations/SGuard.DataAnnotations.Tests/bin/Release/net8.0/SGuard.DataAnnotations.Tests.dll" adapterTypeName="executor://xunit/VsTestRunner3/netcore/" className="SGuard.DataAnnotations.Tests.Attributes.SGuardEmailAddressAttributeTests" name="ReturnsSuccess_WhenValueIsBusinessEmailFormat" />
    </UnitTest>
    <UnitTest name="SGuard.DataAnnotations.Tests.Attributes.SGuardCreditCardAttributeTests.PaymentForm_ValidCreditCard_Success" storage="/home/runner/work/sguard.dataannotations/sguard.dataannotations/sguard.dataannotations.tests/bin/release/net8.0/sguard.dataannotations.tests.dll" id="f9da4098-2126-5914-73e0-8e7dcc348997">
      <Execution id="bf13a252-d2d4-4611-83b7-ad4ed9a88504" />
      <TestMethod codeBase="/home/runner/work/SGuard.DataAnnotations/SGuard.DataAnnotations/SGuard.DataAnnotations.Tests/bin/Release/net8.0/SGuard.DataAnnotations.Tests.dll" adapterTypeName="executor://xunit/VsTestRunner3/netcore/" className="SGuard.DataAnnotations.Tests.Attributes.SGuardCreditCardAttributeTests" name="PaymentForm_ValidCreditCard_Success" />
    </UnitTest>
    <UnitTest name="SGuard.DataAnnotations.Tests.Attributes.SGuardMinCountAttributeTests.ReturnsSuccess_WhenListCountIsEqualToMin" storage="/home/runner/work/sguard.dataannotations/sguard.dataannotations/sguard.dataannotations.tests/bin/release/net8.0/sguard.dataannotations.tests.dll" id="11b5dfff-ee73-acd7-699f-44eb8edcc906">
      <Execution id="79eb4231-4cd3-4270-9438-f0688f0f1124" />
      <TestMethod codeBase="/home/runner/work/SGuard.DataAnnotations/SGuard.DataAnnotations/SGuard.DataAnnotations.Tests/bin/Release/net8.0/SGuard.DataAnnotations.Tests.dll" adapterTypeName="executor://xunit/VsTestRunner3/netcore/" className="SGuard.DataAnnotations.Tests.Attributes.SGuardMinCountAttributeTests" name="ReturnsSuccess_WhenListCountIsEqualToMin" />
    </UnitTest>
    <UnitTest name="SGuard.DataAnnotations.Tests.Exceptions.DataAnnotationsExceptionTests.DataAnnotationsException_StoresValidationErrorsInDataDictionary" storage="/home/runner/work/sguard.dataannotations/sguard.dataannotations/sguard.dataannotations.tests/bin/release/net8.0/sguard.dataannotations.tests.dll" id="eabbcd14-fd00-2fcc-d0e2-9b4db26c5b35">
      <Execution id="955b1a81-2bc4-452c-82bb-a815b101b5e2" />
      <TestMethod codeBase="/home/runner/work/SGuard.DataAnnotations/SGuard.DataAnnotations/SGuard.DataAnnotations.Tests/bin/Release/net8.0/SGuard.DataAnnotations.Tests.dll" adapterTypeName="executor://xunit/VsTestRunner3/netcore/" className="SGuard.DataAnnotations.Tests.Exceptions.DataAnnotationsExceptionTests" name="DataAnnotationsException_StoresValidationErrorsInDataDictionary" />
    </UnitTest>
    <UnitTest name="SGuard.DataAnnotations.Tests.Attributes.SGuardPhoneAttributeTests.ReturnsError_WhenPhoneIsInvalid" storage="/home/runner/work/sguard.dataannotations/sguard.dataannotations/sguard.dataannotations.tests/bin/release/net8.0/sguard.dataannotations.tests.dll" id="f791abfc-b2b5-9902-1a21-5b3a0eb9fef0">
      <Execution id="515a89ab-81fd-4470-b08b-4c94356abab8" />
      <TestMethod codeBase="/home/runner/work/SGuard.DataAnnotations/SGuard.DataAnnotations/SGuard.DataAnnotations.Tests/bin/Release/net8.0/SGuard.DataAnnotations.Tests.dll" adapterTypeName="executor://xunit/VsTestRunner3/netcore/" className="SGuard.DataAnnotations.Tests.Attributes.SGuardPhoneAttributeTests" name="ReturnsError_WhenPhoneIsInvalid" />
    </UnitTest>
    <UnitTest name="SGuard.DataAnnotations.Tests.Attributes.SGuardGreaterThanAttributeTests.ReturnsLocalizedErrorMessage_WhenCultureIsSetToTurkish" storage="/home/runner/work/sguard.dataannotations/sguard.dataannotations/sguard.dataannotations.tests/bin/release/net8.0/sguard.dataannotations.tests.dll" id="be8251c6-c94a-bbb7-cb6e-0f98d6eeb89f">
      <Execution id="d0435d6d-a3df-4315-8a0d-67d5cb8ca230" />
      <TestMethod codeBase="/home/runner/work/SGuard.DataAnnotations/SGuard.DataAnnotations/SGuard.DataAnnotations.Tests/bin/Release/net8.0/SGuard.DataAnnotations.Tests.dll" adapterTypeName="executor://xunit/VsTestRunner3/netcore/" className="SGuard.DataAnnotations.Tests.Attributes.SGuardGreaterThanAttributeTests" name="ReturnsLocalizedErrorMessage_WhenCultureIsSetToTurkish" />
    </UnitTest>
    <UnitTest name="SGuard.DataAnnotations.Tests.Attributes.SGuardEmailAddressAttributeTests.ReturnsSuccess_WhenValueIsValidEmailFormat(email: &quot;a@b.co&quot;)" storage="/home/runner/work/sguard.dataannotations/sguard.dataannotations/sguard.dataannotations.tests/bin/release/net8.0/sguard.dataannotations.tests.dll" id="415ed7a6-e4fc-36b9-c8af-402d2a0972cd">
      <Execution id="a9382ceb-e4c1-47ac-a6ed-b4fc233c738b" />
      <TestMethod codeBase="/home/runner/work/SGuard.DataAnnotations/SGuard.DataAnnotations/SGuard.DataAnnotations.Tests/bin/Release/net8.0/SGuard.DataAnnotations.Tests.dll" adapterTypeName="executor://xunit/VsTestRunner3/netcore/" className="SGuard.DataAnnotations.Tests.Attributes.SGuardEmailAddressAttributeTests" name="ReturnsSuccess_WhenValueIsValidEmailFormat" />
    </UnitTest>
    <UnitTest name="SGuard.DataAnnotations.Tests.Attributes.SGuardCompareAttributeTests.UsesInvariantCulture_WhenResourceNotFound" storage="/home/runner/work/sguard.dataannotations/sguard.dataannotations/sguard.dataannotations.tests/bin/release/net8.0/sguard.dataannotations.tests.dll" id="857359ab-93f4-c81a-1caf-710aa5c3e845">
      <Execution id="890d5f2a-4a9c-4f3d-9866-e18f5d6f9cb5" />
      <TestMethod codeBase="/home/runner/work/SGuard.DataAnnotations/SGuard.DataAnnotations/SGuard.DataAnnotations.Tests/bin/Release/net8.0/SGuard.DataAnnotations.Tests.dll" adapterTypeName="executor://xunit/VsTestRunner3/netcore/" className="SGuard.DataAnnotations.Tests.Attributes.SGuardCompareAttributeTests" name="UsesInvariantCulture_WhenResourceNotFound" />
    </UnitTest>
    <UnitTest name="SGuard.DataAnnotations.Tests.Attributes.SGuardCreditCardAttributeTests.PaymentForm_InvalidCreditCard_Failure" storage="/home/runner/work/sguard.dataannotations/sguard.dataannotations/sguard.dataannotations.tests/bin/release/net8.0/sguard.dataannotations.tests.dll" id="71aa4210-ac3e-e7c3-0653-b089cbb506b7">
      <Execution id="2e884678-90ef-415e-a009-4404fde8bef8" />
      <TestMethod codeBase="/home/runner/work/SGuard.DataAnnotations/SGuard.DataAnnotations/SGuard.DataAnnotations.Tests/bin/Release/net8.0/SGuard.DataAnnotations.Tests.dll" adapterTypeName="executor://xunit/VsTestRunner3/netcore/" className="SGuard.DataAnnotations.Tests.Attributes.SGuardCreditCardAttributeTests" name="PaymentForm_InvalidCreditCard_Failure" />
    </UnitTest>
    <UnitTest name="SGuard.DataAnnotations.Tests.Attributes.SGuardCompareAttributeTests.ReturnsSuccess_WhenBothPropertiesAreNull" storage="/home/runner/work/sguard.dataannotations/sguard.dataannotations/sguard.dataannotations.tests/bin/release/net8.0/sguard.dataannotations.tests.dll" id="c28794e5-0b00-cfed-b0d4-4828aebaa541">
      <Execution id="b122b3bf-3c3a-48d6-9b58-4c03ed8620a4" />
      <TestMethod codeBase="/home/runner/work/SGuard.DataAnnotations/SGuard.DataAnnotations/SGuard.DataAnnotations.Tests/bin/Release/net8.0/SGuard.DataAnnotations.Tests.dll" adapterTypeName="executor://xunit/VsTestRunner3/netcore/" className="SGuard.DataAnnotations.Tests.Attributes.SGuardCompareAttributeTests" name="ReturnsSuccess_WhenBothPropertiesAreNull" />
    </UnitTest>
    <UnitTest name="SGuard.DataAnnotations.Tests.Attributes.SGuardCreditCardAttributeTests.ReturnsLocalizedErrorMessage_WhenCultureIsSet(culture: &quot;ja&quot;)" storage="/home/runner/work/sguard.dataannotations/sguard.dataannotations/sguard.dataannotations.tests/bin/release/net8.0/sguard.dataannotations.tests.dll" id="3ecd118f-8996-e62a-8936-670ee4ab429e">
      <Execution id="d35abbf2-fb4e-4ca9-b2bf-01ea82b78294" />
      <TestMethod codeBase="/home/runner/work/SGuard.DataAnnotations/SGuard.DataAnnotations/SGuard.DataAnnotations.Tests/bin/Release/net8.0/SGuard.DataAnnotations.Tests.dll" adapterTypeName="executor://xunit/VsTestRunner3/netcore/" className="SGuard.DataAnnotations.Tests.Attributes.SGuardCreditCardAttributeTests" name="ReturnsLocalizedErrorMessage_WhenCultureIsSet" />
    </UnitTest>
    <UnitTest name="SGuard.DataAnnotations.Tests.Attributes.SGuardCompareAttributeTests.WorksWithNullableValues_BothHaveValues" storage="/home/runner/work/sguard.dataannotations/sguard.dataannotations/sguard.dataannotations.tests/bin/release/net8.0/sguard.dataannotations.tests.dll" id="90364ebf-e194-1b77-acdc-71873e1b7143">
      <Execution id="00f72201-d11d-4c58-b8dc-d5bf89bfdb24" />
      <TestMethod codeBase="/home/runner/work/SGuard.DataAnnotations/SGuard.DataAnnotations/SGuard.DataAnnotations.Tests/bin/Release/net8.0/SGuard.DataAnnotations.Tests.dll" adapterTypeName="executor://xunit/VsTestRunner3/netcore/" className="SGuard.DataAnnotations.Tests.Attributes.SGuardCompareAttributeTests" name="WorksWithNullableValues_BothHaveValues" />
    </UnitTest>
    <UnitTest name="SGuard.DataAnnotations.Tests.Attributes.SGuardGreaterThanAttributeTests.ReturnsError_WhenOtherIsNull" storage="/home/runner/work/sguard.dataannotations/sguard.dataannotations/sguard.dataannotations.tests/bin/release/net8.0/sguard.dataannotations.tests.dll" id="691fb055-fa9f-4080-12ab-1eedac02ecc5">
      <Execution id="cc8ad099-2ba2-4607-8aed-e5b107dbe625" />
      <TestMethod codeBase="/home/runner/work/SGuard.DataAnnotations/SGuard.DataAnnotations/SGuard.DataAnnotations.Tests/bin/Release/net8.0/SGuard.DataAnnotations.Tests.dll" adapterTypeName="executor://xunit/VsTestRunner3/netcore/" className="SGuard.DataAnnotations.Tests.Attributes.SGuardGreaterThanAttributeTests" name="ReturnsError_WhenOtherIsNull" />
    </UnitTest>
    <UnitTest name="SGuard.DataAnnotations.Tests.Attributes.SGuardStringLengthAttributeTests.ReturnsSuccess_WhenStringLengthIsWithinMaximum" storage="/home/runner/work/sguard.dataannotations/sguard.dataannotations/sguard.dataannotations.tests/bin/release/net8.0/sguard.dataannotations.tests.dll" id="7f6f5e63-b542-6a07-280f-d21a0c6517aa">
      <Execution id="01c9893d-374a-4ee5-af3d-c63006b58966" />
      <TestMethod codeBase="/home/runner/work/SGuard.DataAnnotations/SGuard.DataAnnotations/SGuard.DataAnnotations.Tests/bin/Release/net8.0/SGuard.DataAnnotations.Tests.dll" adapterTypeName="executor://xunit/VsTestRunner3/netcore/" className="SGuard.DataAnnotations.Tests.Attributes.SGuardStringLengthAttributeTests" name="ReturnsSuccess_WhenStringLengthIsWithinMaximum" />
    </UnitTest>
    <UnitTest name="SGuard.DataAnnotations.Tests.Extensions.DataAnnotationsExceptionExtensionsTest.TryGetValidationErrors_ReturnsFalse_WhenNoValidationErrorsExist" storage="/home/runner/work/sguard.dataannotations/sguard.dataannotations/sguard.dataannotations.tests/bin/release/net8.0/sguard.dataannotations.tests.dll" id="cf6116bb-a21e-c884-c721-7d25040afbf0">
      <Execution id="f5a8418c-8dde-435b-a5fc-04da7e315e86" />
      <TestMethod codeBase="/home/runner/work/SGuard.DataAnnotations/SGuard.DataAnnotations/SGuard.DataAnnotations.Tests/bin/Release/net8.0/SGuard.DataAnnotations.Tests.dll" adapterTypeName="executor://xunit/VsTestRunner3/netcore/" className="SGuard.DataAnnotations.Tests.Extensions.DataAnnotationsExceptionExtensionsTest" name="TryGetValidationErrors_ReturnsFalse_WhenNoValidationErrorsExist" />
    </UnitTest>
    <UnitTest name="SGuard.DataAnnotations.Tests.Attributes.SGuardBetweenAttributeTests.Constructor_SetsPropertiesCorrectly" storage="/home/runner/work/sguard.dataannotations/sguard.dataannotations/sguard.dataannotations.tests/bin/release/net8.0/sguard.dataannotations.tests.dll" id="54490ebb-e886-c42d-4637-268057915b16">
      <Execution id="045bc4d5-b2eb-407f-aa61-4459e6adaefd" />
      <TestMethod codeBase="/home/runner/work/SGuard.DataAnnotations/SGuard.DataAnnotations/SGuard.DataAnnotations.Tests/bin/Release/net8.0/SGuard.DataAnnotations.Tests.dll" adapterTypeName="executor://xunit/VsTestRunner3/netcore/" className="SGuard.DataAnnotations.Tests.Attributes.SGuardBetweenAttributeTests" name="Constructor_SetsPropertiesCorrectly" />
    </UnitTest>
    <UnitTest name="SGuard.DataAnnotations.Tests.Attributes.SGuardCreditCardAttributeTests.ReturnsError_WhenOnlyWhitespace" storage="/home/runner/work/sguard.dataannotations/sguard.dataannotations/sguard.dataannotations.tests/bin/release/net8.0/sguard.dataannotations.tests.dll" id="6b29304a-704e-4700-c826-15ad3f573c5c">
      <Execution id="be5d142d-90f4-4f1c-9e01-9f2baab8fb98" />
      <TestMethod codeBase="/home/runner/work/SGuard.DataAnnotations/SGuard.DataAnnotations/SGuard.DataAnnotations.Tests/bin/Release/net8.0/SGuard.DataAnnotations.Tests.dll" adapterTypeName="executor://xunit/VsTestRunner3/netcore/" className="SGuard.DataAnnotations.Tests.Attributes.SGuardCreditCardAttributeTests" name="ReturnsError_WhenOnlyWhitespace" />
    </UnitTest>
    <UnitTest name="SGuard.DataAnnotations.Tests.Attributes.SGuardBetweenAttributeTests.HandlesZeroValues_Inclusive" storage="/home/runner/work/sguard.dataannotations/sguard.dataannotations/sguard.dataannotations.tests/bin/release/net8.0/sguard.dataannotations.tests.dll" id="055f0230-574f-4d2a-47dc-7bd7d3f628d0">
      <Execution id="fa18b041-a739-49eb-8eae-097382b60702" />
      <TestMethod codeBase="/home/runner/work/SGuard.DataAnnotations/SGuard.DataAnnotations/SGuard.DataAnnotations.Tests/bin/Release/net8.0/SGuard.DataAnnotations.Tests.dll" adapterTypeName="executor://xunit/VsTestRunner3/netcore/" className="SGuard.DataAnnotations.Tests.Attributes.SGuardBetweenAttributeTests" name="HandlesZeroValues_Inclusive" />
    </UnitTest>
    <UnitTest name="SGuard.DataAnnotations.Tests.Attributes.SGuardMinCountAttributeTests.ReturnsError_WhenEnumerableCountIsLessThanMin" storage="/home/runner/work/sguard.dataannotations/sguard.dataannotations/sguard.dataannotations.tests/bin/release/net8.0/sguard.dataannotations.tests.dll" id="ab0ad024-438f-f472-30c1-e0859cd770e6">
      <Execution id="55cde3b1-5daf-45f4-930d-33d43b1ae06e" />
      <TestMethod codeBase="/home/runner/work/SGuard.DataAnnotations/SGuard.DataAnnotations/SGuard.DataAnnotations.Tests/bin/Release/net8.0/SGuard.DataAnnotations.Tests.dll" adapterTypeName="executor://xunit/VsTestRunner3/netcore/" className="SGuard.DataAnnotations.Tests.Attributes.SGuardMinCountAttributeTests" name="ReturnsError_WhenEnumerableCountIsLessThanMin" />
    </UnitTest>
    <UnitTest name="SGuard.DataAnnotations.Tests.Attributes.SGuardEmailAddressAttributeTests.ReturnsSuccess_WhenValueIsCommonEmailProvider(email: &quot;user@icloud.com&quot;)" storage="/home/runner/work/sguard.dataannotations/sguard.dataannotations/sguard.dataannotations.tests/bin/release/net8.0/sguard.dataannotations.tests.dll" id="ed1d94bc-fd0b-21ab-f84b-7c81cc08363b">
      <Execution id="c9337335-bb41-4906-b2ed-63174ac2cf82" />
      <TestMethod codeBase="/home/runner/work/SGuard.DataAnnotations/SGuard.DataAnnotations/SGuard.DataAnnotations.Tests/bin/Release/net8.0/SGuard.DataAnnotations.Tests.dll" adapterTypeName="executor://xunit/VsTestRunner3/netcore/" className="SGuard.DataAnnotations.Tests.Attributes.SGuardEmailAddressAttributeTests" name="ReturnsSuccess_WhenValueIsCommonEmailProvider" />
    </UnitTest>
    <UnitTest name="SGuard.DataAnnotations.Tests.Attributes.SGuardEmailAddressAttributeTests.UserRegistration_ValidEmail_Success" storage="/home/runner/work/sguard.dataannotations/sguard.dataannotations/sguard.dataannotations.tests/bin/release/net8.0/sguard.dataannotations.tests.dll" id="1cecb8f8-3ff9-1ef0-493d-f648271a52e2">
      <Execution id="b76ee0f7-da8b-4266-8f34-e61428884fdf" />
      <TestMethod codeBase="/home/runner/work/SGuard.DataAnnotations/SGuard.DataAnnotations/SGuard.DataAnnotations.Tests/bin/Release/net8.0/SGuard.DataAnnotations.Tests.dll" adapterTypeName="executor://xunit/VsTestRunner3/netcore/" className="SGuard.DataAnnotations.Tests.Attributes.SGuardEmailAddressAttributeTests" name="UserRegistration_ValidEmail_Success" />
    </UnitTest>
    <UnitTest name="SGuard.DataAnnotations.Tests.Attributes.SGuardCompareAttributeTests.ReturnsError_WhenOnePropertyIsNull" storage="/home/runner/work/sguard.dataannotations/sguard.dataannotations/sguard.dataannotations.tests/bin/release/net8.0/sguard.dataannotations.tests.dll" id="90ecebff-7662-d7b9-ab27-78972e03a435">
      <Execution id="085ea1ca-7b24-4373-a102-d1923024a1ff" />
      <TestMethod codeBase="/home/runner/work/SGuard.DataAnnotations/SGuard.DataAnnotations/SGuard.DataAnnotations.Tests/bin/Release/net8.0/SGuard.DataAnnotations.Tests.dll" adapterTypeName="executor://xunit/VsTestRunner3/netcore/" className="SGuard.DataAnnotations.Tests.Attributes.SGuardCompareAttributeTests" name="ReturnsError_WhenOnePropertyIsNull" />
    </UnitTest>
    <UnitTest name="SGuard.DataAnnotations.Tests.Attributes.SGuardGreaterThanAttributeTests.ReturnsSuccess_WhenDateValueIsGreaterThanOther" storage="/home/runner/work/sguard.dataannotations/sguard.dataannotations/sguard.dataannotations.tests/bin/release/net8.0/sguard.dataannotations.tests.dll" id="49da038f-537c-1970-55c5-0f0dc151893c">
      <Execution id="7b31413c-22cd-4634-b108-15c47fdc9adb" />
      <TestMethod codeBase="/home/runner/work/SGuard.DataAnnotations/SGuard.DataAnnotations/SGuard.DataAnnotations.Tests/bin/Release/net8.0/SGuard.DataAnnotations.Tests.dll" adapterTypeName="executor://xunit/VsTestRunner3/netcore/" className="SGuard.DataAnnotations.Tests.Attributes.SGuardGreaterThanAttributeTests" name="ReturnsSuccess_WhenDateValueIsGreaterThanOther" />
    </UnitTest>
    <UnitTest name="SGuard.DataAnnotations.Tests.Attributes.SGuardBetweenAttributeTests.ReturnsSuccess_WhenValueIsWithinInclusiveRange" storage="/home/runner/work/sguard.dataannotations/sguard.dataannotations/sguard.dataannotations.tests/bin/release/net8.0/sguard.dataannotations.tests.dll" id="915cc370-a4c5-cec5-8e75-cea5cb32f409">
      <Execution id="3213a461-2055-4b91-a767-ba3d98553f86" />
      <TestMethod codeBase="/home/runner/work/SGuard.DataAnnotations/SGuard.DataAnnotations/SGuard.DataAnnotations.Tests/bin/Release/net8.0/SGuard.DataAnnotations.Tests.dll" adapterTypeName="executor://xunit/VsTestRunner3/netcore/" className="SGuard.DataAnnotations.Tests.Attributes.SGuardBetweenAttributeTests" name="ReturnsSuccess_WhenValueIsWithinInclusiveRange" />
    </UnitTest>
    <UnitTest name="SGuard.DataAnnotations.Tests.Attributes.SGuardCreditCardAttributeTests.ReturnsError_WhenValueIsInvalidTestCreditCard(cardNumber: &quot;1234567890123456&quot;)" storage="/home/runner/work/sguard.dataannotations/sguard.dataannotations/sguard.dataannotations.tests/bin/release/net8.0/sguard.dataannotations.tests.dll" id="ad9b44db-f68d-9700-9b50-709646904671">
      <Execution id="f55000d8-336d-45d8-a6f4-11f8aecc6b1c" />
      <TestMethod codeBase="/home/runner/work/SGuard.DataAnnotations/SGuard.DataAnnotations/SGuard.DataAnnotations.Tests/bin/Release/net8.0/SGuard.DataAnnotations.Tests.dll" adapterTypeName="executor://xunit/VsTestRunner3/netcore/" className="SGuard.DataAnnotations.Tests.Attributes.SGuardCreditCardAttributeTests" name="ReturnsError_WhenValueIsInvalidTestCreditCard" />
    </UnitTest>
    <UnitTest name="SGuard.DataAnnotations.Tests.Attributes.SGuardMaxCountAttributeTests.ReturnsSuccess_WhenCollectionCountIsZero" storage="/home/runner/work/sguard.dataannotations/sguard.dataannotations/sguard.dataannotations.tests/bin/release/net8.0/sguard.dataannotations.tests.dll" id="266cbee7-f68f-4b26-f221-d20b6f814953">
      <Execution id="a24df022-ae26-43d9-aa0f-ac2930f1d0da" />
      <TestMethod codeBase="/home/runner/work/SGuard.DataAnnotations/SGuard.DataAnnotations/SGuard.DataAnnotations.Tests/bin/Release/net8.0/SGuard.DataAnnotations.Tests.dll" adapterTypeName="executor://xunit/VsTestRunner3/netcore/" className="SGuard.DataAnnotations.Tests.Attributes.SGuardMaxCountAttributeTests" name="ReturnsSuccess_WhenCollectionCountIsZero" />
    </UnitTest>
    <UnitTest name="SGuard.DataAnnotations.Tests.Attributes.SGuardCompareAttributeTests.SupportsMultipleAttributes_OnSameProperty" storage="/home/runner/work/sguard.dataannotations/sguard.dataannotations/sguard.dataannotations.tests/bin/release/net8.0/sguard.dataannotations.tests.dll" id="a7359f7c-fb2e-bb3c-4d8b-0f3167da0c88">
      <Execution id="3cc8428b-63b5-4c52-be70-6da7422ca1ce" />
      <TestMethod codeBase="/home/runner/work/SGuard.DataAnnotations/SGuard.DataAnnotations/SGuard.DataAnnotations.Tests/bin/Release/net8.0/SGuard.DataAnnotations.Tests.dll" adapterTypeName="executor://xunit/VsTestRunner3/netcore/" className="SGuard.DataAnnotations.Tests.Attributes.SGuardCompareAttributeTests" name="SupportsMultipleAttributes_OnSameProperty" />
    </UnitTest>
    <UnitTest name="SGuard.DataAnnotations.Tests.Attributes.SGuardEmailAddressAttributeTests.ReturnsError_WhenValueIsMissingAtSymbol" storage="/home/runner/work/sguard.dataannotations/sguard.dataannotations/sguard.dataannotations.tests/bin/release/net8.0/sguard.dataannotations.tests.dll" id="d50c14e6-f54d-0a45-9d54-a0aef0431250">
      <Execution id="12a2658d-695a-4e2c-af30-e8c199216184" />
      <TestMethod codeBase="/home/runner/work/SGuard.DataAnnotations/SGuard.DataAnnotations/SGuard.DataAnnotations.Tests/bin/Release/net8.0/SGuard.DataAnnotations.Tests.dll" adapterTypeName="executor://xunit/VsTestRunner3/netcore/" className="SGuard.DataAnnotations.Tests.Attributes.SGuardEmailAddressAttributeTests" name="ReturnsError_WhenValueIsMissingAtSymbol" />
    </UnitTest>
    <UnitTest name="SGuard.DataAnnotations.Tests.Attributes.SGuardEmailAddressAttributeTests.ReturnsLocalizedErrorMessage_WhenCultureIsSet(culture: &quot;en&quot;)" storage="/home/runner/work/sguard.dataannotations/sguard.dataannotations/sguard.dataannotations.tests/bin/release/net8.0/sguard.dataannotations.tests.dll" id="6bd4d2ae-eeeb-a392-cb38-c186fe339396">
      <Execution id="bf9e8667-1045-4e86-9f1c-ae057fafe3a5" />
      <TestMethod codeBase="/home/runner/work/SGuard.DataAnnotations/SGuard.DataAnnotations/SGuard.DataAnnotations.Tests/bin/Release/net8.0/SGuard.DataAnnotations.Tests.dll" adapterTypeName="executor://xunit/VsTestRunner3/netcore/" className="SGuard.DataAnnotations.Tests.Attributes.SGuardEmailAddressAttributeTests" name="ReturnsLocalizedErrorMessage_WhenCultureIsSet" />
    </UnitTest>
    <UnitTest name="SGuard.DataAnnotations.Tests.Attributes.SGuardEmailAddressAttributeTests.ReturnsSuccess_WhenValueIsBusinessEmailFormat(email: &quot;j.smith@tech-startup.io&quot;)" storage="/home/runner/work/sguard.dataannotations/sguard.dataannotations/sguard.dataannotations.tests/bin/release/net8.0/sguard.dataannotations.tests.dll" id="281c9429-94f0-d2a5-41e9-6547ef1e8299">
      <Execution id="8c271af9-1402-4390-9164-4a0570044e69" />
      <TestMethod codeBase="/home/runner/work/SGuard.DataAnnotations/SGuard.DataAnnotations/SGuard.DataAnnotations.Tests/bin/Release/net8.0/SGuard.DataAnnotations.Tests.dll" adapterTypeName="executor://xunit/VsTestRunner3/netcore/" className="SGuard.DataAnnotations.Tests.Attributes.SGuardEmailAddressAttributeTests" name="ReturnsSuccess_WhenValueIsBusinessEmailFormat" />
    </UnitTest>
    <UnitTest name="SGuard.DataAnnotations.Tests.Attributes.SGuardStringLengthAttributeTests.ReturnsSuccess_WhenStringIsEmpty" storage="/home/runner/work/sguard.dataannotations/sguard.dataannotations/sguard.dataannotations.tests/bin/release/net8.0/sguard.dataannotations.tests.dll" id="ea759aae-ebb3-561f-baa8-d1599fc10d86">
      <Execution id="c41b49f9-95a3-412c-8a9c-6527be44c27d" />
      <TestMethod codeBase="/home/runner/work/SGuard.DataAnnotations/SGuard.DataAnnotations/SGuard.DataAnnotations.Tests/bin/Release/net8.0/SGuard.DataAnnotations.Tests.dll" adapterTypeName="executor://xunit/VsTestRunner3/netcore/" className="SGuard.DataAnnotations.Tests.Attributes.SGuardStringLengthAttributeTests" name="ReturnsSuccess_WhenStringIsEmpty" />
    </UnitTest>
    <UnitTest name="SGuard.DataAnnotations.Tests.Attributes.SGuardEmailAddressAttributeTests.HandlesSpecialCharactersInLocalPart" storage="/home/runner/work/sguard.dataannotations/sguard.dataannotations/sguard.dataannotations.tests/bin/release/net8.0/sguard.dataannotations.tests.dll" id="0fccd154-e18e-f328-7847-cd4fb77e326e">
      <Execution id="344ea2b2-9772-4aeb-8f5b-69c9b7f6386c" />
      <TestMethod codeBase="/home/runner/work/SGuard.DataAnnotations/SGuard.DataAnnotations/SGuard.DataAnnotations.Tests/bin/Release/net8.0/SGuard.DataAnnotations.Tests.dll" adapterTypeName="executor://xunit/VsTestRunner3/netcore/" className="SGuard.DataAnnotations.Tests.Attributes.SGuardEmailAddressAttributeTests" name="HandlesSpecialCharactersInLocalPart" />
    </UnitTest>
    <UnitTest name="SGuard.DataAnnotations.Tests.Attributes.SGuardMinLengthAttributeTests.ReturnsSuccess_WhenValueIsNull" storage="/home/runner/work/sguard.dataannotations/sguard.dataannotations/sguard.dataannotations.tests/bin/release/net8.0/sguard.dataannotations.tests.dll" id="94156788-790a-9db5-a858-213fb7ad4f61">
      <Execution id="d9d9fc82-86ab-43c6-8b86-a21e2a5e1679" />
      <TestMethod codeBase="/home/runner/work/SGuard.DataAnnotations/SGuard.DataAnnotations/SGuard.DataAnnotations.Tests/bin/Release/net8.0/SGuard.DataAnnotations.Tests.dll" adapterTypeName="executor://xunit/VsTestRunner3/netcore/" className="SGuard.DataAnnotations.Tests.Attributes.SGuardMinLengthAttributeTests" name="ReturnsSuccess_WhenValueIsNull" />
    </UnitTest>
    <UnitTest name="SGuard.DataAnnotations.Tests.Attributes.SGuardBetweenAttributeTests.ReturnsLocalizedErrorMessage_WhenCultureIsSet(culture: &quot;ja&quot;)" storage="/home/runner/work/sguard.dataannotations/sguard.dataannotations/sguard.dataannotations.tests/bin/release/net8.0/sguard.dataannotations.tests.dll" id="c230f671-ad47-b61c-8358-5fab696d26df">
      <Execution id="f43a7e95-ef5e-453a-b9c1-4ca9d60d3c28" />
      <TestMethod codeBase="/home/runner/work/SGuard.DataAnnotations/SGuard.DataAnnotations/SGuard.DataAnnotations.Tests/bin/Release/net8.0/SGuard.DataAnnotations.Tests.dll" adapterTypeName="executor://xunit/VsTestRunner3/netcore/" className="SGuard.DataAnnotations.Tests.Attributes.SGuardBetweenAttributeTests" name="ReturnsLocalizedErrorMessage_WhenCultureIsSet" />
    </UnitTest>
    <UnitTest name="SGuard.DataAnnotations.Tests.Attributes.SGuardMaxLengthAttributeTests.ReturnsSuccess_WhenStringIsEqualToMaxLength" storage="/home/runner/work/sguard.dataannotations/sguard.dataannotations/sguard.dataannotations.tests/bin/release/net8.0/sguard.dataannotations.tests.dll" id="529ece68-fcef-1cfb-1ddb-fa943b59f215">
      <Execution id="83314aab-38d5-46f3-981f-b379a89ca148" />
      <TestMethod codeBase="/home/runner/work/SGuard.DataAnnotations/SGuard.DataAnnotations/SGuard.DataAnnotations.Tests/bin/Release/net8.0/SGuard.DataAnnotations.Tests.dll" adapterTypeName="executor://xunit/VsTestRunner3/netcore/" className="SGuard.DataAnnotations.Tests.Attributes.SGuardMaxLengthAttributeTests" name="ReturnsSuccess_WhenStringIsEqualToMaxLength" />
    </UnitTest>
    <UnitTest name="SGuard.DataAnnotations.Tests.Attributes.SGuardMinCountAttributeTests.ReturnsSuccess_WhenDictionaryCountIsGreaterThanMin" storage="/home/runner/work/sguard.dataannotations/sguard.dataannotations/sguard.dataannotations.tests/bin/release/net8.0/sguard.dataannotations.tests.dll" id="f4355151-5143-6537-86b3-bbe7fff78f20">
      <Execution id="a1308ef9-fa0a-46d6-9b94-7f09c3a90912" />
      <TestMethod codeBase="/home/runner/work/SGuard.DataAnnotations/SGuard.DataAnnotations/SGuard.DataAnnotations.Tests/bin/Release/net8.0/SGuard.DataAnnotations.Tests.dll" adapterTypeName="executor://xunit/VsTestRunner3/netcore/" className="SGuard.DataAnnotations.Tests.Attributes.SGuardMinCountAttributeTests" name="ReturnsSuccess_WhenDictionaryCountIsGreaterThanMin" />
    </UnitTest>
    <UnitTest name="SGuard.DataAnnotations.Tests.Attributes.SGuardCollectionItemsMatchAttributeTests.ReturnsSuccess_WhenCollectionIsNull" storage="/home/runner/work/sguard.dataannotations/sguard.dataannotations/sguard.dataannotations.tests/bin/release/net8.0/sguard.dataannotations.tests.dll" id="1b3d778a-44d9-4efe-03a7-1b9c70fd51b6">
      <Execution id="44b7a7d4-edbb-47bd-b299-df47774aff65" />
      <TestMethod codeBase="/home/runner/work/SGuard.DataAnnotations/SGuard.DataAnnotations/SGuard.DataAnnotations.Tests/bin/Release/net8.0/SGuard.DataAnnotations.Tests.dll" adapterTypeName="executor://xunit/VsTestRunner3/netcore/" className="SGuard.DataAnnotations.Tests.Attributes.SGuardCollectionItemsMatchAttributeTests" name="ReturnsSuccess_WhenCollectionIsNull" />
    </UnitTest>
    <UnitTest name="SGuard.DataAnnotations.Tests.Attributes.SGuardEmailAddressAttributeTests.ReturnsError_WhenValueIsNotString" storage="/home/runner/work/sguard.dataannotations/sguard.dataannotations/sguard.dataannotations.tests/bin/release/net8.0/sguard.dataannotations.tests.dll" id="ffb894f2-8b4e-535d-2181-50be0cbf54c4">
      <Execution id="3f7ac9cb-69b4-44e7-a4e3-330625650c05" />
      <TestMethod codeBase="/home/runner/work/SGuard.DataAnnotations/SGuard.DataAnnotations/SGuard.DataAnnotations.Tests/bin/Release/net8.0/SGuard.DataAnnotations.Tests.dll" adapterTypeName="executor://xunit/VsTestRunner3/netcore/" className="SGuard.DataAnnotations.Tests.Attributes.SGuardEmailAddressAttributeTests" name="ReturnsError_WhenValueIsNotString" />
    </UnitTest>
    <UnitTest name="SGuard.DataAnnotations.Tests.Attributes.SGuardRequiredCollectionAttributeTests.ReturnsError_WhenListIsEmpty" storage="/home/runner/work/sguard.dataannotations/sguard.dataannotations/sguard.dataannotations.tests/bin/release/net8.0/sguard.dataannotations.tests.dll" id="098ba28d-ad73-0c69-8587-f0f62e9ace89">
      <Execution id="ba96b988-c78e-438d-a003-dd469e87db23" />
      <TestMethod codeBase="/home/runner/work/SGuard.DataAnnotations/SGuard.DataAnnotations/SGuard.DataAnnotations.Tests/bin/Release/net8.0/SGuard.DataAnnotations.Tests.dll" adapterTypeName="executor://xunit/VsTestRunner3/netcore/" className="SGuard.DataAnnotations.Tests.Attributes.SGuardRequiredCollectionAttributeTests" name="ReturnsError_WhenListIsEmpty" />
    </UnitTest>
    <UnitTest name="SGuard.DataAnnotations.Tests.Attributes.SGuardMaxLengthAttributeTests.ReturnsSuccess_WhenStringIsShorterThanMaxLength" storage="/home/runner/work/sguard.dataannotations/sguard.dataannotations/sguard.dataannotations.tests/bin/release/net8.0/sguard.dataannotations.tests.dll" id="080775d4-6b69-5bc3-992d-f0e3c7374a4e">
      <Execution id="8177cf7a-e8e5-4d0f-98e6-157f64908092" />
      <TestMethod codeBase="/home/runner/work/SGuard.DataAnnotations/SGuard.DataAnnotations/SGuard.DataAnnotations.Tests/bin/Release/net8.0/SGuard.DataAnnotations.Tests.dll" adapterTypeName="executor://xunit/VsTestRunner3/netcore/" className="SGuard.DataAnnotations.Tests.Attributes.SGuardMaxLengthAttributeTests" name="ReturnsSuccess_WhenStringIsShorterThanMaxLength" />
    </UnitTest>
    <UnitTest name="SGuard.DataAnnotations.Tests.Attributes.SGuardBetweenAttributeTests.WorksWithDoubleValues_Inclusive" storage="/home/runner/work/sguard.dataannotations/sguard.dataannotations/sguard.dataannotations.tests/bin/release/net8.0/sguard.dataannotations.tests.dll" id="bbb948a4-a310-7b5a-5c14-9d12bfbfa6f7">
      <Execution id="377abe3c-7e47-481c-bfe3-f2c52bcb923f" />
      <TestMethod codeBase="/home/runner/work/SGuard.DataAnnotations/SGuard.DataAnnotations/SGuard.DataAnnotations.Tests/bin/Release/net8.0/SGuard.DataAnnotations.Tests.dll" adapterTypeName="executor://xunit/VsTestRunner3/netcore/" className="SGuard.DataAnnotations.Tests.Attributes.SGuardBetweenAttributeTests" name="WorksWithDoubleValues_Inclusive" />
    </UnitTest>
    <UnitTest name="SGuard.DataAnnotations.Tests.Attributes.SGuardEmailAddressAttributeTests.ContactForm_BusinessEmail_Success" storage="/home/runner/work/sguard.dataannotations/sguard.dataannotations/sguard.dataannotations.tests/bin/release/net8.0/sguard.dataannotations.tests.dll" id="463584a4-e8ba-f39e-0c4f-2b29bd1729ef">
      <Execution id="6b16d567-8144-4a02-80b5-1dc95cf6fc97" />
      <TestMethod codeBase="/home/runner/work/SGuard.DataAnnotations/SGuard.DataAnnotations/SGuard.DataAnnotations.Tests/bin/Release/net8.0/SGuard.DataAnnotations.Tests.dll" adapterTypeName="executor://xunit/VsTestRunner3/netcore/" className="SGuard.DataAnnotations.Tests.Attributes.SGuardEmailAddressAttributeTests" name="ContactForm_BusinessEmail_Success" />
    </UnitTest>
    <UnitTest name="SGuard.DataAnnotations.Tests.Attributes.SGuardEmailAddressAttributeTests.Constructor_ThrowsArgumentNullException_WhenResourceTypeIsNull" storage="/home/runner/work/sguard.dataannotations/sguard.dataannotations/sguard.dataannotations.tests/bin/release/net8.0/sguard.dataannotations.tests.dll" id="41d1dc10-037d-3140-006f-371abcd3b22f">
      <Execution id="f62c9dee-1610-461b-98ec-e27211009721" />
      <TestMethod codeBase="/home/runner/work/SGuard.DataAnnotations/SGuard.DataAnnotations/SGuard.DataAnnotations.Tests/bin/Release/net8.0/SGuard.DataAnnotations.Tests.dll" adapterTypeName="executor://xunit/VsTestRunner3/netcore/" className="SGuard.DataAnnotations.Tests.Attributes.SGuardEmailAddressAttributeTests" name="Constructor_ThrowsArgumentNullException_WhenResourceTypeIsNull" />
    </UnitTest>
    <UnitTest name="SGuard.DataAnnotations.Tests.Attributes.SGuardCreditCardAttributeTests.ReturnsError_WhenValueIsInvalidTestCreditCard(cardNumber: &quot;4000000000000001&quot;)" storage="/home/runner/work/sguard.dataannotations/sguard.dataannotations/sguard.dataannotations.tests/bin/release/net8.0/sguard.dataannotations.tests.dll" id="61359edb-5c48-88c2-762f-54ff8f83ac8f">
      <Execution id="5f66bfce-9668-4472-96da-98bb82df68cc" />
      <TestMethod codeBase="/home/runner/work/SGuard.DataAnnotations/SGuard.DataAnnotations/SGuard.DataAnnotations.Tests/bin/Release/net8.0/SGuard.DataAnnotations.Tests.dll" adapterTypeName="executor://xunit/VsTestRunner3/netcore/" className="SGuard.DataAnnotations.Tests.Attributes.SGuardCreditCardAttributeTests" name="ReturnsError_WhenValueIsInvalidTestCreditCard" />
    </UnitTest>
    <UnitTest name="SGuard.DataAnnotations.Tests.Attributes.SGuardMinCountAttributeTests.ReturnsSuccess_WhenValueIsNullAndMinIsZero" storage="/home/runner/work/sguard.dataannotations/sguard.dataannotations/sguard.dataannotations.tests/bin/release/net8.0/sguard.dataannotations.tests.dll" id="e54af1a4-2187-47bd-06ab-7b48b0cdb6e0">
      <Execution id="484fa833-5ade-4caa-9825-82fc7da85e51" />
      <TestMethod codeBase="/home/runner/work/SGuard.DataAnnotations/SGuard.DataAnnotations/SGuard.DataAnnotations.Tests/bin/Release/net8.0/SGuard.DataAnnotations.Tests.dll" adapterTypeName="executor://xunit/VsTestRunner3/netcore/" className="SGuard.DataAnnotations.Tests.Attributes.SGuardMinCountAttributeTests" name="ReturnsSuccess_WhenValueIsNullAndMinIsZero" />
    </UnitTest>
    <UnitTest name="SGuard.DataAnnotations.Tests.Attributes.SGuardRangeAttributeTests.ReturnsSuccess_WhenValueIsNull" storage="/home/runner/work/sguard.dataannotations/sguard.dataannotations/sguard.dataannotations.tests/bin/release/net8.0/sguard.dataannotations.tests.dll" id="62c9ec44-80ed-02a9-9ec1-e3f94f21f664">
      <Execution id="91c4e79c-5ee6-4835-814e-ea38bc1b6eb5" />
      <TestMethod codeBase="/home/runner/work/SGuard.DataAnnotations/SGuard.DataAnnotations/SGuard.DataAnnotations.Tests/bin/Release/net8.0/SGuard.DataAnnotations.Tests.dll" adapterTypeName="executor://xunit/VsTestRunner3/netcore/" className="SGuard.DataAnnotations.Tests.Attributes.SGuardRangeAttributeTests" name="ReturnsSuccess_WhenValueIsNull" />
    </UnitTest>
    <UnitTest name="SGuard.DataAnnotations.Tests.Attributes.SGuardEmailAddressAttributeTests.ReturnsSuccess_WhenValueIsValidEmailFormat(email: &quot;email@123.123.123.123&quot;)" storage="/home/runner/work/sguard.dataannotations/sguard.dataannotations/sguard.dataannotations.tests/bin/release/net8.0/sguard.dataannotations.tests.dll" id="0f69ed9a-e24a-7444-c03b-c26af010edca">
      <Execution id="46c6bb43-2d8e-4789-8e9f-e3aaec3362be" />
      <TestMethod codeBase="/home/runner/work/SGuard.DataAnnotations/SGuard.DataAnnotations/SGuard.DataAnnotations.Tests/bin/Release/net8.0/SGuard.DataAnnotations.Tests.dll" adapterTypeName="executor://xunit/VsTestRunner3/netcore/" className="SGuard.DataAnnotations.Tests.Attributes.SGuardEmailAddressAttributeTests" name="ReturnsSuccess_WhenValueIsValidEmailFormat" />
    </UnitTest>
    <UnitTest name="SGuard.DataAnnotations.Tests.Attributes.SGuardRangeAttributeTests.ReturnsSuccess_WhenIntValueIsWithinRange" storage="/home/runner/work/sguard.dataannotations/sguard.dataannotations/sguard.dataannotations.tests/bin/release/net8.0/sguard.dataannotations.tests.dll" id="9ddec5fa-479c-3d6f-39eb-a62427813e0c">
      <Execution id="b5cdba46-7373-4012-a7ef-3848371c7cd0" />
      <TestMethod codeBase="/home/runner/work/SGuard.DataAnnotations/SGuard.DataAnnotations/SGuard.DataAnnotations.Tests/bin/Release/net8.0/SGuard.DataAnnotations.Tests.dll" adapterTypeName="executor://xunit/VsTestRunner3/netcore/" className="SGuard.DataAnnotations.Tests.Attributes.SGuardRangeAttributeTests" name="ReturnsSuccess_WhenIntValueIsWithinRange" />
    </UnitTest>
    <UnitTest name="SGuard.DataAnnotations.Tests.Extensions.DataAnnotationsExceptionExtensionsTest.TryGetValidationErrors_ReturnsTrueAndPopulatesErrors_WhenValidationErrorsExist" storage="/home/runner/work/sguard.dataannotations/sguard.dataannotations/sguard.dataannotations.tests/bin/release/net8.0/sguard.dataannotations.tests.dll" id="688c869f-43c2-c56d-139b-753ad9c4e2b8">
      <Execution id="568c5404-2879-444a-82ea-71047636f66c" />
      <TestMethod codeBase="/home/runner/work/SGuard.DataAnnotations/SGuard.DataAnnotations/SGuard.DataAnnotations.Tests/bin/Release/net8.0/SGuard.DataAnnotations.Tests.dll" adapterTypeName="executor://xunit/VsTestRunner3/netcore/" className="SGuard.DataAnnotations.Tests.Extensions.DataAnnotationsExceptionExtensionsTest" name="TryGetValidationErrors_ReturnsTrueAndPopulatesErrors_WhenValidationErrorsExist" />
    </UnitTest>
    <UnitTest name="SGuard.DataAnnotations.Tests.Attributes.SGuardBetweenAttributeTests.WorksWithDecimalValues_Inclusive" storage="/home/runner/work/sguard.dataannotations/sguard.dataannotations/sguard.dataannotations.tests/bin/release/net8.0/sguard.dataannotations.tests.dll" id="7e4292f7-6425-1e35-7f1d-4be9ff6ec305">
      <Execution id="ecc5232c-b363-4790-bb09-f0485f3eacc4" />
      <TestMethod codeBase="/home/runner/work/SGuard.DataAnnotations/SGuard.DataAnnotations/SGuard.DataAnnotations.Tests/bin/Release/net8.0/SGuard.DataAnnotations.Tests.dll" adapterTypeName="executor://xunit/VsTestRunner3/netcore/" className="SGuard.DataAnnotations.Tests.Attributes.SGuardBetweenAttributeTests" name="WorksWithDecimalValues_Inclusive" />
    </UnitTest>
    <UnitTest name="SGuard.DataAnnotations.Tests.Attributes.SGuardEmailAddressAttributeTests.ReturnsLocalizedErrorMessage_WhenCultureIsSet(culture: &quot;hi&quot;)" storage="/home/runner/work/sguard.dataannotations/sguard.dataannotations/sguard.dataannotations.tests/bin/release/net8.0/sguard.dataannotations.tests.dll" id="25b83878-87c8-b0a8-45e8-91d7ac1a9a5f">
      <Execution id="c1e398ac-6b72-4dab-b51c-9c9b44677901" />
      <TestMethod codeBase="/home/runner/work/SGuard.DataAnnotations/SGuard.DataAnnotations/SGuard.DataAnnotations.Tests/bin/Release/net8.0/SGuard.DataAnnotations.Tests.dll" adapterTypeName="executor://xunit/VsTestRunner3/netcore/" className="SGuard.DataAnnotations.Tests.Attributes.SGuardEmailAddressAttributeTests" name="ReturnsLocalizedErrorMessage_WhenCultureIsSet" />
    </UnitTest>
    <UnitTest name="SGuard.DataAnnotations.Tests.Attributes.SGuardBetweenAttributeTests.WorksWithDoubleValues_Exclusive" storage="/home/runner/work/sguard.dataannotations/sguard.dataannotations/sguard.dataannotations.tests/bin/release/net8.0/sguard.dataannotations.tests.dll" id="dd6b6eea-ecef-43a0-48ab-e039b579c244">
      <Execution id="ebd02e32-a4be-4656-aebf-f93d698f64ec" />
      <TestMethod codeBase="/home/runner/work/SGuard.DataAnnotations/SGuard.DataAnnotations/SGuard.DataAnnotations.Tests/bin/Release/net8.0/SGuard.DataAnnotations.Tests.dll" adapterTypeName="executor://xunit/VsTestRunner3/netcore/" className="SGuard.DataAnnotations.Tests.Attributes.SGuardBetweenAttributeTests" name="WorksWithDoubleValues_Exclusive" />
    </UnitTest>
    <UnitTest name="SGuard.DataAnnotations.Tests.Attributes.SGuardGreaterThanAttributeTests.ReturnsError_WhenDateValueIsNotGreaterThanOther" storage="/home/runner/work/sguard.dataannotations/sguard.dataannotations/sguard.dataannotations.tests/bin/release/net8.0/sguard.dataannotations.tests.dll" id="d1b029e0-b871-55db-0bbc-4a36bc450b81">
      <Execution id="9aad3b5e-086a-497e-a3a9-707f671a87e0" />
      <TestMethod codeBase="/home/runner/work/SGuard.DataAnnotations/SGuard.DataAnnotations/SGuard.DataAnnotations.Tests/bin/Release/net8.0/SGuard.DataAnnotations.Tests.dll" adapterTypeName="executor://xunit/VsTestRunner3/netcore/" className="SGuard.DataAnnotations.Tests.Attributes.SGuardGreaterThanAttributeTests" name="ReturnsError_WhenDateValueIsNotGreaterThanOther" />
    </UnitTest>
    <UnitTest name="SGuard.DataAnnotations.Tests.Attributes.SGuardCompareAttributeTests.WorksWithDateTimeValues" storage="/home/runner/work/sguard.dataannotations/sguard.dataannotations/sguard.dataannotations.tests/bin/release/net8.0/sguard.dataannotations.tests.dll" id="c7f2fb08-11b4-e8d2-b9b9-3bf6fbe1918f">
      <Execution id="78f3bde2-b537-4168-964e-dd9435221518" />
      <TestMethod codeBase="/home/runner/work/SGuard.DataAnnotations/SGuard.DataAnnotations/SGuard.DataAnnotations.Tests/bin/Release/net8.0/SGuard.DataAnnotations.Tests.dll" adapterTypeName="executor://xunit/VsTestRunner3/netcore/" className="SGuard.DataAnnotations.Tests.Attributes.SGuardCompareAttributeTests" name="WorksWithDateTimeValues" />
    </UnitTest>
    <UnitTest name="SGuard.DataAnnotations.Tests.Attributes.SGuardEmailAddressAttributeTests.ReturnsSuccess_WhenValueIsCommonEmailProvider(email: &quot;user@gmail.com&quot;)" storage="/home/runner/work/sguard.dataannotations/sguard.dataannotations/sguard.dataannotations.tests/bin/release/net8.0/sguard.dataannotations.tests.dll" id="9aea3422-ef2f-af26-c04c-ddc619d25e3f">
      <Execution id="f3921d27-ad08-4ab5-94f2-ff4daf86d066" />
      <TestMethod codeBase="/home/runner/work/SGuard.DataAnnotations/SGuard.DataAnnotations/SGuard.DataAnnotations.Tests/bin/Release/net8.0/SGuard.DataAnnotations.Tests.dll" adapterTypeName="executor://xunit/VsTestRunner3/netcore/" className="SGuard.DataAnnotations.Tests.Attributes.SGuardEmailAddressAttributeTests" name="ReturnsSuccess_WhenValueIsCommonEmailProvider" />
    </UnitTest>
    <UnitTest name="SGuard.DataAnnotations.Tests.Attributes.SGuardEmailAddressAttributeTests.HandlesHyphenInDomainName" storage="/home/runner/work/sguard.dataannotations/sguard.dataannotations/sguard.dataannotations.tests/bin/release/net8.0/sguard.dataannotations.tests.dll" id="34d33db2-19a9-6856-2c67-8b6ff63ae856">
      <Execution id="565207be-011e-44b7-bc9c-a6bf755a3b0b" />
      <TestMethod codeBase="/home/runner/work/SGuard.DataAnnotations/SGuard.DataAnnotations/SGuard.DataAnnotations.Tests/bin/Release/net8.0/SGuard.DataAnnotations.Tests.dll" adapterTypeName="executor://xunit/VsTestRunner3/netcore/" className="SGuard.DataAnnotations.Tests.Attributes.SGuardEmailAddressAttributeTests" name="HandlesHyphenInDomainName" />
    </UnitTest>
    <UnitTest name="SGuard.DataAnnotations.Tests.Attributes.SGuardCompareAttributeTests.ReturnsLocalizedErrorMessage_WhenCultureIsSet(culture: &quot;ja&quot;)" storage="/home/runner/work/sguard.dataannotations/sguard.dataannotations/sguard.dataannotations.tests/bin/release/net8.0/sguard.dataannotations.tests.dll" id="d19b4370-dfc6-ad20-cdc0-734574e441c8">
      <Execution id="e803a591-dac1-4559-9187-fd6576452052" />
      <TestMethod codeBase="/home/runner/work/SGuard.DataAnnotations/SGuard.DataAnnotations/SGuard.DataAnnotations.Tests/bin/Release/net8.0/SGuard.DataAnnotations.Tests.dll" adapterTypeName="executor://xunit/VsTestRunner3/netcore/" className="SGuard.DataAnnotations.Tests.Attributes.SGuardCompareAttributeTests" name="ReturnsLocalizedErrorMessage_WhenCultureIsSet" />
    </UnitTest>
    <UnitTest name="SGuard.DataAnnotations.Tests.Attributes.SGuardRequiredCollectionAttributeTests.ReturnsSuccess_WhenDictionaryIsNotEmpty" storage="/home/runner/work/sguard.dataannotations/sguard.dataannotations/sguard.dataannotations.tests/bin/release/net8.0/sguard.dataannotations.tests.dll" id="f3ac6f73-8ee9-7ee9-1035-8a2abdbf5eaa">
      <Execution id="d7e32044-3eb7-4d6e-8451-ee4a1d517a61" />
      <TestMethod codeBase="/home/runner/work/SGuard.DataAnnotations/SGuard.DataAnnotations/SGuard.DataAnnotations.Tests/bin/Release/net8.0/SGuard.DataAnnotations.Tests.dll" adapterTypeName="executor://xunit/VsTestRunner3/netcore/" className="SGuard.DataAnnotations.Tests.Attributes.SGuardRequiredCollectionAttributeTests" name="ReturnsSuccess_WhenDictionaryIsNotEmpty" />
    </UnitTest>
    <UnitTest name="SGuard.DataAnnotations.Tests.Attributes.SGuardEmailAddressAttributeTests.HandlesVeryLongDomainPart" storage="/home/runner/work/sguard.dataannotations/sguard.dataannotations/sguard.dataannotations.tests/bin/release/net8.0/sguard.dataannotations.tests.dll" id="21519bf4-c01d-c275-8cd9-6e0df3fad4f2">
      <Execution id="f904d158-f97e-401f-913e-6b35cd71f23b" />
      <TestMethod codeBase="/home/runner/work/SGuard.DataAnnotations/SGuard.DataAnnotations/SGuard.DataAnnotations.Tests/bin/Release/net8.0/SGuard.DataAnnotations.Tests.dll" adapterTypeName="executor://xunit/VsTestRunner3/netcore/" className="SGuard.DataAnnotations.Tests.Attributes.SGuardEmailAddressAttributeTests" name="HandlesVeryLongDomainPart" />
    </UnitTest>
    <UnitTest name="SGuard.DataAnnotations.Tests.Attributes.SGuardMaxCountAttributeTests.ReturnsSuccess_WhenArrayCountIsLessThanOrEqualToMax" storage="/home/runner/work/sguard.dataannotations/sguard.dataannotations/sguard.dataannotations.tests/bin/release/net8.0/sguard.dataannotations.tests.dll" id="c9e17951-e43f-8200-3417-432bd1307c56">
      <Execution id="95fd5fba-a759-4da8-9784-2031dedb51a2" />
      <TestMethod codeBase="/home/runner/work/SGuard.DataAnnotations/SGuard.DataAnnotations/SGuard.DataAnnotations.Tests/bin/Release/net8.0/SGuard.DataAnnotations.Tests.dll" adapterTypeName="executor://xunit/VsTestRunner3/netcore/" className="SGuard.DataAnnotations.Tests.Attributes.SGuardMaxCountAttributeTests" name="ReturnsSuccess_WhenArrayCountIsLessThanOrEqualToMax" />
    </UnitTest>
    <UnitTest name="SGuard.DataAnnotations.Tests.Attributes.SGuardCreditCardAttributeTests.ReturnsSuccess_WhenValueIsValidAmex" storage="/home/runner/work/sguard.dataannotations/sguard.dataannotations/sguard.dataannotations.tests/bin/release/net8.0/sguard.dataannotations.tests.dll" id="1784d12b-da19-58ea-1ce0-28b4c319e25a">
      <Execution id="d4be63fb-5000-4998-a307-635e056a6894" />
      <TestMethod codeBase="/home/runner/work/SGuard.DataAnnotations/SGuard.DataAnnotations/SGuard.DataAnnotations.Tests/bin/Release/net8.0/SGuard.DataAnnotations.Tests.dll" adapterTypeName="executor://xunit/VsTestRunner3/netcore/" className="SGuard.DataAnnotations.Tests.Attributes.SGuardCreditCardAttributeTests" name="ReturnsSuccess_WhenValueIsValidAmex" />
    </UnitTest>
    <UnitTest name="SGuard.DataAnnotations.Tests.Attributes.SGuardBetweenAttributeTests.ReturnsError_WhenValueIsBelowMin_Inclusive" storage="/home/runner/work/sguard.dataannotations/sguard.dataannotations/sguard.dataannotations.tests/bin/release/net8.0/sguard.dataannotations.tests.dll" id="ae95f8f1-e062-9428-8825-545025260de6">
      <Execution id="39c833d1-011a-4ea0-aef0-2e2a27ce9b9b" />
      <TestMethod codeBase="/home/runner/work/SGuard.DataAnnotations/SGuard.DataAnnotations/SGuard.DataAnnotations.Tests/bin/Release/net8.0/SGuard.DataAnnotations.Tests.dll" adapterTypeName="executor://xunit/VsTestRunner3/netcore/" className="SGuard.DataAnnotations.Tests.Attributes.SGuardBetweenAttributeTests" name="ReturnsError_WhenValueIsBelowMin_Inclusive" />
    </UnitTest>
    <UnitTest name="SGuard.DataAnnotations.Tests.Attributes.SGuardCompareAttributeTests.IsCaseSensitive_WithStrings" storage="/home/runner/work/sguard.dataannotations/sguard.dataannotations/sguard.dataannotations.tests/bin/release/net8.0/sguard.dataannotations.tests.dll" id="6bd89629-720d-4b18-a416-282071dbac55">
      <Execution id="e7794c72-99fc-409b-be05-1598c561f03a" />
      <TestMethod codeBase="/home/runner/work/SGuard.DataAnnotations/SGuard.DataAnnotations/SGuard.DataAnnotations.Tests/bin/Release/net8.0/SGuard.DataAnnotations.Tests.dll" adapterTypeName="executor://xunit/VsTestRunner3/netcore/" className="SGuard.DataAnnotations.Tests.Attributes.SGuardCompareAttributeTests" name="IsCaseSensitive_WithStrings" />
    </UnitTest>
    <UnitTest name="SGuard.DataAnnotations.Tests.Attributes.SGuardCompareAttributeTests.EmailConfirmation_Success" storage="/home/runner/work/sguard.dataannotations/sguard.dataannotations/sguard.dataannotations.tests/bin/release/net8.0/sguard.dataannotations.tests.dll" id="2f2f4dfd-d686-918e-9cdb-c64365a18a4e">
      <Execution id="a2bb3cdd-d312-46fd-b685-2bd5f51fa080" />
      <TestMethod codeBase="/home/runner/work/SGuard.DataAnnotations/SGuard.DataAnnotations/SGuard.DataAnnotations.Tests/bin/Release/net8.0/SGuard.DataAnnotations.Tests.dll" adapterTypeName="executor://xunit/VsTestRunner3/netcore/" className="SGuard.DataAnnotations.Tests.Attributes.SGuardCompareAttributeTests" name="EmailConfirmation_Success" />
    </UnitTest>
    <UnitTest name="SGuard.DataAnnotations.Tests.Attributes.SGuardCompareAttributeTests.WorksWithIntegerValues" storage="/home/runner/work/sguard.dataannotations/sguard.dataannotations/sguard.dataannotations.tests/bin/release/net8.0/sguard.dataannotations.tests.dll" id="f990b3b4-c789-9b95-242d-e1c954f9cc12">
      <Execution id="e25a48e3-39d5-458b-bd74-d1dcfd647b0b" />
      <TestMethod codeBase="/home/runner/work/SGuard.DataAnnotations/SGuard.DataAnnotations/SGuard.DataAnnotations.Tests/bin/Release/net8.0/SGuard.DataAnnotations.Tests.dll" adapterTypeName="executor://xunit/VsTestRunner3/netcore/" className="SGuard.DataAnnotations.Tests.Attributes.SGuardCompareAttributeTests" name="WorksWithIntegerValues" />
    </UnitTest>
    <UnitTest name="SGuard.DataAnnotations.Tests.Attributes.SGuardMinLengthAttributeTests.ReturnsError_WhenStringIsShorterThanMinLength" storage="/home/runner/work/sguard.dataannotations/sguard.dataannotations/sguard.dataannotations.tests/bin/release/net8.0/sguard.dataannotations.tests.dll" id="8fa6afed-24b8-e0d5-4613-aa654c64059a">
      <Execution id="bbf19ba6-a9ea-42aa-839e-a725379e2f66" />
      <TestMethod codeBase="/home/runner/work/SGuard.DataAnnotations/SGuard.DataAnnotations/SGuard.DataAnnotations.Tests/bin/Release/net8.0/SGuard.DataAnnotations.Tests.dll" adapterTypeName="executor://xunit/VsTestRunner3/netcore/" className="SGuard.DataAnnotations.Tests.Attributes.SGuardMinLengthAttributeTests" name="ReturnsError_WhenStringIsShorterThanMinLength" />
    </UnitTest>
    <UnitTest name="SGuard.DataAnnotations.Tests.Attributes.SGuardMaxLengthAttributeTests.ReturnsLocalizedErrorMessage_WhenCultureIsSetToTurkish" storage="/home/runner/work/sguard.dataannotations/sguard.dataannotations/sguard.dataannotations.tests/bin/release/net8.0/sguard.dataannotations.tests.dll" id="e2003228-eccc-5e56-b410-7f365127fa8c">
      <Execution id="f7f4b759-66fd-43b2-befe-7fe6cd5693ed" />
      <TestMethod codeBase="/home/runner/work/SGuard.DataAnnotations/SGuard.DataAnnotations/SGuard.DataAnnotations.Tests/bin/Release/net8.0/SGuard.DataAnnotations.Tests.dll" adapterTypeName="executor://xunit/VsTestRunner3/netcore/" className="SGuard.DataAnnotations.Tests.Attributes.SGuardMaxLengthAttributeTests" name="ReturnsLocalizedErrorMessage_WhenCultureIsSetToTurkish" />
    </UnitTest>
    <UnitTest name="SGuard.DataAnnotations.Tests.Attributes.SGuardCompareAttributeTests.EmailConfirmation_Failure" storage="/home/runner/work/sguard.dataannotations/sguard.dataannotations/sguard.dataannotations.tests/bin/release/net8.0/sguard.dataannotations.tests.dll" id="1c58e614-ef61-f2a2-cfd8-182a4e35570b">
      <Execution id="297cdd0d-87cb-45b3-9f67-1eb3707ecb64" />
      <TestMethod codeBase="/home/runner/work/SGuard.DataAnnotations/SGuard.DataAnnotations/SGuard.DataAnnotations.Tests/bin/Release/net8.0/SGuard.DataAnnotations.Tests.dll" adapterTypeName="executor://xunit/VsTestRunner3/netcore/" className="SGuard.DataAnnotations.Tests.Attributes.SGuardCompareAttributeTests" name="EmailConfirmation_Failure" />
    </UnitTest>
    <UnitTest name="SGuard.DataAnnotations.Tests.Attributes.SGuardUrlAttributeTests.ThrowsArgumentNullException_WhenResourceTypeIsNull" storage="/home/runner/work/sguard.dataannotations/sguard.dataannotations/sguard.dataannotations.tests/bin/release/net8.0/sguard.dataannotations.tests.dll" id="25bfd5dc-d6fd-7060-1543-b6eff93eaa1d">
      <Execution id="6d34d045-20ca-4a15-b8c4-5d100e7f3034" />
      <TestMethod codeBase="/home/runner/work/SGuard.DataAnnotations/SGuard.DataAnnotations/SGuard.DataAnnotations.Tests/bin/Release/net8.0/SGuard.DataAnnotations.Tests.dll" adapterTypeName="executor://xunit/VsTestRunner3/netcore/" className="SGuard.DataAnnotations.Tests.Attributes.SGuardUrlAttributeTests" name="ThrowsArgumentNullException_WhenResourceTypeIsNull" />
    </UnitTest>
    <UnitTest name="SGuard.DataAnnotations.Tests.Attributes.SGuardEmailAddressAttributeTests.ReturnsNull_WhenValueIsUnsupportedInternationalEmail(email: &quot;test@日本.jp&quot;)" storage="/home/runner/work/sguard.dataannotations/sguard.dataannotations/sguard.dataannotations.tests/bin/release/net8.0/sguard.dataannotations.tests.dll" id="8757c1db-8a30-5429-c0a6-7eb71a1574b4">
      <Execution id="808f11ed-3c9e-4e91-99e9-ce497d3c760e" />
      <TestMethod codeBase="/home/runner/work/SGuard.DataAnnotations/SGuard.DataAnnotations/SGuard.DataAnnotations.Tests/bin/Release/net8.0/SGuard.DataAnnotations.Tests.dll" adapterTypeName="executor://xunit/VsTestRunner3/netcore/" className="SGuard.DataAnnotations.Tests.Attributes.SGuardEmailAddressAttributeTests" name="ReturnsNull_WhenValueIsUnsupportedInternationalEmail" />
    </UnitTest>
    <UnitTest name="SGuard.DataAnnotations.Tests.Attributes.SGuardCompareAttributeTests.PasswordConfirmation_Success" storage="/home/runner/work/sguard.dataannotations/sguard.dataannotations/sguard.dataannotations.tests/bin/release/net8.0/sguard.dataannotations.tests.dll" id="a4f33591-7a3c-578a-9bbc-4bab9c2eb6fa">
      <Execution id="71bf3c29-06e5-4357-8f98-a8db76daa595" />
      <TestMethod codeBase="/home/runner/work/SGuard.DataAnnotations/SGuard.DataAnnotations/SGuard.DataAnnotations.Tests/bin/Release/net8.0/SGuard.DataAnnotations.Tests.dll" adapterTypeName="executor://xunit/VsTestRunner3/netcore/" className="SGuard.DataAnnotations.Tests.Attributes.SGuardCompareAttributeTests" name="PasswordConfirmation_Success" />
    </UnitTest>
    <UnitTest name="SGuard.DataAnnotations.Tests.Attributes.SGuardMinCountAttributeTests.ReturnsError_WhenCollectionCountIsZeroAndMinIsGreaterThanZero" storage="/home/runner/work/sguard.dataannotations/sguard.dataannotations/sguard.dataannotations.tests/bin/release/net8.0/sguard.dataannotations.tests.dll" id="9bca95a5-a33d-a683-4344-4c17db026fa8">
      <Execution id="40eb1a4a-1fb7-4e0b-a836-a3dfd58adfcf" />
      <TestMethod codeBase="/home/runner/work/SGuard.DataAnnotations/SGuard.DataAnnotations/SGuard.DataAnnotations.Tests/bin/Release/net8.0/SGuard.DataAnnotations.Tests.dll" adapterTypeName="executor://xunit/VsTestRunner3/netcore/" className="SGuard.DataAnnotations.Tests.Attributes.SGuardMinCountAttributeTests" name="ReturnsError_WhenCollectionCountIsZeroAndMinIsGreaterThanZero" />
    </UnitTest>
    <UnitTest name="SGuard.DataAnnotations.Tests.Attributes.SGuardCreditCardAttributeTests.ReturnsSuccess_WhenValueIsValidTestCreditCard(cardNumber: &quot;371449635398431&quot;)" storage="/home/runner/work/sguard.dataannotations/sguard.dataannotations/sguard.dataannotations.tests/bin/release/net8.0/sguard.dataannotations.tests.dll" id="4c1e9bff-f35f-1caa-f44a-f5d06b2960b8">
      <Execution id="a5e4c3b3-cb9e-4871-8e18-815f9c86e6a0" />
      <TestMethod codeBase="/home/runner/work/SGuard.DataAnnotations/SGuard.DataAnnotations/SGuard.DataAnnotations.Tests/bin/Release/net8.0/SGuard.DataAnnotations.Tests.dll" adapterTypeName="executor://xunit/VsTestRunner3/netcore/" className="SGuard.DataAnnotations.Tests.Attributes.SGuardCreditCardAttributeTests" name="ReturnsSuccess_WhenValueIsValidTestCreditCard" />
    </UnitTest>
    <UnitTest name="SGuard.DataAnnotations.Tests.DataAnnotation.ThrowIfTests.DataAnnotationsInValid_CallbackReceivesSuccessOnPass" storage="/home/runner/work/sguard.dataannotations/sguard.dataannotations/sguard.dataannotations.tests/bin/release/net8.0/sguard.dataannotations.tests.dll" id="1923b67c-2b64-459e-4f8d-07b0052405ab">
      <Execution id="0111baef-7011-4650-93ea-43a782b15627" />
      <TestMethod codeBase="/home/runner/work/SGuard.DataAnnotations/SGuard.DataAnnotations/SGuard.DataAnnotations.Tests/bin/Release/net8.0/SGuard.DataAnnotations.Tests.dll" adapterTypeName="executor://xunit/VsTestRunner3/netcore/" className="SGuard.DataAnnotations.Tests.DataAnnotation.ThrowIfTests" name="DataAnnotationsInValid_CallbackReceivesSuccessOnPass" />
    </UnitTest>
    <UnitTest name="SGuard.DataAnnotations.Tests.Attributes.SGuardEmailAddressAttributeTests.ReturnsSuccess_WhenValueIsCommonEmailProvider(email: &quot;user@live.com&quot;)" storage="/home/runner/work/sguard.dataannotations/sguard.dataannotations/sguard.dataannotations.tests/bin/release/net8.0/sguard.dataannotations.tests.dll" id="c00f8b42-d81e-9906-f39b-144ceb96f7a9">
      <Execution id="bb3e69ac-15e3-4ecc-b2a9-ccfb8bc54656" />
      <TestMethod codeBase="/home/runner/work/SGuard.DataAnnotations/SGuard.DataAnnotations/SGuard.DataAnnotations.Tests/bin/Release/net8.0/SGuard.DataAnnotations.Tests.dll" adapterTypeName="executor://xunit/VsTestRunner3/netcore/" className="SGuard.DataAnnotations.Tests.Attributes.SGuardEmailAddressAttributeTests" name="ReturnsSuccess_WhenValueIsCommonEmailProvider" />
    </UnitTest>
    <UnitTest name="SGuard.DataAnnotations.Tests.Attributes.SGuardBetweenAttributeTests.HandlesEqualMinMaxValues_Inclusive" storage="/home/runner/work/sguard.dataannotations/sguard.dataannotations/sguard.dataannotations.tests/bin/release/net8.0/sguard.dataannotations.tests.dll" id="35e180e0-97c7-14cc-9717-39e2851aa539">
      <Execution id="413f1c73-a6c2-449b-bffb-36eb096c805e" />
      <TestMethod codeBase="/home/runner/work/SGuard.DataAnnotations/SGuard.DataAnnotations/SGuard.DataAnnotations.Tests/bin/Release/net8.0/SGuard.DataAnnotations.Tests.dll" adapterTypeName="executor://xunit/VsTestRunner3/netcore/" className="SGuard.DataAnnotations.Tests.Attributes.SGuardBetweenAttributeTests" name="HandlesEqualMinMaxValues_Inclusive" />
    </UnitTest>
    <UnitTest name="SGuard.DataAnnotations.Tests.Attributes.SGuardCreditCardAttributeTests.HandlesUnicodeDigits" storage="/home/runner/work/sguard.dataannotations/sguard.dataannotations/sguard.dataannotations.tests/bin/release/net8.0/sguard.dataannotations.tests.dll" id="7d8a176a-fa54-8051-a7f3-f108d795f3f4">
      <Execution id="381d7adf-80d3-4928-853d-0b5b697ea090" />
      <TestMethod codeBase="/home/runner/work/SGuard.DataAnnotations/SGuard.DataAnnotations/SGuard.DataAnnotations.Tests/bin/Release/net8.0/SGuard.DataAnnotations.Tests.dll" adapterTypeName="executor://xunit/VsTestRunner3/netcore/" className="SGuard.DataAnnotations.Tests.Attributes.SGuardCreditCardAttributeTests" name="HandlesUnicodeDigits" />
    </UnitTest>
    <UnitTest name="SGuard.DataAnnotations.Tests.Attributes.SGuardEmailAddressAttributeTests.ReturnsSuccess_WhenValueIsCommonEmailProvider(email: &quot;user@aol.com&quot;)" storage="/home/runner/work/sguard.dataannotations/sguard.dataannotations/sguard.dataannotations.tests/bin/release/net8.0/sguard.dataannotations.tests.dll" id="0c7ed41a-0fec-962f-fb03-8fb57bf9a0b3">
      <Execution id="bebe7414-84f1-42d5-bf5c-6e54de9d68f1" />
      <TestMethod codeBase="/home/runner/work/SGuard.DataAnnotations/SGuard.DataAnnotations/SGuard.DataAnnotations.Tests/bin/Release/net8.0/SGuard.DataAnnotations.Tests.dll" adapterTypeName="executor://xunit/VsTestRunner3/netcore/" className="SGuard.DataAnnotations.Tests.Attributes.SGuardEmailAddressAttributeTests" name="ReturnsSuccess_WhenValueIsCommonEmailProvider" />
    </UnitTest>
    <UnitTest name="SGuard.DataAnnotations.Tests.Attributes.SGuardCreditCardAttributeTests.ReturnsError_WhenValueIsObject" storage="/home/runner/work/sguard.dataannotations/sguard.dataannotations/sguard.dataannotations.tests/bin/release/net8.0/sguard.dataannotations.tests.dll" id="052730fe-db9b-61be-f772-e92a351113ec">
      <Execution id="ba40e980-7d1b-4777-9074-c48bbb7a6915" />
      <TestMethod codeBase="/home/runner/work/SGuard.DataAnnotations/SGuard.DataAnnotations/SGuard.DataAnnotations.Tests/bin/Release/net8.0/SGuard.DataAnnotations.Tests.dll" adapterTypeName="executor://xunit/VsTestRunner3/netcore/" className="SGuard.DataAnnotations.Tests.Attributes.SGuardCreditCardAttributeTests" name="ReturnsError_WhenValueIsObject" />
    </UnitTest>
    <UnitTest name="SGuard.DataAnnotations.Tests.DataAnnotation.ThrowIfTests.DataAnnotationsInValid_NullCallback_DoesNotThrow" storage="/home/runner/work/sguard.dataannotations/sguard.dataannotations/sguard.dataannotations.tests/bin/release/net8.0/sguard.dataannotations.tests.dll" id="eb281b4d-6a2a-646b-c915-1657012d455e">
      <Execution id="452fb434-7459-4b5e-aed1-5c4cb8b53bf6" />
      <TestMethod codeBase="/home/runner/work/SGuard.DataAnnotations/SGuard.DataAnnotations/SGuard.DataAnnotations.Tests/bin/Release/net8.0/SGuard.DataAnnotations.Tests.dll" adapterTypeName="executor://xunit/VsTestRunner3/netcore/" className="SGuard.DataAnnotations.Tests.DataAnnotation.ThrowIfTests" name="DataAnnotationsInValid_NullCallback_DoesNotThrow" />
    </UnitTest>
    <UnitTest name="SGuard.DataAnnotations.Tests.Attributes.SGuardUrlAttributeTests.ReturnsSuccess_WhenValueIsNull" storage="/home/runner/work/sguard.dataannotations/sguard.dataannotations/sguard.dataannotations.tests/bin/release/net8.0/sguard.dataannotations.tests.dll" id="ae7b78f4-3e3e-6c1c-73b9-00f3b0a66446">
      <Execution id="76153fc2-34c7-420e-a689-587624062029" />
      <TestMethod codeBase="/home/runner/work/SGuard.DataAnnotations/SGuard.DataAnnotations/SGuard.DataAnnotations.Tests/bin/Release/net8.0/SGuard.DataAnnotations.Tests.dll" adapterTypeName="executor://xunit/VsTestRunner3/netcore/" className="SGuard.DataAnnotations.Tests.Attributes.SGuardUrlAttributeTests" name="ReturnsSuccess_WhenValueIsNull" />
    </UnitTest>
    <UnitTest name="SGuard.DataAnnotations.Tests.Attributes.SGuardLessThanAttributeTests.ReturnsError_WhenOtherPropertyDoesNotExist" storage="/home/runner/work/sguard.dataannotations/sguard.dataannotations/sguard.dataannotations.tests/bin/release/net8.0/sguard.dataannotations.tests.dll" id="704f035e-345a-debb-839b-c97ef7751c63">
      <Execution id="cae00f83-71da-4bd3-9a43-42bd70bbf833" />
      <TestMethod codeBase="/home/runner/work/SGuard.DataAnnotations/SGuard.DataAnnotations/SGuard.DataAnnotations.Tests/bin/Release/net8.0/SGuard.DataAnnotations.Tests.dll" adapterTypeName="executor://xunit/VsTestRunner3/netcore/" className="SGuard.DataAnnotations.Tests.Attributes.SGuardLessThanAttributeTests" name="ReturnsError_WhenOtherPropertyDoesNotExist" />
    </UnitTest>
    <UnitTest name="SGuard.DataAnnotations.Tests.Attributes.SGuardCompareAttributeTests.WorksWithDecimalValues" storage="/home/runner/work/sguard.dataannotations/sguard.dataannotations/sguard.dataannotations.tests/bin/release/net8.0/sguard.dataannotations.tests.dll" id="f37e4da3-55e9-bcbc-5daa-20e2f9ea9c73">
      <Execution id="50677343-d5fe-481c-8a8e-b3884c35b84b" />
      <TestMethod codeBase="/home/runner/work/SGuard.DataAnnotations/SGuard.DataAnnotations/SGuard.DataAnnotations.Tests/bin/Release/net8.0/SGuard.DataAnnotations.Tests.dll" adapterTypeName="executor://xunit/VsTestRunner3/netcore/" className="SGuard.DataAnnotations.Tests.Attributes.SGuardCompareAttributeTests" name="WorksWithDecimalValues" />
    </UnitTest>
    <UnitTest name="SGuard.DataAnnotations.Tests.Attributes.SGuardCreditCardAttributeTests.ReturnsError_WhenValueIsTooShort" storage="/home/runner/work/sguard.dataannotations/sguard.dataannotations/sguard.dataannotations.tests/bin/release/net8.0/sguard.dataannotations.tests.dll" id="95ec617d-b08d-0649-afda-d3d7776231dc">
      <Execution id="f320c1e9-0ce9-4373-8a9e-2925e48138f2" />
      <TestMethod codeBase="/home/runner/work/SGuard.DataAnnotations/SGuard.DataAnnotations/SGuard.DataAnnotations.Tests/bin/Release/net8.0/SGuard.DataAnnotations.Tests.dll" adapterTypeName="executor://xunit/VsTestRunner3/netcore/" className="SGuard.DataAnnotations.Tests.Attributes.SGuardCreditCardAttributeTests" name="ReturnsError_WhenValueIsTooShort" />
    </UnitTest>
    <UnitTest name="SGuard.DataAnnotations.Tests.Attributes.SGuardLessThanAttributeTests.ReturnsError_WhenValueIsGreaterThanOther" storage="/home/runner/work/sguard.dataannotations/sguard.dataannotations/sguard.dataannotations.tests/bin/release/net8.0/sguard.dataannotations.tests.dll" id="5096c926-13b1-b25c-0b95-818693baaf41">
      <Execution id="387d1dc5-f223-48f7-ba4d-6857928c514b" />
      <TestMethod codeBase="/home/runner/work/SGuard.DataAnnotations/SGuard.DataAnnotations/SGuard.DataAnnotations.Tests/bin/Release/net8.0/SGuard.DataAnnotations.Tests.dll" adapterTypeName="executor://xunit/VsTestRunner3/netcore/" className="SGuard.DataAnnotations.Tests.Attributes.SGuardLessThanAttributeTests" name="ReturnsError_WhenValueIsGreaterThanOther" />
    </UnitTest>
    <UnitTest name="SGuard.DataAnnotations.Tests.DataAnnotation.IsTests.DataAnnotationsValid_NullCallback_DoesNotThrow" storage="/home/runner/work/sguard.dataannotations/sguard.dataannotations/sguard.dataannotations.tests/bin/release/net8.0/sguard.dataannotations.tests.dll" id="79e8e98c-62af-b136-4f32-eed7ea2d725d">
      <Execution id="a888f10e-2681-41b2-a749-1b927558e4c2" />
      <TestMethod codeBase="/home/runner/work/SGuard.DataAnnotations/SGuard.DataAnnotations/SGuard.DataAnnotations.Tests/bin/Release/net8.0/SGuard.DataAnnotations.Tests.dll" adapterTypeName="executor://xunit/VsTestRunner3/netcore/" className="SGuard.DataAnnotations.Tests.DataAnnotation.IsTests" name="DataAnnotationsValid_NullCallback_DoesNotThrow" />
    </UnitTest>
    <UnitTest name="SGuard.DataAnnotations.Tests.Attributes.SGuardCompareAttributeTests.ReturnsError_WhenEmptyStringComparedToNull" storage="/home/runner/work/sguard.dataannotations/sguard.dataannotations/sguard.dataannotations.tests/bin/release/net8.0/sguard.dataannotations.tests.dll" id="9f46c073-ddef-8b94-cb56-edd20a0d1dcb">
      <Execution id="8b434d05-4ba4-486a-bd97-24e0d1a4679e" />
      <TestMethod codeBase="/home/runner/work/SGuard.DataAnnotations/SGuard.DataAnnotations/SGuard.DataAnnotations.Tests/bin/Release/net8.0/SGuard.DataAnnotations.Tests.dll" adapterTypeName="executor://xunit/VsTestRunner3/netcore/" className="SGuard.DataAnnotations.Tests.Attributes.SGuardCompareAttributeTests" name="ReturnsError_WhenEmptyStringComparedToNull" />
    </UnitTest>
    <UnitTest name="SGuard.DataAnnotations.Tests.Attributes.SGuardMinLengthAttributeTests.ReturnsLocalizedErrorMessage_WhenCultureIsSetToTurkish" storage="/home/runner/work/sguard.dataannotations/sguard.dataannotations/sguard.dataannotations.tests/bin/release/net8.0/sguard.dataannotations.tests.dll" id="052fbaf2-ac23-e86c-59a1-da3094f996ac">
      <Execution id="f2c8dbdf-56ae-4904-998b-c796f87c08a6" />
      <TestMethod codeBase="/home/runner/work/SGuard.DataAnnotations/SGuard.DataAnnotations/SGuard.DataAnnotations.Tests/bin/Release/net8.0/SGuard.DataAnnotations.Tests.dll" adapterTypeName="executor://xunit/VsTestRunner3/netcore/" className="SGuard.DataAnnotations.Tests.Attributes.SGuardMinLengthAttributeTests" name="ReturnsLocalizedErrorMessage_WhenCultureIsSetToTurkish" />
    </UnitTest>
    <UnitTest name="SGuard.DataAnnotations.Tests.Attributes.SGuardEmailAddressAttributeTests.ReturnsError_WhenValueIsEmpty" storage="/home/runner/work/sguard.dataannotations/sguard.dataannotations/sguard.dataannotations.tests/bin/release/net8.0/sguard.dataannotations.tests.dll" id="cce1e892-556c-9cd2-ed64-426f363a29c2">
      <Execution id="6b2ab55e-0d30-4ce6-b4c3-91b6ae396316" />
      <TestMethod codeBase="/home/runner/work/SGuard.DataAnnotations/SGuard.DataAnnotations/SGuard.DataAnnotations.Tests/bin/Release/net8.0/SGuard.DataAnnotations.Tests.dll" adapterTypeName="executor://xunit/VsTestRunner3/netcore/" className="SGuard.DataAnnotations.Tests.Attributes.SGuardEmailAddressAttributeTests" name="ReturnsError_WhenValueIsEmpty" />
    </UnitTest>
    <UnitTest name="SGuard.DataAnnotations.Tests.Attributes.SGuardLessThanAttributeTests.ReturnsError_WhenValueIsEqualToOther" storage="/home/runner/work/sguard.dataannotations/sguard.dataannotations/sguard.dataannotations.tests/bin/release/net8.0/sguard.dataannotations.tests.dll" id="c217cd52-6433-05a1-a077-a582de5aaa62">
      <Execution id="2f90c216-ee7d-43fb-b230-d1f7e2565f4b" />
      <TestMethod codeBase="/home/runner/work/SGuard.DataAnnotations/SGuard.DataAnnotations/SGuard.DataAnnotations.Tests/bin/Release/net8.0/SGuard.DataAnnotations.Tests.dll" adapterTypeName="executor://xunit/VsTestRunner3/netcore/" className="SGuard.DataAnnotations.Tests.Attributes.SGuardLessThanAttributeTests" name="ReturnsError_WhenValueIsEqualToOther" />
    </UnitTest>
    <UnitTest name="SGuard.DataAnnotations.Tests.Attributes.SGuardCreditCardAttributeTests.ReturnsError_WhenLuhnChecksumFails" storage="/home/runner/work/sguard.dataannotations/sguard.dataannotations/sguard.dataannotations.tests/bin/release/net8.0/sguard.dataannotations.tests.dll" id="eeba8c98-cf03-8526-2da6-dee16fbaef49">
      <Execution id="f1bc5e93-7cba-4749-96a3-6ee0bf8f146d" />
      <TestMethod codeBase="/home/runner/work/SGuard.DataAnnotations/SGuard.DataAnnotations/SGuard.DataAnnotations.Tests/bin/Release/net8.0/SGuard.DataAnnotations.Tests.dll" adapterTypeName="executor://xunit/VsTestRunner3/netcore/" className="SGuard.DataAnnotations.Tests.Attributes.SGuardCreditCardAttributeTests" name="ReturnsError_WhenLuhnChecksumFails" />
    </UnitTest>
    <UnitTest name="SGuard.DataAnnotations.Tests.Attributes.SGuardCreditCardAttributeTests.ReturnsError_WhenValueIsTooLong" storage="/home/runner/work/sguard.dataannotations/sguard.dataannotations/sguard.dataannotations.tests/bin/release/net8.0/sguard.dataannotations.tests.dll" id="b6ca7894-434a-5884-55a8-7095b45f842e">
      <Execution id="53437940-9b14-4633-88a2-e0ffd6c24703" />
      <TestMethod codeBase="/home/runner/work/SGuard.DataAnnotations/SGuard.DataAnnotations/SGuard.DataAnnotations.Tests/bin/Release/net8.0/SGuard.DataAnnotations.Tests.dll" adapterTypeName="executor://xunit/VsTestRunner3/netcore/" className="SGuard.DataAnnotations.Tests.Attributes.SGuardCreditCardAttributeTests" name="ReturnsError_WhenValueIsTooLong" />
    </UnitTest>
    <UnitTest name="SGuard.DataAnnotations.Tests.Attributes.SGuardCreditCardAttributeTests.ReturnsSuccess_WhenValueIsValidVisaElectron" storage="/home/runner/work/sguard.dataannotations/sguard.dataannotations/sguard.dataannotations.tests/bin/release/net8.0/sguard.dataannotations.tests.dll" id="e39385cb-7542-4440-d38b-996237c21332">
      <Execution id="3e02fd31-440d-49b5-be15-2feb1709360f" />
      <TestMethod codeBase="/home/runner/work/SGuard.DataAnnotations/SGuard.DataAnnotations/SGuard.DataAnnotations.Tests/bin/Release/net8.0/SGuard.DataAnnotations.Tests.dll" adapterTypeName="executor://xunit/VsTestRunner3/netcore/" className="SGuard.DataAnnotations.Tests.Attributes.SGuardCreditCardAttributeTests" name="ReturnsSuccess_WhenValueIsValidVisaElectron" />
    </UnitTest>
    <UnitTest name="SGuard.DataAnnotations.Tests.Attributes.SGuardEmailAddressAttributeTests.ReturnsSuccess_WhenValueIsCommonEmailProvider(email: &quot;user@outlook.com&quot;)" storage="/home/runner/work/sguard.dataannotations/sguard.dataannotations/sguard.dataannotations.tests/bin/release/net8.0/sguard.dataannotations.tests.dll" id="975bc213-2c75-b935-523b-90e6664204c5">
      <Execution id="1c55c39b-9d8d-4c10-9142-7d51b4b78507" />
      <TestMethod codeBase="/home/runner/work/SGuard.DataAnnotations/SGuard.DataAnnotations/SGuard.DataAnnotations.Tests/bin/Release/net8.0/SGuard.DataAnnotations.Tests.dll" adapterTypeName="executor://xunit/VsTestRunner3/netcore/" className="SGuard.DataAnnotations.Tests.Attributes.SGuardEmailAddressAttributeTests" name="ReturnsSuccess_WhenValueIsCommonEmailProvider" />
    </UnitTest>
    <UnitTest name="SGuard.DataAnnotations.Tests.Attributes.SGuardRangeAttributeTests.ReturnsError_WhenDoubleValueIsAboveRange" storage="/home/runner/work/sguard.dataannotations/sguard.dataannotations/sguard.dataannotations.tests/bin/release/net8.0/sguard.dataannotations.tests.dll" id="a063e64e-d50e-1771-6f88-589c60e56cda">
      <Execution id="75af458c-9bd1-496d-ab1a-4b0ed38288c8" />
      <TestMethod codeBase="/home/runner/work/SGuard.DataAnnotations/SGuard.DataAnnotations/SGuard.DataAnnotations.Tests/bin/Release/net8.0/SGuard.DataAnnotations.Tests.dll" adapterTypeName="executor://xunit/VsTestRunner3/netcore/" className="SGuard.DataAnnotations.Tests.Attributes.SGuardRangeAttributeTests" name="ReturnsError_WhenDoubleValueIsAboveRange" />
    </UnitTest>
    <UnitTest name="SGuard.DataAnnotations.Tests.Attributes.SGuardEmailAddressAttributeTests.ReturnsSuccess_WhenValueIsNull" storage="/home/runner/work/sguard.dataannotations/sguard.dataannotations/sguard.dataannotations.tests/bin/release/net8.0/sguard.dataannotations.tests.dll" id="c8060d6c-aa6d-6e47-880e-f4a8c7da66ac">
      <Execution id="e0c18e7a-06ad-47fc-b563-40a252b69039" />
      <TestMethod codeBase="/home/runner/work/SGuard.DataAnnotations/SGuard.DataAnnotations/SGuard.DataAnnotations.Tests/bin/Release/net8.0/SGuard.DataAnnotations.Tests.dll" adapterTypeName="executor://xunit/VsTestRunner3/netcore/" className="SGuard.DataAnnotations.Tests.Attributes.SGuardEmailAddressAttributeTests" name="ReturnsSuccess_WhenValueIsNull" />
    </UnitTest>
    <UnitTest name="SGuard.DataAnnotations.Tests.Attributes.SGuardBetweenAttributeTests.ReturnsLocalizedErrorMessage_WhenCultureIsSet(culture: &quot;fr&quot;)" storage="/home/runner/work/sguard.dataannotations/sguard.dataannotations/sguard.dataannotations.tests/bin/release/net8.0/sguard.dataannotations.tests.dll" id="ba1a9dfc-528d-6e50-f61f-11a1db790f96">
      <Execution id="248d17c1-7f26-4634-b5ac-76f420e364fa" />
      <TestMethod codeBase="/home/runner/work/SGuard.DataAnnotations/SGuard.DataAnnotations/SGuard.DataAnnotations.Tests/bin/Release/net8.0/SGuard.DataAnnotations.Tests.dll" adapterTypeName="executor://xunit/VsTestRunner3/netcore/" className="SGuard.DataAnnotations.Tests.Attributes.SGuardBetweenAttributeTests" name="ReturnsLocalizedErrorMessage_WhenCultureIsSet" />
    </UnitTest>
    <UnitTest name="SGuard.DataAnnotations.Tests.Attributes.SGuardBetweenAttributeTests.WorksWithDateTimeValues_Inclusive" storage="/home/runner/work/sguard.dataannotations/sguard.dataannotations/sguard.dataannotations.tests/bin/release/net8.0/sguard.dataannotations.tests.dll" id="1e1dce66-ffc3-e974-fca9-ab0825641ba8">
      <Execution id="db11b86f-dca2-42d3-a175-6265fcd46190" />
      <TestMethod codeBase="/home/runner/work/SGuard.DataAnnotations/SGuard.DataAnnotations/SGuard.DataAnnotations.Tests/bin/Release/net8.0/SGuard.DataAnnotations.Tests.dll" adapterTypeName="executor://xunit/VsTestRunner3/netcore/" className="SGuard.DataAnnotations.Tests.Attributes.SGuardBetweenAttributeTests" name="WorksWithDateTimeValues_Inclusive" />
    </UnitTest>
    <UnitTest name="SGuard.DataAnnotations.Tests.Attributes.SGuardRangeAttributeTests.ThrowsArgumentNullException_WhenResourceTypeIsNull" storage="/home/runner/work/sguard.dataannotations/sguard.dataannotations/sguard.dataannotations.tests/bin/release/net8.0/sguard.dataannotations.tests.dll" id="470fb097-9a54-a344-e7af-6f2c0d1e77b6">
      <Execution id="4aa00a2d-123b-4a3d-8ca5-7181d5006587" />
      <TestMethod codeBase="/home/runner/work/SGuard.DataAnnotations/SGuard.DataAnnotations/SGuard.DataAnnotations.Tests/bin/Release/net8.0/SGuard.DataAnnotations.Tests.dll" adapterTypeName="executor://xunit/VsTestRunner3/netcore/" className="SGuard.DataAnnotations.Tests.Attributes.SGuardRangeAttributeTests" name="ThrowsArgumentNullException_WhenResourceTypeIsNull" />
    </UnitTest>
    <UnitTest name="SGuard.DataAnnotations.Tests.Attributes.SGuardCreditCardAttributeTests.ReturnsSuccess_WhenValueIsValidTestCreditCard(cardNumber: &quot;378282246310005&quot;)" storage="/home/runner/work/sguard.dataannotations/sguard.dataannotations/sguard.dataannotations.tests/bin/release/net8.0/sguard.dataannotations.tests.dll" id="18611a79-282d-65c0-3de9-f03975e1e6ec">
      <Execution id="75dfa439-a461-4dcd-96e6-0c5278f807f4" />
      <TestMethod codeBase="/home/runner/work/SGuard.DataAnnotations/SGuard.DataAnnotations/SGuard.DataAnnotations.Tests/bin/Release/net8.0/SGuard.DataAnnotations.Tests.dll" adapterTypeName="executor://xunit/VsTestRunner3/netcore/" className="SGuard.DataAnnotations.Tests.Attributes.SGuardCreditCardAttributeTests" name="ReturnsSuccess_WhenValueIsValidTestCreditCard" />
    </UnitTest>
    <UnitTest name="SGuard.DataAnnotations.Tests.Attributes.SGuardCompareAttributeTests.ReturnsLocalizedErrorMessage_WhenCultureIsSet(culture: &quot;de&quot;)" storage="/home/runner/work/sguard.dataannotations/sguard.dataannotations/sguard.dataannotations.tests/bin/release/net8.0/sguard.dataannotations.tests.dll" id="56861c5d-39e6-3ef1-24f6-45f32a97656f">
      <Execution id="cfb64d77-0d7a-441a-85d8-d3a7cc8ae6fe" />
      <TestMethod codeBase="/home/runner/work/SGuard.DataAnnotations/SGuard.DataAnnotations/SGuard.DataAnnotations.Tests/bin/Release/net8.0/SGuard.DataAnnotations.Tests.dll" adapterTypeName="executor://xunit/VsTestRunner3/netcore/" className="SGuard.DataAnnotations.Tests.Attributes.SGuardCompareAttributeTests" name="ReturnsLocalizedErrorMessage_WhenCultureIsSet" />
    </UnitTest>
    <UnitTest name="SGuard.DataAnnotations.Tests.Attributes.SGuardCreditCardAttributeTests.ReturnsError_WhenValueIsInvalidTestCreditCard(cardNumber: &quot;6011111111111116&quot;)" storage="/home/runner/work/sguard.dataannotations/sguard.dataannotations/sguard.dataannotations.tests/bin/release/net8.0/sguard.dataannotations.tests.dll" id="734c5808-49eb-8ed1-25f3-61160bef48bd">
      <Execution id="e926abfb-b75d-4e40-bb50-c94797895c1a" />
      <TestMethod codeBase="/home/runner/work/SGuard.DataAnnotations/SGuard.DataAnnotations/SGuard.DataAnnotations.Tests/bin/Release/net8.0/SGuard.DataAnnotations.Tests.dll" adapterTypeName="executor://xunit/VsTestRunner3/netcore/" className="SGuard.DataAnnotations.Tests.Attributes.SGuardCreditCardAttributeTests" name="ReturnsError_WhenValueIsInvalidTestCreditCard" />
    </UnitTest>
    <UnitTest name="SGuard.DataAnnotations.Tests.Attributes.SGuardBetweenAttributeTests.HandlesLargeNumbers_Inclusive" storage="/home/runner/work/sguard.dataannotations/sguard.dataannotations/sguard.dataannotations.tests/bin/release/net8.0/sguard.dataannotations.tests.dll" id="e155cf08-d288-7aa5-799b-063b0b43ec53">
      <Execution id="134ad4e1-0e46-4e82-9c98-1c4778b90f1f" />
      <TestMethod codeBase="/home/runner/work/SGuard.DataAnnotations/SGuard.DataAnnotations/SGuard.DataAnnotations.Tests/bin/Release/net8.0/SGuard.DataAnnotations.Tests.dll" adapterTypeName="executor://xunit/VsTestRunner3/netcore/" className="SGuard.DataAnnotations.Tests.Attributes.SGuardBetweenAttributeTests" name="HandlesLargeNumbers_Inclusive" />
    </UnitTest>
    <UnitTest name="SGuard.DataAnnotations.Tests.Attributes.SGuardMaxLengthAttributeTests.ReturnsError_WhenStringIsLongerThanMaxLength" storage="/home/runner/work/sguard.dataannotations/sguard.dataannotations/sguard.dataannotations.tests/bin/release/net8.0/sguard.dataannotations.tests.dll" id="181598e2-c6b1-2784-b176-289e525b0b8a">
      <Execution id="7821bc49-e301-45cb-9b69-fddff3afd3bc" />
      <TestMethod codeBase="/home/runner/work/SGuard.DataAnnotations/SGuard.DataAnnotations/SGuard.DataAnnotations.Tests/bin/Release/net8.0/SGuard.DataAnnotations.Tests.dll" adapterTypeName="executor://xunit/VsTestRunner3/netcore/" className="SGuard.DataAnnotations.Tests.Attributes.SGuardMaxLengthAttributeTests" name="ReturnsError_WhenStringIsLongerThanMaxLength" />
    </UnitTest>
    <UnitTest name="SGuard.DataAnnotations.Tests.Attributes.SGuardPhoneAttributeTests.ThrowsArgumentNullException_WhenResourceNameIsNull" storage="/home/runner/work/sguard.dataannotations/sguard.dataannotations/sguard.dataannotations.tests/bin/release/net8.0/sguard.dataannotations.tests.dll" id="9bd00603-596a-036f-3eff-e8840deb4fcd">
      <Execution id="dd26678b-b5bf-4ab0-b704-0395c2a952ad" />
      <TestMethod codeBase="/home/runner/work/SGuard.DataAnnotations/SGuard.DataAnnotations/SGuard.DataAnnotations.Tests/bin/Release/net8.0/SGuard.DataAnnotations.Tests.dll" adapterTypeName="executor://xunit/VsTestRunner3/netcore/" className="SGuard.DataAnnotations.Tests.Attributes.SGuardPhoneAttributeTests" name="ThrowsArgumentNullException_WhenResourceNameIsNull" />
    </UnitTest>
    <UnitTest name="SGuard.DataAnnotations.Tests.Attributes.SGuardRequiredCollectionAttributeTests.ReturnsSuccess_WhenArrayIsNotEmpty" storage="/home/runner/work/sguard.dataannotations/sguard.dataannotations/sguard.dataannotations.tests/bin/release/net8.0/sguard.dataannotations.tests.dll" id="c288fc59-5974-71dd-f0f6-35705401b65d">
      <Execution id="0dacdb72-a3ee-4092-a62b-1157f92006c3" />
      <TestMethod codeBase="/home/runner/work/SGuard.DataAnnotations/SGuard.DataAnnotations/SGuard.DataAnnotations.Tests/bin/Release/net8.0/SGuard.DataAnnotations.Tests.dll" adapterTypeName="executor://xunit/VsTestRunner3/netcore/" className="SGuard.DataAnnotations.Tests.Attributes.SGuardRequiredCollectionAttributeTests" name="ReturnsSuccess_WhenArrayIsNotEmpty" />
    </UnitTest>
    <UnitTest name="SGuard.DataAnnotations.Tests.Attributes.SGuardEmailAddressAttributeTests.ReturnsError_WhenValueIsInvalidEmailFormat(email: &quot;plainaddress&quot;)" storage="/home/runner/work/sguard.dataannotations/sguard.dataannotations/sguard.dataannotations.tests/bin/release/net8.0/sguard.dataannotations.tests.dll" id="772b2092-330c-2343-8fce-944ea8746573">
      <Execution id="59fa036b-e838-4bff-ac76-58ac5d1e6bc7" />
      <TestMethod codeBase="/home/runner/work/SGuard.DataAnnotations/SGuard.DataAnnotations/SGuard.DataAnnotations.Tests/bin/Release/net8.0/SGuard.DataAnnotations.Tests.dll" adapterTypeName="executor://xunit/VsTestRunner3/netcore/" className="SGuard.DataAnnotations.Tests.Attributes.SGuardEmailAddressAttributeTests" name="ReturnsError_WhenValueIsInvalidEmailFormat" />
    </UnitTest>
    <UnitTest name="SGuard.DataAnnotations.Tests.Attributes.SGuardEmailAddressAttributeTests.SupportsMultipleAttributes_OnSameProperty" storage="/home/runner/work/sguard.dataannotations/sguard.dataannotations/sguard.dataannotations.tests/bin/release/net8.0/sguard.dataannotations.tests.dll" id="7a45e5b4-b37c-dd0d-42d4-b89ff4a76390">
      <Execution id="073e5071-320a-4c34-88a6-e334a96465f8" />
      <TestMethod codeBase="/home/runner/work/SGuard.DataAnnotations/SGuard.DataAnnotations/SGuard.DataAnnotations.Tests/bin/Release/net8.0/SGuard.DataAnnotations.Tests.dll" adapterTypeName="executor://xunit/VsTestRunner3/netcore/" className="SGuard.DataAnnotations.Tests.Attributes.SGuardEmailAddressAttributeTests" name="SupportsMultipleAttributes_OnSameProperty" />
    </UnitTest>
    <UnitTest name="SGuard.DataAnnotations.Tests.Attributes.SGuardCreditCardAttributeTests.ReturnsSuccess_WhenValueHasDashes" storage="/home/runner/work/sguard.dataannotations/sguard.dataannotations/sguard.dataannotations.tests/bin/release/net8.0/sguard.dataannotations.tests.dll" id="0bc4453e-2c79-f8e9-bf2d-cc45da7340c2">
      <Execution id="1c8a2421-85a4-4a29-8af9-59cb04c9abda" />
      <TestMethod codeBase="/home/runner/work/SGuard.DataAnnotations/SGuard.DataAnnotations/SGuard.DataAnnotations.Tests/bin/Release/net8.0/SGuard.DataAnnotations.Tests.dll" adapterTypeName="executor://xunit/VsTestRunner3/netcore/" className="SGuard.DataAnnotations.Tests.Attributes.SGuardCreditCardAttributeTests" name="ReturnsSuccess_WhenValueHasDashes" />
    </UnitTest>
    <UnitTest name="SGuard.DataAnnotations.Tests.DataAnnotation.IsTests.DataAnnotationsValid_InvalidObject_ReturnsFalse" storage="/home/runner/work/sguard.dataannotations/sguard.dataannotations/sguard.dataannotations.tests/bin/release/net8.0/sguard.dataannotations.tests.dll" id="cad8a71e-9ec3-0cfe-ecda-314fd7839d3f">
      <Execution id="13122ffa-4ff1-4cb4-833d-580176c8a952" />
      <TestMethod codeBase="/home/runner/work/SGuard.DataAnnotations/SGuard.DataAnnotations/SGuard.DataAnnotations.Tests/bin/Release/net8.0/SGuard.DataAnnotations.Tests.dll" adapterTypeName="executor://xunit/VsTestRunner3/netcore/" className="SGuard.DataAnnotations.Tests.DataAnnotation.IsTests" name="DataAnnotationsValid_InvalidObject_ReturnsFalse" />
    </UnitTest>
    <UnitTest name="SGuard.DataAnnotations.Tests.Attributes.SGuardCreditCardAttributeTests.ReturnsSuccess_WhenValueIsValidTestCreditCard(cardNumber: &quot;4000000000000002&quot;)" storage="/home/runner/work/sguard.dataannotations/sguard.dataannotations/sguard.dataannotations.tests/bin/release/net8.0/sguard.dataannotations.tests.dll" id="fc0a9000-97df-f708-4c59-7870abf02ad0">
      <Execution id="990bd61d-cea0-49c5-bfa5-cf9e5cae36b4" />
      <TestMethod codeBase="/home/runner/work/SGuard.DataAnnotations/SGuard.DataAnnotations/SGuard.DataAnnotations.Tests/bin/Release/net8.0/SGuard.DataAnnotations.Tests.dll" adapterTypeName="executor://xunit/VsTestRunner3/netcore/" className="SGuard.DataAnnotations.Tests.Attributes.SGuardCreditCardAttributeTests" name="ReturnsSuccess_WhenValueIsValidTestCreditCard" />
    </UnitTest>
    <UnitTest name="SGuard.DataAnnotations.Tests.Attributes.SGuardCompareAttributeTests.Constructor_ThrowsArgumentNullException_WhenResourceNameIsNull" storage="/home/runner/work/sguard.dataannotations/sguard.dataannotations/sguard.dataannotations.tests/bin/release/net8.0/sguard.dataannotations.tests.dll" id="7a5db8a3-e11e-bc10-b975-f9ae0bd96417">
      <Execution id="91a53d95-bbbc-4c84-83fc-248566740c3b" />
      <TestMethod codeBase="/home/runner/work/SGuard.DataAnnotations/SGuard.DataAnnotations/SGuard.DataAnnotations.Tests/bin/Release/net8.0/SGuard.DataAnnotations.Tests.dll" adapterTypeName="executor://xunit/VsTestRunner3/netcore/" className="SGuard.DataAnnotations.Tests.Attributes.SGuardCompareAttributeTests" name="Constructor_ThrowsArgumentNullException_WhenResourceNameIsNull" />
    </UnitTest>
    <UnitTest name="SGuard.DataAnnotations.Tests.Attributes.SGuardPhoneAttributeTests.ThrowsArgumentNullException_WhenResourceTypeIsNull" storage="/home/runner/work/sguard.dataannotations/sguard.dataannotations/sguard.dataannotations.tests/bin/release/net8.0/sguard.dataannotations.tests.dll" id="5a21f228-0b6a-afc8-022e-c647ad676449">
      <Execution id="3e4b5699-e872-4c1f-8915-7cbe3eb1f057" />
      <TestMethod codeBase="/home/runner/work/SGuard.DataAnnotations/SGuard.DataAnnotations/SGuard.DataAnnotations.Tests/bin/Release/net8.0/SGuard.DataAnnotations.Tests.dll" adapterTypeName="executor://xunit/VsTestRunner3/netcore/" className="SGuard.DataAnnotations.Tests.Attributes.SGuardPhoneAttributeTests" name="ThrowsArgumentNullException_WhenResourceTypeIsNull" />
    </UnitTest>
    <UnitTest name="SGuard.DataAnnotations.Tests.Attributes.SGuardCompareAttributeTests.ReturnsLocalizedErrorMessage_WhenCultureIsSet(culture: &quot;ru&quot;)" storage="/home/runner/work/sguard.dataannotations/sguard.dataannotations/sguard.dataannotations.tests/bin/release/net8.0/sguard.dataannotations.tests.dll" id="83224292-1ad2-5a31-0125-83f3c1a60c2f">
      <Execution id="4d85a4d1-d02a-4f3b-832c-f18bd49bd3c6" />
      <TestMethod codeBase="/home/runner/work/SGuard.DataAnnotations/SGuard.DataAnnotations/SGuard.DataAnnotations.Tests/bin/Release/net8.0/SGuard.DataAnnotations.Tests.dll" adapterTypeName="executor://xunit/VsTestRunner3/netcore/" className="SGuard.DataAnnotations.Tests.Attributes.SGuardCompareAttributeTests" name="ReturnsLocalizedErrorMessage_WhenCultureIsSet" />
    </UnitTest>
    <UnitTest name="SGuard.DataAnnotations.Tests.Attributes.SGuardGreaterThanAttributeTests.ReturnsError_WhenOtherPropertyDoesNotExist" storage="/home/runner/work/sguard.dataannotations/sguard.dataannotations/sguard.dataannotations.tests/bin/release/net8.0/sguard.dataannotations.tests.dll" id="a3825ee6-ad0d-4819-be97-b9185bfa2c06">
      <Execution id="a47046cc-6015-4d87-8bcb-79fc526d1f04" />
      <TestMethod codeBase="/home/runner/work/SGuard.DataAnnotations/SGuard.DataAnnotations/SGuard.DataAnnotations.Tests/bin/Release/net8.0/SGuard.DataAnnotations.Tests.dll" adapterTypeName="executor://xunit/VsTestRunner3/netcore/" className="SGuard.DataAnnotations.Tests.Attributes.SGuardGreaterThanAttributeTests" name="ReturnsError_WhenOtherPropertyDoesNotExist" />
    </UnitTest>
    <UnitTest name="SGuard.DataAnnotations.Tests.DataAnnotation.ThrowIfTests.DataAnnotationsInValid_CallbackReceivesFailureOnThrow" storage="/home/runner/work/sguard.dataannotations/sguard.dataannotations/sguard.dataannotations.tests/bin/release/net8.0/sguard.dataannotations.tests.dll" id="0a2061b9-9d3d-341f-4524-2ebf8f36de0f">
      <Execution id="23d1bf39-1661-4966-bdd4-4dca010784b0" />
      <TestMethod codeBase="/home/runner/work/SGuard.DataAnnotations/SGuard.DataAnnotations/SGuard.DataAnnotations.Tests/bin/Release/net8.0/SGuard.DataAnnotations.Tests.dll" adapterTypeName="executor://xunit/VsTestRunner3/netcore/" className="SGuard.DataAnnotations.Tests.DataAnnotation.ThrowIfTests" name="DataAnnotationsInValid_CallbackReceivesFailureOnThrow" />
    </UnitTest>
    <UnitTest name="SGuard.DataAnnotations.Tests.Attributes.SGuardCreditCardAttributeTests.ReturnsSuccess_WhenValueIsEmpty" storage="/home/runner/work/sguard.dataannotations/sguard.dataannotations/sguard.dataannotations.tests/bin/release/net8.0/sguard.dataannotations.tests.dll" id="07fcde81-a5d2-9bc2-a2d7-57e55070e45d">
      <Execution id="1dba7007-d917-4849-bbba-65e648c0d7b3" />
      <TestMethod codeBase="/home/runner/work/SGuard.DataAnnotations/SGuard.DataAnnotations/SGuard.DataAnnotations.Tests/bin/Release/net8.0/SGuard.DataAnnotations.Tests.dll" adapterTypeName="executor://xunit/VsTestRunner3/netcore/" className="SGuard.DataAnnotations.Tests.Attributes.SGuardCreditCardAttributeTests" name="ReturnsSuccess_WhenValueIsEmpty" />
    </UnitTest>
    <UnitTest name="SGuard.DataAnnotations.Tests.Attributes.SGuardMinCountAttributeTests.ReturnsError_WhenListCountIsLessThanMin" storage="/home/runner/work/sguard.dataannotations/sguard.dataannotations/sguard.dataannotations.tests/bin/release/net8.0/sguard.dataannotations.tests.dll" id="1c75a966-0b82-9661-4f03-80de50e87f33">
      <Execution id="7aa5127e-7606-4b8d-8fa5-b881f5bdb971" />
      <TestMethod codeBase="/home/runner/work/SGuard.DataAnnotations/SGuard.DataAnnotations/SGuard.DataAnnotations.Tests/bin/Release/net8.0/SGuard.DataAnnotations.Tests.dll" adapterTypeName="executor://xunit/VsTestRunner3/netcore/" className="SGuard.DataAnnotations.Tests.Attributes.SGuardMinCountAttributeTests" name="ReturnsError_WhenListCountIsLessThanMin" />
    </UnitTest>
    <UnitTest name="SGuard.DataAnnotations.Tests.Attributes.SGuardRequiredIfAttributeTests.ReturnsSuccess_WhenConditionNotMet" storage="/home/runner/work/sguard.dataannotations/sguard.dataannotations/sguard.dataannotations.tests/bin/release/net8.0/sguard.dataannotations.tests.dll" id="0fe6f63a-5577-4d32-ed2e-e8f9f731ea28">
      <Execution id="a0f50d01-7a06-4dff-8357-eb88c91c3ef2" />
      <TestMethod codeBase="/home/runner/work/SGuard.DataAnnotations/SGuard.DataAnnotations/SGuard.DataAnnotations.Tests/bin/Release/net8.0/SGuard.DataAnnotations.Tests.dll" adapterTypeName="executor://xunit/VsTestRunner3/netcore/" className="SGuard.DataAnnotations.Tests.Attributes.SGuardRequiredIfAttributeTests" name="ReturnsSuccess_WhenConditionNotMet" />
    </UnitTest>
    <UnitTest name="SGuard.DataAnnotations.Tests.Attributes.SGuardLessThanAttributeTests.ReturnsLocalizedErrorMessage_WhenCultureIsSetToTurkish" storage="/home/runner/work/sguard.dataannotations/sguard.dataannotations/sguard.dataannotations.tests/bin/release/net8.0/sguard.dataannotations.tests.dll" id="db6b1d5f-acf0-e056-417a-53af7ddfd69f">
      <Execution id="e665c746-b4ff-4124-a393-b3596a501fca" />
      <TestMethod codeBase="/home/runner/work/SGuard.DataAnnotations/SGuard.DataAnnotations/SGuard.DataAnnotations.Tests/bin/Release/net8.0/SGuard.DataAnnotations.Tests.dll" adapterTypeName="executor://xunit/VsTestRunner3/netcore/" className="SGuard.DataAnnotations.Tests.Attributes.SGuardLessThanAttributeTests" name="ReturnsLocalizedErrorMessage_WhenCultureIsSetToTurkish" />
    </UnitTest>
    <UnitTest name="SGuard.DataAnnotations.Tests.Attributes.SGuardLessThanAttributeTests.ReturnsSuccess_WhenValueIsLessThanOther" storage="/home/runner/work/sguard.dataannotations/sguard.dataannotations/sguard.dataannotations.tests/bin/release/net8.0/sguard.dataannotations.tests.dll" id="9aac4807-4daa-bbfa-7299-7e6fd8331b3a">
      <Execution id="d0731c24-3786-4cfc-9207-9388e118beb0" />
      <TestMethod codeBase="/home/runner/work/SGuard.DataAnnotations/SGuard.DataAnnotations/SGuard.DataAnnotations.Tests/bin/Release/net8.0/SGuard.DataAnnotations.Tests.dll" adapterTypeName="executor://xunit/VsTestRunner3/netcore/" className="SGuard.DataAnnotations.Tests.Attributes.SGuardLessThanAttributeTests" name="ReturnsSuccess_WhenValueIsLessThanOther" />
    </UnitTest>
    <UnitTest name="SGuard.DataAnnotations.Tests.Attributes.SGuardBetweenAttributeTests.ReturnsLocalizedErrorMessage_WhenCultureIsSet(culture: &quot;ru&quot;)" storage="/home/runner/work/sguard.dataannotations/sguard.dataannotations/sguard.dataannotations.tests/bin/release/net8.0/sguard.dataannotations.tests.dll" id="41a84c1e-5a9a-50f8-afd2-e1d1876eb648">
      <Execution id="149b0467-ff08-4681-aa3b-07676818734f" />
      <TestMethod codeBase="/home/runner/work/SGuard.DataAnnotations/SGuard.DataAnnotations/SGuard.DataAnnotations.Tests/bin/Release/net8.0/SGuard.DataAnnotations.Tests.dll" adapterTypeName="executor://xunit/VsTestRunner3/netcore/" className="SGuard.DataAnnotations.Tests.Attributes.SGuardBetweenAttributeTests" name="ReturnsLocalizedErrorMessage_WhenCultureIsSet" />
    </UnitTest>
    <UnitTest name="SGuard.DataAnnotations.Tests.Exceptions.DataAnnotationsExceptionTests.ValidationError_CreatesRecordWithCorrectValues" storage="/home/runner/work/sguard.dataannotations/sguard.dataannotations/sguard.dataannotations.tests/bin/release/net8.0/sguard.dataannotations.tests.dll" id="4e6858ca-dc4e-05a9-4d20-cc5f2d1edff2">
      <Execution id="cdc6e37f-eedc-429b-b1e4-39f9b2388f8a" />
      <TestMethod codeBase="/home/runner/work/SGuard.DataAnnotations/SGuard.DataAnnotations/SGuard.DataAnnotations.Tests/bin/Release/net8.0/SGuard.DataAnnotations.Tests.dll" adapterTypeName="executor://xunit/VsTestRunner3/netcore/" className="SGuard.DataAnnotations.Tests.Exceptions.DataAnnotationsExceptionTests" name="ValidationError_CreatesRecordWithCorrectValues" />
    </UnitTest>
    <UnitTest name="SGuard.DataAnnotations.Tests.Attributes.SGuardBetweenAttributeTests.ReturnsLocalizedErrorMessage_WhenCultureIsSet(culture: &quot;de&quot;)" storage="/home/runner/work/sguard.dataannotations/sguard.dataannotations/sguard.dataannotations.tests/bin/release/net8.0/sguard.dataannotations.tests.dll" id="85d99a8d-e19e-612f-f0c5-453b8800a3c4">
      <Execution id="835892ed-29f2-47bc-a4be-653e6501d802" />
      <TestMethod codeBase="/home/runner/work/SGuard.DataAnnotations/SGuard.DataAnnotations/SGuard.DataAnnotations.Tests/bin/Release/net8.0/SGuard.DataAnnotations.Tests.dll" adapterTypeName="executor://xunit/VsTestRunner3/netcore/" className="SGuard.DataAnnotations.Tests.Attributes.SGuardBetweenAttributeTests" name="ReturnsLocalizedErrorMessage_WhenCultureIsSet" />
    </UnitTest>
    <UnitTest name="SGuard.DataAnnotations.Tests.Attributes.SGuardCreditCardAttributeTests.ReturnsSuccess_WhenValueIsValidTestCreditCard(cardNumber: &quot;6011111111111117&quot;)" storage="/home/runner/work/sguard.dataannotations/sguard.dataannotations/sguard.dataannotations.tests/bin/release/net8.0/sguard.dataannotations.tests.dll" id="a53e0d07-c18c-8070-bdec-f7532c15812f">
      <Execution id="134daeeb-c41e-4a6f-9c5e-8087b96cdf56" />
      <TestMethod codeBase="/home/runner/work/SGuard.DataAnnotations/SGuard.DataAnnotations/SGuard.DataAnnotations.Tests/bin/Release/net8.0/SGuard.DataAnnotations.Tests.dll" adapterTypeName="executor://xunit/VsTestRunner3/netcore/" className="SGuard.DataAnnotations.Tests.Attributes.SGuardCreditCardAttributeTests" name="ReturnsSuccess_WhenValueIsValidTestCreditCard" />
    </UnitTest>
    <UnitTest name="SGuard.DataAnnotations.Tests.Attributes.SGuardEmailAddressAttributeTests.ReturnsSuccess_WhenValueIsValidEmailFormat(email: &quot;first.last@sub.domain.com&quot;)" storage="/home/runner/work/sguard.dataannotations/sguard.dataannotations/sguard.dataannotations.tests/bin/release/net8.0/sguard.dataannotations.tests.dll" id="5df4ccfd-b38d-3660-7817-2444fb2dfa70">
      <Execution id="5018f1af-8848-4508-ba7d-06cc94c6f76e" />
      <TestMethod codeBase="/home/runner/work/SGuard.DataAnnotations/SGuard.DataAnnotations/SGuard.DataAnnotations.Tests/bin/Release/net8.0/SGuard.DataAnnotations.Tests.dll" adapterTypeName="executor://xunit/VsTestRunner3/netcore/" className="SGuard.DataAnnotations.Tests.Attributes.SGuardEmailAddressAttributeTests" name="ReturnsSuccess_WhenValueIsValidEmailFormat" />
    </UnitTest>
    <UnitTest name="SGuard.DataAnnotations.Tests.Attributes.SGuardBetweenAttributeTests.ReturnsError_WhenValueIsNull" storage="/home/runner/work/sguard.dataannotations/sguard.dataannotations/sguard.dataannotations.tests/bin/release/net8.0/sguard.dataannotations.tests.dll" id="1f2dc6ca-9df8-7064-1fb5-32db23338a29">
      <Execution id="133cb032-5022-407b-8348-024fd9ef10eb" />
      <TestMethod codeBase="/home/runner/work/SGuard.DataAnnotations/SGuard.DataAnnotations/SGuard.DataAnnotations.Tests/bin/Release/net8.0/SGuard.DataAnnotations.Tests.dll" adapterTypeName="executor://xunit/VsTestRunner3/netcore/" className="SGuard.DataAnnotations.Tests.Attributes.SGuardBetweenAttributeTests" name="ReturnsError_WhenValueIsNull" />
    </UnitTest>
    <UnitTest name="SGuard.DataAnnotations.Tests.Attributes.SGuardEmailAddressAttributeTests.Constructor_SetsPropertiesCorrectly" storage="/home/runner/work/sguard.dataannotations/sguard.dataannotations/sguard.dataannotations.tests/bin/release/net8.0/sguard.dataannotations.tests.dll" id="c0a539f8-814b-e830-149d-5e924d770f89">
      <Execution id="1cd72ef9-d44d-40b9-8d7c-c1a152a42b48" />
      <TestMethod codeBase="/home/runner/work/SGuard.DataAnnotations/SGuard.DataAnnotations/SGuard.DataAnnotations.Tests/bin/Release/net8.0/SGuard.DataAnnotations.Tests.dll" adapterTypeName="executor://xunit/VsTestRunner3/netcore/" className="SGuard.DataAnnotations.Tests.Attributes.SGuardEmailAddressAttributeTests" name="Constructor_SetsPropertiesCorrectly" />
    </UnitTest>
    <UnitTest name="SGuard.DataAnnotations.Tests.Attributes.SGuardMaxCountAttributeTests.ReturnsSuccess_WhenEnumerableCountIsLessThanOrEqualToMax" storage="/home/runner/work/sguard.dataannotations/sguard.dataannotations/sguard.dataannotations.tests/bin/release/net8.0/sguard.dataannotations.tests.dll" id="0102dee6-8235-3327-5cfb-2d8748949388">
      <Execution id="1fc4ac8b-fd51-4e70-a11c-8eb115544c1a" />
      <TestMethod codeBase="/home/runner/work/SGuard.DataAnnotations/SGuard.DataAnnotations/SGuard.DataAnnotations.Tests/bin/Release/net8.0/SGuard.DataAnnotations.Tests.dll" adapterTypeName="executor://xunit/VsTestRunner3/netcore/" className="SGuard.DataAnnotations.Tests.Attributes.SGuardMaxCountAttributeTests" name="ReturnsSuccess_WhenEnumerableCountIsLessThanOrEqualToMax" />
    </UnitTest>
    <UnitTest name="SGuard.DataAnnotations.Tests.DataAnnotation.IsTests.DataAnnotationsValid_ValidObject_ReturnsTrue" storage="/home/runner/work/sguard.dataannotations/sguard.dataannotations/sguard.dataannotations.tests/bin/release/net8.0/sguard.dataannotations.tests.dll" id="0367e79a-4921-fb2e-f4bc-6e70d3dbd5a0">
      <Execution id="c8c369b9-67af-4701-b225-5747dcc83e8f" />
      <TestMethod codeBase="/home/runner/work/SGuard.DataAnnotations/SGuard.DataAnnotations/SGuard.DataAnnotations.Tests/bin/Release/net8.0/SGuard.DataAnnotations.Tests.dll" adapterTypeName="executor://xunit/VsTestRunner3/netcore/" className="SGuard.DataAnnotations.Tests.DataAnnotation.IsTests" name="DataAnnotationsValid_ValidObject_ReturnsTrue" />
    </UnitTest>
    <UnitTest name="SGuard.DataAnnotations.Tests.Attributes.SGuardEmailAddressAttributeTests.UserRegistration_InvalidEmail_Failure" storage="/home/runner/work/sguard.dataannotations/sguard.dataannotations/sguard.dataannotations.tests/bin/release/net8.0/sguard.dataannotations.tests.dll" id="6c394c87-d02e-52ab-96bf-3b401d578b07">
      <Execution id="8b316da5-af2d-4cfb-a12f-2f34cf1a21db" />
      <TestMethod codeBase="/home/runner/work/SGuard.DataAnnotations/SGuard.DataAnnotations/SGuard.DataAnnotations.Tests/bin/Release/net8.0/SGuard.DataAnnotations.Tests.dll" adapterTypeName="executor://xunit/VsTestRunner3/netcore/" className="SGuard.DataAnnotations.Tests.Attributes.SGuardEmailAddressAttributeTests" name="UserRegistration_InvalidEmail_Failure" />
    </UnitTest>
    <UnitTest name="SGuard.DataAnnotations.Tests.Attributes.SGuardMinLengthAttributeTests.ThrowsArgumentNullException_WhenResourceTypeIsNull" storage="/home/runner/work/sguard.dataannotations/sguard.dataannotations/sguard.dataannotations.tests/bin/release/net8.0/sguard.dataannotations.tests.dll" id="85624a0f-d223-bb77-7954-ebd125cbf213">
      <Execution id="162032ac-001a-4a27-b5fc-1897286258f8" />
      <TestMethod codeBase="/home/runner/work/SGuard.DataAnnotations/SGuard.DataAnnotations/SGuard.DataAnnotations.Tests/bin/Release/net8.0/SGuard.DataAnnotations.Tests.dll" adapterTypeName="executor://xunit/VsTestRunner3/netcore/" className="SGuard.DataAnnotations.Tests.Attributes.SGuardMinLengthAttributeTests" name="ThrowsArgumentNullException_WhenResourceTypeIsNull" />
    </UnitTest>
    <UnitTest name="SGuard.DataAnnotations.Tests.Attributes.SGuardCompareAttributeTests.ReturnsSuccess_WhenPropertiesAreEqual" storage="/home/runner/work/sguard.dataannotations/sguard.dataannotations/sguard.dataannotations.tests/bin/release/net8.0/sguard.dataannotations.tests.dll" id="d8f8e165-90df-5b49-a300-edfa6daf0e32">
      <Execution id="7f51d71f-8e45-48e9-81b0-e3b6b2c3218d" />
      <TestMethod codeBase="/home/runner/work/SGuard.DataAnnotations/SGuard.DataAnnotations/SGuard.DataAnnotations.Tests/bin/Release/net8.0/SGuard.DataAnnotations.Tests.dll" adapterTypeName="executor://xunit/VsTestRunner3/netcore/" className="SGuard.DataAnnotations.Tests.Attributes.SGuardCompareAttributeTests" name="ReturnsSuccess_WhenPropertiesAreEqual" />
    </UnitTest>
    <UnitTest name="SGuard.DataAnnotations.Tests.Attributes.SGuardBetweenAttributeTests.ReturnsError_WhenValueIsBelowMin_Exclusive" storage="/home/runner/work/sguard.dataannotations/sguard.dataannotations/sguard.dataannotations.tests/bin/release/net8.0/sguard.dataannotations.tests.dll" id="8ce819e9-2ccf-3f8e-012f-049309266381">
      <Execution id="75fd57ee-50de-42b6-8bb2-fdd309cd4f09" />
      <TestMethod codeBase="/home/runner/work/SGuard.DataAnnotations/SGuard.DataAnnotations/SGuard.DataAnnotations.Tests/bin/Release/net8.0/SGuard.DataAnnotations.Tests.dll" adapterTypeName="executor://xunit/VsTestRunner3/netcore/" className="SGuard.DataAnnotations.Tests.Attributes.SGuardBetweenAttributeTests" name="ReturnsError_WhenValueIsBelowMin_Exclusive" />
    </UnitTest>
    <UnitTest name="SGuard.DataAnnotations.Tests.Attributes.SGuardEmailAddressAttributeTests.ReturnsSuccess_WhenEmailHasTrailingSpaces" storage="/home/runner/work/sguard.dataannotations/sguard.dataannotations/sguard.dataannotations.tests/bin/release/net8.0/sguard.dataannotations.tests.dll" id="c15a0347-46b9-df19-da83-878a082eb368">
      <Execution id="fa2d7956-7c21-4852-99f1-3ef7251c4455" />
      <TestMethod codeBase="/home/runner/work/SGuard.DataAnnotations/SGuard.DataAnnotations/SGuard.DataAnnotations.Tests/bin/Release/net8.0/SGuard.DataAnnotations.Tests.dll" adapterTypeName="executor://xunit/VsTestRunner3/netcore/" className="SGuard.DataAnnotations.Tests.Attributes.SGuardEmailAddressAttributeTests" name="ReturnsSuccess_WhenEmailHasTrailingSpaces" />
    </UnitTest>
    <UnitTest name="SGuard.DataAnnotations.Tests.Attributes.SGuardMaxCountAttributeTests.ReturnsError_WhenListCountExceedsMax" storage="/home/runner/work/sguard.dataannotations/sguard.dataannotations/sguard.dataannotations.tests/bin/release/net8.0/sguard.dataannotations.tests.dll" id="9a3ba042-81f0-07de-a3a1-069d148d7251">
      <Execution id="fe78dcd0-6f95-4a33-82ac-6f4320c66122" />
      <TestMethod codeBase="/home/runner/work/SGuard.DataAnnotations/SGuard.DataAnnotations/SGuard.DataAnnotations.Tests/bin/Release/net8.0/SGuard.DataAnnotations.Tests.dll" adapterTypeName="executor://xunit/VsTestRunner3/netcore/" className="SGuard.DataAnnotations.Tests.Attributes.SGuardMaxCountAttributeTests" name="ReturnsError_WhenListCountExceedsMax" />
    </UnitTest>
    <UnitTest name="SGuard.DataAnnotations.Tests.Attributes.SGuardRangeAttributeTests.ReturnsError_WhenIntValueIsBelowRange" storage="/home/runner/work/sguard.dataannotations/sguard.dataannotations/sguard.dataannotations.tests/bin/release/net8.0/sguard.dataannotations.tests.dll" id="ff516869-b695-969e-43b6-a1a4d0514602">
      <Execution id="ec63d72a-4023-4f94-8ae5-5f01b9cc970c" />
      <TestMethod codeBase="/home/runner/work/SGuard.DataAnnotations/SGuard.DataAnnotations/SGuard.DataAnnotations.Tests/bin/Release/net8.0/SGuard.DataAnnotations.Tests.dll" adapterTypeName="executor://xunit/VsTestRunner3/netcore/" className="SGuard.DataAnnotations.Tests.Attributes.SGuardRangeAttributeTests" name="ReturnsError_WhenIntValueIsBelowRange" />
    </UnitTest>
    <UnitTest name="SGuard.DataAnnotations.Tests.Attributes.SGuardCreditCardAttributeTests.ReturnsError_WhenValueIsInvalidTestCreditCard(cardNumber: &quot;9999999999999999&quot;)" storage="/home/runner/work/sguard.dataannotations/sguard.dataannotations/sguard.dataannotations.tests/bin/release/net8.0/sguard.dataannotations.tests.dll" id="e7be3592-afc7-ffe3-a95b-c00da1b739a3">
      <Execution id="1bd314ba-dc69-4739-aab0-76bc20feaa86" />
      <TestMethod codeBase="/home/runner/work/SGuard.DataAnnotations/SGuard.DataAnnotations/SGuard.DataAnnotations.Tests/bin/Release/net8.0/SGuard.DataAnnotations.Tests.dll" adapterTypeName="executor://xunit/VsTestRunner3/netcore/" className="SGuard.DataAnnotations.Tests.Attributes.SGuardCreditCardAttributeTests" name="ReturnsError_WhenValueIsInvalidTestCreditCard" />
    </UnitTest>
    <UnitTest name="SGuard.DataAnnotations.Tests.Attributes.SGuardLessThanAttributeTests.ReturnsSuccess_WhenDecimalValueIsLessThanOther" storage="/home/runner/work/sguard.dataannotations/sguard.dataannotations/sguard.dataannotations.tests/bin/release/net8.0/sguard.dataannotations.tests.dll" id="578d7777-a8cc-12a7-7a7d-d4d4b899625a">
      <Execution id="0f2470d8-01c7-46c1-bdd7-7a31ae9f47c5" />
      <TestMethod codeBase="/home/runner/work/SGuard.DataAnnotations/SGuard.DataAnnotations/SGuard.DataAnnotations.Tests/bin/Release/net8.0/SGuard.DataAnnotations.Tests.dll" adapterTypeName="executor://xunit/VsTestRunner3/netcore/" className="SGuard.DataAnnotations.Tests.Attributes.SGuardLessThanAttributeTests" name="ReturnsSuccess_WhenDecimalValueIsLessThanOther" />
    </UnitTest>
    <UnitTest name="SGuard.DataAnnotations.Tests.Attributes.SGuardCreditCardAttributeTests.ReturnsSuccess_WhenValueIsValidTestCreditCard(cardNumber: &quot;5555555555554444&quot;)" storage="/home/runner/work/sguard.dataannotations/sguard.dataannotations/sguard.dataannotations.tests/bin/release/net8.0/sguard.dataannotations.tests.dll" id="742ef234-b8c9-6062-4fcb-53fe85c46061">
      <Execution id="86308f87-0f87-4a1d-94c3-12ca68ca6667" />
      <TestMethod codeBase="/home/runner/work/SGuard.DataAnnotations/SGuard.DataAnnotations/SGuard.DataAnnotations.Tests/bin/Release/net8.0/SGuard.DataAnnotations.Tests.dll" adapterTypeName="executor://xunit/VsTestRunner3/netcore/" className="SGuard.DataAnnotations.Tests.Attributes.SGuardCreditCardAttributeTests" name="ReturnsSuccess_WhenValueIsValidTestCreditCard" />
    </UnitTest>
    <UnitTest name="SGuard.DataAnnotations.Tests.Attributes.SGuardCompareAttributeTests.ReturnsError_WhenOtherPropertyIsNull" storage="/home/runner/work/sguard.dataannotations/sguard.dataannotations/sguard.dataannotations.tests/bin/release/net8.0/sguard.dataannotations.tests.dll" id="7bc348cd-ba18-eb29-c5c6-cbdbd749bb83">
      <Execution id="0a247a70-2827-4c0c-92b6-2d56bcb2105d" />
      <TestMethod codeBase="/home/runner/work/SGuard.DataAnnotations/SGuard.DataAnnotations/SGuard.DataAnnotations.Tests/bin/Release/net8.0/SGuard.DataAnnotations.Tests.dll" adapterTypeName="executor://xunit/VsTestRunner3/netcore/" className="SGuard.DataAnnotations.Tests.Attributes.SGuardCompareAttributeTests" name="ReturnsError_WhenOtherPropertyIsNull" />
    </UnitTest>
    <UnitTest name="SGuard.DataAnnotations.Tests.Attributes.SGuardMinLengthAttributeTests.ThrowsArgumentNullException_WhenResourceNameIsNull" storage="/home/runner/work/sguard.dataannotations/sguard.dataannotations/sguard.dataannotations.tests/bin/release/net8.0/sguard.dataannotations.tests.dll" id="38e9c795-2c39-ddc9-8e2f-42c2f16c253a">
      <Execution id="bd8d3162-612d-48d1-9d12-460a9eb57730" />
      <TestMethod codeBase="/home/runner/work/SGuard.DataAnnotations/SGuard.DataAnnotations/SGuard.DataAnnotations.Tests/bin/Release/net8.0/SGuard.DataAnnotations.Tests.dll" adapterTypeName="executor://xunit/VsTestRunner3/netcore/" className="SGuard.DataAnnotations.Tests.Attributes.SGuardMinLengthAttributeTests" name="ThrowsArgumentNullException_WhenResourceNameIsNull" />
    </UnitTest>
    <UnitTest name="SGuard.DataAnnotations.Tests.Attributes.SGuardGreaterThanAttributeTests.ReturnsSuccess_WhenDecimalValueIsGreaterThanOther" storage="/home/runner/work/sguard.dataannotations/sguard.dataannotations/sguard.dataannotations.tests/bin/release/net8.0/sguard.dataannotations.tests.dll" id="a0b3e48f-64c8-93f7-f166-55b897c5df65">
      <Execution id="9bff4296-4540-4e2c-8eb5-8938ac206839" />
      <TestMethod codeBase="/home/runner/work/SGuard.DataAnnotations/SGuard.DataAnnotations/SGuard.DataAnnotations.Tests/bin/Release/net8.0/SGuard.DataAnnotations.Tests.dll" adapterTypeName="executor://xunit/VsTestRunner3/netcore/" className="SGuard.DataAnnotations.Tests.Attributes.SGuardGreaterThanAttributeTests" name="ReturnsSuccess_WhenDecimalValueIsGreaterThanOther" />
    </UnitTest>
    <UnitTest name="SGuard.DataAnnotations.Tests.Attributes.SGuardBetweenAttributeTests.Constructor_ThrowsArgumentNullException_WhenMaxPropertyIsNull" storage="/home/runner/work/sguard.dataannotations/sguard.dataannotations/sguard.dataannotations.tests/bin/release/net8.0/sguard.dataannotations.tests.dll" id="54bb735d-1d46-052b-7463-a588ad7ff2a2">
      <Execution id="65561582-3689-414f-8060-be6eb56ee92f" />
      <TestMethod codeBase="/home/runner/work/SGuard.DataAnnotations/SGuard.DataAnnotations/SGuard.DataAnnotations.Tests/bin/Release/net8.0/SGuard.DataAnnotations.Tests.dll" adapterTypeName="executor://xunit/VsTestRunner3/netcore/" className="SGuard.DataAnnotations.Tests.Attributes.SGuardBetweenAttributeTests" name="Constructor_ThrowsArgumentNullException_WhenMaxPropertyIsNull" />
    </UnitTest>
    <UnitTest name="SGuard.DataAnnotations.Tests.Attributes.SGuardCreditCardAttributeTests.Constructor_ThrowsArgumentNullException_WhenResourceTypeIsNull" storage="/home/runner/work/sguard.dataannotations/sguard.dataannotations/sguard.dataannotations.tests/bin/release/net8.0/sguard.dataannotations.tests.dll" id="a484b60c-6e92-f3f0-aa33-178dfb90559c">
      <Execution id="8e5c9757-7852-438b-a338-997be28d65fa" />
      <TestMethod codeBase="/home/runner/work/SGuard.DataAnnotations/SGuard.DataAnnotations/SGuard.DataAnnotations.Tests/bin/Release/net8.0/SGuard.DataAnnotations.Tests.dll" adapterTypeName="executor://xunit/VsTestRunner3/netcore/" className="SGuard.DataAnnotations.Tests.Attributes.SGuardCreditCardAttributeTests" name="Constructor_ThrowsArgumentNullException_WhenResourceTypeIsNull" />
    </UnitTest>
    <UnitTest name="SGuard.DataAnnotations.Tests.Attributes.SGuardCreditCardAttributeTests.SupportsMultipleAttributes_OnSameProperty" storage="/home/runner/work/sguard.dataannotations/sguard.dataannotations/sguard.dataannotations.tests/bin/release/net8.0/sguard.dataannotations.tests.dll" id="21378016-cc6f-36ae-5a9f-490773b0da38">
      <Execution id="95c4d85a-4f96-4bb8-9470-66fcafd1daa2" />
      <TestMethod codeBase="/home/runner/work/SGuard.DataAnnotations/SGuard.DataAnnotations/SGuard.DataAnnotations.Tests/bin/Release/net8.0/SGuard.DataAnnotations.Tests.dll" adapterTypeName="executor://xunit/VsTestRunner3/netcore/" className="SGuard.DataAnnotations.Tests.Attributes.SGuardCreditCardAttributeTests" name="SupportsMultipleAttributes_OnSameProperty" />
    </UnitTest>
    <UnitTest name="SGuard.DataAnnotations.Tests.Attributes.SGuardCreditCardAttributeTests.HandlesMixedValidInvalidCharacters" storage="/home/runner/work/sguard.dataannotations/sguard.dataannotations/sguard.dataannotations.tests/bin/release/net8.0/sguard.dataannotations.tests.dll" id="8d246871-36db-3a8c-1edc-aa2a9aaa0923">
      <Execution id="04feb432-3073-40de-a4c3-74ae40b6a4a0" />
      <TestMethod codeBase="/home/runner/work/SGuard.DataAnnotations/SGuard.DataAnnotations/SGuard.DataAnnotations.Tests/bin/Release/net8.0/SGuard.DataAnnotations.Tests.dll" adapterTypeName="executor://xunit/VsTestRunner3/netcore/" className="SGuard.DataAnnotations.Tests.Attributes.SGuardCreditCardAttributeTests" name="HandlesMixedValidInvalidCharacters" />
    </UnitTest>
    <UnitTest name="SGuard.DataAnnotations.Tests.Attributes.SGuardCompareAttributeTests.FailsWithNullableValues_OnlyOneIsNull" storage="/home/runner/work/sguard.dataannotations/sguard.dataannotations/sguard.dataannotations.tests/bin/release/net8.0/sguard.dataannotations.tests.dll" id="7e7b9c1e-babc-ac42-36f5-c064ed6a9a1c">
      <Execution id="954e9cfc-1462-45d7-93c2-88dfbfdc8ba6" />
      <TestMethod codeBase="/home/runner/work/SGuard.DataAnnotations/SGuard.DataAnnotations/SGuard.DataAnnotations.Tests/bin/Release/net8.0/SGuard.DataAnnotations.Tests.dll" adapterTypeName="executor://xunit/VsTestRunner3/netcore/" className="SGuard.DataAnnotations.Tests.Attributes.SGuardCompareAttributeTests" name="FailsWithNullableValues_OnlyOneIsNull" />
    </UnitTest>
    <UnitTest name="SGuard.DataAnnotations.Tests.Attributes.SGuardEmailAddressAttributeTests.ReturnsSuccess_WhenValueIsValidEmailFormat(email: &quot;user_name@domain-name.com&quot;)" storage="/home/runner/work/sguard.dataannotations/sguard.dataannotations/sguard.dataannotations.tests/bin/release/net8.0/sguard.dataannotations.tests.dll" id="7ecabcdb-f2bf-5e92-6c91-f6117e8a09af">
      <Execution id="6ee9f015-a154-43a8-b0b4-31a26cf42bf4" />
      <TestMethod codeBase="/home/runner/work/SGuard.DataAnnotations/SGuard.DataAnnotations/SGuard.DataAnnotations.Tests/bin/Release/net8.0/SGuard.DataAnnotations.Tests.dll" adapterTypeName="executor://xunit/VsTestRunner3/netcore/" className="SGuard.DataAnnotations.Tests.Attributes.SGuardEmailAddressAttributeTests" name="ReturnsSuccess_WhenValueIsValidEmailFormat" />
    </UnitTest>
    <UnitTest name="SGuard.DataAnnotations.Tests.Attributes.SGuardMinCountAttributeTests.ReturnsSuccess_WhenArrayCountIsGreaterThanOrEqualToMin" storage="/home/runner/work/sguard.dataannotations/sguard.dataannotations/sguard.dataannotations.tests/bin/release/net8.0/sguard.dataannotations.tests.dll" id="e1ec4db0-5c0c-b229-761c-768bae20f6b1">
      <Execution id="b816ce0a-cd53-4a8e-bd32-1ba73834e657" />
      <TestMethod codeBase="/home/runner/work/SGuard.DataAnnotations/SGuard.DataAnnotations/SGuard.DataAnnotations.Tests/bin/Release/net8.0/SGuard.DataAnnotations.Tests.dll" adapterTypeName="executor://xunit/VsTestRunner3/netcore/" className="SGuard.DataAnnotations.Tests.Attributes.SGuardMinCountAttributeTests" name="ReturnsSuccess_WhenArrayCountIsGreaterThanOrEqualToMin" />
    </UnitTest>
    <UnitTest name="SGuard.DataAnnotations.Tests.Attributes.SGuardEmailAddressAttributeTests.ReturnsLocalizedErrorMessage_WhenCultureIsSet(culture: &quot;de&quot;)" storage="/home/runner/work/sguard.dataannotations/sguard.dataannotations/sguard.dataannotations.tests/bin/release/net8.0/sguard.dataannotations.tests.dll" id="29679612-cd2c-cf4f-fb30-d0162e2a2e99">
      <Execution id="3bca0820-e382-466b-9c02-0f25cfbcb810" />
      <TestMethod codeBase="/home/runner/work/SGuard.DataAnnotations/SGuard.DataAnnotations/SGuard.DataAnnotations.Tests/bin/Release/net8.0/SGuard.DataAnnotations.Tests.dll" adapterTypeName="executor://xunit/VsTestRunner3/netcore/" className="SGuard.DataAnnotations.Tests.Attributes.SGuardEmailAddressAttributeTests" name="ReturnsLocalizedErrorMessage_WhenCultureIsSet" />
    </UnitTest>
    <UnitTest name="SGuard.DataAnnotations.Tests.Attributes.SGuardCreditCardAttributeTests.ReturnsSuccess_WhenValueIsValidDinersClub" storage="/home/runner/work/sguard.dataannotations/sguard.dataannotations/sguard.dataannotations.tests/bin/release/net8.0/sguard.dataannotations.tests.dll" id="791ba3c9-e2ec-2647-6231-6e889590b831">
      <Execution id="9838dbe6-cac7-423c-a94a-cbe4f2e3eab4" />
      <TestMethod codeBase="/home/runner/work/SGuard.DataAnnotations/SGuard.DataAnnotations/SGuard.DataAnnotations.Tests/bin/Release/net8.0/SGuard.DataAnnotations.Tests.dll" adapterTypeName="executor://xunit/VsTestRunner3/netcore/" className="SGuard.DataAnnotations.Tests.Attributes.SGuardCreditCardAttributeTests" name="ReturnsSuccess_WhenValueIsValidDinersClub" />
    </UnitTest>
    <UnitTest name="SGuard.DataAnnotations.Tests.Attributes.SGuardBetweenAttributeTests.ReturnsError_WhenValueIsAboveMax_Exclusive" storage="/home/runner/work/sguard.dataannotations/sguard.dataannotations/sguard.dataannotations.tests/bin/release/net8.0/sguard.dataannotations.tests.dll" id="57a39652-a5d5-4278-0df9-a00ced5dc2dd">
      <Execution id="6bb1a80e-da59-4445-a197-d09a89027fcd" />
      <TestMethod codeBase="/home/runner/work/SGuard.DataAnnotations/SGuard.DataAnnotations/SGuard.DataAnnotations.Tests/bin/Release/net8.0/SGuard.DataAnnotations.Tests.dll" adapterTypeName="executor://xunit/VsTestRunner3/netcore/" className="SGuard.DataAnnotations.Tests.Attributes.SGuardBetweenAttributeTests" name="ReturnsError_WhenValueIsAboveMax_Exclusive" />
    </UnitTest>
    <UnitTest name="SGuard.DataAnnotations.Tests.Attributes.SGuardBetweenAttributeTests.ReturnsError_WhenValueIsNotComparable" storage="/home/runner/work/sguard.dataannotations/sguard.dataannotations/sguard.dataannotations.tests/bin/release/net8.0/sguard.dataannotations.tests.dll" id="b0de6877-7369-beb8-bfcb-699e4af08d17">
      <Execution id="861295ae-5f9e-4a9a-b446-fc8d1184c2d7" />
      <TestMethod codeBase="/home/runner/work/SGuard.DataAnnotations/SGuard.DataAnnotations/SGuard.DataAnnotations.Tests/bin/Release/net8.0/SGuard.DataAnnotations.Tests.dll" adapterTypeName="executor://xunit/VsTestRunner3/netcore/" className="SGuard.DataAnnotations.Tests.Attributes.SGuardBetweenAttributeTests" name="ReturnsError_WhenValueIsNotComparable" />
    </UnitTest>
    <UnitTest name="SGuard.DataAnnotations.Tests.Attributes.SGuardCompareAttributeTests.HandlesWhitespace_Differences" storage="/home/runner/work/sguard.dataannotations/sguard.dataannotations/sguard.dataannotations.tests/bin/release/net8.0/sguard.dataannotations.tests.dll" id="afa1a1c3-1be6-2bed-8ff7-68131025b419">
      <Execution id="cfcd60b6-1333-4c4d-b77f-2cc665b7d45d" />
      <TestMethod codeBase="/home/runner/work/SGuard.DataAnnotations/SGuard.DataAnnotations/SGuard.DataAnnotations.Tests/bin/Release/net8.0/SGuard.DataAnnotations.Tests.dll" adapterTypeName="executor://xunit/VsTestRunner3/netcore/" className="SGuard.DataAnnotations.Tests.Attributes.SGuardCompareAttributeTests" name="HandlesWhitespace_Differences" />
    </UnitTest>
    <UnitTest name="SGuard.DataAnnotations.Tests.Attributes.SGuardCreditCardAttributeTests.ReturnsError_WhenNumberIsAllSameDigit" storage="/home/runner/work/sguard.dataannotations/sguard.dataannotations/sguard.dataannotations.tests/bin/release/net8.0/sguard.dataannotations.tests.dll" id="bd7bddfa-4b13-cac6-2538-99d0e6e9aaf2">
      <Execution id="6545f564-70d4-4e44-80eb-d8771c96416c" />
      <TestMethod codeBase="/home/runner/work/SGuard.DataAnnotations/SGuard.DataAnnotations/SGuard.DataAnnotations.Tests/bin/Release/net8.0/SGuard.DataAnnotations.Tests.dll" adapterTypeName="executor://xunit/VsTestRunner3/netcore/" className="SGuard.DataAnnotations.Tests.Attributes.SGuardCreditCardAttributeTests" name="ReturnsError_WhenNumberIsAllSameDigit" />
    </UnitTest>
    <UnitTest name="SGuard.DataAnnotations.Tests.Attributes.SGuardEmailAddressAttributeTests.ReturnsNull_WhenValueIsUnsupportedInternationalEmail(email: &quot;müller@example.com&quot;)" storage="/home/runner/work/sguard.dataannotations/sguard.dataannotations/sguard.dataannotations.tests/bin/release/net8.0/sguard.dataannotations.tests.dll" id="14c349be-8853-129f-6fbb-0ec95eaeef3e">
      <Execution id="2adbbd76-77f9-431f-9880-cd72684c10c3" />
      <TestMethod codeBase="/home/runner/work/SGuard.DataAnnotations/SGuard.DataAnnotations/SGuard.DataAnnotations.Tests/bin/Release/net8.0/SGuard.DataAnnotations.Tests.dll" adapterTypeName="executor://xunit/VsTestRunner3/netcore/" className="SGuard.DataAnnotations.Tests.Attributes.SGuardEmailAddressAttributeTests" name="ReturnsNull_WhenValueIsUnsupportedInternationalEmail" />
    </UnitTest>
    <UnitTest name="SGuard.DataAnnotations.Tests.Attributes.SGuardEmailAddressAttributeTests.ReturnsLocalizedErrorMessage_WhenCultureIsSet(culture: &quot;fr&quot;)" storage="/home/runner/work/sguard.dataannotations/sguard.dataannotations/sguard.dataannotations.tests/bin/release/net8.0/sguard.dataannotations.tests.dll" id="f19b555b-116b-2f3a-0c2d-ec4548792f2e">
      <Execution id="1f69b335-9a46-45f5-aa02-7302c300bcdb" />
      <TestMethod codeBase="/home/runner/work/SGuard.DataAnnotations/SGuard.DataAnnotations/SGuard.DataAnnotations.Tests/bin/Release/net8.0/SGuard.DataAnnotations.Tests.dll" adapterTypeName="executor://xunit/VsTestRunner3/netcore/" className="SGuard.DataAnnotations.Tests.Attributes.SGuardEmailAddressAttributeTests" name="ReturnsLocalizedErrorMessage_WhenCultureIsSet" />
    </UnitTest>
    <UnitTest name="SGuard.DataAnnotations.Tests.Attributes.SGuardMinCountAttributeTests.ReturnsSuccess_WhenEnumerableCountIsGreaterThanOrEqualToMin" storage="/home/runner/work/sguard.dataannotations/sguard.dataannotations/sguard.dataannotations.tests/bin/release/net8.0/sguard.dataannotations.tests.dll" id="99445827-2f44-646b-8068-3cffaf9372f0">
      <Execution id="608cd76d-549b-4411-9dda-43cb87618db9" />
      <TestMethod codeBase="/home/runner/work/SGuard.DataAnnotations/SGuard.DataAnnotations/SGuard.DataAnnotations.Tests/bin/Release/net8.0/SGuard.DataAnnotations.Tests.dll" adapterTypeName="executor://xunit/VsTestRunner3/netcore/" className="SGuard.DataAnnotations.Tests.Attributes.SGuardMinCountAttributeTests" name="ReturnsSuccess_WhenEnumerableCountIsGreaterThanOrEqualToMin" />
    </UnitTest>
    <UnitTest name="SGuard.DataAnnotations.Tests.Attributes.SGuardMinCountAttributeTests.ReturnsSuccess_WhenCollectionCountIsZeroAndMinIsZero" storage="/home/runner/work/sguard.dataannotations/sguard.dataannotations/sguard.dataannotations.tests/bin/release/net8.0/sguard.dataannotations.tests.dll" id="3713b015-69bc-bbff-ec12-2a3a05404871">
      <Execution id="b4d53b27-d613-4579-a51f-eb01f298130c" />
      <TestMethod codeBase="/home/runner/work/SGuard.DataAnnotations/SGuard.DataAnnotations/SGuard.DataAnnotations.Tests/bin/Release/net8.0/SGuard.DataAnnotations.Tests.dll" adapterTypeName="executor://xunit/VsTestRunner3/netcore/" className="SGuard.DataAnnotations.Tests.Attributes.SGuardMinCountAttributeTests" name="ReturnsSuccess_WhenCollectionCountIsZeroAndMinIsZero" />
    </UnitTest>
    <UnitTest name="SGuard.DataAnnotations.Tests.Attributes.SGuardEmailAddressAttributeTests.ReturnsNull_WhenValueIsUnsupportedInternationalEmail(email: &quot;user@münchen.de&quot;)" storage="/home/runner/work/sguard.dataannotations/sguard.dataannotations/sguard.dataannotations.tests/bin/release/net8.0/sguard.dataannotations.tests.dll" id="8028fcff-b93c-8107-74d3-7689a546ca5d">
      <Execution id="936acd80-e28e-4883-82da-18f6301f2a11" />
      <TestMethod codeBase="/home/runner/work/SGuard.DataAnnotations/SGuard.DataAnnotations/SGuard.DataAnnotations.Tests/bin/Release/net8.0/SGuard.DataAnnotations.Tests.dll" adapterTypeName="executor://xunit/VsTestRunner3/netcore/" className="SGuard.DataAnnotations.Tests.Attributes.SGuardEmailAddressAttributeTests" name="ReturnsNull_WhenValueIsUnsupportedInternationalEmail" />
    </UnitTest>
    <UnitTest name="SGuard.DataAnnotations.Tests.Attributes.SGuardPhoneAttributeTests.ReturnsSuccess_WhenPhoneIsNull" storage="/home/runner/work/sguard.dataannotations/sguard.dataannotations/sguard.dataannotations.tests/bin/release/net8.0/sguard.dataannotations.tests.dll" id="07f208e9-5d3e-7b2e-6a59-4da49d2f6cd9">
      <Execution id="2d7fa49d-2380-4972-a775-89166dfa05be" />
      <TestMethod codeBase="/home/runner/work/SGuard.DataAnnotations/SGuard.DataAnnotations/SGuard.DataAnnotations.Tests/bin/Release/net8.0/SGuard.DataAnnotations.Tests.dll" adapterTypeName="executor://xunit/VsTestRunner3/netcore/" className="SGuard.DataAnnotations.Tests.Attributes.SGuardPhoneAttributeTests" name="ReturnsSuccess_WhenPhoneIsNull" />
    </UnitTest>
    <UnitTest name="SGuard.DataAnnotations.Tests.DataAnnotation.IsTests.DataAnnotationsValid_CallbackReceivesSuccessOnTrue" storage="/home/runner/work/sguard.dataannotations/sguard.dataannotations/sguard.dataannotations.tests/bin/release/net8.0/sguard.dataannotations.tests.dll" id="cdc70ef9-d940-c6b1-6aac-232e4151b4c8">
      <Execution id="e3ce540a-c433-46c4-8fba-689280269334" />
      <TestMethod codeBase="/home/runner/work/SGuard.DataAnnotations/SGuard.DataAnnotations/SGuard.DataAnnotations.Tests/bin/Release/net8.0/SGuard.DataAnnotations.Tests.dll" adapterTypeName="executor://xunit/VsTestRunner3/netcore/" className="SGuard.DataAnnotations.Tests.DataAnnotation.IsTests" name="DataAnnotationsValid_CallbackReceivesSuccessOnTrue" />
    </UnitTest>
    <UnitTest name="SGuard.DataAnnotations.Tests.Attributes.SGuardMaxCountAttributeTests.ReturnsSuccess_WhenDictionaryCountIsLessThanMax" storage="/home/runner/work/sguard.dataannotations/sguard.dataannotations/sguard.dataannotations.tests/bin/release/net8.0/sguard.dataannotations.tests.dll" id="05a3b24a-9973-d8c2-2a27-3d4a83d88f8d">
      <Execution id="62772209-6b6e-4a05-8908-d1e0c0376868" />
      <TestMethod codeBase="/home/runner/work/SGuard.DataAnnotations/SGuard.DataAnnotations/SGuard.DataAnnotations.Tests/bin/Release/net8.0/SGuard.DataAnnotations.Tests.dll" adapterTypeName="executor://xunit/VsTestRunner3/netcore/" className="SGuard.DataAnnotations.Tests.Attributes.SGuardMaxCountAttributeTests" name="ReturnsSuccess_WhenDictionaryCountIsLessThanMax" />
    </UnitTest>
    <UnitTest name="SGuard.DataAnnotations.Tests.Attributes.SGuardGreaterThanAttributeTests.ReturnsSuccess_WhenValueIsGreaterThanOther" storage="/home/runner/work/sguard.dataannotations/sguard.dataannotations/sguard.dataannotations.tests/bin/release/net8.0/sguard.dataannotations.tests.dll" id="e7c11337-a134-9089-96b8-bef2fdba4ef5">
      <Execution id="43f30d66-48b5-48bd-aa26-9314c0963dd4" />
      <TestMethod codeBase="/home/runner/work/SGuard.DataAnnotations/SGuard.DataAnnotations/SGuard.DataAnnotations.Tests/bin/Release/net8.0/SGuard.DataAnnotations.Tests.dll" adapterTypeName="executor://xunit/VsTestRunner3/netcore/" className="SGuard.DataAnnotations.Tests.Attributes.SGuardGreaterThanAttributeTests" name="ReturnsSuccess_WhenValueIsGreaterThanOther" />
    </UnitTest>
    <UnitTest name="SGuard.DataAnnotations.Tests.Attributes.SGuardBetweenAttributeTests.ReturnsLocalizedErrorMessage_WhenCultureIsSet(culture: &quot;hi&quot;)" storage="/home/runner/work/sguard.dataannotations/sguard.dataannotations/sguard.dataannotations.tests/bin/release/net8.0/sguard.dataannotations.tests.dll" id="da46ef01-15e9-67b6-3316-0d87c8eb81a2">
      <Execution id="20cb7b10-7255-4f02-8c49-d5f26c267f12" />
      <TestMethod codeBase="/home/runner/work/SGuard.DataAnnotations/SGuard.DataAnnotations/SGuard.DataAnnotations.Tests/bin/Release/net8.0/SGuard.DataAnnotations.Tests.dll" adapterTypeName="executor://xunit/VsTestRunner3/netcore/" className="SGuard.DataAnnotations.Tests.Attributes.SGuardBetweenAttributeTests" name="ReturnsLocalizedErrorMessage_WhenCultureIsSet" />
    </UnitTest>
    <UnitTest name="SGuard.DataAnnotations.Tests.Attributes.SGuardEmailAddressAttributeTests.ReturnsSuccess_WhenValueIsBusinessEmailFormat(email: &quot;sales@enterprise.eu&quot;)" storage="/home/runner/work/sguard.dataannotations/sguard.dataannotations/sguard.dataannotations.tests/bin/release/net8.0/sguard.dataannotations.tests.dll" id="e637339b-b38a-22b1-d566-282380c17576">
      <Execution id="a2905fa1-034d-48f9-8bb4-de7249d3de69" />
      <TestMethod codeBase="/home/runner/work/SGuard.DataAnnotations/SGuard.DataAnnotations/SGuard.DataAnnotations.Tests/bin/Release/net8.0/SGuard.DataAnnotations.Tests.dll" adapterTypeName="executor://xunit/VsTestRunner3/netcore/" className="SGuard.DataAnnotations.Tests.Attributes.SGuardEmailAddressAttributeTests" name="ReturnsSuccess_WhenValueIsBusinessEmailFormat" />
    </UnitTest>
    <UnitTest name="SGuard.DataAnnotations.Tests.Attributes.SGuardValidationAttributeBaseFallbackTests.Returns_FallbackMessage_IfBothResourcesMissing_AndFallbackMessageSet" storage="/home/runner/work/sguard.dataannotations/sguard.dataannotations/sguard.dataannotations.tests/bin/release/net8.0/sguard.dataannotations.tests.dll" id="17a56aef-557c-a84b-5008-a1b60c5b5a7c">
      <Execution id="1c920cf7-0d17-4e19-8665-4143729803b0" />
      <TestMethod codeBase="/home/runner/work/SGuard.DataAnnotations/SGuard.DataAnnotations/SGuard.DataAnnotations.Tests/bin/Release/net8.0/SGuard.DataAnnotations.Tests.dll" adapterTypeName="executor://xunit/VsTestRunner3/netcore/" className="SGuard.DataAnnotations.Tests.Attributes.SGuardValidationAttributeBaseFallbackTests" name="Returns_FallbackMessage_IfBothResourcesMissing_AndFallbackMessageSet" />
    </UnitTest>
    <UnitTest name="SGuard.DataAnnotations.Tests.Attributes.SGuardRangeAttributeTests.ReturnsSuccess_WhenValueIsEqualToMaximum" storage="/home/runner/work/sguard.dataannotations/sguard.dataannotations/sguard.dataannotations.tests/bin/release/net8.0/sguard.dataannotations.tests.dll" id="1c59d7c9-063b-4e4d-eeb7-8b7090f5e894">
      <Execution id="e1e63b38-660f-4163-a208-62d2fabbeec2" />
      <TestMethod codeBase="/home/runner/work/SGuard.DataAnnotations/SGuard.DataAnnotations/SGuard.DataAnnotations.Tests/bin/Release/net8.0/SGuard.DataAnnotations.Tests.dll" adapterTypeName="executor://xunit/VsTestRunner3/netcore/" className="SGuard.DataAnnotations.Tests.Attributes.SGuardRangeAttributeTests" name="ReturnsSuccess_WhenValueIsEqualToMaximum" />
    </UnitTest>
    <UnitTest name="SGuard.DataAnnotations.Tests.Attributes.SGuardBetweenAttributeTests.WorksWithDateTimeValues_OnBounds" storage="/home/runner/work/sguard.dataannotations/sguard.dataannotations/sguard.dataannotations.tests/bin/release/net8.0/sguard.dataannotations.tests.dll" id="7eb94941-9267-40cb-594c-0bac2724caba">
      <Execution id="80a09d04-2fea-4204-9ece-f7db4c93c072" />
      <TestMethod codeBase="/home/runner/work/SGuard.DataAnnotations/SGuard.DataAnnotations/SGuard.DataAnnotations.Tests/bin/Release/net8.0/SGuard.DataAnnotations.Tests.dll" adapterTypeName="executor://xunit/VsTestRunner3/netcore/" className="SGuard.DataAnnotations.Tests.Attributes.SGuardBetweenAttributeTests" name="WorksWithDateTimeValues_OnBounds" />
    </UnitTest>
    <UnitTest name="SGuard.DataAnnotations.Tests.Attributes.SGuardCreditCardAttributeTests.ReturnsSuccess_WhenNumberIsAllZeros" storage="/home/runner/work/sguard.dataannotations/sguard.dataannotations/sguard.dataannotations.tests/bin/release/net8.0/sguard.dataannotations.tests.dll" id="79fbb9cd-cbc8-b948-10ce-5d9bcbab381c">
      <Execution id="5b10ff01-7c20-4ad6-8a74-06436986a808" />
      <TestMethod codeBase="/home/runner/work/SGuard.DataAnnotations/SGuard.DataAnnotations/SGuard.DataAnnotations.Tests/bin/Release/net8.0/SGuard.DataAnnotations.Tests.dll" adapterTypeName="executor://xunit/VsTestRunner3/netcore/" className="SGuard.DataAnnotations.Tests.Attributes.SGuardCreditCardAttributeTests" name="ReturnsSuccess_WhenNumberIsAllZeros" />
    </UnitTest>
    <UnitTest name="SGuard.DataAnnotations.Tests.Attributes.SGuardEmailAddressAttributeTests.ReturnsError_WhenValueIsInvalidEmail" storage="/home/runner/work/sguard.dataannotations/sguard.dataannotations/sguard.dataannotations.tests/bin/release/net8.0/sguard.dataannotations.tests.dll" id="2a3930db-30f0-5441-9b21-5ddb855435ef">
      <Execution id="86316efc-bab4-4791-85a5-ef654635ebd3" />
      <TestMethod codeBase="/home/runner/work/SGuard.DataAnnotations/SGuard.DataAnnotations/SGuard.DataAnnotations.Tests/bin/Release/net8.0/SGuard.DataAnnotations.Tests.dll" adapterTypeName="executor://xunit/VsTestRunner3/netcore/" className="SGuard.DataAnnotations.Tests.Attributes.SGuardEmailAddressAttributeTests" name="ReturnsError_WhenValueIsInvalidEmail" />
    </UnitTest>
    <UnitTest name="SGuard.DataAnnotations.Tests.Attributes.SGuardEmailAddressAttributeTests.ReturnsSuccess_WhenValueIsBusinessEmailFormat(email: &quot;marketing@brand.ca&quot;)" storage="/home/runner/work/sguard.dataannotations/sguard.dataannotations/sguard.dataannotations.tests/bin/release/net8.0/sguard.dataannotations.tests.dll" id="8bb1d1c9-ea34-8993-40af-1149612b163c">
      <Execution id="fe6e9a55-bb42-42ae-b940-27608f389f44" />
      <TestMethod codeBase="/home/runner/work/SGuard.DataAnnotations/SGuard.DataAnnotations/SGuard.DataAnnotations.Tests/bin/Release/net8.0/SGuard.DataAnnotations.Tests.dll" adapterTypeName="executor://xunit/VsTestRunner3/netcore/" className="SGuard.DataAnnotations.Tests.Attributes.SGuardEmailAddressAttributeTests" name="ReturnsSuccess_WhenValueIsBusinessEmailFormat" />
    </UnitTest>
    <UnitTest name="SGuard.DataAnnotations.Tests.Attributes.SGuardMaxLengthAttributeTests.ThrowsArgumentNullException_WhenResourceTypeIsNull" storage="/home/runner/work/sguard.dataannotations/sguard.dataannotations/sguard.dataannotations.tests/bin/release/net8.0/sguard.dataannotations.tests.dll" id="c5ed57ff-87cb-dec0-b133-e0b71b61e798">
      <Execution id="2589210f-6d59-4a33-b8d7-a489da7be900" />
      <TestMethod codeBase="/home/runner/work/SGuard.DataAnnotations/SGuard.DataAnnotations/SGuard.DataAnnotations.Tests/bin/Release/net8.0/SGuard.DataAnnotations.Tests.dll" adapterTypeName="executor://xunit/VsTestRunner3/netcore/" className="SGuard.DataAnnotations.Tests.Attributes.SGuardMaxLengthAttributeTests" name="ThrowsArgumentNullException_WhenResourceTypeIsNull" />
    </UnitTest>
    <UnitTest name="SGuard.DataAnnotations.Tests.Attributes.SGuardCreditCardAttributeTests.ReturnsLocalizedErrorMessage_WhenCultureIsSet(culture: &quot;fr&quot;)" storage="/home/runner/work/sguard.dataannotations/sguard.dataannotations/sguard.dataannotations.tests/bin/release/net8.0/sguard.dataannotations.tests.dll" id="f949f09e-ebc0-f09b-1a13-db797c40c4c3">
      <Execution id="30e7adbf-d834-4176-8b9c-e071dbdb71d7" />
      <TestMethod codeBase="/home/runner/work/SGuard.DataAnnotations/SGuard.DataAnnotations/SGuard.DataAnnotations.Tests/bin/Release/net8.0/SGuard.DataAnnotations.Tests.dll" adapterTypeName="executor://xunit/VsTestRunner3/netcore/" className="SGuard.DataAnnotations.Tests.Attributes.SGuardCreditCardAttributeTests" name="ReturnsLocalizedErrorMessage_WhenCultureIsSet" />
    </UnitTest>
    <UnitTest name="SGuard.DataAnnotations.Tests.Attributes.SGuardCreditCardAttributeTests.Constructor_ThrowsArgumentNullException_WhenResourceNameIsNull" storage="/home/runner/work/sguard.dataannotations/sguard.dataannotations/sguard.dataannotations.tests/bin/release/net8.0/sguard.dataannotations.tests.dll" id="69c491e7-162a-f54d-99dd-afee817e1235">
      <Execution id="7bdc8ab2-2ed9-4c24-be17-1de3de5333aa" />
      <TestMethod codeBase="/home/runner/work/SGuard.DataAnnotations/SGuard.DataAnnotations/SGuard.DataAnnotations.Tests/bin/Release/net8.0/SGuard.DataAnnotations.Tests.dll" adapterTypeName="executor://xunit/VsTestRunner3/netcore/" className="SGuard.DataAnnotations.Tests.Attributes.SGuardCreditCardAttributeTests" name="Constructor_ThrowsArgumentNullException_WhenResourceNameIsNull" />
    </UnitTest>
    <UnitTest name="SGuard.DataAnnotations.Tests.Attributes.SGuardBetweenAttributeTests.ReturnsError_WhenValueIsOnBounds_Exclusive" storage="/home/runner/work/sguard.dataannotations/sguard.dataannotations/sguard.dataannotations.tests/bin/release/net8.0/sguard.dataannotations.tests.dll" id="05ab67e4-8ef9-bbb5-d5d0-cc77092beeaa">
      <Execution id="82f9feb3-1ef3-4187-84d6-4ac39ee12e1b" />
      <TestMethod codeBase="/home/runner/work/SGuard.DataAnnotations/SGuard.DataAnnotations/SGuard.DataAnnotations.Tests/bin/Release/net8.0/SGuard.DataAnnotations.Tests.dll" adapterTypeName="executor://xunit/VsTestRunner3/netcore/" className="SGuard.DataAnnotations.Tests.Attributes.SGuardBetweenAttributeTests" name="ReturnsError_WhenValueIsOnBounds_Exclusive" />
    </UnitTest>
    <UnitTest name="SGuard.DataAnnotations.Tests.Attributes.SGuardStringLengthAttributeTests.ReturnsSuccess_WhenStringIsNull" storage="/home/runner/work/sguard.dataannotations/sguard.dataannotations/sguard.dataannotations.tests/bin/release/net8.0/sguard.dataannotations.tests.dll" id="ad35ebfe-e77e-2204-0cd2-b24af72af8e4">
      <Execution id="01736e0e-da7d-43d1-af97-b5366f301bff" />
      <TestMethod codeBase="/home/runner/work/SGuard.DataAnnotations/SGuard.DataAnnotations/SGuard.DataAnnotations.Tests/bin/Release/net8.0/SGuard.DataAnnotations.Tests.dll" adapterTypeName="executor://xunit/VsTestRunner3/netcore/" className="SGuard.DataAnnotations.Tests.Attributes.SGuardStringLengthAttributeTests" name="ReturnsSuccess_WhenStringIsNull" />
    </UnitTest>
    <UnitTest name="SGuard.DataAnnotations.Tests.Attributes.SGuardRequiredCollectionAttributeTests.ReturnsError_WhenIEnumerableIsEmpty" storage="/home/runner/work/sguard.dataannotations/sguard.dataannotations/sguard.dataannotations.tests/bin/release/net8.0/sguard.dataannotations.tests.dll" id="4178e4ec-1c12-2298-83a8-fa1694d1598a">
      <Execution id="35505f08-fdcc-44db-98db-7411e782fd53" />
      <TestMethod codeBase="/home/runner/work/SGuard.DataAnnotations/SGuard.DataAnnotations/SGuard.DataAnnotations.Tests/bin/Release/net8.0/SGuard.DataAnnotations.Tests.dll" adapterTypeName="executor://xunit/VsTestRunner3/netcore/" className="SGuard.DataAnnotations.Tests.Attributes.SGuardRequiredCollectionAttributeTests" name="ReturnsError_WhenIEnumerableIsEmpty" />
    </UnitTest>
    <UnitTest name="SGuard.DataAnnotations.Tests.Attributes.SGuardEmailAddressAttributeTests.ReturnsSuccess_WhenValueIsValidEmailFormat(email: &quot;user+label@example.com&quot;)" storage="/home/runner/work/sguard.dataannotations/sguard.dataannotations/sguard.dataannotations.tests/bin/release/net8.0/sguard.dataannotations.tests.dll" id="817c584a-c6c1-8c21-05d7-289f6ecdeaa5">
      <Execution id="74b3965b-4e56-49e9-84f8-10fbb6b545ed" />
      <TestMethod codeBase="/home/runner/work/SGuard.DataAnnotations/SGuard.DataAnnotations/SGuard.DataAnnotations.Tests/bin/Release/net8.0/SGuard.DataAnnotations.Tests.dll" adapterTypeName="executor://xunit/VsTestRunner3/netcore/" className="SGuard.DataAnnotations.Tests.Attributes.SGuardEmailAddressAttributeTests" name="ReturnsSuccess_WhenValueIsValidEmailFormat" />
    </UnitTest>
    <UnitTest name="SGuard.DataAnnotations.Tests.Attributes.SGuardMinCountAttributeTests.ThrowsArgumentOutOfRangeException_WhenMinCountIsNegative" storage="/home/runner/work/sguard.dataannotations/sguard.dataannotations/sguard.dataannotations.tests/bin/release/net8.0/sguard.dataannotations.tests.dll" id="aa78dfd1-b18d-e06c-5b21-d652c8e05e3c">
      <Execution id="b6ebe64c-85e9-49c3-adb9-92c7e3b0f8ae" />
      <TestMethod codeBase="/home/runner/work/SGuard.DataAnnotations/SGuard.DataAnnotations/SGuard.DataAnnotations.Tests/bin/Release/net8.0/SGuard.DataAnnotations.Tests.dll" adapterTypeName="executor://xunit/VsTestRunner3/netcore/" className="SGuard.DataAnnotations.Tests.Attributes.SGuardMinCountAttributeTests" name="ThrowsArgumentOutOfRangeException_WhenMinCountIsNegative" />
    </UnitTest>
    <UnitTest name="SGuard.DataAnnotations.Tests.Exceptions.DataAnnotationsExceptionTests.DataAnnotationsException_HandlesEmptyValidationResults" storage="/home/runner/work/sguard.dataannotations/sguard.dataannotations/sguard.dataannotations.tests/bin/release/net8.0/sguard.dataannotations.tests.dll" id="d5c52403-0e4c-b9f4-b5c9-e1e2e3d8e62d">
      <Execution id="846fe47e-a683-46bf-9a16-286e6d43646e" />
      <TestMethod codeBase="/home/runner/work/SGuard.DataAnnotations/SGuard.DataAnnotations/SGuard.DataAnnotations.Tests/bin/Release/net8.0/SGuard.DataAnnotations.Tests.dll" adapterTypeName="executor://xunit/VsTestRunner3/netcore/" className="SGuard.DataAnnotations.Tests.Exceptions.DataAnnotationsExceptionTests" name="DataAnnotationsException_HandlesEmptyValidationResults" />
    </UnitTest>
    <UnitTest name="SGuard.DataAnnotations.Tests.Attributes.SGuardRangeAttributeTests.ReturnsSuccess_WhenDoubleValueIsWithinRange" storage="/home/runner/work/sguard.dataannotations/sguard.dataannotations/sguard.dataannotations.tests/bin/release/net8.0/sguard.dataannotations.tests.dll" id="d1018631-d89f-4c5e-539a-e617e86cc282">
      <Execution id="cfa094a8-ea48-41c2-b4b9-17ca06dbaa10" />
      <TestMethod codeBase="/home/runner/work/SGuard.DataAnnotations/SGuard.DataAnnotations/SGuard.DataAnnotations.Tests/bin/Release/net8.0/SGuard.DataAnnotations.Tests.dll" adapterTypeName="executor://xunit/VsTestRunner3/netcore/" className="SGuard.DataAnnotations.Tests.Attributes.SGuardRangeAttributeTests" name="ReturnsSuccess_WhenDoubleValueIsWithinRange" />
    </UnitTest>
    <UnitTest name="SGuard.DataAnnotations.Tests.Attributes.SGuardEmailAddressAttributeTests.ReturnsError_WhenValueHasMultipleAtSymbols" storage="/home/runner/work/sguard.dataannotations/sguard.dataannotations/sguard.dataannotations.tests/bin/release/net8.0/sguard.dataannotations.tests.dll" id="35b76dca-0f99-b77f-db41-bd1c7f9c0f7f">
      <Execution id="d49d3d70-dbe8-4723-ba99-82881114ae24" />
      <TestMethod codeBase="/home/runner/work/SGuard.DataAnnotations/SGuard.DataAnnotations/SGuard.DataAnnotations.Tests/bin/Release/net8.0/SGuard.DataAnnotations.Tests.dll" adapterTypeName="executor://xunit/VsTestRunner3/netcore/" className="SGuard.DataAnnotations.Tests.Attributes.SGuardEmailAddressAttributeTests" name="ReturnsError_WhenValueHasMultipleAtSymbols" />
    </UnitTest>
    <UnitTest name="SGuard.DataAnnotations.Tests.Attributes.SGuardCreditCardAttributeTests.ReturnsSuccess_WhenValueIsValidTestCreditCard(cardNumber: &quot;4000000000000028&quot;)" storage="/home/runner/work/sguard.dataannotations/sguard.dataannotations/sguard.dataannotations.tests/bin/release/net8.0/sguard.dataannotations.tests.dll" id="5ef97b10-c488-3da5-ecf7-3c6ea686e808">
      <Execution id="71cd5adf-5312-43ad-a9e5-d6c8875c5227" />
      <TestMethod codeBase="/home/runner/work/SGuard.DataAnnotations/SGuard.DataAnnotations/SGuard.DataAnnotations.Tests/bin/Release/net8.0/SGuard.DataAnnotations.Tests.dll" adapterTypeName="executor://xunit/VsTestRunner3/netcore/" className="SGuard.DataAnnotations.Tests.Attributes.SGuardCreditCardAttributeTests" name="ReturnsSuccess_WhenValueIsValidTestCreditCard" />
    </UnitTest>
    <UnitTest name="SGuard.DataAnnotations.Tests.Attributes.SGuardMaxCountAttributeTests.ThrowsArgumentOutOfRangeException_WhenMaxCountIsNegative" storage="/home/runner/work/sguard.dataannotations/sguard.dataannotations/sguard.dataannotations.tests/bin/release/net8.0/sguard.dataannotations.tests.dll" id="6f5d4c82-e97a-8919-fcd3-1e6e9b124483">
      <Execution id="c96d5e65-c068-46ac-addc-f2f1a28632c7" />
      <TestMethod codeBase="/home/runner/work/SGuard.DataAnnotations/SGuard.DataAnnotations/SGuard.DataAnnotations.Tests/bin/Release/net8.0/SGuard.DataAnnotations.Tests.dll" adapterTypeName="executor://xunit/VsTestRunner3/netcore/" className="SGuard.DataAnnotations.Tests.Attributes.SGuardMaxCountAttributeTests" name="ThrowsArgumentOutOfRangeException_WhenMaxCountIsNegative" />
    </UnitTest>
    <UnitTest name="SGuard.DataAnnotations.Tests.Attributes.SGuardEmailAddressAttributeTests.ReturnsSuccess_WhenValueIsCommonEmailProvider(email: &quot;user@yandex.com&quot;)" storage="/home/runner/work/sguard.dataannotations/sguard.dataannotations/sguard.dataannotations.tests/bin/release/net8.0/sguard.dataannotations.tests.dll" id="2a8fbf31-0ca2-e190-916c-cbcadfb34c4d">
      <Execution id="a4477175-b434-42ba-8555-3ba2d6f07790" />
      <TestMethod codeBase="/home/runner/work/SGuard.DataAnnotations/SGuard.DataAnnotations/SGuard.DataAnnotations.Tests/bin/Release/net8.0/SGuard.DataAnnotations.Tests.dll" adapterTypeName="executor://xunit/VsTestRunner3/netcore/" className="SGuard.DataAnnotations.Tests.Attributes.SGuardEmailAddressAttributeTests" name="ReturnsSuccess_WhenValueIsCommonEmailProvider" />
    </UnitTest>
    <UnitTest name="SGuard.DataAnnotations.Tests.Attributes.SGuardCompareAttributeTests.Constructor_SetsPropertiesCorrectly" storage="/home/runner/work/sguard.dataannotations/sguard.dataannotations/sguard.dataannotations.tests/bin/release/net8.0/sguard.dataannotations.tests.dll" id="b8d143d7-356a-1975-988e-a663564ec905">
      <Execution id="a1314f57-8724-401e-a8e4-7f8f8ae789cb" />
      <TestMethod codeBase="/home/runner/work/SGuard.DataAnnotations/SGuard.DataAnnotations/SGuard.DataAnnotations.Tests/bin/Release/net8.0/SGuard.DataAnnotations.Tests.dll" adapterTypeName="executor://xunit/VsTestRunner3/netcore/" className="SGuard.DataAnnotations.Tests.Attributes.SGuardCompareAttributeTests" name="Constructor_SetsPropertiesCorrectly" />
    </UnitTest>
    <UnitTest name="SGuard.DataAnnotations.Tests.Attributes.SGuardCompareAttributeTests.ReturnsSuccess_WhenEmptyStringsAreEqual" storage="/home/runner/work/sguard.dataannotations/sguard.dataannotations/sguard.dataannotations.tests/bin/release/net8.0/sguard.dataannotations.tests.dll" id="fc64d6a4-4d66-20a9-e79f-39d54b13b967">
      <Execution id="378ce0f8-8815-4d36-b462-1bc5a977bfbc" />
      <TestMethod codeBase="/home/runner/work/SGuard.DataAnnotations/SGuard.DataAnnotations/SGuard.DataAnnotations.Tests/bin/Release/net8.0/SGuard.DataAnnotations.Tests.dll" adapterTypeName="executor://xunit/VsTestRunner3/netcore/" className="SGuard.DataAnnotations.Tests.Attributes.SGuardCompareAttributeTests" name="ReturnsSuccess_WhenEmptyStringsAreEqual" />
    </UnitTest>
    <UnitTest name="SGuard.DataAnnotations.Tests.Attributes.SGuardCompareAttributeTests.ReturnsLocalizedErrorMessage_WhenCultureIsSet(culture: &quot;tr&quot;)" storage="/home/runner/work/sguard.dataannotations/sguard.dataannotations/sguard.dataannotations.tests/bin/release/net8.0/sguard.dataannotations.tests.dll" id="5ea183d9-8439-dd6c-d705-0b7bf5efa48b">
      <Execution id="338e82b5-de62-4afb-9438-d710353ff8e9" />
      <TestMethod codeBase="/home/runner/work/SGuard.DataAnnotations/SGuard.DataAnnotations/SGuard.DataAnnotations.Tests/bin/Release/net8.0/SGuard.DataAnnotations.Tests.dll" adapterTypeName="executor://xunit/VsTestRunner3/netcore/" className="SGuard.DataAnnotations.Tests.Attributes.SGuardCompareAttributeTests" name="ReturnsLocalizedErrorMessage_WhenCultureIsSet" />
    </UnitTest>
    <UnitTest name="SGuard.DataAnnotations.Tests.Attributes.SGuardCreditCardAttributeTests.ReturnsError_WhenValueIsNotString" storage="/home/runner/work/sguard.dataannotations/sguard.dataannotations/sguard.dataannotations.tests/bin/release/net8.0/sguard.dataannotations.tests.dll" id="fc1149e3-8328-66ee-a9f5-e2d92724028b">
      <Execution id="cfe1386b-ceff-4d4f-b459-4010696431ae" />
      <TestMethod codeBase="/home/runner/work/SGuard.DataAnnotations/SGuard.DataAnnotations/SGuard.DataAnnotations.Tests/bin/Release/net8.0/SGuard.DataAnnotations.Tests.dll" adapterTypeName="executor://xunit/VsTestRunner3/netcore/" className="SGuard.DataAnnotations.Tests.Attributes.SGuardCreditCardAttributeTests" name="ReturnsError_WhenValueIsNotString" />
    </UnitTest>
    <UnitTest name="SGuard.DataAnnotations.Tests.Attributes.SGuardCompareAttributeTests.WorksWithNullableValues_BothAreNull" storage="/home/runner/work/sguard.dataannotations/sguard.dataannotations/sguard.dataannotations.tests/bin/release/net8.0/sguard.dataannotations.tests.dll" id="df6321b2-10b9-6d13-6238-d319917341ab">
      <Execution id="59e67070-1d63-491b-9cb7-ca89151b9e6a" />
      <TestMethod codeBase="/home/runner/work/SGuard.DataAnnotations/SGuard.DataAnnotations/SGuard.DataAnnotations.Tests/bin/Release/net8.0/SGuard.DataAnnotations.Tests.dll" adapterTypeName="executor://xunit/VsTestRunner3/netcore/" className="SGuard.DataAnnotations.Tests.Attributes.SGuardCompareAttributeTests" name="WorksWithNullableValues_BothAreNull" />
    </UnitTest>
    <UnitTest name="SGuard.DataAnnotations.Tests.Attributes.SGuardRangeAttributeTests.ReturnsError_WhenDoubleValueIsBelowRange" storage="/home/runner/work/sguard.dataannotations/sguard.dataannotations/sguard.dataannotations.tests/bin/release/net8.0/sguard.dataannotations.tests.dll" id="6ad43e97-1e3e-ec83-e035-af1c369888de">
      <Execution id="48ed87d5-7d1d-4bda-b265-dc229a17d091" />
      <TestMethod codeBase="/home/runner/work/SGuard.DataAnnotations/SGuard.DataAnnotations/SGuard.DataAnnotations.Tests/bin/Release/net8.0/SGuard.DataAnnotations.Tests.dll" adapterTypeName="executor://xunit/VsTestRunner3/netcore/" className="SGuard.DataAnnotations.Tests.Attributes.SGuardRangeAttributeTests" name="ReturnsError_WhenDoubleValueIsBelowRange" />
    </UnitTest>
    <UnitTest name="SGuard.DataAnnotations.Tests.Attributes.SGuardEmailAddressAttributeTests.Newsletter_SubscriptionEmail_Success" storage="/home/runner/work/sguard.dataannotations/sguard.dataannotations/sguard.dataannotations.tests/bin/release/net8.0/sguard.dataannotations.tests.dll" id="603feeed-2241-e035-6017-b1d30d094808">
      <Execution id="6b53a225-fcf3-4cd9-9a4c-6e50fbf4f0c7" />
      <TestMethod codeBase="/home/runner/work/SGuard.DataAnnotations/SGuard.DataAnnotations/SGuard.DataAnnotations.Tests/bin/Release/net8.0/SGuard.DataAnnotations.Tests.dll" adapterTypeName="executor://xunit/VsTestRunner3/netcore/" className="SGuard.DataAnnotations.Tests.Attributes.SGuardEmailAddressAttributeTests" name="Newsletter_SubscriptionEmail_Success" />
    </UnitTest>
    <UnitTest name="SGuard.DataAnnotations.Tests.DataAnnotation.ThrowIfTests.DataAnnotationsInValid_InvalidObject_ThrowsCustomExceptionWithArgs" storage="/home/runner/work/sguard.dataannotations/sguard.dataannotations/sguard.dataannotations.tests/bin/release/net8.0/sguard.dataannotations.tests.dll" id="20732fe4-3f82-c4d4-02eb-ec9f33b96963">
      <Execution id="fcf7e67f-dc2c-444f-a59f-9e4718b6d86f" />
      <TestMethod codeBase="/home/runner/work/SGuard.DataAnnotations/SGuard.DataAnnotations/SGuard.DataAnnotations.Tests/bin/Release/net8.0/SGuard.DataAnnotations.Tests.dll" adapterTypeName="executor://xunit/VsTestRunner3/netcore/" className="SGuard.DataAnnotations.Tests.DataAnnotation.ThrowIfTests" name="DataAnnotationsInValid_InvalidObject_ThrowsCustomExceptionWithArgs" />
    </UnitTest>
    <UnitTest name="SGuard.DataAnnotations.Tests.Attributes.SGuardEmailAddressAttributeTests.HandlesNumbersInDomainAndLocalPart" storage="/home/runner/work/sguard.dataannotations/sguard.dataannotations/sguard.dataannotations.tests/bin/release/net8.0/sguard.dataannotations.tests.dll" id="3a163180-57a1-4f78-3b75-4f1dc7d6c21e">
      <Execution id="6de652c8-2f81-44c7-b483-7cfb02fc3eb4" />
      <TestMethod codeBase="/home/runner/work/SGuard.DataAnnotations/SGuard.DataAnnotations/SGuard.DataAnnotations.Tests/bin/Release/net8.0/SGuard.DataAnnotations.Tests.dll" adapterTypeName="executor://xunit/VsTestRunner3/netcore/" className="SGuard.DataAnnotations.Tests.Attributes.SGuardEmailAddressAttributeTests" name="HandlesNumbersInDomainAndLocalPart" />
    </UnitTest>
    <UnitTest name="SGuard.DataAnnotations.Tests.Attributes.SGuardCompareAttributeTests.HandlesMinMaxIntValues" storage="/home/runner/work/sguard.dataannotations/sguard.dataannotations/sguard.dataannotations.tests/bin/release/net8.0/sguard.dataannotations.tests.dll" id="a9e3ef2d-963b-68b9-593a-b3e2a08e6467">
      <Execution id="f8c1bd74-71bc-444e-bf09-3432ebb68f0d" />
      <TestMethod codeBase="/home/runner/work/SGuard.DataAnnotations/SGuard.DataAnnotations/SGuard.DataAnnotations.Tests/bin/Release/net8.0/SGuard.DataAnnotations.Tests.dll" adapterTypeName="executor://xunit/VsTestRunner3/netcore/" className="SGuard.DataAnnotations.Tests.Attributes.SGuardCompareAttributeTests" name="HandlesMinMaxIntValues" />
    </UnitTest>
    <UnitTest name="SGuard.DataAnnotations.Tests.Attributes.SGuardCollectionItemsMatchAttributeTests.ReturnsSuccess_WhenAllItemsValid" storage="/home/runner/work/sguard.dataannotations/sguard.dataannotations/sguard.dataannotations.tests/bin/release/net8.0/sguard.dataannotations.tests.dll" id="6720d7d6-f9fe-851e-f20f-3d7775f4d8f4">
      <Execution id="fc84167d-26eb-4e64-959c-72566d6fda9c" />
      <TestMethod codeBase="/home/runner/work/SGuard.DataAnnotations/SGuard.DataAnnotations/SGuard.DataAnnotations.Tests/bin/Release/net8.0/SGuard.DataAnnotations.Tests.dll" adapterTypeName="executor://xunit/VsTestRunner3/netcore/" className="SGuard.DataAnnotations.Tests.Attributes.SGuardCollectionItemsMatchAttributeTests" name="ReturnsSuccess_WhenAllItemsValid" />
    </UnitTest>
    <UnitTest name="SGuard.DataAnnotations.Tests.Attributes.SGuardUrlAttributeTests.ReturnsError_WhenValueIsInvalidUrl" storage="/home/runner/work/sguard.dataannotations/sguard.dataannotations/sguard.dataannotations.tests/bin/release/net8.0/sguard.dataannotations.tests.dll" id="4bc503a7-11a2-2f4f-32a1-66720fdf3855">
      <Execution id="8b8b1909-842a-4394-9c17-f622194154fd" />
      <TestMethod codeBase="/home/runner/work/SGuard.DataAnnotations/SGuard.DataAnnotations/SGuard.DataAnnotations.Tests/bin/Release/net8.0/SGuard.DataAnnotations.Tests.dll" adapterTypeName="executor://xunit/VsTestRunner3/netcore/" className="SGuard.DataAnnotations.Tests.Attributes.SGuardUrlAttributeTests" name="ReturnsError_WhenValueIsInvalidUrl" />
    </UnitTest>
    <UnitTest name="SGuard.DataAnnotations.Tests.Attributes.SGuardPhoneAttributeTests.ReturnsLocalizedErrorMessage_WhenCultureIsSetToTurkish" storage="/home/runner/work/sguard.dataannotations/sguard.dataannotations/sguard.dataannotations.tests/bin/release/net8.0/sguard.dataannotations.tests.dll" id="8da2c0e9-e99c-45b8-35cd-c98d5c3013f5">
      <Execution id="a0e0f137-fba9-4eac-9239-f755a0d3f682" />
      <TestMethod codeBase="/home/runner/work/SGuard.DataAnnotations/SGuard.DataAnnotations/SGuard.DataAnnotations.Tests/bin/Release/net8.0/SGuard.DataAnnotations.Tests.dll" adapterTypeName="executor://xunit/VsTestRunner3/netcore/" className="SGuard.DataAnnotations.Tests.Attributes.SGuardPhoneAttributeTests" name="ReturnsLocalizedErrorMessage_WhenCultureIsSetToTurkish" />
    </UnitTest>
    <UnitTest name="SGuard.DataAnnotations.Tests.Attributes.SGuardLessThanAttributeTests.ReturnsError_WhenOtherIsNull" storage="/home/runner/work/sguard.dataannotations/sguard.dataannotations/sguard.dataannotations.tests/bin/release/net8.0/sguard.dataannotations.tests.dll" id="a011312a-4f9e-2d4f-469f-23423f0b646f">
      <Execution id="75bb0e2f-8bfb-4dec-931d-d1ec5a5048f1" />
      <TestMethod codeBase="/home/runner/work/SGuard.DataAnnotations/SGuard.DataAnnotations/SGuard.DataAnnotations.Tests/bin/Release/net8.0/SGuard.DataAnnotations.Tests.dll" adapterTypeName="executor://xunit/VsTestRunner3/netcore/" className="SGuard.DataAnnotations.Tests.Attributes.SGuardLessThanAttributeTests" name="ReturnsError_WhenOtherIsNull" />
    </UnitTest>
    <UnitTest name="SGuard.DataAnnotations.Tests.Attributes.SGuardEmailAddressAttributeTests.HandlesVeryLongLocalPart" storage="/home/runner/work/sguard.dataannotations/sguard.dataannotations/sguard.dataannotations.tests/bin/release/net8.0/sguard.dataannotations.tests.dll" id="c3d2bc6c-b99d-0b63-9c60-e4b9e91013f0">
      <Execution id="33a35417-39b3-490f-94a2-72b347315eee" />
      <TestMethod codeBase="/home/runner/work/SGuard.DataAnnotations/SGuard.DataAnnotations/SGuard.DataAnnotations.Tests/bin/Release/net8.0/SGuard.DataAnnotations.Tests.dll" adapterTypeName="executor://xunit/VsTestRunner3/netcore/" className="SGuard.DataAnnotations.Tests.Attributes.SGuardEmailAddressAttributeTests" name="HandlesVeryLongLocalPart" />
    </UnitTest>
    <UnitTest name="SGuard.DataAnnotations.Tests.Attributes.SGuardCompareAttributeTests.ReturnsLocalizedErrorMessage_WhenCultureIsSet(culture: &quot;hi&quot;)" storage="/home/runner/work/sguard.dataannotations/sguard.dataannotations/sguard.dataannotations.tests/bin/release/net8.0/sguard.dataannotations.tests.dll" id="97cc8c61-e7e0-43ce-a7ae-b4abe6d55000">
      <Execution id="1db17eb9-3511-4ac0-91f7-6bd7702ff8a4" />
      <TestMethod codeBase="/home/runner/work/SGuard.DataAnnotations/SGuard.DataAnnotations/SGuard.DataAnnotations.Tests/bin/Release/net8.0/SGuard.DataAnnotations.Tests.dll" adapterTypeName="executor://xunit/VsTestRunner3/netcore/" className="SGuard.DataAnnotations.Tests.Attributes.SGuardCompareAttributeTests" name="ReturnsLocalizedErrorMessage_WhenCultureIsSet" />
    </UnitTest>
    <UnitTest name="SGuard.DataAnnotations.Tests.Attributes.SGuardEmailAddressAttributeTests.ReturnsError_WhenValueIsInvalidEmailFormat(email: &quot;two@@domain.com&quot;)" storage="/home/runner/work/sguard.dataannotations/sguard.dataannotations/sguard.dataannotations.tests/bin/release/net8.0/sguard.dataannotations.tests.dll" id="a35af25c-d766-53c1-c164-013f8f5be8cd">
      <Execution id="b419d180-7a6b-4eb4-bbef-2c7b898a8812" />
      <TestMethod codeBase="/home/runner/work/SGuard.DataAnnotations/SGuard.DataAnnotations/SGuard.DataAnnotations.Tests/bin/Release/net8.0/SGuard.DataAnnotations.Tests.dll" adapterTypeName="executor://xunit/VsTestRunner3/netcore/" className="SGuard.DataAnnotations.Tests.Attributes.SGuardEmailAddressAttributeTests" name="ReturnsError_WhenValueIsInvalidEmailFormat" />
    </UnitTest>
    <UnitTest name="SGuard.DataAnnotations.Tests.Attributes.SGuardLessThanAttributeTests.ReturnsSuccess_WhenDateValueIsLessThanOther" storage="/home/runner/work/sguard.dataannotations/sguard.dataannotations/sguard.dataannotations.tests/bin/release/net8.0/sguard.dataannotations.tests.dll" id="6445b153-8bd3-09d0-a13f-62fd6c102d0c">
      <Execution id="fe22b30f-7741-46cc-a8db-757081155ef8" />
      <TestMethod codeBase="/home/runner/work/SGuard.DataAnnotations/SGuard.DataAnnotations/SGuard.DataAnnotations.Tests/bin/Release/net8.0/SGuard.DataAnnotations.Tests.dll" adapterTypeName="executor://xunit/VsTestRunner3/netcore/" className="SGuard.DataAnnotations.Tests.Attributes.SGuardLessThanAttributeTests" name="ReturnsSuccess_WhenDateValueIsLessThanOther" />
    </UnitTest>
    <UnitTest name="SGuard.DataAnnotations.Tests.Attributes.SGuardEmailAddressAttributeTests.ReturnsSuccess_WhenValueIsValidEmailFormat(email: &quot;test.email@domain.org&quot;)" storage="/home/runner/work/sguard.dataannotations/sguard.dataannotations/sguard.dataannotations.tests/bin/release/net8.0/sguard.dataannotations.tests.dll" id="9d9f8a4f-fb5f-d9c1-b8a2-a33f0fcb61c1">
      <Execution id="28ae82f6-a5ae-4e53-8efb-f320f5dd7d17" />
      <TestMethod codeBase="/home/runner/work/SGuard.DataAnnotations/SGuard.DataAnnotations/SGuard.DataAnnotations.Tests/bin/Release/net8.0/SGuard.DataAnnotations.Tests.dll" adapterTypeName="executor://xunit/VsTestRunner3/netcore/" className="SGuard.DataAnnotations.Tests.Attributes.SGuardEmailAddressAttributeTests" name="ReturnsSuccess_WhenValueIsValidEmailFormat" />
    </UnitTest>
    <UnitTest name="SGuard.DataAnnotations.Tests.Attributes.SGuardCompareAttributeTests.ReturnsError_WhenPropertiesAreDifferent" storage="/home/runner/work/sguard.dataannotations/sguard.dataannotations/sguard.dataannotations.tests/bin/release/net8.0/sguard.dataannotations.tests.dll" id="7878f711-caab-1cca-2af9-08abc8bcb3d3">
      <Execution id="b2152eef-6e53-45d1-94ae-ddc00c190920" />
      <TestMethod codeBase="/home/runner/work/SGuard.DataAnnotations/SGuard.DataAnnotations/SGuard.DataAnnotations.Tests/bin/Release/net8.0/SGuard.DataAnnotations.Tests.dll" adapterTypeName="executor://xunit/VsTestRunner3/netcore/" className="SGuard.DataAnnotations.Tests.Attributes.SGuardCompareAttributeTests" name="ReturnsError_WhenPropertiesAreDifferent" />
    </UnitTest>
    <UnitTest name="SGuard.DataAnnotations.Tests.Attributes.SGuardMaxCountAttributeTests.ReturnsSuccess_WhenListCountIsEqualToMax" storage="/home/runner/work/sguard.dataannotations/sguard.dataannotations/sguard.dataannotations.tests/bin/release/net8.0/sguard.dataannotations.tests.dll" id="f2ac8eb8-7f9a-a4b7-d9b1-f5b950d32be0">
      <Execution id="5c2f035d-22e6-4146-8744-12cb561e92c7" />
      <TestMethod codeBase="/home/runner/work/SGuard.DataAnnotations/SGuard.DataAnnotations/SGuard.DataAnnotations.Tests/bin/Release/net8.0/SGuard.DataAnnotations.Tests.dll" adapterTypeName="executor://xunit/VsTestRunner3/netcore/" className="SGuard.DataAnnotations.Tests.Attributes.SGuardMaxCountAttributeTests" name="ReturnsSuccess_WhenListCountIsEqualToMax" />
    </UnitTest>
    <UnitTest name="SGuard.DataAnnotations.Tests.Attributes.SGuardCompareAttributeTests.PasswordConfirmation_Failure" storage="/home/runner/work/sguard.dataannotations/sguard.dataannotations/sguard.dataannotations.tests/bin/release/net8.0/sguard.dataannotations.tests.dll" id="3e83b502-61b1-b054-a794-f59f4c4c2693">
      <Execution id="a6ebc46e-a8a7-428d-90a3-2b0559fb470c" />
      <TestMethod codeBase="/home/runner/work/SGuard.DataAnnotations/SGuard.DataAnnotations/SGuard.DataAnnotations.Tests/bin/Release/net8.0/SGuard.DataAnnotations.Tests.dll" adapterTypeName="executor://xunit/VsTestRunner3/netcore/" className="SGuard.DataAnnotations.Tests.Attributes.SGuardCompareAttributeTests" name="PasswordConfirmation_Failure" />
    </UnitTest>
    <UnitTest name="SGuard.DataAnnotations.Tests.Attributes.SGuardEmailAddressAttributeTests.ReturnsError_WhenValueIsObject" storage="/home/runner/work/sguard.dataannotations/sguard.dataannotations/sguard.dataannotations.tests/bin/release/net8.0/sguard.dataannotations.tests.dll" id="8d452b53-bcbd-4ef9-87eb-bb2d9bd289be">
      <Execution id="49ebb55d-b288-495b-85b7-aff18b7259fd" />
      <TestMethod codeBase="/home/runner/work/SGuard.DataAnnotations/SGuard.DataAnnotations/SGuard.DataAnnotations.Tests/bin/Release/net8.0/SGuard.DataAnnotations.Tests.dll" adapterTypeName="executor://xunit/VsTestRunner3/netcore/" className="SGuard.DataAnnotations.Tests.Attributes.SGuardEmailAddressAttributeTests" name="ReturnsError_WhenValueIsObject" />
    </UnitTest>
    <UnitTest name="SGuard.DataAnnotations.Tests.Attributes.SGuardEmailAddressAttributeTests.ReturnsSuccess_WhenValueIsBusinessEmailFormat(email: &quot;hr@corporation.au&quot;)" storage="/home/runner/work/sguard.dataannotations/sguard.dataannotations/sguard.dataannotations.tests/bin/release/net8.0/sguard.dataannotations.tests.dll" id="6468c7f7-1dba-3b2c-fe98-4295b607576f">
      <Execution id="f483744d-001e-45c5-9249-5e86992601d7" />
      <TestMethod codeBase="/home/runner/work/SGuard.DataAnnotations/SGuard.DataAnnotations/SGuard.DataAnnotations.Tests/bin/Release/net8.0/SGuard.DataAnnotations.Tests.dll" adapterTypeName="executor://xunit/VsTestRunner3/netcore/" className="SGuard.DataAnnotations.Tests.Attributes.SGuardEmailAddressAttributeTests" name="ReturnsSuccess_WhenValueIsBusinessEmailFormat" />
    </UnitTest>
    <UnitTest name="SGuard.DataAnnotations.Tests.Attributes.SGuardBetweenAttributeTests.WorksWithPrivateProperties" storage="/home/runner/work/sguard.dataannotations/sguard.dataannotations/sguard.dataannotations.tests/bin/release/net8.0/sguard.dataannotations.tests.dll" id="854cdc07-b7a1-9b9b-497b-dfad4353eb25">
      <Execution id="ab989d7e-4618-443b-88ae-868655941622" />
      <TestMethod codeBase="/home/runner/work/SGuard.DataAnnotations/SGuard.DataAnnotations/SGuard.DataAnnotations.Tests/bin/Release/net8.0/SGuard.DataAnnotations.Tests.dll" adapterTypeName="executor://xunit/VsTestRunner3/netcore/" className="SGuard.DataAnnotations.Tests.Attributes.SGuardBetweenAttributeTests" name="WorksWithPrivateProperties" />
    </UnitTest>
    <UnitTest name="SGuard.DataAnnotations.Tests.Attributes.SGuardGreaterThanAttributeTests.ReturnsError_WhenValueIsNull" storage="/home/runner/work/sguard.dataannotations/sguard.dataannotations/sguard.dataannotations.tests/bin/release/net8.0/sguard.dataannotations.tests.dll" id="d600a704-e64f-345e-8d84-0859a85bb767">
      <Execution id="f3be52a0-d6f0-414d-820c-88cf4a384342" />
      <TestMethod codeBase="/home/runner/work/SGuard.DataAnnotations/SGuard.DataAnnotations/SGuard.DataAnnotations.Tests/bin/Release/net8.0/SGuard.DataAnnotations.Tests.dll" adapterTypeName="executor://xunit/VsTestRunner3/netcore/" className="SGuard.DataAnnotations.Tests.Attributes.SGuardGreaterThanAttributeTests" name="ReturnsError_WhenValueIsNull" />
    </UnitTest>
    <UnitTest name="SGuard.DataAnnotations.Tests.Attributes.SGuardEmailAddressAttributeTests.ReturnsSuccess_WhenValueIsCommonEmailProvider(email: &quot;user@hotmail.com&quot;)" storage="/home/runner/work/sguard.dataannotations/sguard.dataannotations/sguard.dataannotations.tests/bin/release/net8.0/sguard.dataannotations.tests.dll" id="624a2de5-bfea-7fa5-ee1a-26526dad9b4c">
      <Execution id="8fa744dd-5cfb-4aac-9d78-c09cab903f67" />
      <TestMethod codeBase="/home/runner/work/SGuard.DataAnnotations/SGuard.DataAnnotations/SGuard.DataAnnotations.Tests/bin/Release/net8.0/SGuard.DataAnnotations.Tests.dll" adapterTypeName="executor://xunit/VsTestRunner3/netcore/" className="SGuard.DataAnnotations.Tests.Attributes.SGuardEmailAddressAttributeTests" name="ReturnsSuccess_WhenValueIsCommonEmailProvider" />
    </UnitTest>
    <UnitTest name="SGuard.DataAnnotations.Tests.DataAnnotation.ThrowIfTests.DataAnnotationsInValid_InvalidObject_ThrowsCustomException" storage="/home/runner/work/sguard.dataannotations/sguard.dataannotations/sguard.dataannotations.tests/bin/release/net8.0/sguard.dataannotations.tests.dll" id="b24b8f0e-941c-4a81-71f3-3f4ba79c95eb">
      <Execution id="23e2ddd9-b65d-4b68-9a79-44a446756ab6" />
      <TestMethod codeBase="/home/runner/work/SGuard.DataAnnotations/SGuard.DataAnnotations/SGuard.DataAnnotations.Tests/bin/Release/net8.0/SGuard.DataAnnotations.Tests.dll" adapterTypeName="executor://xunit/VsTestRunner3/netcore/" className="SGuard.DataAnnotations.Tests.DataAnnotation.ThrowIfTests" name="DataAnnotationsInValid_InvalidObject_ThrowsCustomException" />
    </UnitTest>
    <UnitTest name="SGuard.DataAnnotations.Tests.Attributes.SGuardValidationAttributeBaseFallbackTests.Returns_FallbackResource_IfMainResourceMissing_AndFallbackResourceExists" storage="/home/runner/work/sguard.dataannotations/sguard.dataannotations/sguard.dataannotations.tests/bin/release/net8.0/sguard.dataannotations.tests.dll" id="cbc682c1-72ef-07ff-b3bd-6812b487795a">
      <Execution id="d5aa832d-e793-4704-a740-945fe4751d5c" />
      <TestMethod codeBase="/home/runner/work/SGuard.DataAnnotations/SGuard.DataAnnotations/SGuard.DataAnnotations.Tests/bin/Release/net8.0/SGuard.DataAnnotations.Tests.dll" adapterTypeName="executor://xunit/VsTestRunner3/netcore/" className="SGuard.DataAnnotations.Tests.Attributes.SGuardValidationAttributeBaseFallbackTests" name="Returns_FallbackResource_IfMainResourceMissing_AndFallbackResourceExists" />
    </UnitTest>
    <UnitTest name="SGuard.DataAnnotations.Tests.Attributes.SGuardBetweenAttributeTests.Constructor_DefaultsToInclusive" storage="/home/runner/work/sguard.dataannotations/sguard.dataannotations/sguard.dataannotations.tests/bin/release/net8.0/sguard.dataannotations.tests.dll" id="2986eca1-77a1-4319-3b1b-6fa3d5a3f516">
      <Execution id="b748e290-212a-43f9-9683-f92802416375" />
      <TestMethod codeBase="/home/runner/work/SGuard.DataAnnotations/SGuard.DataAnnotations/SGuard.DataAnnotations.Tests/bin/Release/net8.0/SGuard.DataAnnotations.Tests.dll" adapterTypeName="executor://xunit/VsTestRunner3/netcore/" className="SGuard.DataAnnotations.Tests.Attributes.SGuardBetweenAttributeTests" name="Constructor_DefaultsToInclusive" />
    </UnitTest>
    <UnitTest name="SGuard.DataAnnotations.Tests.Attributes.SGuardRequiredCollectionAttributeTests.ReturnsError_WhenArrayIsEmpty" storage="/home/runner/work/sguard.dataannotations/sguard.dataannotations/sguard.dataannotations.tests/bin/release/net8.0/sguard.dataannotations.tests.dll" id="9f63bd5d-0f31-1ffd-576e-c665a4cc7de0">
      <Execution id="bad86dd2-4bfa-4405-b314-6095777e86cd" />
      <TestMethod codeBase="/home/runner/work/SGuard.DataAnnotations/SGuard.DataAnnotations/SGuard.DataAnnotations.Tests/bin/Release/net8.0/SGuard.DataAnnotations.Tests.dll" adapterTypeName="executor://xunit/VsTestRunner3/netcore/" className="SGuard.DataAnnotations.Tests.Attributes.SGuardRequiredCollectionAttributeTests" name="ReturnsError_WhenArrayIsEmpty" />
    </UnitTest>
    <UnitTest name="SGuard.DataAnnotations.Tests.Attributes.SGuardMaxCountAttributeTests.ReturnsSuccess_WhenValueIsNull" storage="/home/runner/work/sguard.dataannotations/sguard.dataannotations/sguard.dataannotations.tests/bin/release/net8.0/sguard.dataannotations.tests.dll" id="06c65910-8332-c5fd-1e18-cc91e6b26b03">
      <Execution id="7c5572c0-539a-42df-957b-0a1ce8c2cf78" />
      <TestMethod codeBase="/home/runner/work/SGuard.DataAnnotations/SGuard.DataAnnotations/SGuard.DataAnnotations.Tests/bin/Release/net8.0/SGuard.DataAnnotations.Tests.dll" adapterTypeName="executor://xunit/VsTestRunner3/netcore/" className="SGuard.DataAnnotations.Tests.Attributes.SGuardMaxCountAttributeTests" name="ReturnsSuccess_WhenValueIsNull" />
    </UnitTest>
    <UnitTest name="SGuard.DataAnnotations.Tests.Attributes.SGuardCreditCardAttributeTests.HandlesLeadingTrailingWhitespace" storage="/home/runner/work/sguard.dataannotations/sguard.dataannotations/sguard.dataannotations.tests/bin/release/net8.0/sguard.dataannotations.tests.dll" id="726ad79d-7dd6-0f82-8173-b2f753aae5b2">
      <Execution id="70148ffa-0671-4dec-a3c4-b54b095bd4b0" />
      <TestMethod codeBase="/home/runner/work/SGuard.DataAnnotations/SGuard.DataAnnotations/SGuard.DataAnnotations.Tests/bin/Release/net8.0/SGuard.DataAnnotations.Tests.dll" adapterTypeName="executor://xunit/VsTestRunner3/netcore/" className="SGuard.DataAnnotations.Tests.Attributes.SGuardCreditCardAttributeTests" name="HandlesLeadingTrailingWhitespace" />
    </UnitTest>
    <UnitTest name="SGuard.DataAnnotations.Tests.Attributes.SGuardEmailAddressAttributeTests.ReturnsLocalizedErrorMessage_WhenCultureIsSet(culture: &quot;tr&quot;)" storage="/home/runner/work/sguard.dataannotations/sguard.dataannotations/sguard.dataannotations.tests/bin/release/net8.0/sguard.dataannotations.tests.dll" id="072e86b7-7eb2-688d-998d-1e5870775db4">
      <Execution id="de8e8ba0-b005-45cc-98e3-7a29709f10d7" />
      <TestMethod codeBase="/home/runner/work/SGuard.DataAnnotations/SGuard.DataAnnotations/SGuard.DataAnnotations.Tests/bin/Release/net8.0/SGuard.DataAnnotations.Tests.dll" adapterTypeName="executor://xunit/VsTestRunner3/netcore/" className="SGuard.DataAnnotations.Tests.Attributes.SGuardEmailAddressAttributeTests" name="ReturnsLocalizedErrorMessage_WhenCultureIsSet" />
    </UnitTest>
    <UnitTest name="SGuard.DataAnnotations.Tests.Attributes.SGuardRequiredIfAttributeTests.ReturnsError_WhenConditionMet_AndValueIsNull" storage="/home/runner/work/sguard.dataannotations/sguard.dataannotations/sguard.dataannotations.tests/bin/release/net8.0/sguard.dataannotations.tests.dll" id="c7ec37c9-24c3-32c1-fc65-b1136af2dde0">
      <Execution id="beebe143-6026-4839-a571-4807425689bb" />
      <TestMethod codeBase="/home/runner/work/SGuard.DataAnnotations/SGuard.DataAnnotations/SGuard.DataAnnotations.Tests/bin/Release/net8.0/SGuard.DataAnnotations.Tests.dll" adapterTypeName="executor://xunit/VsTestRunner3/netcore/" className="SGuard.DataAnnotations.Tests.Attributes.SGuardRequiredIfAttributeTests" name="ReturnsError_WhenConditionMet_AndValueIsNull" />
    </UnitTest>
    <UnitTest name="SGuard.DataAnnotations.Tests.Attributes.SGuardCollectionItemsMatchAttributeTests.ReturnsError_OnFirstInvalidItem_WhenAggregateAllErrorsFalse" storage="/home/runner/work/sguard.dataannotations/sguard.dataannotations/sguard.dataannotations.tests/bin/release/net8.0/sguard.dataannotations.tests.dll" id="bb86542c-3e76-c608-0153-01d9417953db">
      <Execution id="3c00f0d5-0fd8-4540-ae0c-838b358d6af2" />
      <TestMethod codeBase="/home/runner/work/SGuard.DataAnnotations/SGuard.DataAnnotations/SGuard.DataAnnotations.Tests/bin/Release/net8.0/SGuard.DataAnnotations.Tests.dll" adapterTypeName="executor://xunit/VsTestRunner3/netcore/" className="SGuard.DataAnnotations.Tests.Attributes.SGuardCollectionItemsMatchAttributeTests" name="ReturnsError_OnFirstInvalidItem_WhenAggregateAllErrorsFalse" />
    </UnitTest>
    <UnitTest name="SGuard.DataAnnotations.Tests.DataAnnotation.ThrowIfTests.DataAnnotationsInValid_NullExceptionInstance_ThrowsArgumentNullExceptionAndDoesNotInvokeCallback" storage="/home/runner/work/sguard.dataannotations/sguard.dataannotations/sguard.dataannotations.tests/bin/release/net8.0/sguard.dataannotations.tests.dll" id="926ef732-1aa1-5a08-5893-23ee6117a9ac">
      <Execution id="4951720e-19e9-4506-92b0-63355e8cc079" />
      <TestMethod codeBase="/home/runner/work/SGuard.DataAnnotations/SGuard.DataAnnotations/SGuard.DataAnnotations.Tests/bin/Release/net8.0/SGuard.DataAnnotations.Tests.dll" adapterTypeName="executor://xunit/VsTestRunner3/netcore/" className="SGuard.DataAnnotations.Tests.DataAnnotation.ThrowIfTests" name="DataAnnotationsInValid_NullExceptionInstance_ThrowsArgumentNullExceptionAndDoesNotInvokeCallback" />
    </UnitTest>
    <UnitTest name="SGuard.DataAnnotations.Tests.Attributes.SGuardCreditCardAttributeTests.Constructor_SetsPropertiesCorrectly" storage="/home/runner/work/sguard.dataannotations/sguard.dataannotations/sguard.dataannotations.tests/bin/release/net8.0/sguard.dataannotations.tests.dll" id="d22fb08b-8562-9efb-f076-1e553fb1dcde">
      <Execution id="e996ad36-0be2-402a-9fec-fd748d56b8cc" />
      <TestMethod codeBase="/home/runner/work/SGuard.DataAnnotations/SGuard.DataAnnotations/SGuard.DataAnnotations.Tests/bin/Release/net8.0/SGuard.DataAnnotations.Tests.dll" adapterTypeName="executor://xunit/VsTestRunner3/netcore/" className="SGuard.DataAnnotations.Tests.Attributes.SGuardCreditCardAttributeTests" name="Constructor_SetsPropertiesCorrectly" />
    </UnitTest>
    <UnitTest name="SGuard.DataAnnotations.Tests.Attributes.SGuardRequiredIfAttributeTests.ReturnsError_WhenDependentPropertyDoesNotExist" storage="/home/runner/work/sguard.dataannotations/sguard.dataannotations/sguard.dataannotations.tests/bin/release/net8.0/sguard.dataannotations.tests.dll" id="842e542c-40fa-3c20-0411-bbfe8c1ae453">
      <Execution id="354c0efc-7ecb-4c1a-87b7-3263593ef513" />
      <TestMethod codeBase="/home/runner/work/SGuard.DataAnnotations/SGuard.DataAnnotations/SGuard.DataAnnotations.Tests/bin/Release/net8.0/SGuard.DataAnnotations.Tests.dll" adapterTypeName="executor://xunit/VsTestRunner3/netcore/" className="SGuard.DataAnnotations.Tests.Attributes.SGuardRequiredIfAttributeTests" name="ReturnsError_WhenDependentPropertyDoesNotExist" />
    </UnitTest>
    <UnitTest name="SGuard.DataAnnotations.Tests.Attributes.SGuardBetweenAttributeTests.ReturnsError_WhenMaxValueIsNull" storage="/home/runner/work/sguard.dataannotations/sguard.dataannotations/sguard.dataannotations.tests/bin/release/net8.0/sguard.dataannotations.tests.dll" id="191f749e-fb36-423d-3ffc-8c8d13d8da31">
      <Execution id="c0098a10-2de7-44ad-b0e8-69387f797e0e" />
      <TestMethod codeBase="/home/runner/work/SGuard.DataAnnotations/SGuard.DataAnnotations/SGuard.DataAnnotations.Tests/bin/Release/net8.0/SGuard.DataAnnotations.Tests.dll" adapterTypeName="executor://xunit/VsTestRunner3/netcore/" className="SGuard.DataAnnotations.Tests.Attributes.SGuardBetweenAttributeTests" name="ReturnsError_WhenMaxValueIsNull" />
    </UnitTest>
    <UnitTest name="SGuard.DataAnnotations.Tests.Attributes.SGuardCreditCardAttributeTests.ReturnsSuccess_WhenValueIsValidTestCreditCard(cardNumber: &quot;3566002020360505&quot;)" storage="/home/runner/work/sguard.dataannotations/sguard.dataannotations/sguard.dataannotations.tests/bin/release/net8.0/sguard.dataannotations.tests.dll" id="06fd7059-3d6f-6c93-7a5a-42eb775a541b">
      <Execution id="ff9e40c5-41ec-48f6-8a3b-11dab2aca0eb" />
      <TestMethod codeBase="/home/runner/work/SGuard.DataAnnotations/SGuard.DataAnnotations/SGuard.DataAnnotations.Tests/bin/Release/net8.0/SGuard.DataAnnotations.Tests.dll" adapterTypeName="executor://xunit/VsTestRunner3/netcore/" className="SGuard.DataAnnotations.Tests.Attributes.SGuardCreditCardAttributeTests" name="ReturnsSuccess_WhenValueIsValidTestCreditCard" />
    </UnitTest>
    <UnitTest name="SGuard.DataAnnotations.Tests.Attributes.SGuardCreditCardAttributeTests.EcommerceCheckout_FormattedCard_Success" storage="/home/runner/work/sguard.dataannotations/sguard.dataannotations/sguard.dataannotations.tests/bin/release/net8.0/sguard.dataannotations.tests.dll" id="d4bc526c-662a-9d26-36b5-1e54e7922be1">
      <Execution id="0dfa27df-3ed6-4570-b90d-3495368da8d2" />
      <TestMethod codeBase="/home/runner/work/SGuard.DataAnnotations/SGuard.DataAnnotations/SGuard.DataAnnotations.Tests/bin/Release/net8.0/SGuard.DataAnnotations.Tests.dll" adapterTypeName="executor://xunit/VsTestRunner3/netcore/" className="SGuard.DataAnnotations.Tests.Attributes.SGuardCreditCardAttributeTests" name="EcommerceCheckout_FormattedCard_Success" />
    </UnitTest>
    <UnitTest name="SGuard.DataAnnotations.Tests.Attributes.SGuardUrlAttributeTests.ThrowsArgumentNullException_WhenResourceNameIsNull" storage="/home/runner/work/sguard.dataannotations/sguard.dataannotations/sguard.dataannotations.tests/bin/release/net8.0/sguard.dataannotations.tests.dll" id="a08e760c-58a4-705b-7818-14cc52b1e625">
      <Execution id="cd5da873-7d9a-44a9-ac33-abf41526cfea" />
      <TestMethod codeBase="/home/runner/work/SGuard.DataAnnotations/SGuard.DataAnnotations/SGuard.DataAnnotations.Tests/bin/Release/net8.0/SGuard.DataAnnotations.Tests.dll" adapterTypeName="executor://xunit/VsTestRunner3/netcore/" className="SGuard.DataAnnotations.Tests.Attributes.SGuardUrlAttributeTests" name="ThrowsArgumentNullException_WhenResourceNameIsNull" />
    </UnitTest>
    <UnitTest name="SGuard.DataAnnotations.Tests.Attributes.SGuardBetweenAttributeTests.Constructor_ThrowsArgumentNullException_WhenMinPropertyIsNull" storage="/home/runner/work/sguard.dataannotations/sguard.dataannotations/sguard.dataannotations.tests/bin/release/net8.0/sguard.dataannotations.tests.dll" id="66a7b72e-e613-1578-a384-99df38db76ce">
      <Execution id="b4f7a8cb-55e8-450c-9dc6-838bf9482a8c" />
      <TestMethod codeBase="/home/runner/work/SGuard.DataAnnotations/SGuard.DataAnnotations/SGuard.DataAnnotations.Tests/bin/Release/net8.0/SGuard.DataAnnotations.Tests.dll" adapterTypeName="executor://xunit/VsTestRunner3/netcore/" className="SGuard.DataAnnotations.Tests.Attributes.SGuardBetweenAttributeTests" name="Constructor_ThrowsArgumentNullException_WhenMinPropertyIsNull" />
    </UnitTest>
    <UnitTest name="SGuard.DataAnnotations.Tests.Attributes.SGuardCollectionItemsMatchAttributeTests.ReturnsError_WhenItemNull_AndRequiredAttribute" storage="/home/runner/work/sguard.dataannotations/sguard.dataannotations/sguard.dataannotations.tests/bin/release/net8.0/sguard.dataannotations.tests.dll" id="68b2f833-f4f3-d363-fc70-ea2d94c57e1a">
      <Execution id="9ae4c0c2-6144-4199-b81d-a48f937737c5" />
      <TestMethod codeBase="/home/runner/work/SGuard.DataAnnotations/SGuard.DataAnnotations/SGuard.DataAnnotations.Tests/bin/Release/net8.0/SGuard.DataAnnotations.Tests.dll" adapterTypeName="executor://xunit/VsTestRunner3/netcore/" className="SGuard.DataAnnotations.Tests.Attributes.SGuardCollectionItemsMatchAttributeTests" name="ReturnsError_WhenItemNull_AndRequiredAttribute" />
    </UnitTest>
    <UnitTest name="SGuard.DataAnnotations.Tests.Attributes.SGuardCreditCardAttributeTests.UsesInvariantCulture_WhenResourceNotFound" storage="/home/runner/work/sguard.dataannotations/sguard.dataannotations/sguard.dataannotations.tests/bin/release/net8.0/sguard.dataannotations.tests.dll" id="d45fd41a-f325-8d0c-8cb4-5ef3eec767f3">
      <Execution id="ab493395-da17-43a5-8f9f-ce3926f3fbd6" />
      <TestMethod codeBase="/home/runner/work/SGuard.DataAnnotations/SGuard.DataAnnotations/SGuard.DataAnnotations.Tests/bin/Release/net8.0/SGuard.DataAnnotations.Tests.dll" adapterTypeName="executor://xunit/VsTestRunner3/netcore/" className="SGuard.DataAnnotations.Tests.Attributes.SGuardCreditCardAttributeTests" name="UsesInvariantCulture_WhenResourceNotFound" />
    </UnitTest>
    <UnitTest name="SGuard.DataAnnotations.Tests.Attributes.SGuardBetweenAttributeTests.SupportsMultipleAttributes_OnSameProperty" storage="/home/runner/work/sguard.dataannotations/sguard.dataannotations/sguard.dataannotations.tests/bin/release/net8.0/sguard.dataannotations.tests.dll" id="624d1e9e-c1f1-b5dd-e74e-7b5abb6322df">
      <Execution id="b2667029-5a8f-4393-9fa1-b7efed00d2b0" />
      <TestMethod codeBase="/home/runner/work/SGuard.DataAnnotations/SGuard.DataAnnotations/SGuard.DataAnnotations.Tests/bin/Release/net8.0/SGuard.DataAnnotations.Tests.dll" adapterTypeName="executor://xunit/VsTestRunner3/netcore/" className="SGuard.DataAnnotations.Tests.Attributes.SGuardBetweenAttributeTests" name="SupportsMultipleAttributes_OnSameProperty" />
    </UnitTest>
    <UnitTest name="SGuard.DataAnnotations.Tests.Attributes.SGuardLessThanAttributeTests.ReturnsError_WhenDateValueIsNotLessThanOther" storage="/home/runner/work/sguard.dataannotations/sguard.dataannotations/sguard.dataannotations.tests/bin/release/net8.0/sguard.dataannotations.tests.dll" id="d156e5b9-654d-a683-4a2d-9157a01701ce">
      <Execution id="d3b01b0e-c569-41f0-aaf0-18d306fe84c2" />
      <TestMethod codeBase="/home/runner/work/SGuard.DataAnnotations/SGuard.DataAnnotations/SGuard.DataAnnotations.Tests/bin/Release/net8.0/SGuard.DataAnnotations.Tests.dll" adapterTypeName="executor://xunit/VsTestRunner3/netcore/" className="SGuard.DataAnnotations.Tests.Attributes.SGuardLessThanAttributeTests" name="ReturnsError_WhenDateValueIsNotLessThanOther" />
    </UnitTest>
    <UnitTest name="SGuard.DataAnnotations.Tests.Attributes.SGuardEmailAddressAttributeTests.ReturnsSuccess_WhenValueIsValidEmailFormat(email: &quot;user@subdomain.example.com&quot;)" storage="/home/runner/work/sguard.dataannotations/sguard.dataannotations/sguard.dataannotations.tests/bin/release/net8.0/sguard.dataannotations.tests.dll" id="d44438ac-5ac5-1994-012e-9960a5cd4e40">
      <Execution id="e14b9016-8b21-4071-b759-41e1125a368d" />
      <TestMethod codeBase="/home/runner/work/SGuard.DataAnnotations/SGuard.DataAnnotations/SGuard.DataAnnotations.Tests/bin/Release/net8.0/SGuard.DataAnnotations.Tests.dll" adapterTypeName="executor://xunit/VsTestRunner3/netcore/" className="SGuard.DataAnnotations.Tests.Attributes.SGuardEmailAddressAttributeTests" name="ReturnsSuccess_WhenValueIsValidEmailFormat" />
    </UnitTest>
    <UnitTest name="SGuard.DataAnnotations.Tests.Attributes.SGuardMaxCountAttributeTests.ReturnsError_WhenValueIsNotACollection" storage="/home/runner/work/sguard.dataannotations/sguard.dataannotations/sguard.dataannotations.tests/bin/release/net8.0/sguard.dataannotations.tests.dll" id="e652b505-a128-5c9b-29b5-90454fd80729">
      <Execution id="280b1a86-34cb-4248-b7d5-0ca9d293f5e7" />
      <TestMethod codeBase="/home/runner/work/SGuard.DataAnnotations/SGuard.DataAnnotations/SGuard.DataAnnotations.Tests/bin/Release/net8.0/SGuard.DataAnnotations.Tests.dll" adapterTypeName="executor://xunit/VsTestRunner3/netcore/" className="SGuard.DataAnnotations.Tests.Attributes.SGuardMaxCountAttributeTests" name="ReturnsError_WhenValueIsNotACollection" />
    </UnitTest>
    <UnitTest name="SGuard.DataAnnotations.Tests.Attributes.SGuardLessThanAttributeTests.ReturnsError_WhenValueIsNull" storage="/home/runner/work/sguard.dataannotations/sguard.dataannotations/sguard.dataannotations.tests/bin/release/net8.0/sguard.dataannotations.tests.dll" id="459571cd-a7a6-19f8-467f-defe386a04a8">
      <Execution id="e1d42587-370e-418c-b8f8-692aee812039" />
      <TestMethod codeBase="/home/runner/work/SGuard.DataAnnotations/SGuard.DataAnnotations/SGuard.DataAnnotations.Tests/bin/Release/net8.0/SGuard.DataAnnotations.Tests.dll" adapterTypeName="executor://xunit/VsTestRunner3/netcore/" className="SGuard.DataAnnotations.Tests.Attributes.SGuardLessThanAttributeTests" name="ReturnsError_WhenValueIsNull" />
    </UnitTest>
    <UnitTest name="SGuard.DataAnnotations.Tests.Attributes.SGuardCreditCardAttributeTests.ReturnsLocalizedErrorMessage_WhenCultureIsSet(culture: &quot;en&quot;)" storage="/home/runner/work/sguard.dataannotations/sguard.dataannotations/sguard.dataannotations.tests/bin/release/net8.0/sguard.dataannotations.tests.dll" id="c6674468-57bf-3713-9fad-0608e1c0c823">
      <Execution id="8cc30863-8f03-43b4-9da7-126193db0495" />
      <TestMethod codeBase="/home/runner/work/SGuard.DataAnnotations/SGuard.DataAnnotations/SGuard.DataAnnotations.Tests/bin/Release/net8.0/SGuard.DataAnnotations.Tests.dll" adapterTypeName="executor://xunit/VsTestRunner3/netcore/" className="SGuard.DataAnnotations.Tests.Attributes.SGuardCreditCardAttributeTests" name="ReturnsLocalizedErrorMessage_WhenCultureIsSet" />
    </UnitTest>
    <UnitTest name="SGuard.DataAnnotations.Tests.Attributes.SGuardCreditCardAttributeTests.ReturnsSuccess_WhenValueIsValidTestCreditCard(cardNumber: &quot;5105105105105100&quot;)" storage="/home/runner/work/sguard.dataannotations/sguard.dataannotations/sguard.dataannotations.tests/bin/release/net8.0/sguard.dataannotations.tests.dll" id="0b94c834-d90e-9605-45d2-d9d132ae666f">
      <Execution id="06fff16f-c505-434d-8f79-4f6cfaac9612" />
      <TestMethod codeBase="/home/runner/work/SGuard.DataAnnotations/SGuard.DataAnnotations/SGuard.DataAnnotations.Tests/bin/Release/net8.0/SGuard.DataAnnotations.Tests.dll" adapterTypeName="executor://xunit/VsTestRunner3/netcore/" className="SGuard.DataAnnotations.Tests.Attributes.SGuardCreditCardAttributeTests" name="ReturnsSuccess_WhenValueIsValidTestCreditCard" />
    </UnitTest>
    <UnitTest name="SGuard.DataAnnotations.Tests.Attributes.SGuardValidationAttributeBaseFallbackTests.Returns_MainResource_WhenResourceExists" storage="/home/runner/work/sguard.dataannotations/sguard.dataannotations/sguard.dataannotations.tests/bin/release/net8.0/sguard.dataannotations.tests.dll" id="bc581a35-5a81-5892-32b0-58a7491e0aba">
      <Execution id="9469be5e-9937-4c6c-aeca-0e678686709f" />
      <TestMethod codeBase="/home/runner/work/SGuard.DataAnnotations/SGuard.DataAnnotations/SGuard.DataAnnotations.Tests/bin/Release/net8.0/SGuard.DataAnnotations.Tests.dll" adapterTypeName="executor://xunit/VsTestRunner3/netcore/" className="SGuard.DataAnnotations.Tests.Attributes.SGuardValidationAttributeBaseFallbackTests" name="Returns_MainResource_WhenResourceExists" />
    </UnitTest>
    <UnitTest name="SGuard.DataAnnotations.Tests.Attributes.SGuardEmailAddressAttributeTests.ReturnsSuccess_WhenValueIsCommonEmailProvider(email: &quot;user@msn.com&quot;)" storage="/home/runner/work/sguard.dataannotations/sguard.dataannotations/sguard.dataannotations.tests/bin/release/net8.0/sguard.dataannotations.tests.dll" id="5e3af1c4-3528-aed8-76db-88c3ab3aa210">
      <Execution id="070451e5-6de9-4d26-902a-d87086e560eb" />
      <TestMethod codeBase="/home/runner/work/SGuard.DataAnnotations/SGuard.DataAnnotations/SGuard.DataAnnotations.Tests/bin/Release/net8.0/SGuard.DataAnnotations.Tests.dll" adapterTypeName="executor://xunit/VsTestRunner3/netcore/" className="SGuard.DataAnnotations.Tests.Attributes.SGuardEmailAddressAttributeTests" name="ReturnsSuccess_WhenValueIsCommonEmailProvider" />
    </UnitTest>
    <UnitTest name="SGuard.DataAnnotations.Tests.Attributes.SGuardCreditCardAttributeTests.ReturnsLocalizedErrorMessage_WhenCultureIsSet(culture: &quot;de&quot;)" storage="/home/runner/work/sguard.dataannotations/sguard.dataannotations/sguard.dataannotations.tests/bin/release/net8.0/sguard.dataannotations.tests.dll" id="35cd39b6-9fc9-e727-c160-6599970b4a46">
      <Execution id="7918d28c-89e5-4ae8-b71c-2b64d0fd1897" />
      <TestMethod codeBase="/home/runner/work/SGuard.DataAnnotations/SGuard.DataAnnotations/SGuard.DataAnnotations.Tests/bin/Release/net8.0/SGuard.DataAnnotations.Tests.dll" adapterTypeName="executor://xunit/VsTestRunner3/netcore/" className="SGuard.DataAnnotations.Tests.Attributes.SGuardCreditCardAttributeTests" name="ReturnsLocalizedErrorMessage_WhenCultureIsSet" />
    </UnitTest>
    <UnitTest name="SGuard.DataAnnotations.Tests.Attributes.SGuardBetweenAttributeTests.ReturnsSuccess_WhenValueIsOnBounds_Inclusive" storage="/home/runner/work/sguard.dataannotations/sguard.dataannotations/sguard.dataannotations.tests/bin/release/net8.0/sguard.dataannotations.tests.dll" id="3ed4f947-b1f0-26b6-00d3-ec8f0acffb81">
      <Execution id="d57ad808-2891-4f11-b930-3c3aea5b9539" />
      <TestMethod codeBase="/home/runner/work/SGuard.DataAnnotations/SGuard.DataAnnotations/SGuard.DataAnnotations.Tests/bin/Release/net8.0/SGuard.DataAnnotations.Tests.dll" adapterTypeName="executor://xunit/VsTestRunner3/netcore/" className="SGuard.DataAnnotations.Tests.Attributes.SGuardBetweenAttributeTests" name="ReturnsSuccess_WhenValueIsOnBounds_Inclusive" />
    </UnitTest>
    <UnitTest name="SGuard.DataAnnotations.Tests.Attributes.SGuardCompareAttributeTests.HandlesMinMaxDateTimeValues" storage="/home/runner/work/sguard.dataannotations/sguard.dataannotations/sguard.dataannotations.tests/bin/release/net8.0/sguard.dataannotations.tests.dll" id="61c2b2fd-0ce4-077d-21b4-8840be5ccace">
      <Execution id="366d252e-954a-4e3e-aa1a-2bb312b5578e" />
      <TestMethod codeBase="/home/runner/work/SGuard.DataAnnotations/SGuard.DataAnnotations/SGuard.DataAnnotations.Tests/bin/Release/net8.0/SGuard.DataAnnotations.Tests.dll" adapterTypeName="executor://xunit/VsTestRunner3/netcore/" className="SGuard.DataAnnotations.Tests.Attributes.SGuardCompareAttributeTests" name="HandlesMinMaxDateTimeValues" />
    </UnitTest>
  </TestDefinitions>
  <TestEntries>
    <TestEntry testId="0367e79a-4921-fb2e-f4bc-6e70d3dbd5a0" executionId="c8c369b9-67af-4701-b225-5747dcc83e8f" testListId="8c84fa94-04c1-424b-9868-57a2d4851a1d" />
    <TestEntry testId="624a2de5-bfea-7fa5-ee1a-26526dad9b4c" executionId="8fa744dd-5cfb-4aac-9d78-c09cab903f67" testListId="8c84fa94-04c1-424b-9868-57a2d4851a1d" />
    <TestEntry testId="1c56d25b-3fa2-0b50-9bef-dde7f6b97d13" executionId="1640fcdf-d505-47c3-b028-76bb7697de37" testListId="8c84fa94-04c1-424b-9868-57a2d4851a1d" />
    <TestEntry testId="be8251c6-c94a-bbb7-cb6e-0f98d6eeb89f" executionId="d0435d6d-a3df-4315-8a0d-67d5cb8ca230" testListId="8c84fa94-04c1-424b-9868-57a2d4851a1d" />
    <TestEntry testId="ffb894f2-8b4e-535d-2181-50be0cbf54c4" executionId="3f7ac9cb-69b4-44e7-a4e3-330625650c05" testListId="8c84fa94-04c1-424b-9868-57a2d4851a1d" />
    <TestEntry testId="aa49b1a7-b42b-1198-9a54-7252e411bd8c" executionId="1508c223-bb0e-40ca-be90-4ce1e6f16fc9" testListId="8c84fa94-04c1-424b-9868-57a2d4851a1d" />
    <TestEntry testId="8e691b6b-f7e7-4d53-52eb-73fbaa8af003" executionId="28358ed0-02ae-42b2-b65e-b5a29d5d3a2a" testListId="8c84fa94-04c1-424b-9868-57a2d4851a1d" />
    <TestEntry testId="459571cd-a7a6-19f8-467f-defe386a04a8" executionId="e1d42587-370e-418c-b8f8-692aee812039" testListId="8c84fa94-04c1-424b-9868-57a2d4851a1d" />
    <TestEntry testId="f9da4098-2126-5914-73e0-8e7dcc348997" executionId="bf13a252-d2d4-4611-83b7-ad4ed9a88504" testListId="8c84fa94-04c1-424b-9868-57a2d4851a1d" />
    <TestEntry testId="afa1a1c3-1be6-2bed-8ff7-68131025b419" executionId="cfcd60b6-1333-4c4d-b77f-2cc665b7d45d" testListId="8c84fa94-04c1-424b-9868-57a2d4851a1d" />
    <TestEntry testId="d1018631-d89f-4c5e-539a-e617e86cc282" executionId="cfa094a8-ea48-41c2-b4b9-17ca06dbaa10" testListId="8c84fa94-04c1-424b-9868-57a2d4851a1d" />
    <TestEntry testId="9bd00603-596a-036f-3eff-e8840deb4fcd" executionId="dd26678b-b5bf-4ab0-b704-0395c2a952ad" testListId="8c84fa94-04c1-424b-9868-57a2d4851a1d" />
    <TestEntry testId="080775d4-6b69-5bc3-992d-f0e3c7374a4e" executionId="8177cf7a-e8e5-4d0f-98e6-157f64908092" testListId="8c84fa94-04c1-424b-9868-57a2d4851a1d" />
    <TestEntry testId="75d791fa-8719-80d0-9a8b-76d17eff6ec0" executionId="301de4a2-7989-464e-8d4f-4d96555f06e2" testListId="8c84fa94-04c1-424b-9868-57a2d4851a1d" />
    <TestEntry testId="51c51bea-f89b-c996-c1ac-8ab3ff59328a" executionId="7ad3fef4-b992-4cf0-8dcd-bfb13fb77c3f" testListId="8c84fa94-04c1-424b-9868-57a2d4851a1d" />
    <TestEntry testId="c28794e5-0b00-cfed-b0d4-4828aebaa541" executionId="b122b3bf-3c3a-48d6-9b58-4c03ed8620a4" testListId="8c84fa94-04c1-424b-9868-57a2d4851a1d" />
    <TestEntry testId="603feeed-2241-e035-6017-b1d30d094808" executionId="6b53a225-fcf3-4cd9-9a4c-6e50fbf4f0c7" testListId="8c84fa94-04c1-424b-9868-57a2d4851a1d" />
    <TestEntry testId="58d16fdf-e597-97fe-e122-05c7faace010" executionId="97e94fe8-6ea8-4b75-a9ee-2ce5571e222e" testListId="8c84fa94-04c1-424b-9868-57a2d4851a1d" />
    <TestEntry testId="71aa4210-ac3e-e7c3-0653-b089cbb506b7" executionId="2e884678-90ef-415e-a009-4404fde8bef8" testListId="8c84fa94-04c1-424b-9868-57a2d4851a1d" />
    <TestEntry testId="d5007b2b-ab54-ae79-231b-56cdbf0fbe4d" executionId="abeb76d9-8bf5-43a8-b2c3-7001786bda74" testListId="8c84fa94-04c1-424b-9868-57a2d4851a1d" />
    <TestEntry testId="ba3baf4e-5572-7eb4-1d1d-9af5f600a7e3" executionId="d1116b2e-8809-4ead-b042-7fd29898935f" testListId="8c84fa94-04c1-424b-9868-57a2d4851a1d" />
    <TestEntry testId="f37e4da3-55e9-bcbc-5daa-20e2f9ea9c73" executionId="50677343-d5fe-481c-8a8e-b3884c35b84b" testListId="8c84fa94-04c1-424b-9868-57a2d4851a1d" />
    <TestEntry testId="62c9ec44-80ed-02a9-9ec1-e3f94f21f664" executionId="91c4e79c-5ee6-4835-814e-ea38bc1b6eb5" testListId="8c84fa94-04c1-424b-9868-57a2d4851a1d" />
    <TestEntry testId="bc581a35-5a81-5892-32b0-58a7491e0aba" executionId="9469be5e-9937-4c6c-aeca-0e678686709f" testListId="8c84fa94-04c1-424b-9868-57a2d4851a1d" />
    <TestEntry testId="f39808db-9b00-19f3-92ea-395a8ce4cfc2" executionId="410e17f6-290b-4ff2-921a-e4378e0131b7" testListId="8c84fa94-04c1-424b-9868-57a2d4851a1d" />
    <TestEntry testId="8028fcff-b93c-8107-74d3-7689a546ca5d" executionId="936acd80-e28e-4883-82da-18f6301f2a11" testListId="8c84fa94-04c1-424b-9868-57a2d4851a1d" />
    <TestEntry testId="99445827-2f44-646b-8068-3cffaf9372f0" executionId="608cd76d-549b-4411-9dda-43cb87618db9" testListId="8c84fa94-04c1-424b-9868-57a2d4851a1d" />
    <TestEntry testId="1923b67c-2b64-459e-4f8d-07b0052405ab" executionId="0111baef-7011-4650-93ea-43a782b15627" testListId="8c84fa94-04c1-424b-9868-57a2d4851a1d" />
    <TestEntry testId="b6ca7894-434a-5884-55a8-7095b45f842e" executionId="53437940-9b14-4633-88a2-e0ffd6c24703" testListId="8c84fa94-04c1-424b-9868-57a2d4851a1d" />
    <TestEntry testId="07fcde81-a5d2-9bc2-a2d7-57e55070e45d" executionId="1dba7007-d917-4849-bbba-65e648c0d7b3" testListId="8c84fa94-04c1-424b-9868-57a2d4851a1d" />
    <TestEntry testId="2f2f4dfd-d686-918e-9cdb-c64365a18a4e" executionId="a2bb3cdd-d312-46fd-b685-2bd5f51fa080" testListId="8c84fa94-04c1-424b-9868-57a2d4851a1d" />
    <TestEntry testId="cce1e892-556c-9cd2-ed64-426f363a29c2" executionId="6b2ab55e-0d30-4ce6-b4c3-91b6ae396316" testListId="8c84fa94-04c1-424b-9868-57a2d4851a1d" />
    <TestEntry testId="68b2f833-f4f3-d363-fc70-ea2d94c57e1a" executionId="9ae4c0c2-6144-4199-b81d-a48f937737c5" testListId="8c84fa94-04c1-424b-9868-57a2d4851a1d" />
    <TestEntry testId="a4f33591-7a3c-578a-9bbc-4bab9c2eb6fa" executionId="71bf3c29-06e5-4357-8f98-a8db76daa595" testListId="8c84fa94-04c1-424b-9868-57a2d4851a1d" />
    <TestEntry testId="a011312a-4f9e-2d4f-469f-23423f0b646f" executionId="75bb0e2f-8bfb-4dec-931d-d1ec5a5048f1" testListId="8c84fa94-04c1-424b-9868-57a2d4851a1d" />
    <TestEntry testId="1cecb8f8-3ff9-1ef0-493d-f648271a52e2" executionId="b76ee0f7-da8b-4266-8f34-e61428884fdf" testListId="8c84fa94-04c1-424b-9868-57a2d4851a1d" />
    <TestEntry testId="726ad79d-7dd6-0f82-8173-b2f753aae5b2" executionId="70148ffa-0671-4dec-a3c4-b54b095bd4b0" testListId="8c84fa94-04c1-424b-9868-57a2d4851a1d" />
    <TestEntry testId="7f6f5e63-b542-6a07-280f-d21a0c6517aa" executionId="01c9893d-374a-4ee5-af3d-c63006b58966" testListId="8c84fa94-04c1-424b-9868-57a2d4851a1d" />
    <TestEntry testId="8fa6afed-24b8-e0d5-4613-aa654c64059a" executionId="bbf19ba6-a9ea-42aa-839e-a725379e2f66" testListId="8c84fa94-04c1-424b-9868-57a2d4851a1d" />
    <TestEntry testId="e43fb556-9358-00bd-a086-0825e3eb5ea1" executionId="9d8c2c64-d2c8-4b9a-82a3-551615495491" testListId="8c84fa94-04c1-424b-9868-57a2d4851a1d" />
    <TestEntry testId="eeba8c98-cf03-8526-2da6-dee16fbaef49" executionId="f1bc5e93-7cba-4749-96a3-6ee0bf8f146d" testListId="8c84fa94-04c1-424b-9868-57a2d4851a1d" />
    <TestEntry testId="9ddec5fa-479c-3d6f-39eb-a62427813e0c" executionId="b5cdba46-7373-4012-a7ef-3848371c7cd0" testListId="8c84fa94-04c1-424b-9868-57a2d4851a1d" />
    <TestEntry testId="6c394c87-d02e-52ab-96bf-3b401d578b07" executionId="8b316da5-af2d-4cfb-a12f-2f34cf1a21db" testListId="8c84fa94-04c1-424b-9868-57a2d4851a1d" />
    <TestEntry testId="0cba0a5b-0d7e-e849-7306-581f7bb8f2e1" executionId="ea704b93-6f5e-4290-aeba-6c85bc480084" testListId="8c84fa94-04c1-424b-9868-57a2d4851a1d" />
    <TestEntry testId="b24b8f0e-941c-4a81-71f3-3f4ba79c95eb" executionId="23e2ddd9-b65d-4b68-9a79-44a446756ab6" testListId="8c84fa94-04c1-424b-9868-57a2d4851a1d" />
    <TestEntry testId="cbc682c1-72ef-07ff-b3bd-6812b487795a" executionId="d5aa832d-e793-4704-a740-945fe4751d5c" testListId="8c84fa94-04c1-424b-9868-57a2d4851a1d" />
    <TestEntry testId="f2aeed70-0eba-88fa-cdc4-4e0eba39fa22" executionId="26e76ce9-5caf-4fec-90f2-552fc5b29fd3" testListId="8c84fa94-04c1-424b-9868-57a2d4851a1d" />
    <TestEntry testId="ea7531ec-d355-1dfa-c721-6040cdbfd3ab" executionId="9de46a81-37c9-47ff-adb0-7c36d030f142" testListId="8c84fa94-04c1-424b-9868-57a2d4851a1d" />
    <TestEntry testId="c288fc59-5974-71dd-f0f6-35705401b65d" executionId="0dacdb72-a3ee-4092-a62b-1157f92006c3" testListId="8c84fa94-04c1-424b-9868-57a2d4851a1d" />
    <TestEntry testId="35cd39b6-9fc9-e727-c160-6599970b4a46" executionId="7918d28c-89e5-4ae8-b71c-2b64d0fd1897" testListId="8c84fa94-04c1-424b-9868-57a2d4851a1d" />
    <TestEntry testId="21378016-cc6f-36ae-5a9f-490773b0da38" executionId="95c4d85a-4f96-4bb8-9470-66fcafd1daa2" testListId="8c84fa94-04c1-424b-9868-57a2d4851a1d" />
    <TestEntry testId="a3825ee6-ad0d-4819-be97-b9185bfa2c06" executionId="a47046cc-6015-4d87-8bcb-79fc526d1f04" testListId="8c84fa94-04c1-424b-9868-57a2d4851a1d" />
    <TestEntry testId="16d394f6-e09f-d4d6-96d8-204c0f1c5d93" executionId="443a9b19-9fa2-441e-b27a-8315b34e1b02" testListId="8c84fa94-04c1-424b-9868-57a2d4851a1d" />
    <TestEntry testId="0fe6f63a-5577-4d32-ed2e-e8f9f731ea28" executionId="a0f50d01-7a06-4dff-8357-eb88c91c3ef2" testListId="8c84fa94-04c1-424b-9868-57a2d4851a1d" />
    <TestEntry testId="79e8e98c-62af-b136-4f32-eed7ea2d725d" executionId="a888f10e-2681-41b2-a749-1b927558e4c2" testListId="8c84fa94-04c1-424b-9868-57a2d4851a1d" />
    <TestEntry testId="3d035846-09a7-d4eb-b706-8b783fcd4620" executionId="6e222302-5b01-441f-91f5-53a236c949b9" testListId="8c84fa94-04c1-424b-9868-57a2d4851a1d" />
    <TestEntry testId="c97c75c4-b307-7ca6-75ff-9ef0025bb6a0" executionId="46b4c733-4a79-49db-82a2-ee35885cd517" testListId="8c84fa94-04c1-424b-9868-57a2d4851a1d" />
    <TestEntry testId="f2ac8eb8-7f9a-a4b7-d9b1-f5b950d32be0" executionId="5c2f035d-22e6-4146-8744-12cb561e92c7" testListId="8c84fa94-04c1-424b-9868-57a2d4851a1d" />
    <TestEntry testId="b97a18c9-b8e3-b070-3a44-45fbb4abfb42" executionId="ec2c52c4-cbda-4a6b-91a8-4ef87ed2ff09" testListId="8c84fa94-04c1-424b-9868-57a2d4851a1d" />
    <TestEntry testId="817c584a-c6c1-8c21-05d7-289f6ecdeaa5" executionId="74b3965b-4e56-49e9-84f8-10fbb6b545ed" testListId="8c84fa94-04c1-424b-9868-57a2d4851a1d" />
    <TestEntry testId="fdc1127e-4505-c69f-14f4-782af60782bd" executionId="176adf37-ea9c-462e-aa2f-3ac163e7b2ca" testListId="8c84fa94-04c1-424b-9868-57a2d4851a1d" />
    <TestEntry testId="e81f3f09-af79-811e-3ec1-cb518f4d546b" executionId="67099fd5-ba9f-44cb-b57c-6de9ba349f9c" testListId="8c84fa94-04c1-424b-9868-57a2d4851a1d" />
    <TestEntry testId="4ccde377-9d20-8bac-fb75-afb02ae558b3" executionId="ac6d5fc0-3f25-41e4-873e-e98e4ef01ff9" testListId="8c84fa94-04c1-424b-9868-57a2d4851a1d" />
    <TestEntry testId="fcef55f3-7be6-9081-fb1f-2cb1e0dc1954" executionId="0f195f0c-940e-494d-8359-21b71e982f6f" testListId="8c84fa94-04c1-424b-9868-57a2d4851a1d" />
    <TestEntry testId="c00f8b42-d81e-9906-f39b-144ceb96f7a9" executionId="bb3e69ac-15e3-4ecc-b2a9-ccfb8bc54656" testListId="8c84fa94-04c1-424b-9868-57a2d4851a1d" />
    <TestEntry testId="e7c11337-a134-9089-96b8-bef2fdba4ef5" executionId="43f30d66-48b5-48bd-aa26-9314c0963dd4" testListId="8c84fa94-04c1-424b-9868-57a2d4851a1d" />
    <TestEntry testId="529ece68-fcef-1cfb-1ddb-fa943b59f215" executionId="83314aab-38d5-46f3-981f-b379a89ca148" testListId="8c84fa94-04c1-424b-9868-57a2d4851a1d" />
    <TestEntry testId="4e6858ca-dc4e-05a9-4d20-cc5f2d1edff2" executionId="cdc6e37f-eedc-429b-b1e4-39f9b2388f8a" testListId="8c84fa94-04c1-424b-9868-57a2d4851a1d" />
    <TestEntry testId="54bb735d-1d46-052b-7463-a588ad7ff2a2" executionId="65561582-3689-414f-8060-be6eb56ee92f" testListId="8c84fa94-04c1-424b-9868-57a2d4851a1d" />
    <TestEntry testId="8ce819e9-2ccf-3f8e-012f-049309266381" executionId="75fd57ee-50de-42b6-8bb2-fdd309cd4f09" testListId="8c84fa94-04c1-424b-9868-57a2d4851a1d" />
    <TestEntry testId="dd6b6eea-ecef-43a0-48ab-e039b579c244" executionId="ebd02e32-a4be-4656-aebf-f93d698f64ec" testListId="8c84fa94-04c1-424b-9868-57a2d4851a1d" />
    <TestEntry testId="5ea183d9-8439-dd6c-d705-0b7bf5efa48b" executionId="338e82b5-de62-4afb-9438-d710353ff8e9" testListId="8c84fa94-04c1-424b-9868-57a2d4851a1d" />
    <TestEntry testId="0102dee6-8235-3327-5cfb-2d8748949388" executionId="1fc4ac8b-fd51-4e70-a11c-8eb115544c1a" testListId="8c84fa94-04c1-424b-9868-57a2d4851a1d" />
    <TestEntry testId="94156788-790a-9db5-a858-213fb7ad4f61" executionId="d9d9fc82-86ab-43c6-8b86-a21e2a5e1679" testListId="8c84fa94-04c1-424b-9868-57a2d4851a1d" />
    <TestEntry testId="ea759aae-ebb3-561f-baa8-d1599fc10d86" executionId="c41b49f9-95a3-412c-8a9c-6527be44c27d" testListId="8c84fa94-04c1-424b-9868-57a2d4851a1d" />
    <TestEntry testId="44b5e871-bf86-94e7-7093-ae2d9b275d87" executionId="25367e22-4cd1-4365-9779-fed767875313" testListId="8c84fa94-04c1-424b-9868-57a2d4851a1d" />
    <TestEntry testId="95b87b36-3c5e-9cd8-cee1-b516d3ba0d69" executionId="7ee1fca0-a720-41e0-a127-33168029f66a" testListId="8c84fa94-04c1-424b-9868-57a2d4851a1d" />
    <TestEntry testId="a35af25c-d766-53c1-c164-013f8f5be8cd" executionId="b419d180-7a6b-4eb4-bbef-2c7b898a8812" testListId="8c84fa94-04c1-424b-9868-57a2d4851a1d" />
    <TestEntry testId="6ad43e97-1e3e-ec83-e035-af1c369888de" executionId="48ed87d5-7d1d-4bda-b265-dc229a17d091" testListId="8c84fa94-04c1-424b-9868-57a2d4851a1d" />
    <TestEntry testId="cf6116bb-a21e-c884-c721-7d25040afbf0" executionId="f5a8418c-8dde-435b-a5fc-04da7e315e86" testListId="8c84fa94-04c1-424b-9868-57a2d4851a1d" />
    <TestEntry testId="c8060d6c-aa6d-6e47-880e-f4a8c7da66ac" executionId="e0c18e7a-06ad-47fc-b563-40a252b69039" testListId="8c84fa94-04c1-424b-9868-57a2d4851a1d" />
    <TestEntry testId="57a52874-48c6-1cb3-2d74-f42730ff4142" executionId="867ae642-8fe6-4b65-a8fb-bf5f7afda46b" testListId="8c84fa94-04c1-424b-9868-57a2d4851a1d" />
    <TestEntry testId="dbb7f411-b5f6-5940-9199-3e373138ea62" executionId="e4c3fb70-90f6-4931-8b1a-9916b3d8a96c" testListId="8c84fa94-04c1-424b-9868-57a2d4851a1d" />
    <TestEntry testId="c15a0347-46b9-df19-da83-878a082eb368" executionId="fa2d7956-7c21-4852-99f1-3ef7251c4455" testListId="8c84fa94-04c1-424b-9868-57a2d4851a1d" />
    <TestEntry testId="7d8a176a-fa54-8051-a7f3-f108d795f3f4" executionId="381d7adf-80d3-4928-853d-0b5b697ea090" testListId="8c84fa94-04c1-424b-9868-57a2d4851a1d" />
    <TestEntry testId="5ef97b10-c488-3da5-ecf7-3c6ea686e808" executionId="71cd5adf-5312-43ad-a9e5-d6c8875c5227" testListId="8c84fa94-04c1-424b-9868-57a2d4851a1d" />
    <TestEntry testId="ba1a9dfc-528d-6e50-f61f-11a1db790f96" executionId="248d17c1-7f26-4634-b5ac-76f420e364fa" testListId="8c84fa94-04c1-424b-9868-57a2d4851a1d" />
    <TestEntry testId="1f2dc6ca-9df8-7064-1fb5-32db23338a29" executionId="133cb032-5022-407b-8348-024fd9ef10eb" testListId="8c84fa94-04c1-424b-9868-57a2d4851a1d" />
    <TestEntry testId="772b2092-330c-2343-8fce-944ea8746573" executionId="59fa036b-e838-4bff-ac76-58ac5d1e6bc7" testListId="8c84fa94-04c1-424b-9868-57a2d4851a1d" />
    <TestEntry testId="b9b58e28-7f86-1f3e-1425-2302a7fc52a5" executionId="2ec684aa-f981-4ca6-81f2-1e51fd9e19fb" testListId="8c84fa94-04c1-424b-9868-57a2d4851a1d" />
    <TestEntry testId="6720d7d6-f9fe-851e-f20f-3d7775f4d8f4" executionId="fc84167d-26eb-4e64-959c-72566d6fda9c" testListId="8c84fa94-04c1-424b-9868-57a2d4851a1d" />
    <TestEntry testId="053a42fc-4c9c-7fd1-fcb7-f392f88a1bd1" executionId="a50bcc9d-53f2-4199-932d-6d55974f1b66" testListId="8c84fa94-04c1-424b-9868-57a2d4851a1d" />
    <TestEntry testId="f9f8c945-4c81-643a-d9d2-4a8d836c22cd" executionId="f0d09138-9302-44b9-b519-951695d8b4e2" testListId="8c84fa94-04c1-424b-9868-57a2d4851a1d" />
    <TestEntry testId="e652b505-a128-5c9b-29b5-90454fd80729" executionId="280b1a86-34cb-4248-b7d5-0ca9d293f5e7" testListId="8c84fa94-04c1-424b-9868-57a2d4851a1d" />
    <TestEntry testId="05a3b24a-9973-d8c2-2a27-3d4a83d88f8d" executionId="62772209-6b6e-4a05-8908-d1e0c0376868" testListId="8c84fa94-04c1-424b-9868-57a2d4851a1d" />
    <TestEntry testId="79b6102e-e5c4-bce8-6bb3-bb0b4547cc45" executionId="5b383574-c0fe-4c9d-b0e2-00e745c7d9f9" testListId="8c84fa94-04c1-424b-9868-57a2d4851a1d" />
    <TestEntry testId="09cd4131-9ddb-feab-ff4c-35327c79c0f2" executionId="e9e6ee26-33f0-468e-9651-9a803ed523fc" testListId="8c84fa94-04c1-424b-9868-57a2d4851a1d" />
    <TestEntry testId="d3b31ccb-c638-f5ba-992a-be112a07b90f" executionId="c5bc687c-73a9-49c7-a403-4a4b0e6fddcf" testListId="8c84fa94-04c1-424b-9868-57a2d4851a1d" />
    <TestEntry testId="5df4ccfd-b38d-3660-7817-2444fb2dfa70" executionId="5018f1af-8848-4508-ba7d-06cc94c6f76e" testListId="8c84fa94-04c1-424b-9868-57a2d4851a1d" />
    <TestEntry testId="0f6c30f4-eb74-3240-7d3a-baf8973e6bb1" executionId="aa3f4db2-ded1-4b78-b0bc-ef6631b185ad" testListId="8c84fa94-04c1-424b-9868-57a2d4851a1d" />
    <TestEntry testId="c7ec37c9-24c3-32c1-fc65-b1136af2dde0" executionId="beebe143-6026-4839-a571-4807425689bb" testListId="8c84fa94-04c1-424b-9868-57a2d4851a1d" />
    <TestEntry testId="a4e6ddd9-7583-3067-73cf-2e7840fff423" executionId="5d5e8feb-191f-472f-af87-523e6b503452" testListId="8c84fa94-04c1-424b-9868-57a2d4851a1d" />
    <TestEntry testId="fc0a9000-97df-f708-4c59-7870abf02ad0" executionId="990bd61d-cea0-49c5-bfa5-cf9e5cae36b4" testListId="8c84fa94-04c1-424b-9868-57a2d4851a1d" />
    <TestEntry testId="5e3af1c4-3528-aed8-76db-88c3ab3aa210" executionId="070451e5-6de9-4d26-902a-d87086e560eb" testListId="8c84fa94-04c1-424b-9868-57a2d4851a1d" />
    <TestEntry testId="691fb055-fa9f-4080-12ab-1eedac02ecc5" executionId="cc8ad099-2ba2-4607-8aed-e5b107dbe625" testListId="8c84fa94-04c1-424b-9868-57a2d4851a1d" />
    <TestEntry testId="975bc213-2c75-b935-523b-90e6664204c5" executionId="1c55c39b-9d8d-4c10-9142-7d51b4b78507" testListId="8c84fa94-04c1-424b-9868-57a2d4851a1d" />
    <TestEntry testId="14c349be-8853-129f-6fbb-0ec95eaeef3e" executionId="2adbbd76-77f9-431f-9880-cd72684c10c3" testListId="8c84fa94-04c1-424b-9868-57a2d4851a1d" />
    <TestEntry testId="0a2061b9-9d3d-341f-4524-2ebf8f36de0f" executionId="23d1bf39-1661-4966-bdd4-4dca010784b0" testListId="8c84fa94-04c1-424b-9868-57a2d4851a1d" />
    <TestEntry testId="e637339b-b38a-22b1-d566-282380c17576" executionId="a2905fa1-034d-48f9-8bb4-de7249d3de69" testListId="8c84fa94-04c1-424b-9868-57a2d4851a1d" />
    <TestEntry testId="caf2e415-42c1-802e-5d26-994c0a176ae7" executionId="3344d8d4-8d35-480f-97dc-d87fc0658a92" testListId="8c84fa94-04c1-424b-9868-57a2d4851a1d" />
    <TestEntry testId="39e550b5-d651-1e73-281d-7944e70634fb" executionId="99bb0d78-9a55-40e1-88cf-7e0355c77bc3" testListId="8c84fa94-04c1-424b-9868-57a2d4851a1d" />
    <TestEntry testId="f990b3b4-c789-9b95-242d-e1c954f9cc12" executionId="e25a48e3-39d5-458b-bd74-d1dcfd647b0b" testListId="8c84fa94-04c1-424b-9868-57a2d4851a1d" />
    <TestEntry testId="3ed4f947-b1f0-26b6-00d3-ec8f0acffb81" executionId="d57ad808-2891-4f11-b930-3c3aea5b9539" testListId="8c84fa94-04c1-424b-9868-57a2d4851a1d" />
    <TestEntry testId="a063e64e-d50e-1771-6f88-589c60e56cda" executionId="75af458c-9bd1-496d-ab1a-4b0ed38288c8" testListId="8c84fa94-04c1-424b-9868-57a2d4851a1d" />
    <TestEntry testId="105b068b-5f70-b61a-c12a-2f0480355a18" executionId="a36ec860-9ac0-4284-8346-215a3f6bced1" testListId="8c84fa94-04c1-424b-9868-57a2d4851a1d" />
    <TestEntry testId="96f0a1d4-531c-3478-a078-bab16abfa397" executionId="88229a53-670f-46b4-afb5-794d8e7c4fde" testListId="8c84fa94-04c1-424b-9868-57a2d4851a1d" />
    <TestEntry testId="f19b555b-116b-2f3a-0c2d-ec4548792f2e" executionId="1f69b335-9a46-45f5-aa02-7302c300bcdb" testListId="8c84fa94-04c1-424b-9868-57a2d4851a1d" />
    <TestEntry testId="76eeeb2b-1455-fe34-82ad-4f434e3d08da" executionId="4903ccfb-61ab-4811-a296-f5d5ca90d27c" testListId="8c84fa94-04c1-424b-9868-57a2d4851a1d" />
    <TestEntry testId="e1ec4db0-5c0c-b229-761c-768bae20f6b1" executionId="b816ce0a-cd53-4a8e-bd32-1ba73834e657" testListId="8c84fa94-04c1-424b-9868-57a2d4851a1d" />
    <TestEntry testId="34d33db2-19a9-6856-2c67-8b6ff63ae856" executionId="565207be-011e-44b7-bc9c-a6bf755a3b0b" testListId="8c84fa94-04c1-424b-9868-57a2d4851a1d" />
    <TestEntry testId="25b83878-87c8-b0a8-45e8-91d7ac1a9a5f" executionId="c1e398ac-6b72-4dab-b51c-9c9b44677901" testListId="8c84fa94-04c1-424b-9868-57a2d4851a1d" />
    <TestEntry testId="a7359f7c-fb2e-bb3c-4d8b-0f3167da0c88" executionId="3cc8428b-63b5-4c52-be70-6da7422ca1ce" testListId="8c84fa94-04c1-424b-9868-57a2d4851a1d" />
    <TestEntry testId="0b94c834-d90e-9605-45d2-d9d132ae666f" executionId="06fff16f-c505-434d-8f79-4f6cfaac9612" testListId="8c84fa94-04c1-424b-9868-57a2d4851a1d" />
    <TestEntry testId="90ecebff-7662-d7b9-ab27-78972e03a435" executionId="085ea1ca-7b24-4373-a102-d1923024a1ff" testListId="8c84fa94-04c1-424b-9868-57a2d4851a1d" />
    <TestEntry testId="d2abbd7a-ef0c-371c-ddca-a09c27d6f3a8" executionId="977305fd-3e51-480b-ba88-51d20e17c8b0" testListId="8c84fa94-04c1-424b-9868-57a2d4851a1d" />
    <TestEntry testId="f949f09e-ebc0-f09b-1a13-db797c40c4c3" executionId="30e7adbf-d834-4176-8b9c-e071dbdb71d7" testListId="8c84fa94-04c1-424b-9868-57a2d4851a1d" />
    <TestEntry testId="d4093e7e-0ae8-6f2f-0f07-aa26770f8bc0" executionId="76b9a4c6-857b-4ca7-b263-c0011eada724" testListId="8c84fa94-04c1-424b-9868-57a2d4851a1d" />
    <TestEntry testId="19ecf8d1-7110-f15c-ef67-988f88f7bb41" executionId="5955b2ec-7b87-477c-a175-318d71e80546" testListId="8c84fa94-04c1-424b-9868-57a2d4851a1d" />
    <TestEntry testId="d4bc526c-662a-9d26-36b5-1e54e7922be1" executionId="0dfa27df-3ed6-4570-b90d-3495368da8d2" testListId="8c84fa94-04c1-424b-9868-57a2d4851a1d" />
    <TestEntry testId="1a45ac18-4cd8-b3a2-3eb6-7a2b6dbbd4c5" executionId="209779fd-281b-4d7e-abdc-8010b44f2ce9" testListId="8c84fa94-04c1-424b-9868-57a2d4851a1d" />
    <TestEntry testId="791ba3c9-e2ec-2647-6231-6e889590b831" executionId="9838dbe6-cac7-423c-a94a-cbe4f2e3eab4" testListId="8c84fa94-04c1-424b-9868-57a2d4851a1d" />
    <TestEntry testId="ff516869-b695-969e-43b6-a1a4d0514602" executionId="ec63d72a-4023-4f94-8ae5-5f01b9cc970c" testListId="8c84fa94-04c1-424b-9868-57a2d4851a1d" />
    <TestEntry testId="052730fe-db9b-61be-f772-e92a351113ec" executionId="ba40e980-7d1b-4777-9074-c48bbb7a6915" testListId="8c84fa94-04c1-424b-9868-57a2d4851a1d" />
    <TestEntry testId="06fd7059-3d6f-6c93-7a5a-42eb775a541b" executionId="ff9e40c5-41ec-48f6-8a3b-11dab2aca0eb" testListId="8c84fa94-04c1-424b-9868-57a2d4851a1d" />
    <TestEntry testId="8da2c0e9-e99c-45b8-35cd-c98d5c3013f5" executionId="a0e0f137-fba9-4eac-9239-f755a0d3f682" testListId="8c84fa94-04c1-424b-9868-57a2d4851a1d" />
    <TestEntry testId="0fccd154-e18e-f328-7847-cd4fb77e326e" executionId="344ea2b2-9772-4aeb-8f5b-69c9b7f6386c" testListId="8c84fa94-04c1-424b-9868-57a2d4851a1d" />
    <TestEntry testId="25bfd5dc-d6fd-7060-1543-b6eff93eaa1d" executionId="6d34d045-20ca-4a15-b8c4-5d100e7f3034" testListId="8c84fa94-04c1-424b-9868-57a2d4851a1d" />
    <TestEntry testId="ad35ebfe-e77e-2204-0cd2-b24af72af8e4" executionId="01736e0e-da7d-43d1-af97-b5366f301bff" testListId="8c84fa94-04c1-424b-9868-57a2d4851a1d" />
    <TestEntry testId="efcc2e9e-2f85-0ef0-5d17-1938b92c7600" executionId="46a1a2a8-49e4-47d6-84ad-82826df40fd4" testListId="8c84fa94-04c1-424b-9868-57a2d4851a1d" />
    <TestEntry testId="06c65910-8332-c5fd-1e18-cc91e6b26b03" executionId="7c5572c0-539a-42df-957b-0a1ce8c2cf78" testListId="8c84fa94-04c1-424b-9868-57a2d4851a1d" />
    <TestEntry testId="1dbac545-66f2-0bb8-0678-b41a21a7f990" executionId="e8ec0442-06c3-4de3-9434-90962ead5611" testListId="8c84fa94-04c1-424b-9868-57a2d4851a1d" />
    <TestEntry testId="734c5808-49eb-8ed1-25f3-61160bef48bd" executionId="e926abfb-b75d-4e40-bb50-c94797895c1a" testListId="8c84fa94-04c1-424b-9868-57a2d4851a1d" />
    <TestEntry testId="901b1d80-eb8f-d99c-d714-80ce4513b9b5" executionId="897dd6f9-6e7d-455a-aa82-8d0a67b71e0a" testListId="8c84fa94-04c1-424b-9868-57a2d4851a1d" />
    <TestEntry testId="742ef234-b8c9-6062-4fcb-53fe85c46061" executionId="86308f87-0f87-4a1d-94c3-12ca68ca6667" testListId="8c84fa94-04c1-424b-9868-57a2d4851a1d" />
    <TestEntry testId="a484b60c-6e92-f3f0-aa33-178dfb90559c" executionId="8e5c9757-7852-438b-a338-997be28d65fa" testListId="8c84fa94-04c1-424b-9868-57a2d4851a1d" />
    <TestEntry testId="4178e4ec-1c12-2298-83a8-fa1694d1598a" executionId="35505f08-fdcc-44db-98db-7411e782fd53" testListId="8c84fa94-04c1-424b-9868-57a2d4851a1d" />
    <TestEntry testId="5e6ca35e-d616-fb2c-e08c-8c3ca9f4e3ed" executionId="e04fa043-1e11-4d71-8fa2-318250df4135" testListId="8c84fa94-04c1-424b-9868-57a2d4851a1d" />
    <TestEntry testId="20732fe4-3f82-c4d4-02eb-ec9f33b96963" executionId="fcf7e67f-dc2c-444f-a59f-9e4718b6d86f" testListId="8c84fa94-04c1-424b-9868-57a2d4851a1d" />
    <TestEntry testId="c6674468-57bf-3713-9fad-0608e1c0c823" executionId="8cc30863-8f03-43b4-9da7-126193db0495" testListId="8c84fa94-04c1-424b-9868-57a2d4851a1d" />
    <TestEntry testId="75d2aff9-bd09-f5dd-0d61-8a79007e5e63" executionId="e452f81e-a35d-4365-a3cc-4796e896c623" testListId="8c84fa94-04c1-424b-9868-57a2d4851a1d" />
    <TestEntry testId="db6b1d5f-acf0-e056-417a-53af7ddfd69f" executionId="e665c746-b4ff-4124-a393-b3596a501fca" testListId="8c84fa94-04c1-424b-9868-57a2d4851a1d" />
    <TestEntry testId="d600a704-e64f-345e-8d84-0859a85bb767" executionId="f3be52a0-d6f0-414d-820c-88cf4a384342" testListId="8c84fa94-04c1-424b-9868-57a2d4851a1d" />
    <TestEntry testId="d50c14e6-f54d-0a45-9d54-a0aef0431250" executionId="12a2658d-695a-4e2c-af30-e8c199216184" testListId="8c84fa94-04c1-424b-9868-57a2d4851a1d" />
    <TestEntry testId="6445b153-8bd3-09d0-a13f-62fd6c102d0c" executionId="fe22b30f-7741-46cc-a8db-757081155ef8" testListId="8c84fa94-04c1-424b-9868-57a2d4851a1d" />
    <TestEntry testId="d8f8e165-90df-5b49-a300-edfa6daf0e32" executionId="7f51d71f-8e45-48e9-81b0-e3b6b2c3218d" testListId="8c84fa94-04c1-424b-9868-57a2d4851a1d" />
    <TestEntry testId="300f7fbc-52a0-5545-ddb0-fc7ad262dc85" executionId="a0da959b-cb5e-4dfc-9836-f91320b6395e" testListId="8c84fa94-04c1-424b-9868-57a2d4851a1d" />
    <TestEntry testId="926ef732-1aa1-5a08-5893-23ee6117a9ac" executionId="4951720e-19e9-4506-92b0-63355e8cc079" testListId="8c84fa94-04c1-424b-9868-57a2d4851a1d" />
    <TestEntry testId="2a8fbf31-0ca2-e190-916c-cbcadfb34c4d" executionId="a4477175-b434-42ba-8555-3ba2d6f07790" testListId="8c84fa94-04c1-424b-9868-57a2d4851a1d" />
    <TestEntry testId="bb86542c-3e76-c608-0153-01d9417953db" executionId="3c00f0d5-0fd8-4540-ae0c-838b358d6af2" testListId="8c84fa94-04c1-424b-9868-57a2d4851a1d" />
    <TestEntry testId="463584a4-e8ba-f39e-0c4f-2b29bd1729ef" executionId="6b16d567-8144-4a02-80b5-1dc95cf6fc97" testListId="8c84fa94-04c1-424b-9868-57a2d4851a1d" />
    <TestEntry testId="b0de6877-7369-beb8-bfcb-699e4af08d17" executionId="861295ae-5f9e-4a9a-b446-fc8d1184c2d7" testListId="8c84fa94-04c1-424b-9868-57a2d4851a1d" />
    <TestEntry testId="2a3930db-30f0-5441-9b21-5ddb855435ef" executionId="86316efc-bab4-4791-85a5-ef654635ebd3" testListId="8c84fa94-04c1-424b-9868-57a2d4851a1d" />
    <TestEntry testId="6b29304a-704e-4700-c826-15ad3f573c5c" executionId="be5d142d-90f4-4f1c-9e01-9f2baab8fb98" testListId="8c84fa94-04c1-424b-9868-57a2d4851a1d" />
    <TestEntry testId="5a51352c-3de9-808e-63ee-89577a10f209" executionId="32fafed5-8ba1-4c37-8b8c-2817a90010b5" testListId="8c84fa94-04c1-424b-9868-57a2d4851a1d" />
    <TestEntry testId="41a84c1e-5a9a-50f8-afd2-e1d1876eb648" executionId="149b0467-ff08-4681-aa3b-07676818734f" testListId="8c84fa94-04c1-424b-9868-57a2d4851a1d" />
    <TestEntry testId="61359edb-5c48-88c2-762f-54ff8f83ac8f" executionId="5f66bfce-9668-4472-96da-98bb82df68cc" testListId="8c84fa94-04c1-424b-9868-57a2d4851a1d" />
    <TestEntry testId="842e542c-40fa-3c20-0411-bbfe8c1ae453" executionId="354c0efc-7ecb-4c1a-87b7-3263593ef513" testListId="8c84fa94-04c1-424b-9868-57a2d4851a1d" />
    <TestEntry testId="b8d143d7-356a-1975-988e-a663564ec905" executionId="a1314f57-8724-401e-a8e4-7f8f8ae789cb" testListId="8c84fa94-04c1-424b-9868-57a2d4851a1d" />
    <TestEntry testId="64a8ba0e-13fa-43a2-4028-da53eca3fc4b" executionId="84d643c6-82ff-45db-81cd-4ea097fec14a" testListId="8c84fa94-04c1-424b-9868-57a2d4851a1d" />
    <TestEntry testId="a08e760c-58a4-705b-7818-14cc52b1e625" executionId="cd5da873-7d9a-44a9-ac33-abf41526cfea" testListId="8c84fa94-04c1-424b-9868-57a2d4851a1d" />
    <TestEntry testId="17a56aef-557c-a84b-5008-a1b60c5b5a7c" executionId="1c920cf7-0d17-4e19-8665-4143729803b0" testListId="8c84fa94-04c1-424b-9868-57a2d4851a1d" />
    <TestEntry testId="1785d446-9166-80a3-a691-86d4e815eb37" executionId="aabb3a3e-b5a2-4581-b412-9b744a743f69" testListId="8c84fa94-04c1-424b-9868-57a2d4851a1d" />
    <TestEntry testId="da46ef01-15e9-67b6-3316-0d87c8eb81a2" executionId="20cb7b10-7255-4f02-8c49-d5f26c267f12" testListId="8c84fa94-04c1-424b-9868-57a2d4851a1d" />
    <TestEntry testId="d3c42e9a-5225-3efb-100a-a789c8adde2f" executionId="82b7de71-d989-4f0e-83ec-9544c681acac" testListId="8c84fa94-04c1-424b-9868-57a2d4851a1d" />
    <TestEntry testId="5f026a22-c8d0-28d9-a261-3c20625721a0" executionId="f2e68fcc-2e8e-48f9-98bd-eaca319df94b" testListId="8c84fa94-04c1-424b-9868-57a2d4851a1d" />
    <TestEntry testId="69c491e7-162a-f54d-99dd-afee817e1235" executionId="7bdc8ab2-2ed9-4c24-be17-1de3de5333aa" testListId="8c84fa94-04c1-424b-9868-57a2d4851a1d" />
    <TestEntry testId="5a21f228-0b6a-afc8-022e-c647ad676449" executionId="3e4b5699-e872-4c1f-8915-7cbe3eb1f057" testListId="8c84fa94-04c1-424b-9868-57a2d4851a1d" />
    <TestEntry testId="052fbaf2-ac23-e86c-59a1-da3094f996ac" executionId="f2c8dbdf-56ae-4904-998b-c796f87c08a6" testListId="8c84fa94-04c1-424b-9868-57a2d4851a1d" />
    <TestEntry testId="9aea3422-ef2f-af26-c04c-ddc619d25e3f" executionId="f3921d27-ad08-4ab5-94f2-ff4daf86d066" testListId="8c84fa94-04c1-424b-9868-57a2d4851a1d" />
    <TestEntry testId="3c3bfa14-9fb7-b6cc-5a7a-5faef4a5c2c7" executionId="bdb0b92a-ad8a-4709-867b-4fc65bc625b3" testListId="8c84fa94-04c1-424b-9868-57a2d4851a1d" />
    <TestEntry testId="266cbee7-f68f-4b26-f221-d20b6f814953" executionId="a24df022-ae26-43d9-aa0f-ac2930f1d0da" testListId="8c84fa94-04c1-424b-9868-57a2d4851a1d" />
    <TestEntry testId="854cdc07-b7a1-9b9b-497b-dfad4353eb25" executionId="ab989d7e-4618-443b-88ae-868655941622" testListId="8c84fa94-04c1-424b-9868-57a2d4851a1d" />
    <TestEntry testId="9aac4807-4daa-bbfa-7299-7e6fd8331b3a" executionId="d0731c24-3786-4cfc-9207-9388e118beb0" testListId="8c84fa94-04c1-424b-9868-57a2d4851a1d" />
    <TestEntry testId="97cc8c61-e7e0-43ce-a7ae-b4abe6d55000" executionId="1db17eb9-3511-4ac0-91f7-6bd7702ff8a4" testListId="8c84fa94-04c1-424b-9868-57a2d4851a1d" />
    <TestEntry testId="08dec1a1-67c0-62c5-1c24-4c823c013f45" executionId="dc934ec2-f82c-4717-bc8c-73a38474a0f8" testListId="8c84fa94-04c1-424b-9868-57a2d4851a1d" />
    <TestEntry testId="947b8e8c-07a1-6110-57f3-f69789a0ce3b" executionId="432220bc-21d3-44ef-a77f-26efe544cab7" testListId="8c84fa94-04c1-424b-9868-57a2d4851a1d" />
    <TestEntry testId="4c1e9bff-f35f-1caa-f44a-f5d06b2960b8" executionId="a5e4c3b3-cb9e-4871-8e18-815f9c86e6a0" testListId="8c84fa94-04c1-424b-9868-57a2d4851a1d" />
    <TestEntry testId="6baebac7-a80a-bf62-b229-fb70ad830fff" executionId="8c198a22-5a9e-4beb-8f67-dac1dfae5e84" testListId="8c84fa94-04c1-424b-9868-57a2d4851a1d" />
    <TestEntry testId="88b28e5a-c571-d1c3-3fe0-6f8671929713" executionId="c911c19c-78e9-4008-9660-b90feff348c9" testListId="8c84fa94-04c1-424b-9868-57a2d4851a1d" />
    <TestEntry testId="83224292-1ad2-5a31-0125-83f3c1a60c2f" executionId="4d85a4d1-d02a-4f3b-832c-f18bd49bd3c6" testListId="8c84fa94-04c1-424b-9868-57a2d4851a1d" />
    <TestEntry testId="06fc1c43-f2dd-b88e-c2dd-1a195de41cd7" executionId="9e4f70a4-04aa-41f1-8531-31c45d11e3a2" testListId="8c84fa94-04c1-424b-9868-57a2d4851a1d" />
    <TestEntry testId="41d1dc10-037d-3140-006f-371abcd3b22f" executionId="f62c9dee-1610-461b-98ec-e27211009721" testListId="8c84fa94-04c1-424b-9868-57a2d4851a1d" />
    <TestEntry testId="9a3ba042-81f0-07de-a3a1-069d148d7251" executionId="fe78dcd0-6f95-4a33-82ac-6f4320c66122" testListId="8c84fa94-04c1-424b-9868-57a2d4851a1d" />
    <TestEntry testId="95ec617d-b08d-0649-afda-d3d7776231dc" executionId="f320c1e9-0ce9-4373-8a9e-2925e48138f2" testListId="8c84fa94-04c1-424b-9868-57a2d4851a1d" />
    <TestEntry testId="1b3d778a-44d9-4efe-03a7-1b9c70fd51b6" executionId="44b7a7d4-edbb-47bd-b299-df47774aff65" testListId="8c84fa94-04c1-424b-9868-57a2d4851a1d" />
    <TestEntry testId="85d99a8d-e19e-612f-f0c5-453b8800a3c4" executionId="835892ed-29f2-47bc-a4be-653e6501d802" testListId="8c84fa94-04c1-424b-9868-57a2d4851a1d" />
    <TestEntry testId="f3ac6f73-8ee9-7ee9-1035-8a2abdbf5eaa" executionId="d7e32044-3eb7-4d6e-8451-ee4a1d517a61" testListId="8c84fa94-04c1-424b-9868-57a2d4851a1d" />
    <TestEntry testId="1a721b5c-3d09-5ac7-2dc9-85146d3f176d" executionId="0be5e68b-3bb2-440b-99bc-4f88cdfb6945" testListId="8c84fa94-04c1-424b-9868-57a2d4851a1d" />
    <TestEntry testId="e54af1a4-2187-47bd-06ab-7b48b0cdb6e0" executionId="484fa833-5ade-4caa-9825-82fc7da85e51" testListId="8c84fa94-04c1-424b-9868-57a2d4851a1d" />
    <TestEntry testId="7e4292f7-6425-1e35-7f1d-4be9ff6ec305" executionId="ecc5232c-b363-4790-bb09-f0485f3eacc4" testListId="8c84fa94-04c1-424b-9868-57a2d4851a1d" />
    <TestEntry testId="0bc4453e-2c79-f8e9-bf2d-cc45da7340c2" executionId="1c8a2421-85a4-4a29-8af9-59cb04c9abda" testListId="8c84fa94-04c1-424b-9868-57a2d4851a1d" />
    <TestEntry testId="35e180e0-97c7-14cc-9717-39e2851aa539" executionId="413f1c73-a6c2-449b-bffb-36eb096c805e" testListId="8c84fa94-04c1-424b-9868-57a2d4851a1d" />
    <TestEntry testId="c5ed57ff-87cb-dec0-b133-e0b71b61e798" executionId="2589210f-6d59-4a33-b8d7-a489da7be900" testListId="8c84fa94-04c1-424b-9868-57a2d4851a1d" />
    <TestEntry testId="05ab67e4-8ef9-bbb5-d5d0-cc77092beeaa" executionId="82f9feb3-1ef3-4187-84d6-4ac39ee12e1b" testListId="8c84fa94-04c1-424b-9868-57a2d4851a1d" />
    <TestEntry testId="aa78dfd1-b18d-e06c-5b21-d652c8e05e3c" executionId="b6ebe64c-85e9-49c3-adb9-92c7e3b0f8ae" testListId="8c84fa94-04c1-424b-9868-57a2d4851a1d" />
    <TestEntry testId="68a16536-98d2-0511-7116-864607bab0e2" executionId="80a5532a-5b95-4dfb-96e1-f0e6115b71ce" testListId="8c84fa94-04c1-424b-9868-57a2d4851a1d" />
    <TestEntry testId="a53e0d07-c18c-8070-bdec-f7532c15812f" executionId="134daeeb-c41e-4a6f-9c5e-8087b96cdf56" testListId="8c84fa94-04c1-424b-9868-57a2d4851a1d" />
    <TestEntry testId="d44438ac-5ac5-1994-012e-9960a5cd4e40" executionId="e14b9016-8b21-4071-b759-41e1125a368d" testListId="8c84fa94-04c1-424b-9868-57a2d4851a1d" />
    <TestEntry testId="eb281b4d-6a2a-646b-c915-1657012d455e" executionId="452fb434-7459-4b5e-aed1-5c4cb8b53bf6" testListId="8c84fa94-04c1-424b-9868-57a2d4851a1d" />
    <TestEntry testId="7ecabcdb-f2bf-5e92-6c91-f6117e8a09af" executionId="6ee9f015-a154-43a8-b0b4-31a26cf42bf4" testListId="8c84fa94-04c1-424b-9868-57a2d4851a1d" />
    <TestEntry testId="0bd1c5ff-7470-d31e-7726-af166eb059fb" executionId="948af2e4-3f61-484e-9f5c-7ce5af815964" testListId="8c84fa94-04c1-424b-9868-57a2d4851a1d" />
    <TestEntry testId="0c7ed41a-0fec-962f-fb03-8fb57bf9a0b3" executionId="bebe7414-84f1-42d5-bf5c-6e54de9d68f1" testListId="8c84fa94-04c1-424b-9868-57a2d4851a1d" />
    <TestEntry testId="7bc348cd-ba18-eb29-c5c6-cbdbd749bb83" executionId="0a247a70-2827-4c0c-92b6-2d56bcb2105d" testListId="8c84fa94-04c1-424b-9868-57a2d4851a1d" />
    <TestEntry testId="8757c1db-8a30-5429-c0a6-7eb71a1574b4" executionId="808f11ed-3c9e-4e91-99e9-ce497d3c760e" testListId="8c84fa94-04c1-424b-9868-57a2d4851a1d" />
    <TestEntry testId="11b5dfff-ee73-acd7-699f-44eb8edcc906" executionId="79eb4231-4cd3-4270-9438-f0688f0f1124" testListId="8c84fa94-04c1-424b-9868-57a2d4851a1d" />
    <TestEntry testId="aa58fa94-3b77-4284-5e30-10cd402a35b1" executionId="296a0bfc-389a-4430-b3fb-da2e984cbb53" testListId="8c84fa94-04c1-424b-9868-57a2d4851a1d" />
    <TestEntry testId="d700c2ca-0d30-9df2-b5c4-ec10e7deec6d" executionId="56b4baac-0205-4eba-a48b-6ae97480d8ec" testListId="8c84fa94-04c1-424b-9868-57a2d4851a1d" />
    <TestEntry testId="51882b2c-89a4-3795-f36d-6ba49a967dda" executionId="3b95e346-b6d2-4756-b222-1f623d2180a8" testListId="8c84fa94-04c1-424b-9868-57a2d4851a1d" />
    <TestEntry testId="8bb1d1c9-ea34-8993-40af-1149612b163c" executionId="fe6e9a55-bb42-42ae-b940-27608f389f44" testListId="8c84fa94-04c1-424b-9868-57a2d4851a1d" />
    <TestEntry testId="41b05ee3-12ce-b627-2955-98b195d56a3d" executionId="fd4d77be-c949-41b4-a85a-ae6d3b648ac5" testListId="8c84fa94-04c1-424b-9868-57a2d4851a1d" />
    <TestEntry testId="d5c52403-0e4c-b9f4-b5c9-e1e2e3d8e62d" executionId="846fe47e-a683-46bf-9a16-286e6d43646e" testListId="8c84fa94-04c1-424b-9868-57a2d4851a1d" />
    <TestEntry testId="ae7b78f4-3e3e-6c1c-73b9-00f3b0a66446" executionId="76153fc2-34c7-420e-a689-587624062029" testListId="8c84fa94-04c1-424b-9868-57a2d4851a1d" />
    <TestEntry testId="4bc503a7-11a2-2f4f-32a1-66720fdf3855" executionId="8b8b1909-842a-4394-9c17-f622194154fd" testListId="8c84fa94-04c1-424b-9868-57a2d4851a1d" />
    <TestEntry testId="66151859-70d2-8743-c129-cddce21a9c0c" executionId="c7b698e7-8329-4d31-9f0f-d7887ae08a35" testListId="8c84fa94-04c1-424b-9868-57a2d4851a1d" />
    <TestEntry testId="26b95717-eff7-b896-62e8-84d5342f995e" executionId="0c23e86a-a46d-4f9e-a373-bf6feaa7e46e" testListId="8c84fa94-04c1-424b-9868-57a2d4851a1d" />
    <TestEntry testId="8bba85ac-7331-5b3e-7c3e-24a62ec19478" executionId="253dcaa8-e15c-4142-b072-9b21cdcaddb6" testListId="8c84fa94-04c1-424b-9868-57a2d4851a1d" />
    <TestEntry testId="d22fb08b-8562-9efb-f076-1e553fb1dcde" executionId="e996ad36-0be2-402a-9fec-fd748d56b8cc" testListId="8c84fa94-04c1-424b-9868-57a2d4851a1d" />
    <TestEntry testId="85624a0f-d223-bb77-7954-ebd125cbf213" executionId="162032ac-001a-4a27-b5fc-1897286258f8" testListId="8c84fa94-04c1-424b-9868-57a2d4851a1d" />
    <TestEntry testId="ae95f8f1-e062-9428-8825-545025260de6" executionId="39c833d1-011a-4ea0-aef0-2e2a27ce9b9b" testListId="8c84fa94-04c1-424b-9868-57a2d4851a1d" />
    <TestEntry testId="191f749e-fb36-423d-3ffc-8c8d13d8da31" executionId="c0098a10-2de7-44ad-b0e8-69387f797e0e" testListId="8c84fa94-04c1-424b-9868-57a2d4851a1d" />
    <TestEntry testId="6bd4d2ae-eeeb-a392-cb38-c186fe339396" executionId="bf9e8667-1045-4e86-9f1c-ae057fafe3a5" testListId="8c84fa94-04c1-424b-9868-57a2d4851a1d" />
    <TestEntry testId="c230f671-ad47-b61c-8358-5fab696d26df" executionId="f43a7e95-ef5e-453a-b9c1-4ca9d60d3c28" testListId="8c84fa94-04c1-424b-9868-57a2d4851a1d" />
    <TestEntry testId="0f69ed9a-e24a-7444-c03b-c26af010edca" executionId="46c6bb43-2d8e-4789-8e9f-e3aaec3362be" testListId="8c84fa94-04c1-424b-9868-57a2d4851a1d" />
    <TestEntry testId="7dcb49be-abd7-70bd-acfd-ae6260302e4a" executionId="91e36f68-df62-4fe8-aac1-97c98b4d0305" testListId="8c84fa94-04c1-424b-9868-57a2d4851a1d" />
    <TestEntry testId="7a5db8a3-e11e-bc10-b975-f9ae0bd96417" executionId="91a53d95-bbbc-4c84-83fc-248566740c3b" testListId="8c84fa94-04c1-424b-9868-57a2d4851a1d" />
    <TestEntry testId="3a163180-57a1-4f78-3b75-4f1dc7d6c21e" executionId="6de652c8-2f81-44c7-b483-7cfb02fc3eb4" testListId="8c84fa94-04c1-424b-9868-57a2d4851a1d" />
    <TestEntry testId="e39385cb-7542-4440-d38b-996237c21332" executionId="3e02fd31-440d-49b5-be15-2feb1709360f" testListId="8c84fa94-04c1-424b-9868-57a2d4851a1d" />
    <TestEntry testId="ad9b44db-f68d-9700-9b50-709646904671" executionId="f55000d8-336d-45d8-a6f4-11f8aecc6b1c" testListId="8c84fa94-04c1-424b-9868-57a2d4851a1d" />
    <TestEntry testId="ee234abd-0496-b817-262c-6365071813bb" executionId="4e0aca16-8a15-46a8-ba4e-bda0a9dc9bca" testListId="8c84fa94-04c1-424b-9868-57a2d4851a1d" />
    <TestEntry testId="1c75a966-0b82-9661-4f03-80de50e87f33" executionId="7aa5127e-7606-4b8d-8fa5-b881f5bdb971" testListId="8c84fa94-04c1-424b-9868-57a2d4851a1d" />
    <TestEntry testId="fc1149e3-8328-66ee-a9f5-e2d92724028b" executionId="cfe1386b-ceff-4d4f-b459-4010696431ae" testListId="8c84fa94-04c1-424b-9868-57a2d4851a1d" />
    <TestEntry testId="29679612-cd2c-cf4f-fb30-d0162e2a2e99" executionId="3bca0820-e382-466b-9c02-0f25cfbcb810" testListId="8c84fa94-04c1-424b-9868-57a2d4851a1d" />
    <TestEntry testId="c36e2ee8-7c55-dd44-7dfa-f01481b9295e" executionId="f6af2546-dd08-40ae-a16f-1a62f8c4e69b" testListId="8c84fa94-04c1-424b-9868-57a2d4851a1d" />
    <TestEntry testId="578d7777-a8cc-12a7-7a7d-d4d4b899625a" executionId="0f2470d8-01c7-46c1-bdd7-7a31ae9f47c5" testListId="8c84fa94-04c1-424b-9868-57a2d4851a1d" />
    <TestEntry testId="055f0230-574f-4d2a-47dc-7bd7d3f628d0" executionId="fa18b041-a739-49eb-8eae-097382b60702" testListId="8c84fa94-04c1-424b-9868-57a2d4851a1d" />
    <TestEntry testId="e155cf08-d288-7aa5-799b-063b0b43ec53" executionId="134ad4e1-0e46-4e82-9c98-1c4778b90f1f" testListId="8c84fa94-04c1-424b-9868-57a2d4851a1d" />
    <TestEntry testId="809e9d94-66f6-dae8-2b5d-501b7d7b5945" executionId="4a6d7db9-def9-462a-853e-b607c913d02c" testListId="8c84fa94-04c1-424b-9868-57a2d4851a1d" />
    <TestEntry testId="f6ac9da3-f4bb-8f2c-f90a-0ad85587c002" executionId="eb093d30-c138-487a-87b4-ac16fe84eaea" testListId="8c84fa94-04c1-424b-9868-57a2d4851a1d" />
    <TestEntry testId="87ff368c-2f6c-e2c1-52f5-5a144623f490" executionId="22422b04-99de-4bb1-9279-400a33f76b44" testListId="8c84fa94-04c1-424b-9868-57a2d4851a1d" />
    <TestEntry testId="bd7bddfa-4b13-cac6-2538-99d0e6e9aaf2" executionId="6545f564-70d4-4e44-80eb-d8771c96416c" testListId="8c84fa94-04c1-424b-9868-57a2d4851a1d" />
    <TestEntry testId="fa752d66-28d7-68b0-4a54-7085fb7dac2f" executionId="08e2ee77-44fa-469d-9f01-0f6364244020" testListId="8c84fa94-04c1-424b-9868-57a2d4851a1d" />
    <TestEntry testId="67af8a8d-4a22-a9e2-abf0-def7c53b0fd8" executionId="d4b9c5d8-316b-4c2a-a276-d1c5f04b0624" testListId="8c84fa94-04c1-424b-9868-57a2d4851a1d" />
    <TestEntry testId="748a7229-c38b-23ee-5fdd-862ea90d566d" executionId="f7187273-a424-4e69-8d0b-2b273b576682" testListId="8c84fa94-04c1-424b-9868-57a2d4851a1d" />
    <TestEntry testId="3e83b502-61b1-b054-a794-f59f4c4c2693" executionId="a6ebc46e-a8a7-428d-90a3-2b0559fb470c" testListId="8c84fa94-04c1-424b-9868-57a2d4851a1d" />
    <TestEntry testId="701f587a-5d18-199f-026c-ebd21e1df910" executionId="27db91a2-9638-47a2-90a7-05305cefac5b" testListId="8c84fa94-04c1-424b-9868-57a2d4851a1d" />
    <TestEntry testId="a35a1793-5ee3-f926-ff94-e5d154b60c65" executionId="c038d6fd-f11c-4a63-bef4-c0eaba130552" testListId="8c84fa94-04c1-424b-9868-57a2d4851a1d" />
    <TestEntry testId="624d1e9e-c1f1-b5dd-e74e-7b5abb6322df" executionId="b2667029-5a8f-4393-9fa1-b7efed00d2b0" testListId="8c84fa94-04c1-424b-9868-57a2d4851a1d" />
    <TestEntry testId="281c9429-94f0-d2a5-41e9-6547ef1e8299" executionId="8c271af9-1402-4390-9164-4a0570044e69" testListId="8c84fa94-04c1-424b-9868-57a2d4851a1d" />
    <TestEntry testId="c7f2fb08-11b4-e8d2-b9b9-3bf6fbe1918f" executionId="78f3bde2-b537-4168-964e-dd9435221518" testListId="8c84fa94-04c1-424b-9868-57a2d4851a1d" />
    <TestEntry testId="8d246871-36db-3a8c-1edc-aa2a9aaa0923" executionId="04feb432-3073-40de-a4c3-74ae40b6a4a0" testListId="8c84fa94-04c1-424b-9868-57a2d4851a1d" />
    <TestEntry testId="35b76dca-0f99-b77f-db41-bd1c7f9c0f7f" executionId="d49d3d70-dbe8-4723-ba99-82881114ae24" testListId="8c84fa94-04c1-424b-9868-57a2d4851a1d" />
    <TestEntry testId="9f63bd5d-0f31-1ffd-576e-c665a4cc7de0" executionId="bad86dd2-4bfa-4405-b314-6095777e86cd" testListId="8c84fa94-04c1-424b-9868-57a2d4851a1d" />
    <TestEntry testId="2986eca1-77a1-4319-3b1b-6fa3d5a3f516" executionId="b748e290-212a-43f9-9683-f92802416375" testListId="8c84fa94-04c1-424b-9868-57a2d4851a1d" />
    <TestEntry testId="5096c926-13b1-b25c-0b95-818693baaf41" executionId="387d1dc5-f223-48f7-ba4d-6857928c514b" testListId="8c84fa94-04c1-424b-9868-57a2d4851a1d" />
    <TestEntry testId="9bca95a5-a33d-a683-4344-4c17db026fa8" executionId="40eb1a4a-1fb7-4e0b-a836-a3dfd58adfcf" testListId="8c84fa94-04c1-424b-9868-57a2d4851a1d" />
    <TestEntry testId="c9e17951-e43f-8200-3417-432bd1307c56" executionId="95fd5fba-a759-4da8-9784-2031dedb51a2" testListId="8c84fa94-04c1-424b-9868-57a2d4851a1d" />
    <TestEntry testId="f4355151-5143-6537-86b3-bbe7fff78f20" executionId="a1308ef9-fa0a-46d6-9b94-7f09c3a90912" testListId="8c84fa94-04c1-424b-9868-57a2d4851a1d" />
    <TestEntry testId="3713b015-69bc-bbff-ec12-2a3a05404871" executionId="b4d53b27-d613-4579-a51f-eb01f298130c" testListId="8c84fa94-04c1-424b-9868-57a2d4851a1d" />
    <TestEntry testId="1784d12b-da19-58ea-1ce0-28b4c319e25a" executionId="d4be63fb-5000-4998-a307-635e056a6894" testListId="8c84fa94-04c1-424b-9868-57a2d4851a1d" />
    <TestEntry testId="1c59d7c9-063b-4e4d-eeb7-8b7090f5e894" executionId="e1e63b38-660f-4163-a208-62d2fabbeec2" testListId="8c84fa94-04c1-424b-9868-57a2d4851a1d" />
    <TestEntry testId="ab0ad024-438f-f472-30c1-e0859cd770e6" executionId="55cde3b1-5daf-45f4-930d-33d43b1ae06e" testListId="8c84fa94-04c1-424b-9868-57a2d4851a1d" />
    <TestEntry testId="d19b4370-dfc6-ad20-cdc0-734574e441c8" executionId="e803a591-dac1-4559-9187-fd6576452052" testListId="8c84fa94-04c1-424b-9868-57a2d4851a1d" />
    <TestEntry testId="58eebdef-28a3-7d06-c213-4aa00f14b8b1" executionId="20cc22b8-65bb-4544-86a2-928db5d8b5b0" testListId="8c84fa94-04c1-424b-9868-57a2d4851a1d" />
    <TestEntry testId="4dc72e31-0b94-fa03-d555-333ccea89411" executionId="4a4e3635-b028-4b68-8886-8df097e36270" testListId="8c84fa94-04c1-424b-9868-57a2d4851a1d" />
    <TestEntry testId="688c869f-43c2-c56d-139b-753ad9c4e2b8" executionId="568c5404-2879-444a-82ea-71047636f66c" testListId="8c84fa94-04c1-424b-9868-57a2d4851a1d" />
    <TestEntry testId="7e7b9c1e-babc-ac42-36f5-c064ed6a9a1c" executionId="954e9cfc-1462-45d7-93c2-88dfbfdc8ba6" testListId="8c84fa94-04c1-424b-9868-57a2d4851a1d" />
    <TestEntry testId="9302277b-8281-96ce-7164-eed276a176b3" executionId="ef140acd-315e-483a-a624-f9ab345d4ed0" testListId="8c84fa94-04c1-424b-9868-57a2d4851a1d" />
    <TestEntry testId="4cfe696d-2c66-ba14-94e5-b1c7f8adc785" executionId="31e65eaa-17d3-4586-a73f-c9abace90c4b" testListId="8c84fa94-04c1-424b-9868-57a2d4851a1d" />
    <TestEntry testId="79fbb9cd-cbc8-b948-10ce-5d9bcbab381c" executionId="5b10ff01-7c20-4ad6-8a74-06436986a808" testListId="8c84fa94-04c1-424b-9868-57a2d4851a1d" />
    <TestEntry testId="7c32f423-8e0c-a2de-85b6-19e6c1f80dce" executionId="5942d153-d124-4977-ae6c-877371d15dab" testListId="8c84fa94-04c1-424b-9868-57a2d4851a1d" />
    <TestEntry testId="bd88b21d-6448-e40c-0742-fc2176115994" executionId="7f804f9d-cea0-4e4c-a2ce-29d5177a33e1" testListId="8c84fa94-04c1-424b-9868-57a2d4851a1d" />
    <TestEntry testId="7a45e5b4-b37c-dd0d-42d4-b89ff4a76390" executionId="073e5071-320a-4c34-88a6-e334a96465f8" testListId="8c84fa94-04c1-424b-9868-57a2d4851a1d" />
    <TestEntry testId="c3d2bc6c-b99d-0b63-9c60-e4b9e91013f0" executionId="33a35417-39b3-490f-94a2-72b347315eee" testListId="8c84fa94-04c1-424b-9868-57a2d4851a1d" />
    <TestEntry testId="7f1262c7-9267-6848-7a6a-63fee330a8ad" executionId="e92c0b38-48f6-4d5b-8d8f-2f28950c79fd" testListId="8c84fa94-04c1-424b-9868-57a2d4851a1d" />
    <TestEntry testId="181598e2-c6b1-2784-b176-289e525b0b8a" executionId="7821bc49-e301-45cb-9b69-fddff3afd3bc" testListId="8c84fa94-04c1-424b-9868-57a2d4851a1d" />
    <TestEntry testId="ecad3456-8296-c58d-d8eb-144a0cc42e21" executionId="2451ccec-620e-45c4-9af0-13bec5ae0304" testListId="8c84fa94-04c1-424b-9868-57a2d4851a1d" />
    <TestEntry testId="e2003228-eccc-5e56-b410-7f365127fa8c" executionId="f7f4b759-66fd-43b2-befe-7fe6cd5693ed" testListId="8c84fa94-04c1-424b-9868-57a2d4851a1d" />
    <TestEntry testId="dab30612-e288-76a9-0e8e-556c3a8ddede" executionId="17387b19-77ac-4d73-9cbf-28cdc883f81e" testListId="8c84fa94-04c1-424b-9868-57a2d4851a1d" />
    <TestEntry testId="a9e3ef2d-963b-68b9-593a-b3e2a08e6467" executionId="f8c1bd74-71bc-444e-bf09-3432ebb68f0d" testListId="8c84fa94-04c1-424b-9868-57a2d4851a1d" />
    <TestEntry testId="915cc370-a4c5-cec5-8e75-cea5cb32f409" executionId="3213a461-2055-4b91-a767-ba3d98553f86" testListId="8c84fa94-04c1-424b-9868-57a2d4851a1d" />
    <TestEntry testId="ed1d94bc-fd0b-21ab-f84b-7c81cc08363b" executionId="c9337335-bb41-4906-b2ed-63174ac2cf82" testListId="8c84fa94-04c1-424b-9868-57a2d4851a1d" />
    <TestEntry testId="704f035e-345a-debb-839b-c97ef7751c63" executionId="cae00f83-71da-4bd3-9a43-42bd70bbf833" testListId="8c84fa94-04c1-424b-9868-57a2d4851a1d" />
    <TestEntry testId="8d452b53-bcbd-4ef9-87eb-bb2d9bd289be" executionId="49ebb55d-b288-495b-85b7-aff18b7259fd" testListId="8c84fa94-04c1-424b-9868-57a2d4851a1d" />
    <TestEntry testId="62c15762-4136-aa73-30e0-83968e3e2c19" executionId="d33e1168-50e4-47d2-9cce-4a1e9a78c1b3" testListId="8c84fa94-04c1-424b-9868-57a2d4851a1d" />
    <TestEntry testId="18611a79-282d-65c0-3de9-f03975e1e6ec" executionId="75dfa439-a461-4dcd-96e6-0c5278f807f4" testListId="8c84fa94-04c1-424b-9868-57a2d4851a1d" />
    <TestEntry testId="6f5d4c82-e97a-8919-fcd3-1e6e9b124483" executionId="c96d5e65-c068-46ac-addc-f2f1a28632c7" testListId="8c84fa94-04c1-424b-9868-57a2d4851a1d" />
    <TestEntry testId="cad8a71e-9ec3-0cfe-ecda-314fd7839d3f" executionId="13122ffa-4ff1-4cb4-833d-580176c8a952" testListId="8c84fa94-04c1-424b-9868-57a2d4851a1d" />
    <TestEntry testId="415ed7a6-e4fc-36b9-c8af-402d2a0972cd" executionId="a9382ceb-e4c1-47ac-a6ed-b4fc233c738b" testListId="8c84fa94-04c1-424b-9868-57a2d4851a1d" />
    <TestEntry testId="857359ab-93f4-c81a-1caf-710aa5c3e845" executionId="890d5f2a-4a9c-4f3d-9866-e18f5d6f9cb5" testListId="8c84fa94-04c1-424b-9868-57a2d4851a1d" />
    <TestEntry testId="e7be3592-afc7-ffe3-a95b-c00da1b739a3" executionId="1bd314ba-dc69-4739-aab0-76bc20feaa86" testListId="8c84fa94-04c1-424b-9868-57a2d4851a1d" />
    <TestEntry testId="7eb94941-9267-40cb-594c-0bac2724caba" executionId="80a09d04-2fea-4204-9ece-f7db4c93c072" testListId="8c84fa94-04c1-424b-9868-57a2d4851a1d" />
    <TestEntry testId="470fb097-9a54-a344-e7af-6f2c0d1e77b6" executionId="4aa00a2d-123b-4a3d-8ca5-7181d5006587" testListId="8c84fa94-04c1-424b-9868-57a2d4851a1d" />
    <TestEntry testId="f791abfc-b2b5-9902-1a21-5b3a0eb9fef0" executionId="515a89ab-81fd-4470-b08b-4c94356abab8" testListId="8c84fa94-04c1-424b-9868-57a2d4851a1d" />
    <TestEntry testId="d5e44dbb-4518-24d0-e50b-48d357d042f7" executionId="48d1e9b8-fcdc-4a80-84a4-4b48764b61ab" testListId="8c84fa94-04c1-424b-9868-57a2d4851a1d" />
    <TestEntry testId="b1dff3e0-131a-5859-39fa-f522da206203" executionId="81ab34da-255f-4970-87fe-e8da7c31cf4e" testListId="8c84fa94-04c1-424b-9868-57a2d4851a1d" />
    <TestEntry testId="38e9c795-2c39-ddc9-8e2f-42c2f16c253a" executionId="bd8d3162-612d-48d1-9d12-460a9eb57730" testListId="8c84fa94-04c1-424b-9868-57a2d4851a1d" />
    <TestEntry testId="1e1dce66-ffc3-e974-fca9-ab0825641ba8" executionId="db11b86f-dca2-42d3-a175-6265fcd46190" testListId="8c84fa94-04c1-424b-9868-57a2d4851a1d" />
    <TestEntry testId="90364ebf-e194-1b77-acdc-71873e1b7143" executionId="00f72201-d11d-4c58-b8dc-d5bf89bfdb24" testListId="8c84fa94-04c1-424b-9868-57a2d4851a1d" />
    <TestEntry testId="79fd0968-acd4-fda0-1a03-2af9466b13a4" executionId="edca02ad-f30a-4f9e-8495-ad96cc5c3465" testListId="8c84fa94-04c1-424b-9868-57a2d4851a1d" />
    <TestEntry testId="57a39652-a5d5-4278-0df9-a00ced5dc2dd" executionId="6bb1a80e-da59-4445-a197-d09a89027fcd" testListId="8c84fa94-04c1-424b-9868-57a2d4851a1d" />
    <TestEntry testId="d45fd41a-f325-8d0c-8cb4-5ef3eec767f3" executionId="ab493395-da17-43a5-8f9f-ce3926f3fbd6" testListId="8c84fa94-04c1-424b-9868-57a2d4851a1d" />
    <TestEntry testId="120bac6d-5e17-34c3-3c30-c83be9c5ac60" executionId="a7de55bd-b436-4273-8a0c-319baa07d3fe" testListId="8c84fa94-04c1-424b-9868-57a2d4851a1d" />
    <TestEntry testId="2744c131-c3ef-c9ac-68af-49e8d228d0e8" executionId="6de54175-f8bd-451e-8972-89ae5bdb5042" testListId="8c84fa94-04c1-424b-9868-57a2d4851a1d" />
    <TestEntry testId="1bec7ca9-f747-370f-4b0f-e38d88280d42" executionId="8efbd468-208f-4f21-8a72-9f2b64762f2c" testListId="8c84fa94-04c1-424b-9868-57a2d4851a1d" />
    <TestEntry testId="2187ad65-87f0-bfcf-d975-396aa8f70701" executionId="8c5cd9fc-2048-419a-93c6-141c885fe8a3" testListId="8c84fa94-04c1-424b-9868-57a2d4851a1d" />
    <TestEntry testId="56861c5d-39e6-3ef1-24f6-45f32a97656f" executionId="cfb64d77-0d7a-441a-85d8-d3a7cc8ae6fe" testListId="8c84fa94-04c1-424b-9868-57a2d4851a1d" />
    <TestEntry testId="6dbe238a-784e-6e0e-2206-9ec117063a6b" executionId="68024187-4069-4a0a-bc5b-16c27539036b" testListId="8c84fa94-04c1-424b-9868-57a2d4851a1d" />
    <TestEntry testId="bbb948a4-a310-7b5a-5c14-9d12bfbfa6f7" executionId="377abe3c-7e47-481c-bfe3-f2c52bcb923f" testListId="8c84fa94-04c1-424b-9868-57a2d4851a1d" />
    <TestEntry testId="c549c10a-c324-af07-fecf-e15608df2050" executionId="c172b3e7-8658-4ca4-906d-7b20f4fd53e0" testListId="8c84fa94-04c1-424b-9868-57a2d4851a1d" />
    <TestEntry testId="eabbcd14-fd00-2fcc-d0e2-9b4db26c5b35" executionId="955b1a81-2bc4-452c-82bb-a815b101b5e2" testListId="8c84fa94-04c1-424b-9868-57a2d4851a1d" />
    <TestEntry testId="6468c7f7-1dba-3b2c-fe98-4295b607576f" executionId="f483744d-001e-45c5-9249-5e86992601d7" testListId="8c84fa94-04c1-424b-9868-57a2d4851a1d" />
    <TestEntry testId="34bb9170-eeee-de83-f14e-fab906187457" executionId="94a97073-cbf1-47f2-a945-f2c3a85e79ad" testListId="8c84fa94-04c1-424b-9868-57a2d4851a1d" />
    <TestEntry testId="d156e5b9-654d-a683-4a2d-9157a01701ce" executionId="d3b01b0e-c569-41f0-aaf0-18d306fe84c2" testListId="8c84fa94-04c1-424b-9868-57a2d4851a1d" />
    <TestEntry testId="df6321b2-10b9-6d13-6238-d319917341ab" executionId="59e67070-1d63-491b-9cb7-ca89151b9e6a" testListId="8c84fa94-04c1-424b-9868-57a2d4851a1d" />
    <TestEntry testId="66a7b72e-e613-1578-a384-99df38db76ce" executionId="b4f7a8cb-55e8-450c-9dc6-838bf9482a8c" testListId="8c84fa94-04c1-424b-9868-57a2d4851a1d" />
    <TestEntry testId="c73d6aaa-e241-d2c3-1e63-c59fd12ac92a" executionId="14f55e8c-9704-474f-a42c-03bec28e8da3" testListId="8c84fa94-04c1-424b-9868-57a2d4851a1d" />
    <TestEntry testId="fc64d6a4-4d66-20a9-e79f-39d54b13b967" executionId="378ce0f8-8815-4d36-b462-1bc5a977bfbc" testListId="8c84fa94-04c1-424b-9868-57a2d4851a1d" />
    <TestEntry testId="653de172-362a-be3a-768f-6a69e8db83d2" executionId="9eea5bf6-9ef1-4082-ad2b-40b59fe9e240" testListId="8c84fa94-04c1-424b-9868-57a2d4851a1d" />
    <TestEntry testId="f411bd58-ac3a-44a3-7650-4adf178fb426" executionId="2248ef27-009c-4c5a-85c0-4ca2e9af66c0" testListId="8c84fa94-04c1-424b-9868-57a2d4851a1d" />
    <TestEntry testId="61c2b2fd-0ce4-077d-21b4-8840be5ccace" executionId="366d252e-954a-4e3e-aa1a-2bb312b5578e" testListId="8c84fa94-04c1-424b-9868-57a2d4851a1d" />
    <TestEntry testId="54490ebb-e886-c42d-4637-268057915b16" executionId="045bc4d5-b2eb-407f-aa61-4459e6adaefd" testListId="8c84fa94-04c1-424b-9868-57a2d4851a1d" />
    <TestEntry testId="3ecd118f-8996-e62a-8936-670ee4ab429e" executionId="d35abbf2-fb4e-4ca9-b2bf-01ea82b78294" testListId="8c84fa94-04c1-424b-9868-57a2d4851a1d" />
    <TestEntry testId="1c58e614-ef61-f2a2-cfd8-182a4e35570b" executionId="297cdd0d-87cb-45b3-9f67-1eb3707ecb64" testListId="8c84fa94-04c1-424b-9868-57a2d4851a1d" />
    <TestEntry testId="6bd89629-720d-4b18-a416-282071dbac55" executionId="e7794c72-99fc-409b-be05-1598c561f03a" testListId="8c84fa94-04c1-424b-9868-57a2d4851a1d" />
    <TestEntry testId="c217cd52-6433-05a1-a077-a582de5aaa62" executionId="2f90c216-ee7d-43fb-b230-d1f7e2565f4b" testListId="8c84fa94-04c1-424b-9868-57a2d4851a1d" />
    <TestEntry testId="cdc70ef9-d940-c6b1-6aac-232e4151b4c8" executionId="e3ce540a-c433-46c4-8fba-689280269334" testListId="8c84fa94-04c1-424b-9868-57a2d4851a1d" />
    <TestEntry testId="a0b3e48f-64c8-93f7-f166-55b897c5df65" executionId="9bff4296-4540-4e2c-8eb5-8938ac206839" testListId="8c84fa94-04c1-424b-9868-57a2d4851a1d" />
    <TestEntry testId="f3b4a254-455d-3192-9248-5344bd916d75" executionId="e91f922a-dfe2-4a1b-9412-cfd1a90fffb2" testListId="8c84fa94-04c1-424b-9868-57a2d4851a1d" />
    <TestEntry testId="798e2a36-c3fb-899f-cb61-fb0c1e959e70" executionId="a519f02d-a38a-4ac1-a7e7-433ea4870311" testListId="8c84fa94-04c1-424b-9868-57a2d4851a1d" />
    <TestEntry testId="d1b029e0-b871-55db-0bbc-4a36bc450b81" executionId="9aad3b5e-086a-497e-a3a9-707f671a87e0" testListId="8c84fa94-04c1-424b-9868-57a2d4851a1d" />
    <TestEntry testId="07f208e9-5d3e-7b2e-6a59-4da49d2f6cd9" executionId="2d7fa49d-2380-4972-a775-89166dfa05be" testListId="8c84fa94-04c1-424b-9868-57a2d4851a1d" />
    <TestEntry testId="49da038f-537c-1970-55c5-0f0dc151893c" executionId="7b31413c-22cd-4634-b108-15c47fdc9adb" testListId="8c84fa94-04c1-424b-9868-57a2d4851a1d" />
    <TestEntry testId="21519bf4-c01d-c275-8cd9-6e0df3fad4f2" executionId="f904d158-f97e-401f-913e-6b35cd71f23b" testListId="8c84fa94-04c1-424b-9868-57a2d4851a1d" />
    <TestEntry testId="ec59795f-94f2-656f-f495-1bb2fb83958a" executionId="5b9849d1-87be-42ce-97e3-58c9757eef4f" testListId="8c84fa94-04c1-424b-9868-57a2d4851a1d" />
    <TestEntry testId="0bce7d4a-3968-3e49-ebb4-a685b9d62474" executionId="102a6781-607f-4a3a-9124-a66ecaea593c" testListId="8c84fa94-04c1-424b-9868-57a2d4851a1d" />
    <TestEntry testId="dcf0db55-732a-fafb-7f82-1b8350768679" executionId="2fe2eb4d-9461-442c-a1c2-5ded522d8e40" testListId="8c84fa94-04c1-424b-9868-57a2d4851a1d" />
    <TestEntry testId="7878f711-caab-1cca-2af9-08abc8bcb3d3" executionId="b2152eef-6e53-45d1-94ae-ddc00c190920" testListId="8c84fa94-04c1-424b-9868-57a2d4851a1d" />
    <TestEntry testId="098ba28d-ad73-0c69-8587-f0f62e9ace89" executionId="ba96b988-c78e-438d-a003-dd469e87db23" testListId="8c84fa94-04c1-424b-9868-57a2d4851a1d" />
    <TestEntry testId="9d9f8a4f-fb5f-d9c1-b8a2-a33f0fcb61c1" executionId="28ae82f6-a5ae-4e53-8efb-f320f5dd7d17" testListId="8c84fa94-04c1-424b-9868-57a2d4851a1d" />
    <TestEntry testId="c0a539f8-814b-e830-149d-5e924d770f89" executionId="1cd72ef9-d44d-40b9-8d7c-c1a152a42b48" testListId="8c84fa94-04c1-424b-9868-57a2d4851a1d" />
    <TestEntry testId="072e86b7-7eb2-688d-998d-1e5870775db4" executionId="de8e8ba0-b005-45cc-98e3-7a29709f10d7" testListId="8c84fa94-04c1-424b-9868-57a2d4851a1d" />
    <TestEntry testId="9f46c073-ddef-8b94-cb56-edd20a0d1dcb" executionId="8b434d05-4ba4-486a-bd97-24e0d1a4679e" testListId="8c84fa94-04c1-424b-9868-57a2d4851a1d" />
    <TestEntry testId="74763ec8-6686-be4e-cacc-79e58aa84404" executionId="33f9dcb5-009d-4975-b556-b7dcccb013a4" testListId="8c84fa94-04c1-424b-9868-57a2d4851a1d" />
  </TestEntries>
  <TestLists>
    <TestList name="Results Not in a List" id="8c84fa94-04c1-424b-9868-57a2d4851a1d" />
    <TestList name="All Loaded Results" id="19431567-8539-422a-85d7-44ee4e166bda" />
  </TestLists>
  <ResultSummary outcome="Completed">
    <Counters total="353" executed="353" passed="353" failed="0" error="0" timeout="0" aborted="0" inconclusive="0" passedButRunAborted="0" notRunnable="0" notExecuted="0" disconnected="0" warning="0" completed="0" inProgress="0" pending="0" />
    <Output>
      <StdOut>[xUnit.net 00:00:00.00] xUnit.net VSTest Adapter v3.0.2+dd36e86129 (64-bit .NET 8.0.20)
[xUnit.net 00:00:00.12]   Discovering: SGuard.DataAnnotations.Tests
[xUnit.net 00:00:00.28]   Discovered:  SGuard.DataAnnotations.Tests
[xUnit.net 00:00:00.40]   Starting:    SGuard.DataAnnotations.Tests
[xUnit.net 00:00:01.25]   Finished:    SGuard.DataAnnotations.Tests
</StdOut>
    </Output>
    <CollectorDataEntries>
      <Collector agentName="runnervmf4ws1" uri="datacollector://microsoft/CoverletCodeCoverage/1.0" collectorDisplayName="XPlat code coverage">
        <UriAttachments>
          <UriAttachment>
            <A href="runnervmf4ws1/coverage.cobertura[1].xml"></A>
          </UriAttachment>
          <UriAttachment>
            <A href="runnervmf4ws1/coverage.opencover[1].xml"></A>
          </UriAttachment>
        </UriAttachments>
      </Collector>
    </CollectorDataEntries>
  </ResultSummary>
</TestRun>